[runlim] version:		1.10
[runlim] time limit:		311040000 seconds
[runlim] real time limit:	900 seconds
[runlim] space limit:		8000 MB
[runlim] argv[0]:		python3
[runlim] argv[1]:		-u
[runlim] argv[2]:		main.py
[runlim] argv[3]:		graph01
[runlim] argv[4]:		nsc
[runlim] argv[5]:		assumptions
[runlim] argv[6]:		glucose4
[runlim] start:			Thu Jan 15 00:20:56 2026
[runlim] main pid:		58028
Solve first problem:
Solution:
{1: 296, 2: 58, 3: 652, 4: 414, 5: 16, 6: 254, 7: 380, 8: 142, 9: 380, 10: 142, 11: 778, 12: 540, 13: 338, 14: 100, 15: 296, 16: 58, 17: 652, 18: 414, 19: 394, 20: 156, 21: 296, 22: 58, 23: 478, 24: 240, 25: 310, 26: 72, 27: 114, 28: 352, 29: 296, 30: 58, 31: 268, 32: 30, 33: 352, 34: 114, 35: 310, 36: 72, 37: 338, 38: 100, 39: 324, 40: 86, 41: 282, 42: 44, 43: 778, 44: 540, 45: 254, 46: 16, 47: 72, 48: 310, 49: 282, 50: 44, 51: 394, 52: 156, 53: 310, 54: 72, 55: 86, 56: 324, 57: 16, 58: 254, 59: 778, 60: 540, 61: 254, 62: 16, 63: 352, 64: 114, 65: 254, 66: 16, 67: 296, 68: 58, 69: 254, 70: 16, 71: 324, 72: 86, 73: 380, 74: 142, 75: 268, 76: 30, 77: 750, 78: 512, 79: 310, 80: 72, 81: 254, 82: 16, 83: 268, 84: 30, 85: 324, 86: 86, 87: 680, 88: 442, 89: 338, 90: 100, 91: 652, 92: 414, 93: 254, 94: 16, 95: 44, 96: 282, 97: 478, 98: 240, 99: 30, 100: 268, 101: 380, 102: 142, 103: 282, 104: 44, 105: 352, 106: 114, 107: 296, 108: 58, 109: 296, 110: 58, 111: 380, 112: 142, 113: 268, 114: 30, 115: 114, 116: 352, 117: 254, 118: 16, 119: 296, 120: 58, 121: 380, 122: 142, 123: 380, 124: 142, 125: 254, 126: 16, 127: 296, 128: 58, 129: 338, 130: 100, 131: 268, 132: 30, 133: 694, 134: 456, 135: 478, 136: 240, 137: 282, 138: 44, 139: 296, 140: 58, 141: 324, 142: 86, 143: 324, 144: 86, 145: 268, 146: 30, 147: 254, 148: 16, 149: 324, 150: 86, 151: 652, 152: 414, 153: 254, 154: 16, 155: 324, 156: 86, 157: 268, 158: 30, 159: 268, 160: 30, 161: 394, 162: 156, 163: 296, 164: 58, 165: 352, 166: 114, 167: 366, 168: 128, 169: 254, 170: 16, 171: 268, 172: 30, 173: 254, 174: 16, 175: 324, 176: 86, 177: 254, 178: 16, 179: 282, 180: 44, 181: 652, 182: 414, 183: 268, 184: 30, 185: 324, 186: 86, 187: 268, 188: 30, 189: 254, 190: 16, 191: 310, 192: 72, 193: 380, 194: 142, 195: 268, 196: 30, 197: 254, 198: 16, 199: 254, 200: 16}
Correct solution!
Number of lables used:  34
Time taken: 0.15 seconds
Memory used: 28.83 MB
--------------------------------------------------

Trying with at most 33 labels...
Solution:
{1: 268, 2: 30, 3: 268, 4: 30, 5: 268, 6: 30, 7: 408, 8: 170, 9: 408, 10: 170, 11: 750, 12: 512, 13: 156, 14: 394, 15: 268, 16: 30, 17: 268, 18: 30, 19: 394, 20: 156, 21: 778, 22: 540, 23: 408, 24: 170, 25: 540, 26: 778, 27: 156, 28: 394, 29: 652, 30: 414, 31: 652, 32: 414, 33: 414, 34: 652, 35: 694, 36: 456, 37: 750, 38: 512, 39: 268, 40: 30, 41: 652, 42: 414, 43: 540, 44: 778, 45: 394, 46: 156, 47: 484, 48: 722, 49: 484, 50: 722, 51: 394, 52: 156, 53: 666, 54: 428, 55: 268, 56: 30, 57: 414, 58: 652, 59: 394, 60: 156, 61: 156, 62: 394, 63: 268, 64: 30, 65: 156, 66: 394, 67: 428, 68: 666, 69: 694, 70: 456, 71: 414, 72: 652, 73: 408, 74: 170, 75: 694, 76: 456, 77: 484, 78: 722, 79: 268, 80: 30, 81: 394, 82: 156, 83: 268, 84: 30, 85: 694, 86: 456, 87: 652, 88: 414, 89: 722, 90: 484, 91: 722, 92: 484, 93: 268, 94: 30, 95: 540, 96: 778, 97: 478, 98: 240, 99: 414, 100: 652, 101: 414, 102: 652, 103: 268, 104: 30, 105: 456, 106: 694, 107: 666, 108: 428, 109: 394, 110: 156, 111: 156, 112: 394, 113: 30, 114: 268, 115: 666, 116: 428, 117: 268, 118: 30, 119: 394, 120: 156, 121: 478, 122: 240, 123: 408, 124: 170, 125: 30, 126: 268, 127: 484, 128: 722, 129: 778, 130: 540, 131: 268, 132: 30, 133: 30, 134: 268, 135: 240, 136: 478, 137: 394, 138: 156, 139: 394, 140: 156, 141: 30, 142: 268, 143: 694, 144: 456, 145: 722, 146: 484, 147: 652, 148: 414, 149: 268, 150: 30, 151: 750, 152: 512, 153: 694, 154: 456, 155: 722, 156: 484, 157: 30, 158: 268, 159: 750, 160: 512, 161: 750, 162: 512, 163: 394, 164: 156, 165: 540, 166: 778, 167: 694, 168: 456, 169: 156, 170: 394, 171: 394, 172: 156, 173: 652, 174: 414, 175: 268, 176: 30, 177: 268, 178: 30, 179: 156, 180: 394, 181: 456, 182: 694, 183: 666, 184: 428, 185: 414, 186: 652, 187: 268, 188: 30, 189: 694, 190: 456, 191: 484, 192: 722, 193: 240, 194: 478, 195: 394, 196: 156, 197: 652, 198: 414, 199: 394, 200: 156}
Correct solution!
Number of lables used:  20
Time taken: 0.17 seconds
Memory used: 29.58 MB
--------------------------------------------------

Trying with at most 19 labels...
Solution:
{1: 268, 2: 30, 3: 268, 4: 30, 5: 268, 6: 30, 7: 142, 8: 380, 9: 142, 10: 380, 11: 750, 12: 512, 13: 142, 14: 380, 15: 268, 16: 30, 17: 268, 18: 30, 19: 268, 20: 30, 21: 778, 22: 540, 23: 142, 24: 380, 25: 540, 26: 778, 27: 652, 28: 414, 29: 750, 30: 512, 31: 666, 32: 428, 33: 142, 34: 380, 35: 694, 36: 456, 37: 750, 38: 512, 39: 268, 40: 30, 41: 652, 42: 414, 43: 540, 44: 778, 45: 380, 46: 142, 47: 484, 48: 722, 49: 484, 50: 722, 51: 268, 52: 30, 53: 666, 54: 428, 55: 268, 56: 30, 57: 414, 58: 652, 59: 380, 60: 142, 61: 414, 62: 652, 63: 268, 64: 30, 65: 142, 66: 380, 67: 750, 68: 512, 69: 694, 70: 456, 71: 414, 72: 652, 73: 478, 74: 240, 75: 694, 76: 456, 77: 484, 78: 722, 79: 268, 80: 30, 81: 380, 82: 142, 83: 268, 84: 30, 85: 694, 86: 456, 87: 652, 88: 414, 89: 722, 90: 484, 91: 652, 92: 414, 93: 268, 94: 30, 95: 540, 96: 778, 97: 240, 98: 478, 99: 380, 100: 142, 101: 694, 102: 456, 103: 268, 104: 30, 105: 666, 106: 428, 107: 666, 108: 428, 109: 380, 110: 142, 111: 142, 112: 380, 113: 30, 114: 268, 115: 666, 116: 428, 117: 268, 118: 30, 119: 652, 120: 414, 121: 478, 122: 240, 123: 240, 124: 478, 125: 30, 126: 268, 127: 484, 128: 722, 129: 778, 130: 540, 131: 268, 132: 30, 133: 30, 134: 268, 135: 240, 136: 478, 137: 380, 138: 142, 139: 380, 140: 142, 141: 30, 142: 268, 143: 694, 144: 456, 145: 722, 146: 484, 147: 666, 148: 428, 149: 380, 150: 142, 151: 750, 152: 512, 153: 694, 154: 456, 155: 722, 156: 484, 157: 30, 158: 268, 159: 722, 160: 484, 161: 750, 162: 512, 163: 750, 164: 512, 165: 540, 166: 778, 167: 694, 168: 456, 169: 142, 170: 380, 171: 694, 172: 456, 173: 694, 174: 456, 175: 268, 176: 30, 177: 268, 178: 30, 179: 652, 180: 414, 181: 456, 182: 694, 183: 666, 184: 428, 185: 414, 186: 652, 187: 268, 188: 30, 189: 694, 190: 456, 191: 484, 192: 722, 193: 240, 194: 478, 195: 778, 196: 540, 197: 652, 198: 414, 199: 414, 200: 652}
Correct solution!
Number of lables used:  18
Time taken: 0.17 seconds
Memory used: 29.70 MB
--------------------------------------------------

Trying with at most 17 labels...
[runlim] sample:		10.0 time, 10.1 real, 48.0 MB
[runlim] sample:		20.0 time, 20.1 real, 51.6 MB
[runlim] sample:		30.0 time, 30.1 real, 57.7 MB
[runlim] sample:		40.0 time, 40.1 real, 58.7 MB
[runlim] sample:		50.0 time, 50.1 real, 59.7 MB
[runlim] sample:		60.0 time, 60.1 real, 68.9 MB
[runlim] sample:		70.0 time, 70.1 real, 72.2 MB
[runlim] sample:		80.0 time, 80.1 real, 72.7 MB
[runlim] sample:		90.0 time, 90.1 real, 73.6 MB
[runlim] sample:		100.0 time, 100.1 real, 73.7 MB
[runlim] sample:		110.0 time, 110.1 real, 74.3 MB
[runlim] sample:		120.0 time, 120.1 real, 74.5 MB
[runlim] sample:		130.0 time, 130.1 real, 92.6 MB
[runlim] sample:		140.0 time, 140.1 real, 92.6 MB
Cannot find solution.
No more solutions found.
Optimal number of labels used:  18
Time taken: 147.99 seconds
[runlim] end:			Thu Jan 15 00:23:24 2026
[runlim] status:		ok
[runlim] result:		0
[runlim] children:		0
[runlim] real:			148.16 seconds
[runlim] time:			147.99 seconds
[runlim] space:			93.3 MB
[runlim] samples:		1480
