[runlim] version:		1.10
[runlim] time limit:		311040000 seconds
[runlim] real time limit:	900 seconds
[runlim] space limit:		8000 MB
[runlim] argv[0]:		python3
[runlim] argv[1]:		-u
[runlim] argv[2]:		main.py
[runlim] argv[3]:		graph02
[runlim] argv[4]:		nsc
[runlim] argv[5]:		assumptions
[runlim] argv[6]:		glucose4
[runlim] start:			Thu Jan 15 00:23:24 2026
[runlim] main pid:		58929
Solve first problem:
Solution:
{1: 666, 2: 428, 3: 100, 4: 338, 5: 268, 6: 30, 7: 324, 8: 86, 9: 652, 10: 414, 11: 394, 12: 156, 13: 694, 14: 456, 15: 310, 16: 72, 17: 282, 18: 44, 19: 296, 20: 58, 21: 142, 22: 380, 23: 366, 24: 128, 25: 268, 26: 30, 27: 324, 28: 86, 29: 156, 30: 394, 31: 114, 32: 352, 33: 380, 34: 142, 35: 666, 36: 428, 37: 86, 38: 324, 39: 380, 40: 142, 41: 324, 42: 86, 43: 254, 44: 16, 45: 680, 46: 442, 47: 338, 48: 100, 49: 310, 50: 72, 51: 44, 52: 282, 53: 380, 54: 142, 55: 296, 56: 58, 57: 666, 58: 428, 59: 310, 60: 72, 61: 128, 62: 366, 63: 310, 64: 72, 65: 30, 66: 268, 67: 652, 68: 414, 69: 254, 70: 16, 71: 380, 72: 142, 73: 16, 74: 254, 75: 254, 76: 16, 77: 394, 78: 156, 79: 282, 80: 44, 81: 310, 82: 72, 83: 156, 84: 394, 85: 694, 86: 456, 87: 86, 88: 324, 89: 156, 90: 394, 91: 268, 92: 30, 93: 324, 94: 86, 95: 666, 96: 428, 97: 128, 98: 366, 99: 310, 100: 72, 101: 324, 102: 86, 103: 380, 104: 142, 105: 16, 106: 254, 107: 352, 108: 114, 109: 282, 110: 44, 111: 296, 112: 58, 113: 30, 114: 268, 115: 338, 116: 100, 117: 114, 118: 352, 119: 380, 120: 142, 121: 338, 122: 100, 123: 324, 124: 86, 125: 268, 126: 30, 127: 338, 128: 100, 129: 380, 130: 142, 131: 324, 132: 86, 133: 680, 134: 442, 135: 380, 136: 142, 137: 324, 138: 86, 139: 282, 140: 44, 141: 352, 142: 114, 143: 680, 144: 442, 145: 282, 146: 44, 147: 352, 148: 114, 149: 58, 150: 296, 151: 338, 152: 100, 153: 254, 154: 16, 155: 380, 156: 142, 157: 652, 158: 414, 159: 310, 160: 72, 161: 708, 162: 470, 163: 380, 164: 142, 165: 352, 166: 114, 167: 310, 168: 72, 169: 324, 170: 86, 171: 338, 172: 100, 173: 296, 174: 58, 175: 680, 176: 442, 177: 156, 178: 394, 179: 380, 180: 142, 181: 268, 182: 30, 183: 694, 184: 456, 185: 282, 186: 44, 187: 652, 188: 414, 189: 380, 190: 142, 191: 680, 192: 442, 193: 128, 194: 366, 195: 324, 196: 86, 197: 296, 198: 58, 199: 310, 200: 72, 201: 156, 202: 394, 203: 268, 204: 30, 205: 324, 206: 86, 207: 338, 208: 100, 209: 310, 210: 72, 211: 268, 212: 30, 213: 478, 214: 240, 215: 366, 216: 128, 217: 254, 218: 16, 219: 268, 220: 30, 221: 352, 222: 114, 223: 324, 224: 86, 225: 254, 226: 16, 227: 408, 228: 170, 229: 310, 230: 72, 231: 16, 232: 254, 233: 366, 234: 128, 235: 282, 236: 44, 237: 268, 238: 30, 239: 338, 240: 100, 241: 296, 242: 58, 243: 338, 244: 100, 245: 666, 246: 428, 247: 380, 248: 142, 249: 324, 250: 86, 251: 16, 252: 254, 253: 58, 254: 296, 255: 380, 256: 142, 257: 310, 258: 72, 259: 380, 260: 142, 261: 254, 262: 16, 263: 380, 264: 142, 265: 380, 266: 142, 267: 44, 268: 282, 269: 282, 270: 44, 271: 268, 272: 30, 273: 296, 274: 58, 275: 254, 276: 16, 277: 310, 278: 72, 279: 666, 280: 428, 281: 366, 282: 128, 283: 268, 284: 30, 285: 380, 286: 142, 287: 254, 288: 16, 289: 324, 290: 86, 291: 380, 292: 142, 293: 380, 294: 142, 295: 338, 296: 100, 297: 380, 298: 142, 299: 408, 300: 170, 301: 282, 302: 44, 303: 652, 304: 414, 305: 268, 306: 30, 307: 296, 308: 58, 309: 380, 310: 142, 311: 380, 312: 142, 313: 380, 314: 142, 315: 296, 316: 58, 317: 408, 318: 170, 319: 310, 320: 72, 321: 380, 322: 142, 323: 338, 324: 100, 325: 310, 326: 72, 327: 282, 328: 44, 329: 268, 330: 30, 331: 268, 332: 30, 333: 268, 334: 30, 335: 254, 336: 16, 337: 282, 338: 44, 339: 380, 340: 142, 341: 296, 342: 58, 343: 254, 344: 16, 345: 310, 346: 72, 347: 310, 348: 72, 349: 380, 350: 142, 351: 380, 352: 142, 353: 254, 354: 16, 355: 268, 356: 30, 357: 324, 358: 86, 359: 338, 360: 100, 361: 338, 362: 100, 363: 268, 364: 30, 365: 268, 366: 30, 367: 254, 368: 16, 369: 282, 370: 44, 371: 254, 372: 16, 373: 324, 374: 86, 375: 254, 376: 16, 377: 254, 378: 16, 379: 282, 380: 44, 381: 268, 382: 30, 383: 254, 384: 16, 385: 268, 386: 30, 387: 268, 388: 30, 389: 254, 390: 16, 391: 254, 392: 16, 393: 254, 394: 16, 395: 268, 396: 30, 397: 324, 398: 86, 399: 268, 400: 30}
Correct solution!
Number of lables used:  36
Time taken: 0.34 seconds
Memory used: 38.98 MB
--------------------------------------------------

Trying with at most 35 labels...
Solution:
{1: 282, 2: 44, 3: 16, 4: 254, 5: 72, 6: 310, 7: 338, 8: 100, 9: 44, 10: 282, 11: 394, 12: 156, 13: 338, 14: 100, 15: 338, 16: 100, 17: 254, 18: 16, 19: 338, 20: 100, 21: 282, 22: 44, 23: 324, 24: 86, 25: 366, 26: 128, 27: 394, 28: 156, 29: 156, 30: 394, 31: 394, 32: 156, 33: 324, 34: 86, 35: 100, 36: 338, 37: 282, 38: 44, 39: 792, 40: 554, 41: 366, 42: 128, 43: 86, 44: 324, 45: 44, 46: 282, 47: 254, 48: 16, 49: 310, 50: 72, 51: 72, 52: 310, 53: 408, 54: 170, 55: 254, 56: 16, 57: 338, 58: 100, 59: 310, 60: 72, 61: 394, 62: 156, 63: 128, 64: 366, 65: 44, 66: 282, 67: 282, 68: 44, 69: 156, 70: 394, 71: 240, 72: 478, 73: 100, 74: 338, 75: 792, 76: 554, 77: 554, 78: 792, 79: 282, 80: 44, 81: 44, 82: 282, 83: 394, 84: 156, 85: 44, 86: 282, 87: 128, 88: 366, 89: 394, 90: 156, 91: 86, 92: 324, 93: 366, 94: 128, 95: 100, 96: 338, 97: 128, 98: 366, 99: 310, 100: 72, 101: 254, 102: 16, 103: 310, 104: 72, 105: 394, 106: 156, 107: 44, 108: 282, 109: 338, 110: 100, 111: 86, 112: 324, 113: 72, 114: 310, 115: 128, 116: 366, 117: 792, 118: 554, 119: 170, 120: 408, 121: 324, 122: 86, 123: 282, 124: 44, 125: 282, 126: 44, 127: 338, 128: 100, 129: 408, 130: 170, 131: 16, 132: 254, 133: 72, 134: 310, 135: 408, 136: 170, 137: 394, 138: 156, 139: 324, 140: 86, 141: 792, 142: 554, 143: 310, 144: 72, 145: 324, 146: 86, 147: 394, 148: 156, 149: 128, 150: 366, 151: 100, 152: 338, 153: 100, 154: 338, 155: 408, 156: 170, 157: 16, 158: 254, 159: 792, 160: 554, 161: 254, 162: 16, 163: 170, 164: 408, 165: 366, 166: 128, 167: 72, 168: 310, 169: 394, 170: 156, 171: 44, 172: 282, 173: 324, 174: 86, 175: 338, 176: 100, 177: 394, 178: 156, 179: 478, 180: 240, 181: 86, 182: 324, 183: 324, 184: 86, 185: 324, 186: 86, 187: 310, 188: 72, 189: 240, 190: 478, 191: 282, 192: 44, 193: 394, 194: 156, 195: 366, 196: 128, 197: 254, 198: 16, 199: 254, 200: 16, 201: 254, 202: 16, 203: 310, 204: 72, 205: 366, 206: 128, 207: 366, 208: 128, 209: 310, 210: 72, 211: 310, 212: 72, 213: 408, 214: 170, 215: 16, 216: 254, 217: 16, 218: 254, 219: 282, 220: 44, 221: 792, 222: 554, 223: 86, 224: 324, 225: 282, 226: 44, 227: 408, 228: 170, 229: 156, 230: 394, 231: 44, 232: 282, 233: 366, 234: 128, 235: 338, 236: 100, 237: 324, 238: 86, 239: 86, 240: 324, 241: 324, 242: 86, 243: 366, 244: 128, 245: 310, 246: 72, 247: 478, 248: 240, 249: 310, 250: 72, 251: 792, 252: 554, 253: 310, 254: 72, 255: 170, 256: 408, 257: 338, 258: 100, 259: 408, 260: 170, 261: 282, 262: 44, 263: 478, 264: 240, 265: 478, 266: 240, 267: 72, 268: 310, 269: 338, 270: 100, 271: 100, 272: 338, 273: 324, 274: 86, 275: 792, 276: 554, 277: 310, 278: 72, 279: 366, 280: 128, 281: 366, 282: 128, 283: 100, 284: 338, 285: 408, 286: 170, 287: 282, 288: 44, 289: 394, 290: 156, 291: 408, 292: 170, 293: 478, 294: 240, 295: 72, 296: 310, 297: 408, 298: 170, 299: 408, 300: 170, 301: 338, 302: 100, 303: 394, 304: 156, 305: 310, 306: 72, 307: 394, 308: 156, 309: 408, 310: 170, 311: 478, 312: 240, 313: 408, 314: 170, 315: 394, 316: 156, 317: 408, 318: 170, 319: 366, 320: 128, 321: 792, 322: 554, 323: 554, 324: 792, 325: 16, 326: 254, 327: 792, 328: 554, 329: 128, 330: 366, 331: 156, 332: 394, 333: 394, 334: 156, 335: 282, 336: 44, 337: 282, 338: 44, 339: 478, 340: 240, 341: 72, 342: 310, 343: 254, 344: 16, 345: 338, 346: 100, 347: 72, 348: 310, 349: 478, 350: 240, 351: 170, 352: 408, 353: 366, 354: 128, 355: 128, 356: 366, 357: 86, 358: 324, 359: 44, 360: 282, 361: 254, 362: 16, 363: 324, 364: 86, 365: 282, 366: 44, 367: 16, 368: 254, 369: 44, 370: 282, 371: 254, 372: 16, 373: 282, 374: 44, 375: 254, 376: 16, 377: 254, 378: 16, 379: 324, 380: 86, 381: 86, 382: 324, 383: 254, 384: 16, 385: 282, 386: 44, 387: 282, 388: 44, 389: 254, 390: 16, 391: 282, 392: 44, 393: 254, 394: 16, 395: 282, 396: 44, 397: 792, 398: 554, 399: 338, 400: 100}
Correct solution!
Number of lables used:  20
Time taken: 0.38 seconds
Memory used: 40.23 MB
--------------------------------------------------

Trying with at most 19 labels...
Solution:
{1: 282, 2: 44, 3: 16, 4: 254, 5: 72, 6: 310, 7: 338, 8: 100, 9: 44, 10: 282, 11: 394, 12: 156, 13: 338, 14: 100, 15: 338, 16: 100, 17: 254, 18: 16, 19: 338, 20: 100, 21: 156, 22: 394, 23: 324, 24: 86, 25: 366, 26: 128, 27: 394, 28: 156, 29: 156, 30: 394, 31: 554, 32: 792, 33: 324, 34: 86, 35: 100, 36: 338, 37: 282, 38: 44, 39: 792, 40: 554, 41: 366, 42: 128, 43: 86, 44: 324, 45: 44, 46: 282, 47: 254, 48: 16, 49: 310, 50: 72, 51: 128, 52: 366, 53: 408, 54: 170, 55: 254, 56: 16, 57: 338, 58: 100, 59: 310, 60: 72, 61: 394, 62: 156, 63: 128, 64: 366, 65: 44, 66: 282, 67: 282, 68: 44, 69: 44, 70: 282, 71: 170, 72: 408, 73: 100, 74: 338, 75: 792, 76: 554, 77: 554, 78: 792, 79: 282, 80: 44, 81: 44, 82: 282, 83: 394, 84: 156, 85: 44, 86: 282, 87: 128, 88: 366, 89: 394, 90: 156, 91: 86, 92: 324, 93: 366, 94: 128, 95: 100, 96: 338, 97: 128, 98: 366, 99: 310, 100: 72, 101: 254, 102: 16, 103: 310, 104: 72, 105: 394, 106: 156, 107: 44, 108: 282, 109: 338, 110: 100, 111: 86, 112: 324, 113: 72, 114: 310, 115: 128, 116: 366, 117: 792, 118: 554, 119: 170, 120: 408, 121: 324, 122: 86, 123: 282, 124: 44, 125: 282, 126: 44, 127: 338, 128: 100, 129: 408, 130: 170, 131: 16, 132: 254, 133: 72, 134: 310, 135: 408, 136: 170, 137: 394, 138: 156, 139: 324, 140: 86, 141: 792, 142: 554, 143: 310, 144: 72, 145: 324, 146: 86, 147: 338, 148: 100, 149: 128, 150: 366, 151: 100, 152: 338, 153: 100, 154: 338, 155: 408, 156: 170, 157: 16, 158: 254, 159: 792, 160: 554, 161: 254, 162: 16, 163: 170, 164: 408, 165: 366, 166: 128, 167: 72, 168: 310, 169: 338, 170: 100, 171: 44, 172: 282, 173: 324, 174: 86, 175: 338, 176: 100, 177: 394, 178: 156, 179: 408, 180: 170, 181: 86, 182: 324, 183: 324, 184: 86, 185: 324, 186: 86, 187: 310, 188: 72, 189: 408, 190: 170, 191: 282, 192: 44, 193: 394, 194: 156, 195: 366, 196: 128, 197: 254, 198: 16, 199: 254, 200: 16, 201: 254, 202: 16, 203: 310, 204: 72, 205: 366, 206: 128, 207: 324, 208: 86, 209: 310, 210: 72, 211: 310, 212: 72, 213: 408, 214: 170, 215: 16, 216: 254, 217: 16, 218: 254, 219: 282, 220: 44, 221: 792, 222: 554, 223: 86, 224: 324, 225: 282, 226: 44, 227: 408, 228: 170, 229: 156, 230: 394, 231: 44, 232: 282, 233: 366, 234: 128, 235: 338, 236: 100, 237: 324, 238: 86, 239: 86, 240: 324, 241: 324, 242: 86, 243: 366, 244: 128, 245: 310, 246: 72, 247: 408, 248: 170, 249: 310, 250: 72, 251: 792, 252: 554, 253: 310, 254: 72, 255: 170, 256: 408, 257: 128, 258: 366, 259: 170, 260: 408, 261: 282, 262: 44, 263: 170, 264: 408, 265: 408, 266: 170, 267: 72, 268: 310, 269: 338, 270: 100, 271: 156, 272: 394, 273: 324, 274: 86, 275: 792, 276: 554, 277: 310, 278: 72, 279: 366, 280: 128, 281: 366, 282: 128, 283: 128, 284: 366, 285: 408, 286: 170, 287: 282, 288: 44, 289: 394, 290: 156, 291: 408, 292: 170, 293: 170, 294: 408, 295: 72, 296: 310, 297: 408, 298: 170, 299: 408, 300: 170, 301: 338, 302: 100, 303: 366, 304: 128, 305: 310, 306: 72, 307: 394, 308: 156, 309: 408, 310: 170, 311: 408, 312: 170, 313: 408, 314: 170, 315: 394, 316: 156, 317: 408, 318: 170, 319: 366, 320: 128, 321: 792, 322: 554, 323: 554, 324: 792, 325: 16, 326: 254, 327: 792, 328: 554, 329: 128, 330: 366, 331: 156, 332: 394, 333: 394, 334: 156, 335: 282, 336: 44, 337: 282, 338: 44, 339: 170, 340: 408, 341: 72, 342: 310, 343: 254, 344: 16, 345: 338, 346: 100, 347: 72, 348: 310, 349: 408, 350: 170, 351: 170, 352: 408, 353: 366, 354: 128, 355: 156, 356: 394, 357: 86, 358: 324, 359: 44, 360: 282, 361: 254, 362: 16, 363: 324, 364: 86, 365: 282, 366: 44, 367: 16, 368: 254, 369: 44, 370: 282, 371: 254, 372: 16, 373: 282, 374: 44, 375: 254, 376: 16, 377: 254, 378: 16, 379: 324, 380: 86, 381: 86, 382: 324, 383: 254, 384: 16, 385: 282, 386: 44, 387: 282, 388: 44, 389: 254, 390: 16, 391: 282, 392: 44, 393: 254, 394: 16, 395: 282, 396: 44, 397: 792, 398: 554, 399: 338, 400: 100}
Correct solution!
Number of lables used:  18
Time taken: 0.38 seconds
Memory used: 40.48 MB
--------------------------------------------------

Trying with at most 17 labels...
Solution:
{1: 282, 2: 44, 3: 16, 4: 254, 5: 128, 6: 366, 7: 338, 8: 100, 9: 526, 10: 764, 11: 16, 12: 254, 13: 764, 14: 526, 15: 16, 16: 254, 17: 254, 18: 16, 19: 338, 20: 100, 21: 366, 22: 128, 23: 254, 24: 16, 25: 526, 26: 764, 27: 128, 28: 366, 29: 338, 30: 100, 31: 282, 32: 44, 33: 282, 34: 44, 35: 100, 36: 338, 37: 282, 38: 44, 39: 128, 40: 366, 41: 366, 42: 128, 43: 58, 44: 296, 45: 44, 46: 282, 47: 366, 48: 128, 49: 366, 50: 128, 51: 100, 52: 338, 53: 408, 54: 170, 55: 254, 56: 16, 57: 338, 58: 100, 59: 338, 60: 100, 61: 100, 62: 338, 63: 764, 64: 526, 65: 44, 66: 282, 67: 296, 68: 58, 69: 44, 70: 282, 71: 170, 72: 408, 73: 100, 74: 338, 75: 764, 76: 526, 77: 128, 78: 366, 79: 128, 80: 366, 81: 44, 82: 282, 83: 338, 84: 100, 85: 526, 86: 764, 87: 764, 88: 526, 89: 128, 90: 366, 91: 100, 92: 338, 93: 128, 94: 366, 95: 100, 96: 338, 97: 128, 98: 366, 99: 282, 100: 44, 101: 44, 102: 282, 103: 366, 104: 128, 105: 282, 106: 44, 107: 44, 108: 282, 109: 338, 110: 100, 111: 764, 112: 526, 113: 44, 114: 282, 115: 128, 116: 366, 117: 128, 118: 366, 119: 170, 120: 408, 121: 282, 122: 44, 123: 338, 124: 100, 125: 282, 126: 44, 127: 338, 128: 100, 129: 408, 130: 170, 131: 16, 132: 254, 133: 58, 134: 296, 135: 408, 136: 170, 137: 366, 138: 128, 139: 100, 140: 338, 141: 764, 142: 526, 143: 296, 144: 58, 145: 100, 146: 338, 147: 338, 148: 100, 149: 282, 150: 44, 151: 366, 152: 128, 153: 100, 154: 338, 155: 408, 156: 170, 157: 254, 158: 16, 159: 282, 160: 44, 161: 100, 162: 338, 163: 170, 164: 408, 165: 254, 166: 16, 167: 58, 168: 296, 169: 526, 170: 764, 171: 44, 172: 282, 173: 764, 174: 526, 175: 16, 176: 254, 177: 338, 178: 100, 179: 408, 180: 170, 181: 282, 182: 44, 183: 100, 184: 338, 185: 100, 186: 338, 187: 296, 188: 58, 189: 408, 190: 170, 191: 296, 192: 58, 193: 526, 194: 764, 195: 338, 196: 100, 197: 16, 198: 254, 199: 366, 200: 128, 201: 254, 202: 16, 203: 764, 204: 526, 205: 254, 206: 16, 207: 296, 208: 58, 209: 254, 210: 16, 211: 366, 212: 128, 213: 408, 214: 170, 215: 100, 216: 338, 217: 16, 218: 254, 219: 282, 220: 44, 221: 338, 222: 100, 223: 338, 224: 100, 225: 282, 226: 44, 227: 408, 228: 170, 229: 764, 230: 526, 231: 58, 232: 296, 233: 366, 234: 128, 235: 128, 236: 366, 237: 282, 238: 44, 239: 44, 240: 282, 241: 296, 242: 58, 243: 58, 244: 296, 245: 128, 246: 366, 247: 170, 248: 408, 249: 282, 250: 44, 251: 128, 252: 366, 253: 366, 254: 128, 255: 170, 256: 408, 257: 764, 258: 526, 259: 170, 260: 408, 261: 254, 262: 16, 263: 170, 264: 408, 265: 408, 266: 170, 267: 44, 268: 282, 269: 366, 270: 128, 271: 58, 272: 296, 273: 282, 274: 44, 275: 338, 276: 100, 277: 100, 278: 338, 279: 282, 280: 44, 281: 338, 282: 100, 283: 128, 284: 366, 285: 408, 286: 170, 287: 764, 288: 526, 289: 296, 290: 58, 291: 408, 292: 170, 293: 170, 294: 408, 295: 44, 296: 282, 297: 408, 298: 170, 299: 170, 300: 408, 301: 282, 302: 44, 303: 366, 304: 128, 305: 366, 306: 128, 307: 282, 308: 44, 309: 408, 310: 170, 311: 170, 312: 408, 313: 408, 314: 170, 315: 764, 316: 526, 317: 408, 318: 170, 319: 366, 320: 128, 321: 254, 322: 16, 323: 366, 324: 128, 325: 16, 326: 254, 327: 128, 328: 366, 329: 44, 330: 282, 331: 764, 332: 526, 333: 526, 334: 764, 335: 764, 336: 526, 337: 282, 338: 44, 339: 170, 340: 408, 341: 526, 342: 764, 343: 338, 344: 100, 345: 338, 346: 100, 347: 526, 348: 764, 349: 408, 350: 170, 351: 170, 352: 408, 353: 254, 354: 16, 355: 282, 356: 44, 357: 16, 358: 254, 359: 296, 360: 58, 361: 254, 362: 16, 363: 526, 364: 764, 365: 338, 366: 100, 367: 16, 368: 254, 369: 338, 370: 100, 371: 254, 372: 16, 373: 282, 374: 44, 375: 254, 376: 16, 377: 764, 378: 526, 379: 366, 380: 128, 381: 526, 382: 764, 383: 254, 384: 16, 385: 296, 386: 58, 387: 296, 388: 58, 389: 764, 390: 526, 391: 296, 392: 58, 393: 338, 394: 100, 395: 764, 396: 526, 397: 128, 398: 366, 399: 296, 400: 58}
Correct solution!
Number of lables used:  14
Time taken: 0.41 seconds
Memory used: 40.48 MB
--------------------------------------------------

Trying with at most 13 labels...
[runlim] sample:		10.0 time, 10.2 real, 59.6 MB
[runlim] sample:		20.0 time, 20.2 real, 61.4 MB
[runlim] sample:		30.0 time, 30.2 real, 66.7 MB
Cannot find solution.
No more solutions found.
Optimal number of labels used:  14
Time taken: 32.15 seconds
[runlim] end:			Thu Jan 15 00:23:56 2026
[runlim] status:		ok
[runlim] result:		0
[runlim] children:		0
[runlim] real:			32.39 seconds
[runlim] time:			32.19 seconds
[runlim] space:			67.2 MB
[runlim] samples:		322
