[runlim] version:		1.10
[runlim] time limit:		311040000 seconds
[runlim] real time limit:	900 seconds
[runlim] space limit:		8000 MB
[runlim] argv[0]:		python3
[runlim] argv[1]:		-u
[runlim] argv[2]:		main.py
[runlim] argv[3]:		scen03
[runlim] argv[4]:		nsc
[runlim] argv[5]:		assumptions
[runlim] argv[6]:		glucose4
[runlim] start:			Thu Jan 15 00:15:27 2026
[runlim] main pid:		55975
Solve first problem:
Solution:
{13: 254, 14: 16, 15: 254, 16: 16, 23: 142, 24: 380, 49: 310, 50: 72, 51: 16, 52: 254, 53: 338, 54: 100, 67: 156, 68: 394, 69: 254, 70: 16, 79: 254, 80: 16, 81: 268, 82: 30, 83: 680, 84: 442, 85: 352, 86: 114, 103: 268, 104: 30, 105: 254, 106: 16, 117: 750, 118: 512, 119: 708, 120: 470, 127: 142, 128: 380, 129: 310, 130: 72, 143: 666, 144: 428, 145: 254, 146: 16, 151: 764, 152: 526, 153: 694, 154: 456, 155: 652, 156: 414, 157: 30, 158: 268, 179: 156, 180: 394, 181: 380, 182: 142, 183: 736, 184: 498, 191: 366, 192: 128, 193: 296, 194: 58, 205: 254, 206: 16, 209: 142, 210: 380, 211: 58, 212: 296, 213: 254, 214: 16, 215: 296, 216: 58, 217: 296, 218: 58, 233: 750, 234: 512, 235: 338, 236: 100, 237: 380, 238: 142, 261: 254, 262: 16, 263: 352, 264: 114, 265: 324, 266: 86, 267: 254, 268: 16, 269: 254, 270: 16, 271: 254, 272: 16, 273: 324, 274: 86, 275: 324, 276: 86, 277: 268, 278: 30, 281: 366, 282: 128, 283: 296, 284: 58, 285: 366, 286: 128, 287: 254, 288: 16, 289: 254, 290: 16, 291: 324, 292: 86, 293: 380, 294: 142, 295: 324, 296: 86, 299: 366, 300: 128, 301: 282, 302: 44, 303: 680, 304: 442, 305: 352, 306: 114, 307: 30, 308: 268, 309: 338, 310: 100, 311: 254, 312: 16, 313: 254, 314: 16, 321: 254, 322: 16, 323: 254, 324: 16, 325: 666, 326: 428, 327: 338, 328: 100, 329: 254, 330: 16, 339: 352, 340: 114, 341: 44, 342: 282, 343: 44, 344: 282, 345: 394, 346: 156, 347: 324, 348: 86, 349: 680, 350: 442, 351: 30, 352: 268, 355: 44, 356: 282, 357: 268, 358: 30, 359: 666, 360: 428, 361: 338, 362: 100, 363: 268, 364: 30, 365: 380, 366: 142, 367: 310, 368: 72, 369: 128, 370: 366, 371: 254, 372: 16, 375: 282, 376: 44, 377: 666, 378: 428, 383: 338, 384: 100, 387: 366, 388: 128, 397: 394, 398: 156, 401: 114, 402: 352, 405: 114, 406: 352, 435: 366, 436: 128, 439: 310, 440: 72, 449: 100, 450: 338, 471: 254, 472: 16, 475: 338, 476: 100, 477: 268, 478: 30, 481: 352, 482: 114, 491: 310, 492: 72, 493: 268, 494: 30, 495: 254, 496: 16, 517: 268, 518: 30, 519: 338, 520: 100, 525: 282, 526: 44, 533: 282, 534: 44, 535: 254, 536: 16, 547: 324, 548: 86, 555: 128, 556: 366, 557: 666, 558: 428, 559: 58, 560: 296, 561: 380, 562: 142, 563: 666, 564: 428, 565: 114, 566: 352, 573: 268, 574: 30, 575: 114, 576: 352, 577: 366, 578: 128, 579: 352, 580: 114, 581: 352, 582: 114, 583: 666, 584: 428, 585: 338, 586: 100, 587: 254, 588: 16, 589: 366, 590: 128, 591: 352, 592: 114, 593: 100, 594: 338, 595: 296, 596: 58, 597: 268, 598: 30, 599: 142, 600: 380, 601: 282, 602: 44, 603: 268, 604: 30, 605: 268, 606: 30, 607: 352, 608: 114, 613: 100, 614: 338, 615: 282, 616: 44, 617: 268, 618: 30, 619: 352, 620: 114, 621: 338, 622: 100, 623: 338, 624: 100, 625: 268, 626: 30, 629: 282, 630: 44, 631: 268, 632: 30, 633: 282, 634: 44, 635: 268, 636: 30, 637: 254, 638: 16, 639: 268, 640: 30, 641: 380, 642: 142, 643: 338, 644: 100, 645: 296, 646: 58, 651: 352, 652: 114, 653: 254, 654: 16, 661: 254, 662: 16, 663: 394, 664: 156, 665: 366, 666: 128, 667: 268, 668: 30, 671: 254, 672: 16, 713: 268, 714: 30, 715: 254, 716: 16, 717: 394, 718: 156, 719: 324, 720: 86, 721: 254, 722: 16, 723: 254, 724: 16, 725: 254, 726: 16, 727: 254, 728: 16, 733: 268, 734: 30, 741: 268, 742: 30, 743: 44, 744: 282, 745: 268, 746: 30, 747: 324, 748: 86, 757: 338, 758: 100, 759: 268, 760: 30, 763: 268, 764: 30, 765: 254, 766: 16, 767: 296, 768: 58, 769: 268, 770: 30, 771: 338, 772: 100, 773: 254, 774: 16, 783: 268, 784: 30, 785: 254, 786: 16, 787: 268, 788: 30, 789: 338, 790: 100, 791: 268, 792: 30, 793: 338, 794: 100, 795: 268, 796: 30, 797: 352, 798: 114, 799: 282, 800: 44, 801: 268, 802: 30, 815: 338, 816: 100, 817: 268, 818: 30, 825: 282, 826: 44, 827: 324, 828: 86, 829: 254, 830: 16, 835: 44, 836: 282, 837: 268, 838: 30, 867: 352, 868: 114, 875: 310, 876: 72, 877: 282, 878: 44, 879: 324, 880: 86, 881: 268, 882: 30, 893: 268, 894: 30, 903: 254, 904: 16, 911: 254, 912: 16}
Correct solution!
Number of lables used:  38
Time taken: 0.45 seconds
Memory used: 43.65 MB
--------------------------------------------------

Trying with at most 37 labels...
Solution:
{13: 254, 14: 16, 15: 254, 16: 16, 23: 324, 24: 86, 49: 394, 50: 156, 51: 414, 52: 652, 53: 16, 54: 254, 67: 750, 68: 512, 69: 156, 70: 394, 79: 156, 80: 394, 81: 324, 82: 86, 83: 394, 84: 156, 85: 512, 86: 750, 103: 394, 104: 156, 105: 324, 106: 86, 117: 394, 118: 156, 119: 414, 120: 652, 127: 324, 128: 86, 129: 652, 130: 414, 143: 764, 144: 526, 145: 254, 146: 16, 151: 156, 152: 394, 153: 750, 154: 512, 155: 156, 156: 394, 157: 526, 158: 764, 179: 254, 180: 16, 181: 254, 182: 16, 183: 554, 184: 792, 191: 512, 192: 750, 193: 394, 194: 156, 205: 526, 206: 764, 209: 778, 210: 540, 211: 324, 212: 86, 213: 652, 214: 414, 215: 16, 216: 254, 217: 498, 218: 736, 233: 526, 234: 764, 235: 86, 236: 324, 237: 526, 238: 764, 261: 324, 262: 86, 263: 394, 264: 156, 265: 414, 266: 652, 267: 750, 268: 512, 269: 254, 270: 16, 271: 254, 272: 16, 273: 414, 274: 652, 275: 414, 276: 652, 277: 394, 278: 156, 281: 414, 282: 652, 283: 750, 284: 512, 285: 254, 286: 16, 287: 324, 288: 86, 289: 254, 290: 16, 291: 394, 292: 156, 293: 408, 294: 170, 295: 750, 296: 512, 299: 554, 300: 792, 301: 156, 302: 394, 303: 512, 304: 750, 305: 652, 306: 414, 307: 16, 308: 254, 309: 86, 310: 324, 311: 156, 312: 394, 313: 156, 314: 394, 321: 254, 322: 16, 323: 254, 324: 16, 325: 414, 326: 652, 327: 792, 328: 554, 329: 652, 330: 414, 339: 16, 340: 254, 341: 498, 342: 736, 343: 498, 344: 736, 345: 750, 346: 512, 347: 414, 348: 652, 349: 324, 350: 86, 351: 498, 352: 736, 355: 540, 356: 778, 357: 86, 358: 324, 359: 750, 360: 512, 361: 736, 362: 498, 363: 324, 364: 86, 365: 526, 366: 764, 367: 736, 368: 498, 369: 778, 370: 540, 371: 254, 372: 16, 375: 324, 376: 86, 377: 86, 378: 324, 383: 498, 384: 736, 387: 512, 388: 750, 397: 414, 398: 652, 401: 498, 402: 736, 405: 750, 406: 512, 435: 512, 436: 750, 439: 324, 440: 86, 449: 778, 450: 540, 471: 324, 472: 86, 475: 526, 476: 764, 477: 498, 478: 736, 481: 498, 482: 736, 491: 778, 492: 540, 493: 736, 494: 498, 495: 324, 496: 86, 517: 736, 518: 498, 519: 86, 520: 324, 525: 736, 526: 498, 533: 652, 534: 414, 535: 324, 536: 86, 547: 254, 548: 16, 555: 86, 556: 324, 557: 750, 558: 512, 559: 324, 560: 86, 561: 764, 562: 526, 563: 540, 564: 778, 565: 778, 566: 540, 573: 86, 574: 324, 575: 526, 576: 764, 577: 414, 578: 652, 579: 394, 580: 156, 581: 16, 582: 254, 583: 778, 584: 540, 585: 324, 586: 86, 587: 156, 588: 394, 589: 652, 590: 414, 591: 750, 592: 512, 593: 86, 594: 324, 595: 86, 596: 324, 597: 764, 598: 526, 599: 324, 600: 86, 601: 512, 602: 750, 603: 736, 604: 498, 605: 736, 606: 498, 607: 764, 608: 526, 613: 778, 614: 540, 615: 778, 616: 540, 617: 736, 618: 498, 619: 736, 620: 498, 621: 778, 622: 540, 623: 736, 624: 498, 625: 86, 626: 324, 629: 324, 630: 86, 631: 736, 632: 498, 633: 324, 634: 86, 635: 498, 636: 736, 637: 254, 638: 16, 639: 324, 640: 86, 641: 778, 642: 540, 643: 736, 644: 498, 645: 394, 646: 156, 651: 254, 652: 16, 653: 16, 654: 254, 661: 324, 662: 86, 663: 394, 664: 156, 665: 394, 666: 156, 667: 254, 668: 16, 671: 324, 672: 86, 713: 394, 714: 156, 715: 324, 716: 86, 717: 498, 718: 736, 719: 394, 720: 156, 721: 324, 722: 86, 723: 324, 724: 86, 725: 324, 726: 86, 727: 324, 728: 86, 733: 324, 734: 86, 741: 652, 742: 414, 743: 750, 744: 512, 745: 736, 746: 498, 747: 498, 748: 736, 757: 736, 758: 498, 759: 86, 760: 324, 763: 324, 764: 86, 765: 324, 766: 86, 767: 652, 768: 414, 769: 86, 770: 324, 771: 394, 772: 156, 773: 324, 774: 86, 783: 324, 784: 86, 785: 736, 786: 498, 787: 512, 788: 750, 789: 736, 790: 498, 791: 86, 792: 324, 793: 736, 794: 498, 795: 86, 796: 324, 797: 736, 798: 498, 799: 324, 800: 86, 801: 498, 802: 736, 815: 86, 816: 324, 817: 750, 818: 512, 825: 86, 826: 324, 827: 512, 828: 750, 829: 16, 830: 254, 835: 540, 836: 778, 837: 324, 838: 86, 867: 540, 868: 778, 875: 778, 876: 540, 877: 736, 878: 498, 879: 736, 880: 498, 881: 324, 882: 86, 893: 324, 894: 86, 903: 324, 904: 86, 911: 414, 912: 652}
Correct solution!
Number of lables used:  20
Time taken: 0.49 seconds
Memory used: 45.03 MB
--------------------------------------------------

Trying with at most 19 labels...
Solution:
{13: 254, 14: 16, 15: 254, 16: 16, 23: 324, 24: 86, 49: 394, 50: 156, 51: 414, 52: 652, 53: 16, 54: 254, 67: 750, 68: 512, 69: 156, 70: 394, 79: 156, 80: 394, 81: 324, 82: 86, 83: 394, 84: 156, 85: 512, 86: 750, 103: 394, 104: 156, 105: 324, 106: 86, 117: 394, 118: 156, 119: 414, 120: 652, 127: 324, 128: 86, 129: 652, 130: 414, 143: 764, 144: 526, 145: 254, 146: 16, 151: 156, 152: 394, 153: 750, 154: 512, 155: 156, 156: 394, 157: 526, 158: 764, 179: 254, 180: 16, 181: 254, 182: 16, 183: 526, 184: 764, 191: 512, 192: 750, 193: 394, 194: 156, 205: 526, 206: 764, 209: 778, 210: 540, 211: 324, 212: 86, 213: 652, 214: 414, 215: 16, 216: 254, 217: 498, 218: 736, 233: 526, 234: 764, 235: 86, 236: 324, 237: 526, 238: 764, 261: 324, 262: 86, 263: 394, 264: 156, 265: 414, 266: 652, 267: 750, 268: 512, 269: 254, 270: 16, 271: 254, 272: 16, 273: 414, 274: 652, 275: 414, 276: 652, 277: 394, 278: 156, 281: 414, 282: 652, 283: 750, 284: 512, 285: 254, 286: 16, 287: 324, 288: 86, 289: 254, 290: 16, 291: 394, 292: 156, 293: 142, 294: 380, 295: 750, 296: 512, 299: 498, 300: 736, 301: 156, 302: 394, 303: 512, 304: 750, 305: 652, 306: 414, 307: 16, 308: 254, 309: 86, 310: 324, 311: 156, 312: 394, 313: 156, 314: 394, 321: 254, 322: 16, 323: 254, 324: 16, 325: 414, 326: 652, 327: 778, 328: 540, 329: 652, 330: 414, 339: 16, 340: 254, 341: 498, 342: 736, 343: 498, 344: 736, 345: 750, 346: 512, 347: 414, 348: 652, 349: 324, 350: 86, 351: 498, 352: 736, 355: 512, 356: 750, 357: 86, 358: 324, 359: 778, 360: 540, 361: 736, 362: 498, 363: 324, 364: 86, 365: 498, 366: 736, 367: 764, 368: 526, 369: 736, 370: 498, 371: 254, 372: 16, 375: 324, 376: 86, 377: 86, 378: 324, 383: 498, 384: 736, 387: 512, 388: 750, 397: 414, 398: 652, 401: 498, 402: 736, 405: 142, 406: 380, 435: 512, 436: 750, 439: 324, 440: 86, 449: 778, 450: 540, 471: 324, 472: 86, 475: 526, 476: 764, 477: 540, 478: 778, 481: 498, 482: 736, 491: 778, 492: 540, 493: 736, 494: 498, 495: 324, 496: 86, 517: 736, 518: 498, 519: 86, 520: 324, 525: 736, 526: 498, 533: 652, 534: 414, 535: 324, 536: 86, 547: 254, 548: 16, 555: 86, 556: 324, 557: 750, 558: 512, 559: 324, 560: 86, 561: 764, 562: 526, 563: 540, 564: 778, 565: 778, 566: 540, 573: 86, 574: 324, 575: 526, 576: 764, 577: 414, 578: 652, 579: 394, 580: 156, 581: 16, 582: 254, 583: 778, 584: 540, 585: 324, 586: 86, 587: 156, 588: 394, 589: 652, 590: 414, 591: 750, 592: 512, 593: 86, 594: 324, 595: 86, 596: 324, 597: 764, 598: 526, 599: 324, 600: 86, 601: 512, 602: 750, 603: 736, 604: 498, 605: 736, 606: 498, 607: 764, 608: 526, 613: 778, 614: 540, 615: 778, 616: 540, 617: 736, 618: 498, 619: 736, 620: 498, 621: 778, 622: 540, 623: 736, 624: 498, 625: 86, 626: 324, 629: 324, 630: 86, 631: 736, 632: 498, 633: 324, 634: 86, 635: 498, 636: 736, 637: 254, 638: 16, 639: 324, 640: 86, 641: 778, 642: 540, 643: 736, 644: 498, 645: 394, 646: 156, 651: 254, 652: 16, 653: 16, 654: 254, 661: 324, 662: 86, 663: 394, 664: 156, 665: 394, 666: 156, 667: 254, 668: 16, 671: 324, 672: 86, 713: 394, 714: 156, 715: 324, 716: 86, 717: 498, 718: 736, 719: 394, 720: 156, 721: 324, 722: 86, 723: 324, 724: 86, 725: 324, 726: 86, 727: 324, 728: 86, 733: 324, 734: 86, 741: 652, 742: 414, 743: 750, 744: 512, 745: 736, 746: 498, 747: 498, 748: 736, 757: 736, 758: 498, 759: 86, 760: 324, 763: 324, 764: 86, 765: 324, 766: 86, 767: 652, 768: 414, 769: 86, 770: 324, 771: 394, 772: 156, 773: 324, 774: 86, 783: 324, 784: 86, 785: 736, 786: 498, 787: 512, 788: 750, 789: 736, 790: 498, 791: 86, 792: 324, 793: 736, 794: 498, 795: 86, 796: 324, 797: 736, 798: 498, 799: 324, 800: 86, 801: 498, 802: 736, 815: 86, 816: 324, 817: 750, 818: 512, 825: 86, 826: 324, 827: 512, 828: 750, 829: 16, 830: 254, 835: 540, 836: 778, 837: 324, 838: 86, 867: 540, 868: 778, 875: 778, 876: 540, 877: 736, 878: 498, 879: 736, 880: 498, 881: 324, 882: 86, 893: 324, 894: 86, 903: 324, 904: 86, 911: 414, 912: 652}
Correct solution!
Number of lables used:  18
Time taken: 0.50 seconds
Memory used: 45.28 MB
--------------------------------------------------

Trying with at most 17 labels...
Solution:
{13: 394, 14: 156, 15: 394, 16: 156, 23: 324, 24: 86, 49: 380, 50: 142, 51: 394, 52: 156, 53: 16, 54: 254, 67: 736, 68: 498, 69: 156, 70: 394, 79: 156, 80: 394, 81: 324, 82: 86, 83: 394, 84: 156, 85: 498, 86: 736, 103: 394, 104: 156, 105: 324, 106: 86, 117: 16, 118: 254, 119: 484, 120: 722, 127: 394, 128: 156, 129: 254, 130: 16, 143: 778, 144: 540, 145: 254, 146: 16, 151: 254, 152: 16, 153: 778, 154: 540, 155: 722, 156: 484, 157: 16, 158: 254, 179: 394, 180: 156, 181: 394, 182: 156, 183: 526, 184: 764, 191: 526, 192: 764, 193: 394, 194: 156, 205: 526, 206: 764, 209: 722, 210: 484, 211: 86, 212: 324, 213: 254, 214: 16, 215: 16, 216: 254, 217: 498, 218: 736, 233: 484, 234: 722, 235: 380, 236: 142, 237: 380, 238: 142, 261: 324, 262: 86, 263: 86, 264: 324, 265: 156, 266: 394, 267: 764, 268: 526, 269: 254, 270: 16, 271: 254, 272: 16, 273: 394, 274: 156, 275: 380, 276: 142, 277: 394, 278: 156, 281: 380, 282: 142, 283: 764, 284: 526, 285: 254, 286: 16, 287: 324, 288: 86, 289: 254, 290: 16, 291: 394, 292: 156, 293: 142, 294: 380, 295: 778, 296: 540, 299: 498, 300: 736, 301: 380, 302: 142, 303: 526, 304: 764, 305: 324, 306: 86, 307: 16, 308: 254, 309: 394, 310: 156, 311: 324, 312: 86, 313: 324, 314: 86, 321: 394, 322: 156, 323: 394, 324: 156, 325: 778, 326: 540, 327: 156, 328: 394, 329: 540, 330: 778, 339: 86, 340: 324, 341: 86, 342: 324, 343: 86, 344: 324, 345: 156, 346: 394, 347: 498, 348: 736, 349: 736, 350: 498, 351: 736, 352: 498, 355: 498, 356: 736, 357: 86, 358: 324, 359: 778, 360: 540, 361: 736, 362: 498, 363: 324, 364: 86, 365: 484, 366: 722, 367: 764, 368: 526, 369: 736, 370: 498, 371: 254, 372: 16, 375: 324, 376: 86, 377: 722, 378: 484, 383: 498, 384: 736, 387: 526, 388: 764, 397: 498, 398: 736, 401: 380, 402: 142, 405: 324, 406: 86, 435: 498, 436: 736, 439: 324, 440: 86, 449: 778, 450: 540, 471: 324, 472: 86, 475: 526, 476: 764, 477: 540, 478: 778, 481: 540, 482: 778, 491: 778, 492: 540, 493: 736, 494: 498, 495: 324, 496: 86, 517: 142, 518: 380, 519: 86, 520: 324, 525: 736, 526: 498, 533: 394, 534: 156, 535: 324, 536: 86, 547: 254, 548: 16, 555: 764, 556: 526, 557: 380, 558: 142, 559: 324, 560: 86, 561: 764, 562: 526, 563: 540, 564: 778, 565: 778, 566: 540, 573: 86, 574: 324, 575: 484, 576: 722, 577: 254, 578: 16, 579: 254, 580: 16, 581: 16, 582: 254, 583: 86, 584: 324, 585: 324, 586: 86, 587: 156, 588: 394, 589: 394, 590: 156, 591: 380, 592: 142, 593: 324, 594: 86, 595: 86, 596: 324, 597: 736, 598: 498, 599: 324, 600: 86, 601: 526, 602: 764, 603: 736, 604: 498, 605: 736, 606: 498, 607: 540, 608: 778, 613: 778, 614: 540, 615: 778, 616: 540, 617: 736, 618: 498, 619: 142, 620: 380, 621: 324, 622: 86, 623: 736, 624: 498, 625: 142, 626: 380, 629: 324, 630: 86, 631: 764, 632: 526, 633: 526, 634: 764, 635: 498, 636: 736, 637: 254, 638: 16, 639: 324, 640: 86, 641: 142, 642: 380, 643: 736, 644: 498, 645: 324, 646: 86, 651: 254, 652: 16, 653: 16, 654: 254, 661: 254, 662: 16, 663: 394, 664: 156, 665: 254, 666: 16, 667: 394, 668: 156, 671: 254, 672: 16, 713: 394, 714: 156, 715: 86, 716: 324, 717: 498, 718: 736, 719: 394, 720: 156, 721: 254, 722: 16, 723: 254, 724: 16, 725: 324, 726: 86, 727: 324, 728: 86, 733: 324, 734: 86, 741: 254, 742: 16, 743: 736, 744: 498, 745: 736, 746: 498, 747: 86, 748: 324, 757: 736, 758: 498, 759: 142, 760: 380, 763: 380, 764: 142, 765: 16, 766: 254, 767: 484, 768: 722, 769: 86, 770: 324, 771: 394, 772: 156, 773: 380, 774: 142, 783: 324, 784: 86, 785: 394, 786: 156, 787: 380, 788: 142, 789: 736, 790: 498, 791: 86, 792: 324, 793: 736, 794: 498, 795: 86, 796: 324, 797: 736, 798: 498, 799: 526, 800: 764, 801: 540, 802: 778, 815: 86, 816: 324, 817: 778, 818: 540, 825: 324, 826: 86, 827: 484, 828: 722, 829: 498, 830: 736, 835: 540, 836: 778, 837: 324, 838: 86, 867: 540, 868: 778, 875: 778, 876: 540, 877: 736, 878: 498, 879: 764, 880: 526, 881: 324, 882: 86, 893: 324, 894: 86, 903: 324, 904: 86, 911: 380, 912: 142}
Correct solution!
Number of lables used:  16
Time taken: 0.52 seconds
Memory used: 45.40 MB
--------------------------------------------------

Trying with at most 15 labels...
Solution:
{13: 394, 14: 156, 15: 394, 16: 156, 23: 324, 24: 86, 49: 380, 50: 142, 51: 394, 52: 156, 53: 16, 54: 254, 67: 722, 68: 484, 69: 156, 70: 394, 79: 156, 80: 394, 81: 324, 82: 86, 83: 394, 84: 156, 85: 498, 86: 736, 103: 394, 104: 156, 105: 324, 106: 86, 117: 16, 118: 254, 119: 484, 120: 722, 127: 394, 128: 156, 129: 16, 130: 254, 143: 778, 144: 540, 145: 254, 146: 16, 151: 254, 152: 16, 153: 778, 154: 540, 155: 722, 156: 484, 157: 16, 158: 254, 179: 394, 180: 156, 181: 156, 182: 394, 183: 498, 184: 736, 191: 540, 192: 778, 193: 254, 194: 16, 205: 16, 206: 254, 209: 722, 210: 484, 211: 86, 212: 324, 213: 16, 214: 254, 215: 16, 216: 254, 217: 380, 218: 142, 233: 540, 234: 778, 235: 380, 236: 142, 237: 380, 238: 142, 261: 324, 262: 86, 263: 86, 264: 324, 265: 156, 266: 394, 267: 722, 268: 484, 269: 254, 270: 16, 271: 254, 272: 16, 273: 394, 274: 156, 275: 380, 276: 142, 277: 394, 278: 156, 281: 380, 282: 142, 283: 736, 284: 498, 285: 254, 286: 16, 287: 324, 288: 86, 289: 254, 290: 16, 291: 394, 292: 156, 293: 142, 294: 380, 295: 778, 296: 540, 299: 498, 300: 736, 301: 380, 302: 142, 303: 484, 304: 722, 305: 324, 306: 86, 307: 16, 308: 254, 309: 394, 310: 156, 311: 324, 312: 86, 313: 324, 314: 86, 321: 394, 322: 156, 323: 394, 324: 156, 325: 778, 326: 540, 327: 156, 328: 394, 329: 540, 330: 778, 339: 86, 340: 324, 341: 86, 342: 324, 343: 86, 344: 324, 345: 156, 346: 394, 347: 498, 348: 736, 349: 736, 350: 498, 351: 736, 352: 498, 355: 498, 356: 736, 357: 86, 358: 324, 359: 778, 360: 540, 361: 736, 362: 498, 363: 380, 364: 142, 365: 484, 366: 722, 367: 324, 368: 86, 369: 722, 370: 484, 371: 254, 372: 16, 375: 86, 376: 324, 377: 778, 378: 540, 383: 540, 384: 778, 387: 498, 388: 736, 397: 484, 398: 722, 401: 380, 402: 142, 405: 324, 406: 86, 435: 498, 436: 736, 439: 142, 440: 380, 449: 778, 450: 540, 471: 324, 472: 86, 475: 484, 476: 722, 477: 142, 478: 380, 481: 540, 482: 778, 491: 778, 492: 540, 493: 736, 494: 498, 495: 324, 496: 86, 517: 142, 518: 380, 519: 86, 520: 324, 525: 736, 526: 498, 533: 394, 534: 156, 535: 324, 536: 86, 547: 254, 548: 16, 555: 778, 556: 540, 557: 380, 558: 142, 559: 324, 560: 86, 561: 778, 562: 540, 563: 540, 564: 778, 565: 778, 566: 540, 573: 86, 574: 324, 575: 498, 576: 736, 577: 254, 578: 16, 579: 254, 580: 16, 581: 16, 582: 254, 583: 86, 584: 324, 585: 324, 586: 86, 587: 156, 588: 394, 589: 394, 590: 156, 591: 380, 592: 142, 593: 324, 594: 86, 595: 86, 596: 324, 597: 722, 598: 484, 599: 324, 600: 86, 601: 484, 602: 722, 603: 736, 604: 498, 605: 736, 606: 498, 607: 498, 608: 736, 613: 778, 614: 540, 615: 778, 616: 540, 617: 736, 618: 498, 619: 142, 620: 380, 621: 324, 622: 86, 623: 736, 624: 498, 625: 142, 626: 380, 629: 324, 630: 86, 631: 778, 632: 540, 633: 484, 634: 722, 635: 498, 636: 736, 637: 254, 638: 16, 639: 324, 640: 86, 641: 142, 642: 380, 643: 722, 644: 484, 645: 324, 646: 86, 651: 254, 652: 16, 653: 324, 654: 86, 661: 254, 662: 16, 663: 394, 664: 156, 665: 254, 666: 16, 667: 394, 668: 156, 671: 254, 672: 16, 713: 394, 714: 156, 715: 86, 716: 324, 717: 484, 718: 722, 719: 394, 720: 156, 721: 254, 722: 16, 723: 254, 724: 16, 725: 324, 726: 86, 727: 324, 728: 86, 733: 324, 734: 86, 741: 254, 742: 16, 743: 736, 744: 498, 745: 722, 746: 484, 747: 86, 748: 324, 757: 736, 758: 498, 759: 142, 760: 380, 763: 380, 764: 142, 765: 16, 766: 254, 767: 498, 768: 736, 769: 86, 770: 324, 771: 394, 772: 156, 773: 324, 774: 86, 783: 324, 784: 86, 785: 394, 786: 156, 787: 380, 788: 142, 789: 722, 790: 484, 791: 86, 792: 324, 793: 778, 794: 540, 795: 86, 796: 324, 797: 736, 798: 498, 799: 380, 800: 142, 801: 484, 802: 722, 815: 86, 816: 324, 817: 778, 818: 540, 825: 324, 826: 86, 827: 484, 828: 722, 829: 156, 830: 394, 835: 540, 836: 778, 837: 324, 838: 86, 867: 540, 868: 778, 875: 778, 876: 540, 877: 736, 878: 498, 879: 736, 880: 498, 881: 324, 882: 86, 893: 324, 894: 86, 903: 324, 904: 86, 911: 86, 912: 324}
Correct solution!
Number of lables used:  14
Time taken: 0.53 seconds
Memory used: 45.53 MB
--------------------------------------------------

Trying with at most 13 labels...
[runlim] sample:		10.0 time, 10.0 real, 69.1 MB
[runlim] sample:		20.0 time, 20.0 real, 83.4 MB
[runlim] sample:		30.0 time, 30.0 real, 83.4 MB
[runlim] sample:		40.0 time, 40.0 real, 83.4 MB
[runlim] sample:		50.0 time, 50.0 real, 83.4 MB
[runlim] sample:		60.0 time, 60.0 real, 83.4 MB
[runlim] sample:		70.0 time, 70.0 real, 90.3 MB
[runlim] sample:		80.0 time, 80.0 real, 68.1 MB
[runlim] sample:		90.0 time, 90.0 real, 87.3 MB
[runlim] sample:		100.0 time, 100.0 real, 88.7 MB
[runlim] sample:		110.0 time, 110.0 real, 88.8 MB
[runlim] sample:		120.0 time, 120.0 real, 89.7 MB
[runlim] sample:		130.0 time, 130.0 real, 90.5 MB
[runlim] sample:		140.0 time, 140.0 real, 91.0 MB
[runlim] sample:		150.0 time, 150.0 real, 91.7 MB
[runlim] sample:		160.0 time, 160.0 real, 92.6 MB
[runlim] sample:		170.0 time, 170.0 real, 93.2 MB
[runlim] sample:		180.0 time, 180.0 real, 93.5 MB
[runlim] sample:		190.0 time, 190.0 real, 94.2 MB
[runlim] sample:		200.0 time, 200.0 real, 96.6 MB
[runlim] sample:		210.0 time, 210.0 real, 97.0 MB
[runlim] sample:		220.0 time, 220.0 real, 97.0 MB
[runlim] sample:		230.0 time, 230.0 real, 97.7 MB
[runlim] sample:		240.0 time, 240.0 real, 98.1 MB
[runlim] sample:		250.0 time, 250.0 real, 98.3 MB
[runlim] sample:		260.0 time, 260.0 real, 99.3 MB
[runlim] sample:		270.0 time, 270.0 real, 99.7 MB
[runlim] sample:		280.0 time, 280.0 real, 100.1 MB
[runlim] sample:		290.0 time, 290.0 real, 100.6 MB
[runlim] sample:		300.0 time, 300.0 real, 101.2 MB
Cannot find solution.
No more solutions found.
Optimal number of labels used:  14
Time taken: 302.54 seconds
[runlim] end:			Thu Jan 15 00:20:29 2026
[runlim] status:		ok
[runlim] result:		0
[runlim] children:		0
[runlim] real:			302.64 seconds
[runlim] time:			302.58 seconds
[runlim] space:			101.2 MB
[runlim] samples:		3026
