[runlim] version:		1.10
[runlim] time limit:		311040000 seconds
[runlim] real time limit:	900 seconds
[runlim] space limit:		8000 MB
[runlim] argv[0]:		python3
[runlim] argv[1]:		-u
[runlim] argv[2]:		main.py
[runlim] argv[3]:		scen02
[runlim] argv[4]:		nsc
[runlim] argv[5]:		assumptions
[runlim] argv[6]:		glucose4
[runlim] start:			Thu Jan 15 00:15:08 2026
[runlim] main pid:		55829
Solve first problem:
Solution:
{13: 268, 14: 30, 15: 268, 16: 30, 53: 268, 54: 30, 79: 254, 80: 16, 81: 268, 82: 30, 83: 680, 84: 442, 85: 352, 86: 114, 127: 352, 128: 114, 129: 254, 130: 16, 143: 254, 144: 16, 145: 254, 146: 16, 205: 254, 206: 16, 233: 666, 234: 428, 235: 338, 236: 100, 237: 352, 238: 114, 261: 254, 262: 16, 263: 352, 264: 114, 265: 338, 266: 100, 267: 254, 268: 16, 269: 352, 270: 114, 271: 352, 272: 114, 273: 44, 274: 282, 275: 44, 276: 282, 277: 352, 278: 114, 281: 268, 282: 30, 283: 282, 284: 44, 289: 254, 290: 16, 291: 324, 292: 86, 303: 666, 304: 428, 305: 338, 306: 100, 321: 156, 322: 394, 323: 254, 324: 16, 325: 666, 326: 428, 327: 338, 328: 100, 329: 254, 330: 16, 341: 30, 342: 268, 343: 30, 344: 268, 349: 338, 350: 100, 351: 30, 352: 268, 435: 296, 436: 58, 475: 282, 476: 44, 481: 268, 482: 30, 517: 268, 518: 30, 519: 338, 520: 100, 555: 128, 556: 366, 557: 666, 558: 428, 559: 58, 560: 296, 561: 366, 562: 128, 565: 100, 566: 338, 577: 324, 578: 86, 579: 352, 580: 114, 583: 666, 584: 428, 585: 324, 586: 86, 587: 254, 588: 16, 589: 366, 590: 128, 591: 352, 592: 114, 593: 114, 594: 352, 595: 296, 596: 58, 597: 268, 598: 30, 599: 142, 600: 380, 601: 282, 602: 44, 603: 268, 604: 30, 605: 268, 606: 30, 607: 338, 608: 100, 613: 100, 614: 338, 615: 282, 616: 44, 617: 268, 618: 30, 621: 338, 622: 100, 625: 268, 626: 30, 629: 282, 630: 44, 631: 268, 632: 30, 633: 282, 634: 44, 635: 268, 636: 30, 645: 296, 646: 58, 651: 254, 652: 16, 661: 254, 662: 16, 663: 394, 664: 156, 665: 366, 666: 128, 667: 254, 668: 16, 713: 352, 714: 114, 717: 44, 718: 282, 719: 394, 720: 156, 721: 324, 722: 86, 723: 254, 724: 16, 743: 44, 744: 282, 745: 268, 746: 30, 747: 324, 748: 86, 763: 268, 764: 30, 765: 254, 766: 16, 767: 296, 768: 58, 785: 254, 786: 16, 787: 268, 788: 30, 789: 338, 790: 100, 791: 268, 792: 30, 793: 338, 794: 100, 795: 268, 796: 30, 797: 352, 798: 114, 799: 282, 800: 44, 801: 268, 802: 30, 879: 268, 880: 30}
Correct solution!
Number of lables used:  24
Time taken: 0.21 seconds
Memory used: 31.17 MB
--------------------------------------------------

Trying with at most 23 labels...
Solution:
{13: 512, 14: 750, 15: 156, 16: 394, 53: 324, 54: 86, 79: 652, 80: 414, 81: 86, 82: 324, 83: 764, 84: 526, 85: 394, 86: 156, 127: 156, 128: 394, 129: 324, 130: 86, 143: 86, 144: 324, 145: 86, 146: 324, 205: 324, 206: 86, 233: 86, 234: 324, 235: 778, 236: 540, 237: 512, 238: 750, 261: 86, 262: 324, 263: 652, 264: 414, 265: 540, 266: 778, 267: 414, 268: 652, 269: 540, 270: 778, 271: 414, 272: 652, 273: 554, 274: 792, 275: 554, 276: 792, 277: 414, 278: 652, 281: 750, 282: 512, 283: 750, 284: 512, 289: 394, 290: 156, 291: 86, 292: 324, 303: 526, 304: 764, 305: 394, 306: 156, 321: 512, 322: 750, 323: 86, 324: 324, 325: 498, 326: 736, 327: 156, 328: 394, 329: 394, 330: 156, 341: 156, 342: 394, 343: 156, 344: 394, 349: 498, 350: 736, 351: 736, 352: 498, 435: 778, 436: 540, 475: 736, 476: 498, 481: 324, 482: 86, 517: 86, 518: 324, 519: 86, 520: 324, 555: 750, 556: 512, 557: 526, 558: 764, 559: 764, 560: 526, 561: 540, 562: 778, 565: 778, 566: 540, 577: 554, 578: 792, 579: 394, 580: 156, 583: 324, 584: 86, 585: 394, 586: 156, 587: 86, 588: 324, 589: 394, 590: 156, 591: 512, 592: 750, 593: 540, 594: 778, 595: 778, 596: 540, 597: 498, 598: 736, 599: 498, 600: 736, 601: 86, 602: 324, 603: 324, 604: 86, 605: 86, 606: 324, 607: 526, 608: 764, 613: 512, 614: 750, 615: 750, 616: 512, 617: 736, 618: 498, 621: 498, 622: 736, 625: 324, 626: 86, 629: 736, 630: 498, 631: 324, 632: 86, 633: 324, 634: 86, 635: 498, 636: 736, 645: 394, 646: 156, 651: 394, 652: 156, 661: 324, 662: 86, 663: 394, 664: 156, 665: 414, 666: 652, 667: 324, 668: 86, 713: 414, 714: 652, 717: 554, 718: 792, 719: 394, 720: 156, 721: 764, 722: 526, 723: 86, 724: 324, 743: 512, 744: 750, 745: 750, 746: 512, 747: 736, 748: 498, 763: 324, 764: 86, 765: 86, 766: 324, 767: 554, 768: 792, 785: 86, 786: 324, 787: 86, 788: 324, 789: 736, 790: 498, 791: 86, 792: 324, 793: 736, 794: 498, 795: 86, 796: 324, 797: 736, 798: 498, 799: 324, 800: 86, 801: 764, 802: 526, 879: 324, 880: 86}
Correct solution!
Number of lables used:  16
Time taken: 0.22 seconds
Memory used: 32.04 MB
--------------------------------------------------

Trying with at most 15 labels...
Solution:
{13: 414, 14: 652, 15: 414, 16: 652, 53: 324, 54: 86, 79: 526, 80: 764, 81: 86, 82: 324, 83: 764, 84: 526, 85: 414, 86: 652, 127: 652, 128: 414, 129: 324, 130: 86, 143: 86, 144: 324, 145: 86, 146: 324, 205: 324, 206: 86, 233: 470, 234: 708, 235: 498, 236: 736, 237: 764, 238: 526, 261: 86, 262: 324, 263: 652, 264: 414, 265: 526, 266: 764, 267: 414, 268: 652, 269: 512, 270: 750, 271: 414, 272: 652, 273: 470, 274: 708, 275: 470, 276: 708, 277: 414, 278: 652, 281: 750, 282: 512, 283: 750, 284: 512, 289: 652, 290: 414, 291: 86, 292: 324, 303: 652, 304: 414, 305: 324, 306: 86, 321: 86, 322: 324, 323: 512, 324: 750, 325: 498, 326: 736, 327: 114, 328: 352, 329: 652, 330: 414, 341: 498, 342: 736, 343: 498, 344: 736, 349: 750, 350: 512, 351: 526, 352: 764, 435: 512, 436: 750, 475: 498, 476: 736, 481: 324, 482: 86, 517: 470, 518: 708, 519: 736, 520: 498, 555: 736, 556: 498, 557: 526, 558: 764, 559: 750, 560: 512, 561: 86, 562: 324, 565: 764, 566: 526, 577: 652, 578: 414, 579: 652, 580: 414, 583: 86, 584: 324, 585: 498, 586: 736, 587: 652, 588: 414, 589: 86, 590: 324, 591: 736, 592: 498, 593: 498, 594: 736, 595: 736, 596: 498, 597: 86, 598: 324, 599: 498, 600: 736, 601: 86, 602: 324, 603: 324, 604: 86, 605: 512, 606: 750, 607: 526, 608: 764, 613: 512, 614: 750, 615: 736, 616: 498, 617: 764, 618: 526, 621: 114, 622: 352, 625: 750, 626: 512, 629: 736, 630: 498, 631: 324, 632: 86, 633: 324, 634: 86, 635: 470, 636: 708, 645: 86, 646: 324, 651: 86, 652: 324, 661: 352, 662: 114, 663: 652, 664: 414, 665: 352, 666: 114, 667: 324, 668: 86, 713: 414, 714: 652, 717: 470, 718: 708, 719: 352, 720: 114, 721: 764, 722: 526, 723: 86, 724: 324, 743: 512, 744: 750, 745: 324, 746: 86, 747: 736, 748: 498, 763: 324, 764: 86, 765: 86, 766: 324, 767: 470, 768: 708, 785: 414, 786: 652, 787: 86, 788: 324, 789: 736, 790: 498, 791: 86, 792: 324, 793: 736, 794: 498, 795: 86, 796: 324, 797: 764, 798: 526, 799: 498, 800: 736, 801: 526, 802: 764, 879: 324, 880: 86}
Correct solution!
Number of lables used:  14
Time taken: 0.23 seconds
Memory used: 32.29 MB
--------------------------------------------------

Trying with at most 13 labels...
[runlim] sample:		10.0 time, 10.1 real, 52.9 MB
Cannot find solution.
No more solutions found.
Optimal number of labels used:  14
Time taken: 18.88 seconds
[runlim] end:			Thu Jan 15 00:15:27 2026
[runlim] status:		ok
[runlim] result:		0
[runlim] children:		0
[runlim] real:			19.03 seconds
[runlim] time:			18.89 seconds
[runlim] space:			53.2 MB
[runlim] samples:		189
