[runlim] version:		1.10
[runlim] time limit:		311040000 seconds
[runlim] real time limit:	600 seconds
[runlim] space limit:		8000 MB
[runlim] argv[0]:		python3
[runlim] argv[1]:		-u
[runlim] argv[2]:		mip.py
[runlim] argv[3]:		scen03
[runlim] start:			Fri Dec 12 00:13:31 2025
[runlim] main pid:		168436
Building MIP model...
[runlim] sample:		9.8 time, 10.4 real, 32.5 MB
[runlim] sample:		19.5 time, 20.4 real, 34.9 MB
[runlim] sample:		29.3 time, 29.6 real, 37.1 MB
[runlim] sample:		39.0 time, 39.6 real, 38.7 MB
[runlim] sample:		48.8 time, 49.6 real, 40.4 MB
[runlim] sample:		58.6 time, 58.9 real, 40.9 MB
[runlim] sample:		68.3 time, 68.9 real, 44.4 MB
[runlim] sample:		78.1 time, 78.9 real, 44.8 MB
Build time: 86.98s
Solving MIP (minimizing number of labels)...
Version identifier: 22.1.1.0 | 2022-11-28 | 9160aff4d
CPXPARAM_Read_DataCheck                          1
Legacy callback                                  i
Tried aggregator 2 times.
MIP Presolve eliminated 384490 rows and 17 columns.
MIP Presolve modified 20543 coefficients.
Aggregator did 7946 substitutions.
Reduced MIP has 20743 rows, 7977 columns, and 221157 nonzeros.
Reduced MIP has 7977 binaries, 0 generals, 0 SOSs, and 0 indicators.
Presolve time = 1.35 sec. (1320.07 ticks)
[runlim] sample:		88.7 time, 88.9 real, 136.7 MB
Found incumbent of value 48.000000 after 1.58 sec. (1628.46 ticks)
Probing time = 0.02 sec. (3.94 ticks)
Tried aggregator 2 times.
Detecting symmetries...
MIP Presolve eliminated 2 rows and 1 columns.
Aggregator did 2 substitutions.
Reduced MIP has 20739 rows, 7972 columns, and 221148 nonzeros.
Reduced MIP has 7972 binaries, 0 generals, 0 SOSs, and 0 indicators.
Presolve time = 0.23 sec. (241.31 ticks)
Probing time = 0.02 sec. (4.20 ticks)
Clique table members: 20745.
MIP emphasis: balance optimality and feasibility.
MIP search method: dynamic search.
Parallel mode: deterministic, using up to 12 threads.
Root relaxation solution time = 4.66 sec. (3387.80 ticks)

        Nodes                                         Cuts/
   Node  Left     Objective  IInf  Best Integer    Best Bound    ItCnt     Gap

*     0+    0                           44.0000        0.0000           100.00%
*     0+    0                           22.0000        0.0000           100.00%
*     0+    0                           20.0000        0.0000           100.00%
*     0+    0                           18.0000        0.0000           100.00%
*     0+    0                           16.0000        0.0000           100.00%
*     0+    0                           14.0000        0.0000           100.00%
      0     0       12.0000   522       14.0000       12.0000    20288   14.29%

========== NEW INCUMBENT SOLUTION ==========
{13: 128, 14: 366, 15: 128, 16: 366, 23: 128, 24: 366, 49: 128, 50: 366, 51: 44, 52: 282, 53: 778, 54: 540, 67: 694, 68: 456, 69: 128, 70: 366, 79: 666, 80: 428, 81: 366, 82: 128, 83: 282, 84: 44, 85: 778, 86: 540, 103: 128, 104: 366, 105: 666, 106: 428, 117: 666, 118: 428, 119: 44, 120: 282, 127: 282, 128: 44, 129: 456, 130: 694, 143: 324, 144: 86, 145: 456, 146: 694, 151: 428, 152: 666, 153: 540, 154: 778, 155: 456, 156: 694, 157: 282, 158: 44, 179: 324, 180: 86, 181: 128, 182: 366, 183: 142, 184: 380, 191: 456, 192: 694, 193: 44, 194: 282, 205: 86, 206: 324, 209: 694, 210: 456, 211: 282, 212: 44, 213: 86, 214: 324, 215: 44, 216: 282, 217: 456, 218: 694, 233: 282, 234: 44, 235: 366, 236: 128, 237: 366, 238: 128, 261: 366, 262: 128, 263: 456, 264: 694, 265: 540, 266: 778, 267: 456, 268: 694, 269: 540, 270: 778, 271: 540, 272: 778, 273: 540, 274: 778, 275: 44, 276: 282, 277: 540, 278: 778, 281: 366, 282: 128, 283: 282, 284: 44, 285: 428, 286: 666, 287: 694, 288: 456, 289: 128, 290: 366, 291: 282, 292: 44, 293: 142, 294: 380, 295: 540, 296: 778, 299: 428, 300: 666, 301: 778, 302: 540, 303: 456, 304: 694, 305: 44, 306: 282, 307: 366, 308: 128, 309: 778, 310: 540, 311: 456, 312: 694, 313: 456, 314: 694, 321: 128, 322: 366, 323: 128, 324: 366, 325: 366, 326: 128, 327: 540, 328: 778, 329: 128, 330: 366, 339: 366, 340: 128, 341: 128, 342: 366, 343: 128, 344: 366, 345: 540, 346: 778, 347: 666, 348: 428, 349: 428, 350: 666, 351: 456, 352: 694, 355: 666, 356: 428, 357: 666, 358: 428, 359: 456, 360: 694, 361: 778, 362: 540, 363: 86, 364: 324, 365: 366, 366: 128, 367: 778, 368: 540, 369: 456, 370: 694, 371: 44, 372: 282, 375: 428, 376: 666, 377: 282, 378: 44, 383: 666, 384: 428, 387: 694, 388: 456, 397: 666, 398: 428, 401: 128, 402: 366, 405: 324, 406: 86, 435: 694, 436: 456, 439: 694, 440: 456, 449: 540, 450: 778, 471: 428, 472: 666, 475: 666, 476: 428, 477: 540, 478: 778, 481: 778, 482: 540, 491: 428, 492: 666, 493: 778, 494: 540, 495: 540, 496: 778, 517: 128, 518: 366, 519: 44, 520: 282, 525: 44, 526: 282, 533: 128, 534: 366, 535: 428, 536: 666, 547: 778, 548: 540, 555: 456, 556: 694, 557: 540, 558: 778, 559: 282, 560: 44, 561: 44, 562: 282, 563: 778, 564: 540, 565: 366, 566: 128, 573: 540, 574: 778, 575: 428, 576: 666, 577: 456, 578: 694, 579: 456, 580: 694, 581: 666, 582: 428, 583: 366, 584: 128, 585: 44, 586: 282, 587: 666, 588: 428, 589: 540, 590: 778, 591: 540, 592: 778, 593: 44, 594: 282, 595: 694, 596: 456, 597: 128, 598: 366, 599: 44, 600: 282, 601: 666, 602: 428, 603: 428, 604: 666, 605: 540, 606: 778, 607: 324, 608: 86, 613: 666, 614: 428, 615: 694, 616: 456, 617: 128, 618: 366, 619: 324, 620: 86, 621: 128, 622: 366, 623: 128, 624: 366, 625: 540, 626: 778, 629: 128, 630: 366, 631: 666, 632: 428, 633: 666, 634: 428, 635: 778, 636: 540, 637: 666, 638: 428, 639: 540, 640: 778, 641: 324, 642: 86, 643: 282, 644: 44, 645: 282, 646: 44, 651: 428, 652: 666, 653: 540, 654: 778, 661: 128, 662: 366, 663: 778, 664: 540, 665: 324, 666: 86, 667: 128, 668: 366, 671: 366, 672: 128, 713: 540, 714: 778, 715: 366, 716: 128, 717: 666, 718: 428, 719: 44, 720: 282, 721: 456, 722: 694, 723: 456, 724: 694, 725: 128, 726: 366, 727: 128, 728: 366, 733: 44, 734: 282, 741: 540, 742: 778, 743: 428, 744: 666, 745: 540, 746: 778, 747: 366, 748: 128, 757: 694, 758: 456, 759: 540, 760: 778, 763: 282, 764: 44, 765: 86, 766: 324, 767: 694, 768: 456, 769: 366, 770: 128, 771: 282, 772: 44, 773: 428, 774: 666, 783: 366, 784: 128, 785: 142, 786: 380, 787: 44, 788: 282, 789: 128, 790: 366, 791: 778, 792: 540, 793: 366, 794: 128, 795: 282, 796: 44, 797: 456, 798: 694, 799: 778, 800: 540, 801: 324, 802: 86, 815: 282, 816: 44, 817: 540, 818: 778, 825: 694, 826: 456, 827: 44, 828: 282, 829: 366, 830: 128, 835: 778, 836: 540, 837: 666, 838: 428, 867: 540, 868: 778, 875: 778, 876: 540, 877: 44, 878: 282, 879: 282, 880: 44, 881: 666, 882: 428, 893: 128, 894: 366, 903: 666, 904: 428, 911: 366, 912: 128}
Number of labels used: 14
Total time: 93.63 sec
Memory: 340.02 MB
=============================================

========== NEW INCUMBENT SOLUTION ==========
{13: 128, 14: 366, 15: 128, 16: 366, 23: 128, 24: 366, 49: 128, 50: 366, 51: 44, 52: 282, 53: 778, 54: 540, 67: 694, 68: 456, 69: 128, 70: 366, 79: 666, 80: 428, 81: 366, 82: 128, 83: 282, 84: 44, 85: 778, 86: 540, 103: 128, 104: 366, 105: 666, 106: 428, 117: 666, 118: 428, 119: 44, 120: 282, 127: 282, 128: 44, 129: 456, 130: 694, 143: 324, 144: 86, 145: 456, 146: 694, 151: 428, 152: 666, 153: 540, 154: 778, 155: 456, 156: 694, 157: 282, 158: 44, 179: 324, 180: 86, 181: 128, 182: 366, 183: 142, 184: 380, 191: 456, 192: 694, 193: 44, 194: 282, 205: 86, 206: 324, 209: 694, 210: 456, 211: 282, 212: 44, 213: 86, 214: 324, 215: 44, 216: 282, 217: 456, 218: 694, 233: 282, 234: 44, 235: 366, 236: 128, 237: 366, 238: 128, 261: 366, 262: 128, 263: 456, 264: 694, 265: 540, 266: 778, 267: 456, 268: 694, 269: 540, 270: 778, 271: 540, 272: 778, 273: 540, 274: 778, 275: 44, 276: 282, 277: 540, 278: 778, 281: 366, 282: 128, 283: 282, 284: 44, 285: 428, 286: 666, 287: 694, 288: 456, 289: 128, 290: 366, 291: 282, 292: 44, 293: 142, 294: 380, 295: 540, 296: 778, 299: 428, 300: 666, 301: 778, 302: 540, 303: 456, 304: 694, 305: 44, 306: 282, 307: 366, 308: 128, 309: 778, 310: 540, 311: 456, 312: 694, 313: 456, 314: 694, 321: 128, 322: 366, 323: 128, 324: 366, 325: 366, 326: 128, 327: 540, 328: 778, 329: 128, 330: 366, 339: 366, 340: 128, 341: 128, 342: 366, 343: 128, 344: 366, 345: 540, 346: 778, 347: 666, 348: 428, 349: 428, 350: 666, 351: 456, 352: 694, 355: 666, 356: 428, 357: 666, 358: 428, 359: 456, 360: 694, 361: 778, 362: 540, 363: 86, 364: 324, 365: 366, 366: 128, 367: 778, 368: 540, 369: 456, 370: 694, 371: 44, 372: 282, 375: 428, 376: 666, 377: 282, 378: 44, 383: 666, 384: 428, 387: 694, 388: 456, 397: 666, 398: 428, 401: 128, 402: 366, 405: 324, 406: 86, 435: 694, 436: 456, 439: 694, 440: 456, 449: 540, 450: 778, 471: 428, 472: 666, 475: 666, 476: 428, 477: 540, 478: 778, 481: 778, 482: 540, 491: 428, 492: 666, 493: 778, 494: 540, 495: 540, 496: 778, 517: 128, 518: 366, 519: 44, 520: 282, 525: 44, 526: 282, 533: 128, 534: 366, 535: 428, 536: 666, 547: 778, 548: 540, 555: 456, 556: 694, 557: 540, 558: 778, 559: 282, 560: 44, 561: 44, 562: 282, 563: 778, 564: 540, 565: 366, 566: 128, 573: 540, 574: 778, 575: 428, 576: 666, 577: 456, 578: 694, 579: 456, 580: 694, 581: 666, 582: 428, 583: 366, 584: 128, 585: 44, 586: 282, 587: 666, 588: 428, 589: 540, 590: 778, 591: 540, 592: 778, 593: 44, 594: 282, 595: 694, 596: 456, 597: 128, 598: 366, 599: 44, 600: 282, 601: 666, 602: 428, 603: 428, 604: 666, 605: 540, 606: 778, 607: 324, 608: 86, 613: 666, 614: 428, 615: 694, 616: 456, 617: 128, 618: 366, 619: 324, 620: 86, 621: 128, 622: 366, 623: 128, 624: 366, 625: 540, 626: 778, 629: 128, 630: 366, 631: 666, 632: 428, 633: 666, 634: 428, 635: 778, 636: 540, 637: 666, 638: 428, 639: 540, 640: 778, 641: 324, 642: 86, 643: 282, 644: 44, 645: 282, 646: 44, 651: 428, 652: 666, 653: 540, 654: 778, 661: 128, 662: 366, 663: 778, 664: 540, 665: 324, 666: 86, 667: 128, 668: 366, 671: 366, 672: 128, 713: 540, 714: 778, 715: 366, 716: 128, 717: 666, 718: 428, 719: 44, 720: 282, 721: 456, 722: 694, 723: 456, 724: 694, 725: 128, 726: 366, 727: 128, 728: 366, 733: 44, 734: 282, 741: 540, 742: 778, 743: 428, 744: 666, 745: 540, 746: 778, 747: 366, 748: 128, 757: 694, 758: 456, 759: 540, 760: 778, 763: 282, 764: 44, 765: 86, 766: 324, 767: 694, 768: 456, 769: 366, 770: 128, 771: 282, 772: 44, 773: 428, 774: 666, 783: 366, 784: 128, 785: 142, 786: 380, 787: 44, 788: 282, 789: 128, 790: 366, 791: 778, 792: 540, 793: 366, 794: 128, 795: 282, 796: 44, 797: 456, 798: 694, 799: 778, 800: 540, 801: 324, 802: 86, 815: 282, 816: 44, 817: 540, 818: 778, 825: 694, 826: 456, 827: 44, 828: 282, 829: 366, 830: 128, 835: 778, 836: 540, 837: 666, 838: 428, 867: 540, 868: 778, 875: 778, 876: 540, 877: 44, 878: 282, 879: 282, 880: 44, 881: 666, 882: 428, 893: 128, 894: 366, 903: 666, 904: 428, 911: 366, 912: 128}
Number of labels used: 14
Total time: 93.75 sec
Memory: 348.15 MB
=============================================
[runlim] sample:		132.0 time, 98.1 real, 392.6 MB
[runlim] sample:		151.5 time, 108.1 real, 398.5 MB
[runlim] sample:		171.0 time, 118.1 real, 398.9 MB
[runlim] sample:		190.6 time, 127.4 real, 399.0 MB
[runlim] sample:		210.1 time, 137.4 real, 399.0 MB
[runlim] sample:		229.7 time, 147.4 real, 399.0 MB
[runlim] sample:		249.2 time, 156.6 real, 399.3 MB
[runlim] sample:		268.7 time, 166.6 real, 399.4 MB
[runlim] sample:		288.3 time, 176.6 real, 399.5 MB
[runlim] sample:		307.8 time, 185.9 real, 399.5 MB
[runlim] sample:		327.3 time, 195.9 real, 399.5 MB

========== NEW INCUMBENT SOLUTION ==========
{13: 128, 14: 366, 15: 128, 16: 366, 23: 128, 24: 366, 49: 128, 50: 366, 51: 44, 52: 282, 53: 778, 54: 540, 67: 694, 68: 456, 69: 128, 70: 366, 79: 666, 80: 428, 81: 366, 82: 128, 83: 282, 84: 44, 85: 778, 86: 540, 103: 128, 104: 366, 105: 666, 106: 428, 117: 666, 118: 428, 119: 44, 120: 282, 127: 282, 128: 44, 129: 456, 130: 694, 143: 324, 144: 86, 145: 456, 146: 694, 151: 428, 152: 666, 153: 540, 154: 778, 155: 456, 156: 694, 157: 282, 158: 44, 179: 324, 180: 86, 181: 128, 182: 366, 183: 142, 184: 380, 191: 456, 192: 694, 193: 44, 194: 282, 205: 86, 206: 324, 209: 694, 210: 456, 211: 282, 212: 44, 213: 86, 214: 324, 215: 44, 216: 282, 217: 456, 218: 694, 233: 282, 234: 44, 235: 366, 236: 128, 237: 366, 238: 128, 261: 366, 262: 128, 263: 456, 264: 694, 265: 540, 266: 778, 267: 456, 268: 694, 269: 540, 270: 778, 271: 540, 272: 778, 273: 540, 274: 778, 275: 44, 276: 282, 277: 540, 278: 778, 281: 366, 282: 128, 283: 282, 284: 44, 285: 428, 286: 666, 287: 694, 288: 456, 289: 128, 290: 366, 291: 282, 292: 44, 293: 142, 294: 380, 295: 540, 296: 778, 299: 428, 300: 666, 301: 778, 302: 540, 303: 456, 304: 694, 305: 44, 306: 282, 307: 366, 308: 128, 309: 778, 310: 540, 311: 456, 312: 694, 313: 456, 314: 694, 321: 128, 322: 366, 323: 128, 324: 366, 325: 366, 326: 128, 327: 540, 328: 778, 329: 128, 330: 366, 339: 366, 340: 128, 341: 128, 342: 366, 343: 128, 344: 366, 345: 540, 346: 778, 347: 666, 348: 428, 349: 428, 350: 666, 351: 456, 352: 694, 355: 666, 356: 428, 357: 666, 358: 428, 359: 456, 360: 694, 361: 778, 362: 540, 363: 86, 364: 324, 365: 366, 366: 128, 367: 778, 368: 540, 369: 456, 370: 694, 371: 44, 372: 282, 375: 428, 376: 666, 377: 282, 378: 44, 383: 666, 384: 428, 387: 694, 388: 456, 397: 666, 398: 428, 401: 128, 402: 366, 405: 324, 406: 86, 435: 694, 436: 456, 439: 694, 440: 456, 449: 540, 450: 778, 471: 428, 472: 666, 475: 666, 476: 428, 477: 540, 478: 778, 481: 778, 482: 540, 491: 428, 492: 666, 493: 778, 494: 540, 495: 540, 496: 778, 517: 128, 518: 366, 519: 44, 520: 282, 525: 44, 526: 282, 533: 128, 534: 366, 535: 428, 536: 666, 547: 778, 548: 540, 555: 456, 556: 694, 557: 540, 558: 778, 559: 282, 560: 44, 561: 44, 562: 282, 563: 778, 564: 540, 565: 366, 566: 128, 573: 540, 574: 778, 575: 428, 576: 666, 577: 456, 578: 694, 579: 456, 580: 694, 581: 666, 582: 428, 583: 366, 584: 128, 585: 44, 586: 282, 587: 666, 588: 428, 589: 540, 590: 778, 591: 540, 592: 778, 593: 44, 594: 282, 595: 694, 596: 456, 597: 128, 598: 366, 599: 44, 600: 282, 601: 666, 602: 428, 603: 428, 604: 666, 605: 540, 606: 778, 607: 324, 608: 86, 613: 666, 614: 428, 615: 694, 616: 456, 617: 128, 618: 366, 619: 324, 620: 86, 621: 128, 622: 366, 623: 128, 624: 366, 625: 540, 626: 778, 629: 128, 630: 366, 631: 666, 632: 428, 633: 666, 634: 428, 635: 778, 636: 540, 637: 666, 638: 428, 639: 540, 640: 778, 641: 324, 642: 86, 643: 282, 644: 44, 645: 282, 646: 44, 651: 428, 652: 666, 653: 540, 654: 778, 661: 128, 662: 366, 663: 778, 664: 540, 665: 324, 666: 86, 667: 128, 668: 366, 671: 366, 672: 128, 713: 540, 714: 778, 715: 366, 716: 128, 717: 666, 718: 428, 719: 44, 720: 282, 721: 456, 722: 694, 723: 456, 724: 694, 725: 128, 726: 366, 727: 128, 728: 366, 733: 44, 734: 282, 741: 540, 742: 778, 743: 428, 744: 666, 745: 540, 746: 778, 747: 366, 748: 128, 757: 694, 758: 456, 759: 540, 760: 778, 763: 282, 764: 44, 765: 86, 766: 324, 767: 694, 768: 456, 769: 366, 770: 128, 771: 282, 772: 44, 773: 428, 774: 666, 783: 366, 784: 128, 785: 142, 786: 380, 787: 44, 788: 282, 789: 128, 790: 366, 791: 778, 792: 540, 793: 366, 794: 128, 795: 282, 796: 44, 797: 456, 798: 694, 799: 778, 800: 540, 801: 324, 802: 86, 815: 282, 816: 44, 817: 540, 818: 778, 825: 694, 826: 456, 827: 44, 828: 282, 829: 366, 830: 128, 835: 778, 836: 540, 837: 666, 838: 428, 867: 540, 868: 778, 875: 778, 876: 540, 877: 44, 878: 282, 879: 282, 880: 44, 881: 666, 882: 428, 893: 128, 894: 366, 903: 666, 904: 428, 911: 366, 912: 128}
Number of labels used: 14
Total time: 196.16 sec
Memory: 399.52 MB
=============================================
      0     0       12.0000  1084       14.0000     Cuts: 378    82989   14.29%

========== NEW INCUMBENT SOLUTION ==========
{13: 128, 14: 366, 15: 128, 16: 366, 23: 128, 24: 366, 49: 128, 50: 366, 51: 44, 52: 282, 53: 778, 54: 540, 67: 694, 68: 456, 69: 128, 70: 366, 79: 666, 80: 428, 81: 366, 82: 128, 83: 282, 84: 44, 85: 778, 86: 540, 103: 128, 104: 366, 105: 666, 106: 428, 117: 666, 118: 428, 119: 44, 120: 282, 127: 282, 128: 44, 129: 456, 130: 694, 143: 324, 144: 86, 145: 456, 146: 694, 151: 428, 152: 666, 153: 540, 154: 778, 155: 456, 156: 694, 157: 282, 158: 44, 179: 324, 180: 86, 181: 128, 182: 366, 183: 142, 184: 380, 191: 456, 192: 694, 193: 44, 194: 282, 205: 86, 206: 324, 209: 694, 210: 456, 211: 282, 212: 44, 213: 86, 214: 324, 215: 44, 216: 282, 217: 456, 218: 694, 233: 282, 234: 44, 235: 366, 236: 128, 237: 366, 238: 128, 261: 366, 262: 128, 263: 456, 264: 694, 265: 540, 266: 778, 267: 456, 268: 694, 269: 540, 270: 778, 271: 540, 272: 778, 273: 540, 274: 778, 275: 44, 276: 282, 277: 540, 278: 778, 281: 366, 282: 128, 283: 282, 284: 44, 285: 428, 286: 666, 287: 694, 288: 456, 289: 128, 290: 366, 291: 282, 292: 44, 293: 142, 294: 380, 295: 540, 296: 778, 299: 428, 300: 666, 301: 778, 302: 540, 303: 456, 304: 694, 305: 44, 306: 282, 307: 366, 308: 128, 309: 778, 310: 540, 311: 456, 312: 694, 313: 456, 314: 694, 321: 128, 322: 366, 323: 128, 324: 366, 325: 366, 326: 128, 327: 540, 328: 778, 329: 128, 330: 366, 339: 366, 340: 128, 341: 128, 342: 366, 343: 128, 344: 366, 345: 540, 346: 778, 347: 666, 348: 428, 349: 428, 350: 666, 351: 456, 352: 694, 355: 666, 356: 428, 357: 666, 358: 428, 359: 456, 360: 694, 361: 778, 362: 540, 363: 86, 364: 324, 365: 366, 366: 128, 367: 778, 368: 540, 369: 456, 370: 694, 371: 44, 372: 282, 375: 428, 376: 666, 377: 282, 378: 44, 383: 666, 384: 428, 387: 694, 388: 456, 397: 666, 398: 428, 401: 128, 402: 366, 405: 324, 406: 86, 435: 694, 436: 456, 439: 694, 440: 456, 449: 540, 450: 778, 471: 428, 472: 666, 475: 666, 476: 428, 477: 540, 478: 778, 481: 778, 482: 540, 491: 428, 492: 666, 493: 778, 494: 540, 495: 540, 496: 778, 517: 128, 518: 366, 519: 44, 520: 282, 525: 44, 526: 282, 533: 128, 534: 366, 535: 428, 536: 666, 547: 778, 548: 540, 555: 456, 556: 694, 557: 540, 558: 778, 559: 282, 560: 44, 561: 44, 562: 282, 563: 778, 564: 540, 565: 366, 566: 128, 573: 540, 574: 778, 575: 428, 576: 666, 577: 456, 578: 694, 579: 456, 580: 694, 581: 666, 582: 428, 583: 366, 584: 128, 585: 44, 586: 282, 587: 666, 588: 428, 589: 540, 590: 778, 591: 540, 592: 778, 593: 44, 594: 282, 595: 694, 596: 456, 597: 128, 598: 366, 599: 44, 600: 282, 601: 666, 602: 428, 603: 428, 604: 666, 605: 540, 606: 778, 607: 324, 608: 86, 613: 666, 614: 428, 615: 694, 616: 456, 617: 128, 618: 366, 619: 324, 620: 86, 621: 128, 622: 366, 623: 128, 624: 366, 625: 540, 626: 778, 629: 128, 630: 366, 631: 666, 632: 428, 633: 666, 634: 428, 635: 778, 636: 540, 637: 666, 638: 428, 639: 540, 640: 778, 641: 324, 642: 86, 643: 282, 644: 44, 645: 282, 646: 44, 651: 428, 652: 666, 653: 540, 654: 778, 661: 128, 662: 366, 663: 778, 664: 540, 665: 324, 666: 86, 667: 128, 668: 366, 671: 366, 672: 128, 713: 540, 714: 778, 715: 366, 716: 128, 717: 666, 718: 428, 719: 44, 720: 282, 721: 456, 722: 694, 723: 456, 724: 694, 725: 128, 726: 366, 727: 128, 728: 366, 733: 44, 734: 282, 741: 540, 742: 778, 743: 428, 744: 666, 745: 540, 746: 778, 747: 366, 748: 128, 757: 694, 758: 456, 759: 540, 760: 778, 763: 282, 764: 44, 765: 86, 766: 324, 767: 694, 768: 456, 769: 366, 770: 128, 771: 282, 772: 44, 773: 428, 774: 666, 783: 366, 784: 128, 785: 142, 786: 380, 787: 44, 788: 282, 789: 128, 790: 366, 791: 778, 792: 540, 793: 366, 794: 128, 795: 282, 796: 44, 797: 456, 798: 694, 799: 778, 800: 540, 801: 324, 802: 86, 815: 282, 816: 44, 817: 540, 818: 778, 825: 694, 826: 456, 827: 44, 828: 282, 829: 366, 830: 128, 835: 778, 836: 540, 837: 666, 838: 428, 867: 540, 868: 778, 875: 778, 876: 540, 877: 44, 878: 282, 879: 282, 880: 44, 881: 666, 882: 428, 893: 128, 894: 366, 903: 666, 904: 428, 911: 366, 912: 128}
Number of labels used: 14
Total time: 196.18 sec
Memory: 399.52 MB
=============================================
[runlim] sample:		346.9 time, 205.9 real, 412.4 MB
[runlim] sample:		366.4 time, 215.9 real, 412.6 MB
[runlim] sample:		385.9 time, 225.1 real, 412.6 MB
[runlim] sample:		405.5 time, 235.1 real, 412.6 MB
[runlim] sample:		425.0 time, 245.1 real, 412.6 MB
[runlim] sample:		444.6 time, 254.4 real, 412.6 MB
[runlim] sample:		464.1 time, 264.4 real, 412.6 MB
[runlim] sample:		483.6 time, 274.4 real, 412.6 MB

========== NEW INCUMBENT SOLUTION ==========
{13: 128, 14: 366, 15: 128, 16: 366, 23: 128, 24: 366, 49: 128, 50: 366, 51: 44, 52: 282, 53: 778, 54: 540, 67: 694, 68: 456, 69: 128, 70: 366, 79: 666, 80: 428, 81: 366, 82: 128, 83: 282, 84: 44, 85: 778, 86: 540, 103: 128, 104: 366, 105: 666, 106: 428, 117: 666, 118: 428, 119: 44, 120: 282, 127: 282, 128: 44, 129: 456, 130: 694, 143: 324, 144: 86, 145: 456, 146: 694, 151: 428, 152: 666, 153: 540, 154: 778, 155: 456, 156: 694, 157: 282, 158: 44, 179: 324, 180: 86, 181: 128, 182: 366, 183: 142, 184: 380, 191: 456, 192: 694, 193: 44, 194: 282, 205: 86, 206: 324, 209: 694, 210: 456, 211: 282, 212: 44, 213: 86, 214: 324, 215: 44, 216: 282, 217: 456, 218: 694, 233: 282, 234: 44, 235: 366, 236: 128, 237: 366, 238: 128, 261: 366, 262: 128, 263: 456, 264: 694, 265: 540, 266: 778, 267: 456, 268: 694, 269: 540, 270: 778, 271: 540, 272: 778, 273: 540, 274: 778, 275: 44, 276: 282, 277: 540, 278: 778, 281: 366, 282: 128, 283: 282, 284: 44, 285: 428, 286: 666, 287: 694, 288: 456, 289: 128, 290: 366, 291: 282, 292: 44, 293: 142, 294: 380, 295: 540, 296: 778, 299: 428, 300: 666, 301: 778, 302: 540, 303: 456, 304: 694, 305: 44, 306: 282, 307: 366, 308: 128, 309: 778, 310: 540, 311: 456, 312: 694, 313: 456, 314: 694, 321: 128, 322: 366, 323: 128, 324: 366, 325: 366, 326: 128, 327: 540, 328: 778, 329: 128, 330: 366, 339: 366, 340: 128, 341: 128, 342: 366, 343: 128, 344: 366, 345: 540, 346: 778, 347: 666, 348: 428, 349: 428, 350: 666, 351: 456, 352: 694, 355: 666, 356: 428, 357: 666, 358: 428, 359: 456, 360: 694, 361: 778, 362: 540, 363: 86, 364: 324, 365: 366, 366: 128, 367: 778, 368: 540, 369: 456, 370: 694, 371: 44, 372: 282, 375: 428, 376: 666, 377: 282, 378: 44, 383: 666, 384: 428, 387: 694, 388: 456, 397: 666, 398: 428, 401: 128, 402: 366, 405: 324, 406: 86, 435: 694, 436: 456, 439: 694, 440: 456, 449: 540, 450: 778, 471: 428, 472: 666, 475: 666, 476: 428, 477: 540, 478: 778, 481: 778, 482: 540, 491: 428, 492: 666, 493: 778, 494: 540, 495: 540, 496: 778, 517: 128, 518: 366, 519: 44, 520: 282, 525: 44, 526: 282, 533: 128, 534: 366, 535: 428, 536: 666, 547: 778, 548: 540, 555: 456, 556: 694, 557: 540, 558: 778, 559: 282, 560: 44, 561: 44, 562: 282, 563: 778, 564: 540, 565: 366, 566: 128, 573: 540, 574: 778, 575: 428, 576: 666, 577: 456, 578: 694, 579: 456, 580: 694, 581: 666, 582: 428, 583: 366, 584: 128, 585: 44, 586: 282, 587: 666, 588: 428, 589: 540, 590: 778, 591: 540, 592: 778, 593: 44, 594: 282, 595: 694, 596: 456, 597: 128, 598: 366, 599: 44, 600: 282, 601: 666, 602: 428, 603: 428, 604: 666, 605: 540, 606: 778, 607: 324, 608: 86, 613: 666, 614: 428, 615: 694, 616: 456, 617: 128, 618: 366, 619: 324, 620: 86, 621: 128, 622: 366, 623: 128, 624: 366, 625: 540, 626: 778, 629: 128, 630: 366, 631: 666, 632: 428, 633: 666, 634: 428, 635: 778, 636: 540, 637: 666, 638: 428, 639: 540, 640: 778, 641: 324, 642: 86, 643: 282, 644: 44, 645: 282, 646: 44, 651: 428, 652: 666, 653: 540, 654: 778, 661: 128, 662: 366, 663: 778, 664: 540, 665: 324, 666: 86, 667: 128, 668: 366, 671: 366, 672: 128, 713: 540, 714: 778, 715: 366, 716: 128, 717: 666, 718: 428, 719: 44, 720: 282, 721: 456, 722: 694, 723: 456, 724: 694, 725: 128, 726: 366, 727: 128, 728: 366, 733: 44, 734: 282, 741: 540, 742: 778, 743: 428, 744: 666, 745: 540, 746: 778, 747: 366, 748: 128, 757: 694, 758: 456, 759: 540, 760: 778, 763: 282, 764: 44, 765: 86, 766: 324, 767: 694, 768: 456, 769: 366, 770: 128, 771: 282, 772: 44, 773: 428, 774: 666, 783: 366, 784: 128, 785: 142, 786: 380, 787: 44, 788: 282, 789: 128, 790: 366, 791: 778, 792: 540, 793: 366, 794: 128, 795: 282, 796: 44, 797: 456, 798: 694, 799: 778, 800: 540, 801: 324, 802: 86, 815: 282, 816: 44, 817: 540, 818: 778, 825: 694, 826: 456, 827: 44, 828: 282, 829: 366, 830: 128, 835: 778, 836: 540, 837: 666, 838: 428, 867: 540, 868: 778, 875: 778, 876: 540, 877: 44, 878: 282, 879: 282, 880: 44, 881: 666, 882: 428, 893: 128, 894: 366, 903: 666, 904: 428, 911: 366, 912: 128}
Number of labels used: 14
Total time: 277.47 sec
Memory: 412.65 MB
=============================================
      0     0       12.0000  1156       14.0000     Cuts: 373   144295   14.29%

========== NEW INCUMBENT SOLUTION ==========
{13: 128, 14: 366, 15: 128, 16: 366, 23: 128, 24: 366, 49: 128, 50: 366, 51: 44, 52: 282, 53: 778, 54: 540, 67: 694, 68: 456, 69: 128, 70: 366, 79: 666, 80: 428, 81: 366, 82: 128, 83: 282, 84: 44, 85: 778, 86: 540, 103: 128, 104: 366, 105: 666, 106: 428, 117: 666, 118: 428, 119: 44, 120: 282, 127: 282, 128: 44, 129: 456, 130: 694, 143: 324, 144: 86, 145: 456, 146: 694, 151: 428, 152: 666, 153: 540, 154: 778, 155: 456, 156: 694, 157: 282, 158: 44, 179: 324, 180: 86, 181: 128, 182: 366, 183: 142, 184: 380, 191: 456, 192: 694, 193: 44, 194: 282, 205: 86, 206: 324, 209: 694, 210: 456, 211: 282, 212: 44, 213: 86, 214: 324, 215: 44, 216: 282, 217: 456, 218: 694, 233: 282, 234: 44, 235: 366, 236: 128, 237: 366, 238: 128, 261: 366, 262: 128, 263: 456, 264: 694, 265: 540, 266: 778, 267: 456, 268: 694, 269: 540, 270: 778, 271: 540, 272: 778, 273: 540, 274: 778, 275: 44, 276: 282, 277: 540, 278: 778, 281: 366, 282: 128, 283: 282, 284: 44, 285: 428, 286: 666, 287: 694, 288: 456, 289: 128, 290: 366, 291: 282, 292: 44, 293: 142, 294: 380, 295: 540, 296: 778, 299: 428, 300: 666, 301: 778, 302: 540, 303: 456, 304: 694, 305: 44, 306: 282, 307: 366, 308: 128, 309: 778, 310: 540, 311: 456, 312: 694, 313: 456, 314: 694, 321: 128, 322: 366, 323: 128, 324: 366, 325: 366, 326: 128, 327: 540, 328: 778, 329: 128, 330: 366, 339: 366, 340: 128, 341: 128, 342: 366, 343: 128, 344: 366, 345: 540, 346: 778, 347: 666, 348: 428, 349: 428, 350: 666, 351: 456, 352: 694, 355: 666, 356: 428, 357: 666, 358: 428, 359: 456, 360: 694, 361: 778, 362: 540, 363: 86, 364: 324, 365: 366, 366: 128, 367: 778, 368: 540, 369: 456, 370: 694, 371: 44, 372: 282, 375: 428, 376: 666, 377: 282, 378: 44, 383: 666, 384: 428, 387: 694, 388: 456, 397: 666, 398: 428, 401: 128, 402: 366, 405: 324, 406: 86, 435: 694, 436: 456, 439: 694, 440: 456, 449: 540, 450: 778, 471: 428, 472: 666, 475: 666, 476: 428, 477: 540, 478: 778, 481: 778, 482: 540, 491: 428, 492: 666, 493: 778, 494: 540, 495: 540, 496: 778, 517: 128, 518: 366, 519: 44, 520: 282, 525: 44, 526: 282, 533: 128, 534: 366, 535: 428, 536: 666, 547: 778, 548: 540, 555: 456, 556: 694, 557: 540, 558: 778, 559: 282, 560: 44, 561: 44, 562: 282, 563: 778, 564: 540, 565: 366, 566: 128, 573: 540, 574: 778, 575: 428, 576: 666, 577: 456, 578: 694, 579: 456, 580: 694, 581: 666, 582: 428, 583: 366, 584: 128, 585: 44, 586: 282, 587: 666, 588: 428, 589: 540, 590: 778, 591: 540, 592: 778, 593: 44, 594: 282, 595: 694, 596: 456, 597: 128, 598: 366, 599: 44, 600: 282, 601: 666, 602: 428, 603: 428, 604: 666, 605: 540, 606: 778, 607: 324, 608: 86, 613: 666, 614: 428, 615: 694, 616: 456, 617: 128, 618: 366, 619: 324, 620: 86, 621: 128, 622: 366, 623: 128, 624: 366, 625: 540, 626: 778, 629: 128, 630: 366, 631: 666, 632: 428, 633: 666, 634: 428, 635: 778, 636: 540, 637: 666, 638: 428, 639: 540, 640: 778, 641: 324, 642: 86, 643: 282, 644: 44, 645: 282, 646: 44, 651: 428, 652: 666, 653: 540, 654: 778, 661: 128, 662: 366, 663: 778, 664: 540, 665: 324, 666: 86, 667: 128, 668: 366, 671: 366, 672: 128, 713: 540, 714: 778, 715: 366, 716: 128, 717: 666, 718: 428, 719: 44, 720: 282, 721: 456, 722: 694, 723: 456, 724: 694, 725: 128, 726: 366, 727: 128, 728: 366, 733: 44, 734: 282, 741: 540, 742: 778, 743: 428, 744: 666, 745: 540, 746: 778, 747: 366, 748: 128, 757: 694, 758: 456, 759: 540, 760: 778, 763: 282, 764: 44, 765: 86, 766: 324, 767: 694, 768: 456, 769: 366, 770: 128, 771: 282, 772: 44, 773: 428, 774: 666, 783: 366, 784: 128, 785: 142, 786: 380, 787: 44, 788: 282, 789: 128, 790: 366, 791: 778, 792: 540, 793: 366, 794: 128, 795: 282, 796: 44, 797: 456, 798: 694, 799: 778, 800: 540, 801: 324, 802: 86, 815: 282, 816: 44, 817: 540, 818: 778, 825: 694, 826: 456, 827: 44, 828: 282, 829: 366, 830: 128, 835: 778, 836: 540, 837: 666, 838: 428, 867: 540, 868: 778, 875: 778, 876: 540, 877: 44, 878: 282, 879: 282, 880: 44, 881: 666, 882: 428, 893: 128, 894: 366, 903: 666, 904: 428, 911: 366, 912: 128}
Number of labels used: 14
Total time: 277.49 sec
Memory: 412.65 MB
=============================================
[runlim] sample:		503.1 time, 283.6 real, 412.6 MB
[runlim] sample:		522.7 time, 293.6 real, 412.6 MB
[runlim] sample:		542.2 time, 303.6 real, 412.6 MB
[runlim] sample:		561.7 time, 312.8 real, 412.6 MB
Heuristic still looking.
[runlim] sample:		581.3 time, 322.8 real, 412.6 MB
[runlim] sample:		600.8 time, 332.8 real, 412.6 MB
[runlim] sample:		620.3 time, 342.8 real, 412.6 MB
[runlim] sample:		639.9 time, 352.1 real, 412.6 MB
Heuristic still looking.
[runlim] sample:		665.8 time, 362.1 real, 440.3 MB
[runlim] sample:		721.7 time, 372.1 real, 494.8 MB
[runlim] sample:		785.6 time, 381.3 real, 498.9 MB
[runlim] sample:		835.1 time, 391.3 real, 499.3 MB
[runlim] sample:		886.4 time, 401.3 real, 500.5 MB
[runlim] sample:		935.9 time, 410.6 real, 500.5 MB
[runlim] sample:		977.4 time, 420.6 real, 502.6 MB
[runlim] sample:		1014.2 time, 430.6 real, 504.0 MB
Detecting symmetries...

========== NEW INCUMBENT SOLUTION ==========
{13: 128, 14: 366, 15: 128, 16: 366, 23: 128, 24: 366, 49: 128, 50: 366, 51: 44, 52: 282, 53: 778, 54: 540, 67: 694, 68: 456, 69: 128, 70: 366, 79: 666, 80: 428, 81: 366, 82: 128, 83: 282, 84: 44, 85: 778, 86: 540, 103: 128, 104: 366, 105: 666, 106: 428, 117: 666, 118: 428, 119: 44, 120: 282, 127: 282, 128: 44, 129: 456, 130: 694, 143: 324, 144: 86, 145: 456, 146: 694, 151: 428, 152: 666, 153: 540, 154: 778, 155: 456, 156: 694, 157: 282, 158: 44, 179: 324, 180: 86, 181: 128, 182: 366, 183: 142, 184: 380, 191: 456, 192: 694, 193: 44, 194: 282, 205: 86, 206: 324, 209: 694, 210: 456, 211: 282, 212: 44, 213: 86, 214: 324, 215: 44, 216: 282, 217: 456, 218: 694, 233: 282, 234: 44, 235: 366, 236: 128, 237: 366, 238: 128, 261: 366, 262: 128, 263: 456, 264: 694, 265: 540, 266: 778, 267: 456, 268: 694, 269: 540, 270: 778, 271: 540, 272: 778, 273: 540, 274: 778, 275: 44, 276: 282, 277: 540, 278: 778, 281: 366, 282: 128, 283: 282, 284: 44, 285: 428, 286: 666, 287: 694, 288: 456, 289: 128, 290: 366, 291: 282, 292: 44, 293: 142, 294: 380, 295: 540, 296: 778, 299: 428, 300: 666, 301: 778, 302: 540, 303: 456, 304: 694, 305: 44, 306: 282, 307: 366, 308: 128, 309: 778, 310: 540, 311: 456, 312: 694, 313: 456, 314: 694, 321: 128, 322: 366, 323: 128, 324: 366, 325: 366, 326: 128, 327: 540, 328: 778, 329: 128, 330: 366, 339: 366, 340: 128, 341: 128, 342: 366, 343: 128, 344: 366, 345: 540, 346: 778, 347: 666, 348: 428, 349: 428, 350: 666, 351: 456, 352: 694, 355: 666, 356: 428, 357: 666, 358: 428, 359: 456, 360: 694, 361: 778, 362: 540, 363: 86, 364: 324, 365: 366, 366: 128, 367: 778, 368: 540, 369: 456, 370: 694, 371: 44, 372: 282, 375: 428, 376: 666, 377: 282, 378: 44, 383: 666, 384: 428, 387: 694, 388: 456, 397: 666, 398: 428, 401: 128, 402: 366, 405: 324, 406: 86, 435: 694, 436: 456, 439: 694, 440: 456, 449: 540, 450: 778, 471: 428, 472: 666, 475: 666, 476: 428, 477: 540, 478: 778, 481: 778, 482: 540, 491: 428, 492: 666, 493: 778, 494: 540, 495: 540, 496: 778, 517: 128, 518: 366, 519: 44, 520: 282, 525: 44, 526: 282, 533: 128, 534: 366, 535: 428, 536: 666, 547: 778, 548: 540, 555: 456, 556: 694, 557: 540, 558: 778, 559: 282, 560: 44, 561: 44, 562: 282, 563: 778, 564: 540, 565: 366, 566: 128, 573: 540, 574: 778, 575: 428, 576: 666, 577: 456, 578: 694, 579: 456, 580: 694, 581: 666, 582: 428, 583: 366, 584: 128, 585: 44, 586: 282, 587: 666, 588: 428, 589: 540, 590: 778, 591: 540, 592: 778, 593: 44, 594: 282, 595: 694, 596: 456, 597: 128, 598: 366, 599: 44, 600: 282, 601: 666, 602: 428, 603: 428, 604: 666, 605: 540, 606: 778, 607: 324, 608: 86, 613: 666, 614: 428, 615: 694, 616: 456, 617: 128, 618: 366, 619: 324, 620: 86, 621: 128, 622: 366, 623: 128, 624: 366, 625: 540, 626: 778, 629: 128, 630: 366, 631: 666, 632: 428, 633: 666, 634: 428, 635: 778, 636: 540, 637: 666, 638: 428, 639: 540, 640: 778, 641: 324, 642: 86, 643: 282, 644: 44, 645: 282, 646: 44, 651: 428, 652: 666, 653: 540, 654: 778, 661: 128, 662: 366, 663: 778, 664: 540, 665: 324, 666: 86, 667: 128, 668: 366, 671: 366, 672: 128, 713: 540, 714: 778, 715: 366, 716: 128, 717: 666, 718: 428, 719: 44, 720: 282, 721: 456, 722: 694, 723: 456, 724: 694, 725: 128, 726: 366, 727: 128, 728: 366, 733: 44, 734: 282, 741: 540, 742: 778, 743: 428, 744: 666, 745: 540, 746: 778, 747: 366, 748: 128, 757: 694, 758: 456, 759: 540, 760: 778, 763: 282, 764: 44, 765: 86, 766: 324, 767: 694, 768: 456, 769: 366, 770: 128, 771: 282, 772: 44, 773: 428, 774: 666, 783: 366, 784: 128, 785: 142, 786: 380, 787: 44, 788: 282, 789: 128, 790: 366, 791: 778, 792: 540, 793: 366, 794: 128, 795: 282, 796: 44, 797: 456, 798: 694, 799: 778, 800: 540, 801: 324, 802: 86, 815: 282, 816: 44, 817: 540, 818: 778, 825: 694, 826: 456, 827: 44, 828: 282, 829: 366, 830: 128, 835: 778, 836: 540, 837: 666, 838: 428, 867: 540, 868: 778, 875: 778, 876: 540, 877: 44, 878: 282, 879: 282, 880: 44, 881: 666, 882: 428, 893: 128, 894: 366, 903: 666, 904: 428, 911: 366, 912: 128}
Number of labels used: 14
Total time: 435.21 sec
Memory: 516.65 MB
=============================================
      0     2       12.0000  1156       14.0000       12.0000   144295   14.29%
Elapsed time = 348.23 sec. (361868.52 ticks, tree = 0.02 MB, solutions = 7)

========== NEW INCUMBENT SOLUTION ==========
{13: 128, 14: 366, 15: 128, 16: 366, 23: 128, 24: 366, 49: 128, 50: 366, 51: 44, 52: 282, 53: 778, 54: 540, 67: 694, 68: 456, 69: 128, 70: 366, 79: 666, 80: 428, 81: 366, 82: 128, 83: 282, 84: 44, 85: 778, 86: 540, 103: 128, 104: 366, 105: 666, 106: 428, 117: 666, 118: 428, 119: 44, 120: 282, 127: 282, 128: 44, 129: 456, 130: 694, 143: 324, 144: 86, 145: 456, 146: 694, 151: 428, 152: 666, 153: 540, 154: 778, 155: 456, 156: 694, 157: 282, 158: 44, 179: 324, 180: 86, 181: 128, 182: 366, 183: 142, 184: 380, 191: 456, 192: 694, 193: 44, 194: 282, 205: 86, 206: 324, 209: 694, 210: 456, 211: 282, 212: 44, 213: 86, 214: 324, 215: 44, 216: 282, 217: 456, 218: 694, 233: 282, 234: 44, 235: 366, 236: 128, 237: 366, 238: 128, 261: 366, 262: 128, 263: 456, 264: 694, 265: 540, 266: 778, 267: 456, 268: 694, 269: 540, 270: 778, 271: 540, 272: 778, 273: 540, 274: 778, 275: 44, 276: 282, 277: 540, 278: 778, 281: 366, 282: 128, 283: 282, 284: 44, 285: 428, 286: 666, 287: 694, 288: 456, 289: 128, 290: 366, 291: 282, 292: 44, 293: 142, 294: 380, 295: 540, 296: 778, 299: 428, 300: 666, 301: 778, 302: 540, 303: 456, 304: 694, 305: 44, 306: 282, 307: 366, 308: 128, 309: 778, 310: 540, 311: 456, 312: 694, 313: 456, 314: 694, 321: 128, 322: 366, 323: 128, 324: 366, 325: 366, 326: 128, 327: 540, 328: 778, 329: 128, 330: 366, 339: 366, 340: 128, 341: 128, 342: 366, 343: 128, 344: 366, 345: 540, 346: 778, 347: 666, 348: 428, 349: 428, 350: 666, 351: 456, 352: 694, 355: 666, 356: 428, 357: 666, 358: 428, 359: 456, 360: 694, 361: 778, 362: 540, 363: 86, 364: 324, 365: 366, 366: 128, 367: 778, 368: 540, 369: 456, 370: 694, 371: 44, 372: 282, 375: 428, 376: 666, 377: 282, 378: 44, 383: 666, 384: 428, 387: 694, 388: 456, 397: 666, 398: 428, 401: 128, 402: 366, 405: 324, 406: 86, 435: 694, 436: 456, 439: 694, 440: 456, 449: 540, 450: 778, 471: 428, 472: 666, 475: 666, 476: 428, 477: 540, 478: 778, 481: 778, 482: 540, 491: 428, 492: 666, 493: 778, 494: 540, 495: 540, 496: 778, 517: 128, 518: 366, 519: 44, 520: 282, 525: 44, 526: 282, 533: 128, 534: 366, 535: 428, 536: 666, 547: 778, 548: 540, 555: 456, 556: 694, 557: 540, 558: 778, 559: 282, 560: 44, 561: 44, 562: 282, 563: 778, 564: 540, 565: 366, 566: 128, 573: 540, 574: 778, 575: 428, 576: 666, 577: 456, 578: 694, 579: 456, 580: 694, 581: 666, 582: 428, 583: 366, 584: 128, 585: 44, 586: 282, 587: 666, 588: 428, 589: 540, 590: 778, 591: 540, 592: 778, 593: 44, 594: 282, 595: 694, 596: 456, 597: 128, 598: 366, 599: 44, 600: 282, 601: 666, 602: 428, 603: 428, 604: 666, 605: 540, 606: 778, 607: 324, 608: 86, 613: 666, 614: 428, 615: 694, 616: 456, 617: 128, 618: 366, 619: 324, 620: 86, 621: 128, 622: 366, 623: 128, 624: 366, 625: 540, 626: 778, 629: 128, 630: 366, 631: 666, 632: 428, 633: 666, 634: 428, 635: 778, 636: 540, 637: 666, 638: 428, 639: 540, 640: 778, 641: 324, 642: 86, 643: 282, 644: 44, 645: 282, 646: 44, 651: 428, 652: 666, 653: 540, 654: 778, 661: 128, 662: 366, 663: 778, 664: 540, 665: 324, 666: 86, 667: 128, 668: 366, 671: 366, 672: 128, 713: 540, 714: 778, 715: 366, 716: 128, 717: 666, 718: 428, 719: 44, 720: 282, 721: 456, 722: 694, 723: 456, 724: 694, 725: 128, 726: 366, 727: 128, 728: 366, 733: 44, 734: 282, 741: 540, 742: 778, 743: 428, 744: 666, 745: 540, 746: 778, 747: 366, 748: 128, 757: 694, 758: 456, 759: 540, 760: 778, 763: 282, 764: 44, 765: 86, 766: 324, 767: 694, 768: 456, 769: 366, 770: 128, 771: 282, 772: 44, 773: 428, 774: 666, 783: 366, 784: 128, 785: 142, 786: 380, 787: 44, 788: 282, 789: 128, 790: 366, 791: 778, 792: 540, 793: 366, 794: 128, 795: 282, 796: 44, 797: 456, 798: 694, 799: 778, 800: 540, 801: 324, 802: 86, 815: 282, 816: 44, 817: 540, 818: 778, 825: 694, 826: 456, 827: 44, 828: 282, 829: 366, 830: 128, 835: 778, 836: 540, 837: 666, 838: 428, 867: 540, 868: 778, 875: 778, 876: 540, 877: 44, 878: 282, 879: 282, 880: 44, 881: 666, 882: 428, 893: 128, 894: 366, 903: 666, 904: 428, 911: 366, 912: 128}
Number of labels used: 14
Total time: 435.27 sec
Memory: 516.65 MB
=============================================
[runlim] sample:		1034.1 time, 439.8 real, 516.6 MB
[runlim] sample:		1053.6 time, 449.8 real, 516.6 MB
[runlim] sample:		1073.2 time, 459.8 real, 516.6 MB
[runlim] sample:		1092.7 time, 469.8 real, 516.6 MB
[runlim] sample:		1112.2 time, 479.1 real, 516.6 MB
[runlim] sample:		1131.8 time, 489.1 real, 516.6 MB
[runlim] sample:		1151.3 time, 499.1 real, 516.6 MB
      1     3       12.0000  1083       14.0000       12.0000   222167   14.29%

========== NEW INCUMBENT SOLUTION ==========
{13: 128, 14: 366, 15: 128, 16: 366, 23: 128, 24: 366, 49: 128, 50: 366, 51: 44, 52: 282, 53: 778, 54: 540, 67: 694, 68: 456, 69: 128, 70: 366, 79: 666, 80: 428, 81: 366, 82: 128, 83: 282, 84: 44, 85: 778, 86: 540, 103: 128, 104: 366, 105: 666, 106: 428, 117: 666, 118: 428, 119: 44, 120: 282, 127: 282, 128: 44, 129: 456, 130: 694, 143: 324, 144: 86, 145: 456, 146: 694, 151: 428, 152: 666, 153: 540, 154: 778, 155: 456, 156: 694, 157: 282, 158: 44, 179: 324, 180: 86, 181: 128, 182: 366, 183: 142, 184: 380, 191: 456, 192: 694, 193: 44, 194: 282, 205: 86, 206: 324, 209: 694, 210: 456, 211: 282, 212: 44, 213: 86, 214: 324, 215: 44, 216: 282, 217: 456, 218: 694, 233: 282, 234: 44, 235: 366, 236: 128, 237: 366, 238: 128, 261: 366, 262: 128, 263: 456, 264: 694, 265: 540, 266: 778, 267: 456, 268: 694, 269: 540, 270: 778, 271: 540, 272: 778, 273: 540, 274: 778, 275: 44, 276: 282, 277: 540, 278: 778, 281: 366, 282: 128, 283: 282, 284: 44, 285: 428, 286: 666, 287: 694, 288: 456, 289: 128, 290: 366, 291: 282, 292: 44, 293: 142, 294: 380, 295: 540, 296: 778, 299: 428, 300: 666, 301: 778, 302: 540, 303: 456, 304: 694, 305: 44, 306: 282, 307: 366, 308: 128, 309: 778, 310: 540, 311: 456, 312: 694, 313: 456, 314: 694, 321: 128, 322: 366, 323: 128, 324: 366, 325: 366, 326: 128, 327: 540, 328: 778, 329: 128, 330: 366, 339: 366, 340: 128, 341: 128, 342: 366, 343: 128, 344: 366, 345: 540, 346: 778, 347: 666, 348: 428, 349: 428, 350: 666, 351: 456, 352: 694, 355: 666, 356: 428, 357: 666, 358: 428, 359: 456, 360: 694, 361: 778, 362: 540, 363: 86, 364: 324, 365: 366, 366: 128, 367: 778, 368: 540, 369: 456, 370: 694, 371: 44, 372: 282, 375: 428, 376: 666, 377: 282, 378: 44, 383: 666, 384: 428, 387: 694, 388: 456, 397: 666, 398: 428, 401: 128, 402: 366, 405: 324, 406: 86, 435: 694, 436: 456, 439: 694, 440: 456, 449: 540, 450: 778, 471: 428, 472: 666, 475: 666, 476: 428, 477: 540, 478: 778, 481: 778, 482: 540, 491: 428, 492: 666, 493: 778, 494: 540, 495: 540, 496: 778, 517: 128, 518: 366, 519: 44, 520: 282, 525: 44, 526: 282, 533: 128, 534: 366, 535: 428, 536: 666, 547: 778, 548: 540, 555: 456, 556: 694, 557: 540, 558: 778, 559: 282, 560: 44, 561: 44, 562: 282, 563: 778, 564: 540, 565: 366, 566: 128, 573: 540, 574: 778, 575: 428, 576: 666, 577: 456, 578: 694, 579: 456, 580: 694, 581: 666, 582: 428, 583: 366, 584: 128, 585: 44, 586: 282, 587: 666, 588: 428, 589: 540, 590: 778, 591: 540, 592: 778, 593: 44, 594: 282, 595: 694, 596: 456, 597: 128, 598: 366, 599: 44, 600: 282, 601: 666, 602: 428, 603: 428, 604: 666, 605: 540, 606: 778, 607: 324, 608: 86, 613: 666, 614: 428, 615: 694, 616: 456, 617: 128, 618: 366, 619: 324, 620: 86, 621: 128, 622: 366, 623: 128, 624: 366, 625: 540, 626: 778, 629: 128, 630: 366, 631: 666, 632: 428, 633: 666, 634: 428, 635: 778, 636: 540, 637: 666, 638: 428, 639: 540, 640: 778, 641: 324, 642: 86, 643: 282, 644: 44, 645: 282, 646: 44, 651: 428, 652: 666, 653: 540, 654: 778, 661: 128, 662: 366, 663: 778, 664: 540, 665: 324, 666: 86, 667: 128, 668: 366, 671: 366, 672: 128, 713: 540, 714: 778, 715: 366, 716: 128, 717: 666, 718: 428, 719: 44, 720: 282, 721: 456, 722: 694, 723: 456, 724: 694, 725: 128, 726: 366, 727: 128, 728: 366, 733: 44, 734: 282, 741: 540, 742: 778, 743: 428, 744: 666, 745: 540, 746: 778, 747: 366, 748: 128, 757: 694, 758: 456, 759: 540, 760: 778, 763: 282, 764: 44, 765: 86, 766: 324, 767: 694, 768: 456, 769: 366, 770: 128, 771: 282, 772: 44, 773: 428, 774: 666, 783: 366, 784: 128, 785: 142, 786: 380, 787: 44, 788: 282, 789: 128, 790: 366, 791: 778, 792: 540, 793: 366, 794: 128, 795: 282, 796: 44, 797: 456, 798: 694, 799: 778, 800: 540, 801: 324, 802: 86, 815: 282, 816: 44, 817: 540, 818: 778, 825: 694, 826: 456, 827: 44, 828: 282, 829: 366, 830: 128, 835: 778, 836: 540, 837: 666, 838: 428, 867: 540, 868: 778, 875: 778, 876: 540, 877: 44, 878: 282, 879: 282, 880: 44, 881: 666, 882: 428, 893: 128, 894: 366, 903: 666, 904: 428, 911: 366, 912: 128}
Number of labels used: 14
Total time: 504.05 sec
Memory: 516.65 MB
=============================================
[runlim] sample:		1174.6 time, 508.3 real, 516.6 MB
[runlim] sample:		1203.9 time, 518.3 real, 525.6 MB
[runlim] sample:		1233.2 time, 528.3 real, 526.1 MB
[runlim] sample:		1262.5 time, 537.6 real, 526.3 MB
[runlim] sample:		1291.8 time, 547.6 real, 526.3 MB
[runlim] sample:		1321.1 time, 557.6 real, 526.3 MB
[runlim] sample:		1350.5 time, 566.8 real, 526.3 MB
[runlim] sample:		1379.8 time, 576.8 real, 526.3 MB
[runlim] sample:		1409.0 time, 586.8 real, 526.3 MB
[runlim] sample:		1438.2 time, 596.8 real, 526.3 MB
[runlim] end:			Fri Dec 12 00:23:31 2025
[runlim] status:		out of time
[runlim] result:		2
[runlim] children:		0
[runlim] real:			600.07 seconds
[runlim] time:			1450.09 seconds
[runlim] space:			526.3 MB
[runlim] samples:		6140
