[runlim] version:		1.10
[runlim] time limit:		311040000 seconds
[runlim] real time limit:	600 seconds
[runlim] space limit:		8000 MB
[runlim] argv[0]:		python3
[runlim] argv[1]:		-u
[runlim] argv[2]:		mip.py
[runlim] argv[3]:		scen01
[runlim] start:			Thu Dec 11 21:20:26 2025
[runlim] main pid:		121005
Building MIP model...
[runlim] sample:		9.7 time, 10.1 real, 37.5 MB
[runlim] sample:		19.4 time, 20.1 real, 38.9 MB
[runlim] sample:		29.3 time, 29.2 real, 40.8 MB
[runlim] sample:		39.0 time, 39.2 real, 42.3 MB
[runlim] sample:		48.7 time, 49.2 real, 43.0 MB
[runlim] sample:		58.5 time, 58.5 real, 44.8 MB
[runlim] sample:		68.2 time, 68.5 real, 45.9 MB
[runlim] sample:		78.0 time, 78.5 real, 46.2 MB
[runlim] sample:		87.7 time, 87.7 real, 49.8 MB
[runlim] sample:		97.5 time, 97.7 real, 50.0 MB
[runlim] sample:		107.2 time, 107.7 real, 50.2 MB
[runlim] sample:		117.0 time, 116.9 real, 50.4 MB
[runlim] sample:		126.7 time, 126.9 real, 50.7 MB
[runlim] sample:		136.5 time, 136.9 real, 50.9 MB
[runlim] sample:		146.2 time, 146.9 real, 51.9 MB
[runlim] sample:		156.0 time, 156.9 real, 52.3 MB
[runlim] sample:		165.8 time, 165.7 real, 52.6 MB
[runlim] sample:		175.5 time, 175.7 real, 52.7 MB
[runlim] sample:		185.3 time, 185.7 real, 54.9 MB
[runlim] sample:		195.1 time, 194.9 real, 55.8 MB
[runlim] sample:		204.8 time, 204.9 real, 56.1 MB
[runlim] sample:		214.6 time, 214.9 real, 56.3 MB
[runlim] sample:		224.3 time, 224.9 real, 56.4 MB
[runlim] sample:		234.1 time, 234.1 real, 56.6 MB
[runlim] sample:		243.8 time, 244.1 real, 56.8 MB
[runlim] sample:		253.6 time, 254.1 real, 59.9 MB
[runlim] sample:		263.3 time, 263.3 real, 60.3 MB
[runlim] sample:		273.1 time, 273.3 real, 60.7 MB
[runlim] sample:		282.8 time, 283.3 real, 60.8 MB
[runlim] sample:		292.5 time, 292.4 real, 61.1 MB
[runlim] sample:		302.4 time, 302.5 real, 61.1 MB
[runlim] sample:		312.0 time, 312.5 real, 61.3 MB
[runlim] sample:		321.8 time, 321.7 real, 61.4 MB
[runlim] sample:		331.5 time, 331.7 real, 64.8 MB
[runlim] sample:		341.3 time, 341.7 real, 65.3 MB
[runlim] sample:		351.0 time, 351.7 real, 65.7 MB
[runlim] sample:		360.8 time, 360.9 real, 65.9 MB
[runlim] sample:		370.5 time, 370.9 real, 66.2 MB
[runlim] sample:		380.3 time, 380.9 real, 66.3 MB
[runlim] sample:		390.0 time, 390.9 real, 66.4 MB
[runlim] sample:		399.8 time, 399.7 real, 66.8 MB
[runlim] sample:		409.6 time, 409.7 real, 66.9 MB
[runlim] sample:		419.3 time, 419.7 real, 67.1 MB
[runlim] sample:		429.1 time, 429.7 real, 71.2 MB
Build time: 430.30s
Solving MIP (minimizing number of labels)...
Version identifier: 22.1.1.0 | 2022-11-28 | 9160aff4d
CPXPARAM_Read_DataCheck                          1
Tried aggregator 2 times.
MIP Presolve eliminated 725117 rows and 164 columns.
MIP Presolve modified 42753 coefficients.
Aggregator did 18100 substitutions.
Reduced MIP has 43211 rows, 17984 columns, and 433276 nonzeros.
Reduced MIP has 17984 binaries, 0 generals, 0 SOSs, and 0 indicators.
Presolve time = 2.34 sec. (2503.26 ticks)
Found incumbent of value 48.000000 after 2.85 sec. (3153.22 ticks)
Probing time = 0.03 sec. (6.66 ticks)
Tried aggregator 1 time.
Detecting symmetries...
Reduced MIP has 43211 rows, 17984 columns, and 433276 nonzeros.
Reduced MIP has 17984 binaries, 0 generals, 0 SOSs, and 0 indicators.
Presolve time = 0.70 sec. (526.82 ticks)
Probing time = 0.03 sec. (6.62 ticks)
Clique table members: 43211.
MIP emphasis: balance optimality and feasibility.
MIP search method: dynamic search.
Parallel mode: deterministic, using up to 12 threads.
[runlim] sample:		462.5 time, 438.9 real, 620.6 MB
[runlim] sample:		544.9 time, 448.9 real, 662.9 MB
[runlim] sample:		574.1 time, 458.9 real, 662.9 MB
[runlim] sample:		603.4 time, 468.1 real, 662.9 MB
Root relaxation solution time = 39.35 sec. (15641.12 ticks)

        Nodes                                         Cuts/
   Node  Left     Objective  IInf  Best Integer    Best Bound    ItCnt     Gap

*     0+    0                           48.0000        0.0000           100.00%
*     0+    0                           44.0000        0.0000           100.00%
*     0+    0                           24.0000        0.0000           100.00%
      0     0       14.0000  2254       24.0000       14.0000       17   41.67%
[runlim] sample:		626.2 time, 478.1 real, 679.3 MB
[runlim] sample:		645.8 time, 488.1 real, 721.7 MB
[runlim] sample:		665.3 time, 498.1 real, 721.8 MB
[runlim] sample:		684.8 time, 508.1 real, 721.8 MB
[runlim] sample:		704.3 time, 516.9 real, 722.1 MB
[runlim] sample:		723.8 time, 526.9 real, 722.2 MB
[runlim] sample:		743.3 time, 536.9 real, 727.0 MB
[runlim] sample:		762.9 time, 546.1 real, 727.0 MB
[runlim] sample:		782.4 time, 556.1 real, 727.1 MB
[runlim] sample:		801.7 time, 566.1 real, 727.1 MB
[runlim] sample:		821.2 time, 575.3 real, 727.1 MB
[runlim] sample:		840.8 time, 585.3 real, 727.1 MB
[runlim] sample:		860.3 time, 595.3 real, 727.1 MB
[runlim] end:			Thu Dec 11 21:30:26 2025
[runlim] status:		out of time
[runlim] result:		2
[runlim] children:		0
[runlim] real:			600.11 seconds
[runlim] time:			869.62 seconds
[runlim] space:			814.5 MB
[runlim] samples:		6148
