[runlim] version:		1.10
[runlim] time limit:		311040000 seconds
[runlim] real time limit:	900 seconds
[runlim] space limit:		8000 MB
[runlim] argv[0]:		python3
[runlim] argv[1]:		-u
[runlim] argv[2]:		pb.py
[runlim] argv[3]:		graph02
[runlim] argv[4]:		pb_bdd
[runlim] argv[5]:		glucose4
[runlim] start:			Thu Jan 15 08:25:10 2026
[runlim] main pid:		238382
Solve first problem:
Solution:
{666, 428, 100, 338, 268, 30, 324, 86, 652, 414, 394, 156, 694, 456, 310, 72, 282, 44, 296, 58, 142, 380, 366, 128, 268, 30, 324, 86, 156, 394, 114, 352, 380, 142, 666, 428, 86, 324, 380, 142, 324, 86, 254, 16, 680, 442, 338, 100, 310, 72, 44, 282, 380, 142, 296, 58, 666, 428, 310, 72, 128, 366, 310, 72, 30, 268, 652, 414, 254, 16, 380, 142, 16, 254, 254, 16, 394, 156, 282, 44, 310, 72, 156, 394, 694, 456, 86, 324, 156, 394, 268, 30, 324, 86, 666, 428, 128, 366, 310, 72, 324, 86, 380, 142, 16, 254, 352, 114, 282, 44, 296, 58, 30, 268, 338, 100, 114, 352, 380, 142, 338, 100, 324, 86, 268, 30, 338, 100, 380, 142, 324, 86, 680, 442, 380, 142, 324, 86, 282, 44, 352, 114, 680, 442, 282, 44, 352, 114, 58, 296, 338, 100, 254, 16, 380, 142, 652, 414, 310, 72, 708, 470, 380, 142, 352, 114, 310, 72, 324, 86, 338, 100, 296, 58, 680, 442, 156, 394, 380, 142, 268, 30, 694, 456, 282, 44, 652, 414, 380, 142, 680, 442, 128, 366, 324, 86, 296, 58, 310, 72, 156, 394, 268, 30, 324, 86, 338, 100, 310, 72, 268, 30, 478, 240, 366, 128, 254, 16, 268, 30, 352, 114, 324, 86, 254, 16, 408, 170, 310, 72, 16, 254, 366, 128, 282, 44, 268, 30, 338, 100, 296, 58, 338, 100, 666, 428, 380, 142, 324, 86, 16, 254, 58, 296, 380, 142, 310, 72, 380, 142, 254, 16, 380, 142, 380, 142, 44, 282, 282, 44, 268, 30, 296, 58, 254, 16, 310, 72, 666, 428, 366, 128, 268, 30, 380, 142, 254, 16, 324, 86, 380, 142, 380, 142, 338, 100, 380, 142, 408, 170, 282, 44, 652, 414, 268, 30, 296, 58, 380, 142, 380, 142, 380, 142, 296, 58, 408, 170, 310, 72, 380, 142, 338, 100, 310, 72, 282, 44, 268, 30, 268, 30, 268, 30, 254, 16, 282, 44, 380, 142, 296, 58, 254, 16, 310, 72, 310, 72, 380, 142, 380, 142, 254, 16, 268, 30, 324, 86, 338, 100, 338, 100, 268, 30, 268, 30, 254, 16, 282, 44, 254, 16, 324, 86, 254, 16, 254, 16, 282, 44, 268, 30, 254, 16, 268, 30, 268, 30, 254, 16, 254, 16, 254, 16, 268, 30, 324, 86, 268, 30}
Correct solution!
Number of lables used:  36
Time taken: 0.49 seconds
Memory used: 50.68 MB
--------------------------------------------------

Trying with at most 35 labels...
Solution:
{44, 282, 16, 254, 282, 44, 338, 100, 540, 778, 652, 414, 366, 128, 310, 72, 310, 72, 394, 156, 156, 394, 366, 128, 310, 72, 282, 44, 254, 16, 100, 338, 86, 324, 100, 338, 414, 652, 652, 414, 652, 414, 338, 100, 282, 44, 366, 128, 324, 86, 128, 366, 240, 478, 338, 100, 394, 156, 156, 394, 86, 324, 324, 86, 86, 324, 666, 428, 44, 282, 240, 478, 44, 282, 254, 16, 394, 156, 394, 156, 254, 16, 156, 394, 666, 428, 100, 338, 100, 338, 324, 86, 72, 310, 778, 540, 666, 428, 310, 72, 338, 100, 338, 100, 44, 282, 366, 128, 414, 652, 324, 86, 44, 282, 310, 72, 128, 366, 478, 240, 282, 44, 324, 86, 128, 366, 338, 100, 478, 240, 324, 86, 778, 540, 478, 240, 366, 128, 128, 366, 666, 428, 778, 540, 338, 100, 652, 414, 254, 16, 86, 324, 324, 86, 478, 240, 282, 44, 310, 72, 44, 282, 240, 478, 540, 778, 310, 72, 428, 666, 282, 44, 366, 128, 254, 16, 778, 540, 478, 240, 282, 44, 666, 428, 282, 44, 652, 414, 478, 240, 778, 540, 338, 100, 324, 86, 338, 100, 324, 86, 254, 16, 310, 72, 778, 540, 310, 72, 16, 254, 282, 44, 478, 240, 540, 778, 394, 156, 282, 44, 778, 540, 324, 86, 254, 16, 240, 478, 86, 324, 100, 338, 338, 100, 324, 86, 44, 282, 156, 394, 778, 540, 366, 128, 778, 540, 478, 240, 44, 282, 366, 128, 72, 310, 240, 478, 72, 310, 478, 240, 324, 86, 478, 240, 478, 240, 72, 310, 338, 100, 778, 540, 666, 428, 254, 16, 72, 310, 128, 366, 666, 428, 86, 324, 240, 478, 366, 128, 666, 428, 478, 240, 478, 240, 666, 428, 478, 240, 478, 240, 156, 394, 540, 778, 310, 72, 310, 72, 478, 240, 240, 478, 478, 240, 338, 100, 478, 240, 282, 44, 16, 254, 338, 100, 666, 428, 324, 86, 44, 282, 666, 428, 324, 86, 254, 16, 282, 44, 478, 240, 44, 282, 254, 16, 324, 86, 428, 666, 478, 240, 478, 240, 394, 156, 282, 44, 324, 86, 338, 100, 282, 44, 338, 100, 282, 44, 100, 338, 428, 666, 16, 254, 428, 666, 254, 16, 254, 16, 282, 44, 324, 86, 254, 16, 282, 44, 778, 540, 254, 16, 254, 16, 254, 16, 282, 44, 666, 428, 282, 44}
Correct solution!
Number of lables used:  22
Time taken: 0.02 seconds
Memory used: 52.55 MB
--------------------------------------------------

Trying with at most 21 labels...
Solution:
{44, 282, 16, 254, 282, 44, 338, 100, 540, 778, 666, 428, 366, 128, 310, 72, 310, 72, 394, 156, 156, 394, 366, 128, 310, 72, 282, 44, 254, 16, 100, 338, 86, 324, 100, 338, 428, 666, 666, 428, 666, 428, 338, 100, 282, 44, 366, 128, 324, 86, 128, 366, 240, 478, 338, 100, 394, 156, 156, 394, 86, 324, 324, 86, 86, 324, 666, 428, 44, 282, 240, 478, 44, 282, 254, 16, 394, 156, 394, 156, 254, 16, 156, 394, 666, 428, 100, 338, 100, 338, 324, 86, 72, 310, 778, 540, 666, 428, 310, 72, 338, 100, 338, 100, 44, 282, 366, 128, 156, 394, 324, 86, 44, 282, 310, 72, 156, 394, 478, 240, 282, 44, 324, 86, 128, 366, 338, 100, 478, 240, 324, 86, 778, 540, 478, 240, 366, 128, 128, 366, 666, 428, 778, 540, 338, 100, 666, 428, 254, 16, 86, 324, 324, 86, 478, 240, 282, 44, 310, 72, 44, 282, 240, 478, 540, 778, 310, 72, 428, 666, 282, 44, 366, 128, 254, 16, 778, 540, 478, 240, 282, 44, 666, 428, 282, 44, 666, 428, 478, 240, 778, 540, 338, 100, 324, 86, 338, 100, 324, 86, 254, 16, 310, 72, 778, 540, 310, 72, 16, 254, 282, 44, 478, 240, 540, 778, 394, 156, 282, 44, 778, 540, 324, 86, 254, 16, 240, 478, 86, 324, 100, 338, 338, 100, 324, 86, 44, 282, 156, 394, 778, 540, 366, 128, 778, 540, 478, 240, 44, 282, 366, 128, 72, 310, 240, 478, 72, 310, 478, 240, 324, 86, 478, 240, 478, 240, 72, 310, 338, 100, 778, 540, 100, 338, 254, 16, 72, 310, 128, 366, 666, 428, 86, 324, 240, 478, 366, 128, 666, 428, 478, 240, 478, 240, 666, 428, 478, 240, 478, 240, 156, 394, 540, 778, 310, 72, 310, 72, 478, 240, 240, 478, 478, 240, 338, 100, 478, 240, 282, 44, 16, 254, 338, 100, 666, 428, 324, 86, 44, 282, 666, 428, 324, 86, 254, 16, 282, 44, 478, 240, 44, 282, 254, 16, 324, 86, 428, 666, 478, 240, 478, 240, 394, 156, 282, 44, 324, 86, 338, 100, 282, 44, 338, 100, 282, 44, 100, 338, 428, 666, 16, 254, 428, 666, 254, 16, 254, 16, 282, 44, 324, 86, 254, 16, 282, 44, 778, 540, 254, 16, 254, 16, 254, 16, 282, 44, 666, 428, 282, 44}
Correct solution!
Number of lables used:  20
Time taken: 0.01 seconds
Memory used: 52.55 MB
--------------------------------------------------

Trying with at most 19 labels...
Solution:
{44, 282, 16, 254, 394, 156, 338, 100, 540, 778, 666, 428, 366, 128, 324, 86, 324, 86, 394, 156, 156, 394, 366, 128, 324, 86, 282, 44, 254, 16, 100, 338, 86, 324, 394, 156, 428, 666, 666, 428, 666, 428, 338, 100, 282, 44, 366, 128, 324, 86, 128, 366, 240, 478, 324, 86, 394, 156, 156, 394, 100, 338, 338, 100, 44, 282, 666, 428, 44, 282, 240, 478, 44, 282, 254, 16, 394, 156, 394, 156, 254, 16, 156, 394, 666, 428, 100, 338, 44, 282, 324, 86, 86, 324, 778, 540, 666, 428, 44, 282, 338, 100, 338, 100, 44, 282, 366, 128, 156, 394, 324, 86, 44, 282, 324, 86, 156, 394, 478, 240, 282, 44, 324, 86, 128, 366, 338, 100, 478, 240, 324, 86, 778, 540, 478, 240, 366, 128, 778, 540, 666, 428, 778, 540, 338, 100, 666, 428, 254, 16, 86, 324, 324, 86, 478, 240, 156, 394, 324, 86, 44, 282, 240, 478, 540, 778, 324, 86, 428, 666, 282, 44, 366, 128, 254, 16, 778, 540, 478, 240, 282, 44, 666, 428, 282, 44, 666, 428, 478, 240, 778, 540, 338, 100, 324, 86, 338, 100, 324, 86, 254, 16, 86, 324, 778, 540, 666, 428, 16, 254, 282, 44, 478, 240, 540, 778, 394, 156, 282, 44, 778, 540, 324, 86, 254, 16, 240, 478, 86, 324, 100, 338, 338, 100, 324, 86, 44, 282, 156, 394, 778, 540, 366, 128, 778, 540, 478, 240, 44, 282, 366, 128, 254, 16, 240, 478, 128, 366, 478, 240, 324, 86, 478, 240, 478, 240, 44, 282, 338, 100, 778, 540, 100, 338, 254, 16, 128, 366, 128, 366, 666, 428, 100, 338, 240, 478, 366, 128, 666, 428, 478, 240, 478, 240, 666, 428, 478, 240, 240, 478, 156, 394, 540, 778, 338, 100, 282, 44, 478, 240, 240, 478, 478, 240, 338, 100, 478, 240, 282, 44, 16, 254, 324, 86, 666, 428, 324, 86, 44, 282, 666, 428, 324, 86, 128, 366, 282, 44, 478, 240, 44, 282, 254, 16, 324, 86, 428, 666, 478, 240, 478, 240, 394, 156, 282, 44, 324, 86, 338, 100, 282, 44, 338, 100, 282, 44, 100, 338, 428, 666, 16, 254, 428, 666, 254, 16, 254, 16, 282, 44, 324, 86, 254, 16, 282, 44, 778, 540, 16, 254, 254, 16, 254, 16, 282, 44, 666, 428, 282, 44}
Correct solution!
Number of lables used:  18
Time taken: 0.01 seconds
Memory used: 52.55 MB
--------------------------------------------------

Trying with at most 17 labels...
Solution:
{128, 366, 128, 366, 366, 128, 310, 72, 540, 778, 666, 428, 366, 128, 666, 428, 268, 30, 394, 156, 428, 666, 366, 128, 366, 128, 310, 72, 268, 30, 156, 394, 156, 394, 428, 666, 428, 666, 394, 156, 156, 394, 394, 156, 428, 666, 366, 128, 428, 666, 268, 30, 478, 240, 156, 394, 366, 128, 428, 666, 72, 310, 268, 30, 310, 72, 540, 778, 394, 156, 240, 478, 156, 394, 540, 778, 394, 156, 72, 310, 268, 30, 428, 666, 428, 666, 30, 268, 72, 310, 380, 142, 268, 30, 778, 540, 666, 428, 540, 778, 394, 156, 428, 666, 156, 394, 268, 30, 156, 394, 30, 268, 380, 142, 310, 72, 128, 366, 478, 240, 310, 72, 540, 778, 778, 540, 666, 428, 478, 240, 142, 380, 778, 540, 478, 240, 366, 128, 778, 540, 666, 428, 128, 366, 268, 30, 778, 540, 156, 394, 72, 310, 268, 30, 240, 478, 156, 394, 310, 72, 268, 30, 240, 478, 540, 778, 366, 128, 540, 778, 268, 30, 268, 30, 778, 540, 778, 540, 478, 240, 268, 30, 778, 540, 366, 128, 310, 72, 240, 478, 666, 428, 366, 128, 366, 128, 394, 156, 428, 666, 268, 30, 128, 366, 778, 540, 540, 778, 142, 380, 310, 72, 478, 240, 268, 30, 394, 156, 310, 72, 778, 540, 30, 268, 268, 30, 478, 240, 72, 310, 72, 310, 428, 666, 366, 128, 30, 268, 72, 310, 778, 540, 366, 128, 428, 666, 478, 240, 428, 666, 428, 666, 310, 72, 478, 240, 142, 380, 478, 240, 366, 128, 240, 478, 478, 240, 30, 268, 428, 666, 310, 72, 268, 30, 72, 310, 142, 380, 128, 366, 666, 428, 366, 128, 478, 240, 268, 30, 156, 394, 240, 478, 240, 478, 778, 540, 478, 240, 240, 478, 156, 394, 310, 72, 310, 72, 30, 268, 478, 240, 240, 478, 478, 240, 310, 72, 380, 142, 666, 428, 268, 30, 310, 72, 428, 666, 72, 310, 30, 268, 156, 394, 366, 128, 128, 366, 156, 394, 478, 240, 394, 156, 30, 268, 30, 268, 428, 666, 478, 240, 478, 240, 156, 394, 394, 156, 778, 540, 366, 128, 268, 30, 156, 394, 394, 156, 128, 366, 30, 268, 394, 156, 156, 394, 366, 128, 428, 666, 268, 30, 30, 268, 366, 128, 394, 156, 428, 666, 394, 156, 268, 30, 366, 128, 540, 778, 310, 72, 366, 128}
Correct solution!
Number of lables used:  16
Time taken: 0.03 seconds
Memory used: 53.05 MB
--------------------------------------------------

Trying with at most 15 labels...
Solution:
{156, 394, 128, 366, 366, 128, 310, 72, 540, 778, 666, 428, 366, 128, 666, 428, 268, 30, 394, 156, 428, 666, 366, 128, 366, 128, 310, 72, 268, 30, 156, 394, 156, 394, 428, 666, 428, 666, 394, 156, 156, 394, 394, 156, 778, 540, 366, 128, 428, 666, 268, 30, 478, 240, 156, 394, 366, 128, 428, 666, 72, 310, 268, 30, 310, 72, 540, 778, 394, 156, 240, 478, 156, 394, 540, 778, 394, 156, 30, 268, 268, 30, 428, 666, 428, 666, 30, 268, 72, 310, 428, 666, 268, 30, 778, 540, 666, 428, 540, 778, 310, 72, 428, 666, 156, 394, 268, 30, 156, 394, 30, 268, 310, 72, 310, 72, 128, 366, 478, 240, 310, 72, 540, 778, 778, 540, 666, 428, 478, 240, 72, 310, 778, 540, 478, 240, 366, 128, 778, 540, 666, 428, 128, 366, 268, 30, 778, 540, 156, 394, 72, 310, 268, 30, 240, 478, 156, 394, 310, 72, 268, 30, 240, 478, 540, 778, 366, 128, 540, 778, 268, 30, 268, 30, 778, 540, 778, 540, 478, 240, 268, 30, 778, 540, 366, 128, 310, 72, 240, 478, 666, 428, 366, 128, 366, 128, 394, 156, 428, 666, 666, 428, 128, 366, 778, 540, 540, 778, 128, 366, 310, 72, 478, 240, 268, 30, 394, 156, 310, 72, 778, 540, 30, 268, 268, 30, 478, 240, 72, 310, 72, 310, 30, 268, 366, 128, 30, 268, 72, 310, 778, 540, 156, 394, 428, 666, 478, 240, 428, 666, 428, 666, 310, 72, 478, 240, 128, 366, 478, 240, 428, 666, 240, 478, 240, 478, 30, 268, 428, 666, 310, 72, 268, 30, 128, 366, 128, 366, 128, 366, 666, 428, 366, 128, 478, 240, 268, 30, 156, 394, 240, 478, 240, 478, 778, 540, 478, 240, 240, 478, 156, 394, 310, 72, 310, 72, 30, 268, 478, 240, 240, 478, 478, 240, 310, 72, 478, 240, 666, 428, 268, 30, 310, 72, 428, 666, 72, 310, 30, 268, 156, 394, 366, 128, 128, 366, 156, 394, 478, 240, 394, 156, 30, 268, 30, 268, 428, 666, 478, 240, 478, 240, 156, 394, 394, 156, 778, 540, 366, 128, 268, 30, 156, 394, 394, 156, 128, 366, 30, 268, 394, 156, 156, 394, 366, 128, 428, 666, 268, 30, 30, 268, 366, 128, 394, 156, 428, 666, 394, 156, 268, 30, 366, 128, 540, 778, 310, 72, 366, 128}
Correct solution!
Number of lables used:  14
Time taken: 0.01 seconds
Memory used: 53.05 MB
--------------------------------------------------

Trying with at most 13 labels...
[runlim] sample:		10.0 time, 10.0 real, 96.6 MB
[runlim] sample:		20.0 time, 20.0 real, 101.5 MB
[runlim] sample:		30.0 time, 30.0 real, 101.5 MB
[runlim] sample:		40.0 time, 40.0 real, 102.2 MB
[runlim] sample:		50.0 time, 50.0 real, 102.5 MB
[runlim] sample:		60.0 time, 60.0 real, 103.0 MB
[runlim] sample:		70.0 time, 70.0 real, 104.0 MB
[runlim] sample:		80.0 time, 80.0 real, 104.5 MB
[runlim] sample:		90.0 time, 90.0 real, 105.1 MB
[runlim] sample:		100.0 time, 100.0 real, 105.8 MB
[runlim] sample:		110.0 time, 110.0 real, 114.2 MB
[runlim] sample:		120.0 time, 120.0 real, 115.5 MB
[runlim] sample:		130.0 time, 130.0 real, 116.6 MB
[runlim] sample:		140.0 time, 140.0 real, 117.6 MB
[runlim] sample:		150.0 time, 150.0 real, 119.1 MB
[runlim] sample:		160.0 time, 160.0 real, 119.7 MB
[runlim] sample:		169.9 time, 170.0 real, 120.6 MB
[runlim] sample:		179.9 time, 180.0 real, 91.8 MB
[runlim] sample:		189.9 time, 190.0 real, 91.8 MB
[runlim] sample:		199.9 time, 200.0 real, 91.9 MB
[runlim] sample:		209.9 time, 210.0 real, 91.8 MB
[runlim] sample:		219.9 time, 220.0 real, 122.1 MB
[runlim] sample:		229.9 time, 230.0 real, 91.9 MB
[runlim] sample:		239.9 time, 240.0 real, 91.8 MB
[runlim] sample:		249.9 time, 250.0 real, 121.9 MB
[runlim] sample:		259.9 time, 260.0 real, 91.8 MB
[runlim] sample:		269.9 time, 270.0 real, 91.8 MB
[runlim] sample:		279.9 time, 280.0 real, 91.8 MB
[runlim] sample:		289.9 time, 290.0 real, 122.9 MB
[runlim] sample:		299.9 time, 300.0 real, 125.3 MB
[runlim] sample:		309.9 time, 310.0 real, 91.8 MB
[runlim] sample:		319.9 time, 320.0 real, 91.8 MB
[runlim] sample:		329.9 time, 330.0 real, 91.8 MB
[runlim] sample:		339.9 time, 340.0 real, 91.8 MB
[runlim] sample:		349.9 time, 350.0 real, 91.8 MB
[runlim] sample:		359.9 time, 360.0 real, 91.8 MB
[runlim] sample:		369.9 time, 370.0 real, 91.8 MB
[runlim] sample:		379.9 time, 380.0 real, 91.8 MB
[runlim] sample:		389.9 time, 390.0 real, 91.8 MB
[runlim] sample:		399.9 time, 400.0 real, 91.8 MB
[runlim] sample:		409.9 time, 410.0 real, 91.8 MB
[runlim] sample:		419.9 time, 420.0 real, 91.8 MB
[runlim] sample:		429.9 time, 430.0 real, 128.1 MB
[runlim] sample:		439.9 time, 440.0 real, 125.4 MB
[runlim] sample:		449.9 time, 450.0 real, 92.4 MB
[runlim] sample:		459.9 time, 460.0 real, 132.6 MB
[runlim] sample:		469.9 time, 470.0 real, 128.8 MB
[runlim] sample:		479.9 time, 480.0 real, 124.1 MB
[runlim] sample:		489.9 time, 490.0 real, 133.8 MB
[runlim] sample:		499.9 time, 500.0 real, 128.5 MB
[runlim] sample:		509.9 time, 510.0 real, 94.3 MB
[runlim] sample:		519.9 time, 520.0 real, 134.0 MB
[runlim] sample:		529.9 time, 530.0 real, 129.0 MB
[runlim] sample:		539.9 time, 540.0 real, 95.1 MB
[runlim] sample:		549.9 time, 550.0 real, 136.4 MB
[runlim] sample:		559.9 time, 560.0 real, 132.4 MB
[runlim] sample:		569.9 time, 570.0 real, 128.8 MB
[runlim] sample:		579.9 time, 580.0 real, 96.6 MB
[runlim] sample:		589.9 time, 590.0 real, 136.9 MB
[runlim] sample:		599.9 time, 600.0 real, 133.2 MB
[runlim] sample:		609.9 time, 610.0 real, 128.3 MB
[runlim] sample:		619.9 time, 620.0 real, 138.9 MB
[runlim] sample:		629.9 time, 630.0 real, 134.7 MB
[runlim] sample:		639.9 time, 640.0 real, 130.0 MB
[runlim] sample:		649.9 time, 650.0 real, 140.1 MB
[runlim] sample:		659.9 time, 660.0 real, 135.7 MB
[runlim] sample:		669.9 time, 670.0 real, 130.7 MB
[runlim] sample:		679.9 time, 680.0 real, 141.4 MB
[runlim] sample:		689.9 time, 690.0 real, 139.0 MB
[runlim] sample:		699.9 time, 700.0 real, 131.2 MB
[runlim] sample:		709.9 time, 710.0 real, 142.0 MB
[runlim] sample:		719.9 time, 720.0 real, 133.8 MB
[runlim] sample:		729.9 time, 730.0 real, 143.2 MB
[runlim] sample:		739.9 time, 740.0 real, 135.3 MB
[runlim] sample:		749.9 time, 750.0 real, 145.4 MB
[runlim] sample:		759.9 time, 760.0 real, 138.0 MB
[runlim] sample:		769.9 time, 770.0 real, 130.9 MB
[runlim] sample:		779.9 time, 780.0 real, 141.5 MB
[runlim] sample:		789.9 time, 790.0 real, 135.2 MB
[runlim] sample:		799.9 time, 800.0 real, 145.7 MB
[runlim] sample:		809.9 time, 810.0 real, 139.3 MB
[runlim] sample:		819.9 time, 820.0 real, 131.6 MB
[runlim] sample:		829.9 time, 830.0 real, 141.8 MB
[runlim] sample:		839.9 time, 840.0 real, 134.3 MB
[runlim] sample:		849.9 time, 850.0 real, 143.3 MB
[runlim] sample:		859.9 time, 860.0 real, 136.7 MB
[runlim] sample:		869.9 time, 870.0 real, 148.5 MB
[runlim] sample:		879.9 time, 880.0 real, 140.8 MB
[runlim] sample:		889.9 time, 890.0 real, 150.1 MB
[runlim] sample:		899.9 time, 900.0 real, 142.5 MB
[runlim] end:			Thu Jan 15 08:40:10 2026
[runlim] status:		out of time
[runlim] result:		2
[runlim] children:		0
[runlim] real:			900.05 seconds
[runlim] time:			899.91 seconds
[runlim] space:			151.3 MB
[runlim] samples:		9000
