[runlim] version:		1.10
[runlim] time limit:		311040000 seconds
[runlim] real time limit:	900 seconds
[runlim] space limit:		8000 MB
[runlim] argv[0]:		python3
[runlim] argv[1]:		-u
[runlim] argv[2]:		pb.py
[runlim] argv[3]:		graph08
[runlim] argv[4]:		pb_bdd
[runlim] argv[5]:		glucose4
[runlim] start:			Thu Jan 15 08:40:10 2026
[runlim] main pid:		243855
Solve first problem:
Solution:
{324, 86, 652, 414, 324, 86, 352, 114, 366, 128, 380, 142, 380, 142, 652, 414, 652, 414, 352, 114, 380, 142, 380, 142, 114, 352, 30, 268, 310, 72, 652, 414, 254, 16, 142, 380, 478, 240, 652, 414, 792, 554, 352, 114, 310, 72, 296, 58, 86, 324, 408, 170, 30, 268, 338, 100, 652, 414, 366, 128, 352, 114, 394, 156, 114, 352, 352, 114, 254, 16, 352, 114, 652, 414, 338, 100, 254, 16, 694, 456, 324, 86, 324, 86, 282, 44, 142, 380, 338, 100, 380, 142, 58, 296, 268, 30, 86, 324, 268, 30, 296, 58, 86, 324, 296, 58, 254, 16, 750, 512, 282, 44, 254, 16, 254, 16, 380, 142, 254, 16, 666, 428, 296, 58, 380, 142, 338, 100, 142, 380, 282, 44, 380, 142, 296, 58, 380, 142, 296, 58, 100, 338, 58, 296, 394, 156, 72, 310, 764, 526, 324, 86, 16, 254, 708, 470, 282, 44, 722, 484, 310, 72, 296, 58, 338, 100, 512, 750, 114, 352, 156, 394, 114, 352, 352, 114, 58, 296, 680, 442, 282, 44, 254, 16, 652, 414, 268, 30, 254, 16, 128, 366, 792, 554, 778, 540, 254, 16, 324, 86, 296, 58, 324, 86, 296, 58, 764, 526, 254, 16, 666, 428, 764, 526, 778, 540, 142, 380, 736, 498, 352, 114, 310, 72, 394, 156, 86, 324, 310, 72, 338, 100, 722, 484, 366, 128, 680, 442, 324, 86, 268, 30, 254, 16, 708, 470, 156, 394, 310, 72, 254, 16, 478, 240, 352, 114, 296, 58, 680, 442, 366, 128, 394, 156, 268, 30, 352, 114, 338, 100, 324, 86, 296, 58, 394, 156, 268, 30, 666, 428, 380, 142, 268, 30, 114, 352, 338, 100, 366, 128, 394, 156, 338, 100, 764, 526, 156, 394, 324, 86, 352, 114, 680, 442, 324, 86, 254, 16, 30, 268, 366, 128, 380, 142, 666, 428, 254, 16, 380, 142, 142, 380, 268, 30, 366, 128, 310, 72, 324, 86, 380, 142, 778, 540, 58, 296, 170, 408, 268, 30, 380, 142, 380, 142, 324, 86, 268, 30, 764, 526, 254, 16, 310, 72, 296, 58, 324, 86, 380, 142, 30, 268, 310, 72, 254, 16, 254, 16, 296, 58, 380, 142, 170, 408, 254, 16, 666, 428, 268, 30, 128, 366, 254, 16, 380, 142, 708, 470, 680, 442, 296, 58, 680, 442, 324, 86, 296, 58, 296, 58, 708, 470, 268, 30, 254, 16, 296, 58, 296, 58, 268, 30, 652, 414, 366, 128, 366, 128, 296, 58, 380, 142, 750, 512, 268, 30, 310, 72, 324, 86, 254, 16, 114, 352, 338, 100, 310, 72, 708, 470, 268, 30, 254, 16, 156, 394, 764, 526, 310, 72, 324, 86, 310, 72, 268, 30, 268, 30, 324, 86, 268, 30, 296, 58, 282, 44, 310, 72, 268, 30, 268, 30, 478, 240, 268, 30, 380, 142, 254, 16, 708, 470, 666, 428, 296, 58, 338, 100, 352, 114, 310, 72, 296, 58, 254, 16, 666, 428, 324, 86, 736, 498, 282, 44, 142, 380, 310, 72, 282, 44, 708, 470, 296, 58, 254, 16, 394, 156, 296, 58, 366, 128, 254, 16, 254, 16, 666, 428, 352, 114, 282, 44, 408, 170, 268, 30, 86, 324, 254, 16, 268, 30, 394, 156, 366, 128, 254, 16, 268, 30, 268, 30, 324, 86, 324, 86, 254, 16, 268, 30, 254, 16, 366, 128, 694, 456, 282, 44, 268, 30, 268, 30, 324, 86, 296, 58, 338, 100, 282, 44, 324, 86, 254, 16, 254, 16, 380, 142, 366, 128, 380, 142, 268, 30, 254, 16, 310, 72, 338, 100, 352, 114, 268, 30, 310, 72, 254, 16, 268, 30, 254, 16, 268, 30, 380, 142, 408, 170, 666, 428, 366, 128, 254, 16, 380, 142, 324, 86, 296, 58, 338, 100, 268, 30, 296, 58, 282, 44, 338, 100, 282, 44, 254, 16, 338, 100, 254, 16, 254, 16, 268, 30, 282, 44, 268, 30, 282, 44, 324, 86, 310, 72, 268, 30, 254, 16, 282, 44, 268, 30, 254, 16, 268, 30, 254, 16, 296, 58, 254, 16}
Correct solution!
Number of lables used:  48
Time taken: 0.88 seconds
Memory used: 73.79 MB
--------------------------------------------------

Trying with at most 47 labels...
Solution:
{380, 142, 652, 414, 142, 380, 142, 380, 254, 16, 170, 408, 240, 478, 652, 414, 554, 792, 708, 470, 380, 142, 380, 142, 142, 380, 16, 254, 380, 142, 708, 470, 254, 16, 694, 456, 170, 408, 736, 498, 554, 792, 380, 142, 16, 254, 708, 470, 254, 16, 408, 170, 142, 380, 380, 142, 554, 792, 380, 142, 254, 16, 498, 736, 142, 380, 778, 540, 380, 142, 380, 142, 380, 142, 652, 414, 254, 16, 736, 498, 428, 666, 652, 414, 254, 16, 736, 498, 498, 736, 736, 498, 380, 142, 694, 456, 736, 498, 254, 16, 694, 456, 498, 736, 380, 142, 142, 380, 254, 16, 666, 428, 254, 16, 254, 16, 170, 408, 254, 16, 666, 428, 652, 414, 380, 142, 666, 428, 408, 170, 254, 16, 708, 470, 380, 142, 380, 142, 666, 428, 254, 16, 778, 540, 736, 498, 666, 428, 652, 414, 428, 666, 414, 652, 708, 470, 554, 792, 142, 380, 428, 666, 540, 778, 414, 652, 254, 16, 142, 380, 666, 428, 554, 792, 470, 708, 142, 380, 498, 736, 778, 540, 142, 380, 498, 736, 666, 428, 254, 16, 498, 736, 380, 142, 470, 708, 254, 16, 380, 142, 652, 414, 456, 694, 380, 142, 778, 540, 380, 142, 778, 540, 792, 554, 498, 736, 456, 694, 792, 554, 652, 414, 554, 792, 792, 554, 498, 736, 142, 380, 16, 254, 428, 666, 254, 16, 666, 428, 708, 470, 666, 428, 142, 380, 414, 652, 254, 16, 380, 142, 254, 16, 240, 478, 456, 694, 708, 470, 666, 428, 470, 708, 708, 470, 456, 694, 666, 428, 778, 540, 380, 142, 736, 498, 736, 498, 142, 380, 778, 540, 498, 736, 428, 666, 708, 470, 254, 16, 694, 456, 540, 778, 16, 254, 414, 652, 694, 456, 142, 380, 792, 554, 792, 554, 666, 428, 254, 16, 694, 456, 380, 142, 408, 170, 792, 554, 254, 16, 408, 170, 254, 16, 142, 380, 456, 694, 694, 456, 142, 380, 240, 478, 666, 428, 778, 540, 478, 240, 380, 142, 16, 254, 170, 408, 708, 470, 380, 142, 652, 414, 254, 16, 142, 380, 16, 254, 694, 456, 478, 240, 778, 540, 652, 414, 554, 792, 254, 16, 540, 778, 408, 170, 170, 408, 254, 16, 694, 456, 380, 142, 380, 142, 254, 16, 380, 142, 16, 254, 708, 470, 142, 380, 694, 456, 142, 380, 380, 142, 414, 652, 708, 470, 380, 142, 254, 16, 254, 16, 254, 16, 380, 142, 792, 554, 380, 142, 540, 778, 736, 498, 408, 170, 736, 498, 380, 142, 142, 380, 142, 380, 254, 16, 456, 694, 380, 142, 414, 652, 428, 666, 708, 470, 254, 16, 428, 666, 414, 652, 778, 540, 142, 380, 792, 554, 652, 414, 708, 470, 694, 456, 694, 456, 778, 540, 778, 540, 652, 414, 652, 414, 456, 694, 170, 408, 778, 540, 170, 408, 652, 414, 792, 554, 666, 428, 666, 428, 142, 380, 380, 142, 708, 470, 142, 380, 16, 254, 380, 142, 540, 778, 498, 736, 666, 428, 554, 792, 380, 142, 380, 142, 708, 470, 694, 456, 254, 16, 540, 778, 736, 498, 254, 16, 254, 16, 16, 254, 414, 652, 652, 414, 380, 142, 170, 408, 652, 414, 554, 792, 254, 16, 666, 428, 470, 708, 498, 736, 254, 16, 652, 414, 736, 498, 142, 380, 708, 470, 666, 428, 694, 456, 254, 16, 540, 778, 792, 554, 694, 456, 540, 778, 736, 498, 428, 666, 694, 456, 652, 414, 694, 456, 778, 540, 778, 540, 778, 540, 170, 408, 736, 498, 554, 792, 142, 380, 736, 498, 16, 254, 736, 498, 792, 554, 666, 428, 778, 540, 380, 142, 708, 470, 254, 16, 666, 428, 380, 142, 170, 408, 652, 414, 736, 498, 694, 456, 142, 380, 414, 652, 380, 142, 380, 142, 142, 380, 666, 428, 694, 456, 778, 540, 694, 456, 142, 380, 652, 414, 694, 456, 254, 16, 380, 142, 708, 470, 652, 414, 666, 428, 666, 428, 652, 414, 666, 428, 254, 16, 380, 142, 652, 414, 380, 142, 142, 380, 254, 16, 666, 428, 778, 540}
Correct solution!
Number of lables used:  22
Time taken: 0.04 seconds
Memory used: 76.41 MB
--------------------------------------------------

Trying with at most 21 labels...
Solution:
{324, 86, 652, 414, 142, 380, 142, 380, 254, 16, 240, 478, 380, 142, 652, 414, 792, 554, 708, 470, 380, 142, 380, 142, 142, 380, 254, 16, 380, 142, 708, 470, 254, 16, 428, 666, 478, 240, 736, 498, 554, 792, 380, 142, 16, 254, 414, 652, 254, 16, 240, 478, 142, 380, 380, 142, 554, 792, 380, 142, 254, 16, 498, 736, 142, 380, 778, 540, 380, 142, 380, 142, 380, 142, 736, 498, 254, 16, 792, 554, 428, 666, 652, 414, 254, 16, 736, 498, 498, 736, 736, 498, 324, 86, 736, 498, 736, 498, 254, 16, 708, 470, 498, 736, 380, 142, 142, 380, 254, 16, 666, 428, 428, 666, 254, 16, 240, 478, 254, 16, 666, 428, 652, 414, 380, 142, 666, 428, 380, 142, 254, 16, 708, 470, 380, 142, 240, 478, 666, 428, 254, 16, 778, 540, 736, 498, 666, 428, 652, 414, 428, 666, 414, 652, 708, 470, 554, 792, 142, 380, 428, 666, 540, 778, 414, 652, 254, 16, 142, 380, 666, 428, 554, 792, 498, 736, 142, 380, 498, 736, 778, 540, 142, 380, 498, 736, 666, 428, 254, 16, 498, 736, 380, 142, 470, 708, 254, 16, 428, 666, 652, 414, 498, 736, 380, 142, 778, 540, 380, 142, 778, 540, 736, 498, 498, 736, 708, 470, 540, 778, 652, 414, 554, 792, 792, 554, 498, 736, 666, 428, 16, 254, 428, 666, 16, 254, 666, 428, 736, 498, 666, 428, 142, 380, 414, 652, 254, 16, 380, 142, 254, 16, 240, 478, 470, 708, 708, 470, 666, 428, 470, 708, 736, 498, 498, 736, 666, 428, 792, 554, 380, 142, 736, 498, 736, 498, 142, 380, 778, 540, 498, 736, 540, 778, 708, 470, 254, 16, 736, 498, 540, 778, 16, 254, 414, 652, 736, 498, 142, 380, 792, 554, 792, 554, 792, 554, 254, 16, 708, 470, 380, 142, 142, 380, 792, 554, 254, 16, 478, 240, 254, 16, 16, 254, 470, 708, 708, 470, 142, 380, 240, 478, 666, 428, 792, 554, 478, 240, 380, 142, 16, 254, 142, 380, 708, 470, 380, 142, 652, 414, 254, 16, 142, 380, 16, 254, 708, 470, 478, 240, 778, 540, 652, 414, 554, 792, 254, 16, 540, 778, 478, 240, 380, 142, 254, 16, 86, 324, 380, 142, 380, 142, 254, 16, 380, 142, 16, 254, 708, 470, 540, 778, 324, 86, 142, 380, 380, 142, 414, 652, 708, 470, 380, 142, 254, 16, 254, 16, 254, 16, 380, 142, 792, 554, 380, 142, 540, 778, 736, 498, 478, 240, 736, 498, 380, 142, 142, 380, 142, 380, 254, 16, 324, 86, 380, 142, 414, 652, 428, 666, 708, 470, 254, 16, 428, 666, 414, 652, 778, 540, 142, 380, 540, 778, 652, 414, 736, 498, 708, 470, 736, 498, 554, 792, 778, 540, 652, 414, 652, 414, 470, 708, 142, 380, 778, 540, 478, 240, 652, 414, 792, 554, 666, 428, 666, 428, 470, 708, 380, 142, 380, 142, 142, 380, 16, 254, 380, 142, 86, 324, 498, 736, 666, 428, 554, 792, 380, 142, 380, 142, 708, 470, 324, 86, 254, 16, 540, 778, 736, 498, 254, 16, 254, 16, 16, 254, 414, 652, 652, 414, 380, 142, 142, 380, 652, 414, 554, 792, 254, 16, 666, 428, 470, 708, 498, 736, 254, 16, 652, 414, 736, 498, 652, 414, 708, 470, 666, 428, 708, 470, 708, 470, 540, 778, 792, 554, 666, 428, 540, 778, 736, 498, 428, 666, 708, 470, 652, 414, 708, 470, 778, 540, 792, 554, 778, 540, 142, 380, 736, 498, 554, 792, 142, 380, 736, 498, 16, 254, 736, 498, 792, 554, 666, 428, 778, 540, 380, 142, 708, 470, 254, 16, 666, 428, 240, 478, 380, 142, 652, 414, 736, 498, 708, 470, 142, 380, 414, 652, 380, 142, 380, 142, 142, 380, 666, 428, 86, 324, 778, 540, 254, 16, 86, 324, 652, 414, 708, 470, 254, 16, 778, 540, 708, 470, 652, 414, 666, 428, 666, 428, 652, 414, 778, 540, 254, 16, 254, 16, 652, 414, 380, 142, 498, 736, 792, 554, 666, 428, 778, 540}
Correct solution!
Number of lables used:  20
Time taken: 0.03 seconds
Memory used: 76.54 MB
--------------------------------------------------

Trying with at most 19 labels...
Solution:
{324, 86, 470, 708, 414, 652, 142, 380, 142, 380, 240, 478, 380, 142, 470, 708, 792, 554, 554, 792, 380, 142, 142, 380, 142, 380, 324, 86, 86, 324, 708, 470, 324, 86, 380, 142, 478, 240, 498, 736, 498, 736, 380, 142, 736, 498, 414, 652, 324, 86, 240, 478, 142, 380, 380, 142, 652, 414, 778, 540, 86, 324, 498, 736, 498, 736, 778, 540, 380, 142, 380, 142, 708, 470, 736, 498, 324, 86, 792, 554, 414, 652, 736, 498, 86, 324, 736, 498, 498, 736, 736, 498, 86, 324, 708, 470, 778, 540, 44, 282, 708, 470, 498, 736, 380, 142, 142, 380, 414, 652, 540, 778, 778, 540, 414, 652, 380, 142, 324, 86, 380, 142, 652, 414, 380, 142, 778, 540, 380, 142, 324, 86, 708, 470, 380, 142, 478, 240, 708, 470, 282, 44, 778, 540, 736, 498, 736, 498, 652, 414, 414, 652, 554, 792, 44, 282, 414, 652, 142, 380, 282, 44, 324, 86, 414, 652, 324, 86, 142, 380, 708, 470, 554, 792, 498, 736, 142, 380, 540, 778, 778, 540, 142, 380, 498, 736, 142, 380, 324, 86, 380, 142, 380, 142, 470, 708, 282, 44, 554, 792, 652, 414, 736, 498, 380, 142, 778, 540, 380, 142, 86, 324, 736, 498, 324, 86, 540, 778, 540, 778, 736, 498, 470, 708, 792, 554, 554, 792, 142, 380, 86, 324, 44, 282, 86, 324, 44, 282, 736, 498, 540, 778, 498, 736, 736, 498, 652, 414, 380, 142, 86, 324, 240, 478, 736, 498, 652, 414, 86, 324, 86, 324, 778, 540, 498, 736, 736, 498, 778, 540, 142, 380, 792, 554, 498, 736, 142, 380, 778, 540, 498, 736, 540, 778, 708, 470, 282, 44, 708, 470, 414, 652, 86, 324, 414, 652, 778, 540, 142, 380, 792, 554, 792, 554, 324, 86, 380, 142, 708, 470, 380, 142, 478, 240, 792, 554, 86, 324, 478, 240, 86, 324, 86, 324, 470, 708, 708, 470, 142, 380, 240, 478, 324, 86, 792, 554, 478, 240, 142, 380, 44, 282, 142, 380, 708, 470, 324, 86, 708, 470, 324, 86, 414, 652, 736, 498, 792, 554, 478, 240, 778, 540, 778, 540, 554, 792, 324, 86, 540, 778, 478, 240, 380, 142, 86, 324, 86, 324, 380, 142, 324, 86, 282, 44, 380, 142, 554, 792, 708, 470, 736, 498, 324, 86, 86, 324, 540, 778, 414, 652, 86, 324, 380, 142, 470, 708, 652, 414, 282, 44, 142, 380, 282, 44, 470, 708, 540, 778, 554, 792, 478, 240, 414, 652, 380, 142, 86, 324, 414, 652, 324, 86, 324, 86, 380, 142, 414, 652, 792, 554, 324, 86, 86, 324, 470, 708, 414, 652, 792, 554, 142, 380, 540, 778, 652, 414, 736, 498, 736, 498, 736, 498, 554, 792, 778, 540, 778, 540, 652, 414, 470, 708, 142, 380, 778, 540, 478, 240, 282, 44, 652, 414, 498, 736, 708, 470, 470, 708, 380, 142, 708, 470, 142, 380, 86, 324, 380, 142, 324, 86, 498, 736, 792, 554, 554, 792, 380, 142, 380, 142, 44, 282, 554, 792, 282, 44, 792, 554, 736, 498, 44, 282, 792, 554, 652, 414, 142, 380, 652, 414, 324, 86, 142, 380, 652, 414, 736, 498, 324, 86, 792, 554, 282, 44, 498, 736, 282, 44, 652, 414, 736, 498, 652, 414, 708, 470, 652, 414, 708, 470, 708, 470, 540, 778, 540, 778, 142, 380, 540, 778, 282, 44, 414, 652, 652, 414, 708, 470, 708, 470, 778, 540, 792, 554, 778, 540, 142, 380, 736, 498, 554, 792, 142, 380, 736, 498, 142, 380, 44, 282, 736, 498, 142, 380, 652, 414, 324, 86, 708, 470, 380, 142, 142, 380, 240, 478, 380, 142, 498, 736, 736, 498, 708, 470, 240, 478, 414, 652, 470, 708, 708, 470, 142, 380, 736, 498, 380, 142, 778, 540, 86, 324, 470, 708, 652, 414, 778, 540, 44, 282, 778, 540, 554, 792, 652, 414, 540, 778, 778, 540, 652, 414, 778, 540, 380, 142, 86, 324, 652, 414, 324, 86, 498, 736, 380, 142, 540, 778, 498, 736}
Correct solution!
Number of lables used:  18
Time taken: 0.03 seconds
Memory used: 77.16 MB
--------------------------------------------------

Trying with at most 17 labels...
[runlim] sample:		10.0 time, 10.1 real, 83.3 MB
[runlim] sample:		20.0 time, 20.1 real, 146.5 MB
[runlim] sample:		30.0 time, 30.1 real, 151.4 MB
[runlim] sample:		40.0 time, 40.1 real, 118.9 MB
[runlim] sample:		50.0 time, 50.1 real, 118.9 MB
[runlim] sample:		60.0 time, 60.1 real, 118.9 MB
[runlim] sample:		70.0 time, 70.1 real, 118.9 MB
[runlim] sample:		80.0 time, 80.1 real, 118.9 MB
[runlim] sample:		90.0 time, 90.1 real, 151.6 MB
[runlim] sample:		100.0 time, 100.1 real, 119.1 MB
[runlim] sample:		110.0 time, 110.1 real, 152.4 MB
[runlim] sample:		120.0 time, 120.1 real, 119.1 MB
[runlim] sample:		130.0 time, 130.1 real, 151.3 MB
[runlim] sample:		140.0 time, 140.1 real, 155.2 MB
[runlim] sample:		150.0 time, 150.1 real, 156.6 MB
[runlim] sample:		160.0 time, 160.1 real, 157.3 MB
[runlim] sample:		170.0 time, 170.1 real, 156.5 MB
[runlim] sample:		180.0 time, 180.1 real, 156.8 MB
[runlim] sample:		190.0 time, 190.1 real, 156.1 MB
[runlim] sample:		200.0 time, 200.1 real, 155.2 MB
[runlim] sample:		210.0 time, 210.1 real, 153.4 MB
[runlim] sample:		220.0 time, 220.1 real, 153.8 MB
[runlim] sample:		230.0 time, 230.1 real, 154.0 MB
[runlim] sample:		240.0 time, 240.1 real, 153.7 MB
[runlim] sample:		250.0 time, 250.1 real, 153.2 MB
[runlim] sample:		260.0 time, 260.1 real, 152.8 MB
[runlim] sample:		270.0 time, 270.1 real, 151.7 MB
[runlim] sample:		280.0 time, 280.1 real, 151.1 MB
[runlim] sample:		290.0 time, 290.1 real, 162.2 MB
[runlim] sample:		300.0 time, 300.1 real, 160.4 MB
[runlim] sample:		310.0 time, 310.1 real, 159.0 MB
[runlim] sample:		320.0 time, 320.1 real, 156.4 MB
[runlim] sample:		330.0 time, 330.1 real, 153.8 MB
[runlim] sample:		340.0 time, 340.1 real, 165.2 MB
[runlim] sample:		350.0 time, 350.1 real, 162.6 MB
[runlim] sample:		360.0 time, 360.1 real, 158.9 MB
[runlim] sample:		370.0 time, 370.1 real, 154.7 MB
[runlim] sample:		380.0 time, 380.1 real, 165.1 MB
[runlim] sample:		390.0 time, 390.1 real, 162.1 MB
[runlim] sample:		400.0 time, 400.1 real, 157.3 MB
[runlim] sample:		410.0 time, 410.1 real, 167.6 MB
[runlim] sample:		420.0 time, 420.1 real, 163.4 MB
[runlim] sample:		430.0 time, 430.1 real, 159.3 MB
[runlim] sample:		440.0 time, 440.1 real, 153.9 MB
[runlim] sample:		450.0 time, 450.1 real, 164.2 MB
[runlim] sample:		460.0 time, 460.1 real, 158.8 MB
[runlim] sample:		470.0 time, 470.1 real, 167.9 MB
[runlim] sample:		480.0 time, 480.1 real, 162.7 MB
[runlim] sample:		490.0 time, 490.1 real, 156.7 MB
[runlim] sample:		500.0 time, 500.1 real, 166.2 MB
[runlim] sample:		510.0 time, 510.1 real, 160.5 MB
[runlim] sample:		520.0 time, 520.1 real, 170.1 MB
[runlim] sample:		530.0 time, 530.1 real, 163.8 MB
[runlim] sample:		540.0 time, 540.1 real, 155.4 MB
[runlim] sample:		550.0 time, 550.1 real, 164.4 MB
[runlim] sample:		560.0 time, 560.1 real, 157.0 MB
[runlim] sample:		570.0 time, 570.1 real, 166.5 MB
[runlim] sample:		580.0 time, 580.1 real, 158.6 MB
[runlim] sample:		590.0 time, 590.1 real, 168.5 MB
[runlim] sample:		600.0 time, 600.1 real, 160.0 MB
[runlim] sample:		610.0 time, 610.1 real, 169.8 MB
[runlim] sample:		620.0 time, 620.1 real, 161.4 MB
[runlim] sample:		630.0 time, 630.1 real, 171.0 MB
[runlim] sample:		640.0 time, 640.1 real, 161.5 MB
[runlim] sample:		650.0 time, 650.1 real, 171.2 MB
[runlim] sample:		660.0 time, 660.1 real, 162.9 MB
[runlim] sample:		670.0 time, 670.1 real, 172.3 MB
[runlim] sample:		680.0 time, 680.1 real, 163.4 MB
[runlim] sample:		690.0 time, 690.1 real, 173.6 MB
[runlim] sample:		700.0 time, 700.1 real, 164.1 MB
[runlim] sample:		710.0 time, 710.1 real, 173.2 MB
[runlim] sample:		720.0 time, 720.1 real, 162.9 MB
[runlim] sample:		730.0 time, 730.1 real, 171.5 MB
[runlim] sample:		740.0 time, 740.1 real, 162.2 MB
[runlim] sample:		750.0 time, 750.1 real, 171.5 MB
[runlim] sample:		760.0 time, 760.1 real, 161.5 MB
[runlim] sample:		770.0 time, 770.1 real, 172.3 MB
[runlim] sample:		780.0 time, 780.1 real, 160.5 MB
[runlim] sample:		790.0 time, 790.1 real, 170.0 MB
[runlim] sample:		800.0 time, 800.1 real, 177.5 MB
[runlim] sample:		810.0 time, 810.1 real, 165.8 MB
[runlim] sample:		820.0 time, 820.1 real, 173.8 MB
[runlim] sample:		830.0 time, 830.1 real, 160.7 MB
[runlim] sample:		840.0 time, 840.1 real, 170.5 MB
[runlim] sample:		850.0 time, 850.1 real, 179.0 MB
[runlim] sample:		860.0 time, 860.1 real, 166.0 MB
[runlim] sample:		870.0 time, 870.1 real, 175.0 MB
[runlim] sample:		880.0 time, 880.1 real, 162.4 MB
[runlim] sample:		890.0 time, 890.1 real, 171.0 MB
[runlim] sample:		900.0 time, 900.1 real, 178.8 MB
[runlim] end:			Thu Jan 15 08:55:10 2026
[runlim] status:		out of time
[runlim] result:		2
[runlim] children:		0
[runlim] real:			900.07 seconds
[runlim] time:			899.97 seconds
[runlim] space:			218.0 MB
[runlim] samples:		9000
