[runlim] version:		1.10
[runlim] time limit:		311040000 seconds
[runlim] real time limit:	900 seconds
[runlim] space limit:		8000 MB
[runlim] argv[0]:		python3
[runlim] argv[1]:		-u
[runlim] argv[2]:		pb.py
[runlim] argv[3]:		scen11
[runlim] argv[4]:		pb_bdd
[runlim] argv[5]:		glucose4
[runlim] start:			Thu Jan 15 08:03:22 2026
[runlim] main pid:		230475
Solve first problem:
Solution:
{44, 282, 114, 352, 254, 16, 652, 414, 268, 30, 142, 380, 142, 380, 352, 114, 352, 114, 310, 72, 16, 254, 338, 100, 694, 456, 156, 394, 282, 44, 254, 16, 268, 30, 680, 442, 352, 114, 652, 414, 366, 128, 254, 16, 296, 58, 282, 44, 268, 30, 254, 16, 268, 30, 128, 366, 764, 526, 142, 380, 310, 72, 526, 764, 652, 414, 414, 652, 750, 512, 652, 414, 114, 352, 366, 128, 268, 30, 366, 128, 142, 380, 394, 156, 736, 498, 324, 86, 254, 16, 352, 114, 268, 30, 338, 100, 254, 16, 296, 58, 324, 86, 128, 366, 58, 296, 254, 16, 296, 58, 296, 58, 254, 16, 338, 100, 750, 512, 338, 100, 72, 310, 324, 86, 254, 16, 254, 16, 352, 114, 324, 86, 254, 16, 16, 254, 380, 142, 792, 554, 456, 694, 484, 722, 394, 156, 512, 750, 268, 30, 16, 254, 254, 16, 254, 16, 324, 86, 408, 170, 324, 86, 254, 16, 352, 114, 282, 44, 722, 484, 394, 156, 338, 100, 86, 324, 128, 366, 254, 16, 324, 86, 254, 16, 156, 394, 254, 16, 666, 428, 338, 100, 254, 16, 666, 428, 58, 296, 394, 156, 254, 16, 694, 456, 736, 498, 100, 338, 30, 268, 394, 156, 680, 442, 30, 268, 750, 512, 44, 282, 268, 30, 666, 428, 338, 100, 268, 30, 380, 142, 310, 72, 142, 380, 310, 72, 142, 380, 282, 44, 666, 428, 736, 498, 352, 114, 380, 142, 666, 428, 366, 128, 352, 114, 338, 100, 128, 366, 44, 282, 394, 156, 380, 142, 708, 470, 366, 128, 114, 352, 268, 30, 324, 86, 338, 100, 338, 100, 268, 30, 352, 114, 366, 128, 366, 128, 338, 100, 254, 16, 100, 338, 254, 16, 16, 254, 380, 142, 310, 72, 268, 30, 114, 352, 296, 58, 268, 30, 128, 366, 254, 16, 114, 352, 338, 100, 338, 100, 352, 114, 352, 114, 254, 16, 268, 30, 310, 72, 268, 30, 254, 16, 366, 128, 268, 30, 338, 100, 338, 100, 296, 58, 268, 30, 254, 16, 282, 44, 254, 16, 310, 72, 254, 16, 268, 30, 310, 72, 254, 16, 338, 100, 254, 16, 254, 16, 254, 16, 128, 366, 666, 428, 58, 296, 380, 142, 666, 428, 114, 352, 44, 282, 352, 114, 338, 100, 268, 30, 114, 352, 366, 128, 352, 114, 352, 114, 666, 428, 338, 100, 254, 16, 366, 128, 352, 114, 114, 352, 296, 58, 268, 30, 142, 380, 282, 44, 268, 30, 268, 30, 338, 100, 254, 16, 366, 128, 100, 338, 282, 44, 268, 30, 352, 114, 338, 100, 338, 100, 268, 30, 352, 114, 282, 44, 268, 30, 282, 44, 268, 30, 282, 44, 268, 30, 380, 142, 338, 100, 296, 58, 338, 100, 254, 16, 254, 16, 394, 156, 366, 128, 268, 30, 254, 16, 114, 352, 338, 100, 268, 30, 338, 100, 268, 30, 338, 100, 268, 30, 338, 100, 268, 30, 268, 30, 254, 16, 324, 86, 352, 114, 254, 16, 44, 282, 394, 156, 324, 86, 254, 16, 324, 86, 254, 16, 310, 72, 268, 30, 268, 30, 310, 72, 268, 30, 268, 30, 268, 30, 44, 282, 268, 30, 324, 86, 268, 30, 338, 100, 268, 30, 268, 30, 338, 100, 268, 30, 268, 30, 268, 30, 254, 16, 296, 58, 268, 30, 338, 100, 254, 16, 338, 100, 268, 30, 254, 16, 268, 30, 338, 100, 268, 30, 338, 100, 268, 30, 352, 114, 282, 44, 268, 30, 268, 30, 338, 100, 268, 30, 254, 16, 338, 100, 268, 30, 338, 100, 268, 30, 338, 100, 268, 30, 114, 352, 282, 44, 324, 86, 254, 16, 254, 16, 30, 268, 282, 44, 44, 282, 268, 30, 128, 366, 114, 352, 338, 100, 324, 86, 338, 100, 352, 114, 352, 114, 268, 30, 352, 114, 254, 16, 16, 254, 338, 100, 282, 44, 324, 86, 268, 30, 282, 44, 380, 142, 338, 100, 324, 86, 282, 44, 268, 30, 268, 30, 268, 30, 338, 100, 268, 30, 254, 16, 254, 16, 254, 16, 268, 30, 254, 16}
Correct solution!
Number of lables used:  44
Time taken: 0.97 seconds
Memory used: 78.31 MB
--------------------------------------------------

Trying with at most 43 labels...
Solution:
{694, 456, 114, 352, 16, 254, 722, 484, 268, 30, 666, 428, 666, 428, 352, 114, 394, 156, 652, 414, 16, 254, 338, 100, 722, 484, 652, 414, 100, 338, 254, 16, 310, 72, 428, 666, 366, 128, 652, 414, 366, 128, 268, 30, 100, 338, 652, 414, 310, 72, 268, 30, 666, 428, 792, 554, 764, 526, 652, 414, 338, 100, 526, 764, 652, 414, 414, 652, 554, 792, 792, 554, 722, 484, 456, 694, 366, 128, 394, 156, 128, 366, 128, 366, 778, 540, 324, 86, 254, 16, 722, 484, 652, 414, 338, 100, 268, 30, 324, 86, 338, 100, 156, 394, 254, 16, 708, 470, 324, 86, 310, 72, 254, 16, 338, 100, 764, 526, 338, 100, 72, 310, 324, 86, 254, 16, 254, 16, 708, 470, 352, 114, 254, 16, 16, 254, 470, 708, 792, 554, 456, 694, 484, 722, 394, 156, 156, 394, 554, 792, 16, 254, 268, 30, 268, 30, 352, 114, 240, 478, 764, 526, 268, 30, 694, 456, 324, 86, 722, 484, 394, 156, 338, 100, 86, 324, 470, 708, 254, 16, 128, 366, 268, 30, 652, 414, 254, 16, 694, 456, 366, 128, 254, 16, 666, 428, 72, 310, 114, 352, 254, 16, 694, 456, 778, 540, 366, 128, 114, 352, 652, 414, 694, 456, 30, 268, 778, 540, 764, 526, 268, 30, 694, 456, 338, 100, 666, 428, 30, 268, 338, 100, 708, 470, 324, 86, 694, 456, 666, 428, 694, 456, 764, 526, 352, 114, 694, 456, 666, 428, 366, 128, 394, 156, 778, 540, 128, 366, 86, 324, 394, 156, 694, 456, 708, 470, 764, 526, 666, 428, 268, 30, 338, 100, 352, 114, 338, 100, 30, 268, 352, 114, 366, 128, 394, 156, 338, 100, 268, 30, 114, 352, 254, 16, 16, 254, 666, 428, 310, 72, 268, 30, 114, 352, 310, 72, 268, 30, 128, 366, 254, 16, 666, 428, 338, 100, 86, 324, 352, 114, 352, 114, 254, 16, 268, 30, 310, 72, 268, 30, 268, 30, 394, 156, 268, 30, 338, 100, 338, 100, 324, 86, 310, 72, 268, 30, 310, 72, 268, 30, 324, 86, 268, 30, 310, 72, 324, 86, 268, 30, 338, 100, 268, 30, 268, 30, 268, 30, 310, 72, 708, 470, 86, 324, 666, 428, 666, 428, 114, 352, 72, 310, 352, 114, 338, 100, 268, 30, 456, 694, 366, 128, 352, 114, 352, 114, 666, 428, 338, 100, 254, 16, 394, 156, 352, 114, 694, 456, 324, 86, 666, 428, 666, 428, 310, 72, 268, 30, 268, 30, 86, 324, 268, 30, 366, 128, 114, 352, 666, 428, 268, 30, 114, 352, 338, 100, 338, 100, 268, 30, 352, 114, 310, 72, 268, 30, 310, 72, 268, 30, 310, 72, 268, 30, 722, 484, 100, 338, 310, 72, 338, 100, 268, 30, 268, 30, 16, 254, 394, 156, 324, 86, 268, 30, 114, 352, 338, 100, 268, 30, 338, 100, 268, 30, 338, 100, 268, 30, 338, 100, 268, 30, 86, 324, 268, 30, 338, 100, 86, 324, 268, 30, 30, 268, 394, 156, 114, 352, 254, 16, 338, 100, 268, 30, 310, 72, 268, 30, 268, 30, 310, 72, 268, 30, 268, 30, 310, 72, 72, 310, 268, 30, 338, 100, 268, 30, 338, 100, 268, 30, 268, 30, 338, 100, 268, 30, 268, 30, 268, 30, 268, 30, 324, 86, 268, 30, 338, 100, 268, 30, 338, 100, 268, 30, 268, 30, 666, 428, 338, 100, 268, 30, 352, 114, 100, 338, 30, 268, 310, 72, 268, 30, 268, 30, 338, 100, 114, 352, 268, 30, 338, 100, 268, 30, 338, 100, 268, 30, 338, 100, 268, 30, 114, 352, 310, 72, 338, 100, 268, 30, 268, 30, 30, 268, 310, 72, 86, 324, 310, 72, 156, 394, 128, 366, 352, 114, 338, 100, 338, 100, 352, 114, 394, 156, 268, 30, 100, 338, 268, 30, 16, 254, 352, 114, 310, 72, 338, 100, 268, 30, 310, 72, 666, 428, 338, 100, 352, 114, 310, 72, 268, 30, 268, 30, 268, 30, 338, 100, 268, 30, 268, 30, 268, 30, 268, 30, 268, 30, 268, 30}
Correct solution!
Number of lables used:  34
Time taken: 0.02 seconds
Memory used: 81.31 MB
--------------------------------------------------

Trying with at most 33 labels...
Solution:
{694, 456, 114, 352, 16, 254, 722, 484, 268, 30, 764, 526, 470, 708, 352, 114, 394, 156, 652, 414, 16, 254, 352, 114, 722, 484, 652, 414, 114, 352, 254, 16, 310, 72, 470, 708, 366, 128, 540, 778, 366, 128, 268, 30, 156, 394, 652, 414, 310, 72, 268, 30, 484, 722, 554, 792, 484, 722, 652, 414, 310, 72, 526, 764, 652, 414, 414, 652, 554, 792, 792, 554, 722, 484, 456, 694, 366, 128, 394, 156, 128, 366, 128, 366, 540, 778, 352, 114, 254, 16, 722, 484, 652, 414, 366, 128, 268, 30, 324, 86, 352, 114, 156, 394, 254, 16, 708, 470, 324, 86, 310, 72, 254, 16, 254, 16, 526, 764, 366, 128, 352, 114, 324, 86, 254, 16, 254, 16, 708, 470, 352, 114, 254, 16, 16, 254, 470, 708, 456, 694, 792, 554, 484, 722, 394, 156, 156, 394, 554, 792, 16, 254, 268, 30, 268, 30, 352, 114, 240, 478, 764, 526, 268, 30, 694, 456, 324, 86, 722, 484, 366, 128, 324, 86, 394, 156, 470, 708, 254, 16, 128, 366, 268, 30, 652, 414, 254, 16, 694, 456, 366, 128, 254, 16, 652, 414, 72, 310, 156, 394, 254, 16, 694, 456, 778, 540, 366, 128, 72, 310, 652, 414, 722, 484, 30, 268, 778, 540, 778, 540, 268, 30, 694, 456, 352, 114, 708, 470, 30, 268, 352, 114, 764, 526, 324, 86, 708, 470, 694, 456, 694, 456, 764, 526, 366, 128, 694, 456, 694, 456, 366, 128, 394, 156, 456, 694, 128, 366, 86, 324, 394, 156, 694, 456, 526, 764, 778, 540, 722, 484, 268, 30, 352, 114, 352, 114, 694, 456, 30, 268, 366, 128, 352, 114, 394, 156, 114, 352, 268, 30, 694, 456, 254, 16, 16, 254, 694, 456, 310, 72, 268, 30, 128, 366, 310, 72, 268, 30, 708, 470, 254, 16, 708, 470, 366, 128, 86, 324, 352, 114, 694, 456, 254, 16, 268, 30, 310, 72, 268, 30, 268, 30, 394, 156, 268, 30, 352, 114, 694, 456, 324, 86, 310, 72, 268, 30, 310, 72, 268, 30, 324, 86, 268, 30, 310, 72, 324, 86, 268, 30, 352, 114, 268, 30, 268, 30, 268, 30, 310, 72, 764, 526, 86, 324, 694, 456, 366, 128, 694, 456, 72, 310, 366, 128, 352, 114, 268, 30, 456, 694, 394, 156, 366, 128, 366, 128, 296, 58, 72, 310, 254, 16, 394, 156, 366, 128, 722, 484, 324, 86, 708, 470, 694, 456, 310, 72, 268, 30, 268, 30, 128, 366, 268, 30, 694, 456, 694, 456, 722, 484, 268, 30, 694, 456, 352, 114, 352, 114, 268, 30, 366, 128, 310, 72, 268, 30, 310, 72, 268, 30, 310, 72, 268, 30, 722, 484, 114, 352, 310, 72, 352, 114, 268, 30, 268, 30, 16, 254, 394, 156, 324, 86, 268, 30, 128, 366, 352, 114, 268, 30, 352, 114, 268, 30, 352, 114, 268, 30, 72, 310, 324, 86, 86, 324, 268, 30, 352, 114, 86, 324, 268, 30, 30, 268, 394, 156, 114, 352, 254, 16, 352, 114, 268, 30, 310, 72, 268, 30, 268, 30, 310, 72, 268, 30, 268, 30, 310, 72, 72, 310, 268, 30, 352, 114, 268, 30, 352, 114, 268, 30, 268, 30, 352, 114, 268, 30, 268, 30, 268, 30, 268, 30, 324, 86, 268, 30, 352, 114, 268, 30, 352, 114, 268, 30, 268, 30, 708, 470, 352, 114, 268, 30, 352, 114, 128, 366, 30, 268, 310, 72, 268, 30, 268, 30, 694, 456, 128, 366, 268, 30, 352, 114, 268, 30, 352, 114, 268, 30, 352, 114, 268, 30, 128, 366, 310, 72, 352, 114, 268, 30, 268, 30, 30, 268, 310, 72, 86, 324, 310, 72, 652, 414, 156, 394, 366, 128, 352, 114, 352, 114, 366, 128, 394, 156, 268, 30, 114, 352, 268, 30, 16, 254, 366, 128, 310, 72, 352, 114, 268, 30, 310, 72, 694, 456, 352, 114, 352, 114, 310, 72, 268, 30, 268, 30, 268, 30, 352, 114, 268, 30, 268, 30, 268, 30, 268, 30, 268, 30, 268, 30}
Correct solution!
Number of lables used:  32
Time taken: 0.02 seconds
Memory used: 81.44 MB
--------------------------------------------------

Trying with at most 31 labels...
Solution:
{708, 470, 156, 394, 86, 324, 722, 484, 268, 30, 778, 540, 526, 764, 512, 750, 394, 156, 652, 414, 16, 254, 708, 470, 722, 484, 652, 414, 470, 708, 156, 394, 310, 72, 470, 708, 86, 324, 554, 792, 324, 86, 254, 16, 156, 394, 652, 414, 310, 72, 268, 30, 484, 722, 310, 72, 394, 156, 708, 470, 310, 72, 722, 484, 30, 268, 86, 324, 750, 512, 792, 554, 722, 484, 484, 722, 324, 86, 722, 484, 114, 352, 114, 352, 652, 414, 352, 114, 254, 16, 554, 792, 394, 156, 708, 470, 254, 16, 414, 652, 414, 652, 708, 470, 156, 394, 778, 540, 310, 72, 470, 708, 254, 16, 254, 16, 484, 722, 114, 352, 470, 708, 86, 324, 254, 16, 268, 30, 708, 470, 394, 156, 324, 86, 310, 72, 484, 722, 324, 86, 254, 16, 156, 394, 394, 156, 708, 470, 72, 310, 16, 254, 268, 30, 268, 30, 156, 394, 408, 170, 764, 526, 324, 86, 792, 554, 310, 72, 778, 540, 414, 652, 324, 86, 394, 156, 470, 708, 254, 16, 114, 352, 254, 16, 708, 470, 254, 16, 722, 484, 394, 156, 254, 16, 652, 414, 30, 268, 156, 394, 310, 72, 652, 414, 254, 16, 324, 86, 72, 310, 156, 394, 778, 540, 72, 310, 750, 512, 778, 540, 268, 30, 114, 352, 352, 114, 526, 764, 30, 268, 484, 722, 268, 30, 156, 394, 708, 470, 708, 470, 764, 526, 722, 484, 526, 764, 708, 470, 540, 778, 72, 310, 394, 156, 114, 352, 352, 114, 86, 324, 30, 268, 708, 470, 540, 778, 778, 540, 722, 484, 310, 72, 352, 114, 708, 470, 540, 778, 30, 268, 470, 708, 352, 114, 30, 268, 114, 352, 310, 72, 708, 470, 254, 16, 16, 254, 722, 484, 324, 86, 268, 30, 72, 310, 114, 352, 268, 30, 722, 484, 268, 30, 708, 470, 324, 86, 540, 778, 352, 114, 540, 778, 254, 16, 268, 30, 310, 72, 268, 30, 268, 30, 394, 156, 310, 72, 352, 114, 708, 470, 324, 86, 310, 72, 268, 30, 352, 114, 268, 30, 324, 86, 16, 254, 310, 72, 324, 86, 268, 30, 394, 156, 268, 30, 268, 30, 310, 72, 44, 282, 778, 540, 30, 268, 708, 470, 352, 114, 708, 470, 722, 484, 114, 352, 72, 310, 268, 30, 268, 30, 156, 394, 652, 414, 352, 114, 750, 512, 72, 310, 352, 114, 414, 652, 282, 44, 722, 484, 324, 86, 708, 470, 352, 114, 310, 72, 310, 72, 310, 72, 352, 114, 268, 30, 708, 470, 352, 114, 526, 764, 352, 114, 30, 268, 764, 526, 268, 30, 310, 72, 722, 484, 352, 114, 310, 72, 352, 114, 324, 86, 310, 72, 470, 708, 722, 484, 114, 352, 310, 72, 352, 114, 268, 30, 268, 30, 16, 254, 414, 652, 324, 86, 268, 30, 708, 470, 352, 114, 268, 30, 352, 114, 268, 30, 352, 114, 268, 30, 72, 310, 324, 86, 156, 394, 268, 30, 352, 114, 554, 792, 254, 16, 540, 778, 470, 708, 652, 414, 114, 352, 352, 114, 512, 750, 708, 470, 310, 72, 268, 30, 352, 114, 310, 72, 310, 72, 324, 86, 72, 310, 268, 30, 778, 540, 310, 72, 86, 324, 30, 268, 310, 72, 86, 324, 310, 72, 310, 72, 324, 86, 268, 30, 324, 86, 268, 30, 394, 156, 268, 30, 114, 352, 470, 708, 310, 72, 72, 310, 268, 30, 114, 352, 30, 268, 114, 352, 30, 268, 310, 72, 352, 114, 268, 30, 708, 470, 72, 310, 16, 254, 352, 114, 268, 30, 86, 324, 310, 72, 86, 324, 310, 72, 708, 470, 470, 708, 484, 722, 512, 750, 268, 30, 30, 268, 324, 86, 86, 324, 310, 72, 652, 414, 156, 394, 324, 86, 352, 114, 86, 324, 394, 156, 394, 156, 310, 72, 708, 470, 254, 16, 156, 394, 708, 470, 324, 86, 352, 114, 310, 72, 324, 86, 708, 470, 352, 114, 268, 30, 324, 86, 310, 72, 310, 72, 30, 268, 86, 324, 310, 72, 268, 30, 254, 16, 750, 512, 310, 72, 268, 30}
Correct solution!
Number of lables used:  30
Time taken: 0.05 seconds
Memory used: 81.69 MB
--------------------------------------------------

Trying with at most 29 labels...
Solution:
{708, 470, 156, 394, 86, 324, 722, 484, 268, 30, 778, 540, 512, 750, 512, 750, 394, 156, 652, 414, 16, 254, 708, 470, 722, 484, 652, 414, 470, 708, 156, 394, 310, 72, 470, 708, 86, 324, 554, 792, 324, 86, 254, 16, 156, 394, 652, 414, 310, 72, 268, 30, 484, 722, 310, 72, 394, 156, 750, 512, 310, 72, 722, 484, 30, 268, 86, 324, 792, 554, 792, 554, 722, 484, 484, 722, 324, 86, 722, 484, 114, 352, 114, 352, 652, 414, 352, 114, 254, 16, 554, 792, 394, 156, 708, 470, 254, 16, 414, 652, 414, 652, 708, 470, 156, 394, 778, 540, 310, 72, 470, 708, 254, 16, 254, 16, 470, 708, 352, 114, 470, 708, 86, 324, 254, 16, 310, 72, 708, 470, 394, 156, 324, 86, 310, 72, 470, 708, 324, 86, 254, 16, 156, 394, 394, 156, 708, 470, 72, 310, 16, 254, 268, 30, 268, 30, 156, 394, 170, 408, 778, 540, 324, 86, 792, 554, 310, 72, 778, 540, 414, 652, 324, 86, 394, 156, 470, 708, 254, 16, 114, 352, 254, 16, 708, 470, 254, 16, 722, 484, 394, 156, 156, 394, 652, 414, 30, 268, 156, 394, 310, 72, 652, 414, 254, 16, 324, 86, 72, 310, 156, 394, 778, 540, 310, 72, 750, 512, 470, 708, 268, 30, 114, 352, 352, 114, 750, 512, 30, 268, 694, 456, 268, 30, 156, 394, 708, 470, 708, 470, 750, 512, 722, 484, 512, 750, 708, 470, 540, 778, 72, 310, 394, 156, 114, 352, 352, 114, 86, 324, 30, 268, 708, 470, 540, 778, 778, 540, 722, 484, 310, 72, 352, 114, 708, 470, 540, 778, 30, 268, 470, 708, 352, 114, 30, 268, 114, 352, 310, 72, 708, 470, 254, 16, 16, 254, 722, 484, 324, 86, 268, 30, 72, 310, 114, 352, 268, 30, 722, 484, 268, 30, 708, 470, 324, 86, 540, 778, 352, 114, 540, 778, 254, 16, 268, 30, 310, 72, 268, 30, 268, 30, 394, 156, 310, 72, 352, 114, 708, 470, 324, 86, 310, 72, 268, 30, 352, 114, 268, 30, 324, 86, 16, 254, 310, 72, 324, 86, 268, 30, 394, 156, 268, 30, 268, 30, 310, 72, 722, 484, 778, 540, 72, 310, 722, 484, 352, 114, 708, 470, 722, 484, 114, 352, 72, 310, 268, 30, 268, 30, 156, 394, 652, 414, 352, 114, 750, 512, 72, 310, 352, 114, 414, 652, 86, 324, 722, 484, 324, 86, 708, 470, 352, 114, 352, 114, 268, 30, 310, 72, 352, 114, 268, 30, 708, 470, 352, 114, 470, 708, 352, 114, 30, 268, 30, 268, 268, 30, 310, 72, 722, 484, 352, 114, 310, 72, 114, 352, 268, 30, 310, 72, 470, 708, 722, 484, 114, 352, 310, 72, 352, 114, 268, 30, 268, 30, 16, 254, 414, 652, 324, 86, 268, 30, 708, 470, 352, 114, 268, 30, 352, 114, 268, 30, 352, 114, 268, 30, 72, 310, 324, 86, 156, 394, 268, 30, 352, 114, 554, 792, 254, 16, 540, 778, 456, 694, 652, 414, 114, 352, 352, 114, 512, 750, 708, 470, 310, 72, 268, 30, 352, 114, 310, 72, 310, 72, 324, 86, 72, 310, 268, 30, 778, 540, 310, 72, 86, 324, 30, 268, 310, 72, 86, 324, 310, 72, 310, 72, 324, 86, 268, 30, 324, 86, 268, 30, 394, 156, 268, 30, 114, 352, 470, 708, 310, 72, 72, 310, 268, 30, 114, 352, 30, 268, 114, 352, 30, 268, 310, 72, 352, 114, 268, 30, 708, 470, 72, 310, 16, 254, 352, 114, 268, 30, 86, 324, 310, 72, 86, 324, 310, 72, 708, 470, 470, 708, 484, 722, 512, 750, 268, 30, 30, 268, 324, 86, 86, 324, 310, 72, 652, 414, 156, 394, 324, 86, 352, 114, 86, 324, 394, 156, 394, 156, 310, 72, 708, 470, 254, 16, 156, 394, 708, 470, 324, 86, 352, 114, 310, 72, 324, 86, 708, 470, 352, 114, 268, 30, 324, 86, 310, 72, 310, 72, 30, 268, 86, 324, 310, 72, 268, 30, 254, 16, 750, 512, 310, 72, 268, 30}
Correct solution!
Number of lables used:  28
Time taken: 0.02 seconds
Memory used: 82.19 MB
--------------------------------------------------

Trying with at most 27 labels...
Solution:
{778, 540, 792, 554, 156, 394, 456, 694, 114, 352, 456, 694, 484, 722, 540, 778, 394, 156, 792, 554, 156, 394, 722, 484, 778, 540, 156, 394, 540, 778, 792, 554, 156, 394, 554, 792, 254, 16, 554, 792, 456, 694, 72, 310, 114, 352, 652, 414, 156, 394, 254, 16, 540, 778, 114, 352, 16, 254, 394, 156, 72, 310, 254, 16, 324, 86, 156, 394, 778, 540, 792, 554, 722, 484, 540, 778, 310, 72, 722, 484, 282, 44, 86, 324, 722, 484, 470, 708, 652, 414, 554, 792, 352, 114, 792, 554, 394, 156, 554, 792, 254, 16, 72, 310, 414, 652, 708, 470, 310, 72, 324, 86, 254, 16, 254, 16, 470, 708, 114, 352, 722, 484, 156, 394, 394, 156, 16, 254, 652, 414, 394, 156, 792, 554, 470, 708, 16, 254, 114, 352, 44, 282, 414, 652, 394, 156, 282, 44, 470, 708, 156, 394, 86, 324, 72, 310, 156, 394, 240, 478, 778, 540, 310, 72, 722, 484, 156, 394, 778, 540, 708, 470, 394, 156, 792, 554, 652, 414, 16, 254, 114, 352, 254, 16, 792, 554, 86, 324, 708, 470, 156, 394, 156, 394, 414, 652, 16, 254, 792, 554, 324, 86, 778, 540, 694, 456, 114, 352, 16, 254, 394, 156, 778, 540, 778, 540, 456, 694, 540, 778, 470, 708, 708, 470, 694, 456, 114, 352, 44, 282, 694, 456, 352, 114, 484, 722, 722, 484, 540, 778, 456, 694, 470, 708, 540, 778, 722, 484, 86, 324, 708, 470, 394, 156, 694, 456, 114, 352, 72, 310, 156, 394, 778, 540, 540, 778, 778, 540, 540, 778, 352, 114, 310, 72, 722, 484, 470, 708, 456, 694, 778, 540, 470, 708, 540, 778, 708, 470, 394, 156, 310, 72, 394, 156, 16, 254, 708, 470, 114, 352, 484, 722, 310, 72, 722, 484, 86, 324, 722, 484, 16, 254, 282, 44, 456, 694, 708, 470, 282, 44, 540, 778, 254, 16, 470, 708, 540, 778, 470, 708, 310, 72, 484, 722, 86, 324, 352, 114, 708, 470, 352, 114, 722, 484, 156, 394, 352, 114, 324, 86, 310, 72, 156, 394, 156, 394, 652, 414, 156, 394, 394, 156, 394, 156, 254, 16, 156, 394, 310, 72, 778, 540, 694, 456, 722, 484, 694, 456, 708, 470, 722, 484, 114, 352, 456, 694, 722, 484, 114, 352, 156, 394, 694, 456, 352, 114, 324, 86, 414, 652, 156, 394, 778, 540, 694, 456, 310, 72, 470, 708, 470, 708, 470, 708, 484, 722, 470, 708, 694, 456, 540, 778, 254, 16, 86, 324, 456, 694, 456, 694, 114, 352, 282, 44, 44, 282, 694, 456, 778, 540, 114, 352, 86, 324, 114, 352, 708, 470, 114, 352, 324, 86, 484, 722, 722, 484, 310, 72, 352, 114, 324, 86, 394, 156, 254, 16, 16, 254, 652, 414, 554, 792, 254, 16, 778, 540, 708, 470, 114, 352, 708, 470, 114, 352, 708, 470, 324, 86, 456, 694, 86, 324, 652, 414, 254, 16, 324, 86, 484, 722, 254, 16, 792, 554, 456, 694, 540, 778, 394, 156, 324, 86, 652, 414, 778, 540, 352, 114, 324, 86, 708, 470, 114, 352, 708, 470, 254, 16, 72, 310, 114, 352, 722, 484, 484, 722, 456, 694, 470, 708, 86, 324, 114, 352, 694, 456, 114, 352, 778, 540, 394, 156, 254, 16, 72, 310, 694, 456, 310, 72, 114, 352, 352, 114, 352, 114, 722, 484, 540, 778, 456, 694, 540, 778, 352, 114, 694, 456, 778, 540, 324, 86, 324, 86, 778, 540, 694, 456, 16, 254, 352, 114, 470, 708, 86, 324, 470, 708, 456, 694, 352, 114, 778, 540, 86, 324, 470, 708, 652, 414, 156, 394, 708, 470, 456, 694, 72, 310, 352, 114, 778, 540, 722, 484, 324, 86, 652, 414, 470, 708, 16, 254, 394, 156, 114, 352, 708, 470, 254, 16, 156, 394, 722, 484, 324, 86, 114, 352, 352, 114, 324, 86, 708, 470, 540, 778, 708, 470, 114, 352, 722, 484, 778, 540, 352, 114, 708, 470, 456, 694, 324, 86, 156, 394, 792, 554, 470, 708, 254, 16}
Correct solution!
Number of lables used:  26
Time taken: 0.09 seconds
Memory used: 82.69 MB
--------------------------------------------------

Trying with at most 25 labels...
Solution:
{792, 554, 792, 554, 156, 394, 456, 694, 324, 86, 484, 722, 484, 722, 540, 778, 352, 114, 792, 554, 156, 394, 722, 484, 484, 722, 156, 394, 540, 778, 792, 554, 142, 380, 792, 554, 254, 16, 554, 792, 456, 694, 86, 324, 142, 380, 652, 414, 142, 380, 254, 16, 540, 778, 16, 254, 114, 352, 324, 86, 156, 394, 652, 414, 114, 352, 156, 394, 456, 694, 554, 792, 484, 722, 540, 778, 652, 414, 722, 484, 268, 30, 86, 324, 722, 484, 554, 792, 652, 414, 554, 792, 380, 142, 792, 554, 352, 114, 540, 778, 156, 394, 414, 652, 58, 296, 778, 540, 254, 16, 540, 778, 254, 16, 254, 16, 456, 694, 352, 114, 722, 484, 156, 394, 394, 156, 16, 254, 554, 792, 394, 156, 792, 554, 254, 16, 414, 652, 394, 156, 324, 86, 268, 30, 394, 156, 792, 554, 156, 394, 156, 394, 86, 324, 30, 268, 456, 694, 380, 142, 694, 456, 254, 16, 722, 484, 254, 16, 296, 58, 652, 414, 86, 324, 792, 554, 352, 114, 16, 254, 114, 352, 254, 16, 792, 554, 394, 156, 652, 414, 540, 778, 156, 394, 456, 694, 16, 254, 792, 554, 324, 86, 86, 324, 380, 142, 456, 694, 16, 254, 652, 414, 778, 540, 324, 86, 352, 114, 114, 352, 484, 722, 540, 778, 694, 456, 324, 86, 30, 268, 694, 456, 352, 114, 484, 722, 722, 484, 30, 268, 268, 30, 324, 86, 114, 352, 114, 352, 30, 268, 722, 484, 414, 652, 722, 484, 114, 352, 484, 722, 114, 352, 778, 540, 778, 540, 778, 540, 540, 778, 352, 114, 324, 86, 722, 484, 456, 694, 456, 694, 778, 540, 722, 484, 652, 414, 694, 456, 394, 156, 456, 694, 16, 254, 16, 254, 778, 540, 114, 352, 484, 722, 324, 86, 722, 484, 86, 324, 722, 484, 16, 254, 456, 694, 694, 456, 694, 456, 778, 540, 268, 30, 254, 16, 540, 778, 456, 694, 540, 778, 254, 16, 484, 722, 86, 324, 86, 324, 694, 456, 352, 114, 722, 484, 114, 352, 394, 156, 324, 86, 324, 86, 156, 394, 156, 394, 652, 414, 414, 652, 652, 414, 394, 156, 254, 16, 156, 394, 114, 352, 778, 540, 30, 268, 722, 484, 694, 456, 722, 484, 722, 484, 86, 324, 540, 778, 722, 484, 722, 484, 156, 394, 694, 456, 324, 86, 58, 296, 456, 694, 114, 352, 792, 554, 114, 352, 456, 694, 484, 722, 352, 114, 352, 114, 456, 694, 484, 722, 694, 456, 722, 484, 114, 352, 30, 268, 30, 268, 456, 694, 114, 352, 268, 30, 30, 268, 694, 456, 778, 540, 86, 324, 30, 268, 86, 324, 722, 484, 114, 352, 324, 86, 484, 722, 540, 778, 268, 30, 352, 114, 324, 86, 352, 114, 254, 16, 16, 254, 652, 414, 792, 554, 324, 86, 778, 540, 694, 456, 114, 352, 722, 484, 114, 352, 722, 484, 324, 86, 456, 694, 86, 324, 652, 414, 254, 16, 324, 86, 778, 540, 254, 16, 792, 554, 456, 694, 722, 484, 254, 16, 394, 156, 778, 540, 694, 456, 296, 58, 324, 86, 694, 456, 114, 352, 694, 456, 394, 156, 114, 352, 86, 324, 722, 484, 484, 722, 456, 694, 484, 722, 324, 86, 114, 352, 694, 456, 114, 352, 722, 484, 394, 156, 254, 16, 324, 86, 694, 456, 268, 30, 114, 352, 540, 778, 792, 554, 456, 694, 540, 778, 694, 456, 484, 722, 352, 114, 694, 456, 778, 540, 324, 86, 268, 30, 778, 540, 694, 456, 16, 254, 352, 114, 456, 694, 86, 324, 456, 694, 456, 694, 352, 114, 778, 540, 86, 324, 86, 324, 652, 414, 156, 394, 778, 540, 456, 694, 114, 352, 394, 156, 778, 540, 722, 484, 324, 86, 652, 414, 456, 694, 16, 254, 394, 156, 114, 352, 352, 114, 254, 16, 156, 394, 722, 484, 86, 324, 114, 352, 456, 694, 324, 86, 694, 456, 540, 778, 694, 456, 114, 352, 722, 484, 778, 540, 352, 114, 722, 484, 456, 694, 324, 86, 156, 394, 792, 554, 456, 694, 254, 16}
Correct solution!
Number of lables used:  24
Time taken: 0.08 seconds
Memory used: 83.44 MB
--------------------------------------------------

Trying with at most 23 labels...
Solution:
{792, 554, 86, 324, 156, 394, 456, 694, 16, 254, 114, 352, 456, 694, 484, 722, 352, 114, 792, 554, 156, 394, 694, 456, 484, 722, 156, 394, 764, 526, 792, 554, 142, 380, 792, 554, 268, 30, 414, 652, 764, 526, 268, 30, 114, 352, 652, 414, 142, 380, 268, 30, 484, 722, 16, 254, 156, 394, 268, 30, 156, 394, 554, 792, 16, 254, 554, 792, 254, 16, 324, 86, 554, 792, 526, 764, 652, 414, 722, 484, 268, 30, 86, 324, 142, 380, 792, 554, 652, 414, 526, 764, 380, 142, 792, 554, 352, 114, 526, 764, 156, 394, 414, 652, 352, 114, 86, 324, 16, 254, 484, 722, 254, 16, 268, 30, 456, 694, 352, 114, 456, 694, 156, 394, 394, 156, 16, 254, 414, 652, 394, 156, 792, 554, 254, 16, 394, 156, 268, 30, 414, 652, 456, 694, 16, 254, 30, 268, 114, 352, 16, 254, 86, 324, 30, 268, 456, 694, 142, 380, 652, 414, 268, 30, 526, 764, 254, 16, 484, 722, 156, 394, 394, 156, 792, 554, 114, 352, 30, 268, 394, 156, 268, 30, 792, 554, 324, 86, 86, 324, 456, 694, 156, 394, 456, 694, 16, 254, 792, 554, 268, 30, 254, 16, 380, 142, 722, 484, 456, 694, 114, 352, 764, 526, 324, 86, 380, 142, 114, 352, 484, 722, 764, 526, 694, 456, 324, 86, 30, 268, 694, 456, 352, 114, 484, 722, 526, 764, 30, 268, 268, 30, 764, 526, 114, 352, 30, 268, 484, 722, 114, 352, 414, 652, 86, 324, 114, 352, 114, 352, 142, 380, 86, 324, 764, 526, 694, 456, 526, 764, 352, 114, 324, 86, 722, 484, 456, 694, 456, 694, 764, 526, 142, 380, 652, 414, 268, 30, 394, 156, 456, 694, 394, 156, 16, 254, 764, 526, 114, 352, 484, 722, 324, 86, 722, 484, 86, 324, 722, 484, 16, 254, 764, 526, 694, 456, 694, 456, 324, 86, 764, 526, 268, 30, 484, 722, 142, 380, 484, 722, 268, 30, 456, 694, 86, 324, 86, 324, 30, 268, 352, 114, 722, 484, 114, 352, 394, 156, 324, 86, 324, 86, 156, 394, 156, 394, 652, 414, 414, 652, 652, 414, 394, 156, 268, 30, 156, 394, 142, 380, 484, 722, 30, 268, 722, 484, 694, 456, 722, 484, 722, 484, 86, 324, 456, 694, 722, 484, 142, 380, 156, 394, 694, 456, 324, 86, 86, 324, 456, 694, 114, 352, 792, 554, 114, 352, 114, 352, 484, 722, 268, 30, 352, 114, 456, 694, 484, 722, 694, 456, 456, 694, 114, 352, 30, 268, 526, 764, 456, 694, 114, 352, 268, 30, 30, 268, 694, 456, 764, 526, 86, 324, 30, 268, 764, 526, 722, 484, 114, 352, 324, 86, 484, 722, 484, 722, 324, 86, 352, 114, 324, 86, 352, 114, 268, 30, 16, 254, 652, 414, 792, 554, 324, 86, 764, 526, 694, 456, 114, 352, 722, 484, 114, 352, 722, 484, 324, 86, 456, 694, 86, 324, 652, 414, 268, 30, 324, 86, 526, 764, 268, 30, 352, 114, 484, 722, 156, 394, 86, 324, 652, 414, 764, 526, 268, 30, 694, 456, 324, 86, 694, 456, 114, 352, 694, 456, 394, 156, 114, 352, 86, 324, 722, 484, 484, 722, 456, 694, 484, 722, 324, 86, 114, 352, 694, 456, 114, 352, 722, 484, 394, 156, 380, 142, 324, 86, 694, 456, 268, 30, 114, 352, 30, 268, 456, 694, 268, 30, 352, 114, 86, 324, 694, 456, 268, 30, 694, 456, 764, 526, 324, 86, 456, 694, 324, 86, 30, 268, 16, 254, 352, 114, 86, 324, 268, 30, 456, 694, 456, 694, 352, 114, 764, 526, 114, 352, 86, 324, 652, 414, 652, 414, 764, 526, 456, 694, 114, 352, 380, 142, 764, 526, 722, 484, 324, 86, 652, 414, 456, 694, 16, 254, 380, 142, 114, 352, 352, 114, 254, 16, 156, 394, 722, 484, 86, 324, 114, 352, 526, 764, 114, 352, 526, 764, 114, 352, 764, 526, 380, 142, 694, 456, 764, 526, 380, 142, 694, 456, 484, 722, 380, 142, 156, 394, 526, 764, 456, 694, 254, 16}
Correct solution!
Number of lables used:  22
Time taken: 0.18 seconds
Memory used: 84.31 MB
--------------------------------------------------

Trying with at most 21 labels...
[runlim] sample:		10.0 time, 11.0 real, 153.7 MB
[runlim] sample:		20.0 time, 21.0 real, 156.7 MB
[runlim] sample:		30.0 time, 31.0 real, 154.7 MB
[runlim] sample:		40.0 time, 41.0 real, 156.0 MB
[runlim] sample:		50.0 time, 51.0 real, 160.4 MB
[runlim] sample:		60.0 time, 61.0 real, 156.9 MB
[runlim] sample:		70.0 time, 71.0 real, 153.2 MB
[runlim] sample:		80.0 time, 81.0 real, 154.0 MB
[runlim] sample:		90.0 time, 91.0 real, 159.9 MB
[runlim] sample:		100.0 time, 101.0 real, 154.4 MB
[runlim] sample:		110.0 time, 111.0 real, 157.2 MB
[runlim] sample:		120.0 time, 121.0 real, 156.9 MB
[runlim] sample:		130.0 time, 131.0 real, 157.3 MB
[runlim] sample:		140.0 time, 141.0 real, 155.7 MB
[runlim] sample:		150.0 time, 151.0 real, 167.0 MB
[runlim] sample:		160.0 time, 161.0 real, 165.2 MB
[runlim] sample:		170.0 time, 171.0 real, 160.7 MB
[runlim] sample:		180.0 time, 181.0 real, 157.1 MB
[runlim] sample:		190.0 time, 191.0 real, 165.0 MB
[runlim] sample:		200.0 time, 201.0 real, 158.4 MB
[runlim] sample:		210.0 time, 211.0 real, 164.5 MB
[runlim] sample:		220.0 time, 221.0 real, 168.6 MB
[runlim] sample:		230.0 time, 231.0 real, 162.1 MB
[runlim] sample:		240.0 time, 241.0 real, 166.6 MB
[runlim] sample:		250.0 time, 251.0 real, 171.2 MB
[runlim] sample:		260.0 time, 261.0 real, 161.1 MB
[runlim] sample:		270.0 time, 271.0 real, 163.1 MB
[runlim] sample:		280.0 time, 281.0 real, 166.0 MB
[runlim] sample:		290.0 time, 291.0 real, 167.5 MB
[runlim] sample:		300.0 time, 301.0 real, 168.9 MB
[runlim] sample:		310.0 time, 311.0 real, 169.8 MB
[runlim] sample:		320.0 time, 321.0 real, 170.9 MB
[runlim] sample:		330.0 time, 331.0 real, 170.3 MB
[runlim] sample:		340.0 time, 341.0 real, 169.3 MB
[runlim] sample:		350.0 time, 351.0 real, 167.0 MB
[runlim] sample:		360.0 time, 361.0 real, 165.6 MB
[runlim] sample:		370.0 time, 371.0 real, 163.8 MB
[runlim] sample:		380.0 time, 381.0 real, 176.3 MB
[runlim] sample:		390.0 time, 391.0 real, 172.0 MB
[runlim] sample:		400.0 time, 401.0 real, 169.9 MB
Cannot find solution.
No more solutions found.
Optimal number of labels used:  22
[runlim] end:			Thu Jan 15 08:10:10 2026
[runlim] status:		ok
[runlim] result:		0
[runlim] children:		0
[runlim] real:			408.40 seconds
[runlim] time:			407.38 seconds
[runlim] space:			216.9 MB
[runlim] samples:		4074
