[runlim] version:		1.10
[runlim] time limit:		311040000 seconds
[runlim] real time limit:	900 seconds
[runlim] space limit:		8000 MB
[runlim] argv[0]:		python3
[runlim] argv[1]:		-u
[runlim] argv[2]:		pb.py
[runlim] argv[3]:		scen04
[runlim] argv[4]:		pb_bdd
[runlim] argv[5]:		glucose4
[runlim] start:			Thu Jan 15 08:03:22 2026
[runlim] main pid:		230472
Solve first problem:
Solution:
{694, 456, 254, 16, 680, 442, 16, 254, 16, 254, 324, 86, 44, 282, 708, 470, 16, 254, 380, 142, 792, 554, 414, 652, 16, 254, 652, 414, 526, 764, 254, 16, 778, 540, 114, 352, 16, 254, 16, 254, 708, 470, 142, 380, 652, 414, 72, 310, 352, 114, 16, 254, 778, 540, 72, 310, 156, 394, 142, 380, 526, 764, 114, 352, 366, 128, 722, 484, 554, 792, 254, 16, 652, 414, 540, 778, 540, 778, 86, 324, 114, 352, 128, 366, 44, 282, 254, 16, 414, 652, 268, 30, 128, 366, 16, 254, 414, 652, 254, 16, 512, 750, 652, 414, 254, 16, 498, 736, 484, 722, 86, 324, 254, 16, 792, 554, 268, 30, 142, 380, 764, 526, 30, 268, 16, 254, 680, 442, 414, 652, 792, 554, 694, 456, 72, 310, 268, 30, 778, 540, 44, 282, 44, 282, 484, 722, 750, 512, 526, 764, 380, 142, 652, 414, 442, 680, 512, 750, 170, 408, 554, 792, 16, 254, 526, 764, 380, 142, 16, 254, 442, 680, 792, 554, 380, 142, 708, 470, 470, 708, 652, 414, 254, 16, 394, 156, 254, 16, 142, 380, 142, 380, 338, 100, 352, 114, 736, 498, 792, 554, 484, 722, 750, 512, 526, 764, 526, 764, 352, 114, 72, 310, 456, 694, 30, 268, 30, 268, 44, 282, 778, 540, 268, 30, 268, 30, 512, 750, 352, 114, 442, 680, 736, 498, 254, 16, 736, 498, 666, 428, 750, 512, 526, 764, 30, 268, 324, 86, 324, 86, 428, 666, 254, 16, 680, 442, 142, 380, 778, 540, 352, 114, 694, 456, 442, 680, 268, 30, 428, 666, 268, 30, 428, 666, 338, 100, 484, 722, 750, 512, 380, 142, 86, 324, 414, 652, 708, 470, 652, 414, 750, 512, 128, 366, 652, 414, 666, 428, 30, 268, 338, 100, 498, 736, 268, 30, 128, 366, 428, 666, 254, 16, 764, 526, 442, 680, 540, 778, 484, 722, 512, 750, 652, 414, 512, 750, 526, 764, 666, 428, 30, 268, 338, 100, 114, 352, 268, 30, 352, 114, 694, 456, 268, 30, 254, 16, 394, 156, 442, 680, 666, 428, 736, 498, 324, 86, 414, 652, 324, 86, 268, 30, 16, 254, 142, 380, 652, 414, 380, 142, 456, 694, 268, 30, 366, 128, 142, 380, 694, 456, 268, 30, 750, 512, 58, 296, 428, 666, 722, 484, 792, 554, 414, 652, 484, 722, 680, 442, 778, 540, 380, 142, 652, 414, 764, 526, 128, 366, 352, 114, 512, 750, 526, 764, 778, 540, 86, 324, 680, 442, 526, 764, 470, 708, 128, 366, 526, 764, 470, 708, 30, 268, 142, 380, 778, 540, 428, 666, 268, 30, 268, 30, 680, 442, 30, 268, 428, 666, 128, 366, 254, 16, 296, 58, 30, 268, 72, 310, 254, 16, 470, 708, 442, 680, 58, 296, 324, 86, 16, 254, 394, 156, 338, 100, 484, 722, 72, 310, 142, 380, 470, 708, 268, 30, 428, 666, 30, 268, 540, 778, 30, 268, 526, 764, 254, 16, 680, 442, 44, 282, 142, 380, 44, 282, 44, 282, 680, 442, 366, 128, 778, 540, 736, 498, 540, 778, 540, 778, 722, 484, 470, 708, 268, 30, 666, 428, 764, 526, 30, 268, 30, 268, 708, 470, 268, 30, 114, 352, 484, 722, 428, 666, 498, 736, 268, 30, 44, 282, 540, 778, 652, 414, 324, 86, 666, 428, 380, 142, 652, 414, 324, 86, 268, 30, 72, 310, 30, 268, 750, 512, 268, 30, 498, 736, 666, 428, 268, 30, 680, 442, 764, 526, 512, 750, 428, 666, 114, 352, 254, 16, 470, 708, 72, 310, 456, 694, 324, 86, 666, 428, 736, 498, 268, 30, 512, 750, 16, 254, 254, 16, 442, 680, 114, 352, 442, 680, 428, 666, 254, 16, 736, 498, 254, 16, 428, 666, 414, 652, 736, 498, 736, 498, 414, 652, 324, 86, 428, 666, 114, 352, 540, 778, 100, 338, 736, 498, 540, 778, 100, 338, 30, 268, 268, 30, 666, 428, 442, 680, 512, 750, 30, 268, 268, 30, 380, 142, 30, 268, 680, 442, 44, 282, 254, 16, 268, 30, 470, 708, 16, 254}
Correct solution!
Number of lables used:  46
Time taken: 0.57 seconds
Memory used: 45.77 MB
--------------------------------------------------

Trying with at most 45 labels...
Solution:
{694, 456, 254, 16, 680, 442, 16, 254, 16, 254, 324, 86, 44, 282, 708, 470, 16, 254, 380, 142, 792, 554, 428, 666, 16, 254, 652, 414, 526, 764, 254, 16, 778, 540, 114, 352, 16, 254, 16, 254, 708, 470, 142, 380, 652, 414, 72, 310, 352, 114, 16, 254, 778, 540, 72, 310, 156, 394, 142, 380, 526, 764, 114, 352, 366, 128, 722, 484, 554, 792, 254, 16, 652, 414, 540, 778, 540, 778, 86, 324, 114, 352, 128, 366, 44, 282, 254, 16, 414, 652, 268, 30, 128, 366, 16, 254, 414, 652, 254, 16, 512, 750, 652, 414, 254, 16, 498, 736, 484, 722, 86, 324, 254, 16, 792, 554, 268, 30, 142, 380, 764, 526, 30, 268, 16, 254, 680, 442, 414, 652, 792, 554, 694, 456, 72, 310, 268, 30, 778, 540, 44, 282, 44, 282, 484, 722, 750, 512, 526, 764, 380, 142, 652, 414, 442, 680, 512, 750, 170, 408, 554, 792, 16, 254, 526, 764, 380, 142, 16, 254, 442, 680, 792, 554, 380, 142, 708, 470, 470, 708, 652, 414, 254, 16, 394, 156, 254, 16, 142, 380, 142, 380, 352, 114, 352, 114, 736, 498, 792, 554, 484, 722, 750, 512, 526, 764, 526, 764, 352, 114, 72, 310, 456, 694, 30, 268, 30, 268, 44, 282, 778, 540, 268, 30, 268, 30, 512, 750, 352, 114, 442, 680, 736, 498, 254, 16, 736, 498, 666, 428, 750, 512, 526, 764, 30, 268, 324, 86, 324, 86, 428, 666, 254, 16, 680, 442, 142, 380, 778, 540, 352, 114, 694, 456, 442, 680, 268, 30, 428, 666, 268, 30, 428, 666, 380, 142, 484, 722, 750, 512, 380, 142, 86, 324, 414, 652, 708, 470, 652, 414, 750, 512, 128, 366, 652, 414, 764, 526, 30, 268, 352, 114, 498, 736, 268, 30, 128, 366, 428, 666, 254, 16, 764, 526, 442, 680, 540, 778, 484, 722, 512, 750, 652, 414, 512, 750, 526, 764, 666, 428, 30, 268, 352, 114, 114, 352, 268, 30, 352, 114, 694, 456, 268, 30, 254, 16, 394, 156, 442, 680, 708, 470, 778, 540, 324, 86, 414, 652, 324, 86, 268, 30, 16, 254, 142, 380, 652, 414, 380, 142, 456, 694, 268, 30, 366, 128, 142, 380, 694, 456, 268, 30, 750, 512, 58, 296, 428, 666, 722, 484, 792, 554, 414, 652, 484, 722, 680, 442, 778, 540, 380, 142, 652, 414, 764, 526, 128, 366, 352, 114, 512, 750, 526, 764, 778, 540, 86, 324, 680, 442, 526, 764, 470, 708, 128, 366, 526, 764, 470, 708, 30, 268, 142, 380, 778, 540, 428, 666, 268, 30, 268, 30, 680, 442, 30, 268, 428, 666, 128, 366, 254, 16, 296, 58, 30, 268, 72, 310, 254, 16, 470, 708, 442, 680, 58, 296, 324, 86, 16, 254, 394, 156, 352, 114, 484, 722, 72, 310, 142, 380, 470, 708, 268, 30, 428, 666, 30, 268, 540, 778, 30, 268, 526, 764, 254, 16, 680, 442, 44, 282, 142, 380, 44, 282, 44, 282, 680, 442, 366, 128, 778, 540, 736, 498, 540, 778, 540, 778, 722, 484, 470, 708, 268, 30, 666, 428, 764, 526, 30, 268, 30, 268, 708, 470, 268, 30, 114, 352, 484, 722, 428, 666, 498, 736, 268, 30, 44, 282, 540, 778, 652, 414, 324, 86, 666, 428, 380, 142, 652, 414, 324, 86, 268, 30, 72, 310, 30, 268, 750, 512, 268, 30, 498, 736, 666, 428, 268, 30, 680, 442, 764, 526, 512, 750, 428, 666, 114, 352, 254, 16, 470, 708, 72, 310, 456, 694, 324, 86, 666, 428, 736, 498, 268, 30, 512, 750, 16, 254, 254, 16, 442, 680, 114, 352, 442, 680, 428, 666, 254, 16, 736, 498, 254, 16, 428, 666, 414, 652, 736, 498, 736, 498, 414, 652, 324, 86, 428, 666, 114, 352, 540, 778, 114, 352, 736, 498, 540, 778, 114, 352, 30, 268, 268, 30, 666, 428, 442, 680, 512, 750, 30, 268, 268, 30, 380, 142, 30, 268, 680, 442, 44, 282, 254, 16, 268, 30, 470, 708, 16, 254}
Correct solution!
Number of lables used:  44
Time taken: 0.01 seconds
Memory used: 46.77 MB
--------------------------------------------------

Trying with at most 43 labels...
Solution:
{694, 456, 254, 16, 680, 442, 16, 254, 16, 254, 324, 86, 44, 282, 708, 470, 16, 254, 380, 142, 792, 554, 428, 666, 16, 254, 652, 414, 526, 764, 254, 16, 778, 540, 114, 352, 16, 254, 16, 254, 708, 470, 142, 380, 652, 414, 72, 310, 352, 114, 16, 254, 778, 540, 72, 310, 156, 394, 142, 380, 526, 764, 114, 352, 366, 128, 722, 484, 554, 792, 254, 16, 652, 414, 554, 792, 554, 792, 86, 324, 114, 352, 128, 366, 44, 282, 254, 16, 414, 652, 268, 30, 128, 366, 16, 254, 414, 652, 254, 16, 512, 750, 652, 414, 254, 16, 512, 750, 484, 722, 86, 324, 254, 16, 792, 554, 268, 30, 142, 380, 764, 526, 30, 268, 16, 254, 680, 442, 414, 652, 792, 554, 694, 456, 72, 310, 268, 30, 778, 540, 44, 282, 44, 282, 484, 722, 750, 512, 526, 764, 380, 142, 652, 414, 442, 680, 512, 750, 170, 408, 554, 792, 16, 254, 526, 764, 380, 142, 16, 254, 442, 680, 792, 554, 380, 142, 708, 470, 470, 708, 652, 414, 254, 16, 394, 156, 254, 16, 142, 380, 142, 380, 352, 114, 352, 114, 750, 512, 792, 554, 484, 722, 750, 512, 526, 764, 526, 764, 352, 114, 72, 310, 456, 694, 30, 268, 30, 268, 44, 282, 778, 540, 268, 30, 268, 30, 512, 750, 352, 114, 442, 680, 764, 526, 254, 16, 750, 512, 666, 428, 750, 512, 540, 778, 30, 268, 324, 86, 324, 86, 428, 666, 254, 16, 680, 442, 142, 380, 778, 540, 352, 114, 694, 456, 442, 680, 268, 30, 428, 666, 268, 30, 428, 666, 380, 142, 484, 722, 750, 512, 380, 142, 86, 324, 414, 652, 708, 470, 652, 414, 750, 512, 128, 366, 652, 414, 764, 526, 30, 268, 352, 114, 512, 750, 268, 30, 128, 366, 428, 666, 254, 16, 764, 526, 442, 680, 540, 778, 484, 722, 512, 750, 652, 414, 512, 750, 526, 764, 666, 428, 30, 268, 352, 114, 114, 352, 268, 30, 352, 114, 694, 456, 268, 30, 254, 16, 394, 156, 442, 680, 708, 470, 778, 540, 324, 86, 414, 652, 324, 86, 268, 30, 16, 254, 142, 380, 652, 414, 380, 142, 456, 694, 268, 30, 366, 128, 142, 380, 694, 456, 268, 30, 750, 512, 58, 296, 428, 666, 722, 484, 792, 554, 414, 652, 484, 722, 680, 442, 778, 540, 380, 142, 652, 414, 764, 526, 128, 366, 352, 114, 512, 750, 526, 764, 778, 540, 86, 324, 680, 442, 526, 764, 470, 708, 128, 366, 526, 764, 470, 708, 30, 268, 142, 380, 778, 540, 428, 666, 268, 30, 268, 30, 680, 442, 30, 268, 428, 666, 128, 366, 254, 16, 296, 58, 30, 268, 72, 310, 254, 16, 470, 708, 442, 680, 58, 296, 324, 86, 16, 254, 394, 156, 352, 114, 484, 722, 72, 310, 142, 380, 470, 708, 268, 30, 428, 666, 30, 268, 540, 778, 30, 268, 526, 764, 254, 16, 680, 442, 44, 282, 142, 380, 44, 282, 44, 282, 680, 442, 366, 128, 778, 540, 750, 512, 540, 778, 540, 778, 722, 484, 470, 708, 268, 30, 666, 428, 792, 554, 30, 268, 30, 268, 708, 470, 268, 30, 114, 352, 484, 722, 428, 666, 512, 750, 268, 30, 44, 282, 540, 778, 652, 414, 324, 86, 666, 428, 380, 142, 652, 414, 324, 86, 268, 30, 72, 310, 30, 268, 750, 512, 268, 30, 512, 750, 666, 428, 268, 30, 680, 442, 764, 526, 512, 750, 428, 666, 114, 352, 254, 16, 470, 708, 72, 310, 456, 694, 324, 86, 666, 428, 750, 512, 268, 30, 512, 750, 16, 254, 254, 16, 442, 680, 114, 352, 442, 680, 428, 666, 254, 16, 750, 512, 254, 16, 428, 666, 414, 652, 750, 512, 750, 512, 414, 652, 324, 86, 428, 666, 114, 352, 540, 778, 114, 352, 750, 512, 540, 778, 114, 352, 30, 268, 268, 30, 666, 428, 442, 680, 512, 750, 30, 268, 268, 30, 380, 142, 30, 268, 680, 442, 44, 282, 254, 16, 268, 30, 470, 708, 16, 254}
Correct solution!
Number of lables used:  42
Time taken: 0.01 seconds
Memory used: 46.77 MB
--------------------------------------------------

Trying with at most 41 labels...
Solution:
{694, 456, 254, 16, 680, 442, 16, 254, 16, 254, 324, 86, 44, 282, 708, 470, 16, 254, 380, 142, 792, 554, 428, 666, 16, 254, 652, 414, 526, 764, 254, 16, 778, 540, 114, 352, 16, 254, 16, 254, 708, 470, 142, 380, 652, 414, 72, 310, 352, 114, 16, 254, 778, 540, 72, 310, 156, 394, 142, 380, 526, 764, 114, 352, 366, 128, 722, 484, 554, 792, 254, 16, 652, 414, 554, 792, 554, 792, 86, 324, 114, 352, 128, 366, 44, 282, 254, 16, 414, 652, 268, 30, 128, 366, 16, 254, 414, 652, 254, 16, 512, 750, 652, 414, 254, 16, 512, 750, 484, 722, 86, 324, 254, 16, 792, 554, 268, 30, 142, 380, 764, 526, 30, 268, 16, 254, 680, 442, 414, 652, 792, 554, 694, 456, 72, 310, 268, 30, 778, 540, 44, 282, 44, 282, 484, 722, 750, 512, 526, 764, 380, 142, 652, 414, 442, 680, 512, 750, 170, 408, 554, 792, 16, 254, 526, 764, 380, 142, 16, 254, 442, 680, 792, 554, 380, 142, 708, 470, 470, 708, 652, 414, 254, 16, 394, 156, 254, 16, 142, 380, 142, 380, 352, 114, 352, 114, 750, 512, 792, 554, 484, 722, 750, 512, 526, 764, 526, 764, 352, 114, 72, 310, 456, 694, 30, 268, 30, 268, 44, 282, 778, 540, 268, 30, 268, 30, 512, 750, 352, 114, 442, 680, 764, 526, 254, 16, 750, 512, 666, 428, 750, 512, 540, 778, 30, 268, 324, 86, 324, 86, 428, 666, 254, 16, 680, 442, 142, 380, 778, 540, 352, 114, 694, 456, 442, 680, 268, 30, 428, 666, 268, 30, 428, 666, 380, 142, 484, 722, 750, 512, 380, 142, 86, 324, 414, 652, 708, 470, 652, 414, 750, 512, 128, 366, 652, 414, 764, 526, 30, 268, 352, 114, 512, 750, 268, 30, 128, 366, 428, 666, 254, 16, 764, 526, 442, 680, 540, 778, 484, 722, 512, 750, 652, 414, 512, 750, 526, 764, 666, 428, 30, 268, 352, 114, 114, 352, 268, 30, 352, 114, 694, 456, 268, 30, 254, 16, 394, 156, 442, 680, 708, 470, 778, 540, 324, 86, 414, 652, 324, 86, 268, 30, 16, 254, 142, 380, 652, 414, 380, 142, 456, 694, 268, 30, 366, 128, 142, 380, 694, 456, 268, 30, 750, 512, 30, 268, 428, 666, 722, 484, 792, 554, 414, 652, 526, 764, 680, 442, 778, 540, 380, 142, 652, 414, 764, 526, 128, 366, 352, 114, 512, 750, 526, 764, 778, 540, 86, 324, 680, 442, 526, 764, 470, 708, 128, 366, 526, 764, 470, 708, 30, 268, 142, 380, 778, 540, 442, 680, 268, 30, 268, 30, 680, 442, 30, 268, 428, 666, 128, 366, 254, 16, 310, 72, 30, 268, 72, 310, 254, 16, 470, 708, 442, 680, 72, 310, 324, 86, 16, 254, 394, 156, 352, 114, 484, 722, 72, 310, 142, 380, 470, 708, 268, 30, 428, 666, 30, 268, 540, 778, 30, 268, 526, 764, 254, 16, 680, 442, 44, 282, 142, 380, 44, 282, 44, 282, 680, 442, 366, 128, 778, 540, 750, 512, 540, 778, 540, 778, 722, 484, 470, 708, 268, 30, 666, 428, 792, 554, 30, 268, 30, 268, 708, 470, 268, 30, 114, 352, 484, 722, 428, 666, 512, 750, 268, 30, 44, 282, 540, 778, 652, 414, 324, 86, 666, 428, 380, 142, 652, 414, 324, 86, 268, 30, 72, 310, 30, 268, 750, 512, 268, 30, 512, 750, 666, 428, 268, 30, 680, 442, 764, 526, 512, 750, 428, 666, 114, 352, 254, 16, 470, 708, 72, 310, 456, 694, 324, 86, 666, 428, 750, 512, 268, 30, 512, 750, 16, 254, 254, 16, 442, 680, 114, 352, 442, 680, 428, 666, 254, 16, 750, 512, 254, 16, 428, 666, 414, 652, 750, 512, 750, 512, 414, 652, 324, 86, 428, 666, 114, 352, 540, 778, 114, 352, 750, 512, 540, 778, 114, 352, 30, 268, 268, 30, 666, 428, 442, 680, 512, 750, 30, 268, 268, 30, 380, 142, 30, 268, 680, 442, 44, 282, 254, 16, 268, 30, 470, 708, 16, 254}
Correct solution!
Number of lables used:  40
Time taken: 0.01 seconds
Memory used: 46.77 MB
--------------------------------------------------

Trying with at most 39 labels...
Cannot find solution.
No more solutions found.
Optimal number of labels used:  40
[runlim] end:			Thu Jan 15 08:03:22 2026
[runlim] status:		ok
[runlim] result:		0
[runlim] children:		0
[runlim] real:			0.98 seconds
[runlim] time:			0.79 seconds
[runlim] space:			49.8 MB
[runlim] samples:		8
