[runlim] version:		1.10
[runlim] time limit:		311040000 seconds
[runlim] real time limit:	900 seconds
[runlim] space limit:		8000 MB
[runlim] argv[0]:		python3
[runlim] argv[1]:		-u
[runlim] argv[2]:		pb.py
[runlim] argv[3]:		scen01
[runlim] argv[4]:		pb_bdd
[runlim] argv[5]:		glucose4
[runlim] start:			Thu Jan 15 07:18:22 2026
[runlim] main pid:		214152
Solve first problem:
Solution:
{652, 414, 736, 498, 268, 30, 128, 366, 254, 16, 366, 128, 254, 16, 254, 16, 156, 394, 764, 526, 142, 380, 142, 380, 352, 114, 352, 114, 414, 652, 268, 30, 554, 792, 708, 470, 352, 114, 442, 680, 142, 380, 736, 498, 352, 114, 652, 414, 310, 72, 16, 254, 338, 100, 366, 128, 324, 86, 310, 72, 254, 16, 324, 86, 254, 16, 722, 484, 652, 414, 282, 44, 254, 16, 366, 128, 352, 114, 254, 16, 268, 30, 680, 442, 352, 114, 652, 414, 310, 72, 366, 128, 254, 16, 296, 58, 282, 44, 680, 442, 394, 156, 282, 44, 254, 16, 268, 30, 352, 114, 394, 156, 268, 30, 310, 72, 750, 512, 722, 484, 282, 44, 254, 16, 128, 366, 142, 380, 310, 72, 380, 142, 282, 44, 44, 282, 338, 100, 268, 30, 408, 170, 324, 86, 324, 86, 666, 428, 128, 366, 708, 470, 366, 128, 652, 414, 44, 282, 338, 100, 268, 30, 268, 30, 268, 30, 282, 44, 324, 86, 352, 114, 324, 86, 666, 428, 394, 156, 142, 380, 394, 156, 694, 456, 324, 86, 254, 16, 282, 44, 366, 128, 296, 58, 338, 100, 254, 16, 282, 44, 352, 114, 254, 16, 254, 16, 296, 58, 58, 296, 58, 296, 254, 16, 296, 58, 296, 58, 254, 16, 268, 30, 282, 44, 254, 16, 268, 30, 324, 86, 338, 100, 666, 428, 338, 100, 694, 456, 254, 16, 352, 114, 352, 114, 338, 100, 268, 30, 268, 30, 380, 142, 254, 16, 324, 86, 282, 44, 254, 16, 254, 16, 352, 114, 324, 86, 254, 16, 352, 114, 352, 114, 44, 282, 44, 282, 352, 114, 394, 156, 282, 44, 282, 44, 366, 128, 254, 16, 254, 16, 324, 86, 408, 170, 254, 16, 254, 16, 366, 128, 282, 44, 680, 442, 352, 114, 30, 268, 338, 100, 254, 16, 254, 16, 254, 16, 324, 86, 254, 16, 254, 16, 254, 16, 666, 428, 338, 100, 254, 16, 666, 428, 338, 100, 394, 156, 254, 16, 352, 114, 30, 268, 30, 268, 394, 156, 324, 86, 380, 142, 30, 268, 736, 498, 44, 282, 268, 30, 666, 428, 338, 100, 268, 30, 380, 142, 310, 72, 142, 380, 310, 72, 142, 380, 282, 44, 86, 324, 736, 498, 352, 114, 380, 142, 666, 428, 366, 128, 352, 114, 338, 100, 128, 366, 44, 282, 394, 156, 380, 142, 114, 352, 366, 128, 114, 352, 254, 16, 268, 30, 324, 86, 338, 100, 338, 100, 268, 30, 352, 114, 352, 114, 310, 72, 310, 72, 310, 72, 268, 30, 268, 30, 268, 30, 366, 128, 254, 16, 366, 128, 338, 100, 254, 16, 310, 72, 254, 16, 100, 338, 254, 16, 254, 16, 16, 254, 380, 142, 310, 72, 268, 30, 114, 352, 296, 58, 268, 30, 128, 366, 254, 16, 114, 352, 338, 100, 268, 30, 352, 114, 352, 114, 352, 114, 254, 16, 254, 16, 268, 30, 310, 72, 268, 30, 268, 30, 338, 100, 324, 86, 30, 268, 254, 16, 142, 380, 338, 100, 254, 16, 338, 100, 268, 30, 366, 128, 268, 30, 338, 100, 268, 30, 338, 100, 296, 58, 268, 30, 254, 16, 254, 16, 282, 44, 254, 16, 310, 72, 254, 16, 268, 30, 310, 72, 254, 16, 338, 100, 254, 16, 254, 16, 254, 16, 128, 366, 666, 428, 58, 296, 352, 114, 666, 428, 114, 352, 44, 282, 352, 114, 338, 100, 268, 30, 114, 352, 366, 128, 352, 114, 352, 114, 666, 428, 338, 100, 254, 16, 366, 128, 352, 114, 114, 352, 296, 58, 268, 30, 142, 380, 282, 44, 268, 30, 268, 30, 338, 100, 254, 16, 366, 128, 100, 338, 282, 44, 268, 30, 352, 114, 338, 100, 338, 100, 268, 30, 352, 114, 282, 44, 268, 30, 282, 44, 268, 30, 282, 44, 268, 30, 380, 142, 338, 100, 268, 30, 268, 30, 254, 16, 254, 16, 254, 16, 338, 100, 324, 86, 254, 16, 254, 16, 394, 156, 366, 128, 268, 30, 254, 16, 254, 16, 324, 86, 254, 16, 114, 352, 338, 100, 268, 30, 338, 100, 268, 30, 338, 100, 268, 30, 338, 100, 268, 30, 310, 72, 254, 16, 254, 16, 254, 16, 268, 30, 254, 16, 268, 30, 254, 16, 324, 86, 352, 114, 254, 16, 44, 282, 394, 156, 324, 86, 254, 16, 254, 16, 254, 16, 310, 72, 268, 30, 268, 30, 310, 72, 268, 30, 268, 30, 268, 30, 44, 282, 268, 30, 324, 86, 268, 30, 338, 100, 268, 30, 268, 30, 338, 100, 268, 30, 268, 30, 268, 30, 254, 16, 296, 58, 268, 30, 338, 100, 254, 16, 338, 100, 254, 16, 254, 16, 254, 16, 268, 30, 254, 16, 268, 30, 338, 100, 268, 30, 338, 100, 268, 30, 352, 114, 282, 44, 268, 30, 268, 30, 338, 100, 268, 30, 254, 16, 338, 100, 268, 30, 338, 100, 268, 30, 338, 100, 268, 30, 114, 352, 282, 44, 324, 86, 254, 16, 254, 16, 254, 16, 380, 142, 282, 44, 44, 282, 268, 30, 128, 366, 114, 352, 338, 100, 324, 86, 30, 268, 338, 100, 268, 30, 254, 16, 338, 100, 352, 114, 352, 114, 268, 30, 352, 114, 254, 16, 16, 254, 254, 16, 324, 86, 282, 44, 310, 72, 268, 30, 282, 44, 380, 142, 338, 100, 324, 86, 282, 44, 268, 30, 268, 30, 268, 30, 338, 100, 268, 30, 254, 16, 254, 16, 268, 30, 254, 16, 254, 16, 268, 30, 254, 16}
Correct solution!
Number of lables used:  44
Time taken: 1.30 seconds
Memory used: 95.86 MB
--------------------------------------------------

Trying with at most 43 labels...
Solution:
{156, 394, 498, 736, 282, 44, 16, 254, 100, 338, 380, 142, 254, 16, 526, 764, 16, 254, 324, 86, 114, 352, 526, 764, 394, 156, 394, 156, 86, 324, 380, 142, 380, 142, 736, 498, 764, 526, 526, 764, 114, 352, 736, 498, 296, 58, 526, 764, 764, 526, 86, 324, 394, 156, 296, 58, 324, 86, 282, 44, 16, 254, 352, 114, 254, 16, 512, 750, 380, 142, 296, 58, 296, 58, 366, 128, 380, 142, 366, 128, 296, 58, 764, 526, 156, 394, 736, 498, 86, 324, 142, 380, 282, 44, 352, 114, 324, 86, 282, 44, 394, 156, 282, 44, 254, 16, 338, 100, 352, 114, 142, 380, 296, 58, 324, 86, 498, 736, 526, 764, 282, 44, 254, 16, 128, 366, 352, 114, 736, 498, 156, 394, 324, 86, 114, 352, 324, 86, 736, 498, 408, 170, 394, 156, 352, 114, 764, 526, 100, 338, 100, 338, 16, 254, 750, 512, 86, 324, 156, 394, 86, 324, 394, 156, 394, 156, 352, 114, 352, 114, 324, 86, 352, 114, 736, 498, 128, 366, 352, 114, 128, 366, 156, 394, 324, 86, 254, 16, 142, 380, 156, 394, 282, 44, 736, 498, 764, 526, 58, 296, 254, 16, 100, 338, 324, 86, 86, 324, 498, 736, 498, 736, 296, 58, 296, 58, 366, 128, 114, 352, 282, 44, 324, 86, 296, 58, 282, 44, 352, 114, 366, 128, 512, 750, 366, 128, 750, 512, 114, 352, 324, 86, 324, 86, 296, 58, 128, 366, 16, 254, 380, 142, 100, 338, 366, 128, 114, 352, 296, 58, 282, 44, 352, 114, 254, 16, 352, 114, 380, 142, 324, 86, 16, 254, 16, 254, 498, 736, 380, 142, 338, 100, 380, 142, 16, 254, 296, 58, 282, 44, 394, 156, 408, 170, 254, 16, 296, 58, 764, 526, 282, 44, 736, 498, 380, 142, 44, 282, 366, 128, 498, 736, 498, 736, 282, 44, 156, 394, 296, 58, 156, 394, 156, 394, 764, 526, 380, 142, 254, 16, 764, 526, 128, 366, 394, 156, 296, 58, 16, 254, 58, 296, 58, 296, 394, 156, 498, 736, 764, 526, 58, 296, 282, 44, 44, 282, 44, 282, 750, 512, 338, 100, 736, 498, 100, 338, 366, 128, 750, 512, 114, 352, 526, 764, 142, 380, 736, 498, 750, 512, 114, 352, 750, 512, 498, 736, 736, 498, 394, 156, 512, 750, 282, 44, 86, 324, 394, 156, 380, 142, 296, 58, 324, 86, 296, 58, 296, 58, 296, 58, 380, 142, 380, 142, 380, 142, 380, 142, 736, 498, 380, 142, 338, 100, 338, 100, 338, 100, 296, 58, 296, 58, 296, 58, 380, 142, 296, 58, 764, 526, 114, 352, 296, 58, 338, 100, 58, 296, 498, 736, 324, 86, 296, 58, 16, 254, 736, 498, 338, 100, 296, 58, 114, 352, 324, 86, 296, 58, 764, 526, 296, 58, 736, 498, 44, 282, 114, 352, 380, 142, 750, 512, 324, 86, 114, 352, 296, 58, 526, 764, 100, 338, 58, 296, 296, 58, 296, 58, 394, 156, 394, 156, 296, 58, 100, 338, 352, 114, 254, 16, 324, 86, 736, 498, 366, 128, 296, 58, 352, 114, 58, 296, 736, 498, 338, 100, 296, 58, 296, 58, 282, 44, 394, 156, 296, 58, 338, 100, 254, 16, 394, 156, 44, 282, 296, 58, 86, 324, 296, 58, 254, 16, 58, 296, 128, 366, 142, 380, 86, 324, 736, 498, 338, 100, 736, 498, 86, 324, 366, 128, 352, 114, 736, 498, 282, 44, 16, 254, 380, 142, 380, 142, 114, 352, 44, 282, 338, 100, 394, 156, 736, 498, 526, 764, 324, 86, 282, 44, 512, 750, 282, 44, 296, 58, 282, 44, 750, 512, 324, 86, 512, 750, 512, 750, 380, 142, 296, 58, 58, 296, 86, 324, 366, 128, 296, 58, 142, 380, 282, 44, 324, 86, 324, 86, 296, 58, 324, 86, 296, 58, 764, 526, 86, 324, 282, 44, 86, 324, 296, 58, 736, 498, 296, 58, 58, 296, 100, 338, 764, 526, 296, 58, 764, 526, 736, 498, 512, 750, 296, 58, 296, 58, 366, 128, 254, 16, 526, 764, 338, 100, 44, 282, 338, 100, 44, 282, 338, 100, 44, 282, 366, 128, 296, 58, 352, 114, 296, 58, 296, 58, 296, 58, 736, 498, 296, 58, 296, 58, 114, 352, 86, 324, 498, 736, 254, 16, 16, 254, 526, 764, 394, 156, 282, 44, 296, 58, 296, 58, 338, 100, 296, 58, 296, 58, 338, 100, 296, 58, 324, 86, 324, 86, 736, 498, 324, 86, 100, 338, 296, 58, 736, 498, 296, 58, 296, 58, 86, 324, 296, 58, 296, 58, 58, 296, 324, 86, 114, 352, 142, 380, 86, 324, 296, 58, 86, 324, 352, 114, 114, 352, 114, 352, 296, 58, 296, 58, 58, 296, 338, 100, 58, 296, 338, 100, 736, 498, 58, 296, 324, 86, 296, 58, 58, 296, 338, 100, 86, 324, 58, 296, 338, 100, 736, 498, 86, 324, 736, 498, 86, 324, 296, 58, 736, 498, 380, 142, 86, 324, 296, 58, 86, 324, 296, 58, 58, 296, 324, 86, 100, 338, 324, 86, 736, 498, 750, 512, 526, 764, 86, 324, 526, 764, 736, 498, 366, 128, 352, 114, 86, 324, 736, 498, 58, 296, 296, 58, 736, 498, 296, 58, 736, 498, 296, 58, 736, 498, 324, 86, 352, 114, 296, 58, 324, 86, 736, 498, 338, 100, 736, 498, 324, 86, 296, 58, 296, 58, 526, 764, 86, 324, 296, 58, 296, 58, 296, 58, 114, 352, 296, 58, 296, 58, 296, 58, 296, 58}
Correct solution!
Number of lables used:  26
Time taken: 0.04 seconds
Memory used: 100.61 MB
--------------------------------------------------

Trying with at most 25 labels...
Solution:
{156, 394, 498, 736, 282, 44, 16, 254, 100, 338, 380, 142, 254, 16, 526, 764, 16, 254, 324, 86, 114, 352, 526, 764, 394, 156, 394, 156, 86, 324, 380, 142, 380, 142, 736, 498, 764, 526, 526, 764, 114, 352, 736, 498, 296, 58, 526, 764, 764, 526, 86, 324, 394, 156, 296, 58, 324, 86, 282, 44, 16, 254, 352, 114, 254, 16, 512, 750, 380, 142, 296, 58, 296, 58, 338, 100, 380, 142, 282, 44, 296, 58, 764, 526, 156, 394, 736, 498, 86, 324, 142, 380, 282, 44, 352, 114, 324, 86, 282, 44, 394, 156, 282, 44, 254, 16, 338, 100, 352, 114, 142, 380, 296, 58, 324, 86, 498, 736, 526, 764, 282, 44, 254, 16, 156, 394, 352, 114, 736, 498, 156, 394, 324, 86, 114, 352, 282, 44, 736, 498, 142, 380, 394, 156, 352, 114, 764, 526, 100, 338, 100, 338, 16, 254, 750, 512, 86, 324, 156, 394, 86, 324, 394, 156, 394, 156, 352, 114, 352, 114, 324, 86, 352, 114, 736, 498, 114, 352, 352, 114, 114, 352, 156, 394, 324, 86, 254, 16, 142, 380, 156, 394, 282, 44, 736, 498, 764, 526, 58, 296, 254, 16, 100, 338, 324, 86, 86, 324, 498, 736, 498, 736, 324, 86, 296, 58, 750, 512, 114, 352, 282, 44, 324, 86, 296, 58, 282, 44, 352, 114, 352, 114, 512, 750, 380, 142, 750, 512, 100, 338, 324, 86, 324, 86, 296, 58, 16, 254, 16, 254, 240, 478, 100, 338, 44, 282, 114, 352, 296, 58, 282, 44, 352, 114, 254, 16, 352, 114, 380, 142, 324, 86, 16, 254, 16, 254, 498, 736, 380, 142, 338, 100, 380, 142, 16, 254, 296, 58, 282, 44, 394, 156, 380, 142, 254, 16, 296, 58, 764, 526, 282, 44, 736, 498, 380, 142, 44, 282, 394, 156, 498, 736, 498, 736, 282, 44, 156, 394, 296, 58, 156, 394, 156, 394, 764, 526, 380, 142, 254, 16, 764, 526, 114, 352, 394, 156, 296, 58, 16, 254, 58, 296, 58, 296, 394, 156, 498, 736, 764, 526, 58, 296, 282, 44, 44, 282, 44, 282, 750, 512, 338, 100, 736, 498, 380, 142, 114, 352, 498, 736, 142, 380, 526, 764, 526, 764, 526, 764, 750, 512, 114, 352, 750, 512, 498, 736, 736, 498, 394, 156, 512, 750, 282, 44, 86, 324, 394, 156, 394, 156, 296, 58, 324, 86, 296, 58, 296, 58, 296, 58, 380, 142, 380, 142, 380, 142, 380, 142, 736, 498, 380, 142, 338, 100, 380, 142, 380, 142, 296, 58, 282, 44, 282, 44, 380, 142, 296, 58, 764, 526, 114, 352, 296, 58, 338, 100, 58, 296, 498, 736, 324, 86, 296, 58, 16, 254, 736, 498, 338, 100, 296, 58, 114, 352, 324, 86, 296, 58, 764, 526, 296, 58, 736, 498, 44, 282, 142, 380, 380, 142, 750, 512, 324, 86, 114, 352, 296, 58, 526, 764, 100, 338, 58, 296, 296, 58, 296, 58, 394, 156, 394, 156, 296, 58, 100, 338, 352, 114, 254, 16, 324, 86, 736, 498, 324, 86, 296, 58, 352, 114, 58, 296, 736, 498, 338, 100, 296, 58, 296, 58, 282, 44, 156, 394, 296, 58, 338, 100, 254, 16, 394, 156, 44, 282, 296, 58, 86, 324, 296, 58, 254, 16, 380, 142, 100, 338, 142, 380, 86, 324, 736, 498, 338, 100, 736, 498, 86, 324, 380, 142, 352, 114, 736, 498, 282, 44, 16, 254, 380, 142, 380, 142, 114, 352, 44, 282, 338, 100, 394, 156, 736, 498, 526, 764, 324, 86, 282, 44, 512, 750, 282, 44, 296, 58, 282, 44, 750, 512, 324, 86, 512, 750, 512, 750, 380, 142, 296, 58, 58, 296, 86, 324, 352, 114, 296, 58, 142, 380, 282, 44, 324, 86, 324, 86, 296, 58, 324, 86, 282, 44, 764, 526, 86, 324, 282, 44, 86, 324, 296, 58, 736, 498, 296, 58, 58, 296, 100, 338, 764, 526, 296, 58, 764, 526, 736, 498, 296, 58, 296, 58, 296, 58, 352, 114, 254, 16, 526, 764, 338, 100, 44, 282, 338, 100, 44, 282, 338, 100, 44, 282, 380, 142, 296, 58, 352, 114, 296, 58, 296, 58, 296, 58, 736, 498, 296, 58, 296, 58, 100, 338, 86, 324, 498, 736, 254, 16, 16, 254, 526, 764, 394, 156, 282, 44, 296, 58, 296, 58, 338, 100, 296, 58, 296, 58, 338, 100, 296, 58, 324, 86, 338, 100, 736, 498, 324, 86, 100, 338, 296, 58, 736, 498, 296, 58, 296, 58, 86, 324, 296, 58, 296, 58, 58, 296, 324, 86, 114, 352, 142, 380, 86, 324, 324, 86, 86, 324, 352, 114, 114, 352, 114, 352, 296, 58, 296, 58, 58, 296, 338, 100, 58, 296, 338, 100, 736, 498, 58, 296, 324, 86, 296, 58, 58, 296, 338, 100, 86, 324, 58, 296, 338, 100, 736, 498, 86, 324, 296, 58, 86, 324, 296, 58, 736, 498, 380, 142, 86, 324, 296, 58, 86, 324, 296, 58, 58, 296, 324, 86, 100, 338, 324, 86, 736, 498, 750, 512, 526, 764, 86, 324, 526, 764, 736, 498, 114, 352, 282, 44, 86, 324, 736, 498, 58, 296, 296, 58, 736, 498, 296, 58, 736, 498, 296, 58, 736, 498, 324, 86, 352, 114, 296, 58, 324, 86, 736, 498, 338, 100, 736, 498, 324, 86, 296, 58, 296, 58, 526, 764, 86, 324, 296, 58, 296, 58, 296, 58, 114, 352, 296, 58, 296, 58, 296, 58, 296, 58}
Correct solution!
Number of lables used:  24
Time taken: 0.03 seconds
Memory used: 101.23 MB
--------------------------------------------------

Trying with at most 23 labels...
Solution:
{58, 296, 498, 736, 282, 44, 16, 254, 100, 338, 380, 142, 254, 16, 254, 16, 16, 254, 324, 86, 114, 352, 526, 764, 142, 380, 380, 142, 86, 324, 380, 142, 380, 142, 736, 498, 764, 526, 526, 764, 114, 352, 736, 498, 296, 58, 526, 764, 764, 526, 86, 324, 380, 142, 296, 58, 324, 86, 282, 44, 16, 254, 352, 114, 254, 16, 512, 750, 380, 142, 296, 58, 296, 58, 338, 100, 380, 142, 282, 44, 296, 58, 764, 526, 142, 380, 736, 498, 86, 324, 142, 380, 282, 44, 352, 114, 324, 86, 282, 44, 526, 764, 282, 44, 254, 16, 338, 100, 352, 114, 142, 380, 296, 58, 324, 86, 498, 736, 526, 764, 282, 44, 254, 16, 58, 296, 352, 114, 736, 498, 750, 512, 324, 86, 114, 352, 282, 44, 736, 498, 142, 380, 352, 114, 352, 114, 764, 526, 100, 338, 100, 338, 16, 254, 750, 512, 44, 282, 498, 736, 86, 324, 498, 736, 16, 254, 352, 114, 352, 114, 750, 512, 352, 114, 736, 498, 114, 352, 352, 114, 114, 352, 44, 282, 324, 86, 254, 16, 142, 380, 512, 750, 282, 44, 736, 498, 764, 526, 380, 142, 254, 16, 100, 338, 324, 86, 86, 324, 498, 736, 498, 736, 324, 86, 296, 58, 750, 512, 114, 352, 282, 44, 324, 86, 296, 58, 282, 44, 352, 114, 352, 114, 512, 750, 380, 142, 750, 512, 100, 338, 324, 86, 324, 86, 296, 58, 16, 254, 16, 254, 240, 478, 100, 338, 44, 282, 114, 352, 296, 58, 282, 44, 352, 114, 254, 16, 352, 114, 352, 114, 324, 86, 16, 254, 16, 254, 498, 736, 380, 142, 338, 100, 380, 142, 16, 254, 296, 58, 282, 44, 380, 142, 380, 142, 254, 16, 296, 58, 764, 526, 296, 58, 736, 498, 380, 142, 44, 282, 352, 114, 498, 736, 498, 736, 282, 44, 100, 338, 736, 498, 254, 16, 736, 498, 764, 526, 380, 142, 254, 16, 764, 526, 114, 352, 380, 142, 296, 58, 16, 254, 58, 296, 58, 296, 142, 380, 498, 736, 764, 526, 58, 296, 282, 44, 44, 282, 44, 282, 750, 512, 338, 100, 736, 498, 380, 142, 114, 352, 512, 750, 142, 380, 526, 764, 526, 764, 498, 736, 750, 512, 114, 352, 750, 512, 498, 736, 736, 498, 736, 498, 512, 750, 282, 44, 86, 324, 380, 142, 352, 114, 296, 58, 324, 86, 526, 764, 296, 58, 296, 58, 380, 142, 380, 142, 380, 142, 380, 142, 736, 498, 380, 142, 338, 100, 380, 142, 380, 142, 296, 58, 282, 44, 282, 44, 380, 142, 296, 58, 764, 526, 114, 352, 296, 58, 338, 100, 58, 296, 498, 736, 324, 86, 296, 58, 16, 254, 736, 498, 338, 100, 296, 58, 114, 352, 324, 86, 296, 58, 764, 526, 296, 58, 736, 498, 44, 282, 142, 380, 380, 142, 750, 512, 324, 86, 114, 352, 296, 58, 526, 764, 100, 338, 58, 296, 296, 58, 282, 44, 380, 142, 512, 750, 296, 58, 100, 338, 352, 114, 254, 16, 324, 86, 736, 498, 324, 86, 282, 44, 352, 114, 58, 296, 736, 498, 338, 100, 296, 58, 296, 58, 282, 44, 142, 380, 296, 58, 338, 100, 254, 16, 142, 380, 44, 282, 296, 58, 86, 324, 296, 58, 254, 16, 380, 142, 100, 338, 142, 380, 86, 324, 736, 498, 338, 100, 736, 498, 86, 324, 380, 142, 352, 114, 736, 498, 282, 44, 16, 254, 380, 142, 380, 142, 142, 380, 44, 282, 338, 100, 44, 282, 736, 498, 750, 512, 324, 86, 282, 44, 282, 44, 282, 44, 296, 58, 282, 44, 750, 512, 324, 86, 512, 750, 296, 58, 380, 142, 296, 58, 58, 296, 86, 324, 352, 114, 296, 58, 142, 380, 282, 44, 324, 86, 324, 86, 296, 58, 324, 86, 282, 44, 764, 526, 86, 324, 282, 44, 86, 324, 296, 58, 736, 498, 296, 58, 58, 296, 100, 338, 764, 526, 296, 58, 764, 526, 526, 764, 296, 58, 296, 58, 254, 16, 352, 114, 254, 16, 526, 764, 338, 100, 44, 282, 338, 100, 44, 282, 338, 100, 44, 282, 380, 142, 296, 58, 352, 114, 296, 58, 296, 58, 296, 58, 736, 498, 296, 58, 296, 58, 100, 338, 86, 324, 498, 736, 254, 16, 16, 254, 526, 764, 352, 114, 282, 44, 296, 58, 296, 58, 338, 100, 296, 58, 296, 58, 338, 100, 296, 58, 324, 86, 338, 100, 736, 498, 380, 142, 100, 338, 296, 58, 736, 498, 296, 58, 296, 58, 86, 324, 296, 58, 296, 58, 58, 296, 324, 86, 114, 352, 142, 380, 86, 324, 324, 86, 86, 324, 352, 114, 114, 352, 114, 352, 296, 58, 296, 58, 58, 296, 338, 100, 58, 296, 338, 100, 736, 498, 58, 296, 324, 86, 296, 58, 58, 296, 338, 100, 86, 324, 58, 296, 338, 100, 736, 498, 86, 324, 296, 58, 86, 324, 296, 58, 736, 498, 380, 142, 86, 324, 296, 58, 86, 324, 296, 58, 44, 282, 296, 58, 100, 338, 324, 86, 736, 498, 750, 512, 526, 764, 86, 324, 526, 764, 736, 498, 114, 352, 282, 44, 86, 324, 736, 498, 58, 296, 296, 58, 736, 498, 296, 58, 736, 498, 296, 58, 736, 498, 324, 86, 352, 114, 296, 58, 324, 86, 736, 498, 338, 100, 736, 498, 324, 86, 296, 58, 338, 100, 526, 764, 324, 86, 526, 764, 296, 58, 296, 58, 114, 352, 296, 58, 296, 58, 296, 58, 296, 58}
Correct solution!
Number of lables used:  22
Time taken: 0.02 seconds
Memory used: 101.23 MB
--------------------------------------------------

Trying with at most 21 labels...
Solution:
{58, 296, 142, 380, 296, 58, 58, 296, 526, 764, 380, 142, 750, 512, 750, 512, 750, 512, 554, 792, 114, 352, 114, 352, 114, 352, 352, 114, 30, 268, 380, 142, 792, 554, 352, 114, 764, 526, 30, 268, 526, 764, 142, 380, 296, 58, 764, 526, 764, 526, 142, 380, 44, 282, 526, 764, 352, 114, 526, 764, 58, 296, 268, 30, 142, 380, 512, 750, 380, 142, 282, 44, 296, 58, 282, 44, 380, 142, 296, 58, 352, 114, 554, 792, 142, 380, 380, 142, 750, 512, 58, 296, 268, 30, 352, 114, 380, 142, 526, 764, 512, 750, 352, 114, 296, 58, 512, 750, 352, 114, 44, 282, 282, 44, 282, 44, 380, 142, 554, 792, 764, 526, 282, 44, 750, 512, 512, 750, 352, 114, 142, 380, 44, 282, 142, 380, 352, 114, 512, 750, 142, 380, 142, 380, 142, 380, 526, 764, 114, 352, 142, 380, 764, 526, 526, 764, 44, 282, 764, 526, 114, 352, 764, 526, 30, 268, 380, 142, 512, 750, 750, 512, 352, 114, 526, 764, 114, 352, 268, 30, 44, 282, 58, 296, 352, 114, 764, 526, 764, 526, 512, 750, 352, 114, 750, 512, 58, 296, 380, 142, 512, 750, 44, 282, 296, 58, 296, 58, 750, 512, 750, 512, 380, 142, 296, 58, 352, 114, 142, 380, 352, 114, 282, 44, 352, 114, 296, 58, 352, 114, 352, 114, 512, 750, 380, 142, 750, 512, 750, 512, 394, 156, 750, 512, 296, 58, 142, 380, 44, 282, 478, 240, 44, 282, 44, 282, 512, 750, 296, 58, 352, 114, 352, 114, 296, 58, 380, 142, 764, 526, 394, 156, 750, 512, 750, 512, 764, 526, 380, 142, 750, 512, 750, 512, 282, 44, 296, 58, 296, 58, 352, 114, 240, 478, 114, 352, 296, 58, 352, 114, 526, 764, 380, 142, 268, 30, 296, 58, 764, 526, 114, 352, 114, 352, 296, 58, 44, 282, 764, 526, 268, 30, 750, 512, 750, 512, 380, 142, 282, 44, 554, 792, 114, 352, 380, 142, 296, 58, 114, 352, 554, 792, 512, 750, 142, 380, 268, 30, 142, 380, 58, 296, 512, 750, 30, 268, 58, 296, 750, 512, 142, 380, 764, 526, 380, 142, 114, 352, 526, 764, 30, 268, 58, 296, 380, 142, 512, 750, 512, 750, 142, 380, 142, 380, 30, 268, 30, 268, 750, 512, 750, 512, 268, 30, 764, 526, 114, 352, 352, 114, 44, 282, 44, 282, 142, 380, 296, 58, 296, 58, 380, 142, 750, 512, 380, 142, 380, 142, 750, 512, 380, 142, 296, 58, 380, 142, 380, 142, 296, 58, 282, 44, 282, 44, 380, 142, 296, 58, 792, 554, 142, 380, 296, 58, 352, 114, 58, 296, 512, 750, 352, 114, 296, 58, 394, 156, 764, 526, 352, 114, 296, 58, 142, 380, 114, 352, 282, 44, 750, 512, 352, 114, 526, 764, 58, 296, 30, 268, 142, 380, 764, 526, 296, 58, 114, 352, 296, 58, 526, 764, 58, 296, 142, 380, 296, 58, 156, 394, 380, 142, 512, 750, 282, 44, 30, 268, 352, 114, 142, 380, 282, 44, 526, 764, 296, 58, 58, 296, 352, 114, 58, 296, 750, 512, 380, 142, 296, 58, 296, 58, 282, 44, 142, 380, 296, 58, 30, 268, 380, 142, 142, 380, 764, 526, 296, 58, 58, 296, 380, 142, 268, 30, 380, 142, 44, 282, 380, 142, 114, 352, 764, 526, 512, 750, 764, 526, 114, 352, 380, 142, 352, 114, 764, 526, 142, 380, 58, 296, 58, 296, 380, 142, 30, 268, 44, 282, 296, 58, 58, 296, 764, 526, 44, 282, 352, 114, 58, 296, 296, 58, 282, 44, 268, 30, 296, 58, 142, 380, 352, 114, 512, 750, 750, 512, 380, 142, 282, 44, 268, 30, 114, 352, 352, 114, 282, 44, 142, 380, 282, 44, 380, 142, 380, 142, 296, 58, 58, 296, 750, 512, 750, 512, 282, 44, 352, 114, 554, 792, 296, 58, 764, 526, 296, 58, 268, 30, 156, 394, 58, 296, 296, 58, 750, 512, 526, 764, 30, 268, 296, 58, 296, 58, 750, 512, 352, 114, 512, 750, 296, 58, 44, 282, 296, 58, 44, 282, 380, 142, 58, 296, 380, 142, 296, 58, 352, 114, 296, 58, 296, 58, 296, 58, 764, 526, 296, 58, 352, 114, 750, 512, 58, 296, 296, 58, 114, 352, 750, 512, 352, 114, 142, 380, 268, 30, 352, 114, 352, 114, 296, 58, 512, 750, 352, 114, 296, 58, 352, 114, 114, 352, 114, 352, 764, 526, 142, 380, 58, 296, 296, 58, 750, 512, 296, 58, 30, 268, 44, 282, 296, 58, 296, 58, 58, 296, 282, 44, 352, 114, 380, 142, 750, 512, 296, 58, 44, 282, 352, 114, 750, 512, 750, 512, 282, 44, 394, 156, 526, 764, 282, 44, 58, 296, 380, 142, 750, 512, 58, 296, 380, 142, 282, 44, 58, 296, 282, 44, 764, 526, 58, 296, 352, 114, 750, 512, 142, 380, 58, 296, 44, 282, 296, 58, 764, 526, 352, 114, 764, 526, 30, 268, 114, 352, 352, 114, 58, 296, 282, 44, 44, 282, 512, 750, 142, 380, 764, 526, 512, 750, 44, 282, 512, 750, 44, 282, 296, 58, 352, 114, 114, 352, 764, 526, 58, 296, 296, 58, 750, 512, 114, 352, 792, 554, 142, 380, 750, 512, 282, 44, 352, 114, 296, 58, 352, 114, 352, 114, 296, 58, 750, 512, 380, 142, 296, 58, 296, 58, 512, 750, 352, 114, 512, 750, 296, 58, 268, 30, 352, 114, 296, 58, 156, 394, 296, 58, 352, 114}
Correct solution!
Number of lables used:  20
Time taken: 0.05 seconds
Memory used: 101.86 MB
--------------------------------------------------

Trying with at most 19 labels...
Solution:
{58, 296, 142, 380, 296, 58, 58, 296, 526, 764, 380, 142, 750, 512, 750, 512, 750, 512, 554, 792, 114, 352, 114, 352, 114, 352, 352, 114, 30, 268, 380, 142, 792, 554, 352, 114, 764, 526, 30, 268, 526, 764, 142, 380, 296, 58, 764, 526, 764, 526, 142, 380, 44, 282, 526, 764, 352, 114, 526, 764, 58, 296, 268, 30, 142, 380, 512, 750, 380, 142, 282, 44, 296, 58, 282, 44, 380, 142, 296, 58, 352, 114, 554, 792, 142, 380, 380, 142, 750, 512, 58, 296, 268, 30, 352, 114, 380, 142, 526, 764, 512, 750, 352, 114, 296, 58, 512, 750, 352, 114, 30, 268, 296, 58, 282, 44, 380, 142, 554, 792, 764, 526, 282, 44, 750, 512, 512, 750, 352, 114, 142, 380, 44, 282, 142, 380, 352, 114, 512, 750, 142, 380, 142, 380, 142, 380, 750, 512, 114, 352, 142, 380, 764, 526, 526, 764, 44, 282, 764, 526, 114, 352, 764, 526, 30, 268, 380, 142, 512, 750, 750, 512, 352, 114, 526, 764, 114, 352, 268, 30, 44, 282, 58, 296, 352, 114, 764, 526, 764, 526, 512, 750, 352, 114, 750, 512, 58, 296, 380, 142, 512, 750, 44, 282, 296, 58, 296, 58, 750, 512, 750, 512, 380, 142, 296, 58, 352, 114, 142, 380, 352, 114, 282, 44, 352, 114, 296, 58, 352, 114, 352, 114, 512, 750, 380, 142, 750, 512, 750, 512, 526, 764, 268, 30, 296, 58, 142, 380, 142, 380, 478, 240, 44, 282, 44, 282, 512, 750, 296, 58, 352, 114, 352, 114, 296, 58, 380, 142, 764, 526, 750, 512, 750, 512, 750, 512, 764, 526, 380, 142, 750, 512, 750, 512, 282, 44, 296, 58, 296, 58, 352, 114, 240, 478, 114, 352, 296, 58, 352, 114, 526, 764, 380, 142, 268, 30, 296, 58, 764, 526, 114, 352, 114, 352, 296, 58, 44, 282, 764, 526, 268, 30, 750, 512, 750, 512, 380, 142, 282, 44, 554, 792, 114, 352, 380, 142, 296, 58, 114, 352, 554, 792, 512, 750, 142, 380, 268, 30, 142, 380, 58, 296, 512, 750, 30, 268, 58, 296, 750, 512, 142, 380, 764, 526, 380, 142, 114, 352, 526, 764, 30, 268, 58, 296, 380, 142, 512, 750, 512, 750, 142, 380, 142, 380, 30, 268, 30, 268, 750, 512, 750, 512, 268, 30, 764, 526, 114, 352, 352, 114, 44, 282, 44, 282, 142, 380, 296, 58, 296, 58, 380, 142, 750, 512, 380, 142, 380, 142, 750, 512, 380, 142, 296, 58, 380, 142, 380, 142, 296, 58, 282, 44, 282, 44, 380, 142, 296, 58, 750, 512, 142, 380, 296, 58, 352, 114, 58, 296, 114, 352, 352, 114, 296, 58, 792, 554, 764, 526, 352, 114, 296, 58, 142, 380, 114, 352, 282, 44, 750, 512, 352, 114, 526, 764, 58, 296, 30, 268, 142, 380, 764, 526, 296, 58, 114, 352, 296, 58, 526, 764, 58, 296, 142, 380, 296, 58, 114, 352, 380, 142, 512, 750, 282, 44, 30, 268, 352, 114, 142, 380, 282, 44, 526, 764, 296, 58, 58, 296, 352, 114, 58, 296, 750, 512, 380, 142, 296, 58, 296, 58, 282, 44, 142, 380, 296, 58, 30, 268, 380, 142, 142, 380, 764, 526, 296, 58, 58, 296, 380, 142, 268, 30, 380, 142, 44, 282, 380, 142, 114, 352, 764, 526, 512, 750, 764, 526, 114, 352, 380, 142, 352, 114, 764, 526, 142, 380, 58, 296, 58, 296, 380, 142, 30, 268, 44, 282, 296, 58, 58, 296, 764, 526, 44, 282, 352, 114, 58, 296, 296, 58, 282, 44, 268, 30, 296, 58, 142, 380, 352, 114, 512, 750, 750, 512, 380, 142, 282, 44, 268, 30, 114, 352, 352, 114, 282, 44, 142, 380, 282, 44, 380, 142, 380, 142, 296, 58, 58, 296, 750, 512, 750, 512, 282, 44, 352, 114, 554, 792, 296, 58, 764, 526, 296, 58, 268, 30, 282, 44, 58, 296, 296, 58, 750, 512, 526, 764, 30, 268, 296, 58, 296, 58, 750, 512, 352, 114, 512, 750, 296, 58, 44, 282, 296, 58, 44, 282, 380, 142, 58, 296, 380, 142, 296, 58, 352, 114, 296, 58, 296, 58, 296, 58, 764, 526, 296, 58, 352, 114, 750, 512, 58, 296, 296, 58, 114, 352, 792, 554, 352, 114, 142, 380, 268, 30, 352, 114, 352, 114, 296, 58, 512, 750, 352, 114, 296, 58, 352, 114, 114, 352, 114, 352, 764, 526, 142, 380, 58, 296, 296, 58, 750, 512, 296, 58, 30, 268, 44, 282, 296, 58, 296, 58, 58, 296, 282, 44, 352, 114, 380, 142, 750, 512, 296, 58, 44, 282, 352, 114, 44, 282, 44, 282, 282, 44, 750, 512, 526, 764, 282, 44, 58, 296, 380, 142, 750, 512, 58, 296, 380, 142, 282, 44, 58, 296, 282, 44, 764, 526, 58, 296, 352, 114, 750, 512, 142, 380, 58, 296, 44, 282, 296, 58, 764, 526, 352, 114, 764, 526, 30, 268, 114, 352, 352, 114, 58, 296, 282, 44, 44, 282, 512, 750, 142, 380, 764, 526, 512, 750, 44, 282, 512, 750, 44, 282, 296, 58, 352, 114, 114, 352, 764, 526, 58, 296, 296, 58, 750, 512, 114, 352, 792, 554, 142, 380, 750, 512, 282, 44, 352, 114, 296, 58, 352, 114, 352, 114, 296, 58, 750, 512, 380, 142, 296, 58, 296, 58, 512, 750, 352, 114, 512, 750, 296, 58, 268, 30, 352, 114, 296, 58, 554, 792, 296, 58, 352, 114}
Correct solution!
Number of lables used:  18
Time taken: 0.02 seconds
Memory used: 101.86 MB
--------------------------------------------------

Trying with at most 17 labels...
Solution:
{540, 778, 142, 380, 380, 142, 30, 268, 380, 142, 142, 380, 338, 100, 338, 100, 778, 540, 268, 30, 142, 380, 100, 338, 470, 708, 380, 142, 708, 470, 142, 380, 554, 792, 142, 380, 268, 30, 764, 526, 268, 30, 142, 380, 554, 792, 764, 526, 778, 540, 142, 380, 30, 268, 540, 778, 554, 792, 540, 778, 30, 268, 792, 554, 708, 470, 470, 708, 380, 142, 338, 100, 268, 30, 380, 142, 30, 268, 380, 142, 268, 30, 540, 778, 380, 142, 764, 526, 100, 338, 142, 380, 268, 30, 470, 708, 338, 100, 554, 792, 526, 764, 380, 142, 268, 30, 526, 764, 268, 30, 764, 526, 338, 100, 30, 268, 142, 380, 526, 764, 764, 526, 338, 100, 778, 540, 142, 380, 708, 470, 142, 380, 708, 470, 142, 380, 470, 708, 30, 268, 142, 380, 100, 338, 470, 708, 526, 764, 338, 100, 380, 142, 554, 792, 470, 708, 380, 142, 764, 526, 380, 142, 30, 268, 30, 268, 380, 142, 470, 708, 526, 764, 338, 100, 792, 554, 470, 708, 338, 100, 100, 338, 540, 778, 142, 380, 708, 470, 380, 142, 470, 708, 338, 100, 142, 380, 30, 268, 380, 142, 470, 708, 338, 100, 526, 764, 338, 100, 708, 470, 708, 470, 526, 764, 268, 30, 470, 708, 470, 708, 380, 142, 268, 30, 268, 30, 380, 142, 268, 30, 764, 526, 764, 526, 338, 100, 268, 30, 708, 470, 708, 470, 708, 470, 268, 30, 470, 708, 554, 792, 478, 240, 338, 100, 30, 268, 764, 526, 268, 30, 380, 142, 142, 380, 778, 540, 380, 142, 792, 554, 792, 554, 268, 30, 268, 30, 142, 380, 380, 142, 526, 764, 540, 778, 792, 554, 338, 100, 338, 100, 708, 470, 240, 478, 30, 268, 470, 708, 380, 142, 540, 778, 470, 708, 338, 100, 338, 100, 778, 540, 764, 526, 142, 380, 380, 142, 30, 268, 792, 554, 30, 268, 30, 268, 708, 470, 792, 554, 470, 708, 554, 792, 142, 380, 380, 142, 380, 142, 30, 268, 268, 30, 268, 30, 792, 554, 100, 338, 470, 708, 30, 268, 526, 764, 380, 142, 30, 268, 526, 764, 142, 380, 540, 778, 338, 100, 470, 708, 708, 470, 554, 792, 338, 100, 380, 142, 30, 268, 526, 764, 142, 380, 470, 708, 30, 268, 30, 268, 778, 540, 764, 526, 268, 30, 338, 100, 708, 470, 268, 30, 30, 268, 708, 470, 380, 142, 268, 30, 470, 708, 380, 142, 380, 142, 268, 30, 380, 142, 100, 338, 380, 142, 268, 30, 380, 142, 380, 142, 268, 30, 30, 268, 338, 100, 30, 268, 526, 764, 554, 792, 708, 470, 338, 100, 268, 30, 100, 338, 708, 470, 268, 30, 30, 268, 792, 554, 526, 764, 380, 142, 708, 470, 100, 338, 380, 142, 268, 30, 708, 470, 708, 470, 100, 338, 100, 338, 526, 764, 142, 380, 778, 540, 30, 268, 30, 268, 268, 30, 764, 526, 30, 268, 708, 470, 268, 30, 554, 792, 380, 142, 470, 708, 470, 708, 764, 526, 338, 100, 142, 380, 100, 338, 778, 540, 470, 708, 142, 380, 380, 142, 100, 338, 708, 470, 338, 100, 380, 142, 268, 30, 526, 764, 526, 764, 142, 380, 540, 778, 30, 268, 142, 380, 778, 540, 268, 30, 100, 338, 380, 142, 268, 30, 708, 470, 338, 100, 380, 142, 708, 470, 540, 778, 100, 338, 764, 526, 142, 380, 338, 100, 380, 142, 764, 526, 778, 540, 554, 792, 708, 470, 338, 100, 470, 708, 30, 268, 338, 100, 142, 380, 142, 380, 338, 100, 708, 470, 268, 30, 764, 526, 268, 30, 268, 30, 142, 380, 142, 380, 338, 100, 268, 30, 764, 526, 470, 708, 30, 268, 268, 30, 30, 268, 380, 142, 338, 100, 540, 778, 380, 142, 470, 708, 778, 540, 338, 100, 30, 268, 764, 526, 338, 100, 470, 708, 30, 268, 708, 470, 268, 30, 554, 792, 380, 142, 708, 470, 792, 554, 338, 100, 380, 142, 142, 380, 470, 708, 30, 268, 268, 30, 30, 268, 526, 764, 338, 100, 540, 778, 268, 30, 380, 142, 268, 30, 142, 380, 30, 268, 142, 380, 268, 30, 380, 142, 380, 142, 268, 30, 268, 30, 338, 100, 708, 470, 268, 30, 338, 100, 338, 100, 100, 338, 142, 380, 30, 268, 268, 30, 764, 526, 100, 338, 554, 792, 268, 30, 268, 30, 470, 708, 526, 764, 380, 142, 380, 142, 268, 30, 708, 470, 554, 792, 764, 526, 380, 142, 470, 708, 380, 142, 708, 470, 268, 30, 268, 30, 470, 708, 380, 142, 380, 142, 540, 778, 268, 30, 792, 554, 708, 470, 764, 526, 268, 30, 30, 268, 268, 30, 708, 470, 708, 470, 380, 142, 764, 526, 540, 778, 142, 380, 30, 268, 380, 142, 764, 526, 100, 338, 30, 268, 338, 100, 338, 100, 268, 30, 778, 540, 100, 338, 380, 142, 778, 540, 100, 338, 540, 778, 142, 380, 268, 30, 540, 778, 470, 708, 526, 764, 30, 268, 708, 470, 142, 380, 100, 338, 268, 30, 30, 268, 380, 142, 470, 708, 380, 142, 764, 526, 30, 268, 30, 268, 142, 380, 338, 100, 30, 268, 142, 380, 764, 526, 268, 30, 338, 100, 708, 470, 338, 100, 554, 792, 470, 708, 764, 526, 268, 30, 268, 30, 540, 778, 142, 380, 380, 142, 268, 30, 540, 778, 708, 470, 338, 100, 338, 100, 470, 708, 380, 142, 470, 708, 380, 142, 268, 30, 30, 268, 100, 338, 268, 30, 100, 338, 268, 30}
Correct solution!
Number of lables used:  16
Time taken: 0.18 seconds
Memory used: 102.86 MB
--------------------------------------------------

Trying with at most 15 labels...
[runlim] sample:		10.0 time, 10.2 real, 113.0 MB
[runlim] sample:		20.0 time, 20.2 real, 119.4 MB
[runlim] sample:		30.0 time, 30.2 real, 117.5 MB
[runlim] sample:		40.0 time, 40.2 real, 114.8 MB
[runlim] sample:		50.0 time, 50.2 real, 121.3 MB
[runlim] sample:		60.0 time, 60.2 real, 118.1 MB
[runlim] sample:		70.0 time, 70.2 real, 114.5 MB
[runlim] sample:		80.0 time, 80.2 real, 121.8 MB
[runlim] sample:		90.0 time, 90.2 real, 117.2 MB
[runlim] sample:		100.0 time, 100.2 real, 124.0 MB
[runlim] sample:		110.0 time, 110.2 real, 118.0 MB
[runlim] sample:		120.0 time, 120.2 real, 123.7 MB
[runlim] sample:		130.0 time, 130.2 real, 118.5 MB
[runlim] sample:		140.0 time, 140.2 real, 125.3 MB
[runlim] sample:		150.0 time, 150.2 real, 118.5 MB
[runlim] sample:		160.0 time, 160.2 real, 125.4 MB
[runlim] sample:		170.0 time, 170.2 real, 118.1 MB
[runlim] sample:		180.0 time, 180.2 real, 123.5 MB
[runlim] sample:		190.0 time, 190.2 real, 128.8 MB
[runlim] sample:		200.0 time, 200.2 real, 122.0 MB
[runlim] sample:		210.0 time, 210.2 real, 127.5 MB
[runlim] sample:		220.0 time, 220.2 real, 118.3 MB
[runlim] sample:		230.0 time, 230.2 real, 124.4 MB
[runlim] sample:		240.0 time, 240.2 real, 130.3 MB
[runlim] sample:		250.0 time, 250.2 real, 120.7 MB
[runlim] sample:		260.0 time, 260.2 real, 126.0 MB
[runlim] sample:		270.0 time, 270.2 real, 131.5 MB
[runlim] sample:		280.0 time, 280.2 real, 121.4 MB
[runlim] sample:		290.0 time, 290.2 real, 126.5 MB
[runlim] sample:		300.0 time, 300.2 real, 131.5 MB
[runlim] sample:		310.0 time, 310.2 real, 120.3 MB
[runlim] sample:		320.0 time, 320.2 real, 126.2 MB
[runlim] sample:		330.0 time, 330.2 real, 130.8 MB
[runlim] sample:		340.0 time, 340.2 real, 135.6 MB
[runlim] sample:		350.0 time, 350.2 real, 123.3 MB
[runlim] sample:		360.0 time, 360.2 real, 128.6 MB
[runlim] sample:		370.0 time, 370.2 real, 134.1 MB
[runlim] sample:		380.0 time, 380.2 real, 121.6 MB
[runlim] sample:		390.0 time, 390.2 real, 126.7 MB
[runlim] sample:		400.0 time, 400.2 real, 131.6 MB
[runlim] sample:		410.0 time, 410.2 real, 136.4 MB
[runlim] sample:		420.0 time, 420.2 real, 123.6 MB
[runlim] sample:		430.0 time, 430.2 real, 128.9 MB
[runlim] sample:		440.0 time, 440.2 real, 124.5 MB
[runlim] sample:		450.0 time, 450.2 real, 128.9 MB
[runlim] sample:		460.0 time, 460.2 real, 133.4 MB
[runlim] sample:		470.0 time, 470.2 real, 138.2 MB
[runlim] sample:		480.0 time, 480.2 real, 123.7 MB
[runlim] sample:		490.0 time, 490.2 real, 128.7 MB
[runlim] sample:		500.0 time, 500.2 real, 133.3 MB
[runlim] sample:		510.0 time, 510.2 real, 137.4 MB
[runlim] sample:		520.0 time, 520.2 real, 142.3 MB
[runlim] sample:		530.0 time, 530.2 real, 128.6 MB
[runlim] sample:		540.0 time, 540.2 real, 133.1 MB
[runlim] sample:		550.0 time, 550.2 real, 128.2 MB
[runlim] sample:		560.0 time, 560.2 real, 132.4 MB
[runlim] sample:		570.0 time, 570.2 real, 126.7 MB
[runlim] sample:		580.0 time, 580.2 real, 131.3 MB
[runlim] sample:		590.0 time, 590.2 real, 125.4 MB
[runlim] sample:		600.0 time, 600.2 real, 130.4 MB
[runlim] sample:		610.0 time, 610.2 real, 134.8 MB
[runlim] sample:		620.0 time, 620.2 real, 129.4 MB
[runlim] sample:		630.0 time, 630.2 real, 134.4 MB
[runlim] sample:		640.0 time, 640.2 real, 126.9 MB
[runlim] sample:		650.0 time, 650.2 real, 131.3 MB
[runlim] sample:		660.0 time, 660.2 real, 135.8 MB
[runlim] sample:		670.0 time, 670.2 real, 129.2 MB
[runlim] sample:		680.0 time, 680.2 real, 133.8 MB
[runlim] sample:		690.0 time, 690.2 real, 128.1 MB
[runlim] sample:		700.0 time, 700.2 real, 132.6 MB
[runlim] sample:		710.0 time, 710.2 real, 136.9 MB
[runlim] sample:		720.0 time, 720.2 real, 130.3 MB
[runlim] sample:		730.0 time, 730.2 real, 134.8 MB
[runlim] sample:		740.0 time, 740.2 real, 127.9 MB
[runlim] sample:		750.0 time, 750.2 real, 132.0 MB
[runlim] sample:		760.0 time, 760.2 real, 136.5 MB
[runlim] sample:		770.0 time, 770.2 real, 130.1 MB
[runlim] sample:		780.0 time, 780.2 real, 134.5 MB
[runlim] sample:		790.0 time, 790.2 real, 139.0 MB
[runlim] sample:		800.0 time, 800.2 real, 131.2 MB
[runlim] sample:		810.0 time, 810.2 real, 135.4 MB
[runlim] sample:		820.0 time, 820.2 real, 128.2 MB
[runlim] sample:		830.0 time, 830.2 real, 133.0 MB
[runlim] sample:		840.0 time, 840.2 real, 137.5 MB
[runlim] sample:		850.0 time, 850.2 real, 129.6 MB
[runlim] sample:		860.0 time, 860.2 real, 134.1 MB
[runlim] sample:		870.0 time, 870.2 real, 138.6 MB
[runlim] sample:		880.0 time, 880.2 real, 131.2 MB
[runlim] sample:		890.0 time, 890.2 real, 135.8 MB
[runlim] end:			Thu Jan 15 07:33:22 2026
[runlim] status:		out of time
[runlim] result:		2
[runlim] children:		0
[runlim] real:			900.05 seconds
[runlim] time:			899.77 seconds
[runlim] space:			180.7 MB
[runlim] samples:		8998
