[runlim] version:		1.10
[runlim] time limit:		311040000 seconds
[runlim] real time limit:	900 seconds
[runlim] space limit:		8000 MB
[runlim] argv[0]:		python3
[runlim] argv[1]:		-u
[runlim] argv[2]:		main.py
[runlim] argv[3]:		graph01
[runlim] argv[4]:		nsc_full
[runlim] argv[5]:		assumptions
[runlim] argv[6]:		cadical195
[runlim] start:			Thu Jan 15 06:26:08 2026
[runlim] main pid:		194175
Solve first problem:
Solution:
{1: 30, 2: 268, 3: 16, 4: 254, 5: 16, 6: 254, 7: 142, 8: 380, 9: 142, 10: 380, 11: 16, 12: 254, 13: 30, 14: 268, 15: 58, 16: 296, 17: 16, 18: 254, 19: 16, 20: 254, 21: 44, 22: 282, 23: 142, 24: 380, 25: 72, 26: 310, 27: 352, 28: 114, 29: 16, 30: 254, 31: 72, 32: 310, 33: 114, 34: 352, 35: 72, 36: 310, 37: 16, 38: 254, 39: 16, 40: 254, 41: 72, 42: 310, 43: 86, 44: 324, 45: 58, 46: 296, 47: 16, 48: 254, 49: 72, 50: 310, 51: 86, 52: 324, 53: 30, 54: 268, 55: 58, 56: 296, 57: 58, 58: 296, 59: 16, 60: 254, 61: 128, 62: 366, 63: 86, 64: 324, 65: 16, 66: 254, 67: 58, 68: 296, 69: 44, 70: 282, 71: 30, 72: 268, 73: 142, 74: 380, 75: 86, 76: 324, 77: 30, 78: 268, 79: 16, 80: 254, 81: 72, 82: 310, 83: 58, 84: 296, 85: 72, 86: 310, 87: 114, 88: 352, 89: 58, 90: 296, 91: 156, 92: 394, 93: 16, 94: 254, 95: 72, 96: 310, 97: 408, 98: 170, 99: 86, 100: 324, 101: 30, 102: 268, 103: 16, 104: 254, 105: 142, 106: 380, 107: 44, 108: 282, 109: 16, 110: 254, 111: 86, 112: 324, 113: 44, 114: 282, 115: 114, 116: 352, 117: 114, 118: 352, 119: 100, 120: 338, 121: 408, 122: 170, 123: 142, 124: 380, 125: 58, 126: 296, 127: 30, 128: 268, 129: 114, 130: 352, 131: 30, 132: 268, 133: 366, 134: 128, 135: 170, 136: 408, 137: 30, 138: 268, 139: 16, 140: 254, 141: 30, 142: 268, 143: 44, 144: 282, 145: 86, 146: 324, 147: 366, 148: 128, 149: 428, 150: 666, 151: 86, 152: 324, 153: 142, 154: 380, 155: 156, 156: 394, 157: 338, 158: 100, 159: 484, 160: 722, 161: 296, 162: 58, 163: 268, 164: 30, 165: 456, 166: 694, 167: 44, 168: 282, 169: 100, 170: 338, 171: 72, 172: 310, 173: 114, 174: 352, 175: 442, 176: 680, 177: 16, 178: 254, 179: 44, 180: 282, 181: 16, 182: 254, 183: 142, 184: 380, 185: 414, 186: 652, 187: 128, 188: 366, 189: 30, 190: 268, 191: 414, 192: 652, 193: 170, 194: 408, 195: 100, 196: 338, 197: 58, 198: 296, 199: 72, 200: 310}
Correct solution!
Number of lables used:  34
Time taken: 0.16 seconds
Memory used: 35.41 MB
--------------------------------------------------

Trying with at most 33 labels...
Solution:
{1: 58, 2: 296, 3: 30, 4: 268, 5: 58, 6: 296, 7: 240, 8: 478, 9: 240, 10: 478, 11: 72, 12: 310, 13: 100, 14: 338, 15: 58, 16: 296, 17: 268, 18: 30, 19: 86, 20: 324, 21: 310, 22: 72, 23: 408, 24: 170, 25: 352, 26: 114, 27: 156, 28: 394, 29: 100, 30: 338, 31: 142, 32: 380, 33: 352, 34: 114, 35: 100, 36: 338, 37: 86, 38: 324, 39: 72, 40: 310, 41: 142, 42: 380, 43: 338, 44: 100, 45: 156, 46: 394, 47: 380, 48: 142, 49: 100, 50: 338, 51: 30, 52: 268, 53: 72, 54: 310, 55: 380, 56: 142, 57: 16, 58: 254, 59: 310, 60: 72, 61: 156, 62: 394, 63: 142, 64: 380, 65: 72, 66: 310, 67: 142, 68: 380, 69: 142, 70: 380, 71: 86, 72: 324, 73: 240, 74: 478, 75: 142, 76: 380, 77: 282, 78: 44, 79: 100, 80: 338, 81: 142, 82: 380, 83: 156, 84: 394, 85: 86, 86: 324, 87: 254, 88: 16, 89: 100, 90: 338, 91: 16, 92: 254, 93: 156, 94: 394, 95: 352, 96: 114, 97: 170, 98: 408, 99: 86, 100: 324, 101: 114, 102: 352, 103: 16, 104: 254, 105: 30, 106: 268, 107: 100, 108: 338, 109: 72, 110: 310, 111: 142, 112: 380, 113: 156, 114: 394, 115: 142, 116: 380, 117: 156, 118: 394, 119: 114, 120: 352, 121: 240, 122: 478, 123: 240, 124: 478, 125: 114, 126: 352, 127: 338, 128: 100, 129: 86, 130: 324, 131: 100, 132: 338, 133: 366, 134: 128, 135: 408, 136: 170, 137: 128, 138: 366, 139: 16, 140: 254, 141: 86, 142: 324, 143: 128, 144: 366, 145: 282, 146: 44, 147: 30, 148: 268, 149: 58, 150: 296, 151: 268, 152: 30, 153: 156, 154: 394, 155: 114, 156: 352, 157: 156, 158: 394, 159: 156, 160: 394, 161: 394, 162: 156, 163: 296, 164: 58, 165: 58, 166: 296, 167: 366, 168: 128, 169: 296, 170: 58, 171: 156, 172: 394, 173: 58, 174: 296, 175: 86, 176: 324, 177: 156, 178: 394, 179: 156, 180: 394, 181: 30, 182: 268, 183: 324, 184: 86, 185: 86, 186: 324, 187: 142, 188: 380, 189: 156, 190: 394, 191: 100, 192: 338, 193: 240, 194: 478, 195: 142, 196: 380, 197: 156, 198: 394, 199: 156, 200: 394}
Correct solution!
Number of lables used:  26
Time taken: 0.18 seconds
Memory used: 36.91 MB
--------------------------------------------------

Trying with at most 25 labels...
Solution:
{1: 708, 2: 470, 3: 16, 4: 254, 5: 44, 6: 282, 7: 408, 8: 170, 9: 170, 10: 408, 11: 44, 12: 282, 13: 86, 14: 324, 15: 708, 16: 470, 17: 254, 18: 16, 19: 86, 20: 324, 21: 86, 22: 324, 23: 380, 24: 142, 25: 708, 26: 470, 27: 666, 28: 428, 29: 100, 30: 338, 31: 128, 32: 366, 33: 380, 34: 142, 35: 86, 36: 324, 37: 86, 38: 324, 39: 44, 40: 282, 41: 142, 42: 380, 43: 338, 44: 100, 45: 142, 46: 380, 47: 16, 48: 254, 49: 44, 50: 282, 51: 338, 52: 100, 53: 44, 54: 282, 55: 380, 56: 142, 57: 142, 58: 380, 59: 16, 60: 254, 61: 142, 62: 380, 63: 142, 64: 380, 65: 44, 66: 282, 67: 708, 68: 470, 69: 128, 70: 366, 71: 708, 72: 470, 73: 170, 74: 408, 75: 694, 76: 456, 77: 666, 78: 428, 79: 86, 80: 324, 81: 142, 82: 380, 83: 142, 84: 380, 85: 44, 86: 282, 87: 708, 88: 470, 89: 86, 90: 324, 91: 16, 92: 254, 93: 142, 94: 380, 95: 708, 96: 470, 97: 170, 98: 408, 99: 86, 100: 324, 101: 694, 102: 456, 103: 366, 104: 128, 105: 44, 106: 282, 107: 100, 108: 338, 109: 44, 110: 282, 111: 142, 112: 380, 113: 128, 114: 366, 115: 142, 116: 380, 117: 142, 118: 380, 119: 100, 120: 338, 121: 170, 122: 408, 123: 170, 124: 408, 125: 86, 126: 324, 127: 338, 128: 100, 129: 86, 130: 324, 131: 100, 132: 338, 133: 366, 134: 128, 135: 170, 136: 408, 137: 128, 138: 366, 139: 16, 140: 254, 141: 324, 142: 86, 143: 16, 144: 254, 145: 44, 146: 282, 147: 16, 148: 254, 149: 380, 150: 142, 151: 666, 152: 428, 153: 100, 154: 338, 155: 100, 156: 338, 157: 380, 158: 142, 159: 666, 160: 428, 161: 44, 162: 282, 163: 282, 164: 44, 165: 282, 166: 44, 167: 366, 168: 128, 169: 16, 170: 254, 171: 44, 172: 282, 173: 338, 174: 100, 175: 86, 176: 324, 177: 142, 178: 380, 179: 142, 180: 380, 181: 694, 182: 456, 183: 324, 184: 86, 185: 86, 186: 324, 187: 128, 188: 366, 189: 128, 190: 366, 191: 100, 192: 338, 193: 408, 194: 170, 195: 142, 196: 380, 197: 100, 198: 338, 199: 142, 200: 380}
Correct solution!
Number of lables used:  20
Time taken: 0.18 seconds
Memory used: 37.16 MB
--------------------------------------------------

Trying with at most 19 labels...
Solution:
{1: 708, 2: 470, 3: 16, 4: 254, 5: 44, 6: 282, 7: 408, 8: 170, 9: 170, 10: 408, 11: 282, 12: 44, 13: 72, 14: 310, 15: 708, 16: 470, 17: 254, 18: 16, 19: 128, 20: 366, 21: 72, 22: 310, 23: 142, 24: 380, 25: 708, 26: 470, 27: 338, 28: 100, 29: 338, 30: 100, 31: 128, 32: 366, 33: 380, 34: 142, 35: 72, 36: 310, 37: 72, 38: 310, 39: 44, 40: 282, 41: 142, 42: 380, 43: 338, 44: 100, 45: 128, 46: 366, 47: 16, 48: 254, 49: 72, 50: 310, 51: 338, 52: 100, 53: 44, 54: 282, 55: 380, 56: 142, 57: 142, 58: 380, 59: 16, 60: 254, 61: 142, 62: 380, 63: 142, 64: 380, 65: 16, 66: 254, 67: 72, 68: 310, 69: 100, 70: 338, 71: 708, 72: 470, 73: 170, 74: 408, 75: 666, 76: 428, 77: 666, 78: 428, 79: 72, 80: 310, 81: 128, 82: 366, 83: 128, 84: 366, 85: 44, 86: 282, 87: 708, 88: 470, 89: 72, 90: 310, 91: 16, 92: 254, 93: 142, 94: 380, 95: 708, 96: 470, 97: 408, 98: 170, 99: 708, 100: 470, 101: 708, 102: 470, 103: 366, 104: 128, 105: 44, 106: 282, 107: 100, 108: 338, 109: 44, 110: 282, 111: 142, 112: 380, 113: 128, 114: 366, 115: 366, 116: 128, 117: 128, 118: 366, 119: 100, 120: 338, 121: 408, 122: 170, 123: 408, 124: 170, 125: 16, 126: 254, 127: 310, 128: 72, 129: 72, 130: 310, 131: 100, 132: 338, 133: 100, 134: 338, 135: 170, 136: 408, 137: 72, 138: 310, 139: 16, 140: 254, 141: 708, 142: 470, 143: 16, 144: 254, 145: 44, 146: 282, 147: 366, 148: 128, 149: 142, 150: 380, 151: 666, 152: 428, 153: 100, 154: 338, 155: 100, 156: 338, 157: 380, 158: 142, 159: 428, 160: 666, 161: 44, 162: 282, 163: 282, 164: 44, 165: 282, 166: 44, 167: 366, 168: 128, 169: 72, 170: 310, 171: 44, 172: 282, 173: 338, 174: 100, 175: 254, 176: 16, 177: 142, 178: 380, 179: 142, 180: 380, 181: 254, 182: 16, 183: 72, 184: 310, 185: 142, 186: 380, 187: 128, 188: 366, 189: 100, 190: 338, 191: 100, 192: 338, 193: 408, 194: 170, 195: 44, 196: 282, 197: 100, 198: 338, 199: 142, 200: 380}
Correct solution!
Number of lables used:  18
Time taken: 0.19 seconds
Memory used: 37.16 MB
--------------------------------------------------

Trying with at most 17 labels...
[runlim] sample:		10.0 time, 10.7 real, 55.7 MB
[runlim] sample:		20.0 time, 20.7 real, 49.3 MB
[runlim] sample:		30.0 time, 30.7 real, 55.7 MB
[runlim] sample:		40.0 time, 40.7 real, 63.9 MB
[runlim] sample:		50.0 time, 50.7 real, 66.9 MB
[runlim] sample:		60.0 time, 60.7 real, 67.7 MB
Cannot find solution.
No more solutions found.
Optimal number of labels used:  18
Time taken: 68.16 seconds
[runlim] end:			Thu Jan 15 06:27:16 2026
[runlim] status:		ok
[runlim] result:		0
[runlim] children:		0
[runlim] real:			68.98 seconds
[runlim] time:			68.18 seconds
[runlim] space:			67.7 MB
[runlim] samples:		682
