[runlim] version:		1.10
[runlim] time limit:		311040000 seconds
[runlim] real time limit:	600 seconds
[runlim] space limit:		14000 MB
[runlim] argv[0]:		python3
[runlim] argv[1]:		-u
[runlim] argv[2]:		main.py
[runlim] argv[3]:		graph01
[runlim] argv[4]:		sc_reduced
[runlim] argv[5]:		incremental
[runlim] argv[6]:		cadical195
[runlim] start:			Thu Jan 22 23:28:04 2026
[runlim] main pid:		24827
Solve first problem:
Solution:
{1: 30, 2: 268, 3: 16, 4: 254, 5: 16, 6: 254, 7: 142, 8: 380, 9: 142, 10: 380, 11: 16, 12: 254, 13: 30, 14: 268, 15: 58, 16: 296, 17: 16, 18: 254, 19: 16, 20: 254, 21: 44, 22: 282, 23: 142, 24: 380, 25: 72, 26: 310, 27: 352, 28: 114, 29: 16, 30: 254, 31: 72, 32: 310, 33: 114, 34: 352, 35: 72, 36: 310, 37: 16, 38: 254, 39: 16, 40: 254, 41: 72, 42: 310, 43: 86, 44: 324, 45: 58, 46: 296, 47: 16, 48: 254, 49: 72, 50: 310, 51: 86, 52: 324, 53: 30, 54: 268, 55: 58, 56: 296, 57: 58, 58: 296, 59: 16, 60: 254, 61: 128, 62: 366, 63: 86, 64: 324, 65: 16, 66: 254, 67: 58, 68: 296, 69: 44, 70: 282, 71: 30, 72: 268, 73: 142, 74: 380, 75: 86, 76: 324, 77: 30, 78: 268, 79: 16, 80: 254, 81: 72, 82: 310, 83: 58, 84: 296, 85: 72, 86: 310, 87: 114, 88: 352, 89: 58, 90: 296, 91: 156, 92: 394, 93: 16, 94: 254, 95: 72, 96: 310, 97: 408, 98: 170, 99: 86, 100: 324, 101: 30, 102: 268, 103: 16, 104: 254, 105: 142, 106: 380, 107: 44, 108: 282, 109: 16, 110: 254, 111: 86, 112: 324, 113: 44, 114: 282, 115: 114, 116: 352, 117: 114, 118: 352, 119: 100, 120: 338, 121: 408, 122: 170, 123: 142, 124: 380, 125: 58, 126: 296, 127: 30, 128: 268, 129: 114, 130: 352, 131: 30, 132: 268, 133: 366, 134: 128, 135: 170, 136: 408, 137: 30, 138: 268, 139: 16, 140: 254, 141: 30, 142: 268, 143: 44, 144: 282, 145: 86, 146: 324, 147: 366, 148: 128, 149: 428, 150: 666, 151: 86, 152: 324, 153: 142, 154: 380, 155: 156, 156: 394, 157: 338, 158: 100, 159: 484, 160: 722, 161: 296, 162: 58, 163: 268, 164: 30, 165: 456, 166: 694, 167: 44, 168: 282, 169: 100, 170: 338, 171: 72, 172: 310, 173: 114, 174: 352, 175: 442, 176: 680, 177: 16, 178: 254, 179: 44, 180: 282, 181: 16, 182: 254, 183: 142, 184: 380, 185: 414, 186: 652, 187: 128, 188: 366, 189: 30, 190: 268, 191: 414, 192: 652, 193: 170, 194: 408, 195: 100, 196: 338, 197: 58, 198: 296, 199: 72, 200: 310}
Correct solution!
Number of lables used:  34
--------------------------------------------------

Trying with at most 33 labels...
Solution:
{1: 30, 2: 268, 3: 324, 4: 86, 5: 254, 6: 16, 7: 380, 8: 142, 9: 142, 10: 380, 11: 442, 12: 680, 13: 338, 14: 100, 15: 114, 16: 352, 17: 380, 18: 142, 19: 142, 20: 380, 21: 268, 22: 30, 23: 170, 24: 408, 25: 310, 26: 72, 27: 254, 28: 16, 29: 16, 30: 254, 31: 44, 32: 282, 33: 268, 34: 30, 35: 30, 36: 268, 37: 58, 38: 296, 39: 58, 40: 296, 41: 128, 42: 366, 43: 442, 44: 680, 45: 114, 46: 352, 47: 324, 48: 86, 49: 30, 50: 268, 51: 16, 52: 254, 53: 44, 54: 282, 55: 114, 56: 352, 57: 114, 58: 352, 59: 100, 60: 338, 61: 128, 62: 366, 63: 86, 64: 324, 65: 128, 66: 366, 67: 72, 68: 310, 69: 296, 70: 58, 71: 296, 72: 58, 73: 408, 74: 170, 75: 44, 76: 282, 77: 128, 78: 366, 79: 128, 80: 366, 81: 72, 82: 310, 83: 394, 84: 156, 85: 72, 86: 310, 87: 254, 88: 16, 89: 72, 90: 310, 91: 394, 92: 156, 93: 72, 94: 310, 95: 44, 96: 282, 97: 170, 98: 408, 99: 30, 100: 268, 101: 296, 102: 58, 103: 100, 104: 338, 105: 100, 106: 338, 107: 86, 108: 324, 109: 114, 110: 352, 111: 128, 112: 366, 113: 86, 114: 324, 115: 310, 116: 72, 117: 128, 118: 366, 119: 114, 120: 352, 121: 380, 122: 142, 123: 142, 124: 380, 125: 30, 126: 268, 127: 324, 128: 86, 129: 268, 130: 30, 131: 86, 132: 324, 133: 58, 134: 296, 135: 408, 136: 170, 137: 30, 138: 268, 139: 44, 140: 282, 141: 380, 142: 142, 143: 128, 144: 366, 145: 282, 146: 44, 147: 268, 148: 30, 149: 128, 150: 366, 151: 680, 152: 442, 153: 72, 154: 310, 155: 86, 156: 324, 157: 128, 158: 366, 159: 30, 160: 268, 161: 394, 162: 156, 163: 394, 164: 156, 165: 128, 166: 366, 167: 142, 168: 380, 169: 324, 170: 86, 171: 86, 172: 324, 173: 86, 174: 324, 175: 352, 176: 114, 177: 128, 178: 366, 179: 128, 180: 366, 181: 114, 182: 352, 183: 58, 184: 296, 185: 254, 186: 16, 187: 310, 188: 72, 189: 72, 190: 310, 191: 282, 192: 44, 193: 380, 194: 142, 195: 58, 196: 296, 197: 72, 198: 310, 199: 72, 200: 310}
Number of lables used:  26
Time taken: 0.22 seconds
--------------------------------------------------

Trying with at most 25 labels...
Solution:
{1: 442, 2: 680, 3: 324, 4: 86, 5: 254, 6: 16, 7: 380, 8: 142, 9: 142, 10: 380, 11: 442, 12: 680, 13: 338, 14: 100, 15: 680, 16: 442, 17: 680, 18: 442, 19: 58, 20: 296, 21: 254, 22: 16, 23: 170, 24: 408, 25: 310, 26: 72, 27: 282, 28: 44, 29: 366, 30: 128, 31: 44, 32: 282, 33: 114, 34: 352, 35: 16, 36: 254, 37: 58, 38: 296, 39: 44, 40: 282, 41: 128, 42: 366, 43: 282, 44: 44, 45: 100, 46: 338, 47: 282, 48: 44, 49: 380, 50: 142, 51: 394, 52: 156, 53: 44, 54: 282, 55: 114, 56: 352, 57: 114, 58: 352, 59: 100, 60: 338, 61: 128, 62: 366, 63: 86, 64: 324, 65: 128, 66: 366, 67: 310, 68: 72, 69: 296, 70: 58, 71: 296, 72: 58, 73: 408, 74: 170, 75: 296, 76: 58, 77: 128, 78: 366, 79: 128, 80: 366, 81: 72, 82: 310, 83: 394, 84: 156, 85: 72, 86: 310, 87: 254, 88: 16, 89: 16, 90: 254, 91: 394, 92: 156, 93: 72, 94: 310, 95: 44, 96: 282, 97: 170, 98: 408, 99: 324, 100: 86, 101: 16, 102: 254, 103: 100, 104: 338, 105: 442, 106: 680, 107: 72, 108: 310, 109: 114, 110: 352, 111: 128, 112: 366, 113: 86, 114: 324, 115: 310, 116: 72, 117: 128, 118: 366, 119: 114, 120: 352, 121: 380, 122: 142, 123: 142, 124: 380, 125: 16, 126: 254, 127: 324, 128: 86, 129: 366, 130: 128, 131: 86, 132: 324, 133: 58, 134: 296, 135: 408, 136: 170, 137: 282, 138: 44, 139: 44, 140: 282, 141: 380, 142: 142, 143: 58, 144: 296, 145: 282, 146: 44, 147: 254, 148: 16, 149: 100, 150: 338, 151: 680, 152: 442, 153: 72, 154: 310, 155: 58, 156: 296, 157: 128, 158: 366, 159: 366, 160: 128, 161: 394, 162: 156, 163: 394, 164: 156, 165: 128, 166: 366, 167: 142, 168: 380, 169: 324, 170: 86, 171: 86, 172: 324, 173: 86, 174: 324, 175: 352, 176: 114, 177: 128, 178: 366, 179: 128, 180: 366, 181: 114, 182: 352, 183: 58, 184: 296, 185: 254, 186: 16, 187: 310, 188: 72, 189: 72, 190: 310, 191: 282, 192: 44, 193: 380, 194: 142, 195: 58, 196: 296, 197: 72, 198: 310, 199: 72, 200: 310}
Number of lables used:  24
Time taken: 0.22 seconds
--------------------------------------------------

Trying with at most 23 labels...
Solution:
{1: 442, 2: 680, 3: 86, 4: 324, 5: 254, 6: 16, 7: 380, 8: 142, 9: 142, 10: 380, 11: 456, 12: 694, 13: 254, 14: 16, 15: 680, 16: 442, 17: 680, 18: 442, 19: 72, 20: 310, 21: 254, 22: 16, 23: 380, 24: 142, 25: 310, 26: 72, 27: 282, 28: 44, 29: 352, 30: 114, 31: 44, 32: 282, 33: 114, 34: 352, 35: 16, 36: 254, 37: 44, 38: 282, 39: 44, 40: 282, 41: 114, 42: 352, 43: 736, 44: 498, 45: 86, 46: 324, 47: 254, 48: 16, 49: 282, 50: 44, 51: 324, 52: 86, 53: 44, 54: 282, 55: 114, 56: 352, 57: 16, 58: 254, 59: 310, 60: 72, 61: 72, 62: 310, 63: 16, 64: 254, 65: 72, 66: 310, 67: 114, 68: 352, 69: 282, 70: 44, 71: 680, 72: 442, 73: 408, 74: 170, 75: 352, 76: 114, 77: 694, 78: 456, 79: 16, 80: 254, 81: 72, 82: 310, 83: 394, 84: 156, 85: 44, 86: 282, 87: 498, 88: 736, 89: 16, 90: 254, 91: 394, 92: 156, 93: 72, 94: 310, 95: 44, 96: 282, 97: 142, 98: 380, 99: 324, 100: 86, 101: 44, 102: 282, 103: 16, 104: 254, 105: 442, 106: 680, 107: 72, 108: 310, 109: 114, 110: 352, 111: 114, 112: 352, 113: 86, 114: 324, 115: 142, 116: 380, 117: 114, 118: 352, 119: 86, 120: 324, 121: 170, 122: 408, 123: 142, 124: 380, 125: 16, 126: 254, 127: 324, 128: 86, 129: 380, 130: 142, 131: 86, 132: 324, 133: 72, 134: 310, 135: 408, 136: 170, 137: 282, 138: 44, 139: 44, 140: 282, 141: 380, 142: 142, 143: 44, 144: 282, 145: 394, 146: 156, 147: 736, 148: 498, 149: 86, 150: 324, 151: 680, 152: 442, 153: 72, 154: 310, 155: 44, 156: 282, 157: 114, 158: 352, 159: 16, 160: 254, 161: 394, 162: 156, 163: 680, 164: 442, 165: 282, 166: 44, 167: 142, 168: 380, 169: 352, 170: 114, 171: 86, 172: 324, 173: 86, 174: 324, 175: 16, 176: 254, 177: 114, 178: 352, 179: 394, 180: 156, 181: 680, 182: 442, 183: 324, 184: 86, 185: 254, 186: 16, 187: 310, 188: 72, 189: 380, 190: 142, 191: 16, 192: 254, 193: 408, 194: 170, 195: 86, 196: 324, 197: 72, 198: 310, 199: 72, 200: 310}
Number of lables used:  22
Time taken: 0.23 seconds
--------------------------------------------------

Trying with at most 21 labels...
Solution:
{1: 442, 2: 680, 3: 86, 4: 324, 5: 254, 6: 16, 7: 380, 8: 142, 9: 142, 10: 380, 11: 498, 12: 736, 13: 254, 14: 16, 15: 680, 16: 442, 17: 680, 18: 442, 19: 72, 20: 310, 21: 254, 22: 16, 23: 380, 24: 142, 25: 310, 26: 72, 27: 282, 28: 44, 29: 352, 30: 114, 31: 44, 32: 282, 33: 114, 34: 352, 35: 16, 36: 254, 37: 44, 38: 282, 39: 44, 40: 282, 41: 114, 42: 352, 43: 736, 44: 498, 45: 86, 46: 324, 47: 254, 48: 16, 49: 282, 50: 44, 51: 324, 52: 86, 53: 44, 54: 282, 55: 114, 56: 352, 57: 16, 58: 254, 59: 310, 60: 72, 61: 72, 62: 310, 63: 16, 64: 254, 65: 72, 66: 310, 67: 114, 68: 352, 69: 282, 70: 44, 71: 680, 72: 442, 73: 408, 74: 170, 75: 352, 76: 114, 77: 736, 78: 498, 79: 16, 80: 254, 81: 72, 82: 310, 83: 394, 84: 156, 85: 44, 86: 282, 87: 498, 88: 736, 89: 16, 90: 254, 91: 394, 92: 156, 93: 72, 94: 310, 95: 44, 96: 282, 97: 142, 98: 380, 99: 324, 100: 86, 101: 44, 102: 282, 103: 16, 104: 254, 105: 442, 106: 680, 107: 72, 108: 310, 109: 114, 110: 352, 111: 114, 112: 352, 113: 86, 114: 324, 115: 142, 116: 380, 117: 114, 118: 352, 119: 86, 120: 324, 121: 170, 122: 408, 123: 142, 124: 380, 125: 16, 126: 254, 127: 324, 128: 86, 129: 380, 130: 142, 131: 86, 132: 324, 133: 72, 134: 310, 135: 408, 136: 170, 137: 282, 138: 44, 139: 44, 140: 282, 141: 380, 142: 142, 143: 44, 144: 282, 145: 394, 146: 156, 147: 442, 148: 680, 149: 86, 150: 324, 151: 680, 152: 442, 153: 72, 154: 310, 155: 44, 156: 282, 157: 114, 158: 352, 159: 16, 160: 254, 161: 394, 162: 156, 163: 680, 164: 442, 165: 282, 166: 44, 167: 142, 168: 380, 169: 352, 170: 114, 171: 86, 172: 324, 173: 86, 174: 324, 175: 16, 176: 254, 177: 114, 178: 352, 179: 394, 180: 156, 181: 680, 182: 442, 183: 324, 184: 86, 185: 254, 186: 16, 187: 310, 188: 72, 189: 380, 190: 142, 191: 16, 192: 254, 193: 408, 194: 170, 195: 86, 196: 324, 197: 72, 198: 310, 199: 72, 200: 310}
Number of lables used:  20
Time taken: 0.23 seconds
--------------------------------------------------

Trying with at most 19 labels...
Solution:
{1: 142, 2: 380, 3: 114, 4: 352, 5: 666, 6: 428, 7: 380, 8: 142, 9: 478, 10: 240, 11: 792, 12: 554, 13: 338, 14: 100, 15: 380, 16: 142, 17: 142, 18: 380, 19: 100, 20: 338, 21: 792, 22: 554, 23: 478, 24: 240, 25: 338, 26: 100, 27: 268, 28: 30, 29: 268, 30: 30, 31: 380, 32: 142, 33: 30, 34: 268, 35: 296, 36: 58, 37: 30, 38: 268, 39: 380, 40: 142, 41: 114, 42: 352, 43: 296, 44: 58, 45: 58, 46: 296, 47: 30, 48: 268, 49: 268, 50: 30, 51: 296, 52: 58, 53: 30, 54: 268, 55: 114, 56: 352, 57: 296, 58: 58, 59: 380, 60: 142, 61: 30, 62: 268, 63: 352, 64: 114, 65: 58, 66: 296, 67: 428, 68: 666, 69: 268, 70: 30, 71: 792, 72: 554, 73: 478, 74: 240, 75: 58, 76: 296, 77: 554, 78: 792, 79: 380, 80: 142, 81: 58, 82: 296, 83: 296, 84: 58, 85: 666, 86: 428, 87: 792, 88: 554, 89: 380, 90: 142, 91: 114, 92: 352, 93: 30, 94: 268, 95: 352, 96: 114, 97: 478, 98: 240, 99: 352, 100: 114, 101: 750, 102: 512, 103: 338, 104: 100, 105: 142, 106: 380, 107: 666, 108: 428, 109: 100, 110: 338, 111: 114, 112: 352, 113: 58, 114: 296, 115: 666, 116: 428, 117: 100, 118: 338, 119: 380, 120: 142, 121: 380, 122: 142, 123: 478, 124: 240, 125: 352, 126: 114, 127: 512, 128: 750, 129: 352, 130: 114, 131: 58, 132: 296, 133: 296, 134: 58, 135: 478, 136: 240, 137: 338, 138: 100, 139: 380, 140: 142, 141: 380, 142: 142, 143: 380, 144: 142, 145: 296, 146: 58, 147: 666, 148: 428, 149: 792, 150: 554, 151: 30, 152: 268, 153: 58, 154: 296, 155: 30, 156: 268, 157: 114, 158: 352, 159: 268, 160: 30, 161: 268, 162: 30, 163: 750, 164: 512, 165: 100, 166: 338, 167: 750, 168: 512, 169: 338, 170: 100, 171: 58, 172: 296, 173: 58, 174: 296, 175: 352, 176: 114, 177: 114, 178: 352, 179: 380, 180: 142, 181: 512, 182: 750, 183: 428, 184: 666, 185: 142, 186: 380, 187: 268, 188: 30, 189: 268, 190: 30, 191: 296, 192: 58, 193: 240, 194: 478, 195: 666, 196: 428, 197: 58, 198: 296, 199: 58, 200: 296}
Number of lables used:  18
Time taken: 0.28 seconds
--------------------------------------------------

Trying with at most 17 labels...
[runlim] sample:		10.0 time, 10.4 real, 51.2 MB
[runlim] sample:		20.0 time, 20.4 real, 47.3 MB
[runlim] sample:		30.0 time, 30.4 real, 48.3 MB
[runlim] sample:		40.0 time, 40.4 real, 53.1 MB
Cannot find solution.
No more solutions found.
Optimal number of labels used:  18
[runlim] end:			Thu Jan 22 23:28:51 2026
[runlim] status:		ok
[runlim] result:		0
[runlim] children:		0
[runlim] real:			47.65 seconds
[runlim] time:			47.15 seconds
[runlim] space:			61.2 MB
[runlim] samples:		472
