[runlim] version:		1.10
[runlim] time limit:		311040000 seconds
[runlim] real time limit:	600 seconds
[runlim] space limit:		14000 MB
[runlim] argv[0]:		python3
[runlim] argv[1]:		-u
[runlim] argv[2]:		main.py
[runlim] argv[3]:		graph06
[runlim] argv[4]:		sc_reduced
[runlim] argv[5]:		incremental
[runlim] argv[6]:		cadical195
[runlim] start:			Thu Jan 22 23:32:38 2026
[runlim] main pid:		26767
Solve first problem:
Cannot find solution.
[runlim] end:			Thu Jan 22 23:32:38 2026
[runlim] status:		ok
[runlim] result:		0
[runlim] children:		0
[runlim] real:			0.44 seconds
[runlim] time:			0.19 seconds
[runlim] space:			27.9 MB
[runlim] samples:		2
