[runlim] version:		1.10
[runlim] time limit:		311040000 seconds
[runlim] real time limit:	600 seconds
[runlim] space limit:		14000 MB
[runlim] argv[0]:		python3
[runlim] argv[1]:		-u
[runlim] argv[2]:		main.py
[runlim] argv[3]:		TUD200.3
[runlim] argv[4]:		sc_reduced
[runlim] argv[5]:		incremental
[runlim] argv[6]:		cadical195
[runlim] start:			Thu Jan 22 23:34:03 2026
[runlim] main pid:		27399
Solve first problem:
Solution:
{1: 296, 2: 58, 3: 380, 4: 142, 5: 652, 6: 414, 7: 442, 8: 680, 9: 352, 10: 114, 11: 380, 12: 142, 13: 652, 14: 414, 15: 380, 16: 142, 17: 170, 18: 408, 19: 142, 20: 380, 21: 282, 22: 44, 23: 652, 24: 414, 25: 540, 26: 778, 27: 694, 28: 456, 29: 792, 30: 554, 31: 442, 32: 680, 33: 268, 34: 30, 35: 114, 36: 352, 37: 652, 38: 414, 39: 652, 40: 414, 41: 114, 42: 352, 43: 268, 44: 30, 45: 338, 46: 100, 47: 512, 48: 750, 49: 414, 50: 652, 51: 310, 52: 72, 53: 338, 54: 100, 55: 414, 56: 652, 57: 352, 58: 114, 59: 694, 60: 456, 61: 254, 62: 16, 63: 778, 64: 540, 65: 156, 66: 394, 67: 352, 68: 114, 69: 296, 70: 58, 71: 296, 72: 58, 73: 652, 74: 414, 75: 366, 76: 128, 77: 338, 78: 100, 79: 680, 80: 442, 81: 254, 82: 16, 83: 310, 84: 72, 85: 282, 86: 44, 87: 736, 88: 498, 89: 764, 90: 526, 91: 254, 92: 16, 93: 750, 94: 512, 95: 792, 96: 554, 97: 170, 98: 408, 99: 478, 100: 240, 101: 380, 102: 142, 103: 352, 104: 114, 105: 72, 106: 310, 107: 310, 108: 72, 109: 414, 110: 652, 111: 282, 112: 44, 113: 722, 114: 484, 115: 652, 116: 414, 117: 708, 118: 470, 119: 310, 120: 72, 121: 380, 122: 142, 123: 296, 124: 58, 125: 666, 126: 428, 127: 750, 128: 512, 129: 324, 130: 86, 131: 380, 132: 142, 133: 310, 134: 72, 135: 254, 136: 16, 137: 652, 138: 414, 139: 268, 140: 30, 141: 310, 142: 72, 143: 296, 144: 58, 145: 456, 146: 694, 147: 428, 148: 666, 149: 254, 150: 16, 151: 352, 152: 114, 153: 652, 154: 414, 155: 414, 156: 652, 157: 268, 158: 30, 159: 296, 160: 58, 161: 268, 162: 30, 163: 254, 164: 16, 165: 254, 166: 16, 167: 380, 168: 142, 169: 310, 170: 72, 171: 254, 172: 16, 173: 366, 174: 128, 175: 338, 176: 100, 177: 366, 178: 128, 179: 380, 180: 142, 181: 254, 182: 16, 183: 310, 184: 72, 185: 324, 186: 86, 187: 254, 188: 16, 189: 310, 190: 72, 191: 268, 192: 30, 193: 324, 194: 86, 195: 736, 196: 498, 197: 282, 198: 44, 199: 254, 200: 16}
Correct solution!
Number of lables used:  48
--------------------------------------------------

Trying with at most 47 labels...
Solution:
{1: 86, 2: 324, 3: 324, 4: 86, 5: 652, 6: 414, 7: 708, 8: 470, 9: 142, 10: 380, 11: 478, 12: 240, 13: 708, 14: 470, 15: 414, 16: 652, 17: 478, 18: 240, 19: 694, 20: 456, 21: 58, 22: 296, 23: 114, 24: 352, 25: 414, 26: 652, 27: 708, 28: 470, 29: 142, 30: 380, 31: 394, 32: 156, 33: 114, 34: 352, 35: 114, 36: 352, 37: 708, 38: 470, 39: 142, 40: 380, 41: 16, 42: 254, 43: 44, 44: 282, 45: 30, 46: 268, 47: 708, 48: 470, 49: 86, 50: 324, 51: 428, 52: 666, 53: 142, 54: 380, 55: 86, 56: 324, 57: 380, 58: 142, 59: 142, 60: 380, 61: 324, 62: 86, 63: 86, 64: 324, 65: 142, 66: 380, 67: 30, 68: 268, 69: 86, 70: 324, 71: 708, 72: 470, 73: 652, 74: 414, 75: 324, 76: 86, 77: 44, 78: 282, 79: 666, 80: 428, 81: 652, 82: 414, 83: 58, 84: 296, 85: 268, 86: 30, 87: 156, 88: 394, 89: 708, 90: 470, 91: 666, 92: 428, 93: 694, 94: 456, 95: 324, 96: 86, 97: 142, 98: 380, 99: 142, 100: 380, 101: 282, 102: 44, 103: 296, 104: 58, 105: 16, 106: 254, 107: 16, 108: 254, 109: 414, 110: 652, 111: 44, 112: 282, 113: 694, 114: 456, 115: 16, 116: 254, 117: 296, 118: 58, 119: 114, 120: 352, 121: 240, 122: 478, 123: 44, 124: 282, 125: 30, 126: 268, 127: 708, 128: 470, 129: 414, 130: 652, 131: 142, 132: 380, 133: 44, 134: 282, 135: 666, 136: 428, 137: 30, 138: 268, 139: 114, 140: 352, 141: 666, 142: 428, 143: 16, 144: 254, 145: 470, 146: 708, 147: 30, 148: 268, 149: 86, 150: 324, 151: 666, 152: 428, 153: 694, 154: 456, 155: 142, 156: 380, 157: 86, 158: 324, 159: 708, 160: 470, 161: 296, 162: 58, 163: 324, 164: 86, 165: 16, 166: 254, 167: 142, 168: 380, 169: 352, 170: 114, 171: 58, 172: 296, 173: 352, 174: 114, 175: 694, 176: 456, 177: 652, 178: 414, 179: 380, 180: 142, 181: 156, 182: 394, 183: 296, 184: 58, 185: 86, 186: 324, 187: 156, 188: 394, 189: 114, 190: 352, 191: 58, 192: 296, 193: 114, 194: 352, 195: 394, 196: 156, 197: 470, 198: 708, 199: 114, 200: 352}
Number of lables used:  26
Time taken: 0.22 seconds
--------------------------------------------------

Trying with at most 25 labels...
Solution:
{1: 86, 2: 324, 3: 324, 4: 86, 5: 352, 6: 114, 7: 708, 8: 470, 9: 142, 10: 380, 11: 478, 12: 240, 13: 708, 14: 470, 15: 470, 16: 708, 17: 478, 18: 240, 19: 694, 20: 456, 21: 58, 22: 296, 23: 86, 24: 324, 25: 428, 26: 666, 27: 708, 28: 470, 29: 142, 30: 380, 31: 394, 32: 156, 33: 58, 34: 296, 35: 114, 36: 352, 37: 708, 38: 470, 39: 86, 40: 324, 41: 16, 42: 254, 43: 44, 44: 282, 45: 30, 46: 268, 47: 708, 48: 470, 49: 86, 50: 324, 51: 428, 52: 666, 53: 142, 54: 380, 55: 86, 56: 324, 57: 380, 58: 142, 59: 114, 60: 352, 61: 324, 62: 86, 63: 86, 64: 324, 65: 142, 66: 380, 67: 30, 68: 268, 69: 86, 70: 324, 71: 708, 72: 470, 73: 156, 74: 394, 75: 324, 76: 86, 77: 44, 78: 282, 79: 666, 80: 428, 81: 142, 82: 380, 83: 58, 84: 296, 85: 268, 86: 30, 87: 282, 88: 44, 89: 708, 90: 470, 91: 666, 92: 428, 93: 694, 94: 456, 95: 324, 96: 86, 97: 142, 98: 380, 99: 142, 100: 380, 101: 282, 102: 44, 103: 708, 104: 470, 105: 16, 106: 254, 107: 380, 108: 142, 109: 428, 110: 666, 111: 428, 112: 666, 113: 694, 114: 456, 115: 16, 116: 254, 117: 456, 118: 694, 119: 114, 120: 352, 121: 240, 122: 478, 123: 44, 124: 282, 125: 30, 126: 268, 127: 708, 128: 470, 129: 428, 130: 666, 131: 142, 132: 380, 133: 44, 134: 282, 135: 666, 136: 428, 137: 30, 138: 268, 139: 156, 140: 394, 141: 380, 142: 142, 143: 16, 144: 254, 145: 470, 146: 708, 147: 30, 148: 268, 149: 86, 150: 324, 151: 666, 152: 428, 153: 694, 154: 456, 155: 470, 156: 708, 157: 86, 158: 324, 159: 394, 160: 156, 161: 296, 162: 58, 163: 324, 164: 86, 165: 16, 166: 254, 167: 142, 168: 380, 169: 352, 170: 114, 171: 58, 172: 296, 173: 352, 174: 114, 175: 694, 176: 456, 177: 282, 178: 44, 179: 380, 180: 142, 181: 156, 182: 394, 183: 296, 184: 58, 185: 86, 186: 324, 187: 156, 188: 394, 189: 114, 190: 352, 191: 58, 192: 296, 193: 114, 194: 352, 195: 394, 196: 156, 197: 470, 198: 708, 199: 114, 200: 352}
Number of lables used:  24
Time taken: 0.22 seconds
--------------------------------------------------

Trying with at most 23 labels...
Solution:
{1: 30, 2: 268, 3: 268, 4: 30, 5: 16, 6: 254, 7: 324, 8: 86, 9: 142, 10: 380, 11: 478, 12: 240, 13: 708, 14: 470, 15: 470, 16: 708, 17: 478, 18: 240, 19: 694, 20: 456, 21: 30, 22: 268, 23: 44, 24: 282, 25: 456, 26: 694, 27: 708, 28: 470, 29: 142, 30: 380, 31: 394, 32: 156, 33: 268, 34: 30, 35: 86, 36: 324, 37: 268, 38: 30, 39: 44, 40: 282, 41: 394, 42: 156, 43: 428, 44: 666, 45: 86, 46: 324, 47: 694, 48: 456, 49: 30, 50: 268, 51: 428, 52: 666, 53: 142, 54: 380, 55: 792, 56: 554, 57: 380, 58: 142, 59: 792, 60: 554, 61: 324, 62: 86, 63: 470, 64: 708, 65: 86, 66: 324, 67: 30, 68: 268, 69: 30, 70: 268, 71: 708, 72: 470, 73: 156, 74: 394, 75: 324, 76: 86, 77: 44, 78: 282, 79: 30, 80: 268, 81: 142, 82: 380, 83: 44, 84: 282, 85: 268, 86: 30, 87: 282, 88: 44, 89: 708, 90: 470, 91: 666, 92: 428, 93: 694, 94: 456, 95: 282, 96: 44, 97: 240, 98: 478, 99: 142, 100: 380, 101: 282, 102: 44, 103: 708, 104: 470, 105: 324, 106: 86, 107: 380, 108: 142, 109: 428, 110: 666, 111: 428, 112: 666, 113: 666, 114: 428, 115: 792, 116: 554, 117: 428, 118: 666, 119: 666, 120: 428, 121: 240, 122: 478, 123: 16, 124: 254, 125: 30, 126: 268, 127: 792, 128: 554, 129: 428, 130: 666, 131: 142, 132: 380, 133: 44, 134: 282, 135: 156, 136: 394, 137: 30, 138: 268, 139: 156, 140: 394, 141: 380, 142: 142, 143: 16, 144: 254, 145: 470, 146: 708, 147: 694, 148: 456, 149: 86, 150: 324, 151: 86, 152: 324, 153: 694, 154: 456, 155: 470, 156: 708, 157: 44, 158: 282, 159: 282, 160: 44, 161: 666, 162: 428, 163: 324, 164: 86, 165: 394, 166: 156, 167: 142, 168: 380, 169: 554, 170: 792, 171: 554, 172: 792, 173: 324, 174: 86, 175: 456, 176: 694, 177: 282, 178: 44, 179: 380, 180: 142, 181: 156, 182: 394, 183: 268, 184: 30, 185: 86, 186: 324, 187: 156, 188: 394, 189: 86, 190: 324, 191: 30, 192: 268, 193: 86, 194: 324, 195: 394, 196: 156, 197: 470, 198: 708, 199: 86, 200: 324}
Number of lables used:  22
Time taken: 0.23 seconds
--------------------------------------------------

Trying with at most 21 labels...
Solution:
{1: 428, 2: 666, 3: 268, 4: 30, 5: 16, 6: 254, 7: 324, 8: 86, 9: 142, 10: 380, 11: 478, 12: 240, 13: 792, 14: 554, 15: 554, 16: 792, 17: 478, 18: 240, 19: 792, 20: 554, 21: 30, 22: 268, 23: 44, 24: 282, 25: 456, 26: 694, 27: 792, 28: 554, 29: 666, 30: 428, 31: 380, 32: 142, 33: 324, 34: 86, 35: 86, 36: 324, 37: 268, 38: 30, 39: 694, 40: 456, 41: 380, 42: 142, 43: 428, 44: 666, 45: 792, 46: 554, 47: 694, 48: 456, 49: 30, 50: 268, 51: 86, 52: 324, 53: 142, 54: 380, 55: 694, 56: 456, 57: 792, 58: 554, 59: 792, 60: 554, 61: 324, 62: 86, 63: 554, 64: 792, 65: 86, 66: 324, 67: 142, 68: 380, 69: 30, 70: 268, 71: 694, 72: 456, 73: 282, 74: 44, 75: 792, 76: 554, 77: 268, 78: 30, 79: 30, 80: 268, 81: 142, 82: 380, 83: 44, 84: 282, 85: 456, 86: 694, 87: 282, 88: 44, 89: 694, 90: 456, 91: 16, 92: 254, 93: 254, 94: 16, 95: 282, 96: 44, 97: 240, 98: 478, 99: 142, 100: 380, 101: 282, 102: 44, 103: 792, 104: 554, 105: 324, 106: 86, 107: 380, 108: 142, 109: 428, 110: 666, 111: 428, 112: 666, 113: 694, 114: 456, 115: 792, 116: 554, 117: 456, 118: 694, 119: 694, 120: 456, 121: 240, 122: 478, 123: 16, 124: 254, 125: 30, 126: 268, 127: 792, 128: 554, 129: 428, 130: 666, 131: 142, 132: 380, 133: 44, 134: 282, 135: 86, 136: 324, 137: 30, 138: 268, 139: 142, 140: 380, 141: 428, 142: 666, 143: 16, 144: 254, 145: 792, 146: 554, 147: 666, 148: 428, 149: 86, 150: 324, 151: 86, 152: 324, 153: 792, 154: 554, 155: 282, 156: 44, 157: 44, 158: 282, 159: 380, 160: 142, 161: 666, 162: 428, 163: 86, 164: 324, 165: 380, 166: 142, 167: 142, 168: 380, 169: 428, 170: 666, 171: 554, 172: 792, 173: 324, 174: 86, 175: 456, 176: 694, 177: 254, 178: 16, 179: 380, 180: 142, 181: 142, 182: 380, 183: 30, 184: 268, 185: 86, 186: 324, 187: 142, 188: 380, 189: 324, 190: 86, 191: 30, 192: 268, 193: 86, 194: 324, 195: 254, 196: 16, 197: 456, 198: 694, 199: 86, 200: 324}
Number of lables used:  18
Time taken: 0.23 seconds
--------------------------------------------------

Trying with at most 17 labels...
Solution:
{1: 750, 2: 512, 3: 268, 4: 30, 5: 44, 6: 282, 7: 268, 8: 30, 9: 380, 10: 142, 11: 478, 12: 240, 13: 142, 14: 380, 15: 142, 16: 380, 17: 478, 18: 240, 19: 86, 20: 324, 21: 282, 22: 44, 23: 86, 24: 324, 25: 380, 26: 142, 27: 750, 28: 512, 29: 30, 30: 268, 31: 512, 32: 750, 33: 694, 34: 456, 35: 86, 36: 324, 37: 512, 38: 750, 39: 30, 40: 268, 41: 380, 42: 142, 43: 268, 44: 30, 45: 324, 46: 86, 47: 512, 48: 750, 49: 142, 50: 380, 51: 44, 52: 282, 53: 652, 54: 414, 55: 142, 56: 380, 57: 30, 58: 268, 59: 652, 60: 414, 61: 324, 62: 86, 63: 282, 64: 44, 65: 750, 66: 512, 67: 414, 68: 652, 69: 30, 70: 268, 71: 694, 72: 456, 73: 44, 74: 282, 75: 380, 76: 142, 77: 268, 78: 30, 79: 30, 80: 268, 81: 142, 82: 380, 83: 268, 84: 30, 85: 380, 86: 142, 87: 30, 88: 268, 89: 512, 90: 750, 91: 652, 92: 414, 93: 512, 94: 750, 95: 142, 96: 380, 97: 240, 98: 478, 99: 142, 100: 380, 101: 282, 102: 44, 103: 652, 104: 414, 105: 324, 106: 86, 107: 380, 108: 142, 109: 414, 110: 652, 111: 750, 112: 512, 113: 750, 114: 512, 115: 652, 116: 414, 117: 30, 118: 268, 119: 142, 120: 380, 121: 240, 122: 478, 123: 750, 124: 512, 125: 30, 126: 268, 127: 750, 128: 512, 129: 750, 130: 512, 131: 142, 132: 380, 133: 512, 134: 750, 135: 142, 136: 380, 137: 414, 138: 652, 139: 652, 140: 414, 141: 86, 142: 324, 143: 86, 144: 324, 145: 44, 146: 282, 147: 652, 148: 414, 149: 324, 150: 86, 151: 86, 152: 324, 153: 142, 154: 380, 155: 44, 156: 282, 157: 282, 158: 44, 159: 750, 160: 512, 161: 414, 162: 652, 163: 414, 164: 652, 165: 282, 166: 44, 167: 44, 168: 282, 169: 86, 170: 324, 171: 652, 172: 414, 173: 512, 174: 750, 175: 750, 176: 512, 177: 268, 178: 30, 179: 240, 180: 478, 181: 652, 182: 414, 183: 142, 184: 380, 185: 512, 186: 750, 187: 282, 188: 44, 189: 324, 190: 86, 191: 456, 192: 694, 193: 324, 194: 86, 195: 282, 196: 44, 197: 380, 198: 142, 199: 86, 200: 324}
Number of lables used:  16
Time taken: 0.24 seconds
--------------------------------------------------

Trying with at most 15 labels...
Solution:
{1: 86, 2: 324, 3: 324, 4: 86, 5: 72, 6: 310, 7: 324, 8: 86, 9: 142, 10: 380, 11: 478, 12: 240, 13: 380, 14: 142, 15: 142, 16: 380, 17: 240, 18: 478, 19: 380, 20: 142, 21: 512, 22: 750, 23: 324, 24: 86, 25: 512, 26: 750, 27: 750, 28: 512, 29: 310, 30: 72, 31: 680, 32: 442, 33: 442, 34: 680, 35: 142, 36: 380, 37: 680, 38: 442, 39: 72, 40: 310, 41: 72, 42: 310, 43: 72, 44: 310, 45: 680, 46: 442, 47: 324, 48: 86, 49: 86, 50: 324, 51: 750, 52: 512, 53: 680, 54: 442, 55: 72, 56: 310, 57: 380, 58: 142, 59: 442, 60: 680, 61: 310, 62: 72, 63: 512, 64: 750, 65: 792, 66: 554, 67: 554, 68: 792, 69: 142, 70: 380, 71: 86, 72: 324, 73: 86, 74: 324, 75: 86, 76: 324, 77: 72, 78: 310, 79: 86, 80: 324, 81: 142, 82: 380, 83: 380, 84: 142, 85: 324, 86: 86, 87: 142, 88: 380, 89: 750, 90: 512, 91: 142, 92: 380, 93: 512, 94: 750, 95: 380, 96: 142, 97: 142, 98: 380, 99: 142, 100: 380, 101: 554, 102: 792, 103: 792, 104: 554, 105: 680, 106: 442, 107: 310, 108: 72, 109: 512, 110: 750, 111: 750, 112: 512, 113: 72, 114: 310, 115: 442, 116: 680, 117: 142, 118: 380, 119: 442, 120: 680, 121: 240, 122: 478, 123: 680, 124: 442, 125: 442, 126: 680, 127: 512, 128: 750, 129: 750, 130: 512, 131: 380, 132: 142, 133: 512, 134: 750, 135: 680, 136: 442, 137: 554, 138: 792, 139: 142, 140: 380, 141: 512, 142: 750, 143: 72, 144: 310, 145: 86, 146: 324, 147: 310, 148: 72, 149: 680, 150: 442, 151: 554, 152: 792, 153: 324, 154: 86, 155: 310, 156: 72, 157: 86, 158: 324, 159: 554, 160: 792, 161: 792, 162: 554, 163: 512, 164: 750, 165: 324, 166: 86, 167: 792, 168: 554, 169: 380, 170: 142, 171: 680, 172: 442, 173: 512, 174: 750, 175: 750, 176: 512, 177: 792, 178: 554, 179: 240, 180: 478, 181: 680, 182: 442, 183: 442, 184: 680, 185: 512, 186: 750, 187: 72, 188: 310, 189: 86, 190: 324, 191: 442, 192: 680, 193: 554, 194: 792, 195: 680, 196: 442, 197: 72, 198: 310, 199: 380, 200: 142}
Number of lables used:  14
Time taken: 0.25 seconds
--------------------------------------------------

Trying with at most 13 labels...
Cannot find solution.
No more solutions found.
Optimal number of labels used:  14
[runlim] end:			Thu Jan 22 23:34:04 2026
[runlim] status:		ok
[runlim] result:		0
[runlim] children:		0
[runlim] real:			1.56 seconds
[runlim] time:			1.49 seconds
[runlim] space:			55.7 MB
[runlim] samples:		15
