[runlim] version:		1.10
[runlim] time limit:		311040000 seconds
[runlim] real time limit:	900 seconds
[runlim] space limit:		8000 MB
[runlim] argv[0]:		python3
[runlim] argv[1]:		-u
[runlim] argv[2]:		main.py
[runlim] argv[3]:		graph02
[runlim] argv[4]:		sc
[runlim] argv[5]:		assumptions
[runlim] argv[6]:		glucose4
[runlim] start:			Wed Jan 14 22:45:52 2026
[runlim] main pid:		22199
Solve first problem:
Solution:
{1: 666, 2: 428, 3: 100, 4: 338, 5: 268, 6: 30, 7: 324, 8: 86, 9: 652, 10: 414, 11: 394, 12: 156, 13: 694, 14: 456, 15: 310, 16: 72, 17: 282, 18: 44, 19: 296, 20: 58, 21: 142, 22: 380, 23: 366, 24: 128, 25: 268, 26: 30, 27: 324, 28: 86, 29: 156, 30: 394, 31: 114, 32: 352, 33: 380, 34: 142, 35: 666, 36: 428, 37: 86, 38: 324, 39: 380, 40: 142, 41: 324, 42: 86, 43: 254, 44: 16, 45: 680, 46: 442, 47: 338, 48: 100, 49: 310, 50: 72, 51: 44, 52: 282, 53: 380, 54: 142, 55: 296, 56: 58, 57: 666, 58: 428, 59: 310, 60: 72, 61: 128, 62: 366, 63: 310, 64: 72, 65: 30, 66: 268, 67: 652, 68: 414, 69: 254, 70: 16, 71: 380, 72: 142, 73: 16, 74: 254, 75: 254, 76: 16, 77: 394, 78: 156, 79: 282, 80: 44, 81: 310, 82: 72, 83: 156, 84: 394, 85: 694, 86: 456, 87: 86, 88: 324, 89: 156, 90: 394, 91: 268, 92: 30, 93: 324, 94: 86, 95: 666, 96: 428, 97: 128, 98: 366, 99: 310, 100: 72, 101: 324, 102: 86, 103: 380, 104: 142, 105: 16, 106: 254, 107: 352, 108: 114, 109: 282, 110: 44, 111: 296, 112: 58, 113: 30, 114: 268, 115: 338, 116: 100, 117: 114, 118: 352, 119: 380, 120: 142, 121: 338, 122: 100, 123: 324, 124: 86, 125: 268, 126: 30, 127: 338, 128: 100, 129: 380, 130: 142, 131: 324, 132: 86, 133: 680, 134: 442, 135: 380, 136: 142, 137: 324, 138: 86, 139: 282, 140: 44, 141: 352, 142: 114, 143: 680, 144: 442, 145: 282, 146: 44, 147: 352, 148: 114, 149: 58, 150: 296, 151: 338, 152: 100, 153: 254, 154: 16, 155: 380, 156: 142, 157: 652, 158: 414, 159: 310, 160: 72, 161: 708, 162: 470, 163: 380, 164: 142, 165: 352, 166: 114, 167: 310, 168: 72, 169: 324, 170: 86, 171: 338, 172: 100, 173: 296, 174: 58, 175: 680, 176: 442, 177: 156, 178: 394, 179: 380, 180: 142, 181: 268, 182: 30, 183: 694, 184: 456, 185: 282, 186: 44, 187: 652, 188: 414, 189: 380, 190: 142, 191: 680, 192: 442, 193: 128, 194: 366, 195: 324, 196: 86, 197: 296, 198: 58, 199: 310, 200: 72, 201: 156, 202: 394, 203: 268, 204: 30, 205: 324, 206: 86, 207: 338, 208: 100, 209: 310, 210: 72, 211: 268, 212: 30, 213: 478, 214: 240, 215: 366, 216: 128, 217: 254, 218: 16, 219: 268, 220: 30, 221: 352, 222: 114, 223: 324, 224: 86, 225: 254, 226: 16, 227: 408, 228: 170, 229: 310, 230: 72, 231: 16, 232: 254, 233: 366, 234: 128, 235: 282, 236: 44, 237: 268, 238: 30, 239: 338, 240: 100, 241: 296, 242: 58, 243: 338, 244: 100, 245: 666, 246: 428, 247: 380, 248: 142, 249: 324, 250: 86, 251: 16, 252: 254, 253: 58, 254: 296, 255: 380, 256: 142, 257: 310, 258: 72, 259: 380, 260: 142, 261: 254, 262: 16, 263: 380, 264: 142, 265: 380, 266: 142, 267: 44, 268: 282, 269: 282, 270: 44, 271: 268, 272: 30, 273: 296, 274: 58, 275: 254, 276: 16, 277: 310, 278: 72, 279: 666, 280: 428, 281: 366, 282: 128, 283: 268, 284: 30, 285: 380, 286: 142, 287: 254, 288: 16, 289: 324, 290: 86, 291: 380, 292: 142, 293: 380, 294: 142, 295: 338, 296: 100, 297: 380, 298: 142, 299: 408, 300: 170, 301: 282, 302: 44, 303: 652, 304: 414, 305: 268, 306: 30, 307: 296, 308: 58, 309: 380, 310: 142, 311: 380, 312: 142, 313: 380, 314: 142, 315: 296, 316: 58, 317: 408, 318: 170, 319: 310, 320: 72, 321: 380, 322: 142, 323: 338, 324: 100, 325: 310, 326: 72, 327: 282, 328: 44, 329: 268, 330: 30, 331: 268, 332: 30, 333: 268, 334: 30, 335: 254, 336: 16, 337: 282, 338: 44, 339: 380, 340: 142, 341: 296, 342: 58, 343: 254, 344: 16, 345: 310, 346: 72, 347: 310, 348: 72, 349: 380, 350: 142, 351: 380, 352: 142, 353: 254, 354: 16, 355: 268, 356: 30, 357: 324, 358: 86, 359: 338, 360: 100, 361: 338, 362: 100, 363: 268, 364: 30, 365: 268, 366: 30, 367: 254, 368: 16, 369: 282, 370: 44, 371: 254, 372: 16, 373: 324, 374: 86, 375: 254, 376: 16, 377: 254, 378: 16, 379: 282, 380: 44, 381: 268, 382: 30, 383: 254, 384: 16, 385: 268, 386: 30, 387: 268, 388: 30, 389: 254, 390: 16, 391: 254, 392: 16, 393: 254, 394: 16, 395: 268, 396: 30, 397: 324, 398: 86, 399: 268, 400: 30}
Correct solution!
Number of lables used:  36
Time taken: 0.33 seconds
Memory used: 39.02 MB
--------------------------------------------------

Trying with at most 35 labels...
Solution:
{1: 282, 2: 44, 3: 16, 4: 254, 5: 156, 6: 394, 7: 338, 8: 100, 9: 86, 10: 324, 11: 394, 12: 156, 13: 254, 14: 16, 15: 44, 16: 282, 17: 366, 18: 128, 19: 254, 20: 16, 21: 282, 22: 44, 23: 156, 24: 394, 25: 310, 26: 72, 27: 394, 28: 156, 29: 394, 30: 156, 31: 156, 32: 394, 33: 394, 34: 156, 35: 44, 36: 282, 37: 366, 38: 128, 39: 394, 40: 156, 41: 254, 42: 16, 43: 86, 44: 324, 45: 44, 46: 282, 47: 16, 48: 254, 49: 394, 50: 156, 51: 282, 52: 44, 53: 408, 54: 170, 55: 254, 56: 16, 57: 338, 58: 100, 59: 310, 60: 72, 61: 44, 62: 282, 63: 86, 64: 324, 65: 72, 66: 310, 67: 100, 68: 338, 69: 72, 70: 310, 71: 170, 72: 408, 73: 16, 74: 254, 75: 254, 76: 16, 77: 100, 78: 338, 79: 366, 80: 128, 81: 44, 82: 282, 83: 156, 84: 394, 85: 394, 86: 156, 87: 394, 88: 156, 89: 100, 90: 338, 91: 86, 92: 324, 93: 324, 94: 86, 95: 128, 96: 366, 97: 100, 98: 338, 99: 310, 100: 72, 101: 72, 102: 310, 103: 394, 104: 156, 105: 86, 106: 324, 107: 44, 108: 282, 109: 16, 110: 254, 111: 86, 112: 324, 113: 72, 114: 310, 115: 338, 116: 100, 117: 16, 118: 254, 119: 478, 120: 240, 121: 324, 122: 86, 123: 282, 124: 44, 125: 282, 126: 44, 127: 44, 128: 282, 129: 408, 130: 170, 131: 254, 132: 16, 133: 254, 134: 16, 135: 408, 136: 170, 137: 394, 138: 156, 139: 282, 140: 44, 141: 156, 142: 394, 143: 310, 144: 72, 145: 366, 146: 128, 147: 324, 148: 86, 149: 72, 150: 310, 151: 44, 152: 282, 153: 282, 154: 44, 155: 408, 156: 170, 157: 254, 158: 16, 159: 16, 160: 254, 161: 128, 162: 366, 163: 478, 164: 240, 165: 254, 166: 16, 167: 72, 168: 310, 169: 394, 170: 156, 171: 44, 172: 282, 173: 282, 174: 44, 175: 338, 176: 100, 177: 282, 178: 44, 179: 478, 180: 240, 181: 338, 182: 100, 183: 394, 184: 156, 185: 310, 186: 72, 187: 310, 188: 72, 189: 478, 190: 240, 191: 72, 192: 310, 193: 128, 194: 366, 195: 338, 196: 100, 197: 254, 198: 16, 199: 254, 200: 16, 201: 16, 202: 254, 203: 72, 204: 310, 205: 156, 206: 394, 207: 156, 208: 394, 209: 394, 210: 156, 211: 282, 212: 44, 213: 478, 214: 240, 215: 282, 216: 44, 217: 338, 218: 100, 219: 282, 220: 44, 221: 44, 222: 282, 223: 86, 224: 324, 225: 282, 226: 44, 227: 408, 228: 170, 229: 156, 230: 394, 231: 16, 232: 254, 233: 366, 234: 128, 235: 338, 236: 100, 237: 338, 238: 100, 239: 100, 240: 338, 241: 324, 242: 86, 243: 366, 244: 128, 245: 366, 246: 128, 247: 408, 248: 170, 249: 128, 250: 366, 251: 100, 252: 338, 253: 254, 254: 16, 255: 240, 256: 478, 257: 366, 258: 128, 259: 408, 260: 170, 261: 282, 262: 44, 263: 408, 264: 170, 265: 240, 266: 478, 267: 72, 268: 310, 269: 310, 270: 72, 271: 100, 272: 338, 273: 338, 274: 100, 275: 254, 276: 16, 277: 310, 278: 72, 279: 86, 280: 324, 281: 128, 282: 366, 283: 338, 284: 100, 285: 240, 286: 478, 287: 282, 288: 44, 289: 100, 290: 338, 291: 408, 292: 170, 293: 408, 294: 170, 295: 128, 296: 366, 297: 478, 298: 240, 299: 408, 300: 170, 301: 44, 302: 282, 303: 394, 304: 156, 305: 324, 306: 86, 307: 310, 308: 72, 309: 240, 310: 478, 311: 240, 312: 478, 313: 408, 314: 170, 315: 86, 316: 324, 317: 240, 318: 478, 319: 72, 320: 310, 321: 156, 322: 394, 323: 156, 324: 394, 325: 128, 326: 366, 327: 310, 328: 72, 329: 72, 330: 310, 331: 44, 332: 282, 333: 324, 334: 86, 335: 282, 336: 44, 337: 282, 338: 44, 339: 408, 340: 170, 341: 366, 342: 128, 343: 366, 344: 128, 345: 338, 346: 100, 347: 72, 348: 310, 349: 478, 350: 240, 351: 240, 352: 478, 353: 156, 354: 394, 355: 128, 356: 366, 357: 394, 358: 156, 359: 44, 360: 282, 361: 282, 362: 44, 363: 338, 364: 100, 365: 366, 366: 128, 367: 156, 368: 394, 369: 44, 370: 282, 371: 156, 372: 394, 373: 156, 374: 394, 375: 128, 376: 366, 377: 324, 378: 86, 379: 156, 380: 394, 381: 86, 382: 324, 383: 44, 384: 282, 385: 282, 386: 44, 387: 128, 388: 366, 389: 86, 390: 324, 391: 324, 392: 86, 393: 44, 394: 282, 395: 324, 396: 86, 397: 254, 398: 16, 399: 128, 400: 366}
Correct solution!
Number of lables used:  18
Time taken: 0.37 seconds
Memory used: 40.27 MB
--------------------------------------------------

Trying with at most 17 labels...
Solution:
{1: 282, 2: 44, 3: 254, 4: 16, 5: 156, 6: 394, 7: 338, 8: 100, 9: 86, 10: 324, 11: 394, 12: 156, 13: 254, 14: 16, 15: 44, 16: 282, 17: 366, 18: 128, 19: 254, 20: 16, 21: 282, 22: 44, 23: 44, 24: 282, 25: 324, 26: 86, 27: 394, 28: 156, 29: 394, 30: 156, 31: 156, 32: 394, 33: 394, 34: 156, 35: 44, 36: 282, 37: 366, 38: 128, 39: 394, 40: 156, 41: 394, 42: 156, 43: 86, 44: 324, 45: 44, 46: 282, 47: 16, 48: 254, 49: 394, 50: 156, 51: 282, 52: 44, 53: 478, 54: 240, 55: 254, 56: 16, 57: 338, 58: 100, 59: 310, 60: 72, 61: 44, 62: 282, 63: 86, 64: 324, 65: 72, 66: 310, 67: 100, 68: 338, 69: 72, 70: 310, 71: 240, 72: 478, 73: 44, 74: 282, 75: 254, 76: 16, 77: 100, 78: 338, 79: 366, 80: 128, 81: 16, 82: 254, 83: 156, 84: 394, 85: 394, 86: 156, 87: 394, 88: 156, 89: 100, 90: 338, 91: 86, 92: 324, 93: 324, 94: 86, 95: 128, 96: 366, 97: 100, 98: 338, 99: 310, 100: 72, 101: 72, 102: 310, 103: 394, 104: 156, 105: 86, 106: 324, 107: 44, 108: 282, 109: 44, 110: 282, 111: 86, 112: 324, 113: 72, 114: 310, 115: 338, 116: 100, 117: 16, 118: 254, 119: 478, 120: 240, 121: 324, 122: 86, 123: 282, 124: 44, 125: 282, 126: 44, 127: 44, 128: 282, 129: 478, 130: 240, 131: 254, 132: 16, 133: 254, 134: 16, 135: 478, 136: 240, 137: 394, 138: 156, 139: 282, 140: 44, 141: 156, 142: 394, 143: 310, 144: 72, 145: 366, 146: 128, 147: 324, 148: 86, 149: 72, 150: 310, 151: 44, 152: 282, 153: 310, 154: 72, 155: 478, 156: 240, 157: 16, 158: 254, 159: 16, 160: 254, 161: 128, 162: 366, 163: 478, 164: 240, 165: 254, 166: 16, 167: 72, 168: 310, 169: 394, 170: 156, 171: 156, 172: 394, 173: 282, 174: 44, 175: 338, 176: 100, 177: 282, 178: 44, 179: 478, 180: 240, 181: 338, 182: 100, 183: 394, 184: 156, 185: 310, 186: 72, 187: 310, 188: 72, 189: 478, 190: 240, 191: 72, 192: 310, 193: 128, 194: 366, 195: 338, 196: 100, 197: 254, 198: 16, 199: 310, 200: 72, 201: 16, 202: 254, 203: 72, 204: 310, 205: 156, 206: 394, 207: 156, 208: 394, 209: 394, 210: 156, 211: 282, 212: 44, 213: 478, 214: 240, 215: 282, 216: 44, 217: 338, 218: 100, 219: 282, 220: 44, 221: 44, 222: 282, 223: 86, 224: 324, 225: 282, 226: 44, 227: 478, 228: 240, 229: 156, 230: 394, 231: 16, 232: 254, 233: 366, 234: 128, 235: 338, 236: 100, 237: 338, 238: 100, 239: 100, 240: 338, 241: 324, 242: 86, 243: 366, 244: 128, 245: 366, 246: 128, 247: 478, 248: 240, 249: 128, 250: 366, 251: 100, 252: 338, 253: 254, 254: 16, 255: 240, 256: 478, 257: 366, 258: 128, 259: 240, 260: 478, 261: 282, 262: 44, 263: 478, 264: 240, 265: 240, 266: 478, 267: 72, 268: 310, 269: 310, 270: 72, 271: 100, 272: 338, 273: 338, 274: 100, 275: 254, 276: 16, 277: 310, 278: 72, 279: 86, 280: 324, 281: 128, 282: 366, 283: 338, 284: 100, 285: 240, 286: 478, 287: 282, 288: 44, 289: 100, 290: 338, 291: 478, 292: 240, 293: 478, 294: 240, 295: 128, 296: 366, 297: 478, 298: 240, 299: 240, 300: 478, 301: 44, 302: 282, 303: 394, 304: 156, 305: 324, 306: 86, 307: 310, 308: 72, 309: 240, 310: 478, 311: 240, 312: 478, 313: 478, 314: 240, 315: 86, 316: 324, 317: 240, 318: 478, 319: 72, 320: 310, 321: 156, 322: 394, 323: 156, 324: 394, 325: 128, 326: 366, 327: 310, 328: 72, 329: 72, 330: 310, 331: 44, 332: 282, 333: 324, 334: 86, 335: 282, 336: 44, 337: 282, 338: 44, 339: 478, 340: 240, 341: 394, 342: 156, 343: 366, 344: 128, 345: 338, 346: 100, 347: 72, 348: 310, 349: 478, 350: 240, 351: 240, 352: 478, 353: 156, 354: 394, 355: 128, 356: 366, 357: 394, 358: 156, 359: 44, 360: 282, 361: 282, 362: 44, 363: 338, 364: 100, 365: 366, 366: 128, 367: 156, 368: 394, 369: 44, 370: 282, 371: 156, 372: 394, 373: 156, 374: 394, 375: 128, 376: 366, 377: 324, 378: 86, 379: 156, 380: 394, 381: 86, 382: 324, 383: 44, 384: 282, 385: 282, 386: 44, 387: 128, 388: 366, 389: 86, 390: 324, 391: 338, 392: 100, 393: 72, 394: 310, 395: 324, 396: 86, 397: 254, 398: 16, 399: 128, 400: 366}
Correct solution!
Number of lables used:  16
Time taken: 0.37 seconds
Memory used: 40.27 MB
--------------------------------------------------

Trying with at most 15 labels...
Solution:
{1: 282, 2: 44, 3: 254, 4: 16, 5: 128, 6: 366, 7: 366, 8: 128, 9: 254, 10: 16, 11: 254, 12: 16, 13: 282, 14: 44, 15: 16, 16: 254, 17: 366, 18: 128, 19: 254, 20: 16, 21: 282, 22: 44, 23: 44, 24: 282, 25: 324, 26: 86, 27: 394, 28: 156, 29: 44, 30: 282, 31: 310, 32: 72, 33: 324, 34: 86, 35: 44, 36: 282, 37: 366, 38: 128, 39: 394, 40: 156, 41: 394, 42: 156, 43: 86, 44: 324, 45: 44, 46: 282, 47: 128, 48: 366, 49: 366, 50: 128, 51: 282, 52: 44, 53: 478, 54: 240, 55: 254, 56: 16, 57: 324, 58: 86, 59: 44, 60: 282, 61: 324, 62: 86, 63: 86, 64: 324, 65: 72, 66: 310, 67: 156, 68: 394, 69: 366, 70: 128, 71: 478, 72: 240, 73: 16, 74: 254, 75: 254, 76: 16, 77: 72, 78: 310, 79: 366, 80: 128, 81: 44, 82: 282, 83: 86, 84: 324, 85: 366, 86: 128, 87: 394, 88: 156, 89: 282, 90: 44, 91: 86, 92: 324, 93: 366, 94: 128, 95: 72, 96: 310, 97: 72, 98: 310, 99: 310, 100: 72, 101: 72, 102: 310, 103: 366, 104: 128, 105: 86, 106: 324, 107: 44, 108: 282, 109: 44, 110: 282, 111: 86, 112: 324, 113: 72, 114: 310, 115: 394, 116: 156, 117: 366, 118: 128, 119: 478, 120: 240, 121: 324, 122: 86, 123: 156, 124: 394, 125: 282, 126: 44, 127: 324, 128: 86, 129: 478, 130: 240, 131: 254, 132: 16, 133: 72, 134: 310, 135: 478, 136: 240, 137: 394, 138: 156, 139: 282, 140: 44, 141: 156, 142: 394, 143: 310, 144: 72, 145: 394, 146: 156, 147: 324, 148: 86, 149: 72, 150: 310, 151: 394, 152: 156, 153: 310, 154: 72, 155: 478, 156: 240, 157: 16, 158: 254, 159: 16, 160: 254, 161: 86, 162: 324, 163: 478, 164: 240, 165: 254, 166: 16, 167: 72, 168: 310, 169: 394, 170: 156, 171: 156, 172: 394, 173: 282, 174: 44, 175: 282, 176: 44, 177: 282, 178: 44, 179: 478, 180: 240, 181: 324, 182: 86, 183: 394, 184: 156, 185: 310, 186: 72, 187: 86, 188: 324, 189: 478, 190: 240, 191: 366, 192: 128, 193: 366, 194: 128, 195: 128, 196: 366, 197: 254, 198: 16, 199: 254, 200: 16, 201: 16, 202: 254, 203: 72, 204: 310, 205: 156, 206: 394, 207: 156, 208: 394, 209: 394, 210: 156, 211: 282, 212: 44, 213: 478, 214: 240, 215: 254, 216: 16, 217: 16, 218: 254, 219: 282, 220: 44, 221: 44, 222: 282, 223: 394, 224: 156, 225: 282, 226: 44, 227: 478, 228: 240, 229: 156, 230: 394, 231: 16, 232: 254, 233: 366, 234: 128, 235: 128, 236: 366, 237: 282, 238: 44, 239: 86, 240: 324, 241: 324, 242: 86, 243: 44, 244: 282, 245: 366, 246: 128, 247: 478, 248: 240, 249: 128, 250: 366, 251: 254, 252: 16, 253: 394, 254: 156, 255: 240, 256: 478, 257: 366, 258: 128, 259: 240, 260: 478, 261: 254, 262: 16, 263: 240, 264: 478, 265: 240, 266: 478, 267: 72, 268: 310, 269: 310, 270: 72, 271: 72, 272: 310, 273: 72, 274: 310, 275: 324, 276: 86, 277: 86, 278: 324, 279: 44, 280: 282, 281: 128, 282: 366, 283: 310, 284: 72, 285: 478, 286: 240, 287: 282, 288: 44, 289: 156, 290: 394, 291: 478, 292: 240, 293: 240, 294: 478, 295: 128, 296: 366, 297: 478, 298: 240, 299: 240, 300: 478, 301: 324, 302: 86, 303: 254, 304: 16, 305: 324, 306: 86, 307: 156, 308: 394, 309: 478, 310: 240, 311: 240, 312: 478, 313: 478, 314: 240, 315: 86, 316: 324, 317: 240, 318: 478, 319: 282, 320: 44, 321: 254, 322: 16, 323: 156, 324: 394, 325: 128, 326: 366, 327: 86, 328: 324, 329: 72, 330: 310, 331: 310, 332: 72, 333: 324, 334: 86, 335: 282, 336: 44, 337: 282, 338: 44, 339: 478, 340: 240, 341: 310, 342: 72, 343: 394, 344: 156, 345: 324, 346: 86, 347: 366, 348: 128, 349: 478, 350: 240, 351: 240, 352: 478, 353: 72, 354: 310, 355: 310, 356: 72, 357: 254, 358: 16, 359: 324, 360: 86, 361: 282, 362: 44, 363: 366, 364: 128, 365: 44, 366: 282, 367: 156, 368: 394, 369: 156, 370: 394, 371: 16, 372: 254, 373: 156, 374: 394, 375: 128, 376: 366, 377: 16, 378: 254, 379: 44, 380: 282, 381: 86, 382: 324, 383: 44, 384: 282, 385: 394, 386: 156, 387: 324, 388: 86, 389: 254, 390: 16, 391: 394, 392: 156, 393: 44, 394: 282, 395: 324, 396: 86, 397: 128, 398: 366, 399: 310, 400: 72}
Correct solution!
Number of lables used:  14
Time taken: 0.39 seconds
Memory used: 40.52 MB
--------------------------------------------------

Trying with at most 13 labels...
[runlim] sample:		10.0 time, 10.4 real, 59.6 MB
[runlim] sample:		20.0 time, 20.4 real, 62.6 MB
[runlim] sample:		30.0 time, 30.4 real, 73.7 MB
Cannot find solution.
No more solutions found.
Optimal number of labels used:  14
Time taken: 34.10 seconds
[runlim] end:			Wed Jan 14 22:46:26 2026
[runlim] status:		ok
[runlim] result:		0
[runlim] children:		0
[runlim] real:			34.57 seconds
[runlim] time:			34.09 seconds
[runlim] space:			73.7 MB
[runlim] samples:		341
