[runlim] version:		1.10
[runlim] time limit:		311040000 seconds
[runlim] real time limit:	900 seconds
[runlim] space limit:		8000 MB
[runlim] argv[0]:		python3
[runlim] argv[1]:		-u
[runlim] argv[2]:		main.py
[runlim] argv[3]:		scen05
[runlim] argv[4]:		sc
[runlim] argv[5]:		assumptions
[runlim] argv[6]:		glucose4
[runlim] start:			Wed Jan 14 21:38:40 2026
[runlim] main pid:		29715
Traceback (most recent call last):
  File "/home/satsolver/Minimum-Order-Frequency-Assignment-Problem/SAT/sequence/main.py", line 557, in <module>
    main()
  File "/home/satsolver/Minimum-Order-Frequency-Assignment-Problem/SAT/sequence/main.py", line 500, in main
    domain = read_domain(files["domain"])
             ^^^^^^^^^^^^^^^^^^^^^^^^^^^^
  File "/home/satsolver/Minimum-Order-Frequency-Assignment-Problem/SAT/sequence/main.py", line 27, in read_domain
    with open(file) as f:
         ^^^^^^^^^^
FileNotFoundError: [Errno 2] No such file or directory: 'dataset/scen05/DOM.TXT'
[runlim] end:			Wed Jan 14 21:38:40 2026
[runlim] status:		ok
[runlim] result:		0
[runlim] children:		0
[runlim] real:			0.82 seconds
[runlim] time:			0.09 seconds
[runlim] space:			33.9 MB
[runlim] samples:		1
