[runlim] version:		1.10
[runlim] time limit:		311040000 seconds
[runlim] real time limit:	900 seconds
[runlim] space limit:		8000 MB
[runlim] argv[0]:		python3
[runlim] argv[1]:		-u
[runlim] argv[2]:		main.py
[runlim] argv[3]:		scen03
[runlim] argv[4]:		sc
[runlim] argv[5]:		assumptions
[runlim] argv[6]:		glucose4
[runlim] start:			Wed Jan 14 22:36:52 2026
[runlim] main pid:		18798
Solve first problem:
Solution:
{13: 254, 14: 16, 15: 254, 16: 16, 23: 142, 24: 380, 49: 310, 50: 72, 51: 16, 52: 254, 53: 338, 54: 100, 67: 156, 68: 394, 69: 254, 70: 16, 79: 254, 80: 16, 81: 268, 82: 30, 83: 680, 84: 442, 85: 352, 86: 114, 103: 268, 104: 30, 105: 254, 106: 16, 117: 750, 118: 512, 119: 708, 120: 470, 127: 142, 128: 380, 129: 310, 130: 72, 143: 666, 144: 428, 145: 254, 146: 16, 151: 764, 152: 526, 153: 694, 154: 456, 155: 652, 156: 414, 157: 30, 158: 268, 179: 156, 180: 394, 181: 380, 182: 142, 183: 736, 184: 498, 191: 366, 192: 128, 193: 296, 194: 58, 205: 254, 206: 16, 209: 142, 210: 380, 211: 58, 212: 296, 213: 254, 214: 16, 215: 296, 216: 58, 217: 296, 218: 58, 233: 750, 234: 512, 235: 338, 236: 100, 237: 380, 238: 142, 261: 254, 262: 16, 263: 352, 264: 114, 265: 324, 266: 86, 267: 254, 268: 16, 269: 254, 270: 16, 271: 254, 272: 16, 273: 324, 274: 86, 275: 324, 276: 86, 277: 268, 278: 30, 281: 366, 282: 128, 283: 296, 284: 58, 285: 366, 286: 128, 287: 254, 288: 16, 289: 254, 290: 16, 291: 324, 292: 86, 293: 380, 294: 142, 295: 324, 296: 86, 299: 366, 300: 128, 301: 282, 302: 44, 303: 680, 304: 442, 305: 352, 306: 114, 307: 30, 308: 268, 309: 338, 310: 100, 311: 254, 312: 16, 313: 254, 314: 16, 321: 254, 322: 16, 323: 254, 324: 16, 325: 666, 326: 428, 327: 338, 328: 100, 329: 254, 330: 16, 339: 352, 340: 114, 341: 44, 342: 282, 343: 44, 344: 282, 345: 394, 346: 156, 347: 324, 348: 86, 349: 680, 350: 442, 351: 30, 352: 268, 355: 44, 356: 282, 357: 268, 358: 30, 359: 666, 360: 428, 361: 338, 362: 100, 363: 268, 364: 30, 365: 380, 366: 142, 367: 310, 368: 72, 369: 128, 370: 366, 371: 254, 372: 16, 375: 282, 376: 44, 377: 666, 378: 428, 383: 338, 384: 100, 387: 366, 388: 128, 397: 394, 398: 156, 401: 114, 402: 352, 405: 114, 406: 352, 435: 366, 436: 128, 439: 310, 440: 72, 449: 100, 450: 338, 471: 254, 472: 16, 475: 338, 476: 100, 477: 268, 478: 30, 481: 352, 482: 114, 491: 310, 492: 72, 493: 268, 494: 30, 495: 254, 496: 16, 517: 268, 518: 30, 519: 338, 520: 100, 525: 282, 526: 44, 533: 282, 534: 44, 535: 254, 536: 16, 547: 324, 548: 86, 555: 128, 556: 366, 557: 666, 558: 428, 559: 58, 560: 296, 561: 380, 562: 142, 563: 666, 564: 428, 565: 114, 566: 352, 573: 268, 574: 30, 575: 114, 576: 352, 577: 366, 578: 128, 579: 352, 580: 114, 581: 352, 582: 114, 583: 666, 584: 428, 585: 338, 586: 100, 587: 254, 588: 16, 589: 366, 590: 128, 591: 352, 592: 114, 593: 100, 594: 338, 595: 296, 596: 58, 597: 268, 598: 30, 599: 142, 600: 380, 601: 282, 602: 44, 603: 268, 604: 30, 605: 268, 606: 30, 607: 352, 608: 114, 613: 100, 614: 338, 615: 282, 616: 44, 617: 268, 618: 30, 619: 352, 620: 114, 621: 338, 622: 100, 623: 338, 624: 100, 625: 268, 626: 30, 629: 282, 630: 44, 631: 268, 632: 30, 633: 282, 634: 44, 635: 268, 636: 30, 637: 254, 638: 16, 639: 268, 640: 30, 641: 380, 642: 142, 643: 338, 644: 100, 645: 296, 646: 58, 651: 352, 652: 114, 653: 254, 654: 16, 661: 254, 662: 16, 663: 394, 664: 156, 665: 366, 666: 128, 667: 268, 668: 30, 671: 254, 672: 16, 713: 268, 714: 30, 715: 254, 716: 16, 717: 394, 718: 156, 719: 324, 720: 86, 721: 254, 722: 16, 723: 254, 724: 16, 725: 254, 726: 16, 727: 254, 728: 16, 733: 268, 734: 30, 741: 268, 742: 30, 743: 44, 744: 282, 745: 268, 746: 30, 747: 324, 748: 86, 757: 338, 758: 100, 759: 268, 760: 30, 763: 268, 764: 30, 765: 254, 766: 16, 767: 296, 768: 58, 769: 268, 770: 30, 771: 338, 772: 100, 773: 254, 774: 16, 783: 268, 784: 30, 785: 254, 786: 16, 787: 268, 788: 30, 789: 338, 790: 100, 791: 268, 792: 30, 793: 338, 794: 100, 795: 268, 796: 30, 797: 352, 798: 114, 799: 282, 800: 44, 801: 268, 802: 30, 815: 338, 816: 100, 817: 268, 818: 30, 825: 282, 826: 44, 827: 324, 828: 86, 829: 254, 830: 16, 835: 44, 836: 282, 837: 268, 838: 30, 867: 352, 868: 114, 875: 310, 876: 72, 877: 282, 878: 44, 879: 324, 880: 86, 881: 268, 882: 30, 893: 268, 894: 30, 903: 254, 904: 16, 911: 254, 912: 16}
Correct solution!
Number of lables used:  38
Time taken: 0.45 seconds
Memory used: 43.03 MB
--------------------------------------------------

Trying with at most 37 labels...
Solution:
{13: 254, 14: 16, 15: 254, 16: 16, 23: 324, 24: 86, 49: 16, 50: 254, 51: 414, 52: 652, 53: 86, 54: 324, 67: 324, 68: 86, 69: 394, 70: 156, 79: 254, 80: 16, 81: 324, 82: 86, 83: 512, 84: 750, 85: 394, 86: 156, 103: 394, 104: 156, 105: 324, 106: 86, 117: 414, 118: 652, 119: 254, 120: 16, 127: 156, 128: 394, 129: 778, 130: 540, 143: 652, 144: 414, 145: 254, 146: 16, 151: 498, 152: 736, 153: 652, 154: 414, 155: 156, 156: 394, 157: 526, 158: 764, 179: 156, 180: 394, 181: 254, 182: 16, 183: 792, 184: 554, 191: 156, 192: 394, 193: 498, 194: 736, 205: 554, 206: 792, 209: 86, 210: 324, 211: 16, 212: 254, 213: 498, 214: 736, 215: 16, 216: 254, 217: 778, 218: 540, 233: 736, 234: 498, 235: 750, 236: 512, 237: 540, 238: 778, 261: 16, 262: 254, 263: 394, 264: 156, 265: 750, 266: 512, 267: 254, 268: 16, 269: 254, 270: 16, 271: 254, 272: 16, 273: 394, 274: 156, 275: 394, 276: 156, 277: 750, 278: 512, 281: 156, 282: 394, 283: 764, 284: 526, 285: 652, 286: 414, 287: 254, 288: 16, 289: 16, 290: 254, 291: 394, 292: 156, 293: 408, 294: 170, 295: 394, 296: 156, 299: 540, 300: 778, 301: 652, 302: 414, 303: 512, 304: 750, 305: 16, 306: 254, 307: 16, 308: 254, 309: 156, 310: 394, 311: 750, 312: 512, 313: 736, 314: 498, 321: 254, 322: 16, 323: 254, 324: 16, 325: 414, 326: 652, 327: 792, 328: 554, 329: 652, 330: 414, 339: 16, 340: 254, 341: 498, 342: 736, 343: 498, 344: 736, 345: 750, 346: 512, 347: 414, 348: 652, 349: 526, 350: 764, 351: 736, 352: 498, 355: 540, 356: 778, 357: 86, 358: 324, 359: 750, 360: 512, 361: 736, 362: 498, 363: 324, 364: 86, 365: 526, 366: 764, 367: 736, 368: 498, 369: 512, 370: 750, 371: 254, 372: 16, 375: 526, 376: 764, 377: 526, 378: 764, 383: 512, 384: 750, 387: 498, 388: 736, 397: 414, 398: 652, 401: 86, 402: 324, 405: 498, 406: 736, 435: 526, 436: 764, 439: 736, 440: 498, 449: 540, 450: 778, 471: 254, 472: 16, 475: 498, 476: 736, 477: 86, 478: 324, 481: 512, 482: 750, 491: 778, 492: 540, 493: 736, 494: 498, 495: 324, 496: 86, 517: 736, 518: 498, 519: 86, 520: 324, 525: 736, 526: 498, 533: 652, 534: 414, 535: 324, 536: 86, 547: 254, 548: 16, 555: 86, 556: 324, 557: 750, 558: 512, 559: 324, 560: 86, 561: 498, 562: 736, 563: 736, 564: 498, 565: 778, 566: 540, 573: 86, 574: 324, 575: 764, 576: 526, 577: 652, 578: 414, 579: 394, 580: 156, 581: 394, 582: 156, 583: 540, 584: 778, 585: 324, 586: 86, 587: 414, 588: 652, 589: 778, 590: 540, 591: 512, 592: 750, 593: 86, 594: 324, 595: 498, 596: 736, 597: 764, 598: 526, 599: 324, 600: 86, 601: 512, 602: 750, 603: 736, 604: 498, 605: 86, 606: 324, 607: 526, 608: 764, 613: 778, 614: 540, 615: 498, 616: 736, 617: 324, 618: 86, 619: 324, 620: 86, 621: 540, 622: 778, 623: 750, 624: 512, 625: 736, 626: 498, 629: 324, 630: 86, 631: 736, 632: 498, 633: 324, 634: 86, 635: 498, 636: 736, 637: 254, 638: 16, 639: 324, 640: 86, 641: 324, 642: 86, 643: 540, 644: 778, 645: 394, 646: 156, 651: 16, 652: 254, 653: 86, 654: 324, 661: 324, 662: 86, 663: 394, 664: 156, 665: 394, 666: 156, 667: 394, 668: 156, 671: 324, 672: 86, 713: 750, 714: 512, 715: 254, 716: 16, 717: 736, 718: 498, 719: 394, 720: 156, 721: 324, 722: 86, 723: 324, 724: 86, 725: 324, 726: 86, 727: 324, 728: 86, 733: 324, 734: 86, 741: 394, 742: 156, 743: 750, 744: 512, 745: 736, 746: 498, 747: 498, 748: 736, 757: 736, 758: 498, 759: 86, 760: 324, 763: 324, 764: 86, 765: 324, 766: 86, 767: 652, 768: 414, 769: 540, 770: 778, 771: 394, 772: 156, 773: 324, 774: 86, 783: 324, 784: 86, 785: 736, 786: 498, 787: 736, 788: 498, 789: 86, 790: 324, 791: 736, 792: 498, 793: 86, 794: 324, 795: 736, 796: 498, 797: 86, 798: 324, 799: 736, 800: 498, 801: 324, 802: 86, 815: 736, 816: 498, 817: 324, 818: 86, 825: 778, 826: 540, 827: 254, 828: 16, 829: 324, 830: 86, 835: 736, 836: 498, 837: 324, 838: 86, 867: 778, 868: 540, 875: 540, 876: 778, 877: 324, 878: 86, 879: 526, 880: 764, 881: 498, 882: 736, 893: 86, 894: 324, 903: 156, 904: 394, 911: 86, 912: 324}
Correct solution!
Number of lables used:  20
Time taken: 0.48 seconds
Memory used: 44.40 MB
--------------------------------------------------

Trying with at most 19 labels...
Solution:
{13: 764, 14: 526, 15: 736, 16: 498, 23: 324, 24: 86, 49: 86, 50: 324, 51: 414, 52: 652, 53: 380, 54: 142, 67: 554, 68: 792, 69: 394, 70: 156, 79: 394, 80: 156, 81: 380, 82: 142, 83: 512, 84: 750, 85: 394, 86: 156, 103: 394, 104: 156, 105: 380, 106: 142, 117: 414, 118: 652, 119: 394, 120: 156, 127: 512, 128: 750, 129: 86, 130: 324, 143: 652, 144: 414, 145: 86, 146: 324, 151: 512, 152: 750, 153: 652, 154: 414, 155: 156, 156: 394, 157: 526, 158: 764, 179: 380, 180: 142, 181: 142, 182: 380, 183: 792, 184: 554, 191: 156, 192: 394, 193: 498, 194: 736, 205: 554, 206: 792, 209: 736, 210: 498, 211: 86, 212: 324, 213: 156, 214: 394, 215: 380, 216: 142, 217: 778, 218: 540, 233: 736, 234: 498, 235: 750, 236: 512, 237: 540, 238: 778, 261: 86, 262: 324, 263: 394, 264: 156, 265: 750, 266: 512, 267: 142, 268: 380, 269: 380, 270: 142, 271: 380, 272: 142, 273: 394, 274: 156, 275: 394, 276: 156, 277: 750, 278: 512, 281: 156, 282: 394, 283: 764, 284: 526, 285: 526, 286: 764, 287: 86, 288: 324, 289: 156, 290: 394, 291: 324, 292: 86, 293: 380, 294: 142, 295: 394, 296: 156, 299: 540, 300: 778, 301: 652, 302: 414, 303: 512, 304: 750, 305: 156, 306: 394, 307: 86, 308: 324, 309: 652, 310: 414, 311: 750, 312: 512, 313: 736, 314: 498, 321: 792, 322: 554, 323: 736, 324: 498, 325: 414, 326: 652, 327: 792, 328: 554, 329: 652, 330: 414, 339: 86, 340: 324, 341: 498, 342: 736, 343: 498, 344: 736, 345: 750, 346: 512, 347: 414, 348: 652, 349: 526, 350: 764, 351: 736, 352: 498, 355: 540, 356: 778, 357: 86, 358: 324, 359: 750, 360: 512, 361: 736, 362: 498, 363: 324, 364: 86, 365: 526, 366: 764, 367: 736, 368: 498, 369: 512, 370: 750, 371: 324, 372: 86, 375: 526, 376: 764, 377: 526, 378: 764, 383: 512, 384: 750, 387: 498, 388: 736, 397: 414, 398: 652, 401: 86, 402: 324, 405: 498, 406: 736, 435: 526, 436: 764, 439: 736, 440: 498, 449: 540, 450: 778, 471: 394, 472: 156, 475: 498, 476: 736, 477: 86, 478: 324, 481: 512, 482: 750, 491: 778, 492: 540, 493: 736, 494: 498, 495: 380, 496: 142, 517: 736, 518: 498, 519: 86, 520: 324, 525: 736, 526: 498, 533: 652, 534: 414, 535: 324, 536: 86, 547: 324, 548: 86, 555: 526, 556: 764, 557: 750, 558: 512, 559: 324, 560: 86, 561: 498, 562: 736, 563: 736, 564: 498, 565: 778, 566: 540, 573: 86, 574: 324, 575: 750, 576: 512, 577: 652, 578: 414, 579: 394, 580: 156, 581: 394, 582: 156, 583: 540, 584: 778, 585: 324, 586: 86, 587: 414, 588: 652, 589: 778, 590: 540, 591: 512, 592: 750, 593: 86, 594: 324, 595: 498, 596: 736, 597: 764, 598: 526, 599: 324, 600: 86, 601: 512, 602: 750, 603: 736, 604: 498, 605: 86, 606: 324, 607: 324, 608: 86, 613: 778, 614: 540, 615: 498, 616: 736, 617: 324, 618: 86, 619: 324, 620: 86, 621: 540, 622: 778, 623: 750, 624: 512, 625: 736, 626: 498, 629: 750, 630: 512, 631: 778, 632: 540, 633: 324, 634: 86, 635: 498, 636: 736, 637: 380, 638: 142, 639: 324, 640: 86, 641: 324, 642: 86, 643: 540, 644: 778, 645: 156, 646: 394, 651: 324, 652: 86, 653: 86, 654: 324, 661: 324, 662: 86, 663: 394, 664: 156, 665: 394, 666: 156, 667: 764, 668: 526, 671: 142, 672: 380, 713: 750, 714: 512, 715: 526, 716: 764, 717: 736, 718: 498, 719: 394, 720: 156, 721: 86, 722: 324, 723: 86, 724: 324, 725: 324, 726: 86, 727: 324, 728: 86, 733: 380, 734: 142, 741: 394, 742: 156, 743: 750, 744: 512, 745: 736, 746: 498, 747: 498, 748: 736, 757: 736, 758: 498, 759: 86, 760: 324, 763: 324, 764: 86, 765: 324, 766: 86, 767: 652, 768: 414, 769: 540, 770: 778, 771: 394, 772: 156, 773: 324, 774: 86, 783: 324, 784: 86, 785: 736, 786: 498, 787: 142, 788: 380, 789: 324, 790: 86, 791: 736, 792: 498, 793: 86, 794: 324, 795: 736, 796: 498, 797: 86, 798: 324, 799: 736, 800: 498, 801: 324, 802: 86, 815: 750, 816: 512, 817: 498, 818: 736, 825: 778, 826: 540, 827: 764, 828: 526, 829: 324, 830: 86, 835: 736, 836: 498, 837: 324, 838: 86, 867: 778, 868: 540, 875: 540, 876: 778, 877: 324, 878: 86, 879: 526, 880: 764, 881: 498, 882: 736, 893: 86, 894: 324, 903: 156, 904: 394, 911: 394, 912: 156}
Correct solution!
Number of lables used:  18
Time taken: 0.50 seconds
Memory used: 44.65 MB
--------------------------------------------------

Trying with at most 17 labels...
Solution:
{13: 764, 14: 526, 15: 736, 16: 498, 23: 324, 24: 86, 49: 86, 50: 324, 51: 414, 52: 652, 53: 380, 54: 142, 67: 526, 68: 764, 69: 394, 70: 156, 79: 394, 80: 156, 81: 380, 82: 142, 83: 512, 84: 750, 85: 394, 86: 156, 103: 394, 104: 156, 105: 380, 106: 142, 117: 414, 118: 652, 119: 394, 120: 156, 127: 540, 128: 778, 129: 86, 130: 324, 143: 652, 144: 414, 145: 86, 146: 324, 151: 652, 152: 414, 153: 498, 154: 736, 155: 156, 156: 394, 157: 526, 158: 764, 179: 380, 180: 142, 181: 156, 182: 394, 183: 750, 184: 512, 191: 156, 192: 394, 193: 778, 194: 540, 205: 156, 206: 394, 209: 540, 210: 778, 211: 86, 212: 324, 213: 156, 214: 394, 215: 394, 216: 156, 217: 778, 218: 540, 233: 736, 234: 498, 235: 750, 236: 512, 237: 142, 238: 380, 261: 86, 262: 324, 263: 380, 264: 142, 265: 750, 266: 512, 267: 142, 268: 380, 269: 380, 270: 142, 271: 380, 272: 142, 273: 394, 274: 156, 275: 394, 276: 156, 277: 750, 278: 512, 281: 156, 282: 394, 283: 764, 284: 526, 285: 652, 286: 414, 287: 86, 288: 324, 289: 156, 290: 394, 291: 324, 292: 86, 293: 380, 294: 142, 295: 86, 296: 324, 299: 764, 300: 526, 301: 652, 302: 414, 303: 156, 304: 394, 305: 86, 306: 324, 307: 86, 308: 324, 309: 736, 310: 498, 311: 414, 312: 652, 313: 414, 314: 652, 321: 764, 322: 526, 323: 736, 324: 498, 325: 414, 326: 652, 327: 764, 328: 526, 329: 652, 330: 414, 339: 86, 340: 324, 341: 498, 342: 736, 343: 498, 344: 736, 345: 750, 346: 512, 347: 414, 348: 652, 349: 526, 350: 764, 351: 736, 352: 498, 355: 540, 356: 778, 357: 86, 358: 324, 359: 750, 360: 512, 361: 736, 362: 498, 363: 86, 364: 324, 365: 380, 366: 142, 367: 736, 368: 498, 369: 540, 370: 778, 371: 86, 372: 324, 375: 142, 376: 380, 377: 324, 378: 86, 383: 512, 384: 750, 387: 498, 388: 736, 397: 414, 398: 652, 401: 86, 402: 324, 405: 380, 406: 142, 435: 526, 436: 764, 439: 736, 440: 498, 449: 540, 450: 778, 471: 394, 472: 156, 475: 498, 476: 736, 477: 764, 478: 526, 481: 512, 482: 750, 491: 778, 492: 540, 493: 736, 494: 498, 495: 380, 496: 142, 517: 380, 518: 142, 519: 86, 520: 324, 525: 736, 526: 498, 533: 652, 534: 414, 535: 324, 536: 86, 547: 324, 548: 86, 555: 526, 556: 764, 557: 750, 558: 512, 559: 324, 560: 86, 561: 498, 562: 736, 563: 736, 564: 498, 565: 778, 566: 540, 573: 86, 574: 324, 575: 750, 576: 512, 577: 652, 578: 414, 579: 394, 580: 156, 581: 394, 582: 156, 583: 540, 584: 778, 585: 324, 586: 86, 587: 414, 588: 652, 589: 778, 590: 540, 591: 512, 592: 750, 593: 86, 594: 324, 595: 498, 596: 736, 597: 764, 598: 526, 599: 324, 600: 86, 601: 512, 602: 750, 603: 736, 604: 498, 605: 86, 606: 324, 607: 324, 608: 86, 613: 778, 614: 540, 615: 498, 616: 736, 617: 380, 618: 142, 619: 324, 620: 86, 621: 540, 622: 778, 623: 750, 624: 512, 625: 736, 626: 498, 629: 750, 630: 512, 631: 778, 632: 540, 633: 324, 634: 86, 635: 498, 636: 736, 637: 380, 638: 142, 639: 324, 640: 86, 641: 540, 642: 778, 643: 142, 644: 380, 645: 156, 646: 394, 651: 324, 652: 86, 653: 764, 654: 526, 661: 324, 662: 86, 663: 394, 664: 156, 665: 394, 666: 156, 667: 764, 668: 526, 671: 142, 672: 380, 713: 750, 714: 512, 715: 526, 716: 764, 717: 736, 718: 498, 719: 394, 720: 156, 721: 86, 722: 324, 723: 86, 724: 324, 725: 324, 726: 86, 727: 324, 728: 86, 733: 380, 734: 142, 741: 498, 742: 736, 743: 750, 744: 512, 745: 736, 746: 498, 747: 498, 748: 736, 757: 736, 758: 498, 759: 86, 760: 324, 763: 86, 764: 324, 765: 324, 766: 86, 767: 652, 768: 414, 769: 540, 770: 778, 771: 394, 772: 156, 773: 324, 774: 86, 783: 324, 784: 86, 785: 736, 786: 498, 787: 142, 788: 380, 789: 324, 790: 86, 791: 736, 792: 498, 793: 86, 794: 324, 795: 736, 796: 498, 797: 86, 798: 324, 799: 736, 800: 498, 801: 324, 802: 86, 815: 750, 816: 512, 817: 498, 818: 736, 825: 778, 826: 540, 827: 764, 828: 526, 829: 324, 830: 86, 835: 736, 836: 498, 837: 324, 838: 86, 867: 778, 868: 540, 875: 526, 876: 764, 877: 324, 878: 86, 879: 540, 880: 778, 881: 498, 882: 736, 893: 86, 894: 324, 903: 156, 904: 394, 911: 394, 912: 156}
Correct solution!
Number of lables used:  16
Time taken: 0.51 seconds
Memory used: 44.65 MB
--------------------------------------------------

Trying with at most 15 labels...
Solution:
{13: 470, 14: 708, 15: 470, 16: 708, 23: 324, 24: 86, 49: 324, 50: 86, 51: 778, 52: 540, 53: 380, 54: 142, 67: 540, 68: 778, 69: 442, 70: 680, 79: 442, 80: 680, 81: 86, 82: 324, 83: 442, 84: 680, 85: 114, 86: 352, 103: 708, 104: 470, 105: 352, 106: 114, 117: 324, 118: 86, 119: 380, 120: 142, 127: 540, 128: 778, 129: 324, 130: 86, 143: 540, 144: 778, 145: 352, 146: 114, 151: 498, 152: 736, 153: 86, 154: 324, 155: 540, 156: 778, 157: 442, 158: 680, 179: 114, 180: 352, 181: 114, 182: 352, 183: 470, 184: 708, 191: 114, 192: 352, 193: 470, 194: 708, 205: 498, 206: 736, 209: 680, 210: 442, 211: 142, 212: 380, 213: 498, 214: 736, 215: 778, 216: 540, 217: 442, 218: 680, 233: 142, 234: 380, 235: 114, 236: 352, 237: 114, 238: 352, 261: 86, 262: 324, 263: 708, 264: 470, 265: 778, 266: 540, 267: 680, 268: 442, 269: 680, 270: 442, 271: 680, 272: 442, 273: 86, 274: 324, 275: 86, 276: 324, 277: 680, 278: 442, 281: 708, 282: 470, 283: 324, 284: 86, 285: 142, 286: 380, 287: 86, 288: 324, 289: 380, 290: 142, 291: 324, 292: 86, 293: 142, 294: 380, 295: 86, 296: 324, 299: 470, 300: 708, 301: 324, 302: 86, 303: 540, 304: 778, 305: 442, 306: 680, 307: 86, 308: 324, 309: 470, 310: 708, 311: 380, 312: 142, 313: 380, 314: 142, 321: 380, 322: 142, 323: 380, 324: 142, 325: 680, 326: 442, 327: 352, 328: 114, 329: 442, 330: 680, 339: 380, 340: 142, 341: 470, 342: 708, 343: 142, 344: 380, 345: 736, 346: 498, 347: 352, 348: 114, 349: 540, 350: 778, 351: 736, 352: 498, 355: 470, 356: 708, 357: 86, 358: 324, 359: 680, 360: 442, 361: 736, 362: 498, 363: 86, 364: 324, 365: 380, 366: 142, 367: 736, 368: 498, 369: 324, 370: 86, 371: 380, 372: 142, 375: 442, 376: 680, 377: 380, 378: 142, 383: 498, 384: 736, 387: 442, 388: 680, 397: 142, 398: 380, 401: 778, 402: 540, 405: 778, 406: 540, 435: 442, 436: 680, 439: 736, 440: 498, 449: 442, 450: 680, 471: 380, 472: 142, 475: 470, 476: 708, 477: 498, 478: 736, 481: 498, 482: 736, 491: 736, 492: 498, 493: 778, 494: 540, 495: 380, 496: 142, 517: 380, 518: 142, 519: 86, 520: 324, 525: 736, 526: 498, 533: 142, 534: 380, 535: 324, 536: 86, 547: 324, 548: 86, 555: 540, 556: 778, 557: 778, 558: 540, 559: 324, 560: 86, 561: 380, 562: 142, 563: 736, 564: 498, 565: 352, 566: 114, 573: 86, 574: 324, 575: 736, 576: 498, 577: 442, 578: 680, 579: 380, 580: 142, 581: 114, 582: 352, 583: 380, 584: 142, 585: 142, 586: 380, 587: 778, 588: 540, 589: 778, 590: 540, 591: 324, 592: 86, 593: 380, 594: 142, 595: 498, 596: 736, 597: 708, 598: 470, 599: 324, 600: 86, 601: 470, 602: 708, 603: 736, 604: 498, 605: 352, 606: 114, 607: 470, 608: 708, 613: 736, 614: 498, 615: 680, 616: 442, 617: 380, 618: 142, 619: 540, 620: 778, 621: 498, 622: 736, 623: 736, 624: 498, 625: 708, 626: 470, 629: 736, 630: 498, 631: 778, 632: 540, 633: 352, 634: 114, 635: 498, 636: 736, 637: 380, 638: 142, 639: 324, 640: 86, 641: 114, 642: 352, 643: 442, 644: 680, 645: 380, 646: 142, 651: 324, 652: 86, 653: 86, 654: 324, 661: 324, 662: 86, 663: 380, 664: 142, 665: 114, 666: 352, 667: 778, 668: 540, 671: 380, 672: 142, 713: 680, 714: 442, 715: 470, 716: 708, 717: 736, 718: 498, 719: 86, 720: 324, 721: 352, 722: 114, 723: 352, 724: 114, 725: 86, 726: 324, 727: 142, 728: 380, 733: 142, 734: 380, 741: 680, 742: 442, 743: 540, 744: 778, 745: 736, 746: 498, 747: 470, 748: 708, 757: 736, 758: 498, 759: 86, 760: 324, 763: 86, 764: 324, 765: 324, 766: 86, 767: 442, 768: 680, 769: 86, 770: 324, 771: 470, 772: 708, 773: 324, 774: 86, 783: 324, 784: 86, 785: 324, 786: 86, 787: 142, 788: 380, 789: 324, 790: 86, 791: 736, 792: 498, 793: 86, 794: 324, 795: 736, 796: 498, 797: 86, 798: 324, 799: 736, 800: 498, 801: 114, 802: 352, 815: 708, 816: 470, 817: 778, 818: 540, 825: 680, 826: 442, 827: 380, 828: 142, 829: 352, 830: 114, 835: 736, 836: 498, 837: 324, 838: 86, 867: 680, 868: 442, 875: 498, 876: 736, 877: 324, 878: 86, 879: 470, 880: 708, 881: 498, 882: 736, 893: 86, 894: 324, 903: 86, 904: 324, 911: 540, 912: 778}
Correct solution!
Number of lables used:  14
Time taken: 0.57 seconds
Memory used: 44.90 MB
--------------------------------------------------

Trying with at most 13 labels...
[runlim] sample:		10.0 time, 10.6 real, 69.0 MB
[runlim] sample:		20.0 time, 20.6 real, 83.1 MB
[runlim] sample:		30.0 time, 30.6 real, 83.1 MB
[runlim] sample:		40.0 time, 40.6 real, 83.1 MB
[runlim] sample:		50.0 time, 50.6 real, 83.1 MB
[runlim] sample:		60.0 time, 60.6 real, 83.1 MB
[runlim] sample:		70.0 time, 70.6 real, 83.1 MB
[runlim] sample:		80.0 time, 80.6 real, 67.9 MB
[runlim] sample:		90.0 time, 90.6 real, 67.9 MB
[runlim] sample:		100.0 time, 100.6 real, 87.9 MB
[runlim] sample:		110.0 time, 110.6 real, 89.1 MB
[runlim] sample:		120.0 time, 120.6 real, 89.6 MB
[runlim] sample:		130.0 time, 130.6 real, 90.0 MB
[runlim] sample:		140.0 time, 140.6 real, 90.9 MB
[runlim] sample:		150.0 time, 150.6 real, 91.3 MB
[runlim] sample:		160.0 time, 160.6 real, 92.5 MB
[runlim] sample:		170.0 time, 170.6 real, 93.4 MB
[runlim] sample:		180.0 time, 180.6 real, 93.4 MB
[runlim] sample:		190.0 time, 190.6 real, 93.9 MB
[runlim] sample:		200.0 time, 200.6 real, 96.1 MB
[runlim] sample:		210.0 time, 210.6 real, 96.5 MB
[runlim] sample:		220.0 time, 220.6 real, 96.5 MB
[runlim] sample:		230.0 time, 230.6 real, 97.0 MB
Cannot find solution.
No more solutions found.
Optimal number of labels used:  14
Time taken: 237.58 seconds
[runlim] end:			Wed Jan 14 22:40:50 2026
[runlim] status:		ok
[runlim] result:		0
[runlim] children:		0
[runlim] real:			238.24 seconds
[runlim] time:			237.58 seconds
[runlim] space:			97.0 MB
[runlim] samples:		2376
