[runlim] version:		1.10
[runlim] time limit:		311040000 seconds
[runlim] real time limit:	900 seconds
[runlim] space limit:		8000 MB
[runlim] argv[0]:		python3
[runlim] argv[1]:		-u
[runlim] argv[2]:		main.py
[runlim] argv[3]:		graph01
[runlim] argv[4]:		tot
[runlim] argv[5]:		incremental
[runlim] argv[6]:		cadical195
[runlim] start:			Fri Jan 23 10:48:05 2026
[runlim] main pid:		12078
Solve first problem:
Solution:
{1: 30, 2: 268, 3: 16, 4: 254, 5: 16, 6: 254, 7: 142, 8: 380, 9: 142, 10: 380, 11: 16, 12: 254, 13: 30, 14: 268, 15: 58, 16: 296, 17: 16, 18: 254, 19: 16, 20: 254, 21: 44, 22: 282, 23: 142, 24: 380, 25: 72, 26: 310, 27: 352, 28: 114, 29: 16, 30: 254, 31: 72, 32: 310, 33: 114, 34: 352, 35: 72, 36: 310, 37: 16, 38: 254, 39: 16, 40: 254, 41: 72, 42: 310, 43: 86, 44: 324, 45: 58, 46: 296, 47: 16, 48: 254, 49: 72, 50: 310, 51: 86, 52: 324, 53: 30, 54: 268, 55: 58, 56: 296, 57: 58, 58: 296, 59: 16, 60: 254, 61: 128, 62: 366, 63: 86, 64: 324, 65: 16, 66: 254, 67: 58, 68: 296, 69: 44, 70: 282, 71: 30, 72: 268, 73: 142, 74: 380, 75: 86, 76: 324, 77: 30, 78: 268, 79: 16, 80: 254, 81: 72, 82: 310, 83: 58, 84: 296, 85: 72, 86: 310, 87: 114, 88: 352, 89: 58, 90: 296, 91: 156, 92: 394, 93: 16, 94: 254, 95: 72, 96: 310, 97: 408, 98: 170, 99: 86, 100: 324, 101: 30, 102: 268, 103: 16, 104: 254, 105: 142, 106: 380, 107: 44, 108: 282, 109: 16, 110: 254, 111: 86, 112: 324, 113: 44, 114: 282, 115: 114, 116: 352, 117: 114, 118: 352, 119: 100, 120: 338, 121: 408, 122: 170, 123: 142, 124: 380, 125: 58, 126: 296, 127: 30, 128: 268, 129: 114, 130: 352, 131: 30, 132: 268, 133: 366, 134: 128, 135: 170, 136: 408, 137: 30, 138: 268, 139: 16, 140: 254, 141: 30, 142: 268, 143: 44, 144: 282, 145: 86, 146: 324, 147: 366, 148: 128, 149: 428, 150: 666, 151: 86, 152: 324, 153: 142, 154: 380, 155: 156, 156: 394, 157: 338, 158: 100, 159: 484, 160: 722, 161: 296, 162: 58, 163: 268, 164: 30, 165: 456, 166: 694, 167: 44, 168: 282, 169: 100, 170: 338, 171: 72, 172: 310, 173: 114, 174: 352, 175: 442, 176: 680, 177: 16, 178: 254, 179: 44, 180: 282, 181: 16, 182: 254, 183: 142, 184: 380, 185: 414, 186: 652, 187: 128, 188: 366, 189: 30, 190: 268, 191: 414, 192: 652, 193: 170, 194: 408, 195: 100, 196: 338, 197: 58, 198: 296, 199: 72, 200: 310}
Correct solution!
Number of lables used:  34
--------------------------------------------------

Trying with at most 33 labels...
Solution:
{1: 58, 2: 296, 3: 30, 4: 268, 5: 58, 6: 296, 7: 240, 8: 478, 9: 240, 10: 478, 11: 72, 12: 310, 13: 100, 14: 338, 15: 58, 16: 296, 17: 268, 18: 30, 19: 86, 20: 324, 21: 310, 22: 72, 23: 408, 24: 170, 25: 352, 26: 114, 27: 156, 28: 394, 29: 100, 30: 338, 31: 142, 32: 380, 33: 352, 34: 114, 35: 100, 36: 338, 37: 86, 38: 324, 39: 72, 40: 310, 41: 142, 42: 380, 43: 338, 44: 100, 45: 156, 46: 394, 47: 380, 48: 142, 49: 100, 50: 338, 51: 30, 52: 268, 53: 72, 54: 310, 55: 380, 56: 142, 57: 16, 58: 254, 59: 310, 60: 72, 61: 156, 62: 394, 63: 142, 64: 380, 65: 72, 66: 310, 67: 142, 68: 380, 69: 142, 70: 380, 71: 86, 72: 324, 73: 240, 74: 478, 75: 142, 76: 380, 77: 282, 78: 44, 79: 100, 80: 338, 81: 142, 82: 380, 83: 156, 84: 394, 85: 86, 86: 324, 87: 254, 88: 16, 89: 100, 90: 338, 91: 16, 92: 254, 93: 156, 94: 394, 95: 352, 96: 114, 97: 170, 98: 408, 99: 86, 100: 324, 101: 114, 102: 352, 103: 16, 104: 254, 105: 30, 106: 268, 107: 100, 108: 338, 109: 72, 110: 310, 111: 142, 112: 380, 113: 156, 114: 394, 115: 142, 116: 380, 117: 156, 118: 394, 119: 114, 120: 352, 121: 240, 122: 478, 123: 240, 124: 478, 125: 114, 126: 352, 127: 338, 128: 100, 129: 86, 130: 324, 131: 100, 132: 338, 133: 366, 134: 128, 135: 408, 136: 170, 137: 128, 138: 366, 139: 16, 140: 254, 141: 86, 142: 324, 143: 128, 144: 366, 145: 282, 146: 44, 147: 30, 148: 268, 149: 58, 150: 296, 151: 268, 152: 30, 153: 156, 154: 394, 155: 114, 156: 352, 157: 156, 158: 394, 159: 156, 160: 394, 161: 394, 162: 156, 163: 296, 164: 58, 165: 58, 166: 296, 167: 366, 168: 128, 169: 296, 170: 58, 171: 156, 172: 394, 173: 58, 174: 296, 175: 86, 176: 324, 177: 156, 178: 394, 179: 156, 180: 394, 181: 30, 182: 268, 183: 324, 184: 86, 185: 86, 186: 324, 187: 142, 188: 380, 189: 156, 190: 394, 191: 100, 192: 338, 193: 240, 194: 478, 195: 142, 196: 380, 197: 156, 198: 394, 199: 156, 200: 394}
Number of lables used:  26
Time taken: 0.20 seconds
--------------------------------------------------

Trying with at most 25 labels...
Solution:
{1: 58, 2: 296, 3: 30, 4: 268, 5: 44, 6: 282, 7: 240, 8: 478, 9: 240, 10: 478, 11: 792, 12: 554, 13: 100, 14: 338, 15: 30, 16: 268, 17: 268, 18: 30, 19: 282, 20: 44, 21: 100, 22: 338, 23: 170, 24: 408, 25: 708, 26: 470, 27: 16, 28: 254, 29: 100, 30: 338, 31: 142, 32: 380, 33: 380, 34: 142, 35: 100, 36: 338, 37: 58, 38: 296, 39: 58, 40: 296, 41: 142, 42: 380, 43: 338, 44: 100, 45: 156, 46: 394, 47: 380, 48: 142, 49: 100, 50: 338, 51: 16, 52: 254, 53: 58, 54: 296, 55: 58, 56: 296, 57: 268, 58: 30, 59: 708, 60: 470, 61: 156, 62: 394, 63: 142, 64: 380, 65: 58, 66: 296, 67: 142, 68: 380, 69: 142, 70: 380, 71: 58, 72: 296, 73: 240, 74: 478, 75: 128, 76: 366, 77: 282, 78: 44, 79: 58, 80: 296, 81: 142, 82: 380, 83: 156, 84: 394, 85: 58, 86: 296, 87: 254, 88: 16, 89: 100, 90: 338, 91: 16, 92: 254, 93: 156, 94: 394, 95: 792, 96: 554, 97: 170, 98: 408, 99: 58, 100: 296, 101: 792, 102: 554, 103: 16, 104: 254, 105: 708, 106: 470, 107: 100, 108: 338, 109: 58, 110: 296, 111: 142, 112: 380, 113: 156, 114: 394, 115: 142, 116: 380, 117: 156, 118: 394, 119: 100, 120: 338, 121: 240, 122: 478, 123: 240, 124: 478, 125: 58, 126: 296, 127: 338, 128: 100, 129: 58, 130: 296, 131: 100, 132: 338, 133: 366, 134: 128, 135: 408, 136: 170, 137: 128, 138: 366, 139: 16, 140: 254, 141: 30, 142: 268, 143: 128, 144: 366, 145: 30, 146: 268, 147: 380, 148: 142, 149: 296, 150: 58, 151: 394, 152: 156, 153: 100, 154: 338, 155: 100, 156: 338, 157: 156, 158: 394, 159: 156, 160: 394, 161: 394, 162: 156, 163: 282, 164: 44, 165: 554, 166: 792, 167: 100, 168: 338, 169: 338, 170: 100, 171: 394, 172: 156, 173: 58, 174: 296, 175: 58, 176: 296, 177: 156, 178: 394, 179: 156, 180: 394, 181: 30, 182: 268, 183: 128, 184: 366, 185: 708, 186: 470, 187: 142, 188: 380, 189: 156, 190: 394, 191: 282, 192: 44, 193: 240, 194: 478, 195: 142, 196: 380, 197: 100, 198: 338, 199: 156, 200: 394}
Number of lables used:  24
Time taken: 0.20 seconds
--------------------------------------------------

Trying with at most 23 labels...
Solution:
{1: 58, 2: 296, 3: 30, 4: 268, 5: 44, 6: 282, 7: 240, 8: 478, 9: 240, 10: 478, 11: 792, 12: 554, 13: 282, 14: 44, 15: 30, 16: 268, 17: 708, 18: 470, 19: 282, 20: 44, 21: 100, 22: 338, 23: 240, 24: 478, 25: 778, 26: 540, 27: 156, 28: 394, 29: 366, 30: 128, 31: 128, 32: 366, 33: 296, 34: 58, 35: 100, 36: 338, 37: 58, 38: 296, 39: 30, 40: 268, 41: 128, 42: 366, 43: 338, 44: 100, 45: 156, 46: 394, 47: 708, 48: 470, 49: 58, 50: 296, 51: 366, 52: 128, 53: 58, 54: 296, 55: 58, 56: 296, 57: 268, 58: 30, 59: 708, 60: 470, 61: 156, 62: 394, 63: 708, 64: 470, 65: 58, 66: 296, 67: 128, 68: 366, 69: 128, 70: 366, 71: 296, 72: 58, 73: 240, 74: 478, 75: 100, 76: 338, 77: 282, 78: 44, 79: 58, 80: 296, 81: 128, 82: 366, 83: 156, 84: 394, 85: 58, 86: 296, 87: 792, 88: 554, 89: 100, 90: 338, 91: 30, 92: 268, 93: 156, 94: 394, 95: 778, 96: 540, 97: 240, 98: 478, 99: 58, 100: 296, 101: 792, 102: 554, 103: 282, 104: 44, 105: 708, 106: 470, 107: 58, 108: 296, 109: 58, 110: 296, 111: 128, 112: 366, 113: 156, 114: 394, 115: 338, 116: 100, 117: 156, 118: 394, 119: 100, 120: 338, 121: 408, 122: 170, 123: 240, 124: 478, 125: 58, 126: 296, 127: 282, 128: 44, 129: 58, 130: 296, 131: 100, 132: 338, 133: 128, 134: 366, 135: 240, 136: 478, 137: 128, 138: 366, 139: 296, 140: 58, 141: 268, 142: 30, 143: 128, 144: 366, 145: 128, 146: 366, 147: 366, 148: 128, 149: 296, 150: 58, 151: 394, 152: 156, 153: 30, 154: 268, 155: 100, 156: 338, 157: 156, 158: 394, 159: 156, 160: 394, 161: 156, 162: 394, 163: 282, 164: 44, 165: 30, 166: 268, 167: 44, 168: 282, 169: 296, 170: 58, 171: 394, 172: 156, 173: 58, 174: 296, 175: 58, 176: 296, 177: 156, 178: 394, 179: 156, 180: 394, 181: 30, 182: 268, 183: 128, 184: 366, 185: 708, 186: 470, 187: 128, 188: 366, 189: 156, 190: 394, 191: 338, 192: 100, 193: 240, 194: 478, 195: 128, 196: 366, 197: 100, 198: 338, 199: 156, 200: 394}
Number of lables used:  22
Time taken: 0.21 seconds
--------------------------------------------------

Trying with at most 21 labels...
Solution:
{1: 58, 2: 296, 3: 30, 4: 268, 5: 44, 6: 282, 7: 240, 8: 478, 9: 240, 10: 478, 11: 100, 12: 338, 13: 282, 14: 44, 15: 30, 16: 268, 17: 708, 18: 470, 19: 282, 20: 44, 21: 100, 22: 338, 23: 240, 24: 478, 25: 554, 26: 792, 27: 156, 28: 394, 29: 366, 30: 128, 31: 128, 32: 366, 33: 296, 34: 58, 35: 100, 36: 338, 37: 58, 38: 296, 39: 30, 40: 268, 41: 128, 42: 366, 43: 338, 44: 100, 45: 156, 46: 394, 47: 708, 48: 470, 49: 58, 50: 296, 51: 366, 52: 128, 53: 58, 54: 296, 55: 58, 56: 296, 57: 268, 58: 30, 59: 708, 60: 470, 61: 156, 62: 394, 63: 708, 64: 470, 65: 58, 66: 296, 67: 128, 68: 366, 69: 128, 70: 366, 71: 296, 72: 58, 73: 240, 74: 478, 75: 708, 76: 470, 77: 282, 78: 44, 79: 58, 80: 296, 81: 128, 82: 366, 83: 156, 84: 394, 85: 58, 86: 296, 87: 792, 88: 554, 89: 100, 90: 338, 91: 30, 92: 268, 93: 156, 94: 394, 95: 100, 96: 338, 97: 240, 98: 478, 99: 58, 100: 296, 101: 792, 102: 554, 103: 282, 104: 44, 105: 708, 106: 470, 107: 58, 108: 296, 109: 58, 110: 296, 111: 128, 112: 366, 113: 156, 114: 394, 115: 792, 116: 554, 117: 156, 118: 394, 119: 100, 120: 338, 121: 408, 122: 170, 123: 240, 124: 478, 125: 58, 126: 296, 127: 282, 128: 44, 129: 58, 130: 296, 131: 100, 132: 338, 133: 128, 134: 366, 135: 240, 136: 478, 137: 128, 138: 366, 139: 296, 140: 58, 141: 268, 142: 30, 143: 128, 144: 366, 145: 128, 146: 366, 147: 366, 148: 128, 149: 296, 150: 58, 151: 394, 152: 156, 153: 30, 154: 268, 155: 100, 156: 338, 157: 156, 158: 394, 159: 156, 160: 394, 161: 156, 162: 394, 163: 282, 164: 44, 165: 30, 166: 268, 167: 44, 168: 282, 169: 296, 170: 58, 171: 394, 172: 156, 173: 58, 174: 296, 175: 58, 176: 296, 177: 156, 178: 394, 179: 156, 180: 394, 181: 30, 182: 268, 183: 128, 184: 366, 185: 708, 186: 470, 187: 128, 188: 366, 189: 156, 190: 394, 191: 338, 192: 100, 193: 240, 194: 478, 195: 128, 196: 366, 197: 100, 198: 338, 199: 156, 200: 394}
Number of lables used:  20
Time taken: 0.21 seconds
--------------------------------------------------

Trying with at most 19 labels...
Solution:
{1: 30, 2: 268, 3: 736, 4: 498, 5: 366, 6: 128, 7: 478, 8: 240, 9: 240, 10: 478, 11: 456, 12: 694, 13: 296, 14: 58, 15: 30, 16: 268, 17: 736, 18: 498, 19: 30, 20: 268, 21: 58, 22: 296, 23: 240, 24: 478, 25: 428, 26: 666, 27: 128, 28: 366, 29: 352, 30: 114, 31: 128, 32: 366, 33: 296, 34: 58, 35: 58, 36: 296, 37: 58, 38: 296, 39: 352, 40: 114, 41: 128, 42: 366, 43: 296, 44: 58, 45: 142, 46: 380, 47: 694, 48: 456, 49: 58, 50: 296, 51: 366, 52: 128, 53: 58, 54: 296, 55: 142, 56: 380, 57: 268, 58: 30, 59: 694, 60: 456, 61: 142, 62: 380, 63: 142, 64: 380, 65: 58, 66: 296, 67: 352, 68: 114, 69: 128, 70: 366, 71: 296, 72: 58, 73: 142, 74: 380, 75: 114, 76: 352, 77: 428, 78: 666, 79: 30, 80: 268, 81: 128, 82: 366, 83: 142, 84: 380, 85: 30, 86: 268, 87: 58, 88: 296, 89: 366, 90: 128, 91: 498, 92: 736, 93: 142, 94: 380, 95: 268, 96: 30, 97: 240, 98: 478, 99: 268, 100: 30, 101: 128, 102: 366, 103: 268, 104: 30, 105: 380, 106: 142, 107: 58, 108: 296, 109: 58, 110: 296, 111: 128, 112: 366, 113: 142, 114: 380, 115: 366, 116: 128, 117: 142, 118: 380, 119: 58, 120: 296, 121: 380, 122: 142, 123: 478, 124: 240, 125: 58, 126: 296, 127: 736, 128: 498, 129: 666, 130: 428, 131: 296, 132: 58, 133: 114, 134: 352, 135: 240, 136: 478, 137: 114, 138: 352, 139: 296, 140: 58, 141: 268, 142: 30, 143: 128, 144: 366, 145: 114, 146: 352, 147: 268, 148: 30, 149: 456, 150: 694, 151: 428, 152: 666, 153: 30, 154: 268, 155: 58, 156: 296, 157: 142, 158: 380, 159: 666, 160: 428, 161: 142, 162: 380, 163: 268, 164: 30, 165: 128, 166: 366, 167: 114, 168: 352, 169: 58, 170: 296, 171: 380, 172: 142, 173: 58, 174: 296, 175: 58, 176: 296, 177: 142, 178: 380, 179: 142, 180: 380, 181: 694, 182: 456, 183: 498, 184: 736, 185: 736, 186: 498, 187: 128, 188: 366, 189: 142, 190: 380, 191: 30, 192: 268, 193: 478, 194: 240, 195: 114, 196: 352, 197: 58, 198: 296, 199: 142, 200: 380}
Number of lables used:  18
Time taken: 0.22 seconds
--------------------------------------------------

Trying with at most 17 labels...
[runlim] sample:		10.0 time, 10.3 real, 51.4 MB
[runlim] sample:		20.0 time, 20.3 real, 46.0 MB
[runlim] sample:		30.0 time, 30.3 real, 56.2 MB
[runlim] sample:		40.0 time, 40.3 real, 57.5 MB
[runlim] sample:		50.0 time, 50.3 real, 50.0 MB
[runlim] sample:		59.9 time, 60.3 real, 72.7 MB
[runlim] sample:		69.9 time, 70.3 real, 68.1 MB
[runlim] sample:		79.9 time, 80.3 real, 58.0 MB
[runlim] sample:		89.9 time, 90.3 real, 65.5 MB
Cannot find solution.
No more solutions found.
Optimal number of labels used:  18
[runlim] end:			Fri Jan 23 10:49:45 2026
[runlim] status:		ok
[runlim] result:		0
[runlim] children:		0
[runlim] real:			100.14 seconds
[runlim] time:			99.68 seconds
[runlim] space:			72.7 MB
[runlim] samples:		998
