[runlim] version:		1.10
[runlim] time limit:		311040000 seconds
[runlim] real time limit:	900 seconds
[runlim] space limit:		8000 MB
[runlim] argv[0]:		python3
[runlim] argv[1]:		-u
[runlim] argv[2]:		main.py
[runlim] argv[3]:		scen02
[runlim] argv[4]:		tot
[runlim] argv[5]:		incremental
[runlim] argv[6]:		cadical195
[runlim] start:			Fri Jan 23 10:45:35 2026
[runlim] main pid:		11023
Solve first problem:
Solution:
{13: 16, 14: 254, 15: 16, 16: 254, 53: 16, 54: 254, 79: 30, 80: 268, 81: 16, 82: 254, 83: 16, 84: 254, 85: 86, 86: 324, 127: 16, 128: 254, 129: 114, 130: 352, 143: 16, 144: 254, 145: 16, 146: 254, 205: 44, 206: 282, 233: 30, 234: 268, 235: 44, 236: 282, 237: 30, 238: 268, 261: 16, 262: 254, 263: 16, 264: 254, 265: 16, 266: 254, 267: 86, 268: 324, 269: 16, 270: 254, 271: 16, 272: 254, 273: 86, 274: 324, 275: 86, 276: 324, 277: 30, 278: 268, 281: 44, 282: 282, 283: 44, 284: 282, 289: 30, 290: 268, 291: 44, 292: 282, 303: 16, 304: 254, 305: 86, 306: 324, 321: 30, 322: 268, 323: 100, 324: 338, 325: 30, 326: 268, 327: 100, 328: 338, 329: 16, 330: 254, 341: 114, 342: 352, 343: 114, 344: 352, 349: 100, 350: 338, 351: 86, 352: 324, 435: 30, 436: 268, 475: 44, 476: 282, 481: 58, 482: 296, 517: 310, 518: 72, 519: 30, 520: 268, 555: 282, 556: 44, 557: 44, 558: 282, 559: 268, 560: 30, 561: 128, 562: 366, 565: 100, 566: 338, 577: 114, 578: 352, 579: 16, 580: 254, 583: 296, 584: 58, 585: 30, 586: 268, 587: 86, 588: 324, 589: 16, 590: 254, 591: 428, 592: 666, 593: 30, 594: 268, 595: 86, 596: 324, 597: 100, 598: 338, 599: 58, 600: 296, 601: 428, 602: 666, 603: 44, 604: 282, 605: 30, 606: 268, 607: 128, 608: 366, 613: 428, 614: 666, 615: 30, 616: 268, 617: 72, 618: 310, 621: 100, 622: 338, 625: 268, 626: 30, 629: 86, 630: 324, 631: 114, 632: 352, 633: 338, 634: 100, 635: 380, 636: 142, 645: 30, 646: 268, 651: 16, 652: 254, 661: 72, 662: 310, 663: 16, 664: 254, 665: 352, 666: 114, 667: 16, 668: 254, 713: 30, 714: 268, 717: 86, 718: 324, 719: 156, 720: 394, 721: 366, 722: 128, 723: 16, 724: 254, 743: 44, 744: 282, 745: 128, 746: 366, 747: 114, 748: 352, 763: 296, 764: 58, 765: 268, 766: 30, 767: 156, 768: 394, 785: 16, 786: 254, 787: 310, 788: 72, 789: 44, 790: 282, 791: 114, 792: 352, 793: 30, 794: 268, 795: 100, 796: 338, 797: 30, 798: 268, 799: 100, 800: 338, 801: 498, 802: 736, 879: 44, 880: 282}
Correct solution!
Number of lables used:  26
--------------------------------------------------

Trying with at most 25 labels...
Solution:
{13: 128, 14: 366, 15: 128, 16: 366, 53: 142, 54: 380, 79: 156, 80: 394, 81: 142, 82: 380, 83: 100, 84: 338, 85: 30, 86: 268, 127: 268, 128: 30, 129: 100, 130: 338, 143: 156, 144: 394, 145: 156, 146: 394, 205: 156, 206: 394, 233: 128, 234: 366, 235: 268, 236: 30, 237: 30, 238: 268, 261: 156, 262: 394, 263: 16, 264: 254, 265: 30, 266: 268, 267: 156, 268: 394, 269: 736, 270: 498, 271: 736, 272: 498, 273: 380, 274: 142, 275: 380, 276: 142, 277: 30, 278: 268, 281: 142, 282: 380, 283: 128, 284: 366, 289: 156, 290: 394, 291: 100, 292: 338, 303: 394, 304: 156, 305: 16, 306: 254, 321: 268, 322: 30, 323: 414, 324: 652, 325: 394, 326: 156, 327: 30, 328: 268, 329: 254, 330: 16, 341: 380, 342: 142, 343: 380, 344: 142, 349: 380, 350: 142, 351: 380, 352: 142, 435: 100, 436: 338, 475: 128, 476: 366, 481: 142, 482: 380, 517: 100, 518: 338, 519: 30, 520: 268, 555: 666, 556: 428, 557: 736, 558: 498, 559: 338, 560: 100, 561: 338, 562: 100, 565: 268, 566: 30, 577: 394, 578: 156, 579: 16, 580: 254, 583: 100, 584: 338, 585: 86, 586: 324, 587: 156, 588: 394, 589: 30, 590: 268, 591: 268, 592: 30, 593: 128, 594: 366, 595: 142, 596: 380, 597: 142, 598: 380, 599: 428, 600: 666, 601: 128, 602: 366, 603: 142, 604: 380, 605: 30, 606: 268, 607: 128, 608: 366, 613: 666, 614: 428, 615: 142, 616: 380, 617: 128, 618: 366, 621: 380, 622: 142, 625: 268, 626: 30, 629: 142, 630: 380, 631: 30, 632: 268, 633: 128, 634: 366, 635: 142, 636: 380, 645: 100, 646: 338, 651: 156, 652: 394, 661: 156, 662: 394, 663: 16, 664: 254, 665: 16, 666: 254, 667: 156, 668: 394, 713: 30, 714: 268, 717: 380, 718: 142, 719: 16, 720: 254, 721: 86, 722: 324, 723: 156, 724: 394, 743: 366, 744: 128, 745: 142, 746: 380, 747: 86, 748: 324, 763: 142, 764: 380, 765: 156, 766: 394, 767: 100, 768: 338, 785: 156, 786: 394, 787: 30, 788: 268, 789: 142, 790: 380, 791: 30, 792: 268, 793: 142, 794: 380, 795: 30, 796: 268, 797: 142, 798: 380, 799: 366, 800: 128, 801: 666, 802: 428, 879: 142, 880: 380}
Number of lables used:  20
Time taken: 0.28 seconds
--------------------------------------------------

Trying with at most 19 labels...
Solution:
{13: 128, 14: 366, 15: 128, 16: 366, 53: 142, 54: 380, 79: 100, 80: 338, 81: 128, 82: 366, 83: 736, 84: 498, 85: 100, 86: 338, 127: 652, 128: 414, 129: 30, 130: 268, 143: 142, 144: 380, 145: 142, 146: 380, 205: 142, 206: 380, 233: 128, 234: 366, 235: 268, 236: 30, 237: 30, 238: 268, 261: 128, 262: 366, 263: 16, 264: 254, 265: 16, 266: 254, 267: 128, 268: 366, 269: 666, 270: 428, 271: 666, 272: 428, 273: 254, 274: 16, 275: 254, 276: 16, 277: 666, 278: 428, 281: 128, 282: 366, 283: 100, 284: 338, 289: 142, 290: 380, 291: 100, 292: 338, 303: 380, 304: 142, 305: 16, 306: 254, 321: 268, 322: 30, 323: 414, 324: 652, 325: 736, 326: 498, 327: 30, 328: 268, 329: 254, 330: 16, 341: 366, 342: 128, 343: 366, 344: 128, 349: 380, 350: 142, 351: 380, 352: 142, 435: 100, 436: 338, 475: 128, 476: 366, 481: 142, 482: 380, 517: 100, 518: 338, 519: 30, 520: 268, 555: 736, 556: 498, 557: 736, 558: 498, 559: 338, 560: 100, 561: 338, 562: 100, 565: 736, 566: 498, 577: 324, 578: 86, 579: 16, 580: 254, 583: 86, 584: 324, 585: 30, 586: 268, 587: 128, 588: 366, 589: 30, 590: 268, 591: 268, 592: 30, 593: 128, 594: 366, 595: 142, 596: 380, 597: 142, 598: 380, 599: 428, 600: 666, 601: 128, 602: 366, 603: 142, 604: 380, 605: 30, 606: 268, 607: 100, 608: 338, 613: 666, 614: 428, 615: 100, 616: 338, 617: 128, 618: 366, 621: 380, 622: 142, 625: 268, 626: 30, 629: 142, 630: 380, 631: 30, 632: 268, 633: 128, 634: 366, 635: 142, 636: 380, 645: 100, 646: 338, 651: 142, 652: 380, 661: 142, 662: 380, 663: 16, 664: 254, 665: 16, 666: 254, 667: 142, 668: 380, 713: 666, 714: 428, 717: 254, 718: 16, 719: 366, 720: 128, 721: 30, 722: 268, 723: 142, 724: 380, 743: 366, 744: 128, 745: 142, 746: 380, 747: 86, 748: 324, 763: 142, 764: 380, 765: 16, 766: 254, 767: 100, 768: 338, 785: 86, 786: 324, 787: 30, 788: 268, 789: 142, 790: 380, 791: 30, 792: 268, 793: 142, 794: 380, 795: 30, 796: 268, 797: 142, 798: 380, 799: 366, 800: 128, 801: 666, 802: 428, 879: 142, 880: 380}
Number of lables used:  18
Time taken: 0.29 seconds
--------------------------------------------------

Trying with at most 17 labels...
Solution:
{13: 254, 14: 16, 15: 254, 16: 16, 53: 142, 54: 380, 79: 100, 80: 338, 81: 128, 82: 366, 83: 268, 84: 30, 85: 366, 86: 128, 127: 680, 128: 442, 129: 30, 130: 268, 143: 142, 144: 380, 145: 142, 146: 380, 205: 142, 206: 380, 233: 86, 234: 324, 235: 30, 236: 268, 237: 30, 238: 268, 261: 128, 262: 366, 263: 338, 264: 100, 265: 16, 266: 254, 267: 128, 268: 366, 269: 680, 270: 442, 271: 680, 272: 442, 273: 254, 274: 16, 275: 254, 276: 16, 277: 680, 278: 442, 281: 128, 282: 366, 283: 100, 284: 338, 289: 142, 290: 380, 291: 100, 292: 338, 303: 380, 304: 142, 305: 442, 306: 680, 321: 750, 322: 512, 323: 142, 324: 380, 325: 254, 326: 16, 327: 366, 328: 128, 329: 254, 330: 16, 341: 366, 342: 128, 343: 366, 344: 128, 349: 380, 350: 142, 351: 380, 352: 142, 435: 100, 436: 338, 475: 128, 476: 366, 481: 142, 482: 380, 517: 100, 518: 338, 519: 30, 520: 268, 555: 750, 556: 512, 557: 680, 558: 442, 559: 338, 560: 100, 561: 338, 562: 100, 565: 680, 566: 442, 577: 254, 578: 16, 579: 16, 580: 254, 583: 86, 584: 324, 585: 30, 586: 268, 587: 128, 588: 366, 589: 30, 590: 268, 591: 268, 592: 30, 593: 30, 594: 268, 595: 142, 596: 380, 597: 142, 598: 380, 599: 268, 600: 30, 601: 128, 602: 366, 603: 142, 604: 380, 605: 30, 606: 268, 607: 100, 608: 338, 613: 86, 614: 324, 615: 100, 616: 338, 617: 128, 618: 366, 621: 380, 622: 142, 625: 268, 626: 30, 629: 30, 630: 268, 631: 380, 632: 142, 633: 128, 634: 366, 635: 142, 636: 380, 645: 100, 646: 338, 651: 142, 652: 380, 661: 142, 662: 380, 663: 254, 664: 16, 665: 366, 666: 128, 667: 142, 668: 380, 713: 680, 714: 442, 717: 254, 718: 16, 719: 366, 720: 128, 721: 30, 722: 268, 723: 142, 724: 380, 743: 268, 744: 30, 745: 142, 746: 380, 747: 380, 748: 142, 763: 142, 764: 380, 765: 16, 766: 254, 767: 100, 768: 338, 785: 16, 786: 254, 787: 30, 788: 268, 789: 142, 790: 380, 791: 30, 792: 268, 793: 142, 794: 380, 795: 30, 796: 268, 797: 142, 798: 380, 799: 366, 800: 128, 801: 442, 802: 680, 879: 142, 880: 380}
Number of lables used:  16
Time taken: 0.29 seconds
--------------------------------------------------

Trying with at most 15 labels...
Solution:
{13: 442, 14: 680, 15: 442, 16: 680, 53: 114, 54: 352, 79: 30, 80: 268, 81: 114, 82: 352, 83: 394, 84: 156, 85: 268, 86: 30, 127: 680, 128: 442, 129: 16, 130: 254, 143: 268, 144: 30, 145: 268, 146: 30, 205: 114, 206: 352, 233: 44, 234: 282, 235: 30, 236: 268, 237: 114, 238: 352, 261: 44, 262: 282, 263: 44, 264: 282, 265: 156, 266: 394, 267: 16, 268: 254, 269: 254, 270: 16, 271: 254, 272: 16, 273: 156, 274: 394, 275: 156, 276: 394, 277: 282, 278: 44, 281: 114, 282: 352, 283: 114, 284: 352, 289: 44, 290: 282, 291: 394, 292: 156, 303: 268, 304: 30, 305: 708, 306: 470, 321: 16, 322: 254, 323: 352, 324: 114, 325: 16, 326: 254, 327: 394, 328: 156, 329: 254, 330: 16, 341: 708, 342: 470, 343: 708, 344: 470, 349: 680, 350: 442, 351: 352, 352: 114, 435: 30, 436: 268, 475: 44, 476: 282, 481: 114, 482: 352, 517: 44, 518: 282, 519: 352, 520: 114, 555: 30, 556: 268, 557: 30, 558: 268, 559: 268, 560: 30, 561: 352, 562: 114, 565: 680, 566: 442, 577: 394, 578: 156, 579: 16, 580: 254, 583: 352, 584: 114, 585: 268, 586: 30, 587: 44, 588: 282, 589: 394, 590: 156, 591: 268, 592: 30, 593: 442, 594: 680, 595: 30, 596: 268, 597: 44, 598: 282, 599: 44, 600: 282, 601: 44, 602: 282, 603: 114, 604: 352, 605: 30, 606: 268, 607: 282, 608: 44, 613: 114, 614: 352, 615: 44, 616: 282, 617: 114, 618: 352, 621: 680, 622: 442, 625: 282, 626: 44, 629: 352, 630: 114, 631: 282, 632: 44, 633: 282, 634: 44, 635: 114, 636: 352, 645: 44, 646: 282, 651: 114, 652: 352, 661: 114, 662: 352, 663: 352, 664: 114, 665: 708, 666: 470, 667: 114, 668: 352, 713: 282, 714: 44, 717: 156, 718: 394, 719: 708, 720: 470, 721: 442, 722: 680, 723: 268, 724: 30, 743: 30, 744: 268, 745: 352, 746: 114, 747: 282, 748: 44, 763: 114, 764: 352, 765: 16, 766: 254, 767: 394, 768: 156, 785: 16, 786: 254, 787: 708, 788: 470, 789: 44, 790: 282, 791: 352, 792: 114, 793: 44, 794: 282, 795: 352, 796: 114, 797: 44, 798: 282, 799: 352, 800: 114, 801: 470, 802: 708, 879: 114, 880: 352}
Number of lables used:  14
Time taken: 0.30 seconds
--------------------------------------------------

Trying with at most 13 labels...
[runlim] sample:		10.0 time, 10.5 real, 61.7 MB
[runlim] sample:		20.0 time, 20.5 real, 65.9 MB
Cannot find solution.
No more solutions found.
Optimal number of labels used:  14
[runlim] end:			Fri Jan 23 10:45:59 2026
[runlim] status:		ok
[runlim] result:		0
[runlim] children:		0
[runlim] real:			24.70 seconds
[runlim] time:			24.06 seconds
[runlim] space:			66.4 MB
[runlim] samples:		241
