[runlim] version:		1.10
[runlim] time limit:		311040000 seconds
[runlim] real time limit:	900 seconds
[runlim] space limit:		8000 MB
[runlim] argv[0]:		python3
[runlim] argv[1]:		-u
[runlim] argv[2]:		main.py
[runlim] argv[3]:		graph02
[runlim] argv[4]:		sc_full
[runlim] argv[5]:		assumptions
[runlim] argv[6]:		glucose4
[runlim] start:			Thu Jan 15 04:22:52 2026
[runlim] main pid:		148001
Solve first problem:
Solution:
{1: 666, 2: 428, 3: 100, 4: 338, 5: 268, 6: 30, 7: 324, 8: 86, 9: 652, 10: 414, 11: 394, 12: 156, 13: 694, 14: 456, 15: 310, 16: 72, 17: 282, 18: 44, 19: 296, 20: 58, 21: 142, 22: 380, 23: 366, 24: 128, 25: 268, 26: 30, 27: 324, 28: 86, 29: 156, 30: 394, 31: 114, 32: 352, 33: 380, 34: 142, 35: 666, 36: 428, 37: 86, 38: 324, 39: 380, 40: 142, 41: 324, 42: 86, 43: 254, 44: 16, 45: 680, 46: 442, 47: 338, 48: 100, 49: 310, 50: 72, 51: 44, 52: 282, 53: 380, 54: 142, 55: 296, 56: 58, 57: 666, 58: 428, 59: 310, 60: 72, 61: 128, 62: 366, 63: 310, 64: 72, 65: 30, 66: 268, 67: 652, 68: 414, 69: 254, 70: 16, 71: 380, 72: 142, 73: 16, 74: 254, 75: 254, 76: 16, 77: 394, 78: 156, 79: 282, 80: 44, 81: 310, 82: 72, 83: 156, 84: 394, 85: 694, 86: 456, 87: 86, 88: 324, 89: 156, 90: 394, 91: 268, 92: 30, 93: 324, 94: 86, 95: 666, 96: 428, 97: 128, 98: 366, 99: 310, 100: 72, 101: 324, 102: 86, 103: 380, 104: 142, 105: 16, 106: 254, 107: 352, 108: 114, 109: 282, 110: 44, 111: 296, 112: 58, 113: 30, 114: 268, 115: 338, 116: 100, 117: 114, 118: 352, 119: 380, 120: 142, 121: 338, 122: 100, 123: 324, 124: 86, 125: 268, 126: 30, 127: 338, 128: 100, 129: 380, 130: 142, 131: 324, 132: 86, 133: 680, 134: 442, 135: 380, 136: 142, 137: 324, 138: 86, 139: 282, 140: 44, 141: 352, 142: 114, 143: 680, 144: 442, 145: 282, 146: 44, 147: 352, 148: 114, 149: 58, 150: 296, 151: 338, 152: 100, 153: 254, 154: 16, 155: 380, 156: 142, 157: 652, 158: 414, 159: 310, 160: 72, 161: 708, 162: 470, 163: 380, 164: 142, 165: 352, 166: 114, 167: 310, 168: 72, 169: 324, 170: 86, 171: 338, 172: 100, 173: 296, 174: 58, 175: 680, 176: 442, 177: 156, 178: 394, 179: 380, 180: 142, 181: 268, 182: 30, 183: 694, 184: 456, 185: 282, 186: 44, 187: 652, 188: 414, 189: 380, 190: 142, 191: 680, 192: 442, 193: 128, 194: 366, 195: 324, 196: 86, 197: 296, 198: 58, 199: 310, 200: 72, 201: 156, 202: 394, 203: 268, 204: 30, 205: 324, 206: 86, 207: 338, 208: 100, 209: 310, 210: 72, 211: 268, 212: 30, 213: 478, 214: 240, 215: 366, 216: 128, 217: 254, 218: 16, 219: 268, 220: 30, 221: 352, 222: 114, 223: 324, 224: 86, 225: 254, 226: 16, 227: 408, 228: 170, 229: 310, 230: 72, 231: 16, 232: 254, 233: 366, 234: 128, 235: 282, 236: 44, 237: 268, 238: 30, 239: 338, 240: 100, 241: 296, 242: 58, 243: 338, 244: 100, 245: 666, 246: 428, 247: 380, 248: 142, 249: 324, 250: 86, 251: 16, 252: 254, 253: 58, 254: 296, 255: 380, 256: 142, 257: 310, 258: 72, 259: 380, 260: 142, 261: 254, 262: 16, 263: 380, 264: 142, 265: 380, 266: 142, 267: 44, 268: 282, 269: 282, 270: 44, 271: 268, 272: 30, 273: 296, 274: 58, 275: 254, 276: 16, 277: 310, 278: 72, 279: 666, 280: 428, 281: 366, 282: 128, 283: 268, 284: 30, 285: 380, 286: 142, 287: 254, 288: 16, 289: 324, 290: 86, 291: 380, 292: 142, 293: 380, 294: 142, 295: 338, 296: 100, 297: 380, 298: 142, 299: 408, 300: 170, 301: 282, 302: 44, 303: 652, 304: 414, 305: 268, 306: 30, 307: 296, 308: 58, 309: 380, 310: 142, 311: 380, 312: 142, 313: 380, 314: 142, 315: 296, 316: 58, 317: 408, 318: 170, 319: 310, 320: 72, 321: 380, 322: 142, 323: 338, 324: 100, 325: 310, 326: 72, 327: 282, 328: 44, 329: 268, 330: 30, 331: 268, 332: 30, 333: 268, 334: 30, 335: 254, 336: 16, 337: 282, 338: 44, 339: 380, 340: 142, 341: 296, 342: 58, 343: 254, 344: 16, 345: 310, 346: 72, 347: 310, 348: 72, 349: 380, 350: 142, 351: 380, 352: 142, 353: 254, 354: 16, 355: 268, 356: 30, 357: 324, 358: 86, 359: 338, 360: 100, 361: 338, 362: 100, 363: 268, 364: 30, 365: 268, 366: 30, 367: 254, 368: 16, 369: 282, 370: 44, 371: 254, 372: 16, 373: 324, 374: 86, 375: 254, 376: 16, 377: 254, 378: 16, 379: 282, 380: 44, 381: 268, 382: 30, 383: 254, 384: 16, 385: 268, 386: 30, 387: 268, 388: 30, 389: 254, 390: 16, 391: 254, 392: 16, 393: 254, 394: 16, 395: 268, 396: 30, 397: 324, 398: 86, 399: 268, 400: 30}
Correct solution!
Number of lables used:  36
Time taken: 0.33 seconds
Memory used: 38.87 MB
--------------------------------------------------

Trying with at most 35 labels...
Solution:
{1: 16, 2: 254, 3: 16, 4: 254, 5: 254, 6: 16, 7: 254, 8: 16, 9: 44, 10: 282, 11: 338, 12: 100, 13: 366, 14: 128, 15: 254, 16: 16, 17: 254, 18: 16, 19: 338, 20: 100, 21: 156, 22: 394, 23: 394, 24: 156, 25: 310, 26: 72, 27: 394, 28: 156, 29: 394, 30: 156, 31: 72, 32: 310, 33: 324, 34: 86, 35: 86, 36: 324, 37: 366, 38: 128, 39: 86, 40: 324, 41: 282, 42: 44, 43: 86, 44: 324, 45: 44, 46: 282, 47: 254, 48: 16, 49: 338, 50: 100, 51: 282, 52: 44, 53: 408, 54: 170, 55: 254, 56: 16, 57: 366, 58: 128, 59: 156, 60: 394, 61: 44, 62: 282, 63: 128, 64: 366, 65: 100, 66: 338, 67: 282, 68: 44, 69: 86, 70: 324, 71: 408, 72: 170, 73: 394, 74: 156, 75: 254, 76: 16, 77: 282, 78: 44, 79: 282, 80: 44, 81: 100, 82: 338, 83: 394, 84: 156, 85: 338, 86: 100, 87: 366, 88: 128, 89: 156, 90: 394, 91: 86, 92: 324, 93: 338, 94: 100, 95: 338, 96: 100, 97: 72, 98: 310, 99: 282, 100: 44, 101: 128, 102: 366, 103: 128, 104: 366, 105: 86, 106: 324, 107: 366, 108: 128, 109: 310, 110: 72, 111: 86, 112: 324, 113: 310, 114: 72, 115: 254, 116: 16, 117: 394, 118: 156, 119: 408, 120: 170, 121: 282, 122: 44, 123: 338, 124: 100, 125: 310, 126: 72, 127: 44, 128: 282, 129: 408, 130: 170, 131: 16, 132: 254, 133: 72, 134: 310, 135: 408, 136: 170, 137: 282, 138: 44, 139: 324, 140: 86, 141: 44, 142: 282, 143: 310, 144: 72, 145: 282, 146: 44, 147: 282, 148: 44, 149: 366, 150: 128, 151: 72, 152: 310, 153: 16, 154: 254, 155: 170, 156: 408, 157: 128, 158: 366, 159: 86, 160: 324, 161: 16, 162: 254, 163: 170, 164: 408, 165: 16, 166: 254, 167: 128, 168: 366, 169: 72, 170: 310, 171: 44, 172: 282, 173: 338, 174: 100, 175: 16, 176: 254, 177: 282, 178: 44, 179: 408, 180: 170, 181: 72, 182: 310, 183: 86, 184: 324, 185: 282, 186: 44, 187: 44, 188: 282, 189: 408, 190: 170, 191: 44, 192: 282, 193: 394, 194: 156, 195: 72, 196: 310, 197: 338, 198: 100, 199: 310, 200: 72, 201: 338, 202: 100, 203: 128, 204: 366, 205: 128, 206: 366, 207: 366, 208: 128, 209: 366, 210: 128, 211: 156, 212: 394, 213: 170, 214: 408, 215: 16, 216: 254, 217: 254, 218: 16, 219: 310, 220: 72, 221: 86, 222: 324, 223: 44, 224: 282, 225: 282, 226: 44, 227: 408, 228: 170, 229: 128, 230: 366, 231: 282, 232: 44, 233: 128, 234: 366, 235: 324, 236: 86, 237: 128, 238: 366, 239: 86, 240: 324, 241: 324, 242: 86, 243: 156, 244: 394, 245: 72, 246: 310, 247: 408, 248: 170, 249: 338, 250: 100, 251: 100, 252: 338, 253: 310, 254: 72, 255: 408, 256: 170, 257: 394, 258: 156, 259: 170, 260: 408, 261: 324, 262: 86, 263: 170, 264: 408, 265: 170, 266: 408, 267: 16, 268: 254, 269: 338, 270: 100, 271: 394, 272: 156, 273: 86, 274: 324, 275: 44, 276: 282, 277: 44, 278: 282, 279: 366, 280: 128, 281: 310, 282: 72, 283: 128, 284: 366, 285: 408, 286: 170, 287: 16, 288: 254, 289: 282, 290: 44, 291: 408, 292: 170, 293: 408, 294: 170, 295: 44, 296: 282, 297: 408, 298: 170, 299: 170, 300: 408, 301: 282, 302: 44, 303: 72, 304: 310, 305: 310, 306: 72, 307: 282, 308: 44, 309: 170, 310: 408, 311: 170, 312: 408, 313: 408, 314: 170, 315: 394, 316: 156, 317: 170, 318: 408, 319: 366, 320: 128, 321: 16, 322: 254, 323: 282, 324: 44, 325: 16, 326: 254, 327: 72, 328: 310, 329: 72, 330: 310, 331: 156, 332: 394, 333: 156, 334: 394, 335: 100, 336: 338, 337: 282, 338: 44, 339: 408, 340: 170, 341: 44, 342: 282, 343: 310, 344: 72, 345: 156, 346: 394, 347: 100, 348: 338, 349: 170, 350: 408, 351: 170, 352: 408, 353: 324, 354: 86, 355: 394, 356: 156, 357: 86, 358: 324, 359: 128, 360: 366, 361: 16, 362: 254, 363: 324, 364: 86, 365: 100, 366: 338, 367: 16, 368: 254, 369: 44, 370: 282, 371: 254, 372: 16, 373: 156, 374: 394, 375: 44, 376: 282, 377: 254, 378: 16, 379: 324, 380: 86, 381: 86, 382: 324, 383: 254, 384: 16, 385: 44, 386: 282, 387: 338, 388: 100, 389: 44, 390: 282, 391: 254, 392: 16, 393: 254, 394: 16, 395: 366, 396: 128, 397: 156, 398: 394, 399: 338, 400: 100}
Correct solution!
Number of lables used:  16
Time taken: 0.37 seconds
Memory used: 40.25 MB
--------------------------------------------------

Trying with at most 15 labels...
Solution:
{1: 442, 2: 680, 3: 512, 4: 750, 5: 736, 6: 498, 7: 442, 8: 680, 9: 512, 10: 750, 11: 680, 12: 442, 13: 442, 14: 680, 15: 512, 16: 750, 17: 58, 18: 296, 19: 736, 20: 498, 21: 694, 22: 456, 23: 512, 24: 750, 25: 694, 26: 456, 27: 736, 28: 498, 29: 512, 30: 750, 31: 680, 32: 442, 33: 442, 34: 680, 35: 694, 36: 456, 37: 442, 38: 680, 39: 694, 40: 456, 41: 268, 42: 30, 43: 694, 44: 456, 45: 58, 46: 296, 47: 736, 48: 498, 49: 512, 50: 750, 51: 296, 52: 58, 53: 408, 54: 170, 55: 30, 56: 268, 57: 58, 58: 296, 59: 58, 60: 296, 61: 736, 62: 498, 63: 30, 64: 268, 65: 680, 66: 442, 67: 750, 68: 512, 69: 30, 70: 268, 71: 408, 72: 170, 73: 58, 74: 296, 75: 736, 76: 498, 77: 268, 78: 30, 79: 680, 80: 442, 81: 268, 82: 30, 83: 268, 84: 30, 85: 442, 86: 680, 87: 58, 88: 296, 89: 512, 90: 750, 91: 750, 92: 512, 93: 58, 94: 296, 95: 512, 96: 750, 97: 58, 98: 296, 99: 268, 100: 30, 101: 268, 102: 30, 103: 268, 104: 30, 105: 694, 106: 456, 107: 58, 108: 296, 109: 750, 110: 512, 111: 442, 112: 680, 113: 268, 114: 30, 115: 268, 116: 30, 117: 498, 118: 736, 119: 170, 120: 408, 121: 30, 122: 268, 123: 750, 124: 512, 125: 30, 126: 268, 127: 680, 128: 442, 129: 408, 130: 170, 131: 268, 132: 30, 133: 58, 134: 296, 135: 408, 136: 170, 137: 296, 138: 58, 139: 58, 140: 296, 141: 680, 142: 442, 143: 498, 144: 736, 145: 296, 146: 58, 147: 296, 148: 58, 149: 58, 150: 296, 151: 58, 152: 296, 153: 296, 154: 58, 155: 170, 156: 408, 157: 512, 158: 750, 159: 30, 160: 268, 161: 30, 162: 268, 163: 170, 164: 408, 165: 296, 166: 58, 167: 498, 168: 736, 169: 736, 170: 498, 171: 296, 172: 58, 173: 498, 174: 736, 175: 268, 176: 30, 177: 512, 178: 750, 179: 408, 180: 170, 181: 736, 182: 498, 183: 442, 184: 680, 185: 30, 186: 268, 187: 58, 188: 296, 189: 408, 190: 170, 191: 456, 192: 694, 193: 512, 194: 750, 195: 498, 196: 736, 197: 694, 198: 456, 199: 498, 200: 736, 201: 58, 202: 296, 203: 736, 204: 498, 205: 750, 206: 512, 207: 750, 208: 512, 209: 30, 210: 268, 211: 30, 212: 268, 213: 170, 214: 408, 215: 58, 216: 296, 217: 498, 218: 736, 219: 296, 220: 58, 221: 512, 222: 750, 223: 750, 224: 512, 225: 680, 226: 442, 227: 408, 228: 170, 229: 680, 230: 442, 231: 736, 232: 498, 233: 268, 234: 30, 235: 442, 236: 680, 237: 268, 238: 30, 239: 30, 240: 268, 241: 694, 242: 456, 243: 680, 244: 442, 245: 456, 246: 694, 247: 408, 248: 170, 249: 736, 250: 498, 251: 442, 252: 680, 253: 498, 254: 736, 255: 170, 256: 408, 257: 498, 258: 736, 259: 170, 260: 408, 261: 442, 262: 680, 263: 170, 264: 408, 265: 408, 266: 170, 267: 736, 268: 498, 269: 694, 270: 456, 271: 694, 272: 456, 273: 680, 274: 442, 275: 58, 276: 296, 277: 750, 278: 512, 279: 442, 280: 680, 281: 268, 282: 30, 283: 296, 284: 58, 285: 170, 286: 408, 287: 442, 288: 680, 289: 694, 290: 456, 291: 408, 292: 170, 293: 408, 294: 170, 295: 30, 296: 268, 297: 170, 298: 408, 299: 170, 300: 408, 301: 268, 302: 30, 303: 498, 304: 736, 305: 456, 306: 694, 307: 268, 308: 30, 309: 170, 310: 408, 311: 170, 312: 408, 313: 170, 314: 408, 315: 456, 316: 694, 317: 408, 318: 170, 319: 498, 320: 736, 321: 750, 322: 512, 323: 296, 324: 58, 325: 680, 326: 442, 327: 30, 328: 268, 329: 680, 330: 442, 331: 296, 332: 58, 333: 512, 334: 750, 335: 442, 336: 680, 337: 296, 338: 58, 339: 408, 340: 170, 341: 456, 342: 694, 343: 694, 344: 456, 345: 694, 346: 456, 347: 58, 348: 296, 349: 170, 350: 408, 351: 408, 352: 170, 353: 694, 354: 456, 355: 456, 356: 694, 357: 750, 358: 512, 359: 442, 360: 680, 361: 268, 362: 30, 363: 442, 364: 680, 365: 694, 366: 456, 367: 680, 368: 442, 369: 680, 370: 442, 371: 456, 372: 694, 373: 268, 374: 30, 375: 30, 376: 268, 377: 268, 378: 30, 379: 750, 380: 512, 381: 680, 382: 442, 383: 736, 384: 498, 385: 442, 386: 680, 387: 736, 388: 498, 389: 694, 390: 456, 391: 680, 392: 442, 393: 736, 394: 498, 395: 498, 396: 736, 397: 296, 398: 58, 399: 456, 400: 694}
Correct solution!
Number of lables used:  14
Time taken: 0.44 seconds
Memory used: 41.00 MB
--------------------------------------------------

Trying with at most 13 labels...
[runlim] sample:		10.0 time, 10.5 real, 59.3 MB
[runlim] sample:		20.0 time, 20.5 real, 61.3 MB
Cannot find solution.
No more solutions found.
Optimal number of labels used:  14
Time taken: 23.31 seconds
[runlim] end:			Thu Jan 15 04:23:15 2026
[runlim] status:		ok
[runlim] result:		0
[runlim] children:		0
[runlim] real:			23.90 seconds
[runlim] time:			23.29 seconds
[runlim] space:			63.3 MB
[runlim] samples:		233
