[runlim] version:		1.10
[runlim] time limit:		311040000 seconds
[runlim] real time limit:	900 seconds
[runlim] space limit:		8000 MB
[runlim] argv[0]:		python3
[runlim] argv[1]:		-u
[runlim] argv[2]:		main.py
[runlim] argv[3]:		scen02
[runlim] argv[4]:		sc_full
[runlim] argv[5]:		assumptions
[runlim] argv[6]:		glucose4
[runlim] start:			Thu Jan 15 04:12:57 2026
[runlim] main pid:		144233
Solve first problem:
Solution:
{13: 268, 14: 30, 15: 268, 16: 30, 53: 268, 54: 30, 79: 254, 80: 16, 81: 268, 82: 30, 83: 680, 84: 442, 85: 352, 86: 114, 127: 352, 128: 114, 129: 254, 130: 16, 143: 254, 144: 16, 145: 254, 146: 16, 205: 254, 206: 16, 233: 666, 234: 428, 235: 338, 236: 100, 237: 352, 238: 114, 261: 254, 262: 16, 263: 352, 264: 114, 265: 338, 266: 100, 267: 254, 268: 16, 269: 352, 270: 114, 271: 352, 272: 114, 273: 44, 274: 282, 275: 44, 276: 282, 277: 352, 278: 114, 281: 268, 282: 30, 283: 282, 284: 44, 289: 254, 290: 16, 291: 324, 292: 86, 303: 666, 304: 428, 305: 338, 306: 100, 321: 156, 322: 394, 323: 254, 324: 16, 325: 666, 326: 428, 327: 338, 328: 100, 329: 254, 330: 16, 341: 30, 342: 268, 343: 30, 344: 268, 349: 338, 350: 100, 351: 30, 352: 268, 435: 296, 436: 58, 475: 282, 476: 44, 481: 268, 482: 30, 517: 268, 518: 30, 519: 338, 520: 100, 555: 128, 556: 366, 557: 666, 558: 428, 559: 58, 560: 296, 561: 366, 562: 128, 565: 100, 566: 338, 577: 324, 578: 86, 579: 352, 580: 114, 583: 666, 584: 428, 585: 324, 586: 86, 587: 254, 588: 16, 589: 366, 590: 128, 591: 352, 592: 114, 593: 114, 594: 352, 595: 296, 596: 58, 597: 268, 598: 30, 599: 142, 600: 380, 601: 282, 602: 44, 603: 268, 604: 30, 605: 268, 606: 30, 607: 338, 608: 100, 613: 100, 614: 338, 615: 282, 616: 44, 617: 268, 618: 30, 621: 338, 622: 100, 625: 268, 626: 30, 629: 282, 630: 44, 631: 268, 632: 30, 633: 282, 634: 44, 635: 268, 636: 30, 645: 296, 646: 58, 651: 254, 652: 16, 661: 254, 662: 16, 663: 394, 664: 156, 665: 366, 666: 128, 667: 254, 668: 16, 713: 352, 714: 114, 717: 44, 718: 282, 719: 394, 720: 156, 721: 324, 722: 86, 723: 254, 724: 16, 743: 44, 744: 282, 745: 268, 746: 30, 747: 324, 748: 86, 763: 268, 764: 30, 765: 254, 766: 16, 767: 296, 768: 58, 785: 254, 786: 16, 787: 268, 788: 30, 789: 338, 790: 100, 791: 268, 792: 30, 793: 338, 794: 100, 795: 268, 796: 30, 797: 352, 798: 114, 799: 282, 800: 44, 801: 268, 802: 30, 879: 268, 880: 30}
Correct solution!
Number of lables used:  24
Time taken: 0.21 seconds
Memory used: 31.29 MB
--------------------------------------------------

Trying with at most 23 labels...
Solution:
{13: 750, 14: 512, 15: 750, 16: 512, 53: 86, 54: 324, 79: 414, 80: 652, 81: 324, 82: 86, 83: 414, 84: 652, 85: 324, 86: 86, 127: 254, 128: 16, 129: 652, 130: 414, 143: 324, 144: 86, 145: 324, 146: 86, 205: 324, 206: 86, 233: 86, 234: 324, 235: 778, 236: 540, 237: 86, 238: 324, 261: 86, 262: 324, 263: 736, 264: 498, 265: 414, 266: 652, 267: 764, 268: 526, 269: 526, 270: 764, 271: 652, 272: 414, 273: 540, 274: 778, 275: 540, 276: 778, 277: 498, 278: 736, 281: 540, 282: 778, 283: 526, 284: 764, 289: 736, 290: 498, 291: 254, 292: 16, 303: 254, 304: 16, 305: 652, 306: 414, 321: 254, 322: 16, 323: 736, 324: 498, 325: 16, 326: 254, 327: 652, 328: 414, 329: 254, 330: 16, 341: 750, 342: 512, 343: 750, 344: 512, 349: 498, 350: 736, 351: 736, 352: 498, 435: 778, 436: 540, 475: 736, 476: 498, 481: 324, 482: 86, 517: 750, 518: 512, 519: 86, 520: 324, 555: 750, 556: 512, 557: 86, 558: 324, 559: 512, 560: 750, 561: 540, 562: 778, 565: 540, 566: 778, 577: 16, 578: 254, 579: 16, 580: 254, 583: 86, 584: 324, 585: 254, 586: 16, 587: 324, 588: 86, 589: 16, 590: 254, 591: 512, 592: 750, 593: 750, 594: 512, 595: 526, 596: 764, 597: 736, 598: 498, 599: 764, 600: 526, 601: 86, 602: 324, 603: 324, 604: 86, 605: 86, 606: 324, 607: 498, 608: 736, 613: 764, 614: 526, 615: 736, 616: 498, 617: 324, 618: 86, 621: 498, 622: 736, 625: 324, 626: 86, 629: 736, 630: 498, 631: 86, 632: 324, 633: 324, 634: 86, 635: 736, 636: 498, 645: 16, 646: 254, 651: 324, 652: 86, 661: 324, 662: 86, 663: 16, 664: 254, 665: 540, 666: 778, 667: 324, 668: 86, 713: 498, 714: 736, 717: 540, 718: 778, 719: 16, 720: 254, 721: 414, 722: 652, 723: 324, 724: 86, 743: 750, 744: 512, 745: 498, 746: 736, 747: 498, 748: 736, 763: 324, 764: 86, 765: 254, 766: 16, 767: 414, 768: 652, 785: 16, 786: 254, 787: 324, 788: 86, 789: 540, 790: 778, 791: 736, 792: 498, 793: 512, 794: 750, 795: 86, 796: 324, 797: 736, 798: 498, 799: 86, 800: 324, 801: 764, 802: 526, 879: 324, 880: 86}
Correct solution!
Number of lables used:  14
Time taken: 0.23 seconds
Memory used: 32.29 MB
--------------------------------------------------

Trying with at most 13 labels...
[runlim] sample:		10.0 time, 10.1 real, 52.7 MB
Cannot find solution.
No more solutions found.
Optimal number of labels used:  14
Time taken: 15.32 seconds
[runlim] end:			Thu Jan 15 04:13:12 2026
[runlim] status:		ok
[runlim] result:		0
[runlim] children:		0
[runlim] real:			15.49 seconds
[runlim] time:			15.29 seconds
[runlim] space:			52.7 MB
[runlim] samples:		153
