[runlim] version:		1.10
[runlim] time limit:		311040000 seconds
[runlim] real time limit:	600 seconds
[runlim] space limit:		14000 MB
[runlim] argv[0]:		python3
[runlim] argv[1]:		-u
[runlim] argv[2]:		main.py
[runlim] argv[3]:		scen02
[runlim] argv[4]:		sc
[runlim] argv[5]:		incremental
[runlim] argv[6]:		cadical195
[runlim] start:			Thu Jan 22 23:45:34 2026
[runlim] main pid:		32362
Solve first problem:
Solution:
{13: 16, 14: 254, 15: 16, 16: 254, 53: 16, 54: 254, 79: 30, 80: 268, 81: 16, 82: 254, 83: 16, 84: 254, 85: 86, 86: 324, 127: 16, 128: 254, 129: 114, 130: 352, 143: 16, 144: 254, 145: 16, 146: 254, 205: 44, 206: 282, 233: 30, 234: 268, 235: 44, 236: 282, 237: 30, 238: 268, 261: 16, 262: 254, 263: 16, 264: 254, 265: 16, 266: 254, 267: 86, 268: 324, 269: 16, 270: 254, 271: 16, 272: 254, 273: 86, 274: 324, 275: 86, 276: 324, 277: 30, 278: 268, 281: 44, 282: 282, 283: 44, 284: 282, 289: 30, 290: 268, 291: 44, 292: 282, 303: 16, 304: 254, 305: 86, 306: 324, 321: 30, 322: 268, 323: 100, 324: 338, 325: 30, 326: 268, 327: 100, 328: 338, 329: 16, 330: 254, 341: 114, 342: 352, 343: 114, 344: 352, 349: 100, 350: 338, 351: 86, 352: 324, 435: 30, 436: 268, 475: 44, 476: 282, 481: 58, 482: 296, 517: 310, 518: 72, 519: 30, 520: 268, 555: 282, 556: 44, 557: 44, 558: 282, 559: 268, 560: 30, 561: 128, 562: 366, 565: 100, 566: 338, 577: 114, 578: 352, 579: 16, 580: 254, 583: 296, 584: 58, 585: 30, 586: 268, 587: 86, 588: 324, 589: 16, 590: 254, 591: 428, 592: 666, 593: 30, 594: 268, 595: 86, 596: 324, 597: 100, 598: 338, 599: 58, 600: 296, 601: 428, 602: 666, 603: 44, 604: 282, 605: 30, 606: 268, 607: 128, 608: 366, 613: 428, 614: 666, 615: 30, 616: 268, 617: 72, 618: 310, 621: 100, 622: 338, 625: 268, 626: 30, 629: 86, 630: 324, 631: 114, 632: 352, 633: 338, 634: 100, 635: 380, 636: 142, 645: 30, 646: 268, 651: 16, 652: 254, 661: 72, 662: 310, 663: 16, 664: 254, 665: 352, 666: 114, 667: 16, 668: 254, 713: 30, 714: 268, 717: 86, 718: 324, 719: 156, 720: 394, 721: 366, 722: 128, 723: 16, 724: 254, 743: 44, 744: 282, 745: 128, 746: 366, 747: 114, 748: 352, 763: 296, 764: 58, 765: 268, 766: 30, 767: 156, 768: 394, 785: 16, 786: 254, 787: 310, 788: 72, 789: 44, 790: 282, 791: 114, 792: 352, 793: 30, 794: 268, 795: 100, 796: 338, 797: 30, 798: 268, 799: 100, 800: 338, 801: 498, 802: 736, 879: 44, 880: 282}
Correct solution!
Number of lables used:  26
--------------------------------------------------

Trying with at most 25 labels...
Solution:
{13: 268, 14: 30, 15: 268, 16: 30, 53: 352, 54: 114, 79: 16, 80: 254, 81: 352, 82: 114, 83: 282, 84: 44, 85: 352, 86: 114, 127: 352, 128: 114, 129: 16, 130: 254, 143: 338, 144: 100, 145: 338, 146: 100, 205: 16, 206: 254, 233: 58, 234: 296, 235: 30, 236: 268, 237: 666, 238: 428, 261: 16, 262: 254, 263: 114, 264: 352, 265: 254, 266: 16, 267: 338, 268: 100, 269: 254, 270: 16, 271: 254, 272: 16, 273: 114, 274: 352, 275: 114, 276: 352, 277: 254, 278: 16, 281: 352, 282: 114, 283: 352, 284: 114, 289: 16, 290: 254, 291: 352, 292: 114, 303: 30, 304: 268, 305: 100, 306: 338, 321: 666, 322: 428, 323: 352, 324: 114, 325: 100, 326: 338, 327: 16, 328: 254, 329: 310, 330: 72, 341: 44, 342: 282, 343: 44, 344: 282, 349: 282, 350: 44, 351: 58, 352: 296, 435: 282, 436: 44, 475: 296, 476: 58, 481: 310, 482: 72, 517: 352, 518: 114, 519: 310, 520: 72, 555: 30, 556: 268, 557: 694, 558: 456, 559: 30, 560: 268, 561: 352, 562: 114, 565: 666, 566: 428, 577: 254, 578: 16, 579: 296, 580: 58, 583: 44, 584: 282, 585: 352, 586: 114, 587: 16, 588: 254, 589: 16, 590: 254, 591: 338, 592: 100, 593: 666, 594: 428, 595: 282, 596: 44, 597: 114, 598: 352, 599: 338, 600: 100, 601: 296, 602: 58, 603: 310, 604: 72, 605: 310, 606: 72, 607: 694, 608: 456, 613: 100, 614: 338, 615: 296, 616: 58, 617: 310, 618: 72, 621: 310, 622: 72, 625: 30, 626: 268, 629: 282, 630: 44, 631: 310, 632: 72, 633: 282, 634: 44, 635: 310, 636: 72, 645: 352, 646: 114, 651: 16, 652: 254, 661: 16, 662: 254, 663: 16, 664: 254, 665: 16, 666: 254, 667: 16, 668: 254, 713: 254, 714: 16, 717: 114, 718: 352, 719: 666, 720: 428, 721: 268, 722: 30, 723: 338, 724: 100, 743: 30, 744: 268, 745: 30, 746: 268, 747: 310, 748: 72, 763: 310, 764: 72, 765: 16, 766: 254, 767: 296, 768: 58, 785: 16, 786: 254, 787: 114, 788: 352, 789: 338, 790: 100, 791: 30, 792: 268, 793: 310, 794: 72, 795: 30, 796: 268, 797: 282, 798: 44, 799: 352, 800: 114, 801: 30, 802: 268, 879: 310, 880: 72}
Number of lables used:  18
Time taken: 0.28 seconds
--------------------------------------------------

Trying with at most 17 labels...
Solution:
{13: 666, 14: 428, 15: 694, 16: 456, 53: 352, 54: 114, 79: 16, 80: 254, 81: 352, 82: 114, 83: 282, 84: 44, 85: 352, 86: 114, 127: 352, 128: 114, 129: 16, 130: 254, 143: 338, 144: 100, 145: 338, 146: 100, 205: 16, 206: 254, 233: 30, 234: 268, 235: 44, 236: 282, 237: 666, 238: 428, 261: 16, 262: 254, 263: 114, 264: 352, 265: 666, 266: 428, 267: 282, 268: 44, 269: 254, 270: 16, 271: 254, 272: 16, 273: 114, 274: 352, 275: 114, 276: 352, 277: 254, 278: 16, 281: 352, 282: 114, 283: 352, 284: 114, 289: 16, 290: 254, 291: 352, 292: 114, 303: 30, 304: 268, 305: 100, 306: 338, 321: 666, 322: 428, 323: 268, 324: 30, 325: 100, 326: 338, 327: 16, 328: 254, 329: 310, 330: 72, 341: 44, 342: 282, 343: 44, 344: 282, 349: 282, 350: 44, 351: 30, 352: 268, 435: 268, 436: 30, 475: 282, 476: 44, 481: 310, 482: 72, 517: 352, 518: 114, 519: 268, 520: 30, 555: 30, 556: 268, 557: 310, 558: 72, 559: 30, 560: 268, 561: 352, 562: 114, 565: 666, 566: 428, 577: 254, 578: 16, 579: 254, 580: 16, 583: 44, 584: 282, 585: 338, 586: 100, 587: 16, 588: 254, 589: 16, 590: 254, 591: 338, 592: 100, 593: 694, 594: 456, 595: 268, 596: 30, 597: 338, 598: 100, 599: 282, 600: 44, 601: 282, 602: 44, 603: 310, 604: 72, 605: 310, 606: 72, 607: 694, 608: 456, 613: 666, 614: 428, 615: 282, 616: 44, 617: 310, 618: 72, 621: 282, 622: 44, 625: 30, 626: 268, 629: 282, 630: 44, 631: 310, 632: 72, 633: 282, 634: 44, 635: 310, 636: 72, 645: 352, 646: 114, 651: 16, 652: 254, 661: 16, 662: 254, 663: 16, 664: 254, 665: 16, 666: 254, 667: 16, 668: 254, 713: 254, 714: 16, 717: 114, 718: 352, 719: 666, 720: 428, 721: 268, 722: 30, 723: 338, 724: 100, 743: 30, 744: 268, 745: 30, 746: 268, 747: 310, 748: 72, 763: 310, 764: 72, 765: 16, 766: 254, 767: 352, 768: 114, 785: 16, 786: 254, 787: 114, 788: 352, 789: 338, 790: 100, 791: 30, 792: 268, 793: 310, 794: 72, 795: 30, 796: 268, 797: 282, 798: 44, 799: 30, 800: 268, 801: 72, 802: 310, 879: 310, 880: 72}
Number of lables used:  16
Time taken: 0.29 seconds
--------------------------------------------------

Trying with at most 15 labels...
Solution:
{13: 666, 14: 428, 15: 694, 16: 456, 53: 352, 54: 114, 79: 16, 80: 254, 81: 352, 82: 114, 83: 282, 84: 44, 85: 352, 86: 114, 127: 352, 128: 114, 129: 16, 130: 254, 143: 456, 144: 694, 145: 456, 146: 694, 205: 16, 206: 254, 233: 30, 234: 268, 235: 44, 236: 282, 237: 666, 238: 428, 261: 16, 262: 254, 263: 666, 264: 428, 265: 666, 266: 428, 267: 282, 268: 44, 269: 254, 270: 16, 271: 254, 272: 16, 273: 114, 274: 352, 275: 114, 276: 352, 277: 254, 278: 16, 281: 352, 282: 114, 283: 352, 284: 114, 289: 16, 290: 254, 291: 352, 292: 114, 303: 30, 304: 268, 305: 694, 306: 456, 321: 666, 322: 428, 323: 268, 324: 30, 325: 114, 326: 352, 327: 16, 328: 254, 329: 310, 330: 72, 341: 44, 342: 282, 343: 44, 344: 282, 349: 282, 350: 44, 351: 30, 352: 268, 435: 268, 436: 30, 475: 282, 476: 44, 481: 310, 482: 72, 517: 352, 518: 114, 519: 352, 520: 114, 555: 30, 556: 268, 557: 310, 558: 72, 559: 30, 560: 268, 561: 352, 562: 114, 565: 666, 566: 428, 577: 254, 578: 16, 579: 254, 580: 16, 583: 44, 584: 282, 585: 310, 586: 72, 587: 16, 588: 254, 589: 16, 590: 254, 591: 666, 592: 428, 593: 694, 594: 456, 595: 268, 596: 30, 597: 282, 598: 44, 599: 282, 600: 44, 601: 282, 602: 44, 603: 310, 604: 72, 605: 310, 606: 72, 607: 694, 608: 456, 613: 666, 614: 428, 615: 282, 616: 44, 617: 310, 618: 72, 621: 282, 622: 44, 625: 30, 626: 268, 629: 282, 630: 44, 631: 310, 632: 72, 633: 282, 634: 44, 635: 310, 636: 72, 645: 352, 646: 114, 651: 16, 652: 254, 661: 16, 662: 254, 663: 16, 664: 254, 665: 16, 666: 254, 667: 16, 668: 254, 713: 254, 714: 16, 717: 114, 718: 352, 719: 666, 720: 428, 721: 268, 722: 30, 723: 456, 724: 694, 743: 30, 744: 268, 745: 30, 746: 268, 747: 310, 748: 72, 763: 310, 764: 72, 765: 16, 766: 254, 767: 352, 768: 114, 785: 268, 786: 30, 787: 114, 788: 352, 789: 310, 790: 72, 791: 30, 792: 268, 793: 310, 794: 72, 795: 30, 796: 268, 797: 282, 798: 44, 799: 30, 800: 268, 801: 72, 802: 310, 879: 310, 880: 72}
Number of lables used:  14
Time taken: 0.29 seconds
--------------------------------------------------

Trying with at most 13 labels...
[runlim] sample:		10.0 time, 10.9 real, 56.5 MB
[runlim] sample:		20.0 time, 20.9 real, 46.7 MB
Cannot find solution.
No more solutions found.
Optimal number of labels used:  14
[runlim] end:			Thu Jan 22 23:45:58 2026
[runlim] status:		ok
[runlim] result:		0
[runlim] children:		0
[runlim] real:			24.98 seconds
[runlim] time:			23.97 seconds
[runlim] space:			58.1 MB
[runlim] samples:		240
