[runlim] version:		1.10
[runlim] time limit:		311040000 seconds
[runlim] real time limit:	600 seconds
[runlim] space limit:		8000 MB
[runlim] argv[0]:		python3
[runlim] argv[1]:		-u
[runlim] argv[2]:		test.py
[runlim] argv[3]:		scen03
[runlim] start:			Thu Dec 25 16:41:37 2025
[runlim] main pid:		79324
Solve first problem:
Solution:
{13: 254, 14: 16, 15: 254, 16: 16, 23: 142, 24: 380, 49: 310, 50: 72, 51: 16, 52: 254, 53: 338, 54: 100, 67: 156, 68: 394, 69: 254, 70: 16, 79: 254, 80: 16, 81: 268, 82: 30, 83: 680, 84: 442, 85: 352, 86: 114, 103: 268, 104: 30, 105: 254, 106: 16, 117: 750, 118: 512, 119: 708, 120: 470, 127: 142, 128: 380, 129: 310, 130: 72, 143: 666, 144: 428, 145: 254, 146: 16, 151: 764, 152: 526, 153: 694, 154: 456, 155: 652, 156: 414, 157: 30, 158: 268, 179: 156, 180: 394, 181: 380, 182: 142, 183: 736, 184: 498, 191: 366, 192: 128, 193: 296, 194: 58, 205: 254, 206: 16, 209: 142, 210: 380, 211: 58, 212: 296, 213: 254, 214: 16, 215: 296, 216: 58, 217: 296, 218: 58, 233: 750, 234: 512, 235: 338, 236: 100, 237: 380, 238: 142, 261: 254, 262: 16, 263: 352, 264: 114, 265: 324, 266: 86, 267: 254, 268: 16, 269: 254, 270: 16, 271: 254, 272: 16, 273: 324, 274: 86, 275: 324, 276: 86, 277: 268, 278: 30, 281: 366, 282: 128, 283: 296, 284: 58, 285: 366, 286: 128, 287: 254, 288: 16, 289: 254, 290: 16, 291: 324, 292: 86, 293: 380, 294: 142, 295: 324, 296: 86, 299: 366, 300: 128, 301: 282, 302: 44, 303: 680, 304: 442, 305: 352, 306: 114, 307: 30, 308: 268, 309: 338, 310: 100, 311: 254, 312: 16, 313: 254, 314: 16, 321: 254, 322: 16, 323: 254, 324: 16, 325: 666, 326: 428, 327: 338, 328: 100, 329: 254, 330: 16, 339: 352, 340: 114, 341: 44, 342: 282, 343: 44, 344: 282, 345: 394, 346: 156, 347: 324, 348: 86, 349: 680, 350: 442, 351: 30, 352: 268, 355: 44, 356: 282, 357: 268, 358: 30, 359: 666, 360: 428, 361: 338, 362: 100, 363: 268, 364: 30, 365: 380, 366: 142, 367: 310, 368: 72, 369: 128, 370: 366, 371: 254, 372: 16, 375: 282, 376: 44, 377: 666, 378: 428, 383: 338, 384: 100, 387: 366, 388: 128, 397: 394, 398: 156, 401: 114, 402: 352, 405: 114, 406: 352, 435: 366, 436: 128, 439: 310, 440: 72, 449: 100, 450: 338, 471: 254, 472: 16, 475: 338, 476: 100, 477: 268, 478: 30, 481: 352, 482: 114, 491: 310, 492: 72, 493: 268, 494: 30, 495: 254, 496: 16, 517: 268, 518: 30, 519: 338, 520: 100, 525: 282, 526: 44, 533: 282, 534: 44, 535: 254, 536: 16, 547: 324, 548: 86, 555: 128, 556: 366, 557: 666, 558: 428, 559: 58, 560: 296, 561: 380, 562: 142, 563: 666, 564: 428, 565: 114, 566: 352, 573: 268, 574: 30, 575: 114, 576: 352, 577: 366, 578: 128, 579: 352, 580: 114, 581: 352, 582: 114, 583: 666, 584: 428, 585: 338, 586: 100, 587: 254, 588: 16, 589: 366, 590: 128, 591: 352, 592: 114, 593: 100, 594: 338, 595: 296, 596: 58, 597: 268, 598: 30, 599: 142, 600: 380, 601: 282, 602: 44, 603: 268, 604: 30, 605: 268, 606: 30, 607: 352, 608: 114, 613: 100, 614: 338, 615: 282, 616: 44, 617: 268, 618: 30, 619: 352, 620: 114, 621: 338, 622: 100, 623: 338, 624: 100, 625: 268, 626: 30, 629: 282, 630: 44, 631: 268, 632: 30, 633: 282, 634: 44, 635: 268, 636: 30, 637: 254, 638: 16, 639: 268, 640: 30, 641: 380, 642: 142, 643: 338, 644: 100, 645: 296, 646: 58, 651: 352, 652: 114, 653: 254, 654: 16, 661: 254, 662: 16, 663: 394, 664: 156, 665: 366, 666: 128, 667: 268, 668: 30, 671: 254, 672: 16, 713: 268, 714: 30, 715: 254, 716: 16, 717: 394, 718: 156, 719: 324, 720: 86, 721: 254, 722: 16, 723: 254, 724: 16, 725: 254, 726: 16, 727: 254, 728: 16, 733: 268, 734: 30, 741: 268, 742: 30, 743: 44, 744: 282, 745: 268, 746: 30, 747: 324, 748: 86, 757: 338, 758: 100, 759: 268, 760: 30, 763: 268, 764: 30, 765: 254, 766: 16, 767: 296, 768: 58, 769: 268, 770: 30, 771: 338, 772: 100, 773: 254, 774: 16, 783: 268, 784: 30, 785: 254, 786: 16, 787: 268, 788: 30, 789: 338, 790: 100, 791: 268, 792: 30, 793: 338, 794: 100, 795: 268, 796: 30, 797: 352, 798: 114, 799: 282, 800: 44, 801: 268, 802: 30, 815: 338, 816: 100, 817: 268, 818: 30, 825: 282, 826: 44, 827: 324, 828: 86, 829: 254, 830: 16, 835: 44, 836: 282, 837: 268, 838: 30, 867: 352, 868: 114, 875: 310, 876: 72, 877: 282, 878: 44, 879: 324, 880: 86, 881: 268, 882: 30, 893: 268, 894: 30, 903: 254, 904: 16, 911: 254, 912: 16}
Correct solution!
Number of lables used:  38
Time taken: 0.45 seconds
Memory used: 42.24 MB
--------------------------------------------------

Trying with at most 37 labels...
Solution:
{13: 254, 14: 16, 15: 254, 16: 16, 23: 512, 24: 750, 49: 666, 50: 428, 51: 16, 52: 254, 53: 708, 54: 470, 67: 254, 68: 16, 69: 428, 70: 666, 79: 666, 80: 428, 81: 16, 82: 254, 83: 540, 84: 778, 85: 666, 86: 428, 103: 16, 104: 254, 105: 708, 106: 470, 117: 792, 118: 554, 119: 736, 120: 498, 127: 666, 128: 428, 129: 526, 130: 764, 143: 470, 144: 708, 145: 254, 146: 16, 151: 428, 152: 666, 153: 792, 154: 554, 155: 498, 156: 736, 157: 428, 158: 666, 179: 16, 180: 254, 181: 16, 182: 254, 183: 750, 184: 512, 191: 736, 192: 498, 193: 254, 194: 16, 205: 512, 206: 750, 209: 778, 210: 540, 211: 708, 212: 470, 213: 498, 214: 736, 215: 750, 216: 512, 217: 540, 218: 778, 233: 778, 234: 540, 235: 470, 236: 708, 237: 526, 238: 764, 261: 254, 262: 16, 263: 792, 264: 554, 265: 666, 266: 428, 267: 736, 268: 498, 269: 750, 270: 512, 271: 750, 272: 512, 273: 666, 274: 428, 275: 666, 276: 428, 277: 778, 278: 540, 281: 792, 282: 554, 283: 428, 284: 666, 285: 16, 286: 254, 287: 254, 288: 16, 289: 666, 290: 428, 291: 254, 292: 16, 293: 478, 294: 240, 295: 750, 296: 512, 299: 526, 300: 764, 301: 428, 302: 666, 303: 554, 304: 792, 305: 470, 306: 708, 307: 16, 308: 254, 309: 428, 310: 666, 311: 470, 312: 708, 313: 526, 314: 764, 321: 792, 322: 554, 323: 254, 324: 16, 325: 16, 326: 254, 327: 428, 328: 666, 329: 254, 330: 16, 339: 16, 340: 254, 341: 554, 342: 792, 343: 554, 344: 792, 345: 708, 346: 470, 347: 778, 348: 540, 349: 512, 350: 750, 351: 778, 352: 540, 355: 526, 356: 764, 357: 708, 358: 470, 359: 736, 360: 498, 361: 512, 362: 750, 363: 708, 364: 470, 365: 540, 366: 778, 367: 666, 368: 428, 369: 498, 370: 736, 371: 254, 372: 16, 375: 428, 376: 666, 377: 470, 378: 708, 383: 512, 384: 750, 387: 498, 388: 736, 397: 470, 398: 708, 401: 708, 402: 470, 405: 428, 406: 666, 435: 498, 436: 736, 439: 470, 440: 708, 449: 778, 450: 540, 471: 254, 472: 16, 475: 470, 476: 708, 477: 764, 478: 526, 481: 540, 482: 778, 491: 498, 492: 736, 493: 540, 494: 778, 495: 428, 496: 666, 517: 778, 518: 540, 519: 470, 520: 708, 525: 470, 526: 708, 533: 540, 534: 778, 535: 254, 536: 16, 547: 16, 548: 254, 555: 526, 556: 764, 557: 778, 558: 540, 559: 540, 560: 778, 561: 540, 562: 778, 563: 666, 564: 428, 565: 470, 566: 708, 573: 470, 574: 708, 575: 512, 576: 750, 577: 16, 578: 254, 579: 16, 580: 254, 581: 16, 582: 254, 583: 470, 584: 708, 585: 778, 586: 540, 587: 254, 588: 16, 589: 16, 590: 254, 591: 526, 592: 764, 593: 764, 594: 526, 595: 778, 596: 540, 597: 736, 598: 498, 599: 666, 600: 428, 601: 750, 602: 512, 603: 764, 604: 526, 605: 708, 606: 470, 607: 778, 608: 540, 613: 764, 614: 526, 615: 778, 616: 540, 617: 764, 618: 526, 619: 470, 620: 708, 621: 498, 622: 736, 623: 778, 624: 540, 625: 428, 626: 666, 629: 498, 630: 736, 631: 470, 632: 708, 633: 666, 634: 428, 635: 764, 636: 526, 637: 254, 638: 16, 639: 428, 640: 666, 641: 778, 642: 540, 643: 736, 644: 498, 645: 254, 646: 16, 651: 736, 652: 498, 653: 666, 654: 428, 661: 666, 662: 428, 663: 16, 664: 254, 665: 470, 666: 708, 667: 16, 668: 254, 671: 254, 672: 16, 713: 778, 714: 540, 715: 254, 716: 16, 717: 736, 718: 498, 719: 666, 720: 428, 721: 254, 722: 16, 723: 254, 724: 16, 725: 254, 726: 16, 727: 254, 728: 16, 733: 428, 734: 666, 741: 554, 742: 792, 743: 778, 744: 540, 745: 498, 746: 736, 747: 498, 748: 736, 757: 778, 758: 540, 759: 470, 760: 708, 763: 498, 764: 736, 765: 254, 766: 16, 767: 750, 768: 512, 769: 778, 770: 540, 771: 16, 772: 254, 773: 428, 774: 666, 783: 666, 784: 428, 785: 254, 786: 16, 787: 470, 788: 708, 789: 778, 790: 540, 791: 470, 792: 708, 793: 778, 794: 540, 795: 470, 796: 708, 797: 778, 798: 540, 799: 498, 800: 736, 801: 428, 802: 666, 815: 778, 816: 540, 817: 470, 818: 708, 825: 764, 826: 526, 827: 526, 828: 764, 829: 254, 830: 16, 835: 778, 836: 540, 837: 498, 838: 736, 867: 764, 868: 526, 875: 428, 876: 666, 877: 470, 878: 708, 879: 498, 880: 736, 881: 498, 882: 736, 893: 778, 894: 540, 903: 254, 904: 16, 911: 736, 912: 498}
Correct solution!
Number of lables used:  18
Time taken: 0.63 seconds
Memory used: 44.49 MB
--------------------------------------------------

Trying with at most 17 labels...
Solution:
{13: 254, 14: 16, 15: 254, 16: 16, 23: 512, 24: 750, 49: 708, 50: 470, 51: 666, 52: 428, 53: 778, 54: 540, 67: 254, 68: 16, 69: 428, 70: 666, 79: 666, 80: 428, 81: 254, 82: 16, 83: 470, 84: 708, 85: 540, 86: 778, 103: 254, 104: 16, 105: 750, 106: 512, 117: 778, 118: 540, 119: 736, 120: 498, 127: 666, 128: 428, 129: 540, 130: 778, 143: 470, 144: 708, 145: 380, 146: 142, 151: 428, 152: 666, 153: 792, 154: 554, 155: 498, 156: 736, 157: 428, 158: 666, 179: 16, 180: 254, 181: 254, 182: 16, 183: 750, 184: 512, 191: 708, 192: 470, 193: 380, 194: 142, 205: 512, 206: 750, 209: 778, 210: 540, 211: 708, 212: 470, 213: 498, 214: 736, 215: 750, 216: 512, 217: 380, 218: 142, 233: 778, 234: 540, 235: 470, 236: 708, 237: 540, 238: 778, 261: 142, 262: 380, 263: 792, 264: 554, 265: 666, 266: 428, 267: 736, 268: 498, 269: 736, 270: 498, 271: 736, 272: 498, 273: 666, 274: 428, 275: 666, 276: 428, 277: 778, 278: 540, 281: 792, 282: 554, 283: 428, 284: 666, 285: 254, 286: 16, 287: 254, 288: 16, 289: 666, 290: 428, 291: 254, 292: 16, 293: 142, 294: 380, 295: 750, 296: 512, 299: 554, 300: 792, 301: 428, 302: 666, 303: 512, 304: 750, 305: 380, 306: 142, 307: 254, 308: 16, 309: 428, 310: 666, 311: 470, 312: 708, 313: 470, 314: 708, 321: 792, 322: 554, 323: 142, 324: 380, 325: 16, 326: 254, 327: 428, 328: 666, 329: 16, 330: 254, 339: 16, 340: 254, 341: 554, 342: 792, 343: 554, 344: 792, 345: 708, 346: 470, 347: 778, 348: 540, 349: 498, 350: 736, 351: 778, 352: 540, 355: 380, 356: 142, 357: 708, 358: 470, 359: 736, 360: 498, 361: 512, 362: 750, 363: 708, 364: 470, 365: 540, 366: 778, 367: 666, 368: 428, 369: 428, 370: 666, 371: 254, 372: 16, 375: 778, 376: 540, 377: 470, 378: 708, 383: 512, 384: 750, 387: 498, 388: 736, 397: 470, 398: 708, 401: 708, 402: 470, 405: 380, 406: 142, 435: 498, 436: 736, 439: 470, 440: 708, 449: 778, 450: 540, 471: 254, 472: 16, 475: 470, 476: 708, 477: 736, 478: 498, 481: 540, 482: 778, 491: 498, 492: 736, 493: 540, 494: 778, 495: 428, 496: 666, 517: 778, 518: 540, 519: 498, 520: 736, 525: 470, 526: 708, 533: 540, 534: 778, 535: 666, 536: 428, 547: 16, 548: 254, 555: 380, 556: 142, 557: 778, 558: 540, 559: 540, 560: 778, 561: 540, 562: 778, 563: 666, 564: 428, 565: 380, 566: 142, 573: 470, 574: 708, 575: 512, 576: 750, 577: 16, 578: 254, 579: 16, 580: 254, 581: 16, 582: 254, 583: 470, 584: 708, 585: 778, 586: 540, 587: 16, 588: 254, 589: 380, 590: 142, 591: 512, 592: 750, 593: 736, 594: 498, 595: 778, 596: 540, 597: 708, 598: 470, 599: 708, 600: 470, 601: 750, 602: 512, 603: 750, 604: 512, 605: 708, 606: 470, 607: 778, 608: 540, 613: 736, 614: 498, 615: 778, 616: 540, 617: 470, 618: 708, 619: 470, 620: 708, 621: 380, 622: 142, 623: 778, 624: 540, 625: 750, 626: 512, 629: 540, 630: 778, 631: 470, 632: 708, 633: 666, 634: 428, 635: 736, 636: 498, 637: 16, 638: 254, 639: 428, 640: 666, 641: 778, 642: 540, 643: 736, 644: 498, 645: 16, 646: 254, 651: 736, 652: 498, 653: 540, 654: 778, 661: 666, 662: 428, 663: 142, 664: 380, 665: 428, 666: 666, 667: 16, 668: 254, 671: 254, 672: 16, 713: 778, 714: 540, 715: 254, 716: 16, 717: 750, 718: 512, 719: 666, 720: 428, 721: 380, 722: 142, 723: 16, 724: 254, 725: 254, 726: 16, 727: 254, 728: 16, 733: 428, 734: 666, 741: 540, 742: 778, 743: 778, 744: 540, 745: 498, 746: 736, 747: 428, 748: 666, 757: 778, 758: 540, 759: 470, 760: 708, 763: 498, 764: 736, 765: 16, 766: 254, 767: 750, 768: 512, 769: 778, 770: 540, 771: 142, 772: 380, 773: 428, 774: 666, 783: 666, 784: 428, 785: 254, 786: 16, 787: 498, 788: 736, 789: 778, 790: 540, 791: 470, 792: 708, 793: 778, 794: 540, 795: 428, 796: 666, 797: 708, 798: 470, 799: 540, 800: 778, 801: 708, 802: 470, 815: 778, 816: 540, 817: 470, 818: 708, 825: 142, 826: 380, 827: 554, 828: 792, 829: 254, 830: 16, 835: 778, 836: 540, 837: 498, 838: 736, 867: 778, 868: 540, 875: 428, 876: 666, 877: 470, 878: 708, 879: 498, 880: 736, 881: 498, 882: 736, 893: 470, 894: 708, 903: 380, 904: 142, 911: 736, 912: 498}
Correct solution!
Number of lables used:  16
Time taken: 0.66 seconds
Memory used: 44.86 MB
--------------------------------------------------

Trying with at most 15 labels...
Solution:
{13: 100, 14: 338, 15: 156, 16: 394, 23: 142, 24: 380, 49: 44, 50: 282, 51: 156, 52: 394, 53: 666, 54: 428, 67: 44, 68: 282, 69: 428, 70: 666, 79: 44, 80: 282, 81: 380, 82: 142, 83: 554, 84: 792, 85: 282, 86: 44, 103: 380, 104: 142, 105: 736, 106: 498, 117: 554, 118: 792, 119: 428, 120: 666, 127: 100, 128: 338, 129: 428, 130: 666, 143: 498, 144: 736, 145: 44, 146: 282, 151: 736, 152: 498, 153: 554, 154: 792, 155: 498, 156: 736, 157: 428, 158: 666, 179: 156, 180: 394, 181: 394, 182: 156, 183: 380, 184: 142, 191: 428, 192: 666, 193: 338, 194: 100, 205: 394, 206: 156, 209: 100, 210: 338, 211: 666, 212: 428, 213: 394, 214: 156, 215: 554, 216: 792, 217: 338, 218: 100, 233: 100, 234: 338, 235: 666, 236: 428, 237: 428, 238: 666, 261: 142, 262: 380, 263: 142, 264: 380, 265: 44, 266: 282, 267: 156, 268: 394, 269: 554, 270: 792, 271: 554, 272: 792, 273: 666, 274: 428, 275: 666, 276: 428, 277: 554, 278: 792, 281: 100, 282: 338, 283: 428, 284: 666, 285: 380, 286: 142, 287: 380, 288: 142, 289: 44, 290: 282, 291: 380, 292: 142, 293: 380, 294: 142, 295: 282, 296: 44, 299: 792, 300: 554, 301: 380, 302: 142, 303: 736, 304: 498, 305: 338, 306: 100, 307: 380, 308: 142, 309: 792, 310: 554, 311: 100, 312: 338, 313: 100, 314: 338, 321: 100, 322: 338, 323: 100, 324: 338, 325: 156, 326: 394, 327: 498, 328: 736, 329: 554, 330: 792, 339: 282, 340: 44, 341: 338, 342: 100, 343: 338, 344: 100, 345: 156, 346: 394, 347: 792, 348: 554, 349: 498, 350: 736, 351: 736, 352: 498, 355: 282, 356: 44, 357: 100, 358: 338, 359: 100, 360: 338, 361: 666, 362: 428, 363: 736, 364: 498, 365: 428, 366: 666, 367: 142, 368: 380, 369: 100, 370: 338, 371: 44, 372: 282, 375: 736, 376: 498, 377: 666, 378: 428, 383: 428, 384: 666, 387: 498, 388: 736, 397: 100, 398: 338, 401: 44, 402: 282, 405: 736, 406: 498, 435: 498, 436: 736, 439: 792, 440: 554, 449: 100, 450: 338, 471: 380, 472: 142, 475: 380, 476: 142, 477: 282, 478: 44, 481: 44, 482: 282, 491: 498, 492: 736, 493: 666, 494: 428, 495: 428, 496: 666, 517: 666, 518: 428, 519: 498, 520: 736, 525: 428, 526: 666, 533: 498, 534: 736, 535: 666, 536: 428, 547: 394, 548: 156, 555: 736, 556: 498, 557: 44, 558: 282, 559: 428, 560: 666, 561: 338, 562: 100, 563: 498, 564: 736, 565: 380, 566: 142, 573: 428, 574: 666, 575: 736, 576: 498, 577: 394, 578: 156, 579: 394, 580: 156, 581: 380, 582: 142, 583: 44, 584: 282, 585: 736, 586: 498, 587: 394, 588: 156, 589: 338, 590: 100, 591: 428, 592: 666, 593: 736, 594: 498, 595: 142, 596: 380, 597: 142, 598: 380, 599: 142, 600: 380, 601: 736, 602: 498, 603: 736, 604: 498, 605: 666, 606: 428, 607: 142, 608: 380, 613: 736, 614: 498, 615: 498, 616: 736, 617: 666, 618: 428, 619: 282, 620: 44, 621: 380, 622: 142, 623: 666, 624: 428, 625: 736, 626: 498, 629: 498, 630: 736, 631: 428, 632: 666, 633: 380, 634: 142, 635: 44, 636: 282, 637: 44, 638: 282, 639: 100, 640: 338, 641: 380, 642: 142, 643: 428, 644: 666, 645: 100, 646: 338, 651: 338, 652: 100, 653: 498, 654: 736, 661: 666, 662: 428, 663: 142, 664: 380, 665: 428, 666: 666, 667: 44, 668: 282, 671: 282, 672: 44, 713: 554, 714: 792, 715: 394, 716: 156, 717: 338, 718: 100, 719: 666, 720: 428, 721: 44, 722: 282, 723: 44, 724: 282, 725: 44, 726: 282, 727: 44, 728: 282, 733: 338, 734: 100, 741: 282, 742: 44, 743: 100, 744: 338, 745: 428, 746: 666, 747: 666, 748: 428, 757: 736, 758: 498, 759: 428, 760: 666, 763: 282, 764: 44, 765: 100, 766: 338, 767: 792, 768: 554, 769: 380, 770: 142, 771: 142, 772: 380, 773: 428, 774: 666, 783: 666, 784: 428, 785: 100, 786: 338, 787: 338, 788: 100, 789: 498, 790: 736, 791: 428, 792: 666, 793: 338, 794: 100, 795: 498, 796: 736, 797: 666, 798: 428, 799: 498, 800: 736, 801: 44, 802: 282, 815: 498, 816: 736, 817: 428, 818: 666, 825: 100, 826: 338, 827: 428, 828: 666, 829: 282, 830: 44, 835: 736, 836: 498, 837: 428, 838: 666, 867: 428, 868: 666, 875: 666, 876: 428, 877: 142, 878: 380, 879: 100, 880: 338, 881: 498, 882: 736, 893: 498, 894: 736, 903: 394, 904: 156, 911: 44, 912: 282}
Correct solution!
Number of lables used:  14
Time taken: 0.72 seconds
Memory used: 45.24 MB
--------------------------------------------------

Trying with at most 13 labels...
[runlim] sample:		10.0 time, 10.8 real, 70.4 MB
[runlim] sample:		20.0 time, 20.8 real, 73.2 MB
[runlim] sample:		30.0 time, 30.8 real, 75.1 MB
[runlim] sample:		40.0 time, 40.8 real, 76.2 MB
[runlim] sample:		50.0 time, 50.8 real, 77.5 MB
[runlim] sample:		60.0 time, 60.8 real, 78.6 MB
[runlim] sample:		70.0 time, 70.8 real, 79.4 MB
[runlim] sample:		80.0 time, 80.8 real, 79.5 MB
[runlim] sample:		90.0 time, 90.8 real, 97.6 MB
[runlim] sample:		100.0 time, 100.8 real, 97.6 MB
[runlim] sample:		110.0 time, 110.8 real, 97.6 MB
[runlim] sample:		120.0 time, 120.8 real, 97.6 MB
[runlim] sample:		130.0 time, 130.8 real, 97.6 MB
[runlim] sample:		140.0 time, 140.8 real, 97.6 MB
[runlim] sample:		150.0 time, 150.8 real, 97.6 MB
[runlim] sample:		160.0 time, 160.8 real, 97.8 MB
[runlim] sample:		170.0 time, 170.8 real, 98.0 MB
[runlim] sample:		180.0 time, 180.8 real, 98.3 MB
[runlim] sample:		190.0 time, 190.8 real, 98.8 MB
[runlim] sample:		200.0 time, 200.8 real, 98.8 MB
[runlim] sample:		210.0 time, 210.8 real, 99.1 MB
[runlim] sample:		220.0 time, 220.8 real, 99.1 MB
[runlim] sample:		230.0 time, 230.8 real, 100.6 MB
[runlim] sample:		240.0 time, 240.8 real, 100.6 MB
[runlim] sample:		250.0 time, 250.8 real, 100.7 MB
[runlim] sample:		260.0 time, 260.8 real, 100.8 MB
[runlim] sample:		270.0 time, 270.8 real, 101.2 MB
[runlim] sample:		280.0 time, 280.8 real, 101.2 MB
[runlim] sample:		290.0 time, 290.8 real, 101.6 MB
[runlim] sample:		300.0 time, 300.8 real, 101.8 MB
[runlim] sample:		310.0 time, 310.8 real, 111.0 MB
[runlim] sample:		320.0 time, 320.8 real, 113.4 MB
[runlim] sample:		330.0 time, 330.8 real, 143.2 MB
[runlim] sample:		340.0 time, 340.8 real, 113.5 MB
[runlim] sample:		350.0 time, 350.8 real, 143.2 MB
[runlim] sample:		360.0 time, 360.8 real, 113.5 MB
[runlim] sample:		370.0 time, 370.8 real, 145.3 MB
[runlim] sample:		380.0 time, 380.8 real, 113.5 MB
[runlim] sample:		390.0 time, 390.8 real, 145.7 MB
[runlim] sample:		400.0 time, 400.8 real, 113.6 MB
[runlim] sample:		410.0 time, 410.8 real, 113.6 MB
[runlim] sample:		420.0 time, 420.8 real, 113.6 MB
[runlim] sample:		430.0 time, 430.8 real, 146.6 MB
[runlim] sample:		440.0 time, 440.8 real, 113.6 MB
[runlim] sample:		450.0 time, 450.8 real, 145.2 MB
[runlim] sample:		460.0 time, 460.8 real, 113.6 MB
[runlim] sample:		470.0 time, 470.8 real, 143.4 MB
[runlim] sample:		480.0 time, 480.8 real, 113.6 MB
[runlim] sample:		490.0 time, 490.8 real, 113.6 MB
[runlim] sample:		500.0 time, 500.8 real, 147.9 MB
[runlim] sample:		510.0 time, 510.8 real, 113.6 MB
[runlim] sample:		520.0 time, 520.8 real, 146.3 MB
[runlim] sample:		530.0 time, 530.8 real, 113.5 MB
[runlim] sample:		540.0 time, 540.8 real, 143.3 MB
[runlim] sample:		550.0 time, 550.8 real, 149.6 MB
[runlim] sample:		560.0 time, 560.8 real, 113.5 MB
[runlim] sample:		570.0 time, 570.8 real, 146.5 MB
[runlim] sample:		580.0 time, 580.8 real, 113.5 MB
[runlim] sample:		590.0 time, 590.8 real, 113.5 MB
[runlim] end:			Thu Dec 25 16:51:37 2025
[runlim] status:		out of time
[runlim] result:		2
[runlim] children:		0
[runlim] real:			600.03 seconds
[runlim] time:			599.17 seconds
[runlim] space:			151.0 MB
[runlim] samples:		5992
