[runlim] version:		1.10
[runlim] time limit:		311040000 seconds
[runlim] real time limit:	600 seconds
[runlim] space limit:		8000 MB
[runlim] argv[0]:		python3
[runlim] argv[1]:		-u
[runlim] argv[2]:		main.py
[runlim] argv[3]:		graph08
[runlim] start:			Thu Dec 11 18:53:57 2025
[runlim] main pid:		77993
Solve first problem:
Solution:
{324, 86, 652, 414, 324, 86, 352, 114, 366, 128, 380, 142, 380, 142, 652, 414, 652, 414, 352, 114, 380, 142, 380, 142, 114, 352, 30, 268, 310, 72, 652, 414, 254, 16, 142, 380, 478, 240, 652, 414, 792, 554, 352, 114, 310, 72, 296, 58, 86, 324, 408, 170, 30, 268, 338, 100, 652, 414, 366, 128, 352, 114, 394, 156, 114, 352, 352, 114, 254, 16, 352, 114, 652, 414, 338, 100, 254, 16, 694, 456, 324, 86, 324, 86, 282, 44, 142, 380, 338, 100, 380, 142, 58, 296, 268, 30, 86, 324, 268, 30, 296, 58, 86, 324, 296, 58, 254, 16, 750, 512, 282, 44, 254, 16, 254, 16, 380, 142, 254, 16, 666, 428, 296, 58, 380, 142, 338, 100, 142, 380, 282, 44, 380, 142, 296, 58, 478, 240, 296, 58, 100, 338, 58, 296, 394, 156, 72, 310, 764, 526, 324, 86, 16, 254, 708, 470, 282, 44, 722, 484, 310, 72, 296, 58, 338, 100, 512, 750, 114, 352, 156, 394, 114, 352, 352, 114, 58, 296, 680, 442, 282, 44, 254, 16, 652, 414, 268, 30, 254, 16, 128, 366, 792, 554, 778, 540, 254, 16, 324, 86, 296, 58, 324, 86, 296, 58, 764, 526, 254, 16, 666, 428, 764, 526, 778, 540, 142, 380, 736, 498, 352, 114, 310, 72, 394, 156, 86, 324, 310, 72, 338, 100, 722, 484, 366, 128, 680, 442, 324, 86, 268, 30, 254, 16, 708, 470, 156, 394, 310, 72, 254, 16, 478, 240, 352, 114, 296, 58, 680, 442, 366, 128, 394, 156, 268, 30, 352, 114, 338, 100, 324, 86, 296, 58, 394, 156, 268, 30, 666, 428, 380, 142, 268, 30, 114, 352, 338, 100, 366, 128, 394, 156, 338, 100, 764, 526, 156, 394, 324, 86, 352, 114, 680, 442, 324, 86, 254, 16, 30, 268, 366, 128, 380, 142, 666, 428, 254, 16, 380, 142, 142, 380, 268, 30, 366, 128, 310, 72, 324, 86, 380, 142, 778, 540, 58, 296, 170, 408, 268, 30, 380, 142, 380, 142, 324, 86, 268, 30, 764, 526, 254, 16, 310, 72, 296, 58, 324, 86, 380, 142, 30, 268, 310, 72, 254, 16, 254, 16, 296, 58, 380, 142, 408, 170, 254, 16, 666, 428, 268, 30, 128, 366, 254, 16, 380, 142, 708, 470, 680, 442, 296, 58, 680, 442, 324, 86, 296, 58, 296, 58, 708, 470, 268, 30, 254, 16, 296, 58, 296, 58, 268, 30, 652, 414, 366, 128, 366, 128, 296, 58, 380, 142, 750, 512, 268, 30, 310, 72, 324, 86, 254, 16, 114, 352, 338, 100, 310, 72, 708, 470, 268, 30, 254, 16, 156, 394, 764, 526, 310, 72, 324, 86, 310, 72, 268, 30, 268, 30, 324, 86, 268, 30, 296, 58, 282, 44, 310, 72, 268, 30, 268, 30, 478, 240, 268, 30, 380, 142, 254, 16, 708, 470, 666, 428, 296, 58, 338, 100, 352, 114, 310, 72, 296, 58, 254, 16, 666, 428, 324, 86, 736, 498, 282, 44, 142, 380, 310, 72, 282, 44, 708, 470, 296, 58, 254, 16, 394, 156, 296, 58, 366, 128, 254, 16, 254, 16, 666, 428, 352, 114, 282, 44, 408, 170, 268, 30, 86, 324, 254, 16, 268, 30, 394, 156, 366, 128, 254, 16, 268, 30, 268, 30, 324, 86, 324, 86, 254, 16, 268, 30, 254, 16, 366, 128, 694, 456, 282, 44, 268, 30, 268, 30, 324, 86, 296, 58, 338, 100, 282, 44, 324, 86, 254, 16, 254, 16, 380, 142, 366, 128, 380, 142, 268, 30, 254, 16, 310, 72, 338, 100, 352, 114, 268, 30, 310, 72, 254, 16, 268, 30, 254, 16, 268, 30, 380, 142, 408, 170, 666, 428, 366, 128, 254, 16, 380, 142, 324, 86, 296, 58, 338, 100, 268, 30, 296, 58, 282, 44, 338, 100, 282, 44, 254, 16, 338, 100, 254, 16, 254, 16, 268, 30, 282, 44, 268, 30, 282, 44, 324, 86, 310, 72, 268, 30, 254, 16, 282, 44, 268, 30, 254, 16, 268, 30, 254, 16, 296, 58, 254, 16}
Correct solution!
Number of lables used:  48
Total time: 0.49 seconds
Memory used: 53.04 MB
--------------------------------------------------

Trying with at most 47 labels...
Solution:
{366, 128, 554, 792, 324, 86, 366, 128, 394, 156, 170, 408, 408, 170, 722, 484, 128, 366, 526, 764, 394, 156, 282, 44, 100, 338, 156, 394, 338, 100, 764, 526, 254, 16, 128, 366, 478, 240, 254, 16, 764, 526, 366, 128, 156, 394, 296, 58, 86, 324, 408, 170, 16, 254, 366, 128, 722, 484, 722, 484, 366, 128, 792, 554, 156, 394, 254, 16, 254, 16, 44, 282, 722, 484, 282, 44, 254, 16, 58, 296, 338, 100, 338, 100, 296, 58, 484, 722, 296, 58, 44, 282, 128, 366, 128, 366, 44, 282, 282, 44, 296, 58, 394, 156, 338, 100, 254, 16, 722, 484, 338, 100, 324, 86, 254, 16, 478, 240, 282, 44, 484, 722, 296, 58, 394, 156, 366, 128, 170, 408, 282, 44, 526, 764, 338, 100, 240, 478, 100, 338, 254, 16, 58, 296, 722, 484, 722, 484, 764, 526, 282, 44, 526, 764, 394, 156, 254, 16, 58, 296, 722, 484, 296, 58, 254, 16, 324, 86, 44, 282, 156, 394, 750, 512, 324, 86, 722, 484, 778, 540, 296, 58, 254, 16, 156, 394, 282, 44, 254, 16, 394, 156, 554, 792, 156, 394, 254, 16, 282, 44, 296, 58, 722, 484, 792, 554, 764, 526, 254, 16, 512, 750, 764, 526, 750, 512, 44, 282, 722, 484, 394, 156, 366, 128, 764, 526, 792, 554, 338, 100, 296, 58, 722, 484, 16, 254, 722, 484, 394, 156, 296, 58, 254, 16, 366, 128, 156, 394, 366, 128, 254, 16, 478, 240, 750, 512, 394, 156, 750, 512, 722, 484, 778, 540, 282, 44, 750, 512, 338, 100, 86, 324, 366, 128, 394, 156, 324, 86, 554, 792, 484, 722, 394, 156, 722, 484, 526, 764, 86, 324, 44, 282, 338, 100, 764, 526, 778, 540, 338, 100, 764, 526, 554, 792, 324, 86, 254, 16, 58, 296, 722, 484, 478, 240, 554, 792, 254, 16, 240, 478, 296, 58, 156, 394, 128, 366, 338, 100, 338, 100, 408, 170, 484, 722, 100, 338, 170, 408, 338, 100, 394, 156, 408, 170, 366, 128, 338, 100, 394, 156, 254, 16, 394, 156, 324, 86, 324, 86, 478, 240, 58, 296, 338, 100, 324, 86, 296, 58, 338, 100, 478, 240, 408, 170, 254, 16, 750, 512, 282, 44, 44, 282, 254, 16, 366, 128, 554, 792, 722, 484, 296, 58, 16, 254, 394, 156, 338, 100, 540, 778, 554, 792, 58, 296, 366, 128, 282, 44, 16, 254, 282, 44, 722, 484, 366, 128, 366, 128, 296, 58, 170, 408, 282, 44, 366, 128, 338, 100, 128, 366, 254, 16, 100, 338, 338, 100, 324, 86, 156, 394, 338, 100, 254, 16, 722, 484, 722, 484, 338, 100, 156, 394, 764, 526, 282, 44, 296, 58, 366, 128, 366, 128, 296, 58, 540, 778, 338, 100, 366, 128, 44, 282, 170, 408, 722, 484, 408, 170, 254, 16, 792, 554, 282, 44, 394, 156, 722, 484, 366, 128, 324, 86, 338, 100, 254, 16, 750, 512, 394, 156, 366, 128, 282, 44, 792, 554, 394, 156, 338, 100, 128, 366, 58, 296, 254, 16, 156, 394, 324, 86, 100, 338, 254, 16, 282, 44, 484, 722, 722, 484, 324, 86, 478, 240, 338, 100, 128, 366, 254, 16, 338, 100, 722, 484, 44, 282, 722, 484, 324, 86, 338, 100, 128, 366, 394, 156, 254, 16, 338, 100, 254, 16, 338, 100, 540, 778, 324, 86, 338, 100, 296, 58, 338, 100, 296, 58, 338, 100, 282, 44, 778, 540, 778, 540, 58, 296, 408, 170, 394, 156, 16, 254, 338, 100, 254, 16, 394, 156, 764, 526, 540, 778, 282, 44, 526, 764, 254, 16, 394, 156, 254, 16, 338, 100, 408, 170, 478, 240, 512, 750, 394, 156, 254, 16, 170, 408, 540, 778, 338, 100, 338, 100, 282, 44, 722, 484, 338, 100, 554, 792, 282, 44, 254, 16, 44, 282, 254, 16, 254, 16, 750, 512, 394, 156, 282, 44, 338, 100, 338, 100, 394, 156, 338, 100, 254, 16, 282, 44, 282, 44, 254, 16, 722, 484, 254, 16, 338, 100, 254, 16}
Number of lables used:  28
Total time: 0.76 seconds
Memory used: 55.42 MB
--------------------------------------------------

Trying with at most 27 labels...
Solution:
{366, 128, 554, 792, 324, 86, 366, 128, 394, 156, 170, 408, 408, 170, 722, 484, 128, 366, 86, 324, 394, 156, 282, 44, 100, 338, 156, 394, 58, 296, 792, 554, 254, 16, 128, 366, 478, 240, 254, 16, 792, 554, 366, 128, 156, 394, 296, 58, 86, 324, 408, 170, 16, 254, 366, 128, 722, 484, 722, 484, 366, 128, 792, 554, 156, 394, 254, 16, 254, 16, 44, 282, 722, 484, 282, 44, 254, 16, 58, 296, 338, 100, 338, 100, 296, 58, 484, 722, 296, 58, 44, 282, 128, 366, 128, 366, 44, 282, 282, 44, 296, 58, 394, 156, 338, 100, 254, 16, 722, 484, 338, 100, 324, 86, 254, 16, 478, 240, 282, 44, 484, 722, 296, 58, 394, 156, 366, 128, 170, 408, 282, 44, 554, 792, 338, 100, 240, 478, 100, 338, 254, 16, 58, 296, 722, 484, 722, 484, 792, 554, 282, 44, 554, 792, 394, 156, 254, 16, 58, 296, 722, 484, 296, 58, 254, 16, 324, 86, 44, 282, 156, 394, 750, 512, 324, 86, 722, 484, 778, 540, 296, 58, 254, 16, 156, 394, 282, 44, 254, 16, 394, 156, 554, 792, 156, 394, 254, 16, 282, 44, 296, 58, 722, 484, 324, 86, 778, 540, 254, 16, 512, 750, 792, 554, 750, 512, 44, 282, 722, 484, 394, 156, 366, 128, 778, 540, 792, 554, 338, 100, 296, 58, 722, 484, 16, 254, 722, 484, 394, 156, 296, 58, 254, 16, 366, 128, 156, 394, 366, 128, 254, 16, 478, 240, 750, 512, 394, 156, 750, 512, 722, 484, 778, 540, 282, 44, 750, 512, 338, 100, 86, 324, 366, 128, 394, 156, 324, 86, 282, 44, 484, 722, 394, 156, 722, 484, 540, 778, 86, 324, 44, 282, 338, 100, 722, 484, 778, 540, 338, 100, 792, 554, 540, 778, 324, 86, 254, 16, 58, 296, 722, 484, 478, 240, 540, 778, 254, 16, 408, 170, 296, 58, 156, 394, 128, 366, 338, 100, 338, 100, 408, 170, 484, 722, 100, 338, 170, 408, 338, 100, 394, 156, 408, 170, 366, 128, 338, 100, 394, 156, 254, 16, 394, 156, 324, 86, 324, 86, 478, 240, 58, 296, 338, 100, 324, 86, 296, 58, 338, 100, 478, 240, 408, 170, 254, 16, 750, 512, 282, 44, 44, 282, 254, 16, 366, 128, 554, 792, 722, 484, 296, 58, 16, 254, 394, 156, 338, 100, 540, 778, 554, 792, 58, 296, 366, 128, 282, 44, 16, 254, 282, 44, 722, 484, 366, 128, 366, 128, 296, 58, 170, 408, 282, 44, 366, 128, 338, 100, 128, 366, 254, 16, 100, 338, 338, 100, 324, 86, 156, 394, 338, 100, 254, 16, 722, 484, 722, 484, 338, 100, 156, 394, 778, 540, 282, 44, 296, 58, 366, 128, 366, 128, 296, 58, 512, 750, 338, 100, 366, 128, 44, 282, 170, 408, 722, 484, 408, 170, 254, 16, 750, 512, 282, 44, 394, 156, 722, 484, 366, 128, 324, 86, 338, 100, 254, 16, 792, 554, 394, 156, 366, 128, 282, 44, 792, 554, 394, 156, 338, 100, 128, 366, 58, 296, 254, 16, 156, 394, 324, 86, 100, 338, 254, 16, 750, 512, 484, 722, 722, 484, 324, 86, 478, 240, 338, 100, 128, 366, 254, 16, 296, 58, 554, 792, 44, 282, 722, 484, 324, 86, 338, 100, 128, 366, 394, 156, 254, 16, 338, 100, 254, 16, 338, 100, 540, 778, 324, 86, 338, 100, 296, 58, 338, 100, 296, 58, 338, 100, 282, 44, 778, 540, 778, 540, 58, 296, 408, 170, 394, 156, 16, 254, 338, 100, 254, 16, 394, 156, 512, 750, 540, 778, 282, 44, 554, 792, 254, 16, 394, 156, 254, 16, 338, 100, 408, 170, 478, 240, 512, 750, 394, 156, 254, 16, 170, 408, 512, 750, 338, 100, 338, 100, 282, 44, 296, 58, 338, 100, 554, 792, 282, 44, 254, 16, 44, 282, 254, 16, 254, 16, 750, 512, 394, 156, 282, 44, 338, 100, 338, 100, 394, 156, 338, 100, 254, 16, 282, 44, 282, 44, 254, 16, 722, 484, 254, 16, 338, 100, 254, 16}
Number of lables used:  26
Total time: 0.77 seconds
Memory used: 55.42 MB
--------------------------------------------------

Trying with at most 25 labels...
Solution:
{366, 128, 554, 792, 324, 86, 366, 128, 394, 156, 170, 408, 408, 170, 722, 484, 254, 16, 554, 792, 778, 540, 282, 44, 100, 338, 156, 394, 86, 324, 792, 554, 254, 16, 512, 750, 478, 240, 254, 16, 792, 554, 394, 156, 254, 16, 254, 16, 86, 324, 478, 240, 44, 282, 366, 128, 722, 484, 722, 484, 366, 128, 792, 554, 156, 394, 254, 16, 254, 16, 86, 324, 722, 484, 484, 722, 254, 16, 44, 282, 338, 100, 338, 100, 338, 100, 484, 722, 366, 128, 44, 282, 128, 366, 366, 128, 44, 282, 282, 44, 282, 44, 394, 156, 338, 100, 100, 338, 722, 484, 338, 100, 324, 86, 254, 16, 240, 478, 282, 44, 484, 722, 324, 86, 394, 156, 540, 778, 170, 408, 366, 128, 554, 792, 324, 86, 478, 240, 100, 338, 254, 16, 86, 324, 722, 484, 722, 484, 792, 554, 282, 44, 554, 792, 394, 156, 254, 16, 324, 86, 722, 484, 254, 16, 44, 282, 16, 254, 44, 282, 156, 394, 750, 512, 324, 86, 722, 484, 778, 540, 324, 86, 282, 44, 366, 128, 282, 44, 254, 16, 750, 512, 554, 792, 540, 778, 254, 16, 282, 44, 792, 554, 722, 484, 324, 86, 778, 540, 254, 16, 512, 750, 554, 792, 540, 778, 44, 282, 750, 512, 394, 156, 722, 484, 792, 554, 792, 554, 366, 128, 156, 394, 722, 484, 16, 254, 722, 484, 394, 156, 324, 86, 254, 16, 366, 128, 156, 394, 366, 128, 254, 16, 408, 170, 778, 540, 366, 128, 750, 512, 722, 484, 778, 540, 282, 44, 750, 512, 338, 100, 86, 324, 394, 156, 254, 16, 324, 86, 282, 44, 484, 722, 324, 86, 722, 484, 540, 778, 484, 722, 44, 282, 338, 100, 750, 512, 156, 394, 338, 100, 792, 554, 540, 778, 324, 86, 156, 394, 44, 282, 722, 484, 478, 240, 540, 778, 254, 16, 170, 408, 324, 86, 156, 394, 156, 394, 338, 100, 338, 100, 408, 170, 484, 722, 100, 338, 170, 408, 338, 100, 254, 16, 478, 240, 366, 128, 338, 100, 394, 156, 254, 16, 394, 156, 394, 156, 324, 86, 408, 170, 100, 338, 394, 156, 324, 86, 86, 324, 338, 100, 478, 240, 408, 170, 254, 16, 750, 512, 282, 44, 44, 282, 254, 16, 366, 128, 554, 792, 156, 394, 282, 44, 394, 156, 394, 156, 338, 100, 540, 778, 554, 792, 324, 86, 16, 254, 254, 16, 16, 254, 282, 44, 722, 484, 366, 128, 366, 128, 128, 366, 170, 408, 282, 44, 366, 128, 750, 512, 128, 366, 254, 16, 750, 512, 338, 100, 324, 86, 156, 394, 338, 100, 254, 16, 722, 484, 722, 484, 338, 100, 156, 394, 778, 540, 282, 44, 282, 44, 366, 128, 366, 128, 324, 86, 554, 792, 366, 128, 366, 128, 86, 324, 170, 408, 722, 484, 408, 170, 254, 16, 778, 540, 282, 44, 394, 156, 722, 484, 366, 128, 324, 86, 394, 156, 254, 16, 722, 484, 254, 16, 366, 128, 86, 324, 792, 554, 394, 156, 44, 282, 86, 324, 44, 282, 254, 16, 156, 394, 394, 156, 100, 338, 254, 16, 778, 540, 484, 722, 722, 484, 324, 86, 240, 478, 338, 100, 128, 366, 254, 16, 366, 128, 484, 722, 44, 282, 778, 540, 394, 156, 338, 100, 484, 722, 394, 156, 254, 16, 282, 44, 254, 16, 338, 100, 540, 778, 324, 86, 338, 100, 750, 512, 338, 100, 156, 394, 338, 100, 254, 16, 338, 100, 254, 16, 86, 324, 408, 170, 394, 156, 16, 254, 338, 100, 254, 16, 394, 156, 512, 750, 540, 778, 282, 44, 792, 554, 100, 338, 394, 156, 254, 16, 338, 100, 408, 170, 240, 478, 512, 750, 156, 394, 254, 16, 170, 408, 512, 750, 338, 100, 366, 128, 282, 44, 366, 128, 338, 100, 156, 394, 282, 44, 750, 512, 722, 484, 254, 16, 254, 16, 282, 44, 282, 44, 338, 100, 338, 100, 338, 100, 394, 156, 338, 100, 254, 16, 282, 44, 338, 100, 254, 16, 722, 484, 254, 16, 324, 86, 254, 16}
Number of lables used:  24
Total time: 0.79 seconds
Memory used: 55.79 MB
--------------------------------------------------

Trying with at most 23 labels...
Solution:
{366, 128, 554, 792, 324, 86, 282, 44, 394, 156, 170, 408, 408, 170, 792, 554, 338, 100, 554, 792, 778, 540, 282, 44, 100, 338, 156, 394, 86, 324, 86, 324, 44, 282, 484, 722, 478, 240, 254, 16, 792, 554, 16, 254, 254, 16, 16, 254, 86, 324, 478, 240, 44, 282, 366, 128, 722, 484, 778, 540, 338, 100, 722, 484, 156, 394, 254, 16, 282, 44, 86, 324, 722, 484, 540, 778, 254, 16, 44, 282, 366, 128, 338, 100, 338, 100, 484, 722, 366, 128, 44, 282, 128, 366, 366, 128, 128, 366, 282, 44, 282, 44, 394, 156, 338, 100, 128, 366, 778, 540, 338, 100, 324, 86, 254, 16, 240, 478, 394, 156, 484, 722, 324, 86, 394, 156, 540, 778, 170, 408, 394, 156, 554, 792, 324, 86, 408, 170, 100, 338, 324, 86, 86, 324, 778, 540, 778, 540, 554, 792, 282, 44, 554, 792, 484, 722, 254, 16, 324, 86, 722, 484, 254, 16, 44, 282, 16, 254, 44, 282, 156, 394, 722, 484, 324, 86, 722, 484, 778, 540, 324, 86, 282, 44, 394, 156, 282, 44, 16, 254, 722, 484, 254, 16, 540, 778, 254, 16, 282, 44, 792, 554, 722, 484, 324, 86, 778, 540, 282, 44, 282, 44, 554, 792, 540, 778, 16, 254, 792, 554, 394, 156, 722, 484, 778, 540, 792, 554, 366, 128, 128, 366, 778, 540, 44, 282, 778, 540, 394, 156, 366, 128, 324, 86, 254, 16, 156, 394, 366, 128, 254, 16, 478, 240, 778, 540, 100, 338, 778, 540, 722, 484, 778, 540, 722, 484, 778, 540, 540, 778, 86, 324, 394, 156, 282, 44, 324, 86, 86, 324, 484, 722, 324, 86, 722, 484, 554, 792, 484, 722, 44, 282, 338, 100, 778, 540, 156, 394, 366, 128, 792, 554, 254, 16, 324, 86, 156, 394, 44, 282, 722, 484, 478, 240, 484, 722, 254, 16, 240, 478, 324, 86, 156, 394, 778, 540, 540, 778, 338, 100, 408, 170, 44, 282, 44, 282, 170, 408, 338, 100, 254, 16, 170, 408, 366, 128, 338, 100, 394, 156, 254, 16, 394, 156, 394, 156, 324, 86, 170, 408, 100, 338, 394, 156, 324, 86, 86, 324, 338, 100, 478, 240, 240, 478, 282, 44, 324, 86, 282, 44, 44, 282, 254, 16, 366, 128, 554, 792, 16, 254, 282, 44, 394, 156, 394, 156, 128, 366, 540, 778, 554, 792, 324, 86, 16, 254, 282, 44, 44, 282, 254, 16, 722, 484, 366, 128, 366, 128, 128, 366, 170, 408, 366, 128, 366, 128, 722, 484, 128, 366, 254, 16, 338, 100, 282, 44, 282, 44, 156, 394, 338, 100, 254, 16, 16, 254, 282, 44, 338, 100, 156, 394, 44, 282, 282, 44, 282, 44, 366, 128, 366, 128, 394, 156, 554, 792, 366, 128, 366, 128, 86, 324, 478, 240, 722, 484, 408, 170, 86, 324, 778, 540, 282, 44, 156, 394, 722, 484, 366, 128, 282, 44, 394, 156, 254, 16, 722, 484, 254, 16, 366, 128, 86, 324, 792, 554, 394, 156, 44, 282, 86, 324, 44, 282, 254, 16, 554, 792, 394, 156, 100, 338, 394, 156, 792, 554, 484, 722, 722, 484, 324, 86, 408, 170, 338, 100, 128, 366, 254, 16, 394, 156, 484, 722, 44, 282, 778, 540, 792, 554, 338, 100, 86, 324, 394, 156, 254, 16, 282, 44, 254, 16, 338, 100, 778, 540, 324, 86, 338, 100, 100, 338, 254, 16, 156, 394, 338, 100, 254, 16, 100, 338, 254, 16, 722, 484, 408, 170, 394, 156, 16, 254, 324, 86, 282, 44, 394, 156, 484, 722, 394, 156, 282, 44, 792, 554, 484, 722, 338, 100, 338, 100, 338, 100, 478, 240, 240, 478, 722, 484, 128, 366, 324, 86, 408, 170, 394, 156, 338, 100, 366, 128, 86, 324, 44, 282, 16, 254, 778, 540, 254, 16, 722, 484, 722, 484, 16, 254, 282, 44, 282, 44, 282, 44, 338, 100, 338, 100, 366, 128, 394, 156, 338, 100, 254, 16, 282, 44, 338, 100, 282, 44, 722, 484, 540, 778, 324, 86, 254, 16}
Number of lables used:  22
Total time: 0.80 seconds
Memory used: 55.92 MB
--------------------------------------------------

Trying with at most 21 labels...
Solution:
{100, 338, 554, 792, 338, 100, 16, 254, 254, 16, 170, 408, 408, 170, 792, 554, 540, 778, 554, 792, 778, 540, 282, 44, 100, 338, 128, 366, 100, 338, 792, 554, 44, 282, 484, 722, 478, 240, 254, 16, 792, 554, 16, 254, 254, 16, 554, 792, 282, 44, 478, 240, 44, 282, 338, 100, 722, 484, 778, 540, 338, 100, 722, 484, 128, 366, 16, 254, 282, 44, 100, 338, 722, 484, 540, 778, 254, 16, 16, 254, 366, 128, 338, 100, 338, 100, 484, 722, 254, 16, 44, 282, 128, 366, 366, 128, 128, 366, 282, 44, 16, 254, 128, 366, 338, 100, 128, 366, 778, 540, 282, 44, 484, 722, 254, 16, 408, 170, 366, 128, 484, 722, 366, 128, 722, 484, 540, 778, 240, 478, 338, 100, 554, 792, 366, 128, 478, 240, 44, 282, 100, 338, 100, 338, 722, 484, 778, 540, 554, 792, 282, 44, 254, 16, 484, 722, 254, 16, 338, 100, 722, 484, 128, 366, 44, 282, 16, 254, 44, 282, 100, 338, 722, 484, 282, 44, 722, 484, 778, 540, 100, 338, 282, 44, 366, 128, 282, 44, 16, 254, 722, 484, 254, 16, 540, 778, 254, 16, 338, 100, 792, 554, 722, 484, 652, 414, 778, 540, 254, 16, 282, 44, 652, 414, 540, 778, 100, 338, 792, 554, 338, 100, 722, 484, 778, 540, 792, 554, 366, 128, 484, 722, 778, 540, 44, 282, 778, 540, 366, 128, 366, 128, 16, 254, 484, 722, 16, 254, 366, 128, 254, 16, 478, 240, 778, 540, 44, 282, 778, 540, 282, 44, 778, 540, 722, 484, 540, 778, 540, 778, 366, 128, 484, 722, 282, 44, 722, 484, 792, 554, 484, 722, 282, 44, 722, 484, 554, 792, 484, 722, 366, 128, 338, 100, 778, 540, 100, 338, 282, 44, 792, 554, 254, 16, 338, 100, 540, 778, 100, 338, 722, 484, 240, 478, 484, 722, 254, 16, 240, 478, 414, 652, 254, 16, 778, 540, 540, 778, 338, 100, 408, 170, 44, 282, 44, 282, 170, 408, 338, 100, 282, 44, 170, 408, 44, 282, 338, 100, 554, 792, 254, 16, 100, 338, 366, 128, 366, 128, 170, 408, 100, 338, 366, 128, 414, 652, 100, 338, 778, 540, 478, 240, 408, 170, 44, 282, 366, 128, 338, 100, 44, 282, 254, 16, 366, 128, 554, 792, 722, 484, 484, 722, 792, 554, 100, 338, 128, 366, 540, 778, 652, 414, 338, 100, 16, 254, 254, 16, 254, 16, 282, 44, 722, 484, 414, 652, 366, 128, 652, 414, 170, 408, 366, 128, 366, 128, 722, 484, 128, 366, 282, 44, 282, 44, 254, 16, 282, 44, 254, 16, 722, 484, 254, 16, 16, 254, 282, 44, 254, 16, 282, 44, 44, 282, 366, 128, 282, 44, 338, 100, 366, 128, 16, 254, 554, 792, 366, 128, 540, 778, 100, 338, 408, 170, 722, 484, 408, 170, 414, 652, 778, 540, 282, 44, 128, 366, 722, 484, 44, 282, 540, 778, 414, 652, 254, 16, 722, 484, 254, 16, 366, 128, 128, 366, 792, 554, 366, 128, 44, 282, 366, 128, 44, 282, 254, 16, 554, 792, 338, 100, 100, 338, 414, 652, 414, 652, 484, 722, 722, 484, 484, 722, 408, 170, 722, 484, 282, 44, 338, 100, 44, 282, 484, 722, 44, 282, 778, 540, 792, 554, 338, 100, 338, 100, 338, 100, 254, 16, 282, 44, 338, 100, 338, 100, 778, 540, 338, 100, 338, 100, 100, 338, 254, 16, 652, 414, 338, 100, 254, 16, 100, 338, 254, 16, 540, 778, 408, 170, 366, 128, 16, 254, 414, 652, 254, 16, 554, 792, 484, 722, 778, 540, 282, 44, 792, 554, 484, 722, 338, 100, 338, 100, 338, 100, 478, 240, 170, 408, 722, 484, 128, 366, 338, 100, 408, 170, 414, 652, 128, 366, 338, 100, 282, 44, 44, 282, 16, 254, 792, 554, 254, 16, 722, 484, 722, 484, 16, 254, 414, 652, 282, 44, 282, 44, 338, 100, 282, 44, 366, 128, 414, 652, 366, 128, 254, 16, 282, 44, 16, 254, 338, 100, 778, 540, 414, 652, 366, 128, 652, 414}
Number of lables used:  20
Total time: 0.82 seconds
Memory used: 56.04 MB
--------------------------------------------------

Trying with at most 19 labels...
Solution:
{100, 338, 498, 736, 338, 100, 16, 254, 16, 254, 142, 380, 380, 142, 736, 498, 540, 778, 142, 380, 778, 540, 296, 58, 338, 100, 296, 58, 100, 338, 652, 414, 296, 58, 442, 680, 478, 240, 296, 58, 414, 652, 16, 254, 380, 142, 652, 414, 338, 100, 478, 240, 296, 58, 338, 100, 652, 414, 778, 540, 338, 100, 254, 16, 58, 296, 442, 680, 254, 16, 296, 58, 680, 442, 540, 778, 16, 254, 142, 380, 58, 296, 338, 100, 254, 16, 442, 680, 254, 16, 778, 540, 58, 296, 338, 100, 736, 498, 338, 100, 16, 254, 680, 442, 652, 414, 16, 254, 16, 254, 296, 58, 142, 380, 680, 442, 142, 380, 380, 142, 736, 498, 254, 16, 680, 442, 540, 778, 142, 380, 338, 100, 380, 142, 100, 338, 380, 142, 736, 498, 254, 16, 652, 414, 736, 498, 142, 380, 254, 16, 338, 100, 296, 58, 778, 540, 254, 16, 338, 100, 380, 142, 652, 414, 142, 380, 100, 338, 380, 142, 58, 296, 652, 414, 296, 58, 680, 442, 778, 540, 58, 296, 296, 58, 380, 142, 338, 100, 16, 254, 380, 142, 736, 498, 380, 142, 16, 254, 380, 142, 142, 380, 100, 338, 652, 414, 736, 498, 296, 58, 680, 442, 736, 498, 442, 680, 100, 338, 680, 442, 338, 100, 680, 442, 540, 778, 414, 652, 296, 58, 442, 680, 296, 58, 58, 296, 778, 540, 736, 498, 100, 338, 16, 254, 414, 652, 254, 16, 736, 498, 254, 16, 478, 240, 778, 540, 58, 296, 380, 142, 58, 296, 778, 540, 540, 778, 540, 778, 540, 778, 142, 380, 680, 442, 338, 100, 442, 680, 498, 736, 442, 680, 338, 100, 680, 442, 442, 680, 442, 680, 680, 442, 338, 100, 778, 540, 380, 142, 296, 58, 736, 498, 414, 652, 100, 338, 540, 778, 652, 414, 680, 442, 478, 240, 652, 414, 254, 16, 142, 380, 498, 736, 254, 16, 778, 540, 540, 778, 296, 58, 142, 380, 778, 540, 100, 338, 240, 478, 338, 100, 296, 58, 380, 142, 736, 498, 338, 100, 540, 778, 254, 16, 296, 58, 778, 540, 652, 414, 478, 240, 100, 338, 414, 652, 414, 652, 100, 338, 778, 540, 142, 380, 478, 240, 142, 380, 100, 338, 296, 58, 338, 100, 338, 100, 652, 414, 540, 778, 652, 414, 442, 680, 100, 338, 100, 338, 100, 338, 58, 296, 296, 58, 338, 100, 16, 254, 58, 296, 296, 58, 338, 100, 338, 100, 414, 652, 338, 100, 414, 652, 142, 380, 100, 338, 442, 680, 58, 296, 540, 778, 100, 338, 680, 442, 442, 680, 254, 16, 142, 380, 778, 540, 414, 652, 16, 254, 296, 58, 736, 498, 296, 58, 736, 498, 380, 142, 142, 380, 58, 296, 680, 442, 58, 296, 380, 142, 380, 142, 540, 778, 100, 338, 478, 240, 380, 142, 380, 142, 414, 652, 16, 254, 100, 338, 380, 142, 736, 498, 380, 142, 498, 736, 414, 652, 254, 16, 540, 778, 100, 338, 296, 58, 58, 296, 540, 778, 254, 16, 142, 380, 380, 142, 540, 778, 338, 100, 296, 58, 296, 58, 296, 58, 380, 142, 16, 254, 498, 736, 414, 652, 778, 540, 380, 142, 296, 58, 254, 16, 736, 498, 338, 100, 442, 680, 442, 680, 296, 58, 142, 380, 296, 58, 100, 338, 254, 16, 16, 254, 680, 442, 338, 100, 142, 380, 652, 414, 100, 338, 338, 100, 338, 100, 652, 414, 736, 498, 16, 254, 296, 58, 498, 736, 254, 16, 254, 16, 380, 142, 296, 58, 414, 652, 100, 338, 254, 16, 778, 540, 498, 736, 442, 680, 100, 338, 540, 778, 254, 16, 380, 142, 442, 680, 100, 338, 478, 240, 240, 478, 680, 442, 296, 58, 254, 16, 380, 142, 16, 254, 58, 296, 254, 16, 498, 736, 296, 58, 736, 498, 778, 540, 442, 680, 16, 254, 652, 414, 16, 254, 414, 652, 778, 540, 142, 380, 540, 778, 100, 338, 338, 100, 652, 414, 142, 380, 680, 442, 254, 16, 380, 142, 652, 414, 778, 540, 414, 652, 498, 736, 652, 414}
Number of lables used:  18
Total time: 0.88 seconds
Memory used: 56.42 MB
--------------------------------------------------

Trying with at most 17 labels...
[runlim] sample:		9.7 time, 10.9 real, 72.9 MB
[runlim] sample:		19.4 time, 20.0 real, 85.7 MB
[runlim] sample:		29.1 time, 30.0 real, 86.4 MB
[runlim] sample:		38.8 time, 40.0 real, 87.7 MB
[runlim] sample:		48.5 time, 49.0 real, 88.9 MB
[runlim] sample:		58.3 time, 59.0 real, 96.5 MB
[runlim] sample:		68.0 time, 69.0 real, 94.1 MB
[runlim] sample:		77.7 time, 79.0 real, 98.4 MB
[runlim] sample:		87.4 time, 88.1 real, 79.3 MB
[runlim] sample:		97.1 time, 98.1 real, 99.5 MB
[runlim] sample:		106.8 time, 108.1 real, 99.8 MB
[runlim] sample:		116.5 time, 117.2 real, 100.5 MB
[runlim] sample:		126.2 time, 127.2 real, 101.1 MB
[runlim] sample:		136.0 time, 137.2 real, 101.1 MB
[runlim] sample:		145.7 time, 146.3 real, 101.6 MB
[runlim] sample:		155.4 time, 156.3 real, 103.1 MB
[runlim] sample:		165.1 time, 166.3 real, 104.0 MB
[runlim] sample:		174.8 time, 175.3 real, 104.2 MB
[runlim] sample:		184.5 time, 185.3 real, 104.2 MB
[runlim] sample:		194.2 time, 195.3 real, 104.5 MB
[runlim] sample:		203.9 time, 205.3 real, 105.5 MB
[runlim] sample:		213.8 time, 214.4 real, 105.5 MB
[runlim] sample:		223.4 time, 224.4 real, 105.6 MB
[runlim] sample:		233.1 time, 234.4 real, 105.6 MB
[runlim] sample:		242.9 time, 243.5 real, 105.6 MB
[runlim] sample:		252.6 time, 253.5 real, 107.1 MB
[runlim] sample:		262.3 time, 263.5 real, 107.5 MB
[runlim] sample:		272.0 time, 272.6 real, 109.2 MB
[runlim] sample:		281.7 time, 282.6 real, 109.2 MB
[runlim] sample:		291.4 time, 292.6 real, 109.2 MB
[runlim] sample:		301.2 time, 301.7 real, 109.8 MB
[runlim] sample:		310.9 time, 311.7 real, 110.0 MB
[runlim] sample:		320.6 time, 321.7 real, 110.3 MB
[runlim] sample:		330.3 time, 331.7 real, 110.3 MB
[runlim] sample:		340.0 time, 340.7 real, 111.5 MB
[runlim] sample:		349.7 time, 350.7 real, 119.5 MB
[runlim] sample:		359.4 time, 360.7 real, 122.7 MB
[runlim] sample:		369.2 time, 369.8 real, 122.7 MB
[runlim] sample:		378.9 time, 379.8 real, 122.7 MB
[runlim] sample:		388.6 time, 389.8 real, 122.7 MB
[runlim] sample:		398.3 time, 398.9 real, 153.8 MB
[runlim] sample:		408.0 time, 408.9 real, 122.7 MB
[runlim] sample:		417.7 time, 418.9 real, 122.7 MB
[runlim] sample:		427.4 time, 428.0 real, 122.7 MB
[runlim] sample:		437.2 time, 438.0 real, 122.7 MB
[runlim] sample:		446.9 time, 448.0 real, 122.6 MB
[runlim] sample:		456.6 time, 458.0 real, 122.6 MB
[runlim] sample:		466.4 time, 467.0 real, 154.4 MB
[runlim] sample:		476.1 time, 477.0 real, 122.7 MB
[runlim] sample:		485.7 time, 487.0 real, 152.8 MB
[runlim] sample:		495.5 time, 496.1 real, 122.7 MB
[runlim] sample:		505.2 time, 506.1 real, 122.7 MB
[runlim] sample:		514.9 time, 516.1 real, 155.0 MB
[runlim] sample:		524.6 time, 525.2 real, 122.7 MB
[runlim] sample:		534.3 time, 535.2 real, 122.7 MB
[runlim] sample:		544.0 time, 545.2 real, 157.0 MB
[runlim] sample:		553.7 time, 554.3 real, 122.7 MB
[runlim] sample:		563.5 time, 564.3 real, 153.2 MB
[runlim] sample:		573.2 time, 574.3 real, 122.7 MB
[runlim] sample:		582.9 time, 584.3 real, 122.7 MB
[runlim] sample:		592.6 time, 593.4 real, 155.7 MB
[runlim] end:			Thu Dec 11 19:03:57 2025
[runlim] status:		out of time
[runlim] result:		2
[runlim] children:		0
[runlim] real:			600.07 seconds
[runlim] time:			599.11 seconds
[runlim] space:			159.2 MB
[runlim] samples:		6167
