[runlim] version:		1.10
[runlim] time limit:		311040000 seconds
[runlim] real time limit:	600 seconds
[runlim] space limit:		8000 MB
[runlim] argv[0]:		python3
[runlim] argv[1]:		-u
[runlim] argv[2]:		test.py
[runlim] argv[3]:		graph01
[runlim] start:			Thu Dec 25 15:48:57 2025
[runlim] main pid:		61184
Solve first problem:
Solution:
{1: 296, 2: 58, 3: 652, 4: 414, 5: 16, 6: 254, 7: 380, 8: 142, 9: 380, 10: 142, 11: 778, 12: 540, 13: 338, 14: 100, 15: 296, 16: 58, 17: 652, 18: 414, 19: 394, 20: 156, 21: 296, 22: 58, 23: 478, 24: 240, 25: 310, 26: 72, 27: 114, 28: 352, 29: 296, 30: 58, 31: 268, 32: 30, 33: 352, 34: 114, 35: 310, 36: 72, 37: 338, 38: 100, 39: 324, 40: 86, 41: 282, 42: 44, 43: 778, 44: 540, 45: 254, 46: 16, 47: 72, 48: 310, 49: 282, 50: 44, 51: 394, 52: 156, 53: 310, 54: 72, 55: 86, 56: 324, 57: 16, 58: 254, 59: 778, 60: 540, 61: 254, 62: 16, 63: 352, 64: 114, 65: 254, 66: 16, 67: 296, 68: 58, 69: 254, 70: 16, 71: 324, 72: 86, 73: 380, 74: 142, 75: 268, 76: 30, 77: 750, 78: 512, 79: 310, 80: 72, 81: 254, 82: 16, 83: 268, 84: 30, 85: 324, 86: 86, 87: 680, 88: 442, 89: 338, 90: 100, 91: 652, 92: 414, 93: 254, 94: 16, 95: 44, 96: 282, 97: 478, 98: 240, 99: 30, 100: 268, 101: 380, 102: 142, 103: 282, 104: 44, 105: 352, 106: 114, 107: 296, 108: 58, 109: 296, 110: 58, 111: 380, 112: 142, 113: 268, 114: 30, 115: 114, 116: 352, 117: 254, 118: 16, 119: 296, 120: 58, 121: 380, 122: 142, 123: 380, 124: 142, 125: 254, 126: 16, 127: 296, 128: 58, 129: 338, 130: 100, 131: 268, 132: 30, 133: 694, 134: 456, 135: 478, 136: 240, 137: 282, 138: 44, 139: 296, 140: 58, 141: 324, 142: 86, 143: 324, 144: 86, 145: 268, 146: 30, 147: 254, 148: 16, 149: 324, 150: 86, 151: 652, 152: 414, 153: 254, 154: 16, 155: 324, 156: 86, 157: 268, 158: 30, 159: 268, 160: 30, 161: 394, 162: 156, 163: 296, 164: 58, 165: 352, 166: 114, 167: 366, 168: 128, 169: 254, 170: 16, 171: 268, 172: 30, 173: 254, 174: 16, 175: 324, 176: 86, 177: 254, 178: 16, 179: 282, 180: 44, 181: 652, 182: 414, 183: 268, 184: 30, 185: 324, 186: 86, 187: 268, 188: 30, 189: 254, 190: 16, 191: 310, 192: 72, 193: 380, 194: 142, 195: 268, 196: 30, 197: 254, 198: 16, 199: 254, 200: 16}
Correct solution!
Number of lables used:  34
Time taken: 0.16 seconds
Memory used: 28.31 MB
--------------------------------------------------

Trying with at most 33 labels...
Solution:
{1: 352, 2: 114, 3: 86, 4: 324, 5: 86, 6: 324, 7: 380, 8: 142, 9: 142, 10: 380, 11: 72, 12: 310, 13: 394, 14: 156, 15: 86, 16: 324, 17: 86, 18: 324, 19: 86, 20: 324, 21: 310, 22: 72, 23: 380, 24: 142, 25: 268, 26: 30, 27: 338, 28: 100, 29: 394, 30: 156, 31: 310, 32: 72, 33: 380, 34: 142, 35: 156, 36: 394, 37: 352, 38: 114, 39: 338, 40: 100, 41: 282, 42: 44, 43: 694, 44: 456, 45: 30, 46: 268, 47: 456, 48: 694, 49: 694, 50: 456, 51: 100, 52: 338, 53: 324, 54: 86, 55: 86, 56: 324, 57: 86, 58: 324, 59: 394, 60: 156, 61: 380, 62: 142, 63: 142, 64: 380, 65: 338, 66: 100, 67: 380, 68: 142, 69: 282, 70: 44, 71: 324, 72: 86, 73: 380, 74: 142, 75: 282, 76: 44, 77: 268, 78: 30, 79: 310, 80: 72, 81: 352, 82: 114, 83: 30, 84: 268, 85: 72, 86: 310, 87: 30, 88: 268, 89: 156, 90: 394, 91: 44, 92: 282, 93: 380, 94: 142, 95: 156, 96: 394, 97: 240, 98: 478, 99: 324, 100: 86, 101: 72, 102: 310, 103: 380, 104: 142, 105: 30, 106: 268, 107: 156, 108: 394, 109: 352, 110: 114, 111: 30, 112: 268, 113: 324, 114: 86, 115: 338, 116: 100, 117: 380, 118: 142, 119: 380, 120: 142, 121: 478, 122: 240, 123: 240, 124: 478, 125: 142, 126: 380, 127: 456, 128: 694, 129: 142, 130: 380, 131: 268, 132: 30, 133: 142, 134: 380, 135: 240, 136: 478, 137: 352, 138: 114, 139: 310, 140: 72, 141: 352, 142: 114, 143: 456, 144: 694, 145: 694, 146: 456, 147: 156, 148: 394, 149: 114, 150: 352, 151: 44, 152: 282, 153: 282, 154: 44, 155: 338, 156: 100, 157: 380, 158: 142, 159: 394, 160: 156, 161: 694, 162: 456, 163: 694, 164: 456, 165: 114, 166: 352, 167: 100, 168: 338, 169: 352, 170: 114, 171: 282, 172: 44, 173: 352, 174: 114, 175: 86, 176: 324, 177: 324, 178: 86, 179: 380, 180: 142, 181: 282, 182: 44, 183: 380, 184: 142, 185: 86, 186: 324, 187: 338, 188: 100, 189: 380, 190: 142, 191: 456, 192: 694, 193: 478, 194: 240, 195: 282, 196: 44, 197: 380, 198: 142, 199: 380, 200: 142}
Correct solution!
Number of lables used:  20
Time taken: 0.31 seconds
Memory used: 29.81 MB
--------------------------------------------------

Trying with at most 19 labels...
Solution:
{1: 352, 2: 114, 3: 86, 4: 324, 5: 142, 6: 380, 7: 240, 8: 478, 9: 240, 10: 478, 11: 694, 12: 456, 13: 352, 14: 114, 15: 86, 16: 324, 17: 86, 18: 324, 19: 86, 20: 324, 21: 310, 22: 72, 23: 380, 24: 142, 25: 44, 26: 282, 27: 324, 28: 86, 29: 394, 30: 156, 31: 394, 32: 156, 33: 380, 34: 142, 35: 694, 36: 456, 37: 352, 38: 114, 39: 324, 40: 86, 41: 282, 42: 44, 43: 694, 44: 456, 45: 30, 46: 268, 47: 456, 48: 694, 49: 352, 50: 114, 51: 282, 52: 44, 53: 324, 54: 86, 55: 324, 56: 86, 57: 86, 58: 324, 59: 394, 60: 156, 61: 380, 62: 142, 63: 142, 64: 380, 65: 324, 66: 86, 67: 380, 68: 142, 69: 282, 70: 44, 71: 268, 72: 30, 73: 380, 74: 142, 75: 310, 76: 72, 77: 30, 78: 268, 79: 310, 80: 72, 81: 352, 82: 114, 83: 30, 84: 268, 85: 86, 86: 324, 87: 30, 88: 268, 89: 156, 90: 394, 91: 44, 92: 282, 93: 86, 94: 324, 95: 394, 96: 156, 97: 240, 98: 478, 99: 324, 100: 86, 101: 72, 102: 310, 103: 380, 104: 142, 105: 30, 106: 268, 107: 156, 108: 394, 109: 352, 110: 114, 111: 72, 112: 310, 113: 324, 114: 86, 115: 310, 116: 72, 117: 380, 118: 142, 119: 394, 120: 156, 121: 478, 122: 240, 123: 240, 124: 478, 125: 142, 126: 380, 127: 352, 128: 114, 129: 142, 130: 380, 131: 268, 132: 30, 133: 380, 134: 142, 135: 478, 136: 240, 137: 72, 138: 310, 139: 310, 140: 72, 141: 268, 142: 30, 143: 456, 144: 694, 145: 30, 146: 268, 147: 156, 148: 394, 149: 114, 150: 352, 151: 44, 152: 282, 153: 324, 154: 86, 155: 352, 156: 114, 157: 380, 158: 142, 159: 394, 160: 156, 161: 694, 162: 456, 163: 268, 164: 30, 165: 310, 166: 72, 167: 352, 168: 114, 169: 352, 170: 114, 171: 324, 172: 86, 173: 380, 174: 142, 175: 30, 176: 268, 177: 324, 178: 86, 179: 694, 180: 456, 181: 44, 182: 282, 183: 380, 184: 142, 185: 86, 186: 324, 187: 142, 188: 380, 189: 380, 190: 142, 191: 694, 192: 456, 193: 240, 194: 478, 195: 156, 196: 394, 197: 352, 198: 114, 199: 380, 200: 142}
Correct solution!
Number of lables used:  18
Time taken: 0.34 seconds
Memory used: 30.31 MB
--------------------------------------------------

Trying with at most 17 labels...
[runlim] sample:		9.9 time, 10.5 real, 46.5 MB
[runlim] sample:		19.8 time, 20.5 real, 55.9 MB
[runlim] sample:		30.0 time, 30.5 real, 62.9 MB
[runlim] sample:		40.0 time, 40.5 real, 62.9 MB
[runlim] sample:		50.0 time, 50.5 real, 62.9 MB
[runlim] sample:		60.0 time, 60.5 real, 67.3 MB
[runlim] sample:		70.0 time, 70.5 real, 67.6 MB
[runlim] sample:		80.0 time, 80.5 real, 75.7 MB
[runlim] sample:		90.0 time, 90.5 real, 76.6 MB
[runlim] sample:		100.0 time, 100.5 real, 77.3 MB
[runlim] sample:		110.0 time, 110.5 real, 78.2 MB
[runlim] sample:		120.0 time, 120.5 real, 78.6 MB
[runlim] sample:		130.0 time, 130.5 real, 79.3 MB
[runlim] sample:		140.0 time, 140.5 real, 79.3 MB
[runlim] sample:		150.0 time, 150.5 real, 79.3 MB
[runlim] sample:		160.0 time, 160.5 real, 79.9 MB
[runlim] sample:		170.0 time, 170.5 real, 81.2 MB
[runlim] sample:		180.0 time, 180.5 real, 81.8 MB
[runlim] sample:		190.0 time, 190.5 real, 82.4 MB
[runlim] sample:		200.0 time, 200.5 real, 82.4 MB
[runlim] sample:		210.0 time, 210.5 real, 100.8 MB
[runlim] sample:		220.0 time, 220.5 real, 101.8 MB
[runlim] sample:		230.0 time, 230.5 real, 102.3 MB
[runlim] sample:		240.0 time, 240.5 real, 103.8 MB
[runlim] sample:		250.0 time, 250.5 real, 103.8 MB
[runlim] sample:		260.0 time, 260.5 real, 104.2 MB
[runlim] sample:		270.0 time, 270.5 real, 104.2 MB
[runlim] sample:		280.0 time, 280.5 real, 104.7 MB
[runlim] sample:		290.0 time, 290.5 real, 104.7 MB
[runlim] sample:		300.0 time, 300.5 real, 104.7 MB
[runlim] sample:		310.0 time, 310.5 real, 104.7 MB
[runlim] sample:		320.0 time, 320.5 real, 135.2 MB
[runlim] sample:		330.0 time, 330.5 real, 104.8 MB
[runlim] sample:		340.0 time, 340.5 real, 104.8 MB
[runlim] sample:		350.0 time, 350.5 real, 104.8 MB
[runlim] sample:		360.0 time, 360.5 real, 104.8 MB
[runlim] sample:		370.0 time, 370.5 real, 104.8 MB
[runlim] sample:		380.0 time, 380.5 real, 104.8 MB
[runlim] sample:		390.0 time, 390.5 real, 104.8 MB
[runlim] sample:		400.0 time, 400.5 real, 135.1 MB
[runlim] sample:		410.0 time, 410.5 real, 104.8 MB
[runlim] sample:		420.0 time, 420.5 real, 138.1 MB
[runlim] sample:		430.0 time, 430.5 real, 104.8 MB
[runlim] sample:		440.0 time, 440.5 real, 139.0 MB
[runlim] sample:		450.0 time, 450.5 real, 104.8 MB
[runlim] sample:		460.0 time, 460.5 real, 104.9 MB
[runlim] sample:		470.0 time, 470.5 real, 104.9 MB
[runlim] sample:		480.0 time, 480.5 real, 104.8 MB
[runlim] sample:		490.0 time, 490.5 real, 104.8 MB
[runlim] sample:		500.0 time, 500.5 real, 104.8 MB
[runlim] sample:		510.0 time, 510.5 real, 104.8 MB
[runlim] sample:		520.0 time, 520.5 real, 142.1 MB
[runlim] sample:		530.0 time, 530.5 real, 104.8 MB
[runlim] sample:		540.0 time, 540.5 real, 141.0 MB
[runlim] sample:		550.0 time, 550.5 real, 104.8 MB
[runlim] sample:		560.0 time, 560.5 real, 139.6 MB
[runlim] sample:		570.0 time, 570.5 real, 104.7 MB
[runlim] sample:		580.0 time, 580.5 real, 138.7 MB
[runlim] sample:		590.0 time, 590.5 real, 104.8 MB
[runlim] end:			Thu Dec 25 15:58:57 2025
[runlim] status:		out of time
[runlim] result:		2
[runlim] children:		0
[runlim] real:			600.04 seconds
[runlim] time:			599.52 seconds
[runlim] space:			142.7 MB
[runlim] samples:		5995
