[runlim] version:		1.10
[runlim] time limit:		311040000 seconds
[runlim] real time limit:	600 seconds
[runlim] space limit:		8000 MB
[runlim] argv[0]:		python3
[runlim] argv[1]:		-u
[runlim] argv[2]:		main.py
[runlim] argv[3]:		graph02
[runlim] start:			Thu Dec 11 18:48:17 2025
[runlim] main pid:		75918
Solve first problem:
Solution:
{666, 428, 100, 338, 268, 30, 324, 86, 652, 414, 394, 156, 694, 456, 310, 72, 282, 44, 296, 58, 142, 380, 366, 128, 268, 30, 324, 86, 156, 394, 114, 352, 380, 142, 666, 428, 86, 324, 380, 142, 324, 86, 254, 16, 680, 442, 338, 100, 310, 72, 44, 282, 380, 142, 296, 58, 666, 428, 310, 72, 128, 366, 310, 72, 30, 268, 652, 414, 254, 16, 380, 142, 16, 254, 254, 16, 394, 156, 282, 44, 310, 72, 156, 394, 694, 456, 86, 324, 156, 394, 268, 30, 324, 86, 666, 428, 128, 366, 310, 72, 324, 86, 380, 142, 16, 254, 352, 114, 282, 44, 296, 58, 30, 268, 338, 100, 114, 352, 380, 142, 338, 100, 324, 86, 268, 30, 338, 100, 380, 142, 324, 86, 680, 442, 380, 142, 324, 86, 282, 44, 352, 114, 680, 442, 282, 44, 352, 114, 58, 296, 338, 100, 254, 16, 380, 142, 652, 414, 310, 72, 708, 470, 380, 142, 352, 114, 310, 72, 324, 86, 338, 100, 296, 58, 680, 442, 156, 394, 380, 142, 268, 30, 694, 456, 282, 44, 652, 414, 380, 142, 680, 442, 128, 366, 324, 86, 296, 58, 310, 72, 156, 394, 268, 30, 324, 86, 338, 100, 310, 72, 268, 30, 478, 240, 366, 128, 254, 16, 268, 30, 352, 114, 324, 86, 254, 16, 408, 170, 310, 72, 16, 254, 366, 128, 282, 44, 268, 30, 338, 100, 296, 58, 338, 100, 666, 428, 380, 142, 324, 86, 16, 254, 58, 296, 380, 142, 310, 72, 380, 142, 254, 16, 380, 142, 380, 142, 44, 282, 282, 44, 268, 30, 296, 58, 254, 16, 310, 72, 666, 428, 366, 128, 268, 30, 380, 142, 254, 16, 324, 86, 380, 142, 380, 142, 338, 100, 380, 142, 408, 170, 282, 44, 652, 414, 268, 30, 296, 58, 380, 142, 380, 142, 380, 142, 296, 58, 408, 170, 310, 72, 380, 142, 338, 100, 310, 72, 282, 44, 268, 30, 268, 30, 268, 30, 254, 16, 282, 44, 380, 142, 296, 58, 254, 16, 310, 72, 310, 72, 380, 142, 380, 142, 254, 16, 268, 30, 324, 86, 338, 100, 338, 100, 268, 30, 268, 30, 254, 16, 282, 44, 254, 16, 324, 86, 254, 16, 254, 16, 282, 44, 268, 30, 254, 16, 268, 30, 268, 30, 254, 16, 254, 16, 254, 16, 268, 30, 324, 86, 268, 30}
Correct solution!
Number of lables used:  36
Total time: 0.27 seconds
Memory used: 38.47 MB
--------------------------------------------------

Trying with at most 35 labels...
Solution:
{764, 526, 100, 338, 310, 72, 282, 44, 498, 736, 338, 100, 764, 526, 470, 708, 114, 352, 380, 142, 44, 282, 680, 442, 380, 142, 380, 142, 736, 498, 114, 352, 142, 380, 736, 498, 736, 498, 44, 282, 338, 100, 310, 72, 680, 442, 282, 44, 442, 680, 680, 442, 240, 478, 310, 72, 764, 526, 310, 72, 680, 442, 44, 282, 44, 282, 708, 470, 72, 310, 240, 478, 44, 282, 380, 142, 736, 498, 498, 736, 310, 72, 708, 470, 526, 764, 100, 338, 708, 470, 380, 142, 44, 282, 442, 680, 470, 708, 680, 442, 526, 764, 310, 72, 44, 282, 142, 380, 282, 44, 736, 498, 526, 764, 680, 442, 680, 442, 142, 380, 366, 128, 680, 442, 366, 128, 680, 442, 478, 240, 72, 310, 764, 526, 478, 240, 366, 128, 352, 114, 366, 128, 470, 708, 380, 142, 680, 442, 764, 526, 72, 310, 310, 72, 380, 142, 736, 498, 338, 100, 470, 708, 478, 240, 680, 442, 338, 100, 310, 72, 680, 442, 380, 142, 352, 114, 680, 442, 240, 478, 352, 114, 442, 680, 352, 114, 764, 526, 408, 170, 736, 498, 708, 470, 352, 114, 44, 282, 338, 100, 128, 366, 310, 72, 470, 708, 380, 142, 352, 114, 282, 44, 478, 240, 442, 680, 736, 498, 380, 142, 352, 114, 310, 72, 380, 142, 142, 380, 310, 72, 310, 72, 282, 44, 310, 72, 338, 100, 680, 442, 72, 310, 380, 142, 100, 338, 408, 170, 100, 338, 114, 352, 72, 310, 170, 408, 310, 72, 408, 170, 380, 142, 478, 240, 380, 142, 470, 708, 708, 470, 708, 470, 352, 114, 680, 442, 736, 498, 764, 526, 526, 764, 44, 282, 380, 142, 380, 142, 680, 442, 478, 240, 478, 240, 680, 442, 478, 240, 380, 142, 310, 72, 498, 736, 366, 128, 380, 142, 408, 170, 408, 170, 478, 240, 310, 72, 142, 380, 310, 72, 380, 142, 680, 442, 352, 114, 366, 128, 366, 128, 282, 44, 498, 736, 282, 44, 380, 142, 478, 240, 72, 310, 142, 380, 338, 100, 526, 764, 478, 240, 170, 408, 736, 498, 380, 142, 680, 442, 680, 442, 44, 282, 380, 142, 380, 142, 380, 142, 352, 114, 380, 142, 72, 310, 338, 100, 338, 100, 366, 128, 380, 142, 380, 142, 380, 142, 380, 142, 736, 498, 380, 142, 380, 142, 142, 380, 72, 310, 128, 366}
Number of lables used:  24
Total time: 0.44 seconds
Memory used: 40.34 MB
--------------------------------------------------

Trying with at most 23 labels...
Solution:
{764, 526, 100, 338, 310, 72, 282, 44, 498, 736, 680, 442, 764, 526, 470, 708, 72, 310, 380, 142, 44, 282, 680, 442, 380, 142, 380, 142, 736, 498, 380, 142, 142, 380, 736, 498, 736, 498, 44, 282, 338, 100, 282, 44, 680, 442, 338, 100, 442, 680, 680, 442, 240, 478, 310, 72, 764, 526, 310, 72, 680, 442, 100, 338, 44, 282, 708, 470, 72, 310, 240, 478, 44, 282, 380, 142, 736, 498, 498, 736, 310, 72, 736, 498, 526, 764, 44, 282, 708, 470, 380, 142, 44, 282, 442, 680, 470, 708, 680, 442, 526, 764, 310, 72, 282, 44, 142, 380, 282, 44, 736, 498, 526, 764, 736, 498, 680, 442, 142, 380, 366, 128, 680, 442, 366, 128, 680, 442, 478, 240, 72, 310, 764, 526, 478, 240, 366, 128, 282, 44, 366, 128, 470, 708, 380, 142, 680, 442, 764, 526, 72, 310, 680, 442, 380, 142, 736, 498, 338, 100, 470, 708, 478, 240, 680, 442, 338, 100, 310, 72, 680, 442, 680, 442, 44, 282, 680, 442, 240, 478, 282, 44, 442, 680, 366, 128, 764, 526, 408, 170, 498, 736, 708, 470, 442, 680, 44, 282, 338, 100, 128, 366, 310, 72, 470, 708, 380, 142, 338, 100, 764, 526, 478, 240, 442, 680, 736, 498, 380, 142, 338, 100, 310, 72, 380, 142, 142, 380, 310, 72, 310, 72, 282, 44, 310, 72, 338, 100, 680, 442, 72, 310, 380, 142, 100, 338, 408, 170, 100, 338, 128, 366, 72, 310, 170, 408, 310, 72, 408, 170, 380, 142, 478, 240, 380, 142, 470, 708, 708, 470, 708, 470, 310, 72, 680, 442, 736, 498, 526, 764, 526, 764, 764, 526, 380, 142, 380, 142, 680, 442, 478, 240, 478, 240, 680, 442, 478, 240, 380, 142, 310, 72, 498, 736, 310, 72, 380, 142, 408, 170, 408, 170, 478, 240, 310, 72, 142, 380, 310, 72, 72, 310, 680, 442, 338, 100, 366, 128, 366, 128, 282, 44, 498, 736, 282, 44, 380, 142, 478, 240, 72, 310, 142, 380, 338, 100, 526, 764, 478, 240, 170, 408, 736, 498, 380, 142, 680, 442, 680, 442, 44, 282, 380, 142, 380, 142, 380, 142, 338, 100, 380, 142, 72, 310, 338, 100, 338, 100, 366, 128, 380, 142, 380, 142, 380, 142, 380, 142, 736, 498, 380, 142, 380, 142, 142, 380, 72, 310, 128, 366}
Number of lables used:  22
Total time: 0.45 seconds
Memory used: 40.59 MB
--------------------------------------------------

Trying with at most 21 labels...
Solution:
{764, 526, 100, 338, 310, 72, 282, 44, 498, 736, 680, 442, 764, 526, 470, 708, 100, 338, 380, 142, 44, 282, 680, 442, 680, 442, 44, 282, 736, 498, 380, 142, 142, 380, 736, 498, 736, 498, 44, 282, 470, 708, 310, 72, 380, 142, 338, 100, 442, 680, 680, 442, 240, 478, 310, 72, 764, 526, 310, 72, 680, 442, 380, 142, 44, 282, 708, 470, 72, 310, 240, 478, 44, 282, 380, 142, 736, 498, 498, 736, 380, 142, 736, 498, 526, 764, 44, 282, 708, 470, 338, 100, 44, 282, 442, 680, 470, 708, 680, 442, 526, 764, 310, 72, 142, 380, 142, 380, 380, 142, 736, 498, 526, 764, 736, 498, 680, 442, 142, 380, 380, 142, 680, 442, 338, 100, 764, 526, 478, 240, 72, 310, 526, 764, 478, 240, 338, 100, 282, 44, 338, 100, 470, 708, 380, 142, 680, 442, 764, 526, 72, 310, 680, 442, 380, 142, 736, 498, 338, 100, 470, 708, 478, 240, 680, 442, 338, 100, 310, 72, 680, 442, 680, 442, 44, 282, 680, 442, 240, 478, 282, 44, 442, 680, 338, 100, 764, 526, 478, 240, 498, 736, 680, 442, 442, 680, 44, 282, 338, 100, 100, 338, 310, 72, 470, 708, 380, 142, 338, 100, 764, 526, 478, 240, 442, 680, 708, 470, 380, 142, 338, 100, 310, 72, 380, 142, 240, 478, 310, 72, 310, 72, 282, 44, 310, 72, 338, 100, 310, 72, 72, 310, 380, 142, 100, 338, 240, 478, 72, 310, 100, 338, 72, 310, 240, 478, 310, 72, 478, 240, 380, 142, 478, 240, 380, 142, 470, 708, 708, 470, 708, 470, 310, 72, 680, 442, 736, 498, 526, 764, 526, 764, 764, 526, 380, 142, 380, 142, 736, 498, 478, 240, 478, 240, 680, 442, 478, 240, 380, 142, 310, 72, 498, 736, 310, 72, 380, 142, 380, 142, 380, 142, 478, 240, 310, 72, 142, 380, 338, 100, 44, 282, 680, 442, 338, 100, 338, 100, 680, 442, 282, 44, 498, 736, 282, 44, 380, 142, 478, 240, 72, 310, 142, 380, 338, 100, 526, 764, 478, 240, 478, 240, 736, 498, 380, 142, 680, 442, 680, 442, 44, 282, 380, 142, 282, 44, 44, 282, 380, 142, 708, 470, 526, 764, 338, 100, 338, 100, 282, 44, 380, 142, 380, 142, 380, 142, 380, 142, 764, 526, 380, 142, 380, 142, 142, 380, 72, 310, 680, 442}
Number of lables used:  18
Total time: 0.45 seconds
Memory used: 40.59 MB
--------------------------------------------------

Trying with at most 17 labels...
Solution:
{708, 470, 380, 142, 310, 72, 310, 72, 526, 764, 666, 428, 442, 680, 470, 708, 470, 708, 380, 142, 708, 470, 708, 470, 764, 526, 142, 380, 764, 526, 310, 72, 142, 380, 764, 526, 764, 526, 764, 526, 442, 680, 254, 16, 310, 72, 380, 142, 442, 680, 680, 442, 240, 478, 16, 254, 764, 526, 142, 380, 526, 764, 526, 764, 72, 310, 526, 764, 72, 310, 240, 478, 72, 310, 254, 16, 666, 428, 526, 764, 16, 254, 680, 442, 72, 310, 72, 310, 680, 442, 142, 380, 310, 72, 442, 680, 470, 708, 680, 442, 526, 764, 380, 142, 142, 380, 142, 380, 526, 764, 680, 442, 72, 310, 526, 764, 680, 442, 142, 380, 380, 142, 680, 442, 380, 142, 764, 526, 478, 240, 142, 380, 526, 764, 478, 240, 428, 666, 470, 708, 380, 142, 470, 708, 310, 72, 680, 442, 254, 16, 380, 142, 680, 442, 380, 142, 310, 72, 380, 142, 16, 254, 478, 240, 708, 470, 666, 428, 764, 526, 708, 470, 680, 442, 708, 470, 666, 428, 240, 478, 72, 310, 442, 680, 380, 142, 72, 310, 478, 240, 470, 708, 680, 442, 708, 470, 142, 380, 380, 142, 254, 16, 310, 72, 428, 666, 380, 142, 72, 310, 764, 526, 240, 478, 428, 666, 680, 442, 708, 470, 310, 72, 666, 428, 380, 142, 478, 240, 310, 72, 72, 310, 72, 310, 310, 72, 666, 428, 310, 72, 442, 680, 380, 142, 428, 666, 240, 478, 470, 708, 428, 666, 428, 666, 380, 142, 310, 72, 478, 240, 380, 142, 478, 240, 380, 142, 708, 470, 708, 470, 666, 428, 526, 764, 680, 442, 680, 442, 72, 310, 428, 666, 428, 666, 380, 142, 142, 380, 764, 526, 478, 240, 478, 240, 680, 442, 478, 240, 380, 142, 764, 526, 526, 764, 310, 72, 380, 142, 380, 142, 380, 142, 380, 142, 310, 72, 240, 478, 428, 666, 708, 470, 526, 764, 254, 16, 72, 310, 680, 442, 526, 764, 764, 526, 16, 254, 380, 142, 478, 240, 666, 428, 254, 16, 680, 442, 142, 380, 240, 478, 478, 240, 16, 254, 310, 72, 680, 442, 680, 442, 142, 380, 708, 470, 470, 708, 16, 254, 380, 142, 708, 470, 310, 72, 254, 16, 254, 16, 310, 72, 380, 142, 254, 16, 764, 526, 666, 428, 764, 526, 380, 142, 380, 142, 142, 380, 72, 310, 680, 442}
Number of lables used:  16
Total time: 0.47 seconds
Memory used: 40.59 MB
--------------------------------------------------

Trying with at most 15 labels...
Solution:
{666, 428, 254, 16, 254, 16, 310, 72, 526, 764, 708, 470, 442, 680, 470, 708, 254, 16, 380, 142, 708, 470, 708, 470, 680, 442, 666, 428, 764, 526, 310, 72, 142, 380, 764, 526, 380, 142, 764, 526, 428, 666, 380, 142, 310, 72, 16, 254, 442, 680, 666, 428, 142, 380, 442, 680, 764, 526, 142, 380, 526, 764, 442, 680, 72, 310, 526, 764, 72, 310, 142, 380, 72, 310, 254, 16, 708, 470, 526, 764, 16, 254, 680, 442, 72, 310, 72, 310, 680, 442, 666, 428, 310, 72, 442, 680, 428, 666, 680, 442, 526, 764, 380, 142, 16, 254, 470, 708, 526, 764, 680, 442, 72, 310, 526, 764, 680, 442, 142, 380, 442, 680, 708, 470, 380, 142, 764, 526, 142, 380, 16, 254, 16, 254, 380, 142, 428, 666, 526, 764, 666, 428, 470, 708, 310, 72, 680, 442, 310, 72, 428, 666, 680, 442, 380, 142, 310, 72, 254, 16, 16, 254, 142, 380, 708, 470, 666, 428, 764, 526, 708, 470, 680, 442, 526, 764, 708, 470, 380, 142, 310, 72, 442, 680, 666, 428, 72, 310, 142, 380, 470, 708, 680, 442, 708, 470, 72, 310, 680, 442, 254, 16, 310, 72, 428, 666, 526, 764, 72, 310, 764, 526, 142, 380, 428, 666, 680, 442, 708, 470, 310, 72, 666, 428, 380, 142, 142, 380, 310, 72, 708, 470, 72, 310, 310, 72, 666, 428, 310, 72, 442, 680, 380, 142, 428, 666, 380, 142, 470, 708, 428, 666, 428, 666, 380, 142, 310, 72, 142, 380, 380, 142, 380, 142, 380, 142, 708, 470, 764, 526, 708, 470, 526, 764, 680, 442, 680, 442, 72, 310, 428, 666, 310, 72, 380, 142, 16, 254, 764, 526, 380, 142, 380, 142, 680, 442, 380, 142, 380, 142, 764, 526, 254, 16, 310, 72, 310, 72, 380, 142, 380, 142, 380, 142, 310, 72, 380, 142, 428, 666, 526, 764, 764, 526, 666, 428, 72, 310, 680, 442, 526, 764, 526, 764, 16, 254, 310, 72, 380, 142, 680, 442, 254, 16, 680, 442, 708, 470, 142, 380, 380, 142, 16, 254, 310, 72, 680, 442, 680, 442, 16, 254, 708, 470, 470, 708, 16, 254, 526, 764, 708, 470, 310, 72, 254, 16, 254, 16, 310, 72, 680, 442, 254, 16, 764, 526, 666, 428, 764, 526, 380, 142, 428, 666, 708, 470, 72, 310, 680, 442}
Number of lables used:  14
Total time: 0.48 seconds
Memory used: 40.59 MB
--------------------------------------------------

Trying with at most 13 labels...
[runlim] sample:		9.7 time, 9.2 real, 59.4 MB
[runlim] sample:		19.4 time, 19.2 real, 61.4 MB
[runlim] sample:		29.2 time, 29.2 real, 64.2 MB
[runlim] sample:		38.9 time, 39.2 real, 68.2 MB
[runlim] sample:		48.6 time, 48.3 real, 68.7 MB
[runlim] sample:		58.3 time, 58.3 real, 70.0 MB
[runlim] sample:		68.0 time, 68.3 real, 70.6 MB
[runlim] sample:		77.7 time, 77.3 real, 76.2 MB
[runlim] sample:		87.4 time, 87.3 real, 77.2 MB
[runlim] sample:		97.1 time, 97.3 real, 77.6 MB
[runlim] sample:		106.8 time, 106.4 real, 78.2 MB
[runlim] sample:		116.6 time, 116.4 real, 78.4 MB
[runlim] sample:		126.3 time, 126.4 real, 78.8 MB
[runlim] sample:		136.0 time, 135.4 real, 79.4 MB
[runlim] sample:		145.7 time, 145.4 real, 79.9 MB
[runlim] sample:		155.4 time, 155.4 real, 80.3 MB
[runlim] sample:		165.1 time, 165.4 real, 81.1 MB
[runlim] sample:		174.8 time, 174.5 real, 81.8 MB
[runlim] sample:		184.5 time, 184.5 real, 82.0 MB
[runlim] sample:		194.3 time, 194.5 real, 100.0 MB
[runlim] sample:		204.0 time, 203.6 real, 101.5 MB
[runlim] sample:		213.7 time, 213.6 real, 101.5 MB
[runlim] sample:		223.4 time, 223.6 real, 101.6 MB
[runlim] sample:		233.1 time, 232.7 real, 102.0 MB
[runlim] sample:		242.8 time, 242.7 real, 102.6 MB
[runlim] sample:		252.5 time, 252.7 real, 102.6 MB
[runlim] sample:		262.2 time, 261.7 real, 102.9 MB
[runlim] sample:		271.9 time, 271.7 real, 102.9 MB
[runlim] sample:		281.7 time, 281.7 real, 102.9 MB
[runlim] sample:		291.4 time, 291.7 real, 103.8 MB
[runlim] sample:		301.1 time, 300.8 real, 103.8 MB
[runlim] sample:		310.8 time, 310.8 real, 103.9 MB
[runlim] sample:		320.5 time, 320.8 real, 103.9 MB
[runlim] sample:		330.2 time, 329.9 real, 104.1 MB
[runlim] sample:		339.9 time, 339.9 real, 104.1 MB
Cannot find solution.
No more solutions found.
Optimal number of labels used:  14
[runlim] end:			Thu Dec 11 18:53:57 2025
[runlim] status:		ok
[runlim] result:		0
[runlim] children:		0
[runlim] real:			340.93 seconds
[runlim] time:			340.92 seconds
[runlim] space:			104.1 MB
[runlim] samples:		3510
