[runlim] version:		1.10
[runlim] time limit:		311040000 seconds
[runlim] real time limit:	600 seconds
[runlim] space limit:		8000 MB
[runlim] argv[0]:		python3
[runlim] argv[1]:		-u
[runlim] argv[2]:		main.py
[runlim] argv[3]:		scen04
[runlim] start:			Thu Dec 11 19:40:46 2025
[runlim] main pid:		94953
Solve first problem:
Solution:
{680, 442, 254, 16, 680, 442, 16, 254, 16, 254, 310, 72, 44, 282, 708, 470, 16, 254, 352, 114, 750, 512, 414, 652, 16, 254, 652, 414, 526, 764, 310, 72, 470, 708, 114, 352, 16, 254, 16, 254, 708, 470, 142, 380, 652, 414, 72, 310, 338, 100, 16, 254, 778, 540, 72, 310, 156, 394, 142, 380, 526, 764, 86, 324, 338, 100, 722, 484, 554, 792, 254, 16, 652, 414, 540, 778, 540, 778, 86, 324, 114, 352, 128, 366, 44, 282, 254, 16, 414, 652, 268, 30, 128, 366, 16, 254, 414, 652, 254, 16, 512, 750, 652, 414, 254, 16, 498, 736, 484, 722, 86, 324, 254, 16, 736, 498, 268, 30, 128, 366, 750, 512, 16, 254, 16, 254, 666, 428, 428, 666, 778, 540, 680, 442, 44, 282, 268, 30, 764, 526, 16, 254, 16, 254, 484, 722, 736, 498, 526, 764, 366, 128, 666, 428, 442, 680, 554, 792, 170, 408, 554, 792, 30, 268, 526, 764, 380, 142, 16, 254, 442, 680, 792, 554, 366, 128, 708, 470, 470, 708, 652, 414, 254, 16, 394, 156, 254, 16, 156, 394, 156, 394, 338, 100, 352, 114, 736, 498, 792, 554, 484, 722, 750, 512, 526, 764, 526, 764, 352, 114, 72, 310, 442, 680, 30, 268, 30, 268, 44, 282, 778, 540, 268, 30, 268, 30, 512, 750, 352, 114, 442, 680, 736, 498, 282, 44, 736, 498, 666, 428, 750, 512, 526, 764, 30, 268, 324, 86, 324, 86, 428, 666, 254, 16, 680, 442, 128, 366, 750, 512, 352, 114, 694, 456, 442, 680, 268, 30, 428, 666, 268, 30, 428, 666, 338, 100, 484, 722, 694, 456, 366, 128, 86, 324, 414, 652, 708, 470, 652, 414, 750, 512, 128, 366, 652, 414, 708, 470, 30, 268, 338, 100, 498, 736, 268, 30, 128, 366, 428, 666, 254, 16, 764, 526, 428, 666, 512, 750, 470, 708, 512, 750, 652, 414, 512, 750, 526, 764, 666, 428, 16, 254, 338, 100, 100, 338, 324, 86, 338, 100, 680, 442, 268, 30, 254, 16, 268, 30, 414, 652, 666, 428, 736, 498, 324, 86, 414, 652, 324, 86, 268, 30, 16, 254, 142, 380, 652, 414, 352, 114, 456, 694, 268, 30, 366, 128, 142, 380, 694, 456, 268, 30, 764, 526, 30, 268, 428, 666, 722, 484, 792, 554, 414, 652, 498, 736, 666, 428, 764, 526, 380, 142, 652, 414, 764, 526, 128, 366, 352, 114, 540, 778, 526, 764, 778, 540, 86, 324, 680, 442, 540, 778, 484, 722, 142, 380, 526, 764, 470, 708, 30, 268, 142, 380, 778, 540, 428, 666, 268, 30, 268, 30, 708, 470, 30, 268, 428, 666, 128, 366, 254, 16, 296, 58, 30, 268, 72, 310, 254, 16, 470, 708, 442, 680, 58, 296, 366, 128, 16, 254, 394, 156, 338, 100, 484, 722, 30, 268, 100, 338, 428, 666, 268, 30, 428, 666, 30, 268, 736, 498, 30, 268, 526, 764, 254, 16, 694, 456, 16, 254, 142, 380, 16, 254, 16, 254, 666, 428, 338, 100, 778, 540, 736, 498, 526, 764, 526, 764, 722, 484, 470, 708, 268, 30, 666, 428, 764, 526, 72, 310, 30, 268, 708, 470, 268, 30, 114, 352, 484, 722, 428, 666, 498, 736, 268, 30, 44, 282, 540, 778, 652, 414, 324, 86, 666, 428, 380, 142, 652, 414, 268, 30, 268, 30, 72, 310, 30, 268, 750, 512, 268, 30, 498, 736, 666, 428, 268, 30, 680, 442, 750, 512, 512, 750, 428, 666, 114, 352, 254, 16, 470, 708, 72, 310, 456, 694, 324, 86, 666, 428, 736, 498, 268, 30, 512, 750, 16, 254, 254, 16, 442, 680, 114, 352, 442, 680, 428, 666, 254, 16, 736, 498, 254, 16, 428, 666, 414, 652, 736, 498, 736, 498, 414, 652, 324, 86, 428, 666, 114, 352, 526, 764, 128, 366, 736, 498, 512, 750, 30, 268, 58, 296, 268, 30, 666, 428, 428, 666, 498, 736, 30, 268, 268, 30, 366, 128, 44, 282, 666, 428, 16, 254, 254, 16, 268, 30, 778, 540, 128, 366}
Correct solution!
Number of lables used:  46
Total time: 0.50 seconds
Memory used: 45.86 MB
--------------------------------------------------

Trying with at most 45 labels...
Solution:
{680, 442, 254, 16, 680, 442, 16, 254, 16, 254, 310, 72, 44, 282, 708, 470, 16, 254, 352, 114, 750, 512, 414, 652, 16, 254, 652, 414, 526, 764, 310, 72, 470, 708, 114, 352, 16, 254, 16, 254, 708, 470, 142, 380, 652, 414, 72, 310, 338, 100, 16, 254, 778, 540, 72, 310, 156, 394, 142, 380, 526, 764, 86, 324, 338, 100, 722, 484, 554, 792, 254, 16, 652, 414, 540, 778, 540, 778, 86, 324, 114, 352, 128, 366, 44, 282, 254, 16, 414, 652, 268, 30, 128, 366, 16, 254, 414, 652, 254, 16, 512, 750, 652, 414, 254, 16, 498, 736, 484, 722, 86, 324, 254, 16, 736, 498, 268, 30, 128, 366, 750, 512, 16, 254, 16, 254, 666, 428, 428, 666, 778, 540, 680, 442, 44, 282, 268, 30, 764, 526, 16, 254, 16, 254, 484, 722, 736, 498, 526, 764, 366, 128, 666, 428, 442, 680, 554, 792, 170, 408, 554, 792, 30, 268, 526, 764, 380, 142, 16, 254, 442, 680, 792, 554, 366, 128, 708, 470, 470, 708, 652, 414, 254, 16, 394, 156, 254, 16, 156, 394, 156, 394, 338, 100, 352, 114, 736, 498, 792, 554, 484, 722, 750, 512, 526, 764, 526, 764, 352, 114, 72, 310, 442, 680, 30, 268, 30, 268, 44, 282, 778, 540, 268, 30, 268, 30, 512, 750, 352, 114, 442, 680, 736, 498, 282, 44, 736, 498, 666, 428, 750, 512, 526, 764, 30, 268, 324, 86, 324, 86, 428, 666, 254, 16, 680, 442, 128, 366, 750, 512, 352, 114, 694, 456, 442, 680, 268, 30, 428, 666, 268, 30, 428, 666, 338, 100, 484, 722, 694, 456, 366, 128, 86, 324, 414, 652, 708, 470, 652, 414, 750, 512, 128, 366, 652, 414, 708, 470, 30, 268, 338, 100, 498, 736, 268, 30, 128, 366, 428, 666, 254, 16, 764, 526, 428, 666, 512, 750, 470, 708, 512, 750, 652, 414, 512, 750, 526, 764, 666, 428, 16, 254, 338, 100, 100, 338, 324, 86, 338, 100, 680, 442, 268, 30, 254, 16, 268, 30, 414, 652, 666, 428, 736, 498, 324, 86, 414, 652, 324, 86, 268, 30, 16, 254, 142, 380, 652, 414, 352, 114, 456, 694, 268, 30, 366, 128, 142, 380, 694, 456, 268, 30, 764, 526, 30, 268, 428, 666, 722, 484, 792, 554, 414, 652, 498, 736, 666, 428, 764, 526, 380, 142, 652, 414, 764, 526, 128, 366, 352, 114, 540, 778, 526, 764, 778, 540, 86, 324, 680, 442, 540, 778, 484, 722, 142, 380, 526, 764, 470, 708, 30, 268, 142, 380, 778, 540, 442, 680, 268, 30, 268, 30, 708, 470, 30, 268, 428, 666, 128, 366, 254, 16, 310, 72, 30, 268, 72, 310, 254, 16, 470, 708, 442, 680, 72, 310, 366, 128, 16, 254, 394, 156, 338, 100, 484, 722, 30, 268, 100, 338, 428, 666, 268, 30, 428, 666, 30, 268, 736, 498, 30, 268, 526, 764, 254, 16, 694, 456, 16, 254, 142, 380, 16, 254, 16, 254, 666, 428, 338, 100, 778, 540, 736, 498, 526, 764, 526, 764, 722, 484, 470, 708, 268, 30, 666, 428, 764, 526, 72, 310, 30, 268, 708, 470, 268, 30, 114, 352, 484, 722, 428, 666, 498, 736, 268, 30, 44, 282, 540, 778, 652, 414, 324, 86, 666, 428, 380, 142, 652, 414, 268, 30, 268, 30, 72, 310, 30, 268, 750, 512, 268, 30, 498, 736, 666, 428, 268, 30, 680, 442, 750, 512, 512, 750, 428, 666, 114, 352, 254, 16, 470, 708, 72, 310, 456, 694, 324, 86, 666, 428, 736, 498, 268, 30, 512, 750, 16, 254, 254, 16, 442, 680, 114, 352, 442, 680, 428, 666, 254, 16, 736, 498, 254, 16, 428, 666, 414, 652, 736, 498, 736, 498, 414, 652, 324, 86, 428, 666, 114, 352, 526, 764, 128, 366, 736, 498, 512, 750, 30, 268, 72, 310, 268, 30, 666, 428, 428, 666, 498, 736, 30, 268, 268, 30, 366, 128, 44, 282, 666, 428, 16, 254, 254, 16, 268, 30, 778, 540, 128, 366}
Number of lables used:  44
Total time: 0.73 seconds
Memory used: 47.98 MB
--------------------------------------------------

Trying with at most 43 labels...
Solution:
{680, 442, 254, 16, 680, 442, 16, 254, 16, 254, 310, 72, 44, 282, 708, 470, 16, 254, 352, 114, 750, 512, 414, 652, 16, 254, 652, 414, 526, 764, 310, 72, 470, 708, 114, 352, 16, 254, 16, 254, 708, 470, 142, 380, 652, 414, 72, 310, 338, 100, 16, 254, 778, 540, 72, 310, 156, 394, 142, 380, 526, 764, 86, 324, 338, 100, 722, 484, 554, 792, 254, 16, 652, 414, 554, 792, 554, 792, 86, 324, 114, 352, 128, 366, 44, 282, 254, 16, 414, 652, 268, 30, 128, 366, 16, 254, 414, 652, 254, 16, 512, 750, 652, 414, 254, 16, 512, 750, 484, 722, 86, 324, 254, 16, 792, 554, 268, 30, 128, 366, 750, 512, 16, 254, 16, 254, 666, 428, 428, 666, 778, 540, 680, 442, 44, 282, 268, 30, 764, 526, 16, 254, 16, 254, 484, 722, 750, 512, 526, 764, 366, 128, 666, 428, 442, 680, 554, 792, 170, 408, 554, 792, 30, 268, 526, 764, 380, 142, 16, 254, 442, 680, 792, 554, 366, 128, 708, 470, 470, 708, 652, 414, 254, 16, 394, 156, 254, 16, 156, 394, 156, 394, 338, 100, 352, 114, 750, 512, 792, 554, 484, 722, 750, 512, 526, 764, 526, 764, 352, 114, 72, 310, 442, 680, 30, 268, 30, 268, 44, 282, 778, 540, 268, 30, 268, 30, 512, 750, 352, 114, 442, 680, 764, 526, 282, 44, 750, 512, 666, 428, 750, 512, 540, 778, 30, 268, 324, 86, 324, 86, 428, 666, 254, 16, 680, 442, 128, 366, 750, 512, 352, 114, 694, 456, 442, 680, 268, 30, 428, 666, 268, 30, 428, 666, 338, 100, 484, 722, 694, 456, 366, 128, 86, 324, 414, 652, 708, 470, 652, 414, 750, 512, 128, 366, 652, 414, 708, 470, 30, 268, 338, 100, 512, 750, 268, 30, 128, 366, 428, 666, 254, 16, 764, 526, 428, 666, 512, 750, 470, 708, 512, 750, 652, 414, 512, 750, 526, 764, 666, 428, 16, 254, 338, 100, 100, 338, 324, 86, 338, 100, 680, 442, 268, 30, 254, 16, 268, 30, 414, 652, 722, 484, 792, 554, 324, 86, 414, 652, 324, 86, 268, 30, 16, 254, 142, 380, 652, 414, 352, 114, 456, 694, 268, 30, 366, 128, 142, 380, 694, 456, 268, 30, 764, 526, 30, 268, 428, 666, 722, 484, 792, 554, 414, 652, 512, 750, 666, 428, 764, 526, 380, 142, 652, 414, 764, 526, 128, 366, 352, 114, 540, 778, 526, 764, 778, 540, 86, 324, 680, 442, 540, 778, 484, 722, 142, 380, 526, 764, 470, 708, 30, 268, 142, 380, 778, 540, 456, 694, 268, 30, 268, 30, 708, 470, 30, 268, 428, 666, 128, 366, 254, 16, 310, 72, 30, 268, 72, 310, 254, 16, 470, 708, 442, 680, 72, 310, 366, 128, 16, 254, 394, 156, 338, 100, 484, 722, 30, 268, 100, 338, 428, 666, 268, 30, 428, 666, 30, 268, 722, 484, 30, 268, 526, 764, 254, 16, 694, 456, 16, 254, 142, 380, 16, 254, 16, 254, 666, 428, 338, 100, 778, 540, 764, 526, 526, 764, 526, 764, 722, 484, 470, 708, 268, 30, 666, 428, 792, 554, 72, 310, 30, 268, 708, 470, 268, 30, 114, 352, 484, 722, 428, 666, 512, 750, 268, 30, 44, 282, 540, 778, 652, 414, 324, 86, 666, 428, 380, 142, 652, 414, 268, 30, 268, 30, 72, 310, 30, 268, 750, 512, 268, 30, 512, 750, 666, 428, 268, 30, 680, 442, 750, 512, 512, 750, 428, 666, 114, 352, 254, 16, 470, 708, 72, 310, 456, 694, 324, 86, 666, 428, 750, 512, 268, 30, 512, 750, 16, 254, 254, 16, 442, 680, 114, 352, 442, 680, 428, 666, 254, 16, 750, 512, 254, 16, 428, 666, 414, 652, 750, 512, 750, 512, 414, 652, 324, 86, 428, 666, 114, 352, 526, 764, 128, 366, 750, 512, 512, 750, 30, 268, 72, 310, 268, 30, 666, 428, 428, 666, 526, 764, 30, 268, 268, 30, 366, 128, 44, 282, 666, 428, 16, 254, 254, 16, 268, 30, 778, 540, 128, 366}
Number of lables used:  42
Total time: 0.74 seconds
Memory used: 47.98 MB
--------------------------------------------------

Trying with at most 41 labels...
Solution:
{680, 442, 254, 16, 680, 442, 16, 254, 16, 254, 310, 72, 44, 282, 708, 470, 16, 254, 352, 114, 750, 512, 414, 652, 16, 254, 652, 414, 526, 764, 310, 72, 470, 708, 114, 352, 16, 254, 16, 254, 708, 470, 142, 380, 652, 414, 72, 310, 352, 114, 16, 254, 778, 540, 72, 310, 156, 394, 142, 380, 526, 764, 86, 324, 352, 114, 722, 484, 554, 792, 254, 16, 652, 414, 554, 792, 554, 792, 86, 324, 114, 352, 128, 366, 44, 282, 254, 16, 414, 652, 268, 30, 128, 366, 16, 254, 414, 652, 254, 16, 512, 750, 652, 414, 254, 16, 512, 750, 484, 722, 86, 324, 254, 16, 792, 554, 268, 30, 128, 366, 750, 512, 16, 254, 16, 254, 666, 428, 428, 666, 778, 540, 680, 442, 44, 282, 268, 30, 764, 526, 16, 254, 16, 254, 484, 722, 750, 512, 526, 764, 394, 156, 666, 428, 442, 680, 554, 792, 170, 408, 554, 792, 30, 268, 526, 764, 380, 142, 16, 254, 442, 680, 792, 554, 394, 156, 708, 470, 470, 708, 652, 414, 254, 16, 394, 156, 254, 16, 156, 394, 156, 394, 352, 114, 352, 114, 750, 512, 792, 554, 484, 722, 750, 512, 526, 764, 526, 764, 352, 114, 72, 310, 442, 680, 30, 268, 30, 268, 44, 282, 778, 540, 268, 30, 268, 30, 512, 750, 352, 114, 442, 680, 764, 526, 282, 44, 750, 512, 666, 428, 750, 512, 540, 778, 30, 268, 324, 86, 324, 86, 428, 666, 254, 16, 680, 442, 128, 366, 750, 512, 352, 114, 694, 456, 442, 680, 268, 30, 428, 666, 268, 30, 428, 666, 352, 114, 484, 722, 694, 456, 366, 128, 86, 324, 414, 652, 708, 470, 652, 414, 750, 512, 128, 366, 652, 414, 708, 470, 30, 268, 352, 114, 512, 750, 268, 30, 128, 366, 428, 666, 254, 16, 764, 526, 428, 666, 512, 750, 470, 708, 512, 750, 652, 414, 512, 750, 526, 764, 666, 428, 16, 254, 366, 128, 128, 366, 324, 86, 366, 128, 708, 470, 268, 30, 254, 16, 268, 30, 414, 652, 722, 484, 792, 554, 324, 86, 414, 652, 324, 86, 268, 30, 16, 254, 142, 380, 652, 414, 352, 114, 456, 694, 268, 30, 366, 128, 142, 380, 694, 456, 268, 30, 764, 526, 30, 268, 428, 666, 722, 484, 792, 554, 414, 652, 512, 750, 666, 428, 764, 526, 380, 142, 652, 414, 764, 526, 128, 366, 352, 114, 540, 778, 526, 764, 778, 540, 86, 324, 680, 442, 540, 778, 484, 722, 142, 380, 526, 764, 470, 708, 30, 268, 142, 380, 778, 540, 456, 694, 268, 30, 268, 30, 708, 470, 30, 268, 428, 666, 128, 366, 254, 16, 310, 72, 30, 268, 72, 310, 254, 16, 470, 708, 442, 680, 72, 310, 366, 128, 16, 254, 394, 156, 352, 114, 484, 722, 30, 268, 114, 352, 442, 680, 268, 30, 428, 666, 30, 268, 722, 484, 30, 268, 526, 764, 254, 16, 694, 456, 16, 254, 142, 380, 16, 254, 16, 254, 666, 428, 352, 114, 778, 540, 764, 526, 526, 764, 526, 764, 722, 484, 470, 708, 268, 30, 666, 428, 792, 554, 72, 310, 30, 268, 708, 470, 268, 30, 114, 352, 484, 722, 428, 666, 512, 750, 268, 30, 44, 282, 540, 778, 652, 414, 324, 86, 666, 428, 380, 142, 652, 414, 268, 30, 268, 30, 72, 310, 30, 268, 750, 512, 268, 30, 512, 750, 666, 428, 268, 30, 680, 442, 750, 512, 512, 750, 428, 666, 114, 352, 254, 16, 470, 708, 72, 310, 456, 694, 324, 86, 666, 428, 750, 512, 268, 30, 512, 750, 16, 254, 254, 16, 442, 680, 114, 352, 442, 680, 428, 666, 254, 16, 750, 512, 254, 16, 428, 666, 414, 652, 750, 512, 750, 512, 414, 652, 324, 86, 428, 666, 114, 352, 526, 764, 128, 366, 750, 512, 512, 750, 30, 268, 72, 310, 268, 30, 666, 428, 428, 666, 526, 764, 30, 268, 268, 30, 366, 128, 44, 282, 666, 428, 16, 254, 254, 16, 268, 30, 442, 680, 128, 366}
Number of lables used:  40
Total time: 0.74 seconds
Memory used: 47.98 MB
--------------------------------------------------

Trying with at most 39 labels...
Cannot find solution.
No more solutions found.
Optimal number of labels used:  40
[runlim] end:			Thu Dec 11 19:40:46 2025
[runlim] status:		ok
[runlim] result:		0
[runlim] children:		0
[runlim] real:			0.91 seconds
[runlim] time:			0.76 seconds
[runlim] space:			48.9 MB
[runlim] samples:		8
