[runlim] version:		1.10
[runlim] time limit:		311040000 seconds
[runlim] real time limit:	600 seconds
[runlim] space limit:		8000 MB
[runlim] argv[0]:		python3
[runlim] argv[1]:		-u
[runlim] argv[2]:		test.py
[runlim] argv[3]:		scen02
[runlim] start:			Thu Dec 25 16:33:59 2025
[runlim] main pid:		76667
Solve first problem:
Solution:
{13: 268, 14: 30, 15: 268, 16: 30, 53: 268, 54: 30, 79: 254, 80: 16, 81: 268, 82: 30, 83: 680, 84: 442, 85: 352, 86: 114, 127: 352, 128: 114, 129: 254, 130: 16, 143: 254, 144: 16, 145: 254, 146: 16, 205: 254, 206: 16, 233: 666, 234: 428, 235: 338, 236: 100, 237: 352, 238: 114, 261: 254, 262: 16, 263: 352, 264: 114, 265: 338, 266: 100, 267: 254, 268: 16, 269: 352, 270: 114, 271: 352, 272: 114, 273: 44, 274: 282, 275: 44, 276: 282, 277: 352, 278: 114, 281: 268, 282: 30, 283: 282, 284: 44, 289: 254, 290: 16, 291: 324, 292: 86, 303: 666, 304: 428, 305: 338, 306: 100, 321: 156, 322: 394, 323: 254, 324: 16, 325: 666, 326: 428, 327: 338, 328: 100, 329: 254, 330: 16, 341: 30, 342: 268, 343: 30, 344: 268, 349: 338, 350: 100, 351: 30, 352: 268, 435: 296, 436: 58, 475: 282, 476: 44, 481: 268, 482: 30, 517: 268, 518: 30, 519: 338, 520: 100, 555: 128, 556: 366, 557: 666, 558: 428, 559: 58, 560: 296, 561: 366, 562: 128, 565: 100, 566: 338, 577: 324, 578: 86, 579: 352, 580: 114, 583: 666, 584: 428, 585: 324, 586: 86, 587: 254, 588: 16, 589: 366, 590: 128, 591: 352, 592: 114, 593: 114, 594: 352, 595: 296, 596: 58, 597: 268, 598: 30, 599: 142, 600: 380, 601: 282, 602: 44, 603: 268, 604: 30, 605: 268, 606: 30, 607: 338, 608: 100, 613: 100, 614: 338, 615: 282, 616: 44, 617: 268, 618: 30, 621: 338, 622: 100, 625: 268, 626: 30, 629: 282, 630: 44, 631: 268, 632: 30, 633: 282, 634: 44, 635: 268, 636: 30, 645: 296, 646: 58, 651: 254, 652: 16, 661: 254, 662: 16, 663: 394, 664: 156, 665: 366, 666: 128, 667: 254, 668: 16, 713: 352, 714: 114, 717: 44, 718: 282, 719: 394, 720: 156, 721: 324, 722: 86, 723: 254, 724: 16, 743: 44, 744: 282, 745: 268, 746: 30, 747: 324, 748: 86, 763: 268, 764: 30, 765: 254, 766: 16, 767: 296, 768: 58, 785: 254, 786: 16, 787: 268, 788: 30, 789: 338, 790: 100, 791: 268, 792: 30, 793: 338, 794: 100, 795: 268, 796: 30, 797: 352, 798: 114, 799: 282, 800: 44, 801: 268, 802: 30, 879: 268, 880: 30}
Correct solution!
Number of lables used:  24
Time taken: 0.21 seconds
Memory used: 30.77 MB
--------------------------------------------------

Trying with at most 23 labels...
Solution:
{13: 722, 14: 484, 15: 722, 16: 484, 53: 666, 54: 428, 79: 708, 80: 470, 81: 254, 82: 16, 83: 554, 84: 792, 85: 484, 86: 722, 127: 708, 128: 470, 129: 254, 130: 16, 143: 778, 144: 540, 145: 778, 146: 540, 205: 254, 206: 16, 233: 778, 234: 540, 235: 736, 236: 498, 237: 470, 238: 708, 261: 16, 262: 254, 263: 498, 264: 736, 265: 554, 266: 792, 267: 484, 268: 722, 269: 498, 270: 736, 271: 16, 272: 254, 273: 428, 274: 666, 275: 428, 276: 666, 277: 470, 278: 708, 281: 428, 282: 666, 283: 792, 284: 554, 289: 470, 290: 708, 291: 428, 292: 666, 303: 428, 304: 666, 305: 254, 306: 16, 321: 254, 322: 16, 323: 750, 324: 512, 325: 16, 326: 254, 327: 428, 328: 666, 329: 254, 330: 16, 341: 666, 342: 428, 343: 666, 344: 428, 349: 484, 350: 722, 351: 778, 352: 540, 435: 764, 436: 526, 475: 778, 476: 540, 481: 428, 482: 666, 517: 764, 518: 526, 519: 428, 520: 666, 555: 722, 556: 484, 557: 764, 558: 526, 559: 778, 560: 540, 561: 526, 562: 764, 565: 708, 566: 470, 577: 16, 578: 254, 579: 254, 580: 16, 583: 778, 584: 540, 585: 16, 586: 254, 587: 554, 588: 792, 589: 16, 590: 254, 591: 512, 592: 750, 593: 722, 594: 484, 595: 470, 596: 708, 597: 736, 598: 498, 599: 736, 600: 498, 601: 484, 602: 722, 603: 428, 604: 666, 605: 470, 606: 708, 607: 470, 608: 708, 613: 750, 614: 512, 615: 778, 616: 540, 617: 428, 618: 666, 621: 470, 622: 708, 625: 778, 626: 540, 629: 778, 630: 540, 631: 428, 632: 666, 633: 484, 634: 722, 635: 428, 636: 666, 645: 254, 646: 16, 651: 254, 652: 16, 661: 792, 662: 554, 663: 16, 664: 254, 665: 470, 666: 708, 667: 254, 668: 16, 713: 470, 714: 708, 717: 428, 718: 666, 719: 512, 720: 750, 721: 16, 722: 254, 723: 778, 724: 540, 743: 470, 744: 708, 745: 540, 746: 778, 747: 540, 748: 778, 763: 778, 764: 540, 765: 16, 766: 254, 767: 792, 768: 554, 785: 16, 786: 254, 787: 778, 788: 540, 789: 526, 790: 764, 791: 778, 792: 540, 793: 708, 794: 470, 795: 778, 796: 540, 797: 708, 798: 470, 799: 778, 800: 540, 801: 736, 802: 498, 879: 778, 880: 540}
Correct solution!
Number of lables used:  18
Time taken: 0.31 seconds
Memory used: 32.27 MB
--------------------------------------------------

Trying with at most 17 labels...
Solution:
{13: 708, 14: 470, 15: 708, 16: 470, 53: 666, 54: 428, 79: 708, 80: 470, 81: 254, 82: 16, 83: 554, 84: 792, 85: 484, 86: 722, 127: 708, 128: 470, 129: 254, 130: 16, 143: 778, 144: 540, 145: 778, 146: 540, 205: 254, 206: 16, 233: 778, 234: 540, 235: 736, 236: 498, 237: 540, 238: 778, 261: 16, 262: 254, 263: 498, 264: 736, 265: 554, 266: 792, 267: 484, 268: 722, 269: 498, 270: 736, 271: 16, 272: 254, 273: 428, 274: 666, 275: 428, 276: 666, 277: 470, 278: 708, 281: 428, 282: 666, 283: 792, 284: 554, 289: 470, 290: 708, 291: 428, 292: 666, 303: 428, 304: 666, 305: 254, 306: 16, 321: 254, 322: 16, 323: 736, 324: 498, 325: 16, 326: 254, 327: 428, 328: 666, 329: 254, 330: 16, 341: 666, 342: 428, 343: 666, 344: 428, 349: 428, 350: 666, 351: 778, 352: 540, 435: 736, 436: 498, 475: 778, 476: 540, 481: 428, 482: 666, 517: 736, 518: 498, 519: 428, 520: 666, 555: 722, 556: 484, 557: 750, 558: 512, 559: 778, 560: 540, 561: 512, 562: 750, 565: 708, 566: 470, 577: 16, 578: 254, 579: 254, 580: 16, 583: 778, 584: 540, 585: 16, 586: 254, 587: 554, 588: 792, 589: 16, 590: 254, 591: 484, 592: 722, 593: 778, 594: 540, 595: 470, 596: 708, 597: 722, 598: 484, 599: 722, 600: 484, 601: 484, 602: 722, 603: 428, 604: 666, 605: 470, 606: 708, 607: 470, 608: 708, 613: 736, 614: 498, 615: 778, 616: 540, 617: 428, 618: 666, 621: 470, 622: 708, 625: 778, 626: 540, 629: 778, 630: 540, 631: 428, 632: 666, 633: 470, 634: 708, 635: 428, 636: 666, 645: 254, 646: 16, 651: 254, 652: 16, 661: 792, 662: 554, 663: 16, 664: 254, 665: 428, 666: 666, 667: 254, 668: 16, 713: 470, 714: 708, 717: 428, 718: 666, 719: 512, 720: 750, 721: 16, 722: 254, 723: 778, 724: 540, 743: 470, 744: 708, 745: 540, 746: 778, 747: 540, 748: 778, 763: 778, 764: 540, 765: 16, 766: 254, 767: 792, 768: 554, 785: 16, 786: 254, 787: 778, 788: 540, 789: 484, 790: 722, 791: 778, 792: 540, 793: 708, 794: 470, 795: 778, 796: 540, 797: 708, 798: 470, 799: 778, 800: 540, 801: 736, 802: 498, 879: 778, 880: 540}
Correct solution!
Number of lables used:  16
Time taken: 0.31 seconds
Memory used: 32.40 MB
--------------------------------------------------

Trying with at most 15 labels...
Solution:
{13: 428, 14: 666, 15: 428, 16: 666, 53: 666, 54: 428, 79: 736, 80: 498, 81: 128, 82: 366, 83: 554, 84: 792, 85: 694, 86: 456, 127: 736, 128: 498, 129: 128, 130: 366, 143: 736, 144: 498, 145: 736, 146: 498, 205: 128, 206: 366, 233: 736, 234: 498, 235: 750, 236: 512, 237: 428, 238: 666, 261: 428, 262: 666, 263: 512, 264: 750, 265: 792, 266: 554, 267: 428, 268: 666, 269: 680, 270: 442, 271: 680, 272: 442, 273: 554, 274: 792, 275: 554, 276: 792, 277: 680, 278: 442, 281: 750, 282: 512, 283: 694, 284: 456, 289: 366, 290: 128, 291: 512, 292: 750, 303: 442, 304: 680, 305: 792, 306: 554, 321: 442, 322: 680, 323: 512, 324: 750, 325: 554, 326: 792, 327: 366, 328: 128, 329: 498, 330: 736, 341: 366, 342: 128, 343: 366, 344: 128, 349: 366, 350: 128, 351: 128, 352: 366, 435: 736, 436: 498, 475: 750, 476: 512, 481: 428, 482: 666, 517: 512, 518: 750, 519: 366, 520: 128, 555: 428, 556: 666, 557: 366, 558: 128, 559: 498, 560: 736, 561: 512, 562: 750, 565: 366, 566: 128, 577: 554, 578: 792, 579: 666, 580: 428, 583: 750, 584: 512, 585: 442, 586: 680, 587: 512, 588: 750, 589: 128, 590: 366, 591: 456, 592: 694, 593: 456, 594: 694, 595: 512, 596: 750, 597: 442, 598: 680, 599: 456, 600: 694, 601: 428, 602: 666, 603: 750, 604: 512, 605: 428, 606: 666, 607: 694, 608: 456, 613: 428, 614: 666, 615: 750, 616: 512, 617: 428, 618: 666, 621: 366, 622: 128, 625: 750, 626: 512, 629: 694, 630: 456, 631: 666, 632: 428, 633: 428, 634: 666, 635: 750, 636: 512, 645: 366, 646: 128, 651: 366, 652: 128, 661: 792, 662: 554, 663: 694, 664: 456, 665: 736, 666: 498, 667: 128, 668: 366, 713: 680, 714: 442, 717: 554, 718: 792, 719: 128, 720: 366, 721: 666, 722: 428, 723: 736, 724: 498, 743: 666, 744: 428, 745: 666, 746: 428, 747: 128, 748: 366, 763: 442, 764: 680, 765: 498, 766: 736, 767: 554, 768: 792, 785: 512, 786: 750, 787: 512, 788: 750, 789: 666, 790: 428, 791: 750, 792: 512, 793: 666, 794: 428, 795: 512, 796: 750, 797: 666, 798: 428, 799: 366, 800: 128, 801: 666, 802: 428, 879: 750, 880: 512}
Correct solution!
Number of lables used:  14
Time taken: 0.33 seconds
Memory used: 32.52 MB
--------------------------------------------------

Trying with at most 13 labels...
[runlim] sample:		10.0 time, 10.1 real, 52.6 MB
[runlim] sample:		20.0 time, 20.1 real, 51.6 MB
[runlim] sample:		30.0 time, 30.1 real, 57.6 MB
[runlim] sample:		40.0 time, 40.1 real, 60.5 MB
[runlim] sample:		50.0 time, 50.1 real, 61.7 MB
[runlim] sample:		60.0 time, 60.1 real, 74.0 MB
[runlim] sample:		70.0 time, 70.1 real, 74.1 MB
[runlim] sample:		80.0 time, 80.1 real, 75.4 MB
[runlim] sample:		90.0 time, 90.1 real, 75.5 MB
[runlim] sample:		100.0 time, 100.1 real, 76.2 MB
[runlim] sample:		110.0 time, 110.1 real, 76.7 MB
[runlim] sample:		120.0 time, 120.1 real, 94.8 MB
[runlim] sample:		130.0 time, 130.1 real, 94.8 MB
[runlim] sample:		140.0 time, 140.1 real, 94.8 MB
[runlim] sample:		150.0 time, 150.1 real, 94.8 MB
[runlim] sample:		160.0 time, 160.1 real, 94.8 MB
[runlim] sample:		170.0 time, 170.1 real, 58.6 MB
[runlim] sample:		180.0 time, 180.1 real, 68.9 MB
[runlim] sample:		190.0 time, 190.1 real, 88.1 MB
[runlim] sample:		200.0 time, 200.1 real, 88.1 MB
[runlim] sample:		210.0 time, 210.1 real, 88.3 MB
[runlim] sample:		220.0 time, 220.1 real, 89.4 MB
[runlim] sample:		230.0 time, 230.1 real, 95.8 MB
[runlim] sample:		240.0 time, 240.1 real, 96.0 MB
[runlim] sample:		250.0 time, 250.1 real, 96.3 MB
[runlim] sample:		260.0 time, 260.1 real, 96.3 MB
[runlim] sample:		270.0 time, 270.1 real, 96.3 MB
[runlim] sample:		280.0 time, 280.1 real, 96.5 MB
[runlim] sample:		290.0 time, 290.1 real, 96.9 MB
[runlim] sample:		300.0 time, 300.1 real, 96.9 MB
[runlim] sample:		310.0 time, 310.1 real, 98.3 MB
[runlim] sample:		320.0 time, 320.1 real, 98.3 MB
[runlim] sample:		330.0 time, 330.1 real, 98.3 MB
[runlim] sample:		340.0 time, 340.1 real, 98.3 MB
[runlim] sample:		350.0 time, 350.1 real, 98.3 MB
[runlim] sample:		360.0 time, 360.1 real, 98.3 MB
[runlim] sample:		370.0 time, 370.1 real, 111.9 MB
[runlim] sample:		380.0 time, 380.1 real, 116.9 MB
[runlim] sample:		390.0 time, 390.1 real, 117.3 MB
[runlim] sample:		400.0 time, 400.1 real, 117.3 MB
[runlim] sample:		410.0 time, 410.1 real, 119.5 MB
[runlim] sample:		420.0 time, 420.1 real, 119.5 MB
[runlim] sample:		430.0 time, 430.1 real, 119.8 MB
[runlim] sample:		440.0 time, 440.1 real, 119.8 MB
[runlim] sample:		450.0 time, 450.1 real, 119.8 MB
Cannot find solution.
No more solutions found.
Optimal number of labels used:  14
[runlim] end:			Thu Dec 25 16:41:37 2025
[runlim] status:		ok
[runlim] result:		0
[runlim] children:		0
[runlim] real:			458.81 seconds
[runlim] time:			458.58 seconds
[runlim] space:			119.8 MB
[runlim] samples:		4586
