[runlim] version:		1.10
[runlim] time limit:		311040000 seconds
[runlim] real time limit:	900 seconds
[runlim] space limit:		8000 MB
[runlim] argv[0]:		python3
[runlim] argv[1]:		-u
[runlim] argv[2]:		main.py
[runlim] argv[3]:		graph01
[runlim] argv[4]:		tot
[runlim] argv[5]:		assumptions
[runlim] start:			Mon Jan 12 08:17:52 2026
[runlim] main pid:		180031
Solve first problem:
Solution:
{1: 296, 2: 58, 3: 652, 4: 414, 5: 16, 6: 254, 7: 380, 8: 142, 9: 380, 10: 142, 11: 778, 12: 540, 13: 338, 14: 100, 15: 296, 16: 58, 17: 652, 18: 414, 19: 394, 20: 156, 21: 296, 22: 58, 23: 478, 24: 240, 25: 310, 26: 72, 27: 114, 28: 352, 29: 296, 30: 58, 31: 268, 32: 30, 33: 352, 34: 114, 35: 310, 36: 72, 37: 338, 38: 100, 39: 324, 40: 86, 41: 282, 42: 44, 43: 778, 44: 540, 45: 254, 46: 16, 47: 72, 48: 310, 49: 282, 50: 44, 51: 394, 52: 156, 53: 310, 54: 72, 55: 86, 56: 324, 57: 16, 58: 254, 59: 778, 60: 540, 61: 254, 62: 16, 63: 352, 64: 114, 65: 254, 66: 16, 67: 296, 68: 58, 69: 254, 70: 16, 71: 324, 72: 86, 73: 380, 74: 142, 75: 268, 76: 30, 77: 750, 78: 512, 79: 310, 80: 72, 81: 254, 82: 16, 83: 268, 84: 30, 85: 324, 86: 86, 87: 680, 88: 442, 89: 338, 90: 100, 91: 652, 92: 414, 93: 254, 94: 16, 95: 44, 96: 282, 97: 478, 98: 240, 99: 30, 100: 268, 101: 380, 102: 142, 103: 282, 104: 44, 105: 352, 106: 114, 107: 296, 108: 58, 109: 296, 110: 58, 111: 380, 112: 142, 113: 268, 114: 30, 115: 114, 116: 352, 117: 254, 118: 16, 119: 296, 120: 58, 121: 380, 122: 142, 123: 380, 124: 142, 125: 254, 126: 16, 127: 296, 128: 58, 129: 338, 130: 100, 131: 268, 132: 30, 133: 694, 134: 456, 135: 478, 136: 240, 137: 282, 138: 44, 139: 296, 140: 58, 141: 324, 142: 86, 143: 324, 144: 86, 145: 268, 146: 30, 147: 254, 148: 16, 149: 324, 150: 86, 151: 652, 152: 414, 153: 254, 154: 16, 155: 324, 156: 86, 157: 268, 158: 30, 159: 268, 160: 30, 161: 394, 162: 156, 163: 296, 164: 58, 165: 352, 166: 114, 167: 366, 168: 128, 169: 254, 170: 16, 171: 268, 172: 30, 173: 254, 174: 16, 175: 324, 176: 86, 177: 254, 178: 16, 179: 282, 180: 44, 181: 652, 182: 414, 183: 268, 184: 30, 185: 324, 186: 86, 187: 268, 188: 30, 189: 254, 190: 16, 191: 310, 192: 72, 193: 380, 194: 142, 195: 268, 196: 30, 197: 254, 198: 16, 199: 254, 200: 16}
Correct solution!
Number of lables used:  34
Time taken: 0.12 seconds
Memory used: 28.86 MB
--------------------------------------------------

Trying with at most 33 labels...
Solution:
{1: 736, 2: 498, 3: 554, 4: 792, 5: 666, 6: 428, 7: 478, 8: 240, 9: 240, 10: 478, 11: 778, 12: 540, 13: 750, 14: 512, 15: 498, 16: 736, 17: 736, 18: 498, 19: 282, 20: 44, 21: 652, 22: 414, 23: 170, 24: 408, 25: 526, 26: 764, 27: 680, 28: 442, 29: 44, 30: 282, 31: 282, 32: 44, 33: 554, 34: 792, 35: 282, 36: 44, 37: 282, 38: 44, 39: 44, 40: 282, 41: 428, 42: 666, 43: 540, 44: 778, 45: 44, 46: 282, 47: 428, 48: 666, 49: 666, 50: 428, 51: 282, 52: 44, 53: 764, 54: 526, 55: 554, 56: 792, 57: 792, 58: 554, 59: 540, 60: 778, 61: 736, 62: 498, 63: 414, 64: 652, 65: 44, 66: 282, 67: 526, 68: 764, 69: 282, 70: 44, 71: 498, 72: 736, 73: 408, 74: 170, 75: 666, 76: 428, 77: 666, 78: 428, 79: 764, 80: 526, 81: 282, 82: 44, 83: 666, 84: 428, 85: 792, 86: 554, 87: 414, 88: 652, 89: 666, 90: 428, 91: 652, 92: 414, 93: 282, 94: 44, 95: 764, 96: 526, 97: 478, 98: 240, 99: 792, 100: 554, 101: 792, 102: 554, 103: 722, 104: 484, 105: 666, 106: 428, 107: 428, 108: 666, 109: 44, 110: 282, 111: 282, 112: 44, 113: 666, 114: 428, 115: 498, 116: 736, 117: 282, 118: 44, 119: 722, 120: 484, 121: 478, 122: 240, 123: 408, 124: 170, 125: 792, 126: 554, 127: 282, 128: 44, 129: 680, 130: 442, 131: 666, 132: 428, 133: 750, 134: 512, 135: 240, 136: 478, 137: 736, 138: 498, 139: 44, 140: 282, 141: 764, 142: 526, 143: 652, 144: 414, 145: 44, 146: 282, 147: 414, 148: 652, 149: 722, 150: 484, 151: 282, 152: 44, 153: 44, 154: 282, 155: 666, 156: 428, 157: 282, 158: 44, 159: 512, 160: 750, 161: 722, 162: 484, 163: 44, 164: 282, 165: 526, 166: 764, 167: 512, 168: 750, 169: 44, 170: 282, 171: 44, 172: 282, 173: 680, 174: 442, 175: 792, 176: 554, 177: 282, 178: 44, 179: 722, 180: 484, 181: 680, 182: 442, 183: 484, 184: 722, 185: 792, 186: 554, 187: 44, 188: 282, 189: 680, 190: 442, 191: 442, 192: 680, 193: 408, 194: 170, 195: 526, 196: 764, 197: 414, 198: 652, 199: 282, 200: 44}
Correct solution!
Number of lables used:  24
Time taken: 0.14 seconds
Memory used: 29.49 MB
--------------------------------------------------

Trying with at most 23 labels...
Solution:
{1: 498, 2: 736, 3: 554, 4: 792, 5: 498, 6: 736, 7: 170, 8: 408, 9: 380, 10: 142, 11: 708, 12: 470, 13: 708, 14: 470, 15: 498, 16: 736, 17: 652, 18: 414, 19: 282, 20: 44, 21: 310, 22: 72, 23: 408, 24: 170, 25: 310, 26: 72, 27: 652, 28: 414, 29: 44, 30: 282, 31: 44, 32: 282, 33: 792, 34: 554, 35: 282, 36: 44, 37: 282, 38: 44, 39: 44, 40: 282, 41: 414, 42: 652, 43: 72, 44: 310, 45: 44, 46: 282, 47: 414, 48: 652, 49: 142, 50: 380, 51: 282, 52: 44, 53: 764, 54: 526, 55: 764, 56: 526, 57: 792, 58: 554, 59: 540, 60: 778, 61: 736, 62: 498, 63: 414, 64: 652, 65: 44, 66: 282, 67: 736, 68: 498, 69: 282, 70: 44, 71: 380, 72: 142, 73: 142, 74: 380, 75: 352, 76: 114, 77: 414, 78: 652, 79: 764, 80: 526, 81: 282, 82: 44, 83: 652, 84: 414, 85: 778, 86: 540, 87: 470, 88: 708, 89: 652, 90: 414, 91: 652, 92: 414, 93: 282, 94: 44, 95: 114, 96: 352, 97: 408, 98: 170, 99: 792, 100: 554, 101: 352, 102: 114, 103: 708, 104: 470, 105: 142, 106: 380, 107: 414, 108: 652, 109: 44, 110: 282, 111: 282, 112: 44, 113: 652, 114: 414, 115: 540, 116: 778, 117: 282, 118: 44, 119: 708, 120: 470, 121: 142, 122: 380, 123: 408, 124: 170, 125: 792, 126: 554, 127: 282, 128: 44, 129: 114, 130: 352, 131: 142, 132: 380, 133: 708, 134: 470, 135: 142, 136: 380, 137: 310, 138: 72, 139: 44, 140: 282, 141: 352, 142: 114, 143: 652, 144: 414, 145: 282, 146: 44, 147: 498, 148: 736, 149: 708, 150: 470, 151: 414, 152: 652, 153: 44, 154: 282, 155: 652, 156: 414, 157: 282, 158: 44, 159: 554, 160: 792, 161: 380, 162: 142, 163: 380, 164: 142, 165: 792, 166: 554, 167: 352, 168: 114, 169: 72, 170: 310, 171: 44, 172: 282, 173: 736, 174: 498, 175: 764, 176: 526, 177: 282, 178: 44, 179: 708, 180: 470, 181: 44, 182: 282, 183: 310, 184: 72, 185: 792, 186: 554, 187: 526, 188: 764, 189: 652, 190: 414, 191: 498, 192: 736, 193: 170, 194: 408, 195: 708, 196: 470, 197: 142, 198: 380, 199: 282, 200: 44}
Correct solution!
Number of lables used:  22
Time taken: 0.16 seconds
Memory used: 29.61 MB
--------------------------------------------------

Trying with at most 21 labels...
Solution:
{1: 498, 2: 736, 3: 554, 4: 792, 5: 498, 6: 736, 7: 170, 8: 408, 9: 380, 10: 142, 11: 708, 12: 470, 13: 708, 14: 470, 15: 498, 16: 736, 17: 652, 18: 414, 19: 310, 20: 72, 21: 310, 22: 72, 23: 408, 24: 170, 25: 310, 26: 72, 27: 652, 28: 414, 29: 380, 30: 142, 31: 352, 32: 114, 33: 792, 34: 554, 35: 310, 36: 72, 37: 310, 38: 72, 39: 352, 40: 114, 41: 414, 42: 652, 43: 30, 44: 268, 45: 310, 46: 72, 47: 414, 48: 652, 49: 142, 50: 380, 51: 310, 52: 72, 53: 792, 54: 554, 55: 30, 56: 268, 57: 792, 58: 554, 59: 540, 60: 778, 61: 736, 62: 498, 63: 470, 64: 708, 65: 380, 66: 142, 67: 736, 68: 498, 69: 310, 70: 72, 71: 352, 72: 114, 73: 142, 74: 380, 75: 114, 76: 352, 77: 414, 78: 652, 79: 708, 80: 470, 81: 310, 82: 72, 83: 652, 84: 414, 85: 778, 86: 540, 87: 470, 88: 708, 89: 652, 90: 414, 91: 652, 92: 414, 93: 310, 94: 72, 95: 114, 96: 352, 97: 408, 98: 170, 99: 792, 100: 554, 101: 352, 102: 114, 103: 708, 104: 470, 105: 142, 106: 380, 107: 414, 108: 652, 109: 142, 110: 380, 111: 310, 112: 72, 113: 652, 114: 414, 115: 540, 116: 778, 117: 310, 118: 72, 119: 708, 120: 470, 121: 142, 122: 380, 123: 408, 124: 170, 125: 792, 126: 554, 127: 736, 128: 498, 129: 708, 130: 470, 131: 114, 132: 352, 133: 708, 134: 470, 135: 142, 136: 380, 137: 352, 138: 114, 139: 72, 140: 310, 141: 380, 142: 142, 143: 652, 144: 414, 145: 352, 146: 114, 147: 778, 148: 540, 149: 708, 150: 470, 151: 414, 152: 652, 153: 72, 154: 310, 155: 652, 156: 414, 157: 310, 158: 72, 159: 554, 160: 792, 161: 380, 162: 142, 163: 380, 164: 142, 165: 792, 166: 554, 167: 352, 168: 114, 169: 72, 170: 310, 171: 72, 172: 310, 173: 736, 174: 498, 175: 554, 176: 792, 177: 310, 178: 72, 179: 708, 180: 470, 181: 30, 182: 268, 183: 310, 184: 72, 185: 792, 186: 554, 187: 380, 188: 142, 189: 652, 190: 414, 191: 498, 192: 736, 193: 170, 194: 408, 195: 708, 196: 470, 197: 142, 198: 380, 199: 310, 200: 72}
Correct solution!
Number of lables used:  20
Time taken: 0.17 seconds
Memory used: 29.74 MB
--------------------------------------------------

Trying with at most 19 labels...
Solution:
{1: 470, 2: 708, 3: 554, 4: 792, 5: 554, 6: 792, 7: 170, 8: 408, 9: 380, 10: 142, 11: 708, 12: 470, 13: 708, 14: 470, 15: 414, 16: 652, 17: 652, 18: 414, 19: 310, 20: 72, 21: 310, 22: 72, 23: 408, 24: 170, 25: 310, 26: 72, 27: 652, 28: 414, 29: 380, 30: 142, 31: 352, 32: 114, 33: 792, 34: 554, 35: 310, 36: 72, 37: 310, 38: 72, 39: 352, 40: 114, 41: 792, 42: 554, 43: 30, 44: 268, 45: 310, 46: 72, 47: 414, 48: 652, 49: 268, 50: 30, 51: 310, 52: 72, 53: 792, 54: 554, 55: 30, 56: 268, 57: 708, 58: 470, 59: 792, 60: 554, 61: 708, 62: 470, 63: 414, 64: 652, 65: 352, 66: 114, 67: 708, 68: 470, 69: 310, 70: 72, 71: 352, 72: 114, 73: 142, 74: 380, 75: 114, 76: 352, 77: 456, 78: 694, 79: 708, 80: 470, 81: 310, 82: 72, 83: 470, 84: 708, 85: 792, 86: 554, 87: 708, 88: 470, 89: 652, 90: 414, 91: 652, 92: 414, 93: 310, 94: 72, 95: 114, 96: 352, 97: 408, 98: 170, 99: 792, 100: 554, 101: 694, 102: 456, 103: 708, 104: 470, 105: 142, 106: 380, 107: 414, 108: 652, 109: 142, 110: 380, 111: 310, 112: 72, 113: 652, 114: 414, 115: 792, 116: 554, 117: 310, 118: 72, 119: 470, 120: 708, 121: 142, 122: 380, 123: 408, 124: 170, 125: 792, 126: 554, 127: 268, 128: 30, 129: 380, 130: 142, 131: 708, 132: 470, 133: 142, 134: 380, 135: 170, 136: 408, 137: 352, 138: 114, 139: 72, 140: 310, 141: 380, 142: 142, 143: 72, 144: 310, 145: 352, 146: 114, 147: 694, 148: 456, 149: 114, 150: 352, 151: 694, 152: 456, 153: 72, 154: 310, 155: 652, 156: 414, 157: 310, 158: 72, 159: 554, 160: 792, 161: 268, 162: 30, 163: 30, 164: 268, 165: 142, 166: 380, 167: 352, 168: 114, 169: 72, 170: 310, 171: 72, 172: 310, 173: 414, 174: 652, 175: 554, 176: 792, 177: 310, 178: 72, 179: 708, 180: 470, 181: 708, 182: 470, 183: 310, 184: 72, 185: 414, 186: 652, 187: 380, 188: 142, 189: 652, 190: 414, 191: 414, 192: 652, 193: 170, 194: 408, 195: 708, 196: 470, 197: 142, 198: 380, 199: 310, 200: 72}
Correct solution!
Number of lables used:  18
Time taken: 0.17 seconds
Memory used: 29.86 MB
--------------------------------------------------

Trying with at most 17 labels...
[runlim] sample:		10.0 time, 10.9 real, 45.6 MB
[runlim] sample:		20.0 time, 20.9 real, 54.6 MB
[runlim] sample:		30.0 time, 30.9 real, 62.6 MB
[runlim] sample:		40.0 time, 40.9 real, 62.6 MB
[runlim] sample:		50.0 time, 50.9 real, 62.6 MB
[runlim] sample:		60.0 time, 60.9 real, 66.4 MB
[runlim] sample:		70.0 time, 70.9 real, 67.0 MB
[runlim] sample:		80.0 time, 80.9 real, 67.0 MB
[runlim] sample:		90.0 time, 90.9 real, 67.3 MB
[runlim] sample:		100.0 time, 100.9 real, 67.6 MB
[runlim] sample:		110.0 time, 110.9 real, 70.5 MB
[runlim] sample:		120.0 time, 120.9 real, 75.8 MB
[runlim] sample:		130.0 time, 130.9 real, 76.1 MB
[runlim] sample:		140.0 time, 140.9 real, 77.0 MB
[runlim] sample:		150.0 time, 150.9 real, 77.1 MB
[runlim] sample:		160.0 time, 160.9 real, 77.5 MB
[runlim] sample:		170.0 time, 170.9 real, 77.9 MB
[runlim] sample:		180.0 time, 180.9 real, 78.8 MB
[runlim] sample:		190.0 time, 190.9 real, 79.1 MB
[runlim] sample:		200.0 time, 200.9 real, 79.5 MB
[runlim] sample:		210.0 time, 210.9 real, 80.4 MB
[runlim] sample:		220.0 time, 220.9 real, 80.4 MB
[runlim] sample:		230.0 time, 230.9 real, 80.5 MB
[runlim] sample:		240.0 time, 240.9 real, 80.8 MB
[runlim] sample:		250.0 time, 250.9 real, 80.9 MB
[runlim] sample:		260.0 time, 260.9 real, 99.4 MB
[runlim] sample:		270.0 time, 270.9 real, 99.9 MB
[runlim] sample:		280.0 time, 280.9 real, 99.9 MB
[runlim] sample:		290.0 time, 290.9 real, 100.4 MB
[runlim] sample:		300.0 time, 300.9 real, 100.6 MB
[runlim] sample:		310.0 time, 310.9 real, 100.8 MB
[runlim] sample:		320.0 time, 320.9 real, 101.4 MB
[runlim] sample:		330.0 time, 330.9 real, 101.4 MB
[runlim] sample:		340.0 time, 340.9 real, 101.8 MB
[runlim] sample:		350.0 time, 350.9 real, 101.8 MB
[runlim] sample:		360.0 time, 360.9 real, 102.4 MB
[runlim] sample:		370.0 time, 370.9 real, 102.4 MB
[runlim] sample:		380.0 time, 380.9 real, 102.5 MB
[runlim] sample:		390.0 time, 390.9 real, 102.5 MB
[runlim] sample:		400.0 time, 400.9 real, 102.5 MB
[runlim] sample:		410.0 time, 410.9 real, 102.5 MB
[runlim] sample:		420.0 time, 420.9 real, 102.8 MB
[runlim] sample:		430.0 time, 430.9 real, 102.8 MB
[runlim] sample:		440.0 time, 440.9 real, 102.8 MB
[runlim] sample:		450.0 time, 450.9 real, 103.4 MB
[runlim] sample:		460.0 time, 460.9 real, 103.4 MB
Cannot find solution.
No more solutions found.
Optimal number of labels used:  18
Time taken: 461.62 seconds
[runlim] end:			Mon Jan 12 08:25:34 2026
[runlim] status:		ok
[runlim] result:		0
[runlim] children:		0
[runlim] real:			462.56 seconds
[runlim] time:			461.56 seconds
[runlim] space:			103.4 MB
[runlim] samples:		4616
