[runlim] version:		1.10
[runlim] time limit:		311040000 seconds
[runlim] real time limit:	900 seconds
[runlim] space limit:		8000 MB
[runlim] argv[0]:		python3
[runlim] argv[1]:		-u
[runlim] argv[2]:		main.py
[runlim] argv[3]:		graph02
[runlim] argv[4]:		tot
[runlim] argv[5]:		assumptions
[runlim] start:			Mon Jan 12 08:25:34 2026
[runlim] main pid:		182864
Solve first problem:
Solution:
{1: 666, 2: 428, 3: 100, 4: 338, 5: 268, 6: 30, 7: 324, 8: 86, 9: 652, 10: 414, 11: 394, 12: 156, 13: 694, 14: 456, 15: 310, 16: 72, 17: 282, 18: 44, 19: 296, 20: 58, 21: 142, 22: 380, 23: 366, 24: 128, 25: 268, 26: 30, 27: 324, 28: 86, 29: 156, 30: 394, 31: 114, 32: 352, 33: 380, 34: 142, 35: 666, 36: 428, 37: 86, 38: 324, 39: 380, 40: 142, 41: 324, 42: 86, 43: 254, 44: 16, 45: 680, 46: 442, 47: 338, 48: 100, 49: 310, 50: 72, 51: 44, 52: 282, 53: 380, 54: 142, 55: 296, 56: 58, 57: 666, 58: 428, 59: 310, 60: 72, 61: 128, 62: 366, 63: 310, 64: 72, 65: 30, 66: 268, 67: 652, 68: 414, 69: 254, 70: 16, 71: 380, 72: 142, 73: 16, 74: 254, 75: 254, 76: 16, 77: 394, 78: 156, 79: 282, 80: 44, 81: 310, 82: 72, 83: 156, 84: 394, 85: 694, 86: 456, 87: 86, 88: 324, 89: 156, 90: 394, 91: 268, 92: 30, 93: 324, 94: 86, 95: 666, 96: 428, 97: 128, 98: 366, 99: 310, 100: 72, 101: 324, 102: 86, 103: 380, 104: 142, 105: 16, 106: 254, 107: 352, 108: 114, 109: 282, 110: 44, 111: 296, 112: 58, 113: 30, 114: 268, 115: 338, 116: 100, 117: 114, 118: 352, 119: 380, 120: 142, 121: 338, 122: 100, 123: 324, 124: 86, 125: 268, 126: 30, 127: 338, 128: 100, 129: 380, 130: 142, 131: 324, 132: 86, 133: 680, 134: 442, 135: 380, 136: 142, 137: 324, 138: 86, 139: 282, 140: 44, 141: 352, 142: 114, 143: 680, 144: 442, 145: 282, 146: 44, 147: 352, 148: 114, 149: 58, 150: 296, 151: 338, 152: 100, 153: 254, 154: 16, 155: 380, 156: 142, 157: 652, 158: 414, 159: 310, 160: 72, 161: 708, 162: 470, 163: 380, 164: 142, 165: 352, 166: 114, 167: 310, 168: 72, 169: 324, 170: 86, 171: 338, 172: 100, 173: 296, 174: 58, 175: 680, 176: 442, 177: 156, 178: 394, 179: 380, 180: 142, 181: 268, 182: 30, 183: 694, 184: 456, 185: 282, 186: 44, 187: 652, 188: 414, 189: 380, 190: 142, 191: 680, 192: 442, 193: 128, 194: 366, 195: 324, 196: 86, 197: 296, 198: 58, 199: 310, 200: 72, 201: 156, 202: 394, 203: 268, 204: 30, 205: 324, 206: 86, 207: 338, 208: 100, 209: 310, 210: 72, 211: 268, 212: 30, 213: 478, 214: 240, 215: 366, 216: 128, 217: 254, 218: 16, 219: 268, 220: 30, 221: 352, 222: 114, 223: 324, 224: 86, 225: 254, 226: 16, 227: 408, 228: 170, 229: 310, 230: 72, 231: 16, 232: 254, 233: 366, 234: 128, 235: 282, 236: 44, 237: 268, 238: 30, 239: 338, 240: 100, 241: 296, 242: 58, 243: 338, 244: 100, 245: 666, 246: 428, 247: 380, 248: 142, 249: 324, 250: 86, 251: 16, 252: 254, 253: 58, 254: 296, 255: 380, 256: 142, 257: 310, 258: 72, 259: 380, 260: 142, 261: 254, 262: 16, 263: 380, 264: 142, 265: 380, 266: 142, 267: 44, 268: 282, 269: 282, 270: 44, 271: 268, 272: 30, 273: 296, 274: 58, 275: 254, 276: 16, 277: 310, 278: 72, 279: 666, 280: 428, 281: 366, 282: 128, 283: 268, 284: 30, 285: 380, 286: 142, 287: 254, 288: 16, 289: 324, 290: 86, 291: 380, 292: 142, 293: 380, 294: 142, 295: 338, 296: 100, 297: 380, 298: 142, 299: 408, 300: 170, 301: 282, 302: 44, 303: 652, 304: 414, 305: 268, 306: 30, 307: 296, 308: 58, 309: 380, 310: 142, 311: 380, 312: 142, 313: 380, 314: 142, 315: 296, 316: 58, 317: 408, 318: 170, 319: 310, 320: 72, 321: 380, 322: 142, 323: 338, 324: 100, 325: 310, 326: 72, 327: 282, 328: 44, 329: 268, 330: 30, 331: 268, 332: 30, 333: 268, 334: 30, 335: 254, 336: 16, 337: 282, 338: 44, 339: 380, 340: 142, 341: 296, 342: 58, 343: 254, 344: 16, 345: 310, 346: 72, 347: 310, 348: 72, 349: 380, 350: 142, 351: 380, 352: 142, 353: 254, 354: 16, 355: 268, 356: 30, 357: 324, 358: 86, 359: 338, 360: 100, 361: 338, 362: 100, 363: 268, 364: 30, 365: 268, 366: 30, 367: 254, 368: 16, 369: 282, 370: 44, 371: 254, 372: 16, 373: 324, 374: 86, 375: 254, 376: 16, 377: 254, 378: 16, 379: 282, 380: 44, 381: 268, 382: 30, 383: 254, 384: 16, 385: 268, 386: 30, 387: 268, 388: 30, 389: 254, 390: 16, 391: 254, 392: 16, 393: 254, 394: 16, 395: 268, 396: 30, 397: 324, 398: 86, 399: 268, 400: 30}
Correct solution!
Number of lables used:  36
Time taken: 0.28 seconds
Memory used: 38.93 MB
--------------------------------------------------

Trying with at most 35 labels...
Solution:
{1: 694, 2: 456, 3: 428, 4: 666, 5: 456, 6: 694, 7: 778, 8: 540, 9: 792, 10: 554, 11: 792, 12: 554, 13: 694, 14: 456, 15: 456, 16: 694, 17: 750, 18: 512, 19: 428, 20: 666, 21: 666, 22: 428, 23: 792, 24: 554, 25: 414, 26: 652, 27: 512, 28: 750, 29: 750, 30: 512, 31: 428, 32: 666, 33: 414, 34: 652, 35: 554, 36: 792, 37: 554, 38: 792, 39: 778, 40: 540, 41: 722, 42: 484, 43: 414, 44: 652, 45: 512, 46: 750, 47: 428, 48: 666, 49: 722, 50: 484, 51: 694, 52: 456, 53: 170, 54: 408, 55: 722, 56: 484, 57: 778, 58: 540, 59: 750, 60: 512, 61: 792, 62: 554, 63: 722, 64: 484, 65: 694, 66: 456, 67: 792, 68: 554, 69: 484, 70: 722, 71: 170, 72: 408, 73: 722, 74: 484, 75: 456, 76: 694, 77: 428, 78: 666, 79: 428, 80: 666, 81: 456, 82: 694, 83: 750, 84: 512, 85: 750, 86: 512, 87: 512, 88: 750, 89: 414, 90: 652, 91: 722, 92: 484, 93: 512, 94: 750, 95: 722, 96: 484, 97: 414, 98: 652, 99: 554, 100: 792, 101: 428, 102: 666, 103: 652, 104: 414, 105: 750, 106: 512, 107: 750, 108: 512, 109: 750, 110: 512, 111: 554, 112: 792, 113: 296, 114: 58, 115: 456, 116: 694, 117: 58, 118: 296, 119: 170, 120: 408, 121: 652, 122: 414, 123: 414, 124: 652, 125: 694, 126: 456, 127: 694, 128: 456, 129: 408, 130: 170, 131: 792, 132: 554, 133: 778, 134: 540, 135: 408, 136: 170, 137: 58, 138: 296, 139: 750, 140: 512, 141: 694, 142: 456, 143: 484, 144: 722, 145: 750, 146: 512, 147: 652, 148: 414, 149: 554, 150: 792, 151: 694, 152: 456, 153: 750, 154: 512, 155: 170, 156: 408, 157: 58, 158: 296, 159: 722, 160: 484, 161: 540, 162: 778, 163: 170, 164: 408, 165: 554, 166: 792, 167: 778, 168: 540, 169: 554, 170: 792, 171: 722, 172: 484, 173: 296, 174: 58, 175: 722, 176: 484, 177: 58, 178: 296, 179: 408, 180: 170, 181: 750, 182: 512, 183: 414, 184: 652, 185: 750, 186: 512, 187: 722, 188: 484, 189: 170, 190: 408, 191: 722, 192: 484, 193: 722, 194: 484, 195: 778, 196: 540, 197: 58, 198: 296, 199: 484, 200: 722, 201: 666, 202: 428, 203: 296, 204: 58, 205: 540, 206: 778, 207: 750, 208: 512, 209: 512, 210: 750, 211: 456, 212: 694, 213: 408, 214: 170, 215: 750, 216: 512, 217: 484, 218: 722, 219: 512, 220: 750, 221: 512, 222: 750, 223: 750, 224: 512, 225: 694, 226: 456, 227: 408, 228: 170, 229: 554, 230: 792, 231: 456, 232: 694, 233: 540, 234: 778, 235: 296, 236: 58, 237: 722, 238: 484, 239: 792, 240: 554, 241: 484, 242: 722, 243: 722, 244: 484, 245: 722, 246: 484, 247: 408, 248: 170, 249: 666, 250: 428, 251: 456, 252: 694, 253: 58, 254: 296, 255: 170, 256: 408, 257: 694, 258: 456, 259: 408, 260: 170, 261: 750, 262: 512, 263: 408, 264: 170, 265: 408, 266: 170, 267: 750, 268: 512, 269: 722, 270: 484, 271: 750, 272: 512, 273: 694, 274: 456, 275: 750, 276: 512, 277: 722, 278: 484, 279: 694, 280: 456, 281: 428, 282: 666, 283: 58, 284: 296, 285: 408, 286: 170, 287: 750, 288: 512, 289: 456, 290: 694, 291: 408, 292: 170, 293: 408, 294: 170, 295: 722, 296: 484, 297: 170, 298: 408, 299: 408, 300: 170, 301: 456, 302: 694, 303: 792, 304: 554, 305: 694, 306: 456, 307: 792, 308: 554, 309: 170, 310: 408, 311: 170, 312: 408, 313: 170, 314: 408, 315: 652, 316: 414, 317: 170, 318: 408, 319: 512, 320: 750, 321: 652, 322: 414, 323: 792, 324: 554, 325: 652, 326: 414, 327: 296, 328: 58, 329: 540, 330: 778, 331: 792, 332: 554, 333: 778, 334: 540, 335: 694, 336: 456, 337: 778, 338: 540, 339: 170, 340: 408, 341: 722, 342: 484, 343: 484, 344: 722, 345: 722, 346: 484, 347: 778, 348: 540, 349: 408, 350: 170, 351: 408, 352: 170, 353: 652, 354: 414, 355: 666, 356: 428, 357: 750, 358: 512, 359: 694, 360: 456, 361: 296, 362: 58, 363: 722, 364: 484, 365: 750, 366: 512, 367: 694, 368: 456, 369: 456, 370: 694, 371: 652, 372: 414, 373: 666, 374: 428, 375: 722, 376: 484, 377: 666, 378: 428, 379: 750, 380: 512, 381: 792, 382: 554, 383: 554, 384: 792, 385: 666, 386: 428, 387: 540, 388: 778, 389: 666, 390: 428, 391: 666, 392: 428, 393: 414, 394: 652, 395: 666, 396: 428, 397: 750, 398: 512, 399: 428, 400: 666}
Correct solution!
Number of lables used:  18
Time taken: 0.30 seconds
Memory used: 40.05 MB
--------------------------------------------------

Trying with at most 17 labels...
Solution:
{1: 484, 2: 722, 3: 778, 4: 540, 5: 540, 6: 778, 7: 722, 8: 484, 9: 114, 10: 352, 11: 778, 12: 540, 13: 694, 14: 456, 15: 652, 16: 414, 17: 352, 18: 114, 19: 414, 20: 652, 21: 652, 22: 414, 23: 778, 24: 540, 25: 778, 26: 540, 27: 694, 28: 456, 29: 414, 30: 652, 31: 778, 32: 540, 33: 414, 34: 652, 35: 456, 36: 694, 37: 414, 38: 652, 39: 540, 40: 778, 41: 722, 42: 484, 43: 414, 44: 652, 45: 722, 46: 484, 47: 16, 48: 254, 49: 778, 50: 540, 51: 694, 52: 456, 53: 170, 54: 408, 55: 722, 56: 484, 57: 414, 58: 652, 59: 352, 60: 114, 61: 694, 62: 456, 63: 722, 64: 484, 65: 778, 66: 540, 67: 540, 68: 778, 69: 484, 70: 722, 71: 170, 72: 408, 73: 540, 74: 778, 75: 722, 76: 484, 77: 540, 78: 778, 79: 778, 80: 540, 81: 652, 82: 414, 83: 484, 84: 722, 85: 16, 86: 254, 87: 540, 88: 778, 89: 414, 90: 652, 91: 694, 92: 456, 93: 722, 94: 484, 95: 694, 96: 456, 97: 778, 98: 540, 99: 694, 100: 456, 101: 16, 102: 254, 103: 652, 104: 414, 105: 694, 106: 456, 107: 722, 108: 484, 109: 254, 110: 16, 111: 652, 112: 414, 113: 484, 114: 722, 115: 456, 116: 694, 117: 484, 118: 722, 119: 170, 120: 408, 121: 694, 122: 456, 123: 652, 124: 414, 125: 456, 126: 694, 127: 694, 128: 456, 129: 170, 130: 408, 131: 456, 132: 694, 133: 778, 134: 540, 135: 408, 136: 170, 137: 114, 138: 352, 139: 652, 140: 414, 141: 694, 142: 456, 143: 484, 144: 722, 145: 722, 146: 484, 147: 652, 148: 414, 149: 540, 150: 778, 151: 778, 152: 540, 153: 540, 154: 778, 155: 170, 156: 408, 157: 16, 158: 254, 159: 652, 160: 414, 161: 16, 162: 254, 163: 170, 164: 408, 165: 694, 166: 456, 167: 484, 168: 722, 169: 652, 170: 414, 171: 540, 172: 778, 173: 114, 174: 352, 175: 722, 176: 484, 177: 456, 178: 694, 179: 408, 180: 170, 181: 540, 182: 778, 183: 414, 184: 652, 185: 694, 186: 456, 187: 652, 188: 414, 189: 170, 190: 408, 191: 722, 192: 484, 193: 114, 194: 352, 195: 456, 196: 694, 197: 16, 198: 254, 199: 778, 200: 540, 201: 254, 202: 16, 203: 484, 204: 722, 205: 540, 206: 778, 207: 778, 208: 540, 209: 16, 210: 254, 211: 456, 212: 694, 213: 170, 214: 408, 215: 414, 216: 652, 217: 484, 218: 722, 219: 484, 220: 722, 221: 694, 222: 456, 223: 694, 224: 456, 225: 652, 226: 414, 227: 170, 228: 408, 229: 414, 230: 652, 231: 456, 232: 694, 233: 778, 234: 540, 235: 722, 236: 484, 237: 722, 238: 484, 239: 16, 240: 254, 241: 484, 242: 722, 243: 778, 244: 540, 245: 722, 246: 484, 247: 408, 248: 170, 249: 352, 250: 114, 251: 456, 252: 694, 253: 456, 254: 694, 255: 170, 256: 408, 257: 778, 258: 540, 259: 408, 260: 170, 261: 694, 262: 456, 263: 170, 264: 408, 265: 408, 266: 170, 267: 778, 268: 540, 269: 722, 270: 484, 271: 114, 272: 352, 273: 352, 274: 114, 275: 708, 276: 470, 277: 456, 278: 694, 279: 352, 280: 114, 281: 470, 282: 708, 283: 540, 284: 778, 285: 170, 286: 408, 287: 694, 288: 456, 289: 722, 290: 484, 291: 170, 292: 408, 293: 408, 294: 170, 295: 722, 296: 484, 297: 408, 298: 170, 299: 408, 300: 170, 301: 352, 302: 114, 303: 778, 304: 540, 305: 708, 306: 470, 307: 652, 308: 414, 309: 408, 310: 170, 311: 170, 312: 408, 313: 408, 314: 170, 315: 414, 316: 652, 317: 170, 318: 408, 319: 722, 320: 484, 321: 722, 322: 484, 323: 652, 324: 414, 325: 16, 326: 254, 327: 484, 328: 722, 329: 540, 330: 778, 331: 414, 332: 652, 333: 114, 334: 352, 335: 352, 336: 114, 337: 652, 338: 414, 339: 408, 340: 170, 341: 484, 342: 722, 343: 540, 344: 778, 345: 722, 346: 484, 347: 352, 348: 114, 349: 170, 350: 408, 351: 408, 352: 170, 353: 254, 354: 16, 355: 652, 356: 414, 357: 778, 358: 540, 359: 708, 360: 470, 361: 16, 362: 254, 363: 722, 364: 484, 365: 694, 366: 456, 367: 778, 368: 540, 369: 694, 370: 456, 371: 652, 372: 414, 373: 652, 374: 414, 375: 722, 376: 484, 377: 16, 378: 254, 379: 652, 380: 414, 381: 114, 382: 352, 383: 114, 384: 352, 385: 778, 386: 540, 387: 540, 388: 778, 389: 114, 390: 352, 391: 414, 392: 652, 393: 414, 394: 652, 395: 540, 396: 778, 397: 722, 398: 484, 399: 778, 400: 540}
Correct solution!
Number of lables used:  16
Time taken: 0.33 seconds
Memory used: 40.30 MB
--------------------------------------------------

Trying with at most 15 labels...
Solution:
{1: 484, 2: 722, 3: 778, 4: 540, 5: 540, 6: 778, 7: 722, 8: 484, 9: 114, 10: 352, 11: 778, 12: 540, 13: 694, 14: 456, 15: 652, 16: 414, 17: 352, 18: 114, 19: 414, 20: 652, 21: 652, 22: 414, 23: 778, 24: 540, 25: 778, 26: 540, 27: 694, 28: 456, 29: 414, 30: 652, 31: 778, 32: 540, 33: 414, 34: 652, 35: 456, 36: 694, 37: 414, 38: 652, 39: 540, 40: 778, 41: 722, 42: 484, 43: 414, 44: 652, 45: 722, 46: 484, 47: 16, 48: 254, 49: 778, 50: 540, 51: 694, 52: 456, 53: 170, 54: 408, 55: 722, 56: 484, 57: 414, 58: 652, 59: 352, 60: 114, 61: 694, 62: 456, 63: 722, 64: 484, 65: 778, 66: 540, 67: 540, 68: 778, 69: 484, 70: 722, 71: 170, 72: 408, 73: 540, 74: 778, 75: 722, 76: 484, 77: 540, 78: 778, 79: 778, 80: 540, 81: 652, 82: 414, 83: 484, 84: 722, 85: 16, 86: 254, 87: 540, 88: 778, 89: 414, 90: 652, 91: 694, 92: 456, 93: 722, 94: 484, 95: 694, 96: 456, 97: 778, 98: 540, 99: 694, 100: 456, 101: 16, 102: 254, 103: 652, 104: 414, 105: 694, 106: 456, 107: 722, 108: 484, 109: 254, 110: 16, 111: 652, 112: 414, 113: 352, 114: 114, 115: 456, 116: 694, 117: 484, 118: 722, 119: 170, 120: 408, 121: 694, 122: 456, 123: 652, 124: 414, 125: 456, 126: 694, 127: 694, 128: 456, 129: 170, 130: 408, 131: 456, 132: 694, 133: 778, 134: 540, 135: 408, 136: 170, 137: 114, 138: 352, 139: 652, 140: 414, 141: 694, 142: 456, 143: 484, 144: 722, 145: 722, 146: 484, 147: 652, 148: 414, 149: 540, 150: 778, 151: 778, 152: 540, 153: 722, 154: 484, 155: 170, 156: 408, 157: 16, 158: 254, 159: 652, 160: 414, 161: 16, 162: 254, 163: 170, 164: 408, 165: 694, 166: 456, 167: 484, 168: 722, 169: 652, 170: 414, 171: 540, 172: 778, 173: 114, 174: 352, 175: 16, 176: 254, 177: 456, 178: 694, 179: 408, 180: 170, 181: 540, 182: 778, 183: 414, 184: 652, 185: 694, 186: 456, 187: 652, 188: 414, 189: 170, 190: 408, 191: 722, 192: 484, 193: 114, 194: 352, 195: 456, 196: 694, 197: 16, 198: 254, 199: 778, 200: 540, 201: 254, 202: 16, 203: 484, 204: 722, 205: 540, 206: 778, 207: 778, 208: 540, 209: 16, 210: 254, 211: 456, 212: 694, 213: 170, 214: 408, 215: 414, 216: 652, 217: 484, 218: 722, 219: 484, 220: 722, 221: 694, 222: 456, 223: 694, 224: 456, 225: 652, 226: 414, 227: 170, 228: 408, 229: 414, 230: 652, 231: 456, 232: 694, 233: 778, 234: 540, 235: 722, 236: 484, 237: 722, 238: 484, 239: 16, 240: 254, 241: 484, 242: 722, 243: 778, 244: 540, 245: 722, 246: 484, 247: 408, 248: 170, 249: 352, 250: 114, 251: 456, 252: 694, 253: 456, 254: 694, 255: 170, 256: 408, 257: 778, 258: 540, 259: 408, 260: 170, 261: 694, 262: 456, 263: 170, 264: 408, 265: 408, 266: 170, 267: 778, 268: 540, 269: 722, 270: 484, 271: 114, 272: 352, 273: 352, 274: 114, 275: 456, 276: 694, 277: 456, 278: 694, 279: 352, 280: 114, 281: 456, 282: 694, 283: 540, 284: 778, 285: 170, 286: 408, 287: 352, 288: 114, 289: 722, 290: 484, 291: 170, 292: 408, 293: 408, 294: 170, 295: 722, 296: 484, 297: 408, 298: 170, 299: 408, 300: 170, 301: 352, 302: 114, 303: 778, 304: 540, 305: 778, 306: 540, 307: 652, 308: 414, 309: 408, 310: 170, 311: 170, 312: 408, 313: 408, 314: 170, 315: 414, 316: 652, 317: 170, 318: 408, 319: 722, 320: 484, 321: 722, 322: 484, 323: 652, 324: 414, 325: 16, 326: 254, 327: 484, 328: 722, 329: 540, 330: 778, 331: 414, 332: 652, 333: 114, 334: 352, 335: 352, 336: 114, 337: 652, 338: 414, 339: 408, 340: 170, 341: 484, 342: 722, 343: 540, 344: 778, 345: 722, 346: 484, 347: 352, 348: 114, 349: 170, 350: 408, 351: 408, 352: 170, 353: 254, 354: 16, 355: 652, 356: 414, 357: 778, 358: 540, 359: 722, 360: 484, 361: 16, 362: 254, 363: 722, 364: 484, 365: 694, 366: 456, 367: 778, 368: 540, 369: 694, 370: 456, 371: 652, 372: 414, 373: 652, 374: 414, 375: 722, 376: 484, 377: 16, 378: 254, 379: 652, 380: 414, 381: 114, 382: 352, 383: 114, 384: 352, 385: 778, 386: 540, 387: 540, 388: 778, 389: 114, 390: 352, 391: 414, 392: 652, 393: 414, 394: 652, 395: 540, 396: 778, 397: 722, 398: 484, 399: 778, 400: 540}
Correct solution!
Number of lables used:  14
Time taken: 0.34 seconds
Memory used: 40.30 MB
--------------------------------------------------

Trying with at most 13 labels...
[runlim] sample:		10.0 time, 10.6 real, 59.2 MB
[runlim] sample:		20.0 time, 20.6 real, 60.6 MB
[runlim] sample:		30.0 time, 30.6 real, 65.0 MB
Cannot find solution.
No more solutions found.
Optimal number of labels used:  14
Time taken: 35.88 seconds
[runlim] end:			Mon Jan 12 08:26:10 2026
[runlim] status:		ok
[runlim] result:		0
[runlim] children:		0
[runlim] real:			36.50 seconds
[runlim] time:			35.89 seconds
[runlim] space:			71.1 MB
[runlim] samples:		359
