[runlim] version:		1.10
[runlim] time limit:		311040000 seconds
[runlim] real time limit:	900 seconds
[runlim] space limit:		8000 MB
[runlim] argv[0]:		python3
[runlim] argv[1]:		-u
[runlim] argv[2]:		main.py
[runlim] argv[3]:		graph03
[runlim] argv[4]:		tot
[runlim] argv[5]:		assumptions
[runlim] start:			Mon Jan 12 08:26:10 2026
[runlim] main pid:		183109
Solve first problem:
Solution:
{1: 456, 2: 694, 3: 554, 4: 792, 5: 498, 6: 736, 7: 484, 8: 722, 9: 540, 10: 778, 11: 540, 12: 778, 13: 254, 14: 16, 15: 254, 16: 16, 17: 526, 18: 764, 19: 414, 20: 652, 21: 414, 22: 652, 23: 310, 24: 72, 25: 498, 26: 736, 27: 296, 28: 58, 29: 512, 30: 750, 31: 254, 32: 16, 33: 310, 34: 72, 35: 554, 36: 792, 37: 414, 38: 652, 39: 16, 40: 254, 41: 338, 42: 100, 43: 470, 44: 708, 45: 310, 46: 72, 47: 498, 48: 736, 49: 778, 50: 540, 51: 540, 52: 778, 53: 540, 54: 778, 55: 764, 56: 526, 57: 484, 58: 722, 59: 296, 60: 58, 61: 282, 62: 44, 63: 428, 64: 666, 65: 456, 66: 694, 67: 498, 68: 736, 69: 428, 70: 666, 71: 526, 72: 764, 73: 310, 74: 72, 75: 352, 76: 114, 77: 442, 78: 680, 79: 414, 80: 652, 81: 484, 82: 722, 83: 442, 84: 680, 85: 414, 86: 652, 87: 394, 88: 156, 89: 470, 90: 708, 91: 428, 92: 666, 93: 428, 94: 666, 95: 142, 96: 380, 97: 324, 98: 86, 99: 44, 100: 282, 101: 792, 102: 554, 103: 268, 104: 30, 105: 428, 106: 666, 107: 310, 108: 72, 109: 268, 110: 30, 111: 394, 112: 156, 113: 394, 114: 156, 115: 58, 116: 296, 117: 540, 118: 778, 119: 442, 120: 680, 121: 254, 122: 16, 123: 394, 124: 156, 125: 526, 126: 764, 127: 324, 128: 86, 129: 498, 130: 736, 131: 268, 132: 30, 133: 470, 134: 708, 135: 540, 136: 778, 137: 296, 138: 58, 139: 680, 140: 442, 141: 498, 142: 736, 143: 352, 144: 114, 145: 30, 146: 268, 147: 338, 148: 100, 149: 512, 150: 750, 151: 268, 152: 30, 153: 254, 154: 16, 155: 324, 156: 86, 157: 352, 158: 114, 159: 352, 160: 114, 161: 456, 162: 694, 163: 296, 164: 58, 165: 324, 166: 86, 167: 352, 168: 114, 169: 512, 170: 750, 171: 282, 172: 44, 173: 428, 174: 666, 175: 268, 176: 30, 177: 428, 178: 666, 179: 456, 180: 694, 181: 296, 182: 58, 183: 498, 184: 736, 185: 268, 186: 30, 187: 254, 188: 16, 189: 338, 190: 100, 191: 414, 192: 652, 193: 456, 194: 694, 195: 268, 196: 30, 197: 470, 198: 708, 199: 268, 200: 30}
Correct solution!
Number of lables used:  42
Time taken: 0.15 seconds
Memory used: 30.43 MB
--------------------------------------------------

Trying with at most 41 labels...
Solution:
{1: 456, 2: 694, 3: 554, 4: 792, 5: 498, 6: 736, 7: 484, 8: 722, 9: 540, 10: 778, 11: 554, 12: 792, 13: 254, 14: 16, 15: 254, 16: 16, 17: 526, 18: 764, 19: 414, 20: 652, 21: 414, 22: 652, 23: 310, 24: 72, 25: 498, 26: 736, 27: 296, 28: 58, 29: 526, 30: 764, 31: 254, 32: 16, 33: 310, 34: 72, 35: 554, 36: 792, 37: 414, 38: 652, 39: 16, 40: 254, 41: 338, 42: 100, 43: 470, 44: 708, 45: 310, 46: 72, 47: 498, 48: 736, 49: 778, 50: 540, 51: 540, 52: 778, 53: 540, 54: 778, 55: 764, 56: 526, 57: 484, 58: 722, 59: 296, 60: 58, 61: 282, 62: 44, 63: 428, 64: 666, 65: 456, 66: 694, 67: 498, 68: 736, 69: 428, 70: 666, 71: 540, 72: 778, 73: 310, 74: 72, 75: 352, 76: 114, 77: 442, 78: 680, 79: 380, 80: 142, 81: 484, 82: 722, 83: 442, 84: 680, 85: 414, 86: 652, 87: 394, 88: 156, 89: 470, 90: 708, 91: 428, 92: 666, 93: 428, 94: 666, 95: 142, 96: 380, 97: 324, 98: 86, 99: 44, 100: 282, 101: 792, 102: 554, 103: 268, 104: 30, 105: 428, 106: 666, 107: 310, 108: 72, 109: 268, 110: 30, 111: 414, 112: 652, 113: 394, 114: 156, 115: 58, 116: 296, 117: 540, 118: 778, 119: 442, 120: 680, 121: 254, 122: 16, 123: 394, 124: 156, 125: 540, 126: 778, 127: 324, 128: 86, 129: 498, 130: 736, 131: 268, 132: 30, 133: 470, 134: 708, 135: 540, 136: 778, 137: 296, 138: 58, 139: 680, 140: 442, 141: 498, 142: 736, 143: 442, 144: 680, 145: 30, 146: 268, 147: 338, 148: 100, 149: 526, 150: 764, 151: 268, 152: 30, 153: 254, 154: 16, 155: 324, 156: 86, 157: 352, 158: 114, 159: 352, 160: 114, 161: 456, 162: 694, 163: 296, 164: 58, 165: 324, 166: 86, 167: 352, 168: 114, 169: 526, 170: 764, 171: 282, 172: 44, 173: 442, 174: 680, 175: 268, 176: 30, 177: 428, 178: 666, 179: 456, 180: 694, 181: 296, 182: 58, 183: 498, 184: 736, 185: 268, 186: 30, 187: 254, 188: 16, 189: 338, 190: 100, 191: 414, 192: 652, 193: 456, 194: 694, 195: 268, 196: 30, 197: 470, 198: 708, 199: 268, 200: 30}
Correct solution!
Number of lables used:  40
Time taken: 0.15 seconds
Memory used: 30.93 MB
--------------------------------------------------

Trying with at most 39 labels...
Solution:
{1: 456, 2: 694, 3: 554, 4: 792, 5: 498, 6: 736, 7: 540, 8: 778, 9: 268, 10: 30, 11: 540, 12: 778, 13: 456, 14: 694, 15: 296, 16: 58, 17: 296, 18: 58, 19: 414, 20: 652, 21: 414, 22: 652, 23: 324, 24: 86, 25: 310, 26: 72, 27: 498, 28: 736, 29: 296, 30: 58, 31: 268, 32: 30, 33: 366, 34: 128, 35: 268, 36: 30, 37: 310, 38: 72, 39: 792, 40: 554, 41: 394, 42: 156, 43: 526, 44: 764, 45: 324, 46: 86, 47: 324, 48: 86, 49: 778, 50: 540, 51: 540, 52: 778, 53: 268, 54: 30, 55: 764, 56: 526, 57: 484, 58: 722, 59: 296, 60: 58, 61: 484, 62: 722, 63: 428, 64: 666, 65: 484, 66: 722, 67: 498, 68: 736, 69: 428, 70: 666, 71: 540, 72: 778, 73: 268, 74: 30, 75: 324, 76: 86, 77: 366, 78: 128, 79: 394, 80: 156, 81: 484, 82: 722, 83: 442, 84: 680, 85: 442, 86: 680, 87: 394, 88: 156, 89: 338, 90: 100, 91: 484, 92: 722, 93: 456, 94: 694, 95: 170, 96: 408, 97: 428, 98: 666, 99: 72, 100: 310, 101: 792, 102: 554, 103: 540, 104: 778, 105: 484, 106: 722, 107: 540, 108: 778, 109: 268, 110: 30, 111: 414, 112: 652, 113: 394, 114: 156, 115: 86, 116: 324, 117: 268, 118: 30, 119: 366, 120: 128, 121: 268, 122: 30, 123: 456, 124: 694, 125: 540, 126: 778, 127: 338, 128: 100, 129: 554, 130: 792, 131: 268, 132: 30, 133: 498, 134: 736, 135: 540, 136: 778, 137: 296, 138: 58, 139: 722, 140: 484, 141: 498, 142: 736, 143: 442, 144: 680, 145: 58, 146: 296, 147: 310, 148: 72, 149: 268, 150: 30, 151: 366, 152: 128, 153: 394, 154: 156, 155: 324, 156: 86, 157: 414, 158: 652, 159: 456, 160: 694, 161: 366, 162: 128, 163: 296, 164: 58, 165: 324, 166: 86, 167: 366, 168: 128, 169: 526, 170: 764, 171: 268, 172: 30, 173: 442, 174: 680, 175: 296, 176: 58, 177: 428, 178: 666, 179: 456, 180: 694, 181: 268, 182: 30, 183: 498, 184: 736, 185: 296, 186: 58, 187: 526, 188: 764, 189: 428, 190: 666, 191: 394, 192: 156, 193: 456, 194: 694, 195: 366, 196: 128, 197: 526, 198: 764, 199: 268, 200: 30}
Correct solution!
Number of lables used:  34
Time taken: 0.16 seconds
Memory used: 31.06 MB
--------------------------------------------------

Trying with at most 33 labels...
Solution:
{1: 484, 2: 722, 3: 526, 4: 764, 5: 526, 6: 764, 7: 268, 8: 30, 9: 156, 10: 394, 11: 268, 12: 30, 13: 750, 14: 512, 15: 296, 16: 58, 17: 296, 18: 58, 19: 442, 20: 680, 21: 792, 22: 554, 23: 324, 24: 86, 25: 554, 26: 792, 27: 310, 28: 72, 29: 296, 30: 58, 31: 282, 32: 44, 33: 442, 34: 680, 35: 268, 36: 30, 37: 484, 38: 722, 39: 792, 40: 554, 41: 394, 42: 156, 43: 498, 44: 736, 45: 442, 46: 680, 47: 324, 48: 86, 49: 778, 50: 540, 51: 512, 52: 750, 53: 268, 54: 30, 55: 764, 56: 526, 57: 100, 58: 338, 59: 44, 60: 282, 61: 324, 62: 86, 63: 394, 64: 156, 65: 512, 66: 750, 67: 512, 68: 750, 69: 778, 70: 540, 71: 268, 72: 30, 73: 268, 74: 30, 75: 750, 76: 512, 77: 764, 78: 526, 79: 792, 80: 554, 81: 722, 82: 484, 83: 380, 84: 142, 85: 792, 86: 554, 87: 44, 88: 282, 89: 86, 90: 324, 91: 394, 92: 156, 93: 380, 94: 142, 95: 142, 96: 380, 97: 380, 98: 142, 99: 44, 100: 282, 101: 792, 102: 554, 103: 268, 104: 30, 105: 484, 106: 722, 107: 310, 108: 72, 109: 680, 110: 442, 111: 792, 112: 554, 113: 394, 114: 156, 115: 58, 116: 296, 117: 268, 118: 30, 119: 498, 120: 736, 121: 296, 122: 58, 123: 394, 124: 156, 125: 540, 126: 778, 127: 338, 128: 100, 129: 296, 130: 58, 131: 72, 132: 310, 133: 736, 134: 498, 135: 554, 136: 792, 137: 498, 138: 736, 139: 722, 140: 484, 141: 310, 142: 72, 143: 86, 144: 324, 145: 778, 146: 540, 147: 736, 148: 498, 149: 282, 150: 44, 151: 484, 152: 722, 153: 394, 154: 156, 155: 722, 156: 484, 157: 394, 158: 156, 159: 442, 160: 680, 161: 484, 162: 722, 163: 142, 164: 380, 165: 324, 166: 86, 167: 394, 168: 156, 169: 282, 170: 44, 171: 282, 172: 44, 173: 442, 174: 680, 175: 310, 176: 72, 177: 778, 178: 540, 179: 100, 180: 338, 181: 296, 182: 58, 183: 324, 184: 86, 185: 268, 186: 30, 187: 498, 188: 736, 189: 380, 190: 142, 191: 792, 192: 554, 193: 750, 194: 512, 195: 58, 196: 296, 197: 526, 198: 764, 199: 268, 200: 30}
Correct solution!
Number of lables used:  30
Time taken: 0.18 seconds
Memory used: 31.06 MB
--------------------------------------------------

Trying with at most 29 labels...
Solution:
{1: 484, 2: 722, 3: 540, 4: 778, 5: 526, 6: 764, 7: 268, 8: 30, 9: 268, 10: 30, 11: 268, 12: 30, 13: 484, 14: 722, 15: 296, 16: 58, 17: 296, 18: 58, 19: 442, 20: 680, 21: 442, 22: 680, 23: 324, 24: 86, 25: 310, 26: 72, 27: 310, 28: 72, 29: 296, 30: 58, 31: 282, 32: 44, 33: 442, 34: 680, 35: 268, 36: 30, 37: 338, 38: 100, 39: 792, 40: 554, 41: 394, 42: 156, 43: 324, 44: 86, 45: 442, 46: 680, 47: 324, 48: 86, 49: 778, 50: 540, 51: 282, 52: 44, 53: 268, 54: 30, 55: 764, 56: 526, 57: 324, 58: 86, 59: 296, 60: 58, 61: 324, 62: 86, 63: 394, 64: 156, 65: 540, 66: 778, 67: 310, 68: 72, 69: 380, 70: 142, 71: 268, 72: 30, 73: 268, 74: 30, 75: 526, 76: 764, 77: 526, 78: 764, 79: 394, 80: 156, 81: 324, 82: 86, 83: 380, 84: 142, 85: 394, 86: 156, 87: 394, 88: 156, 89: 338, 90: 100, 91: 394, 92: 156, 93: 380, 94: 142, 95: 142, 96: 380, 97: 380, 98: 142, 99: 44, 100: 282, 101: 792, 102: 554, 103: 268, 104: 30, 105: 484, 106: 722, 107: 310, 108: 72, 109: 268, 110: 30, 111: 484, 112: 722, 113: 394, 114: 156, 115: 58, 116: 296, 117: 268, 118: 30, 119: 526, 120: 764, 121: 296, 122: 58, 123: 394, 124: 156, 125: 540, 126: 778, 127: 338, 128: 100, 129: 296, 130: 58, 131: 268, 132: 30, 133: 338, 134: 100, 135: 268, 136: 30, 137: 526, 138: 764, 139: 722, 140: 484, 141: 526, 142: 764, 143: 540, 144: 778, 145: 778, 146: 540, 147: 338, 148: 100, 149: 282, 150: 44, 151: 526, 152: 764, 153: 394, 154: 156, 155: 324, 156: 86, 157: 394, 158: 156, 159: 442, 160: 680, 161: 792, 162: 554, 163: 296, 164: 58, 165: 324, 166: 86, 167: 394, 168: 156, 169: 282, 170: 44, 171: 282, 172: 44, 173: 442, 174: 680, 175: 310, 176: 72, 177: 526, 178: 764, 179: 338, 180: 100, 181: 296, 182: 58, 183: 324, 184: 86, 185: 268, 186: 30, 187: 540, 188: 778, 189: 380, 190: 142, 191: 394, 192: 156, 193: 484, 194: 722, 195: 442, 196: 680, 197: 526, 198: 764, 199: 324, 200: 86}
Correct solution!
Number of lables used:  26
Time taken: 0.19 seconds
Memory used: 31.18 MB
--------------------------------------------------

Trying with at most 25 labels...
Solution:
{1: 666, 2: 428, 3: 666, 4: 428, 5: 142, 6: 380, 7: 666, 8: 428, 9: 296, 10: 58, 11: 666, 12: 428, 13: 750, 14: 512, 15: 30, 16: 268, 17: 58, 18: 296, 19: 58, 20: 296, 21: 792, 22: 554, 23: 58, 24: 296, 25: 708, 26: 470, 27: 708, 28: 470, 29: 694, 30: 456, 31: 142, 32: 380, 33: 58, 34: 296, 35: 666, 36: 428, 37: 142, 38: 380, 39: 792, 40: 554, 41: 792, 42: 554, 43: 722, 44: 484, 45: 750, 46: 512, 47: 30, 48: 268, 49: 778, 50: 540, 51: 142, 52: 380, 53: 268, 54: 30, 55: 764, 56: 526, 57: 722, 58: 484, 59: 694, 60: 456, 61: 722, 62: 484, 63: 792, 64: 554, 65: 750, 66: 512, 67: 708, 68: 470, 69: 778, 70: 540, 71: 708, 72: 470, 73: 666, 74: 428, 75: 750, 76: 512, 77: 764, 78: 526, 79: 792, 80: 554, 81: 722, 82: 484, 83: 778, 84: 540, 85: 792, 86: 554, 87: 792, 88: 554, 89: 736, 90: 498, 91: 792, 92: 554, 93: 778, 94: 540, 95: 142, 96: 380, 97: 778, 98: 540, 99: 764, 100: 526, 101: 792, 102: 554, 103: 666, 104: 428, 105: 722, 106: 484, 107: 708, 108: 470, 109: 666, 110: 428, 111: 792, 112: 554, 113: 30, 114: 268, 115: 58, 116: 296, 117: 142, 118: 380, 119: 764, 120: 526, 121: 694, 122: 456, 123: 792, 124: 554, 125: 666, 126: 428, 127: 736, 128: 498, 129: 694, 130: 456, 131: 142, 132: 380, 133: 736, 134: 498, 135: 666, 136: 428, 137: 736, 138: 498, 139: 722, 140: 484, 141: 708, 142: 470, 143: 750, 144: 512, 145: 778, 146: 540, 147: 736, 148: 498, 149: 142, 150: 380, 151: 764, 152: 526, 153: 792, 154: 554, 155: 722, 156: 484, 157: 792, 158: 554, 159: 792, 160: 554, 161: 736, 162: 498, 163: 58, 164: 296, 165: 764, 166: 526, 167: 792, 168: 554, 169: 58, 170: 296, 171: 142, 172: 380, 173: 764, 174: 526, 175: 708, 176: 470, 177: 764, 178: 526, 179: 736, 180: 498, 181: 694, 182: 456, 183: 58, 184: 296, 185: 30, 186: 268, 187: 750, 188: 512, 189: 30, 190: 268, 191: 792, 192: 554, 193: 750, 194: 512, 195: 764, 196: 526, 197: 142, 198: 380, 199: 736, 200: 498}
Correct solution!
Number of lables used:  24
Time taken: 0.36 seconds
Memory used: 32.06 MB
--------------------------------------------------

Trying with at most 23 labels...
Solution:
{1: 666, 2: 428, 3: 666, 4: 428, 5: 142, 6: 380, 7: 666, 8: 428, 9: 296, 10: 58, 11: 666, 12: 428, 13: 750, 14: 512, 15: 58, 16: 296, 17: 142, 18: 380, 19: 58, 20: 296, 21: 792, 22: 554, 23: 58, 24: 296, 25: 708, 26: 470, 27: 708, 28: 470, 29: 694, 30: 456, 31: 142, 32: 380, 33: 58, 34: 296, 35: 666, 36: 428, 37: 142, 38: 380, 39: 792, 40: 554, 41: 792, 42: 554, 43: 722, 44: 484, 45: 750, 46: 512, 47: 722, 48: 484, 49: 778, 50: 540, 51: 142, 52: 380, 53: 666, 54: 428, 55: 764, 56: 526, 57: 722, 58: 484, 59: 694, 60: 456, 61: 722, 62: 484, 63: 792, 64: 554, 65: 750, 66: 512, 67: 708, 68: 470, 69: 778, 70: 540, 71: 666, 72: 428, 73: 666, 74: 428, 75: 750, 76: 512, 77: 764, 78: 526, 79: 792, 80: 554, 81: 722, 82: 484, 83: 778, 84: 540, 85: 792, 86: 554, 87: 792, 88: 554, 89: 736, 90: 498, 91: 792, 92: 554, 93: 778, 94: 540, 95: 142, 96: 380, 97: 778, 98: 540, 99: 764, 100: 526, 101: 792, 102: 554, 103: 666, 104: 428, 105: 722, 106: 484, 107: 708, 108: 470, 109: 666, 110: 428, 111: 792, 112: 554, 113: 792, 114: 554, 115: 58, 116: 296, 117: 142, 118: 380, 119: 764, 120: 526, 121: 694, 122: 456, 123: 792, 124: 554, 125: 666, 126: 428, 127: 736, 128: 498, 129: 694, 130: 456, 131: 142, 132: 380, 133: 736, 134: 498, 135: 666, 136: 428, 137: 694, 138: 456, 139: 722, 140: 484, 141: 708, 142: 470, 143: 750, 144: 512, 145: 778, 146: 540, 147: 736, 148: 498, 149: 142, 150: 380, 151: 764, 152: 526, 153: 792, 154: 554, 155: 722, 156: 484, 157: 792, 158: 554, 159: 750, 160: 512, 161: 736, 162: 498, 163: 58, 164: 296, 165: 722, 166: 484, 167: 792, 168: 554, 169: 58, 170: 296, 171: 142, 172: 380, 173: 764, 174: 526, 175: 708, 176: 470, 177: 764, 178: 526, 179: 736, 180: 498, 181: 694, 182: 456, 183: 58, 184: 296, 185: 666, 186: 428, 187: 750, 188: 512, 189: 778, 190: 540, 191: 792, 192: 554, 193: 750, 194: 512, 195: 764, 196: 526, 197: 142, 198: 380, 199: 736, 200: 498}
Correct solution!
Number of lables used:  22
Time taken: 0.37 seconds
Memory used: 32.06 MB
--------------------------------------------------

Trying with at most 21 labels...
Solution:
{1: 100, 2: 338, 3: 142, 4: 380, 5: 142, 6: 380, 7: 142, 8: 380, 9: 142, 10: 380, 11: 142, 12: 380, 13: 792, 14: 554, 15: 114, 16: 352, 17: 114, 18: 352, 19: 792, 20: 554, 21: 16, 22: 254, 23: 86, 24: 324, 25: 100, 26: 338, 27: 100, 28: 338, 29: 114, 30: 352, 31: 128, 32: 366, 33: 44, 34: 282, 35: 142, 36: 380, 37: 792, 38: 554, 39: 16, 40: 254, 41: 16, 42: 254, 43: 86, 44: 324, 45: 778, 46: 540, 47: 86, 48: 324, 49: 30, 50: 268, 51: 128, 52: 366, 53: 142, 54: 380, 55: 44, 56: 282, 57: 86, 58: 324, 59: 114, 60: 352, 61: 86, 62: 324, 63: 16, 64: 254, 65: 792, 66: 554, 67: 100, 68: 338, 69: 30, 70: 268, 71: 142, 72: 380, 73: 142, 74: 380, 75: 792, 76: 554, 77: 44, 78: 282, 79: 16, 80: 254, 81: 86, 82: 324, 83: 30, 84: 268, 85: 16, 86: 254, 87: 16, 88: 254, 89: 778, 90: 540, 91: 16, 92: 254, 93: 30, 94: 268, 95: 142, 96: 380, 97: 30, 98: 268, 99: 44, 100: 282, 101: 778, 102: 540, 103: 142, 104: 380, 105: 778, 106: 540, 107: 100, 108: 338, 109: 142, 110: 380, 111: 16, 112: 254, 113: 16, 114: 254, 115: 792, 116: 554, 117: 142, 118: 380, 119: 44, 120: 282, 121: 114, 122: 352, 123: 16, 124: 254, 125: 142, 126: 380, 127: 792, 128: 554, 129: 114, 130: 352, 131: 142, 132: 380, 133: 792, 134: 554, 135: 142, 136: 380, 137: 114, 138: 352, 139: 86, 140: 324, 141: 100, 142: 338, 143: 792, 144: 554, 145: 30, 146: 268, 147: 778, 148: 540, 149: 778, 150: 540, 151: 44, 152: 282, 153: 16, 154: 254, 155: 86, 156: 324, 157: 16, 158: 254, 159: 778, 160: 540, 161: 778, 162: 540, 163: 114, 164: 352, 165: 86, 166: 324, 167: 16, 168: 254, 169: 128, 170: 366, 171: 128, 172: 366, 173: 44, 174: 282, 175: 100, 176: 338, 177: 44, 178: 282, 179: 778, 180: 540, 181: 114, 182: 352, 183: 86, 184: 324, 185: 142, 186: 380, 187: 778, 188: 540, 189: 30, 190: 268, 191: 16, 192: 254, 193: 778, 194: 540, 195: 44, 196: 282, 197: 128, 198: 366, 199: 30, 200: 268}
Correct solution!
Number of lables used:  20
Time taken: 0.49 seconds
Memory used: 32.56 MB
--------------------------------------------------

Trying with at most 19 labels...
Cannot find solution.
No more solutions found.
Optimal number of labels used:  20
Time taken: 4.10 seconds
[runlim] end:			Mon Jan 12 08:26:14 2026
[runlim] status:		ok
[runlim] result:		0
[runlim] children:		0
[runlim] real:			4.68 seconds
[runlim] time:			4.09 seconds
[runlim] space:			42.9 MB
[runlim] samples:		41
