[runlim] version:		1.10
[runlim] time limit:		311040000 seconds
[runlim] real time limit:	900 seconds
[runlim] space limit:		8000 MB
[runlim] argv[0]:		python3
[runlim] argv[1]:		-u
[runlim] argv[2]:		main.py
[runlim] argv[3]:		scen03
[runlim] argv[4]:		tot
[runlim] argv[5]:		assumptions
[runlim] start:			Mon Jan 12 08:12:55 2026
[runlim] main pid:		178160
Solve first problem:
Solution:
{13: 254, 14: 16, 15: 254, 16: 16, 23: 142, 24: 380, 49: 310, 50: 72, 51: 16, 52: 254, 53: 338, 54: 100, 67: 156, 68: 394, 69: 254, 70: 16, 79: 254, 80: 16, 81: 268, 82: 30, 83: 680, 84: 442, 85: 352, 86: 114, 103: 268, 104: 30, 105: 254, 106: 16, 117: 750, 118: 512, 119: 708, 120: 470, 127: 142, 128: 380, 129: 310, 130: 72, 143: 666, 144: 428, 145: 254, 146: 16, 151: 764, 152: 526, 153: 694, 154: 456, 155: 652, 156: 414, 157: 30, 158: 268, 179: 156, 180: 394, 181: 380, 182: 142, 183: 736, 184: 498, 191: 366, 192: 128, 193: 296, 194: 58, 205: 254, 206: 16, 209: 142, 210: 380, 211: 58, 212: 296, 213: 254, 214: 16, 215: 296, 216: 58, 217: 296, 218: 58, 233: 750, 234: 512, 235: 338, 236: 100, 237: 380, 238: 142, 261: 254, 262: 16, 263: 352, 264: 114, 265: 324, 266: 86, 267: 254, 268: 16, 269: 254, 270: 16, 271: 254, 272: 16, 273: 324, 274: 86, 275: 324, 276: 86, 277: 268, 278: 30, 281: 366, 282: 128, 283: 296, 284: 58, 285: 366, 286: 128, 287: 254, 288: 16, 289: 254, 290: 16, 291: 324, 292: 86, 293: 380, 294: 142, 295: 324, 296: 86, 299: 366, 300: 128, 301: 282, 302: 44, 303: 680, 304: 442, 305: 352, 306: 114, 307: 30, 308: 268, 309: 338, 310: 100, 311: 254, 312: 16, 313: 254, 314: 16, 321: 254, 322: 16, 323: 254, 324: 16, 325: 666, 326: 428, 327: 338, 328: 100, 329: 254, 330: 16, 339: 352, 340: 114, 341: 44, 342: 282, 343: 44, 344: 282, 345: 394, 346: 156, 347: 324, 348: 86, 349: 680, 350: 442, 351: 30, 352: 268, 355: 44, 356: 282, 357: 268, 358: 30, 359: 666, 360: 428, 361: 338, 362: 100, 363: 268, 364: 30, 365: 380, 366: 142, 367: 310, 368: 72, 369: 128, 370: 366, 371: 254, 372: 16, 375: 282, 376: 44, 377: 666, 378: 428, 383: 338, 384: 100, 387: 366, 388: 128, 397: 394, 398: 156, 401: 114, 402: 352, 405: 114, 406: 352, 435: 366, 436: 128, 439: 310, 440: 72, 449: 100, 450: 338, 471: 254, 472: 16, 475: 338, 476: 100, 477: 268, 478: 30, 481: 352, 482: 114, 491: 310, 492: 72, 493: 268, 494: 30, 495: 254, 496: 16, 517: 268, 518: 30, 519: 338, 520: 100, 525: 282, 526: 44, 533: 282, 534: 44, 535: 254, 536: 16, 547: 324, 548: 86, 555: 128, 556: 366, 557: 666, 558: 428, 559: 58, 560: 296, 561: 380, 562: 142, 563: 666, 564: 428, 565: 114, 566: 352, 573: 268, 574: 30, 575: 114, 576: 352, 577: 366, 578: 128, 579: 352, 580: 114, 581: 352, 582: 114, 583: 666, 584: 428, 585: 338, 586: 100, 587: 254, 588: 16, 589: 366, 590: 128, 591: 352, 592: 114, 593: 100, 594: 338, 595: 296, 596: 58, 597: 268, 598: 30, 599: 142, 600: 380, 601: 282, 602: 44, 603: 268, 604: 30, 605: 268, 606: 30, 607: 352, 608: 114, 613: 100, 614: 338, 615: 282, 616: 44, 617: 268, 618: 30, 619: 352, 620: 114, 621: 338, 622: 100, 623: 338, 624: 100, 625: 268, 626: 30, 629: 282, 630: 44, 631: 268, 632: 30, 633: 282, 634: 44, 635: 268, 636: 30, 637: 254, 638: 16, 639: 268, 640: 30, 641: 380, 642: 142, 643: 338, 644: 100, 645: 296, 646: 58, 651: 352, 652: 114, 653: 254, 654: 16, 661: 254, 662: 16, 663: 394, 664: 156, 665: 366, 666: 128, 667: 268, 668: 30, 671: 254, 672: 16, 713: 268, 714: 30, 715: 254, 716: 16, 717: 394, 718: 156, 719: 324, 720: 86, 721: 254, 722: 16, 723: 254, 724: 16, 725: 254, 726: 16, 727: 254, 728: 16, 733: 268, 734: 30, 741: 268, 742: 30, 743: 44, 744: 282, 745: 268, 746: 30, 747: 324, 748: 86, 757: 338, 758: 100, 759: 268, 760: 30, 763: 268, 764: 30, 765: 254, 766: 16, 767: 296, 768: 58, 769: 268, 770: 30, 771: 338, 772: 100, 773: 254, 774: 16, 783: 268, 784: 30, 785: 254, 786: 16, 787: 268, 788: 30, 789: 338, 790: 100, 791: 268, 792: 30, 793: 338, 794: 100, 795: 268, 796: 30, 797: 352, 798: 114, 799: 282, 800: 44, 801: 268, 802: 30, 815: 338, 816: 100, 817: 268, 818: 30, 825: 282, 826: 44, 827: 324, 828: 86, 829: 254, 830: 16, 835: 44, 836: 282, 837: 268, 838: 30, 867: 352, 868: 114, 875: 310, 876: 72, 877: 282, 878: 44, 879: 324, 880: 86, 881: 268, 882: 30, 893: 268, 894: 30, 903: 254, 904: 16, 911: 254, 912: 16}
Correct solution!
Number of lables used:  38
Time taken: 0.36 seconds
Memory used: 43.11 MB
--------------------------------------------------

Trying with at most 37 labels...
Solution:
{13: 254, 14: 16, 15: 254, 16: 16, 23: 750, 24: 512, 49: 708, 50: 470, 51: 16, 52: 254, 53: 540, 54: 778, 67: 764, 68: 526, 69: 694, 70: 456, 79: 16, 80: 254, 81: 44, 82: 282, 83: 554, 84: 792, 85: 694, 86: 456, 103: 694, 104: 456, 105: 16, 106: 254, 117: 554, 118: 792, 119: 498, 120: 736, 127: 254, 128: 16, 129: 764, 130: 526, 143: 792, 144: 554, 145: 722, 146: 484, 151: 750, 152: 512, 153: 44, 154: 282, 155: 554, 156: 792, 157: 484, 158: 722, 179: 254, 180: 16, 181: 254, 182: 16, 183: 470, 184: 708, 191: 282, 192: 44, 193: 554, 194: 792, 205: 708, 206: 470, 209: 484, 210: 722, 211: 554, 212: 792, 213: 750, 214: 512, 215: 254, 216: 16, 217: 526, 218: 764, 233: 484, 234: 722, 235: 470, 236: 708, 237: 722, 238: 484, 261: 282, 262: 44, 263: 554, 264: 792, 265: 456, 266: 694, 267: 526, 268: 764, 269: 764, 270: 526, 271: 764, 272: 526, 273: 456, 274: 694, 275: 456, 276: 694, 277: 764, 278: 526, 281: 778, 282: 540, 283: 708, 284: 470, 285: 736, 286: 498, 287: 282, 288: 44, 289: 694, 290: 456, 291: 16, 292: 254, 293: 240, 294: 478, 295: 694, 296: 456, 299: 764, 300: 526, 301: 694, 302: 456, 303: 778, 304: 540, 305: 708, 306: 470, 307: 254, 308: 16, 309: 792, 310: 554, 311: 456, 312: 694, 313: 456, 314: 694, 321: 254, 322: 16, 323: 254, 324: 16, 325: 540, 326: 778, 327: 470, 328: 708, 329: 254, 330: 16, 339: 44, 340: 282, 341: 456, 342: 694, 343: 456, 344: 694, 345: 708, 346: 470, 347: 778, 348: 540, 349: 694, 350: 456, 351: 456, 352: 694, 355: 456, 356: 694, 357: 736, 358: 498, 359: 750, 360: 512, 361: 512, 362: 750, 363: 708, 364: 470, 365: 44, 366: 282, 367: 736, 368: 498, 369: 736, 370: 498, 371: 254, 372: 16, 375: 694, 376: 456, 377: 750, 378: 512, 383: 44, 384: 282, 387: 470, 388: 708, 397: 554, 398: 792, 401: 526, 402: 764, 405: 778, 406: 540, 435: 470, 436: 708, 439: 484, 440: 722, 449: 750, 450: 512, 471: 282, 472: 44, 475: 456, 476: 694, 477: 526, 478: 764, 481: 282, 482: 44, 491: 722, 492: 484, 493: 778, 494: 540, 495: 44, 496: 282, 517: 512, 518: 750, 519: 44, 520: 282, 525: 736, 526: 498, 533: 694, 534: 456, 535: 282, 536: 44, 547: 16, 548: 254, 555: 540, 556: 778, 557: 750, 558: 512, 559: 750, 560: 512, 561: 778, 562: 540, 563: 456, 564: 694, 565: 736, 566: 498, 573: 484, 574: 722, 575: 470, 576: 708, 577: 708, 578: 470, 579: 16, 580: 254, 581: 16, 582: 254, 583: 44, 584: 282, 585: 254, 586: 16, 587: 694, 588: 456, 589: 16, 590: 254, 591: 736, 592: 498, 593: 778, 594: 540, 595: 764, 596: 526, 597: 736, 598: 498, 599: 778, 600: 540, 601: 456, 602: 694, 603: 44, 604: 282, 605: 750, 606: 512, 607: 722, 608: 484, 613: 778, 614: 540, 615: 722, 616: 484, 617: 750, 618: 512, 619: 778, 620: 540, 621: 764, 622: 526, 623: 44, 624: 282, 625: 694, 626: 456, 629: 750, 630: 512, 631: 708, 632: 470, 633: 750, 634: 512, 635: 44, 636: 282, 637: 282, 638: 44, 639: 750, 640: 512, 641: 764, 642: 526, 643: 722, 644: 484, 645: 16, 646: 254, 651: 16, 652: 254, 653: 456, 654: 694, 661: 750, 662: 512, 663: 16, 664: 254, 665: 456, 666: 694, 667: 540, 668: 778, 671: 282, 672: 44, 713: 764, 714: 526, 715: 282, 716: 44, 717: 254, 718: 16, 719: 456, 720: 694, 721: 722, 722: 484, 723: 44, 724: 282, 725: 282, 726: 44, 727: 282, 728: 44, 733: 750, 734: 512, 741: 722, 742: 484, 743: 44, 744: 282, 745: 708, 746: 470, 747: 708, 748: 470, 757: 750, 758: 512, 759: 44, 760: 282, 763: 750, 764: 512, 765: 282, 766: 44, 767: 722, 768: 484, 769: 778, 770: 540, 771: 456, 772: 694, 773: 708, 774: 470, 783: 750, 784: 512, 785: 282, 786: 44, 787: 470, 788: 708, 789: 44, 790: 282, 791: 750, 792: 512, 793: 44, 794: 282, 795: 750, 796: 512, 797: 456, 798: 694, 799: 736, 800: 498, 801: 44, 802: 282, 815: 44, 816: 282, 817: 750, 818: 512, 825: 282, 826: 44, 827: 498, 828: 736, 829: 484, 830: 722, 835: 498, 836: 736, 837: 750, 838: 512, 867: 540, 868: 778, 875: 708, 876: 470, 877: 722, 878: 484, 879: 750, 880: 512, 881: 750, 882: 512, 893: 708, 894: 470, 903: 254, 904: 16, 911: 778, 912: 540}
Correct solution!
Number of lables used:  22
Time taken: 0.39 seconds
Memory used: 44.23 MB
--------------------------------------------------

Trying with at most 21 labels...
Solution:
{13: 254, 14: 16, 15: 254, 16: 16, 23: 750, 24: 512, 49: 708, 50: 470, 51: 16, 52: 254, 53: 540, 54: 778, 67: 764, 68: 526, 69: 694, 70: 456, 79: 16, 80: 254, 81: 44, 82: 282, 83: 554, 84: 792, 85: 694, 86: 456, 103: 694, 104: 456, 105: 16, 106: 254, 117: 554, 118: 792, 119: 380, 120: 142, 127: 254, 128: 16, 129: 764, 130: 526, 143: 792, 144: 554, 145: 722, 146: 484, 151: 750, 152: 512, 153: 44, 154: 282, 155: 554, 156: 792, 157: 484, 158: 722, 179: 254, 180: 16, 181: 254, 182: 16, 183: 470, 184: 708, 191: 282, 192: 44, 193: 554, 194: 792, 205: 708, 206: 470, 209: 484, 210: 722, 211: 554, 212: 792, 213: 750, 214: 512, 215: 254, 216: 16, 217: 526, 218: 764, 233: 484, 234: 722, 235: 470, 236: 708, 237: 750, 238: 512, 261: 282, 262: 44, 263: 554, 264: 792, 265: 456, 266: 694, 267: 526, 268: 764, 269: 764, 270: 526, 271: 764, 272: 526, 273: 456, 274: 694, 275: 456, 276: 694, 277: 764, 278: 526, 281: 778, 282: 540, 283: 708, 284: 470, 285: 722, 286: 484, 287: 282, 288: 44, 289: 694, 290: 456, 291: 16, 292: 254, 293: 142, 294: 380, 295: 694, 296: 456, 299: 764, 300: 526, 301: 694, 302: 456, 303: 778, 304: 540, 305: 708, 306: 470, 307: 254, 308: 16, 309: 792, 310: 554, 311: 456, 312: 694, 313: 456, 314: 694, 321: 254, 322: 16, 323: 254, 324: 16, 325: 540, 326: 778, 327: 470, 328: 708, 329: 254, 330: 16, 339: 44, 340: 282, 341: 456, 342: 694, 343: 456, 344: 694, 345: 708, 346: 470, 347: 778, 348: 540, 349: 694, 350: 456, 351: 456, 352: 694, 355: 456, 356: 694, 357: 694, 358: 456, 359: 750, 360: 512, 361: 512, 362: 750, 363: 708, 364: 470, 365: 44, 366: 282, 367: 764, 368: 526, 369: 722, 370: 484, 371: 254, 372: 16, 375: 694, 376: 456, 377: 778, 378: 540, 383: 44, 384: 282, 387: 470, 388: 708, 397: 554, 398: 792, 401: 526, 402: 764, 405: 142, 406: 380, 435: 470, 436: 708, 439: 484, 440: 722, 449: 750, 450: 512, 471: 282, 472: 44, 475: 456, 476: 694, 477: 526, 478: 764, 481: 282, 482: 44, 491: 722, 492: 484, 493: 778, 494: 540, 495: 44, 496: 282, 517: 512, 518: 750, 519: 44, 520: 282, 525: 694, 526: 456, 533: 694, 534: 456, 535: 282, 536: 44, 547: 16, 548: 254, 555: 540, 556: 778, 557: 750, 558: 512, 559: 750, 560: 512, 561: 750, 562: 512, 563: 456, 564: 694, 565: 694, 566: 456, 573: 484, 574: 722, 575: 470, 576: 708, 577: 708, 578: 470, 579: 16, 580: 254, 581: 16, 582: 254, 583: 44, 584: 282, 585: 254, 586: 16, 587: 750, 588: 512, 589: 16, 590: 254, 591: 778, 592: 540, 593: 778, 594: 540, 595: 764, 596: 526, 597: 764, 598: 526, 599: 778, 600: 540, 601: 142, 602: 380, 603: 44, 604: 282, 605: 722, 606: 484, 607: 722, 608: 484, 613: 778, 614: 540, 615: 722, 616: 484, 617: 750, 618: 512, 619: 778, 620: 540, 621: 764, 622: 526, 623: 44, 624: 282, 625: 694, 626: 456, 629: 750, 630: 512, 631: 708, 632: 470, 633: 750, 634: 512, 635: 44, 636: 282, 637: 282, 638: 44, 639: 750, 640: 512, 641: 764, 642: 526, 643: 722, 644: 484, 645: 16, 646: 254, 651: 16, 652: 254, 653: 456, 654: 694, 661: 750, 662: 512, 663: 16, 664: 254, 665: 456, 666: 694, 667: 540, 668: 778, 671: 282, 672: 44, 713: 764, 714: 526, 715: 282, 716: 44, 717: 254, 718: 16, 719: 456, 720: 694, 721: 722, 722: 484, 723: 44, 724: 282, 725: 282, 726: 44, 727: 282, 728: 44, 733: 750, 734: 512, 741: 750, 742: 512, 743: 44, 744: 282, 745: 708, 746: 470, 747: 708, 748: 470, 757: 750, 758: 512, 759: 44, 760: 282, 763: 750, 764: 512, 765: 282, 766: 44, 767: 722, 768: 484, 769: 778, 770: 540, 771: 456, 772: 694, 773: 708, 774: 470, 783: 750, 784: 512, 785: 282, 786: 44, 787: 470, 788: 708, 789: 44, 790: 282, 791: 750, 792: 512, 793: 44, 794: 282, 795: 750, 796: 512, 797: 456, 798: 694, 799: 750, 800: 512, 801: 44, 802: 282, 815: 44, 816: 282, 817: 750, 818: 512, 825: 282, 826: 44, 827: 456, 828: 694, 829: 484, 830: 722, 835: 484, 836: 722, 837: 750, 838: 512, 867: 540, 868: 778, 875: 708, 876: 470, 877: 722, 878: 484, 879: 750, 880: 512, 881: 750, 882: 512, 893: 708, 894: 470, 903: 254, 904: 16, 911: 778, 912: 540}
Correct solution!
Number of lables used:  20
Time taken: 0.40 seconds
Memory used: 44.48 MB
--------------------------------------------------

Trying with at most 19 labels...
Solution:
{13: 380, 14: 142, 15: 380, 16: 142, 23: 380, 24: 142, 49: 484, 50: 722, 51: 324, 52: 86, 53: 456, 54: 694, 67: 792, 68: 554, 69: 694, 70: 456, 79: 722, 80: 484, 81: 86, 82: 324, 83: 554, 84: 792, 85: 380, 86: 142, 103: 694, 104: 456, 105: 380, 106: 142, 117: 554, 118: 792, 119: 380, 120: 142, 127: 142, 128: 380, 129: 484, 130: 722, 143: 764, 144: 526, 145: 142, 146: 380, 151: 792, 152: 554, 153: 694, 154: 456, 155: 324, 156: 86, 157: 554, 158: 792, 179: 86, 180: 324, 181: 380, 182: 142, 183: 722, 184: 484, 191: 380, 192: 142, 193: 764, 194: 526, 205: 484, 206: 722, 209: 142, 210: 380, 211: 268, 212: 30, 213: 554, 214: 792, 215: 554, 216: 792, 217: 30, 218: 268, 233: 142, 234: 380, 235: 456, 236: 694, 237: 142, 238: 380, 261: 324, 262: 86, 263: 456, 264: 694, 265: 456, 266: 694, 267: 526, 268: 764, 269: 380, 270: 142, 271: 380, 272: 142, 273: 554, 274: 792, 275: 554, 276: 792, 277: 694, 278: 456, 281: 722, 282: 484, 283: 792, 284: 554, 285: 456, 286: 694, 287: 324, 288: 86, 289: 694, 290: 456, 291: 30, 292: 268, 293: 142, 294: 380, 295: 694, 296: 456, 299: 526, 300: 764, 301: 456, 302: 694, 303: 86, 304: 324, 305: 554, 306: 792, 307: 142, 308: 380, 309: 484, 310: 722, 311: 324, 312: 86, 313: 324, 314: 86, 321: 380, 322: 142, 323: 380, 324: 142, 325: 142, 326: 380, 327: 526, 328: 764, 329: 380, 330: 142, 339: 380, 340: 142, 341: 484, 342: 722, 343: 484, 344: 722, 345: 694, 346: 456, 347: 764, 348: 526, 349: 694, 350: 456, 351: 484, 352: 722, 355: 484, 356: 722, 357: 694, 358: 456, 359: 142, 360: 380, 361: 526, 362: 764, 363: 694, 364: 456, 365: 324, 366: 86, 367: 764, 368: 526, 369: 86, 370: 324, 371: 142, 372: 380, 375: 694, 376: 456, 377: 456, 378: 694, 383: 324, 384: 86, 387: 456, 388: 694, 397: 380, 398: 142, 401: 526, 402: 764, 405: 526, 406: 764, 435: 380, 436: 142, 439: 456, 440: 694, 449: 30, 450: 268, 471: 142, 472: 380, 475: 456, 476: 694, 477: 268, 478: 30, 481: 324, 482: 86, 491: 694, 492: 456, 493: 526, 494: 764, 495: 142, 496: 380, 517: 380, 518: 142, 519: 456, 520: 694, 525: 694, 526: 456, 533: 380, 534: 142, 535: 324, 536: 86, 547: 526, 548: 764, 555: 484, 556: 722, 557: 324, 558: 86, 559: 722, 560: 484, 561: 380, 562: 142, 563: 456, 564: 694, 565: 764, 566: 526, 573: 456, 574: 694, 575: 484, 576: 722, 577: 792, 578: 554, 579: 324, 580: 86, 581: 268, 582: 30, 583: 30, 584: 268, 585: 380, 586: 142, 587: 792, 588: 554, 589: 86, 590: 324, 591: 764, 592: 526, 593: 764, 594: 526, 595: 764, 596: 526, 597: 380, 598: 142, 599: 764, 600: 526, 601: 456, 602: 694, 603: 86, 604: 324, 605: 722, 606: 484, 607: 694, 608: 456, 613: 764, 614: 526, 615: 268, 616: 30, 617: 456, 618: 694, 619: 764, 620: 526, 621: 722, 622: 484, 623: 86, 624: 324, 625: 142, 626: 380, 629: 764, 630: 526, 631: 694, 632: 456, 633: 694, 634: 456, 635: 86, 636: 324, 637: 380, 638: 142, 639: 722, 640: 484, 641: 142, 642: 380, 643: 30, 644: 268, 645: 380, 646: 142, 651: 86, 652: 324, 653: 792, 654: 554, 661: 764, 662: 526, 663: 30, 664: 268, 665: 456, 666: 694, 667: 526, 668: 764, 671: 30, 672: 268, 713: 694, 714: 456, 715: 86, 716: 324, 717: 324, 718: 86, 719: 554, 720: 792, 721: 30, 722: 268, 723: 142, 724: 380, 725: 484, 726: 722, 727: 142, 728: 380, 733: 722, 734: 484, 741: 268, 742: 30, 743: 484, 744: 722, 745: 456, 746: 694, 747: 694, 748: 456, 757: 722, 758: 484, 759: 142, 760: 380, 763: 324, 764: 86, 765: 86, 766: 324, 767: 722, 768: 484, 769: 526, 770: 764, 771: 268, 772: 30, 773: 764, 774: 526, 783: 526, 784: 764, 785: 268, 786: 30, 787: 324, 788: 86, 789: 142, 790: 380, 791: 764, 792: 526, 793: 142, 794: 380, 795: 484, 796: 722, 797: 142, 798: 380, 799: 456, 800: 694, 801: 86, 802: 324, 815: 142, 816: 380, 817: 30, 818: 268, 825: 268, 826: 30, 827: 380, 828: 142, 829: 324, 830: 86, 835: 484, 836: 722, 837: 764, 838: 526, 867: 526, 868: 764, 875: 722, 876: 484, 877: 694, 878: 456, 879: 764, 880: 526, 881: 722, 882: 484, 893: 694, 894: 456, 903: 380, 904: 142, 911: 526, 912: 764}
Correct solution!
Number of lables used:  14
Time taken: 0.42 seconds
Memory used: 44.48 MB
--------------------------------------------------

Trying with at most 13 labels...
[runlim] sample:		10.0 time, 10.8 real, 68.6 MB
[runlim] sample:		20.0 time, 20.8 real, 60.8 MB
[runlim] sample:		30.0 time, 30.8 real, 73.2 MB
[runlim] sample:		40.0 time, 40.8 real, 74.1 MB
[runlim] sample:		50.0 time, 50.8 real, 75.2 MB
[runlim] sample:		60.0 time, 60.8 real, 76.3 MB
[runlim] sample:		70.0 time, 70.8 real, 76.7 MB
[runlim] sample:		80.0 time, 80.8 real, 78.0 MB
[runlim] sample:		90.0 time, 90.8 real, 78.0 MB
[runlim] sample:		100.0 time, 100.8 real, 78.6 MB
[runlim] sample:		110.0 time, 110.8 real, 94.2 MB
[runlim] sample:		120.0 time, 120.8 real, 96.9 MB
[runlim] sample:		130.0 time, 130.8 real, 96.9 MB
[runlim] sample:		140.0 time, 140.8 real, 96.9 MB
[runlim] sample:		150.0 time, 150.8 real, 96.9 MB
[runlim] sample:		160.0 time, 160.8 real, 96.9 MB
[runlim] sample:		170.0 time, 170.8 real, 97.1 MB
[runlim] sample:		180.0 time, 180.8 real, 97.4 MB
[runlim] sample:		190.0 time, 190.8 real, 97.6 MB
[runlim] sample:		200.0 time, 200.8 real, 97.6 MB
[runlim] sample:		210.0 time, 210.8 real, 98.0 MB
[runlim] sample:		220.0 time, 220.8 real, 98.2 MB
[runlim] sample:		230.0 time, 230.8 real, 98.2 MB
[runlim] sample:		240.0 time, 240.8 real, 98.6 MB
[runlim] sample:		250.0 time, 250.8 real, 99.7 MB
[runlim] sample:		260.0 time, 260.8 real, 99.7 MB
Cannot find solution.
No more solutions found.
Optimal number of labels used:  14
Time taken: 266.96 seconds
[runlim] end:			Mon Jan 12 08:17:22 2026
[runlim] status:		ok
[runlim] result:		0
[runlim] children:		0
[runlim] real:			267.78 seconds
[runlim] time:			266.98 seconds
[runlim] space:			99.7 MB
[runlim] samples:		2670
