[runlim] version:		1.10
[runlim] time limit:		311040000 seconds
[runlim] real time limit:	900 seconds
[runlim] space limit:		8000 MB
[runlim] argv[0]:		python3
[runlim] argv[1]:		-u
[runlim] argv[2]:		main.py
[runlim] argv[3]:		scen02
[runlim] argv[4]:		tot
[runlim] argv[5]:		assumptions
[runlim] start:			Mon Jan 12 08:12:30 2026
[runlim] main pid:		178001
Solve first problem:
Solution:
{13: 268, 14: 30, 15: 268, 16: 30, 53: 268, 54: 30, 79: 254, 80: 16, 81: 268, 82: 30, 83: 680, 84: 442, 85: 352, 86: 114, 127: 352, 128: 114, 129: 254, 130: 16, 143: 254, 144: 16, 145: 254, 146: 16, 205: 254, 206: 16, 233: 666, 234: 428, 235: 338, 236: 100, 237: 352, 238: 114, 261: 254, 262: 16, 263: 352, 264: 114, 265: 338, 266: 100, 267: 254, 268: 16, 269: 352, 270: 114, 271: 352, 272: 114, 273: 44, 274: 282, 275: 44, 276: 282, 277: 352, 278: 114, 281: 268, 282: 30, 283: 282, 284: 44, 289: 254, 290: 16, 291: 324, 292: 86, 303: 666, 304: 428, 305: 338, 306: 100, 321: 156, 322: 394, 323: 254, 324: 16, 325: 666, 326: 428, 327: 338, 328: 100, 329: 254, 330: 16, 341: 30, 342: 268, 343: 30, 344: 268, 349: 338, 350: 100, 351: 30, 352: 268, 435: 296, 436: 58, 475: 282, 476: 44, 481: 268, 482: 30, 517: 268, 518: 30, 519: 338, 520: 100, 555: 128, 556: 366, 557: 666, 558: 428, 559: 58, 560: 296, 561: 366, 562: 128, 565: 100, 566: 338, 577: 324, 578: 86, 579: 352, 580: 114, 583: 666, 584: 428, 585: 324, 586: 86, 587: 254, 588: 16, 589: 366, 590: 128, 591: 352, 592: 114, 593: 114, 594: 352, 595: 296, 596: 58, 597: 268, 598: 30, 599: 142, 600: 380, 601: 282, 602: 44, 603: 268, 604: 30, 605: 268, 606: 30, 607: 338, 608: 100, 613: 100, 614: 338, 615: 282, 616: 44, 617: 268, 618: 30, 621: 338, 622: 100, 625: 268, 626: 30, 629: 282, 630: 44, 631: 268, 632: 30, 633: 282, 634: 44, 635: 268, 636: 30, 645: 296, 646: 58, 651: 254, 652: 16, 661: 254, 662: 16, 663: 394, 664: 156, 665: 366, 666: 128, 667: 254, 668: 16, 713: 352, 714: 114, 717: 44, 718: 282, 719: 394, 720: 156, 721: 324, 722: 86, 723: 254, 724: 16, 743: 44, 744: 282, 745: 268, 746: 30, 747: 324, 748: 86, 763: 268, 764: 30, 765: 254, 766: 16, 767: 296, 768: 58, 785: 254, 786: 16, 787: 268, 788: 30, 789: 338, 790: 100, 791: 268, 792: 30, 793: 338, 794: 100, 795: 268, 796: 30, 797: 352, 798: 114, 799: 282, 800: 44, 801: 268, 802: 30, 879: 268, 880: 30}
Correct solution!
Number of lables used:  24
Time taken: 0.18 seconds
Memory used: 31.09 MB
--------------------------------------------------

Trying with at most 23 labels...
Solution:
{13: 512, 14: 750, 15: 512, 16: 750, 53: 652, 54: 414, 79: 394, 80: 156, 81: 722, 82: 484, 83: 722, 84: 484, 85: 652, 86: 414, 127: 652, 128: 414, 129: 352, 130: 114, 143: 722, 144: 484, 145: 722, 146: 484, 205: 680, 206: 442, 233: 442, 234: 680, 235: 512, 236: 750, 237: 736, 238: 498, 261: 394, 262: 156, 263: 156, 264: 394, 265: 352, 266: 114, 267: 414, 268: 652, 269: 554, 270: 792, 271: 554, 272: 792, 273: 652, 274: 414, 275: 652, 276: 414, 277: 554, 278: 792, 281: 352, 282: 114, 283: 414, 284: 652, 289: 414, 290: 652, 291: 722, 292: 484, 303: 394, 304: 156, 305: 750, 306: 512, 321: 470, 322: 708, 323: 540, 324: 778, 325: 652, 326: 414, 327: 114, 328: 352, 329: 394, 330: 156, 341: 114, 342: 352, 343: 114, 344: 352, 349: 750, 350: 512, 351: 484, 352: 722, 435: 512, 436: 750, 475: 526, 476: 764, 481: 540, 482: 778, 517: 540, 518: 778, 519: 512, 520: 750, 555: 778, 556: 540, 557: 498, 558: 736, 559: 512, 560: 750, 561: 778, 562: 540, 565: 352, 566: 114, 577: 394, 578: 156, 579: 394, 580: 156, 583: 470, 584: 708, 585: 652, 586: 414, 587: 394, 588: 156, 589: 394, 590: 156, 591: 736, 592: 498, 593: 484, 594: 722, 595: 750, 596: 512, 597: 442, 598: 680, 599: 484, 600: 722, 601: 442, 602: 680, 603: 764, 604: 526, 605: 764, 606: 526, 607: 498, 608: 736, 613: 470, 614: 708, 615: 750, 616: 512, 617: 764, 618: 526, 621: 764, 622: 526, 625: 498, 626: 736, 629: 470, 630: 708, 631: 778, 632: 540, 633: 764, 634: 526, 635: 778, 636: 540, 645: 394, 646: 156, 651: 394, 652: 156, 661: 750, 662: 512, 663: 394, 664: 156, 665: 792, 666: 554, 667: 394, 668: 156, 713: 554, 714: 792, 717: 652, 718: 414, 719: 114, 720: 352, 721: 394, 722: 156, 723: 722, 724: 484, 743: 680, 744: 442, 745: 778, 746: 540, 747: 778, 748: 540, 763: 764, 764: 526, 765: 394, 766: 156, 767: 156, 768: 394, 785: 792, 786: 554, 787: 750, 788: 512, 789: 540, 790: 778, 791: 470, 792: 708, 793: 764, 794: 526, 795: 498, 796: 736, 797: 778, 798: 540, 799: 498, 800: 736, 801: 484, 802: 722, 879: 764, 880: 526}
Correct solution!
Number of lables used:  22
Time taken: 0.20 seconds
Memory used: 32.09 MB
--------------------------------------------------

Trying with at most 21 labels...
Solution:
{13: 512, 14: 750, 15: 512, 16: 750, 53: 652, 54: 414, 79: 394, 80: 156, 81: 722, 82: 484, 83: 722, 84: 484, 85: 652, 86: 414, 127: 652, 128: 414, 129: 352, 130: 114, 143: 722, 144: 484, 145: 722, 146: 484, 205: 722, 206: 484, 233: 442, 234: 680, 235: 512, 236: 750, 237: 736, 238: 498, 261: 394, 262: 156, 263: 156, 264: 394, 265: 352, 266: 114, 267: 414, 268: 652, 269: 554, 270: 792, 271: 554, 272: 792, 273: 652, 274: 414, 275: 652, 276: 414, 277: 554, 278: 792, 281: 352, 282: 114, 283: 414, 284: 652, 289: 414, 290: 652, 291: 722, 292: 484, 303: 394, 304: 156, 305: 750, 306: 512, 321: 470, 322: 708, 323: 540, 324: 778, 325: 652, 326: 414, 327: 114, 328: 352, 329: 394, 330: 156, 341: 114, 342: 352, 343: 114, 344: 352, 349: 750, 350: 512, 351: 484, 352: 722, 435: 512, 436: 750, 475: 680, 476: 442, 481: 540, 482: 778, 517: 540, 518: 778, 519: 512, 520: 750, 555: 778, 556: 540, 557: 498, 558: 736, 559: 512, 560: 750, 561: 708, 562: 470, 565: 352, 566: 114, 577: 394, 578: 156, 579: 394, 580: 156, 583: 470, 584: 708, 585: 652, 586: 414, 587: 394, 588: 156, 589: 394, 590: 156, 591: 736, 592: 498, 593: 484, 594: 722, 595: 750, 596: 512, 597: 442, 598: 680, 599: 484, 600: 722, 601: 442, 602: 680, 603: 778, 604: 540, 605: 750, 606: 512, 607: 498, 608: 736, 613: 470, 614: 708, 615: 750, 616: 512, 617: 442, 618: 680, 621: 778, 622: 540, 625: 498, 626: 736, 629: 470, 630: 708, 631: 778, 632: 540, 633: 750, 634: 512, 635: 778, 636: 540, 645: 394, 646: 156, 651: 394, 652: 156, 661: 750, 662: 512, 663: 394, 664: 156, 665: 792, 666: 554, 667: 394, 668: 156, 713: 554, 714: 792, 717: 652, 718: 414, 719: 114, 720: 352, 721: 394, 722: 156, 723: 722, 724: 484, 743: 680, 744: 442, 745: 778, 746: 540, 747: 778, 748: 540, 763: 750, 764: 512, 765: 394, 766: 156, 767: 156, 768: 394, 785: 792, 786: 554, 787: 750, 788: 512, 789: 540, 790: 778, 791: 470, 792: 708, 793: 750, 794: 512, 795: 498, 796: 736, 797: 778, 798: 540, 799: 498, 800: 736, 801: 484, 802: 722, 879: 778, 880: 540}
Correct solution!
Number of lables used:  20
Time taken: 0.20 seconds
Memory used: 32.21 MB
--------------------------------------------------

Trying with at most 19 labels...
Solution:
{13: 470, 14: 708, 15: 114, 16: 352, 53: 652, 54: 414, 79: 394, 80: 156, 81: 722, 82: 484, 83: 722, 84: 484, 85: 652, 86: 414, 127: 652, 128: 414, 129: 352, 130: 114, 143: 722, 144: 484, 145: 722, 146: 484, 205: 722, 206: 484, 233: 442, 234: 680, 235: 540, 236: 778, 237: 736, 238: 498, 261: 394, 262: 156, 263: 156, 264: 394, 265: 352, 266: 114, 267: 414, 268: 652, 269: 554, 270: 792, 271: 554, 272: 792, 273: 652, 274: 414, 275: 652, 276: 414, 277: 554, 278: 792, 281: 352, 282: 114, 283: 414, 284: 652, 289: 414, 290: 652, 291: 722, 292: 484, 303: 394, 304: 156, 305: 722, 306: 484, 321: 470, 322: 708, 323: 540, 324: 778, 325: 652, 326: 414, 327: 114, 328: 352, 329: 394, 330: 156, 341: 114, 342: 352, 343: 114, 344: 352, 349: 722, 350: 484, 351: 470, 352: 708, 435: 680, 436: 442, 475: 708, 476: 470, 481: 540, 482: 778, 517: 540, 518: 778, 519: 736, 520: 498, 555: 778, 556: 540, 557: 498, 558: 736, 559: 484, 560: 722, 561: 352, 562: 114, 565: 352, 566: 114, 577: 394, 578: 156, 579: 394, 580: 156, 583: 470, 584: 708, 585: 652, 586: 414, 587: 394, 588: 156, 589: 394, 590: 156, 591: 736, 592: 498, 593: 484, 594: 722, 595: 114, 596: 352, 597: 442, 598: 680, 599: 484, 600: 722, 601: 708, 602: 470, 603: 778, 604: 540, 605: 778, 606: 540, 607: 498, 608: 736, 613: 470, 614: 708, 615: 708, 616: 470, 617: 736, 618: 498, 621: 778, 622: 540, 625: 498, 626: 736, 629: 470, 630: 708, 631: 778, 632: 540, 633: 722, 634: 484, 635: 778, 636: 540, 645: 394, 646: 156, 651: 394, 652: 156, 661: 792, 662: 554, 663: 394, 664: 156, 665: 792, 666: 554, 667: 394, 668: 156, 713: 554, 714: 792, 717: 652, 718: 414, 719: 114, 720: 352, 721: 394, 722: 156, 723: 722, 724: 484, 743: 680, 744: 442, 745: 778, 746: 540, 747: 778, 748: 540, 763: 778, 764: 540, 765: 394, 766: 156, 767: 156, 768: 394, 785: 792, 786: 554, 787: 722, 788: 484, 789: 540, 790: 778, 791: 470, 792: 708, 793: 722, 794: 484, 795: 498, 796: 736, 797: 778, 798: 540, 799: 498, 800: 736, 801: 470, 802: 708, 879: 778, 880: 540}
Correct solution!
Number of lables used:  18
Time taken: 0.20 seconds
Memory used: 32.21 MB
--------------------------------------------------

Trying with at most 17 labels...
Solution:
{13: 470, 14: 708, 15: 114, 16: 352, 53: 652, 54: 414, 79: 394, 80: 156, 81: 722, 82: 484, 83: 736, 84: 498, 85: 394, 86: 156, 127: 652, 128: 414, 129: 352, 130: 114, 143: 722, 144: 484, 145: 722, 146: 484, 205: 722, 206: 484, 233: 470, 234: 708, 235: 540, 236: 778, 237: 736, 238: 498, 261: 394, 262: 156, 263: 156, 264: 394, 265: 352, 266: 114, 267: 414, 268: 652, 269: 554, 270: 792, 271: 554, 272: 792, 273: 652, 274: 414, 275: 652, 276: 414, 277: 554, 278: 792, 281: 352, 282: 114, 283: 414, 284: 652, 289: 414, 290: 652, 291: 722, 292: 484, 303: 394, 304: 156, 305: 722, 306: 484, 321: 470, 322: 708, 323: 540, 324: 778, 325: 652, 326: 414, 327: 114, 328: 352, 329: 652, 330: 414, 341: 114, 342: 352, 343: 114, 344: 352, 349: 722, 350: 484, 351: 114, 352: 352, 435: 722, 436: 484, 475: 708, 476: 470, 481: 778, 482: 540, 517: 540, 518: 778, 519: 736, 520: 498, 555: 778, 556: 540, 557: 498, 558: 736, 559: 484, 560: 722, 561: 778, 562: 540, 565: 352, 566: 114, 577: 652, 578: 414, 579: 394, 580: 156, 583: 470, 584: 708, 585: 652, 586: 414, 587: 394, 588: 156, 589: 394, 590: 156, 591: 736, 592: 498, 593: 540, 594: 778, 595: 114, 596: 352, 597: 470, 598: 708, 599: 484, 600: 722, 601: 708, 602: 470, 603: 778, 604: 540, 605: 736, 606: 498, 607: 498, 608: 736, 613: 484, 614: 722, 615: 708, 616: 470, 617: 736, 618: 498, 621: 722, 622: 484, 625: 498, 626: 736, 629: 470, 630: 708, 631: 352, 632: 114, 633: 722, 634: 484, 635: 778, 636: 540, 645: 394, 646: 156, 651: 394, 652: 156, 661: 792, 662: 554, 663: 394, 664: 156, 665: 792, 666: 554, 667: 394, 668: 156, 713: 554, 714: 792, 717: 652, 718: 414, 719: 114, 720: 352, 721: 394, 722: 156, 723: 722, 724: 484, 743: 708, 744: 470, 745: 778, 746: 540, 747: 778, 748: 540, 763: 778, 764: 540, 765: 114, 766: 352, 767: 156, 768: 394, 785: 414, 786: 652, 787: 722, 788: 484, 789: 540, 790: 778, 791: 470, 792: 708, 793: 722, 794: 484, 795: 498, 796: 736, 797: 778, 798: 540, 799: 484, 800: 722, 801: 114, 802: 352, 879: 778, 880: 540}
Correct solution!
Number of lables used:  16
Time taken: 0.21 seconds
Memory used: 32.21 MB
--------------------------------------------------

Trying with at most 15 labels...
Solution:
{13: 470, 14: 708, 15: 554, 16: 792, 53: 652, 54: 414, 79: 708, 80: 470, 81: 722, 82: 484, 83: 736, 84: 498, 85: 352, 86: 114, 127: 652, 128: 414, 129: 352, 130: 114, 143: 470, 144: 708, 145: 470, 146: 708, 205: 722, 206: 484, 233: 470, 234: 708, 235: 540, 236: 778, 237: 736, 238: 498, 261: 352, 262: 114, 263: 708, 264: 470, 265: 778, 266: 540, 267: 414, 268: 652, 269: 554, 270: 792, 271: 554, 272: 792, 273: 652, 274: 414, 275: 652, 276: 414, 277: 554, 278: 792, 281: 352, 282: 114, 283: 414, 284: 652, 289: 484, 290: 722, 291: 652, 292: 414, 303: 352, 304: 114, 305: 722, 306: 484, 321: 470, 322: 708, 323: 540, 324: 778, 325: 652, 326: 414, 327: 554, 328: 792, 329: 652, 330: 414, 341: 114, 342: 352, 343: 114, 344: 352, 349: 722, 350: 484, 351: 114, 352: 352, 435: 722, 436: 484, 475: 708, 476: 470, 481: 778, 482: 540, 517: 540, 518: 778, 519: 736, 520: 498, 555: 778, 556: 540, 557: 352, 558: 114, 559: 484, 560: 722, 561: 778, 562: 540, 565: 540, 566: 778, 577: 652, 578: 414, 579: 352, 580: 114, 583: 470, 584: 708, 585: 792, 586: 554, 587: 352, 588: 114, 589: 470, 590: 708, 591: 736, 592: 498, 593: 540, 594: 778, 595: 352, 596: 114, 597: 470, 598: 708, 599: 484, 600: 722, 601: 708, 602: 470, 603: 736, 604: 498, 605: 736, 606: 498, 607: 498, 608: 736, 613: 484, 614: 722, 615: 708, 616: 470, 617: 736, 618: 498, 621: 722, 622: 484, 625: 498, 626: 736, 629: 470, 630: 708, 631: 352, 632: 114, 633: 722, 634: 484, 635: 736, 636: 498, 645: 352, 646: 114, 651: 652, 652: 414, 661: 792, 662: 554, 663: 414, 664: 652, 665: 736, 666: 498, 667: 652, 668: 414, 713: 554, 714: 792, 717: 652, 718: 414, 719: 114, 720: 352, 721: 540, 722: 778, 723: 470, 724: 708, 743: 114, 744: 352, 745: 708, 746: 470, 747: 778, 748: 540, 763: 778, 764: 540, 765: 652, 766: 414, 767: 414, 768: 652, 785: 554, 786: 792, 787: 722, 788: 484, 789: 540, 790: 778, 791: 470, 792: 708, 793: 736, 794: 498, 795: 484, 796: 722, 797: 778, 798: 540, 799: 484, 800: 722, 801: 114, 802: 352, 879: 778, 880: 540}
Correct solution!
Number of lables used:  14
Time taken: 0.21 seconds
Memory used: 32.21 MB
--------------------------------------------------

Trying with at most 13 labels...
[runlim] sample:		10.0 time, 10.9 real, 52.5 MB
[runlim] sample:		20.0 time, 20.9 real, 53.0 MB
Cannot find solution.
No more solutions found.
Optimal number of labels used:  14
Time taken: 24.75 seconds
[runlim] end:			Mon Jan 12 08:12:55 2026
[runlim] status:		ok
[runlim] result:		0
[runlim] children:		0
[runlim] real:			25.75 seconds
[runlim] time:			24.78 seconds
[runlim] space:			62.8 MB
[runlim] samples:		248
