[runlim] version:		1.10
[runlim] time limit:		311040000 seconds
[runlim] real time limit:	900 seconds
[runlim] space limit:		8000 MB
[runlim] argv[0]:		python3
[runlim] argv[1]:		-u
[runlim] argv[2]:		main.py
[runlim] argv[3]:		graph08
[runlim] argv[4]:		tot
[runlim] argv[5]:		assumptions
[runlim] argv[6]:		glucose4
[runlim] start:			Thu Jan 15 01:55:00 2026
[runlim] main pid:		93377
Solve first problem:
Solution:
{1: 324, 2: 86, 3: 652, 4: 414, 5: 324, 6: 86, 7: 352, 8: 114, 9: 366, 10: 128, 11: 380, 12: 142, 13: 380, 14: 142, 15: 652, 16: 414, 17: 652, 18: 414, 19: 352, 20: 114, 21: 380, 22: 142, 23: 380, 24: 142, 25: 114, 26: 352, 27: 30, 28: 268, 29: 310, 30: 72, 31: 652, 32: 414, 33: 254, 34: 16, 35: 142, 36: 380, 37: 478, 38: 240, 39: 652, 40: 414, 41: 792, 42: 554, 43: 352, 44: 114, 45: 310, 46: 72, 47: 296, 48: 58, 49: 86, 50: 324, 51: 408, 52: 170, 53: 30, 54: 268, 55: 338, 56: 100, 57: 652, 58: 414, 59: 366, 60: 128, 61: 352, 62: 114, 63: 394, 64: 156, 65: 114, 66: 352, 67: 352, 68: 114, 69: 254, 70: 16, 71: 352, 72: 114, 73: 652, 74: 414, 75: 338, 76: 100, 77: 254, 78: 16, 79: 694, 80: 456, 81: 324, 82: 86, 83: 324, 84: 86, 85: 282, 86: 44, 87: 142, 88: 380, 89: 338, 90: 100, 91: 380, 92: 142, 93: 58, 94: 296, 95: 268, 96: 30, 97: 86, 98: 324, 99: 268, 100: 30, 101: 296, 102: 58, 103: 86, 104: 324, 105: 296, 106: 58, 107: 254, 108: 16, 109: 750, 110: 512, 111: 282, 112: 44, 113: 254, 114: 16, 115: 254, 116: 16, 117: 380, 118: 142, 119: 254, 120: 16, 121: 666, 122: 428, 123: 296, 124: 58, 125: 380, 126: 142, 127: 338, 128: 100, 129: 142, 130: 380, 131: 282, 132: 44, 133: 380, 134: 142, 135: 296, 136: 58, 137: 478, 138: 240, 139: 296, 140: 58, 141: 100, 142: 338, 143: 58, 144: 296, 145: 394, 146: 156, 147: 72, 148: 310, 149: 764, 150: 526, 151: 324, 152: 86, 153: 16, 154: 254, 155: 708, 156: 470, 157: 282, 158: 44, 159: 722, 160: 484, 161: 310, 162: 72, 163: 296, 164: 58, 165: 338, 166: 100, 167: 512, 168: 750, 169: 114, 170: 352, 171: 156, 172: 394, 173: 114, 174: 352, 175: 352, 176: 114, 177: 58, 178: 296, 179: 680, 180: 442, 181: 282, 182: 44, 183: 254, 184: 16, 185: 652, 186: 414, 187: 268, 188: 30, 189: 254, 190: 16, 191: 128, 192: 366, 193: 792, 194: 554, 195: 778, 196: 540, 197: 254, 198: 16, 199: 324, 200: 86, 201: 296, 202: 58, 203: 324, 204: 86, 205: 296, 206: 58, 207: 764, 208: 526, 209: 254, 210: 16, 211: 666, 212: 428, 213: 764, 214: 526, 215: 778, 216: 540, 217: 142, 218: 380, 219: 736, 220: 498, 221: 352, 222: 114, 223: 310, 224: 72, 225: 394, 226: 156, 227: 86, 228: 324, 229: 310, 230: 72, 231: 338, 232: 100, 233: 722, 234: 484, 235: 366, 236: 128, 237: 680, 238: 442, 239: 324, 240: 86, 241: 268, 242: 30, 243: 254, 244: 16, 245: 708, 246: 470, 247: 156, 248: 394, 249: 310, 250: 72, 251: 254, 252: 16, 253: 478, 254: 240, 255: 352, 256: 114, 257: 296, 258: 58, 259: 680, 260: 442, 261: 366, 262: 128, 263: 394, 264: 156, 265: 268, 266: 30, 267: 352, 268: 114, 269: 338, 270: 100, 271: 324, 272: 86, 273: 296, 274: 58, 275: 394, 276: 156, 277: 268, 278: 30, 279: 666, 280: 428, 281: 380, 282: 142, 283: 268, 284: 30, 285: 114, 286: 352, 287: 338, 288: 100, 289: 366, 290: 128, 291: 394, 292: 156, 293: 338, 294: 100, 295: 764, 296: 526, 297: 156, 298: 394, 299: 324, 300: 86, 301: 352, 302: 114, 303: 680, 304: 442, 305: 324, 306: 86, 307: 254, 308: 16, 309: 30, 310: 268, 311: 366, 312: 128, 313: 380, 314: 142, 315: 666, 316: 428, 317: 254, 318: 16, 319: 380, 320: 142, 321: 142, 322: 380, 323: 268, 324: 30, 325: 366, 326: 128, 327: 310, 328: 72, 329: 324, 330: 86, 331: 380, 332: 142, 333: 778, 334: 540, 335: 58, 336: 296, 337: 170, 338: 408, 339: 268, 340: 30, 341: 380, 342: 142, 343: 380, 344: 142, 345: 324, 346: 86, 347: 268, 348: 30, 349: 764, 350: 526, 351: 254, 352: 16, 353: 310, 354: 72, 355: 296, 356: 58, 357: 324, 358: 86, 359: 380, 360: 142, 361: 30, 362: 268, 363: 310, 364: 72, 365: 254, 366: 16, 367: 254, 368: 16, 369: 296, 370: 58, 371: 380, 372: 142, 373: 408, 374: 170, 375: 254, 376: 16, 377: 666, 378: 428, 379: 268, 380: 30, 381: 128, 382: 366, 383: 254, 384: 16, 385: 380, 386: 142, 387: 708, 388: 470, 389: 680, 390: 442, 391: 296, 392: 58, 393: 680, 394: 442, 395: 324, 396: 86, 397: 296, 398: 58, 399: 296, 400: 58, 401: 708, 402: 470, 403: 268, 404: 30, 405: 254, 406: 16, 407: 296, 408: 58, 409: 296, 410: 58, 411: 268, 412: 30, 413: 652, 414: 414, 415: 366, 416: 128, 417: 366, 418: 128, 419: 296, 420: 58, 421: 380, 422: 142, 423: 750, 424: 512, 425: 268, 426: 30, 427: 310, 428: 72, 429: 324, 430: 86, 431: 254, 432: 16, 433: 114, 434: 352, 435: 338, 436: 100, 437: 310, 438: 72, 439: 708, 440: 470, 441: 268, 442: 30, 443: 254, 444: 16, 445: 156, 446: 394, 447: 764, 448: 526, 449: 310, 450: 72, 451: 324, 452: 86, 453: 310, 454: 72, 455: 268, 456: 30, 457: 268, 458: 30, 459: 324, 460: 86, 461: 268, 462: 30, 463: 296, 464: 58, 465: 282, 466: 44, 467: 310, 468: 72, 469: 268, 470: 30, 471: 268, 472: 30, 473: 478, 474: 240, 475: 268, 476: 30, 477: 380, 478: 142, 479: 254, 480: 16, 481: 708, 482: 470, 483: 666, 484: 428, 485: 296, 486: 58, 487: 338, 488: 100, 489: 352, 490: 114, 491: 310, 492: 72, 493: 296, 494: 58, 495: 254, 496: 16, 497: 666, 498: 428, 499: 324, 500: 86, 501: 736, 502: 498, 503: 282, 504: 44, 505: 142, 506: 380, 507: 310, 508: 72, 509: 282, 510: 44, 511: 708, 512: 470, 513: 296, 514: 58, 515: 254, 516: 16, 517: 394, 518: 156, 519: 296, 520: 58, 521: 366, 522: 128, 523: 254, 524: 16, 525: 254, 526: 16, 527: 666, 528: 428, 529: 352, 530: 114, 531: 282, 532: 44, 533: 408, 534: 170, 535: 268, 536: 30, 537: 86, 538: 324, 539: 254, 540: 16, 541: 268, 542: 30, 543: 394, 544: 156, 545: 366, 546: 128, 547: 254, 548: 16, 549: 268, 550: 30, 551: 268, 552: 30, 553: 324, 554: 86, 555: 324, 556: 86, 557: 254, 558: 16, 559: 268, 560: 30, 561: 254, 562: 16, 563: 366, 564: 128, 565: 694, 566: 456, 567: 282, 568: 44, 569: 268, 570: 30, 571: 268, 572: 30, 573: 324, 574: 86, 575: 296, 576: 58, 577: 338, 578: 100, 579: 282, 580: 44, 581: 324, 582: 86, 583: 254, 584: 16, 585: 254, 586: 16, 587: 380, 588: 142, 589: 366, 590: 128, 591: 380, 592: 142, 593: 268, 594: 30, 595: 254, 596: 16, 597: 310, 598: 72, 599: 338, 600: 100, 601: 352, 602: 114, 603: 268, 604: 30, 605: 310, 606: 72, 607: 254, 608: 16, 609: 268, 610: 30, 611: 254, 612: 16, 613: 268, 614: 30, 615: 380, 616: 142, 617: 408, 618: 170, 619: 666, 620: 428, 621: 366, 622: 128, 623: 254, 624: 16, 625: 380, 626: 142, 627: 324, 628: 86, 629: 296, 630: 58, 631: 338, 632: 100, 633: 268, 634: 30, 635: 296, 636: 58, 637: 282, 638: 44, 639: 338, 640: 100, 641: 282, 642: 44, 643: 254, 644: 16, 645: 338, 646: 100, 647: 254, 648: 16, 649: 254, 650: 16, 651: 268, 652: 30, 653: 282, 654: 44, 655: 268, 656: 30, 657: 282, 658: 44, 659: 324, 660: 86, 661: 310, 662: 72, 663: 268, 664: 30, 665: 254, 666: 16, 667: 282, 668: 44, 669: 268, 670: 30, 671: 254, 672: 16, 673: 268, 674: 30, 675: 254, 676: 16, 677: 296, 678: 58, 679: 254, 680: 16}
Correct solution!
Number of lables used:  48
Time taken: 0.59 seconds
Memory used: 53.60 MB
--------------------------------------------------

Trying with at most 47 labels...
Solution:
{1: 338, 2: 100, 3: 652, 4: 414, 5: 254, 6: 16, 7: 338, 8: 100, 9: 100, 10: 338, 11: 170, 12: 408, 13: 408, 14: 170, 15: 652, 16: 414, 17: 540, 18: 778, 19: 792, 20: 554, 21: 414, 22: 652, 23: 254, 24: 16, 25: 100, 26: 338, 27: 16, 28: 254, 29: 652, 30: 414, 31: 708, 32: 470, 33: 254, 34: 16, 35: 296, 36: 58, 37: 478, 38: 240, 39: 652, 40: 414, 41: 708, 42: 470, 43: 338, 44: 100, 45: 100, 46: 338, 47: 296, 48: 58, 49: 16, 50: 254, 51: 408, 52: 170, 53: 16, 54: 254, 55: 338, 56: 100, 57: 736, 58: 498, 59: 338, 60: 100, 61: 254, 62: 16, 63: 338, 64: 100, 65: 652, 66: 414, 67: 296, 68: 58, 69: 100, 70: 338, 71: 470, 72: 708, 73: 736, 74: 498, 75: 652, 76: 414, 77: 296, 78: 58, 79: 554, 80: 792, 81: 792, 82: 554, 83: 338, 84: 100, 85: 338, 86: 100, 87: 708, 88: 470, 89: 652, 90: 414, 91: 708, 92: 470, 93: 540, 94: 778, 95: 58, 96: 296, 97: 296, 98: 58, 99: 652, 100: 414, 101: 296, 102: 58, 103: 652, 104: 414, 105: 338, 106: 100, 107: 254, 108: 16, 109: 296, 110: 58, 111: 708, 112: 470, 113: 254, 114: 16, 115: 254, 116: 16, 117: 408, 118: 170, 119: 254, 120: 16, 121: 708, 122: 470, 123: 58, 124: 296, 125: 414, 126: 652, 127: 296, 128: 58, 129: 170, 130: 408, 131: 652, 132: 414, 133: 254, 134: 16, 135: 296, 136: 58, 137: 240, 138: 478, 139: 708, 140: 470, 141: 254, 142: 16, 143: 58, 144: 296, 145: 736, 146: 498, 147: 708, 148: 470, 149: 708, 150: 470, 151: 652, 152: 414, 153: 736, 154: 498, 155: 554, 156: 792, 157: 778, 158: 540, 159: 58, 160: 296, 161: 708, 162: 470, 163: 296, 164: 58, 165: 652, 166: 414, 167: 792, 168: 554, 169: 338, 170: 100, 171: 100, 172: 338, 173: 484, 174: 722, 175: 708, 176: 470, 177: 708, 178: 470, 179: 652, 180: 414, 181: 296, 182: 58, 183: 16, 184: 254, 185: 498, 186: 736, 187: 722, 188: 484, 189: 652, 190: 414, 191: 722, 192: 484, 193: 540, 194: 778, 195: 254, 196: 16, 197: 414, 198: 652, 199: 512, 200: 750, 201: 792, 202: 554, 203: 708, 204: 470, 205: 792, 206: 554, 207: 498, 208: 736, 209: 254, 210: 16, 211: 498, 212: 736, 213: 296, 214: 58, 215: 484, 216: 722, 217: 296, 218: 58, 219: 470, 220: 708, 221: 652, 222: 414, 223: 652, 224: 414, 225: 708, 226: 470, 227: 778, 228: 540, 229: 708, 230: 470, 231: 652, 232: 414, 233: 750, 234: 512, 235: 750, 236: 512, 237: 722, 238: 484, 239: 652, 240: 414, 241: 58, 242: 296, 243: 254, 244: 16, 245: 540, 246: 778, 247: 652, 248: 414, 249: 58, 250: 296, 251: 254, 252: 16, 253: 478, 254: 240, 255: 708, 256: 470, 257: 652, 258: 414, 259: 498, 260: 736, 261: 338, 262: 100, 263: 750, 264: 512, 265: 708, 266: 470, 267: 708, 268: 470, 269: 100, 270: 338, 271: 100, 272: 338, 273: 652, 274: 414, 275: 778, 276: 540, 277: 708, 278: 470, 279: 722, 280: 484, 281: 652, 282: 414, 283: 100, 284: 338, 285: 652, 286: 414, 287: 554, 288: 792, 289: 708, 290: 470, 291: 338, 292: 100, 293: 58, 294: 296, 295: 512, 296: 750, 297: 652, 298: 414, 299: 338, 300: 100, 301: 554, 302: 792, 303: 722, 304: 484, 305: 778, 306: 540, 307: 338, 308: 100, 309: 652, 310: 414, 311: 58, 312: 296, 313: 408, 314: 170, 315: 652, 316: 414, 317: 254, 318: 16, 319: 170, 320: 408, 321: 792, 322: 554, 323: 708, 324: 470, 325: 708, 326: 470, 327: 722, 328: 484, 329: 338, 330: 100, 331: 478, 332: 240, 333: 736, 334: 498, 335: 58, 336: 296, 337: 478, 338: 240, 339: 338, 340: 100, 341: 16, 342: 254, 343: 170, 344: 408, 345: 778, 346: 540, 347: 100, 348: 338, 349: 792, 350: 554, 351: 338, 352: 100, 353: 338, 354: 100, 355: 16, 356: 254, 357: 58, 358: 296, 359: 478, 360: 240, 361: 708, 362: 470, 363: 338, 364: 100, 365: 58, 366: 296, 367: 296, 368: 58, 369: 338, 370: 100, 371: 478, 372: 240, 373: 408, 374: 170, 375: 16, 376: 254, 377: 708, 378: 470, 379: 296, 380: 58, 381: 750, 382: 512, 383: 254, 384: 16, 385: 708, 386: 470, 387: 722, 388: 484, 389: 792, 390: 554, 391: 58, 392: 296, 393: 512, 394: 750, 395: 254, 396: 16, 397: 58, 398: 296, 399: 484, 400: 722, 401: 254, 402: 16, 403: 338, 404: 100, 405: 254, 406: 16, 407: 296, 408: 58, 409: 296, 410: 58, 411: 296, 412: 58, 413: 652, 414: 414, 415: 652, 416: 414, 417: 58, 418: 296, 419: 296, 420: 58, 421: 170, 422: 408, 423: 296, 424: 58, 425: 100, 426: 338, 427: 338, 428: 100, 429: 778, 430: 540, 431: 254, 432: 16, 433: 540, 434: 778, 435: 414, 436: 652, 437: 652, 438: 414, 439: 736, 440: 498, 441: 708, 442: 470, 443: 254, 444: 16, 445: 652, 446: 414, 447: 540, 448: 778, 449: 100, 450: 338, 451: 708, 452: 470, 453: 750, 454: 512, 455: 652, 456: 414, 457: 722, 458: 484, 459: 750, 460: 512, 461: 484, 462: 722, 463: 554, 464: 792, 465: 736, 466: 498, 467: 338, 468: 100, 469: 652, 470: 414, 471: 296, 472: 58, 473: 478, 474: 240, 475: 296, 476: 58, 477: 408, 478: 170, 479: 254, 480: 16, 481: 498, 482: 736, 483: 778, 484: 540, 485: 792, 486: 554, 487: 722, 488: 484, 489: 100, 490: 338, 491: 338, 492: 100, 493: 338, 494: 100, 495: 254, 496: 16, 497: 778, 498: 540, 499: 708, 500: 470, 501: 296, 502: 58, 503: 338, 504: 100, 505: 414, 506: 652, 507: 338, 508: 100, 509: 296, 510: 58, 511: 736, 512: 498, 513: 470, 514: 708, 515: 254, 516: 16, 517: 554, 518: 792, 519: 652, 520: 414, 521: 792, 522: 554, 523: 254, 524: 16, 525: 254, 526: 16, 527: 778, 528: 540, 529: 652, 530: 414, 531: 296, 532: 58, 533: 478, 534: 240, 535: 296, 536: 58, 537: 652, 538: 414, 539: 254, 540: 16, 541: 338, 542: 100, 543: 708, 544: 470, 545: 58, 546: 296, 547: 254, 548: 16, 549: 296, 550: 58, 551: 338, 552: 100, 553: 338, 554: 100, 555: 652, 556: 414, 557: 254, 558: 16, 559: 338, 560: 100, 561: 254, 562: 16, 563: 736, 564: 498, 565: 778, 566: 540, 567: 296, 568: 58, 569: 338, 570: 100, 571: 296, 572: 58, 573: 338, 574: 100, 575: 296, 576: 58, 577: 338, 578: 100, 579: 296, 580: 58, 581: 750, 582: 512, 583: 414, 584: 652, 585: 254, 586: 16, 587: 408, 588: 170, 589: 652, 590: 414, 591: 652, 592: 414, 593: 338, 594: 100, 595: 254, 596: 16, 597: 338, 598: 100, 599: 708, 600: 470, 601: 414, 602: 652, 603: 58, 604: 296, 605: 708, 606: 470, 607: 254, 608: 16, 609: 652, 610: 414, 611: 254, 612: 16, 613: 338, 614: 100, 615: 408, 616: 170, 617: 408, 618: 170, 619: 100, 620: 338, 621: 722, 622: 484, 623: 254, 624: 16, 625: 240, 626: 478, 627: 338, 628: 100, 629: 338, 630: 100, 631: 338, 632: 100, 633: 708, 634: 470, 635: 338, 636: 100, 637: 652, 638: 414, 639: 100, 640: 338, 641: 296, 642: 58, 643: 254, 644: 16, 645: 100, 646: 338, 647: 254, 648: 16, 649: 16, 650: 254, 651: 708, 652: 470, 653: 708, 654: 470, 655: 652, 656: 414, 657: 338, 658: 100, 659: 338, 660: 100, 661: 58, 662: 296, 663: 338, 664: 100, 665: 296, 666: 58, 667: 296, 668: 58, 669: 296, 670: 58, 671: 254, 672: 16, 673: 708, 674: 470, 675: 652, 676: 414, 677: 338, 678: 100, 679: 254, 680: 16}
Correct solution!
Number of lables used:  24
Time taken: 0.63 seconds
Memory used: 54.98 MB
--------------------------------------------------

Trying with at most 23 labels...
Solution:
{1: 114, 2: 352, 3: 540, 4: 778, 5: 652, 6: 414, 7: 142, 8: 380, 9: 282, 10: 44, 11: 240, 12: 478, 13: 240, 14: 478, 15: 652, 16: 414, 17: 540, 18: 778, 19: 652, 20: 414, 21: 414, 22: 652, 23: 44, 24: 282, 25: 44, 26: 282, 27: 282, 28: 44, 29: 484, 30: 722, 31: 86, 32: 324, 33: 366, 34: 128, 35: 366, 36: 128, 37: 142, 38: 380, 39: 554, 40: 792, 41: 652, 42: 414, 43: 352, 44: 114, 45: 652, 46: 414, 47: 792, 48: 554, 49: 324, 50: 86, 51: 478, 52: 240, 53: 722, 54: 484, 55: 324, 56: 86, 57: 792, 58: 554, 59: 352, 60: 114, 61: 652, 62: 414, 63: 142, 64: 380, 65: 652, 66: 414, 67: 114, 68: 352, 69: 282, 70: 44, 71: 484, 72: 722, 73: 792, 74: 554, 75: 652, 76: 414, 77: 366, 78: 128, 79: 554, 80: 792, 81: 142, 82: 380, 83: 414, 84: 652, 85: 352, 86: 114, 87: 540, 88: 778, 89: 652, 90: 414, 91: 694, 92: 456, 93: 540, 94: 778, 95: 44, 96: 282, 97: 352, 98: 114, 99: 380, 100: 142, 101: 114, 102: 352, 103: 722, 104: 484, 105: 366, 106: 128, 107: 380, 108: 142, 109: 456, 110: 694, 111: 722, 112: 484, 113: 44, 114: 282, 115: 778, 116: 540, 117: 240, 118: 478, 119: 142, 120: 380, 121: 484, 122: 722, 123: 380, 124: 142, 125: 484, 126: 722, 127: 86, 128: 324, 129: 142, 130: 380, 131: 778, 132: 540, 133: 142, 134: 380, 135: 380, 136: 142, 137: 240, 138: 478, 139: 722, 140: 484, 141: 114, 142: 352, 143: 86, 144: 324, 145: 722, 146: 484, 147: 722, 148: 484, 149: 86, 150: 324, 151: 652, 152: 414, 153: 414, 154: 652, 155: 324, 156: 86, 157: 778, 158: 540, 159: 722, 160: 484, 161: 722, 162: 484, 163: 366, 164: 128, 165: 652, 166: 414, 167: 324, 168: 86, 169: 324, 170: 86, 171: 652, 172: 414, 173: 324, 174: 86, 175: 722, 176: 484, 177: 722, 178: 484, 179: 414, 180: 652, 181: 324, 182: 86, 183: 86, 184: 324, 185: 694, 186: 456, 187: 778, 188: 540, 189: 652, 190: 414, 191: 722, 192: 484, 193: 414, 194: 652, 195: 554, 196: 792, 197: 540, 198: 778, 199: 792, 200: 554, 201: 324, 202: 86, 203: 722, 204: 484, 205: 792, 206: 554, 207: 324, 208: 86, 209: 414, 210: 652, 211: 540, 212: 778, 213: 414, 214: 652, 215: 540, 216: 778, 217: 484, 218: 722, 219: 366, 220: 128, 221: 652, 222: 414, 223: 652, 224: 414, 225: 694, 226: 456, 227: 778, 228: 540, 229: 128, 230: 366, 231: 652, 232: 414, 233: 282, 234: 44, 235: 484, 236: 722, 237: 282, 238: 44, 239: 652, 240: 414, 241: 352, 242: 114, 243: 324, 244: 86, 245: 324, 246: 86, 247: 652, 248: 414, 249: 142, 250: 380, 251: 86, 252: 324, 253: 142, 254: 380, 255: 722, 256: 484, 257: 652, 258: 414, 259: 484, 260: 722, 261: 352, 262: 114, 263: 792, 264: 554, 265: 456, 266: 694, 267: 380, 268: 142, 269: 352, 270: 114, 271: 484, 272: 722, 273: 554, 274: 792, 275: 792, 276: 554, 277: 778, 278: 540, 279: 722, 280: 484, 281: 414, 282: 652, 283: 554, 284: 792, 285: 652, 286: 414, 287: 352, 288: 114, 289: 722, 290: 484, 291: 352, 292: 114, 293: 114, 294: 352, 295: 484, 296: 722, 297: 778, 298: 540, 299: 366, 300: 128, 301: 554, 302: 792, 303: 694, 304: 456, 305: 722, 306: 484, 307: 352, 308: 114, 309: 652, 310: 414, 311: 114, 312: 352, 313: 240, 314: 478, 315: 414, 316: 652, 317: 324, 318: 86, 319: 380, 320: 142, 321: 352, 322: 114, 323: 778, 324: 540, 325: 778, 326: 540, 327: 792, 328: 554, 329: 324, 330: 86, 331: 142, 332: 380, 333: 414, 334: 652, 335: 722, 336: 484, 337: 142, 338: 380, 339: 324, 340: 86, 341: 366, 342: 128, 343: 478, 344: 240, 345: 778, 346: 540, 347: 114, 348: 352, 349: 142, 350: 380, 351: 324, 352: 86, 353: 44, 354: 282, 355: 456, 356: 694, 357: 324, 358: 86, 359: 478, 360: 240, 361: 722, 362: 484, 363: 352, 364: 114, 365: 324, 366: 86, 367: 324, 368: 86, 369: 366, 370: 128, 371: 380, 372: 142, 373: 142, 374: 380, 375: 792, 376: 554, 377: 324, 378: 86, 379: 324, 380: 86, 381: 484, 382: 722, 383: 324, 384: 86, 385: 722, 386: 484, 387: 722, 388: 484, 389: 778, 390: 540, 391: 142, 392: 380, 393: 778, 394: 540, 395: 282, 396: 44, 397: 86, 398: 324, 399: 722, 400: 484, 401: 86, 402: 324, 403: 722, 404: 484, 405: 366, 406: 128, 407: 352, 408: 114, 409: 86, 410: 324, 411: 324, 412: 86, 413: 792, 414: 554, 415: 652, 416: 414, 417: 652, 418: 414, 419: 722, 420: 484, 421: 240, 422: 478, 423: 380, 424: 142, 425: 652, 426: 414, 427: 324, 428: 86, 429: 414, 430: 652, 431: 366, 432: 128, 433: 114, 434: 352, 435: 380, 436: 142, 437: 722, 438: 484, 439: 114, 440: 352, 441: 722, 442: 484, 443: 352, 444: 114, 445: 694, 446: 456, 447: 554, 448: 792, 449: 86, 450: 324, 451: 778, 452: 540, 453: 778, 454: 540, 455: 722, 456: 484, 457: 778, 458: 540, 459: 778, 460: 540, 461: 484, 462: 722, 463: 484, 464: 722, 465: 652, 466: 414, 467: 414, 468: 652, 469: 652, 470: 414, 471: 142, 472: 380, 473: 478, 474: 240, 475: 282, 476: 44, 477: 380, 478: 142, 479: 414, 480: 652, 481: 792, 482: 554, 483: 128, 484: 366, 485: 540, 486: 778, 487: 694, 488: 456, 489: 86, 490: 324, 491: 778, 492: 540, 493: 324, 494: 86, 495: 324, 496: 86, 497: 352, 498: 114, 499: 722, 500: 484, 501: 324, 502: 86, 503: 380, 504: 142, 505: 142, 506: 380, 507: 722, 508: 484, 509: 380, 510: 142, 511: 652, 512: 414, 513: 456, 514: 694, 515: 352, 516: 114, 517: 484, 518: 722, 519: 792, 520: 554, 521: 352, 522: 114, 523: 380, 524: 142, 525: 44, 526: 282, 527: 456, 528: 694, 529: 44, 530: 282, 531: 652, 532: 414, 533: 142, 534: 380, 535: 652, 536: 414, 537: 652, 538: 414, 539: 352, 540: 114, 541: 282, 542: 44, 543: 128, 544: 366, 545: 694, 546: 456, 547: 380, 548: 142, 549: 792, 550: 554, 551: 352, 552: 114, 553: 282, 554: 44, 555: 652, 556: 414, 557: 380, 558: 142, 559: 324, 560: 86, 561: 652, 562: 414, 563: 540, 564: 778, 565: 778, 566: 540, 567: 380, 568: 142, 569: 540, 570: 778, 571: 652, 572: 414, 573: 282, 574: 44, 575: 44, 576: 282, 577: 324, 578: 86, 579: 380, 580: 142, 581: 722, 582: 484, 583: 380, 584: 142, 585: 414, 586: 652, 587: 240, 588: 478, 589: 540, 590: 778, 591: 554, 592: 792, 593: 44, 594: 282, 595: 366, 596: 128, 597: 282, 598: 44, 599: 722, 600: 484, 601: 456, 602: 694, 603: 324, 604: 86, 605: 142, 606: 380, 607: 414, 608: 652, 609: 652, 610: 414, 611: 694, 612: 456, 613: 86, 614: 324, 615: 478, 616: 240, 617: 240, 618: 478, 619: 86, 620: 324, 621: 540, 622: 778, 623: 414, 624: 652, 625: 478, 626: 240, 627: 540, 628: 778, 629: 86, 630: 324, 631: 44, 632: 282, 633: 722, 634: 484, 635: 324, 636: 86, 637: 282, 638: 44, 639: 282, 640: 44, 641: 694, 642: 456, 643: 778, 644: 540, 645: 324, 646: 86, 647: 128, 648: 366, 649: 44, 650: 282, 651: 44, 652: 282, 653: 778, 654: 540, 655: 652, 656: 414, 657: 324, 658: 86, 659: 652, 660: 414, 661: 652, 662: 414, 663: 142, 664: 380, 665: 352, 666: 114, 667: 352, 668: 114, 669: 366, 670: 128, 671: 352, 672: 114, 673: 366, 674: 128, 675: 722, 676: 484, 677: 324, 678: 86, 679: 128, 680: 366}
Correct solution!
Number of lables used:  22
Time taken: 0.67 seconds
Memory used: 55.73 MB
--------------------------------------------------

Trying with at most 21 labels...
Solution:
{1: 114, 2: 352, 3: 554, 4: 792, 5: 652, 6: 414, 7: 44, 8: 282, 9: 282, 10: 44, 11: 240, 12: 478, 13: 240, 14: 478, 15: 652, 16: 414, 17: 540, 18: 778, 19: 652, 20: 414, 21: 414, 22: 652, 23: 44, 24: 282, 25: 380, 26: 142, 27: 324, 28: 86, 29: 792, 30: 554, 31: 86, 32: 324, 33: 380, 34: 142, 35: 366, 36: 128, 37: 142, 38: 380, 39: 652, 40: 414, 41: 792, 42: 554, 43: 352, 44: 114, 45: 652, 46: 414, 47: 792, 48: 554, 49: 324, 50: 86, 51: 478, 52: 240, 53: 694, 54: 456, 55: 282, 56: 44, 57: 778, 58: 540, 59: 352, 60: 114, 61: 652, 62: 414, 63: 366, 64: 128, 65: 652, 66: 414, 67: 778, 68: 540, 69: 282, 70: 44, 71: 142, 72: 380, 73: 456, 74: 694, 75: 778, 76: 540, 77: 366, 78: 128, 79: 540, 80: 778, 81: 142, 82: 380, 83: 414, 84: 652, 85: 352, 86: 114, 87: 456, 88: 694, 89: 652, 90: 414, 91: 694, 92: 456, 93: 694, 94: 456, 95: 44, 96: 282, 97: 352, 98: 114, 99: 380, 100: 142, 101: 114, 102: 352, 103: 778, 104: 540, 105: 352, 106: 114, 107: 380, 108: 142, 109: 456, 110: 694, 111: 694, 112: 456, 113: 352, 114: 114, 115: 778, 116: 540, 117: 240, 118: 478, 119: 142, 120: 380, 121: 352, 122: 114, 123: 380, 124: 142, 125: 456, 126: 694, 127: 86, 128: 324, 129: 240, 130: 478, 131: 778, 132: 540, 133: 142, 134: 380, 135: 380, 136: 142, 137: 380, 138: 142, 139: 778, 140: 540, 141: 114, 142: 352, 143: 86, 144: 324, 145: 694, 146: 456, 147: 694, 148: 456, 149: 792, 150: 554, 151: 380, 152: 142, 153: 414, 154: 652, 155: 456, 156: 694, 157: 778, 158: 540, 159: 694, 160: 456, 161: 694, 162: 456, 163: 652, 164: 414, 165: 44, 166: 282, 167: 352, 168: 114, 169: 282, 170: 44, 171: 652, 172: 414, 173: 44, 174: 282, 175: 128, 176: 366, 177: 554, 178: 792, 179: 414, 180: 652, 181: 324, 182: 86, 183: 86, 184: 324, 185: 694, 186: 456, 187: 694, 188: 456, 189: 652, 190: 414, 191: 456, 192: 694, 193: 414, 194: 652, 195: 652, 196: 414, 197: 540, 198: 778, 199: 778, 200: 540, 201: 324, 202: 86, 203: 778, 204: 540, 205: 792, 206: 554, 207: 114, 208: 352, 209: 694, 210: 456, 211: 540, 212: 778, 213: 554, 214: 792, 215: 366, 216: 128, 217: 456, 218: 694, 219: 352, 220: 114, 221: 652, 222: 414, 223: 652, 224: 414, 225: 694, 226: 456, 227: 778, 228: 540, 229: 128, 230: 366, 231: 652, 232: 414, 233: 282, 234: 44, 235: 142, 236: 380, 237: 282, 238: 44, 239: 652, 240: 414, 241: 352, 242: 114, 243: 324, 244: 86, 245: 540, 246: 778, 247: 778, 248: 540, 249: 44, 250: 282, 251: 114, 252: 352, 253: 142, 254: 380, 255: 352, 256: 114, 257: 694, 258: 456, 259: 540, 260: 778, 261: 324, 262: 86, 263: 792, 264: 554, 265: 456, 266: 694, 267: 380, 268: 142, 269: 652, 270: 414, 271: 142, 272: 380, 273: 114, 274: 352, 275: 792, 276: 554, 277: 694, 278: 456, 279: 652, 280: 414, 281: 414, 282: 652, 283: 540, 284: 778, 285: 652, 286: 414, 287: 352, 288: 114, 289: 324, 290: 86, 291: 352, 292: 114, 293: 114, 294: 352, 295: 456, 296: 694, 297: 778, 298: 540, 299: 366, 300: 128, 301: 652, 302: 414, 303: 652, 304: 414, 305: 380, 306: 142, 307: 352, 308: 114, 309: 652, 310: 414, 311: 114, 312: 352, 313: 240, 314: 478, 315: 414, 316: 652, 317: 324, 318: 86, 319: 380, 320: 142, 321: 792, 322: 554, 323: 778, 324: 540, 325: 778, 326: 540, 327: 792, 328: 554, 329: 324, 330: 86, 331: 142, 332: 380, 333: 414, 334: 652, 335: 778, 336: 540, 337: 240, 338: 478, 339: 324, 340: 86, 341: 366, 342: 128, 343: 478, 344: 240, 345: 324, 346: 86, 347: 114, 348: 352, 349: 380, 350: 142, 351: 324, 352: 86, 353: 44, 354: 282, 355: 456, 356: 694, 357: 86, 358: 324, 359: 240, 360: 478, 361: 694, 362: 456, 363: 366, 364: 128, 365: 324, 366: 86, 367: 324, 368: 86, 369: 366, 370: 128, 371: 478, 372: 240, 373: 240, 374: 478, 375: 792, 376: 554, 377: 324, 378: 86, 379: 324, 380: 86, 381: 456, 382: 694, 383: 324, 384: 86, 385: 694, 386: 456, 387: 778, 388: 540, 389: 778, 390: 540, 391: 142, 392: 380, 393: 44, 394: 282, 395: 282, 396: 44, 397: 86, 398: 324, 399: 86, 400: 324, 401: 414, 402: 652, 403: 352, 404: 114, 405: 366, 406: 128, 407: 282, 408: 44, 409: 86, 410: 324, 411: 324, 412: 86, 413: 128, 414: 366, 415: 652, 416: 414, 417: 652, 418: 414, 419: 324, 420: 86, 421: 240, 422: 478, 423: 380, 424: 142, 425: 554, 426: 792, 427: 324, 428: 86, 429: 456, 430: 694, 431: 380, 432: 142, 433: 380, 434: 142, 435: 282, 436: 44, 437: 778, 438: 540, 439: 114, 440: 352, 441: 380, 442: 142, 443: 366, 444: 128, 445: 652, 446: 414, 447: 778, 448: 540, 449: 86, 450: 324, 451: 778, 452: 540, 453: 352, 454: 114, 455: 792, 456: 554, 457: 778, 458: 540, 459: 778, 460: 540, 461: 456, 462: 694, 463: 778, 464: 540, 465: 142, 466: 380, 467: 414, 468: 652, 469: 652, 470: 414, 471: 142, 472: 380, 473: 240, 474: 478, 475: 282, 476: 44, 477: 380, 478: 142, 479: 114, 480: 352, 481: 694, 482: 456, 483: 114, 484: 352, 485: 792, 486: 554, 487: 694, 488: 456, 489: 44, 490: 282, 491: 456, 492: 694, 493: 324, 494: 86, 495: 324, 496: 86, 497: 792, 498: 554, 499: 778, 500: 540, 501: 324, 502: 86, 503: 366, 504: 128, 505: 44, 506: 282, 507: 114, 508: 352, 509: 456, 510: 694, 511: 694, 512: 456, 513: 282, 514: 44, 515: 352, 516: 114, 517: 456, 518: 694, 519: 778, 520: 540, 521: 380, 522: 142, 523: 282, 524: 44, 525: 142, 526: 380, 527: 554, 528: 792, 529: 142, 530: 380, 531: 652, 532: 414, 533: 142, 534: 380, 535: 792, 536: 554, 537: 652, 538: 414, 539: 352, 540: 114, 541: 282, 542: 44, 543: 128, 544: 366, 545: 324, 546: 86, 547: 456, 548: 694, 549: 554, 550: 792, 551: 366, 552: 128, 553: 366, 554: 128, 555: 652, 556: 414, 557: 380, 558: 142, 559: 324, 560: 86, 561: 652, 562: 414, 563: 540, 564: 778, 565: 778, 566: 540, 567: 380, 568: 142, 569: 456, 570: 694, 571: 114, 572: 352, 573: 44, 574: 282, 575: 44, 576: 282, 577: 324, 578: 86, 579: 324, 580: 86, 581: 778, 582: 540, 583: 86, 584: 324, 585: 414, 586: 652, 587: 240, 588: 478, 589: 540, 590: 778, 591: 324, 592: 86, 593: 44, 594: 282, 595: 366, 596: 128, 597: 44, 598: 282, 599: 282, 600: 44, 601: 414, 602: 652, 603: 324, 604: 86, 605: 142, 606: 380, 607: 414, 608: 652, 609: 652, 610: 414, 611: 694, 612: 456, 613: 114, 614: 352, 615: 478, 616: 240, 617: 478, 618: 240, 619: 86, 620: 324, 621: 414, 622: 652, 623: 414, 624: 652, 625: 478, 626: 240, 627: 352, 628: 114, 629: 86, 630: 324, 631: 44, 632: 282, 633: 694, 634: 456, 635: 324, 636: 86, 637: 282, 638: 44, 639: 282, 640: 44, 641: 86, 642: 324, 643: 554, 644: 792, 645: 352, 646: 114, 647: 128, 648: 366, 649: 44, 650: 282, 651: 540, 652: 778, 653: 778, 654: 540, 655: 792, 656: 554, 657: 324, 658: 86, 659: 652, 660: 414, 661: 652, 662: 414, 663: 142, 664: 380, 665: 352, 666: 114, 667: 282, 668: 44, 669: 366, 670: 128, 671: 352, 672: 114, 673: 282, 674: 44, 675: 540, 676: 778, 677: 324, 678: 86, 679: 128, 680: 366}
Correct solution!
Number of lables used:  20
Time taken: 0.72 seconds
Memory used: 56.10 MB
--------------------------------------------------

Trying with at most 19 labels...
Solution:
{1: 72, 2: 310, 3: 114, 4: 352, 5: 114, 6: 352, 7: 44, 8: 282, 9: 282, 10: 44, 11: 240, 12: 478, 13: 142, 14: 380, 15: 142, 16: 380, 17: 72, 18: 310, 19: 792, 20: 554, 21: 792, 22: 554, 23: 72, 24: 310, 25: 44, 26: 282, 27: 72, 28: 310, 29: 736, 30: 498, 31: 736, 32: 498, 33: 310, 34: 72, 35: 282, 36: 44, 37: 478, 38: 240, 39: 114, 40: 352, 41: 352, 42: 114, 43: 352, 44: 114, 45: 142, 46: 380, 47: 142, 48: 380, 49: 352, 50: 114, 51: 478, 52: 240, 53: 72, 54: 310, 55: 282, 56: 44, 57: 736, 58: 498, 59: 498, 60: 736, 61: 44, 62: 282, 63: 554, 64: 792, 65: 142, 66: 380, 67: 72, 68: 310, 69: 282, 70: 44, 71: 142, 72: 380, 73: 380, 74: 142, 75: 736, 76: 498, 77: 352, 78: 114, 79: 792, 80: 554, 81: 694, 82: 456, 83: 554, 84: 792, 85: 352, 86: 114, 87: 484, 88: 722, 89: 736, 90: 498, 91: 694, 92: 456, 93: 310, 94: 72, 95: 44, 96: 282, 97: 694, 98: 456, 99: 310, 100: 72, 101: 72, 102: 310, 103: 792, 104: 554, 105: 310, 106: 72, 107: 380, 108: 142, 109: 498, 110: 736, 111: 142, 112: 380, 113: 114, 114: 352, 115: 736, 116: 498, 117: 478, 118: 240, 119: 142, 120: 380, 121: 736, 122: 498, 123: 380, 124: 142, 125: 456, 126: 694, 127: 44, 128: 282, 129: 478, 130: 240, 131: 722, 132: 484, 133: 114, 134: 352, 135: 380, 136: 142, 137: 478, 138: 240, 139: 736, 140: 498, 141: 72, 142: 310, 143: 722, 144: 484, 145: 282, 146: 44, 147: 380, 148: 142, 149: 792, 150: 554, 151: 380, 152: 142, 153: 736, 154: 498, 155: 554, 156: 792, 157: 114, 158: 352, 159: 44, 160: 282, 161: 694, 162: 456, 163: 114, 164: 352, 165: 380, 166: 142, 167: 310, 168: 72, 169: 694, 170: 456, 171: 310, 172: 72, 173: 456, 174: 694, 175: 694, 176: 456, 177: 792, 178: 554, 179: 736, 180: 498, 181: 310, 182: 72, 183: 72, 184: 310, 185: 114, 186: 352, 187: 694, 188: 456, 189: 142, 190: 380, 191: 792, 192: 554, 193: 72, 194: 310, 195: 792, 196: 554, 197: 456, 198: 694, 199: 736, 200: 498, 201: 380, 202: 142, 203: 44, 204: 282, 205: 142, 206: 380, 207: 498, 208: 736, 209: 694, 210: 456, 211: 72, 212: 310, 213: 498, 214: 736, 215: 72, 216: 310, 217: 554, 218: 792, 219: 282, 220: 44, 221: 142, 222: 380, 223: 142, 224: 380, 225: 72, 226: 310, 227: 736, 228: 498, 229: 114, 230: 352, 231: 72, 232: 310, 233: 44, 234: 282, 235: 142, 236: 380, 237: 380, 238: 142, 239: 142, 240: 380, 241: 310, 242: 72, 243: 380, 244: 142, 245: 722, 246: 484, 247: 44, 248: 282, 249: 44, 250: 282, 251: 114, 252: 352, 253: 478, 254: 240, 255: 352, 256: 114, 257: 114, 258: 352, 259: 352, 260: 114, 261: 694, 262: 456, 263: 792, 264: 554, 265: 456, 266: 694, 267: 380, 268: 142, 269: 72, 270: 310, 271: 142, 272: 380, 273: 114, 274: 352, 275: 792, 276: 554, 277: 694, 278: 456, 279: 44, 280: 282, 281: 792, 282: 554, 283: 456, 284: 694, 285: 72, 286: 310, 287: 44, 288: 282, 289: 282, 290: 44, 291: 352, 292: 114, 293: 114, 294: 352, 295: 352, 296: 114, 297: 142, 298: 380, 299: 352, 300: 114, 301: 142, 302: 380, 303: 694, 304: 456, 305: 380, 306: 142, 307: 352, 308: 114, 309: 114, 310: 352, 311: 114, 312: 352, 313: 142, 314: 380, 315: 736, 316: 498, 317: 114, 318: 352, 319: 142, 320: 380, 321: 792, 322: 554, 323: 498, 324: 736, 325: 736, 326: 498, 327: 792, 328: 554, 329: 310, 330: 72, 331: 240, 332: 478, 333: 456, 334: 694, 335: 722, 336: 484, 337: 240, 338: 478, 339: 310, 340: 72, 341: 282, 342: 44, 343: 380, 344: 142, 345: 114, 346: 352, 347: 498, 348: 736, 349: 722, 350: 484, 351: 282, 352: 44, 353: 792, 354: 554, 355: 694, 356: 456, 357: 736, 358: 498, 359: 478, 360: 240, 361: 694, 362: 456, 363: 282, 364: 44, 365: 114, 366: 352, 367: 456, 368: 694, 369: 282, 370: 44, 371: 142, 372: 380, 373: 142, 374: 380, 375: 554, 376: 792, 377: 456, 378: 694, 379: 114, 380: 352, 381: 694, 382: 456, 383: 282, 384: 44, 385: 310, 386: 72, 387: 142, 388: 380, 389: 722, 390: 484, 391: 282, 392: 44, 393: 72, 394: 310, 395: 282, 396: 44, 397: 44, 398: 282, 399: 498, 400: 736, 401: 792, 402: 554, 403: 142, 404: 380, 405: 310, 406: 72, 407: 792, 408: 554, 409: 44, 410: 282, 411: 456, 412: 694, 413: 694, 414: 456, 415: 282, 416: 44, 417: 554, 418: 792, 419: 282, 420: 44, 421: 380, 422: 142, 423: 352, 424: 114, 425: 694, 426: 456, 427: 380, 428: 142, 429: 554, 430: 792, 431: 72, 432: 310, 433: 694, 434: 456, 435: 792, 436: 554, 437: 792, 438: 554, 439: 722, 440: 484, 441: 72, 442: 310, 443: 456, 444: 694, 445: 380, 446: 142, 447: 498, 448: 736, 449: 310, 450: 72, 451: 282, 452: 44, 453: 352, 454: 114, 455: 792, 456: 554, 457: 722, 458: 484, 459: 310, 460: 72, 461: 456, 462: 694, 463: 498, 464: 736, 465: 142, 466: 380, 467: 380, 468: 142, 469: 736, 470: 498, 471: 114, 472: 352, 473: 142, 474: 380, 475: 484, 476: 722, 477: 380, 478: 142, 479: 310, 480: 72, 481: 722, 482: 484, 483: 310, 484: 72, 485: 498, 486: 736, 487: 352, 488: 114, 489: 44, 490: 282, 491: 380, 492: 142, 493: 456, 494: 694, 495: 352, 496: 114, 497: 554, 498: 792, 499: 792, 500: 554, 501: 456, 502: 694, 503: 456, 504: 694, 505: 792, 506: 554, 507: 114, 508: 352, 509: 456, 510: 694, 511: 114, 512: 352, 513: 554, 514: 792, 515: 282, 516: 44, 517: 498, 518: 736, 519: 722, 520: 484, 521: 456, 522: 694, 523: 722, 524: 484, 525: 142, 526: 380, 527: 736, 528: 498, 529: 380, 530: 142, 531: 694, 532: 456, 533: 240, 534: 478, 535: 694, 536: 456, 537: 694, 538: 456, 539: 352, 540: 114, 541: 736, 542: 498, 543: 72, 544: 310, 545: 114, 546: 352, 547: 792, 548: 554, 549: 310, 550: 72, 551: 72, 552: 310, 553: 72, 554: 310, 555: 736, 556: 498, 557: 380, 558: 142, 559: 282, 560: 44, 561: 736, 562: 498, 563: 380, 564: 142, 565: 282, 566: 44, 567: 484, 568: 722, 569: 498, 570: 736, 571: 114, 572: 352, 573: 554, 574: 792, 575: 282, 576: 44, 577: 310, 578: 72, 579: 352, 580: 114, 581: 694, 582: 456, 583: 484, 584: 722, 585: 498, 586: 736, 587: 142, 588: 380, 589: 282, 590: 44, 591: 282, 592: 44, 593: 114, 594: 352, 595: 484, 596: 722, 597: 792, 598: 554, 599: 352, 600: 114, 601: 456, 602: 694, 603: 722, 604: 484, 605: 352, 606: 114, 607: 456, 608: 694, 609: 694, 610: 456, 611: 484, 612: 722, 613: 72, 614: 310, 615: 380, 616: 142, 617: 142, 618: 380, 619: 142, 620: 380, 621: 114, 622: 352, 623: 44, 624: 282, 625: 240, 626: 478, 627: 352, 628: 114, 629: 380, 630: 142, 631: 498, 632: 736, 633: 694, 634: 456, 635: 722, 636: 484, 637: 792, 638: 554, 639: 792, 640: 554, 641: 282, 642: 44, 643: 722, 644: 484, 645: 44, 646: 282, 647: 114, 648: 352, 649: 44, 650: 282, 651: 352, 652: 114, 653: 792, 654: 554, 655: 484, 656: 722, 657: 694, 658: 456, 659: 554, 660: 792, 661: 72, 662: 310, 663: 114, 664: 352, 665: 380, 666: 142, 667: 282, 668: 44, 669: 694, 670: 456, 671: 352, 672: 114, 673: 282, 674: 44, 675: 792, 676: 554, 677: 380, 678: 142, 679: 114, 680: 352}
Correct solution!
Number of lables used:  18
Time taken: 0.80 seconds
Memory used: 56.23 MB
--------------------------------------------------

Trying with at most 17 labels...
[runlim] sample:		10.0 time, 10.7 real, 83.6 MB
[runlim] sample:		20.0 time, 20.7 real, 84.8 MB
[runlim] sample:		30.0 time, 30.7 real, 86.3 MB
[runlim] sample:		40.0 time, 40.7 real, 87.3 MB
[runlim] sample:		50.0 time, 50.7 real, 88.6 MB
[runlim] sample:		60.0 time, 60.7 real, 109.7 MB
[runlim] sample:		70.0 time, 70.7 real, 115.1 MB
[runlim] sample:		80.0 time, 80.7 real, 115.1 MB
[runlim] sample:		90.0 time, 90.7 real, 115.1 MB
[runlim] sample:		100.0 time, 100.7 real, 115.1 MB
[runlim] sample:		110.0 time, 110.7 real, 115.1 MB
[runlim] sample:		120.0 time, 120.7 real, 115.1 MB
[runlim] sample:		130.0 time, 130.7 real, 81.8 MB
[runlim] sample:		140.0 time, 140.7 real, 82.5 MB
[runlim] sample:		150.0 time, 150.7 real, 102.1 MB
[runlim] sample:		160.0 time, 160.7 real, 102.7 MB
[runlim] sample:		170.0 time, 170.7 real, 103.1 MB
[runlim] sample:		180.0 time, 180.7 real, 103.8 MB
[runlim] sample:		190.0 time, 190.7 real, 104.1 MB
[runlim] sample:		200.0 time, 200.7 real, 104.1 MB
[runlim] sample:		210.0 time, 210.7 real, 105.0 MB
[runlim] sample:		220.0 time, 220.7 real, 105.1 MB
[runlim] sample:		230.0 time, 230.7 real, 106.0 MB
[runlim] sample:		240.0 time, 240.7 real, 107.3 MB
[runlim] sample:		250.0 time, 250.7 real, 107.5 MB
[runlim] sample:		260.0 time, 260.7 real, 108.3 MB
[runlim] sample:		270.0 time, 270.7 real, 108.3 MB
[runlim] sample:		280.0 time, 280.7 real, 108.7 MB
[runlim] sample:		290.0 time, 290.7 real, 108.7 MB
[runlim] sample:		300.0 time, 300.7 real, 110.0 MB
[runlim] sample:		310.0 time, 310.7 real, 110.2 MB
[runlim] sample:		320.0 time, 320.7 real, 110.7 MB
[runlim] sample:		330.0 time, 330.7 real, 110.8 MB
[runlim] sample:		340.0 time, 340.7 real, 110.8 MB
[runlim] sample:		350.0 time, 350.7 real, 113.2 MB
[runlim] sample:		360.0 time, 360.7 real, 120.3 MB
[runlim] sample:		370.0 time, 370.7 real, 122.8 MB
[runlim] sample:		380.0 time, 380.7 real, 122.8 MB
[runlim] sample:		390.0 time, 390.7 real, 122.8 MB
[runlim] sample:		400.0 time, 400.7 real, 122.8 MB
[runlim] sample:		410.0 time, 410.7 real, 122.8 MB
[runlim] sample:		420.0 time, 420.7 real, 122.8 MB
[runlim] sample:		430.0 time, 430.7 real, 122.8 MB
[runlim] sample:		440.0 time, 440.7 real, 122.8 MB
[runlim] sample:		450.0 time, 450.7 real, 122.8 MB
[runlim] sample:		460.0 time, 460.7 real, 122.8 MB
[runlim] sample:		470.0 time, 470.7 real, 155.2 MB
[runlim] sample:		480.0 time, 480.7 real, 122.8 MB
[runlim] sample:		490.0 time, 490.7 real, 153.3 MB
[runlim] sample:		500.0 time, 500.7 real, 122.8 MB
[runlim] sample:		510.0 time, 510.7 real, 122.8 MB
[runlim] sample:		520.0 time, 520.7 real, 122.8 MB
[runlim] sample:		530.0 time, 530.7 real, 122.8 MB
[runlim] sample:		540.0 time, 540.7 real, 157.1 MB
[runlim] sample:		550.0 time, 550.7 real, 122.9 MB
[runlim] sample:		560.0 time, 560.7 real, 155.0 MB
[runlim] sample:		570.0 time, 570.7 real, 122.9 MB
[runlim] sample:		580.0 time, 580.7 real, 122.9 MB
[runlim] sample:		590.0 time, 590.7 real, 158.4 MB
[runlim] sample:		600.0 time, 600.7 real, 122.9 MB
[runlim] sample:		610.0 time, 610.7 real, 154.5 MB
[runlim] sample:		620.0 time, 620.7 real, 123.0 MB
[runlim] sample:		630.0 time, 630.7 real, 123.0 MB
[runlim] sample:		640.0 time, 640.7 real, 155.6 MB
[runlim] sample:		650.0 time, 650.7 real, 122.9 MB
[runlim] sample:		660.0 time, 660.7 real, 122.9 MB
[runlim] sample:		670.0 time, 670.7 real, 157.1 MB
[runlim] sample:		680.0 time, 680.7 real, 122.9 MB
[runlim] sample:		690.0 time, 690.7 real, 152.9 MB
[runlim] sample:		700.0 time, 700.7 real, 158.7 MB
[runlim] sample:		710.0 time, 710.7 real, 122.9 MB
[runlim] sample:		720.0 time, 720.7 real, 153.4 MB
[runlim] sample:		730.0 time, 730.7 real, 158.4 MB
[runlim] sample:		740.0 time, 740.7 real, 122.9 MB
[runlim] sample:		750.0 time, 750.7 real, 153.0 MB
[runlim] sample:		760.0 time, 760.7 real, 158.6 MB
[runlim] sample:		770.0 time, 770.7 real, 122.9 MB
[runlim] sample:		780.0 time, 780.7 real, 152.8 MB
[runlim] sample:		790.0 time, 790.7 real, 158.1 MB
[runlim] sample:		800.0 time, 800.7 real, 122.8 MB
[runlim] sample:		810.0 time, 810.7 real, 122.8 MB
[runlim] sample:		820.0 time, 820.7 real, 156.7 MB
[runlim] sample:		830.0 time, 830.7 real, 122.8 MB
[runlim] sample:		840.0 time, 840.7 real, 122.8 MB
[runlim] sample:		850.0 time, 850.7 real, 154.7 MB
[runlim] sample:		860.0 time, 860.7 real, 158.8 MB
[runlim] sample:		870.0 time, 870.7 real, 122.9 MB
[runlim] sample:		880.0 time, 880.7 real, 153.0 MB
[runlim] sample:		890.0 time, 890.7 real, 157.9 MB
[runlim] end:			Thu Jan 15 02:10:00 2026
[runlim] status:		out of time
[runlim] result:		2
[runlim] children:		0
[runlim] real:			900.02 seconds
[runlim] time:			899.27 seconds
[runlim] space:			161.6 MB
[runlim] samples:		8993
