[runlim] version:		1.10
[runlim] time limit:		311040000 seconds
[runlim] real time limit:	900 seconds
[runlim] space limit:		8000 MB
[runlim] argv[0]:		python3
[runlim] argv[1]:		-u
[runlim] argv[2]:		main.py
[runlim] argv[3]:		graph02
[runlim] argv[4]:		tot
[runlim] argv[5]:		assumptions
[runlim] argv[6]:		glucose4
[runlim] start:			Thu Jan 15 01:53:47 2026
[runlim] main pid:		92876
Solve first problem:
Solution:
{1: 666, 2: 428, 3: 100, 4: 338, 5: 268, 6: 30, 7: 324, 8: 86, 9: 652, 10: 414, 11: 394, 12: 156, 13: 694, 14: 456, 15: 310, 16: 72, 17: 282, 18: 44, 19: 296, 20: 58, 21: 142, 22: 380, 23: 366, 24: 128, 25: 268, 26: 30, 27: 324, 28: 86, 29: 156, 30: 394, 31: 114, 32: 352, 33: 380, 34: 142, 35: 666, 36: 428, 37: 86, 38: 324, 39: 380, 40: 142, 41: 324, 42: 86, 43: 254, 44: 16, 45: 680, 46: 442, 47: 338, 48: 100, 49: 310, 50: 72, 51: 44, 52: 282, 53: 380, 54: 142, 55: 296, 56: 58, 57: 666, 58: 428, 59: 310, 60: 72, 61: 128, 62: 366, 63: 310, 64: 72, 65: 30, 66: 268, 67: 652, 68: 414, 69: 254, 70: 16, 71: 380, 72: 142, 73: 16, 74: 254, 75: 254, 76: 16, 77: 394, 78: 156, 79: 282, 80: 44, 81: 310, 82: 72, 83: 156, 84: 394, 85: 694, 86: 456, 87: 86, 88: 324, 89: 156, 90: 394, 91: 268, 92: 30, 93: 324, 94: 86, 95: 666, 96: 428, 97: 128, 98: 366, 99: 310, 100: 72, 101: 324, 102: 86, 103: 380, 104: 142, 105: 16, 106: 254, 107: 352, 108: 114, 109: 282, 110: 44, 111: 296, 112: 58, 113: 30, 114: 268, 115: 338, 116: 100, 117: 114, 118: 352, 119: 380, 120: 142, 121: 338, 122: 100, 123: 324, 124: 86, 125: 268, 126: 30, 127: 338, 128: 100, 129: 380, 130: 142, 131: 324, 132: 86, 133: 680, 134: 442, 135: 380, 136: 142, 137: 324, 138: 86, 139: 282, 140: 44, 141: 352, 142: 114, 143: 680, 144: 442, 145: 282, 146: 44, 147: 352, 148: 114, 149: 58, 150: 296, 151: 338, 152: 100, 153: 254, 154: 16, 155: 380, 156: 142, 157: 652, 158: 414, 159: 310, 160: 72, 161: 708, 162: 470, 163: 380, 164: 142, 165: 352, 166: 114, 167: 310, 168: 72, 169: 324, 170: 86, 171: 338, 172: 100, 173: 296, 174: 58, 175: 680, 176: 442, 177: 156, 178: 394, 179: 380, 180: 142, 181: 268, 182: 30, 183: 694, 184: 456, 185: 282, 186: 44, 187: 652, 188: 414, 189: 380, 190: 142, 191: 680, 192: 442, 193: 128, 194: 366, 195: 324, 196: 86, 197: 296, 198: 58, 199: 310, 200: 72, 201: 156, 202: 394, 203: 268, 204: 30, 205: 324, 206: 86, 207: 338, 208: 100, 209: 310, 210: 72, 211: 268, 212: 30, 213: 478, 214: 240, 215: 366, 216: 128, 217: 254, 218: 16, 219: 268, 220: 30, 221: 352, 222: 114, 223: 324, 224: 86, 225: 254, 226: 16, 227: 408, 228: 170, 229: 310, 230: 72, 231: 16, 232: 254, 233: 366, 234: 128, 235: 282, 236: 44, 237: 268, 238: 30, 239: 338, 240: 100, 241: 296, 242: 58, 243: 338, 244: 100, 245: 666, 246: 428, 247: 380, 248: 142, 249: 324, 250: 86, 251: 16, 252: 254, 253: 58, 254: 296, 255: 380, 256: 142, 257: 310, 258: 72, 259: 380, 260: 142, 261: 254, 262: 16, 263: 380, 264: 142, 265: 380, 266: 142, 267: 44, 268: 282, 269: 282, 270: 44, 271: 268, 272: 30, 273: 296, 274: 58, 275: 254, 276: 16, 277: 310, 278: 72, 279: 666, 280: 428, 281: 366, 282: 128, 283: 268, 284: 30, 285: 380, 286: 142, 287: 254, 288: 16, 289: 324, 290: 86, 291: 380, 292: 142, 293: 380, 294: 142, 295: 338, 296: 100, 297: 380, 298: 142, 299: 408, 300: 170, 301: 282, 302: 44, 303: 652, 304: 414, 305: 268, 306: 30, 307: 296, 308: 58, 309: 380, 310: 142, 311: 380, 312: 142, 313: 380, 314: 142, 315: 296, 316: 58, 317: 408, 318: 170, 319: 310, 320: 72, 321: 380, 322: 142, 323: 338, 324: 100, 325: 310, 326: 72, 327: 282, 328: 44, 329: 268, 330: 30, 331: 268, 332: 30, 333: 268, 334: 30, 335: 254, 336: 16, 337: 282, 338: 44, 339: 380, 340: 142, 341: 296, 342: 58, 343: 254, 344: 16, 345: 310, 346: 72, 347: 310, 348: 72, 349: 380, 350: 142, 351: 380, 352: 142, 353: 254, 354: 16, 355: 268, 356: 30, 357: 324, 358: 86, 359: 338, 360: 100, 361: 338, 362: 100, 363: 268, 364: 30, 365: 268, 366: 30, 367: 254, 368: 16, 369: 282, 370: 44, 371: 254, 372: 16, 373: 324, 374: 86, 375: 254, 376: 16, 377: 254, 378: 16, 379: 282, 380: 44, 381: 268, 382: 30, 383: 254, 384: 16, 385: 268, 386: 30, 387: 268, 388: 30, 389: 254, 390: 16, 391: 254, 392: 16, 393: 254, 394: 16, 395: 268, 396: 30, 397: 324, 398: 86, 399: 268, 400: 30}
Correct solution!
Number of lables used:  36
Time taken: 0.33 seconds
Memory used: 39.15 MB
--------------------------------------------------

Trying with at most 35 labels...
Solution:
{1: 778, 2: 540, 3: 428, 4: 666, 5: 792, 6: 554, 7: 540, 8: 778, 9: 512, 10: 750, 11: 30, 12: 268, 13: 30, 14: 268, 15: 554, 16: 792, 17: 540, 18: 778, 19: 554, 20: 792, 21: 778, 22: 540, 23: 792, 24: 554, 25: 30, 26: 268, 27: 498, 28: 736, 29: 652, 30: 414, 31: 540, 32: 778, 33: 414, 34: 652, 35: 736, 36: 498, 37: 414, 38: 652, 39: 30, 40: 268, 41: 414, 42: 652, 43: 792, 44: 554, 45: 512, 46: 750, 47: 414, 48: 652, 49: 750, 50: 512, 51: 792, 52: 554, 53: 170, 54: 408, 55: 792, 56: 554, 57: 750, 58: 512, 59: 30, 60: 268, 61: 554, 62: 792, 63: 778, 64: 540, 65: 268, 66: 30, 67: 554, 68: 792, 69: 736, 70: 498, 71: 408, 72: 170, 73: 512, 74: 750, 75: 750, 76: 512, 77: 428, 78: 666, 79: 666, 80: 428, 81: 498, 82: 736, 83: 792, 84: 554, 85: 30, 86: 268, 87: 540, 88: 778, 89: 736, 90: 498, 91: 414, 92: 652, 93: 428, 94: 666, 95: 778, 96: 540, 97: 268, 98: 30, 99: 30, 100: 268, 101: 750, 102: 512, 103: 652, 104: 414, 105: 750, 106: 512, 107: 736, 108: 498, 109: 792, 110: 554, 111: 554, 112: 792, 113: 750, 114: 512, 115: 750, 116: 512, 117: 540, 118: 778, 119: 170, 120: 408, 121: 498, 122: 736, 123: 414, 124: 652, 125: 30, 126: 268, 127: 30, 128: 268, 129: 408, 130: 170, 131: 750, 132: 512, 133: 778, 134: 540, 135: 408, 136: 170, 137: 414, 138: 652, 139: 498, 140: 736, 141: 666, 142: 428, 143: 736, 144: 498, 145: 778, 146: 540, 147: 792, 148: 554, 149: 750, 150: 512, 151: 554, 152: 792, 153: 750, 154: 512, 155: 170, 156: 408, 157: 736, 158: 498, 159: 498, 160: 736, 161: 540, 162: 778, 163: 408, 164: 170, 165: 554, 166: 792, 167: 428, 168: 666, 169: 652, 170: 414, 171: 512, 172: 750, 173: 666, 174: 428, 175: 792, 176: 554, 177: 554, 178: 792, 179: 408, 180: 170, 181: 666, 182: 428, 183: 414, 184: 652, 185: 268, 186: 30, 187: 666, 188: 428, 189: 170, 190: 408, 191: 512, 192: 750, 193: 428, 194: 666, 195: 750, 196: 512, 197: 414, 198: 652, 199: 30, 200: 268, 201: 792, 202: 554, 203: 750, 204: 512, 205: 792, 206: 554, 207: 652, 208: 414, 209: 666, 210: 428, 211: 666, 212: 428, 213: 170, 214: 408, 215: 652, 216: 414, 217: 736, 218: 498, 219: 778, 220: 540, 221: 778, 222: 540, 223: 268, 224: 30, 225: 652, 226: 414, 227: 408, 228: 170, 229: 554, 230: 792, 231: 268, 232: 30, 233: 666, 234: 428, 235: 428, 236: 666, 237: 736, 238: 498, 239: 792, 240: 554, 241: 540, 242: 778, 243: 736, 244: 498, 245: 428, 246: 666, 247: 170, 248: 408, 249: 540, 250: 778, 251: 268, 252: 30, 253: 792, 254: 554, 255: 170, 256: 408, 257: 666, 258: 428, 259: 170, 260: 408, 261: 750, 262: 512, 263: 408, 264: 170, 265: 408, 266: 170, 267: 512, 268: 750, 269: 30, 270: 268, 271: 736, 272: 498, 273: 268, 274: 30, 275: 666, 276: 428, 277: 750, 278: 512, 279: 498, 280: 736, 281: 268, 282: 30, 283: 30, 284: 268, 285: 408, 286: 170, 287: 540, 288: 778, 289: 428, 290: 666, 291: 408, 292: 170, 293: 170, 294: 408, 295: 736, 296: 498, 297: 408, 298: 170, 299: 408, 300: 170, 301: 652, 302: 414, 303: 498, 304: 736, 305: 750, 306: 512, 307: 30, 308: 268, 309: 170, 310: 408, 311: 408, 312: 170, 313: 170, 314: 408, 315: 652, 316: 414, 317: 408, 318: 170, 319: 268, 320: 30, 321: 666, 322: 428, 323: 666, 324: 428, 325: 268, 326: 30, 327: 750, 328: 512, 329: 750, 330: 512, 331: 666, 332: 428, 333: 498, 334: 736, 335: 792, 336: 554, 337: 750, 338: 512, 339: 170, 340: 408, 341: 666, 342: 428, 343: 750, 344: 512, 345: 666, 346: 428, 347: 512, 348: 750, 349: 408, 350: 170, 351: 170, 352: 408, 353: 498, 354: 736, 355: 652, 356: 414, 357: 30, 358: 268, 359: 666, 360: 428, 361: 540, 362: 778, 363: 736, 364: 498, 365: 736, 366: 498, 367: 428, 368: 666, 369: 512, 370: 750, 371: 736, 372: 498, 373: 736, 374: 498, 375: 498, 376: 736, 377: 414, 378: 652, 379: 792, 380: 554, 381: 414, 382: 652, 383: 778, 384: 540, 385: 736, 386: 498, 387: 750, 388: 512, 389: 666, 390: 428, 391: 750, 392: 512, 393: 750, 394: 512, 395: 750, 396: 512, 397: 554, 398: 792, 399: 428, 400: 666}
Correct solution!
Number of lables used:  16
Time taken: 0.36 seconds
Memory used: 40.40 MB
--------------------------------------------------

Trying with at most 15 labels...
Solution:
{1: 30, 2: 268, 3: 428, 4: 666, 5: 324, 6: 86, 7: 470, 8: 708, 9: 764, 10: 526, 11: 30, 12: 268, 13: 666, 14: 428, 15: 526, 16: 764, 17: 142, 18: 380, 19: 428, 20: 666, 21: 764, 22: 526, 23: 86, 24: 324, 25: 30, 26: 268, 27: 666, 28: 428, 29: 380, 30: 142, 31: 86, 32: 324, 33: 666, 34: 428, 35: 708, 36: 470, 37: 414, 38: 652, 39: 30, 40: 268, 41: 414, 42: 652, 43: 708, 44: 470, 45: 526, 46: 764, 47: 414, 48: 652, 49: 708, 50: 470, 51: 764, 52: 526, 53: 142, 54: 380, 55: 708, 56: 470, 57: 764, 58: 526, 59: 30, 60: 268, 61: 86, 62: 324, 63: 764, 64: 526, 65: 268, 66: 30, 67: 764, 68: 526, 69: 708, 70: 470, 71: 142, 72: 380, 73: 764, 74: 526, 75: 708, 76: 470, 77: 666, 78: 428, 79: 142, 80: 380, 81: 428, 82: 666, 83: 764, 84: 526, 85: 30, 86: 268, 87: 470, 88: 708, 89: 470, 90: 708, 91: 414, 92: 652, 93: 428, 94: 666, 95: 708, 96: 470, 97: 268, 98: 30, 99: 324, 100: 86, 101: 652, 102: 414, 103: 652, 104: 414, 105: 142, 106: 380, 107: 666, 108: 428, 109: 764, 110: 526, 111: 86, 112: 324, 113: 86, 114: 324, 115: 708, 116: 470, 117: 708, 118: 470, 119: 142, 120: 380, 121: 764, 122: 526, 123: 414, 124: 652, 125: 380, 126: 142, 127: 30, 128: 268, 129: 142, 130: 380, 131: 652, 132: 414, 133: 414, 134: 652, 135: 142, 136: 380, 137: 414, 138: 652, 139: 470, 140: 708, 141: 652, 142: 414, 143: 86, 144: 324, 145: 708, 146: 470, 147: 652, 148: 414, 149: 708, 150: 470, 151: 764, 152: 526, 153: 708, 154: 470, 155: 380, 156: 142, 157: 30, 158: 268, 159: 708, 160: 470, 161: 414, 162: 652, 163: 380, 164: 142, 165: 652, 166: 414, 167: 428, 168: 666, 169: 652, 170: 414, 171: 708, 172: 470, 173: 666, 174: 428, 175: 652, 176: 414, 177: 86, 178: 324, 179: 380, 180: 142, 181: 666, 182: 428, 183: 414, 184: 652, 185: 268, 186: 30, 187: 30, 188: 268, 189: 142, 190: 380, 191: 268, 192: 30, 193: 30, 194: 268, 195: 142, 196: 380, 197: 414, 198: 652, 199: 30, 200: 268, 201: 86, 202: 324, 203: 708, 204: 470, 205: 764, 206: 526, 207: 30, 208: 268, 209: 666, 210: 428, 211: 666, 212: 428, 213: 142, 214: 380, 215: 652, 216: 414, 217: 708, 218: 470, 219: 764, 220: 526, 221: 526, 222: 764, 223: 324, 224: 86, 225: 652, 226: 414, 227: 380, 228: 142, 229: 764, 230: 526, 231: 764, 232: 526, 233: 666, 234: 428, 235: 428, 236: 666, 237: 666, 238: 428, 239: 470, 240: 708, 241: 666, 242: 428, 243: 666, 244: 428, 245: 428, 246: 666, 247: 142, 248: 380, 249: 324, 250: 86, 251: 268, 252: 30, 253: 708, 254: 470, 255: 380, 256: 142, 257: 470, 258: 708, 259: 142, 260: 380, 261: 268, 262: 30, 263: 142, 264: 380, 265: 142, 266: 380, 267: 86, 268: 324, 269: 30, 270: 268, 271: 470, 272: 708, 273: 86, 274: 324, 275: 708, 276: 470, 277: 764, 278: 526, 279: 764, 280: 526, 281: 764, 282: 526, 283: 526, 284: 764, 285: 380, 286: 142, 287: 86, 288: 324, 289: 428, 290: 666, 291: 142, 292: 380, 293: 142, 294: 380, 295: 86, 296: 324, 297: 380, 298: 142, 299: 380, 300: 142, 301: 526, 302: 764, 303: 764, 304: 526, 305: 86, 306: 324, 307: 30, 308: 268, 309: 142, 310: 380, 311: 380, 312: 142, 313: 142, 314: 380, 315: 652, 316: 414, 317: 380, 318: 142, 319: 764, 320: 526, 321: 666, 322: 428, 323: 708, 324: 470, 325: 764, 326: 526, 327: 708, 328: 470, 329: 30, 330: 268, 331: 666, 332: 428, 333: 30, 334: 268, 335: 414, 336: 652, 337: 666, 338: 428, 339: 380, 340: 142, 341: 666, 342: 428, 343: 86, 344: 324, 345: 666, 346: 428, 347: 30, 348: 268, 349: 142, 350: 380, 351: 380, 352: 142, 353: 30, 354: 268, 355: 470, 356: 708, 357: 86, 358: 324, 359: 666, 360: 428, 361: 86, 362: 324, 363: 666, 364: 428, 365: 428, 366: 666, 367: 428, 368: 666, 369: 666, 370: 428, 371: 86, 372: 324, 373: 764, 374: 526, 375: 764, 376: 526, 377: 414, 378: 652, 379: 470, 380: 708, 381: 414, 382: 652, 383: 324, 384: 86, 385: 86, 386: 324, 387: 526, 388: 764, 389: 526, 390: 764, 391: 764, 392: 526, 393: 764, 394: 526, 395: 764, 396: 526, 397: 470, 398: 708, 399: 142, 400: 380}
Correct solution!
Number of lables used:  14
Time taken: 0.39 seconds
Memory used: 40.65 MB
--------------------------------------------------

Trying with at most 13 labels...
[runlim] sample:		10.0 time, 10.1 real, 59.8 MB
[runlim] sample:		20.0 time, 20.1 real, 61.8 MB
[runlim] sample:		30.0 time, 30.1 real, 65.3 MB
[runlim] sample:		40.0 time, 40.1 real, 68.3 MB
[runlim] sample:		50.0 time, 50.1 real, 69.2 MB
[runlim] sample:		60.0 time, 60.1 real, 58.0 MB
[runlim] sample:		70.0 time, 70.1 real, 72.2 MB
Cannot find solution.
No more solutions found.
Optimal number of labels used:  14
Time taken: 73.33 seconds
[runlim] end:			Thu Jan 15 01:55:00 2026
[runlim] status:		ok
[runlim] result:		0
[runlim] children:		0
[runlim] real:			73.46 seconds
[runlim] time:			73.28 seconds
[runlim] space:			73.0 MB
[runlim] samples:		733
