[runlim] version:		1.10
[runlim] time limit:		311040000 seconds
[runlim] real time limit:	600 seconds
[runlim] space limit:		14000 MB
[runlim] argv[0]:		python3
[runlim] argv[1]:		-u
[runlim] argv[2]:		main.py
[runlim] argv[3]:		graph01
[runlim] argv[4]:		nsc_reduced
[runlim] argv[5]:		incremental
[runlim] argv[6]:		cadical195
[runlim] start:			Thu Jan 22 23:16:45 2026
[runlim] main pid:		19967
Solve first problem:
Solution:
{1: 30, 2: 268, 3: 16, 4: 254, 5: 16, 6: 254, 7: 142, 8: 380, 9: 142, 10: 380, 11: 16, 12: 254, 13: 30, 14: 268, 15: 58, 16: 296, 17: 16, 18: 254, 19: 16, 20: 254, 21: 44, 22: 282, 23: 142, 24: 380, 25: 72, 26: 310, 27: 352, 28: 114, 29: 16, 30: 254, 31: 72, 32: 310, 33: 114, 34: 352, 35: 72, 36: 310, 37: 16, 38: 254, 39: 16, 40: 254, 41: 72, 42: 310, 43: 86, 44: 324, 45: 58, 46: 296, 47: 16, 48: 254, 49: 72, 50: 310, 51: 86, 52: 324, 53: 30, 54: 268, 55: 58, 56: 296, 57: 58, 58: 296, 59: 16, 60: 254, 61: 128, 62: 366, 63: 86, 64: 324, 65: 16, 66: 254, 67: 58, 68: 296, 69: 44, 70: 282, 71: 30, 72: 268, 73: 142, 74: 380, 75: 86, 76: 324, 77: 30, 78: 268, 79: 16, 80: 254, 81: 72, 82: 310, 83: 58, 84: 296, 85: 72, 86: 310, 87: 114, 88: 352, 89: 58, 90: 296, 91: 156, 92: 394, 93: 16, 94: 254, 95: 72, 96: 310, 97: 408, 98: 170, 99: 86, 100: 324, 101: 30, 102: 268, 103: 16, 104: 254, 105: 142, 106: 380, 107: 44, 108: 282, 109: 16, 110: 254, 111: 86, 112: 324, 113: 44, 114: 282, 115: 114, 116: 352, 117: 114, 118: 352, 119: 100, 120: 338, 121: 408, 122: 170, 123: 142, 124: 380, 125: 58, 126: 296, 127: 30, 128: 268, 129: 114, 130: 352, 131: 30, 132: 268, 133: 366, 134: 128, 135: 170, 136: 408, 137: 30, 138: 268, 139: 16, 140: 254, 141: 30, 142: 268, 143: 44, 144: 282, 145: 86, 146: 324, 147: 366, 148: 128, 149: 428, 150: 666, 151: 86, 152: 324, 153: 142, 154: 380, 155: 156, 156: 394, 157: 338, 158: 100, 159: 484, 160: 722, 161: 296, 162: 58, 163: 268, 164: 30, 165: 456, 166: 694, 167: 44, 168: 282, 169: 100, 170: 338, 171: 72, 172: 310, 173: 114, 174: 352, 175: 442, 176: 680, 177: 16, 178: 254, 179: 44, 180: 282, 181: 16, 182: 254, 183: 142, 184: 380, 185: 414, 186: 652, 187: 128, 188: 366, 189: 30, 190: 268, 191: 414, 192: 652, 193: 170, 194: 408, 195: 100, 196: 338, 197: 58, 198: 296, 199: 72, 200: 310}
Correct solution!
Number of lables used:  34
--------------------------------------------------

Trying with at most 33 labels...
Solution:
{1: 58, 2: 296, 3: 30, 4: 268, 5: 58, 6: 296, 7: 240, 8: 478, 9: 240, 10: 478, 11: 72, 12: 310, 13: 100, 14: 338, 15: 58, 16: 296, 17: 268, 18: 30, 19: 86, 20: 324, 21: 310, 22: 72, 23: 408, 24: 170, 25: 352, 26: 114, 27: 156, 28: 394, 29: 100, 30: 338, 31: 142, 32: 380, 33: 352, 34: 114, 35: 100, 36: 338, 37: 86, 38: 324, 39: 72, 40: 310, 41: 142, 42: 380, 43: 338, 44: 100, 45: 156, 46: 394, 47: 380, 48: 142, 49: 100, 50: 338, 51: 30, 52: 268, 53: 72, 54: 310, 55: 380, 56: 142, 57: 16, 58: 254, 59: 310, 60: 72, 61: 156, 62: 394, 63: 142, 64: 380, 65: 72, 66: 310, 67: 142, 68: 380, 69: 142, 70: 380, 71: 86, 72: 324, 73: 240, 74: 478, 75: 142, 76: 380, 77: 282, 78: 44, 79: 100, 80: 338, 81: 142, 82: 380, 83: 156, 84: 394, 85: 86, 86: 324, 87: 254, 88: 16, 89: 100, 90: 338, 91: 16, 92: 254, 93: 156, 94: 394, 95: 352, 96: 114, 97: 170, 98: 408, 99: 86, 100: 324, 101: 114, 102: 352, 103: 16, 104: 254, 105: 30, 106: 268, 107: 100, 108: 338, 109: 72, 110: 310, 111: 142, 112: 380, 113: 156, 114: 394, 115: 142, 116: 380, 117: 156, 118: 394, 119: 114, 120: 352, 121: 240, 122: 478, 123: 240, 124: 478, 125: 114, 126: 352, 127: 338, 128: 100, 129: 86, 130: 324, 131: 100, 132: 338, 133: 366, 134: 128, 135: 408, 136: 170, 137: 128, 138: 366, 139: 16, 140: 254, 141: 86, 142: 324, 143: 128, 144: 366, 145: 282, 146: 44, 147: 30, 148: 268, 149: 58, 150: 296, 151: 268, 152: 30, 153: 156, 154: 394, 155: 114, 156: 352, 157: 156, 158: 394, 159: 156, 160: 394, 161: 394, 162: 156, 163: 296, 164: 58, 165: 58, 166: 296, 167: 366, 168: 128, 169: 296, 170: 58, 171: 156, 172: 394, 173: 58, 174: 296, 175: 86, 176: 324, 177: 156, 178: 394, 179: 156, 180: 394, 181: 30, 182: 268, 183: 324, 184: 86, 185: 86, 186: 324, 187: 142, 188: 380, 189: 156, 190: 394, 191: 100, 192: 338, 193: 240, 194: 478, 195: 142, 196: 380, 197: 156, 198: 394, 199: 156, 200: 394}
Number of lables used:  26
Time taken: 0.20 seconds
--------------------------------------------------

Trying with at most 25 labels...
Solution:
{1: 58, 2: 296, 3: 30, 4: 268, 5: 394, 6: 156, 7: 240, 8: 478, 9: 240, 10: 478, 11: 100, 12: 338, 13: 86, 14: 324, 15: 30, 16: 268, 17: 268, 18: 30, 19: 86, 20: 324, 21: 296, 22: 58, 23: 408, 24: 170, 25: 296, 26: 58, 27: 156, 28: 394, 29: 58, 30: 296, 31: 128, 32: 366, 33: 652, 34: 414, 35: 86, 36: 324, 37: 72, 38: 310, 39: 72, 40: 310, 41: 128, 42: 366, 43: 338, 44: 100, 45: 100, 46: 338, 47: 366, 48: 128, 49: 58, 50: 296, 51: 30, 52: 268, 53: 72, 54: 310, 55: 268, 56: 30, 57: 16, 58: 254, 59: 310, 60: 72, 61: 156, 62: 394, 63: 30, 64: 268, 65: 72, 66: 310, 67: 366, 68: 128, 69: 128, 70: 366, 71: 86, 72: 324, 73: 240, 74: 478, 75: 30, 76: 268, 77: 282, 78: 44, 79: 86, 80: 324, 81: 100, 82: 338, 83: 156, 84: 394, 85: 72, 86: 310, 87: 414, 88: 652, 89: 100, 90: 338, 91: 16, 92: 254, 93: 86, 94: 324, 95: 414, 96: 652, 97: 240, 98: 478, 99: 86, 100: 324, 101: 414, 102: 652, 103: 16, 104: 254, 105: 30, 106: 268, 107: 100, 108: 338, 109: 72, 110: 310, 111: 394, 112: 156, 113: 156, 114: 394, 115: 338, 116: 100, 117: 156, 118: 394, 119: 100, 120: 338, 121: 478, 122: 240, 123: 240, 124: 478, 125: 86, 126: 324, 127: 310, 128: 72, 129: 86, 130: 324, 131: 100, 132: 338, 133: 128, 134: 366, 135: 478, 136: 240, 137: 128, 138: 366, 139: 16, 140: 254, 141: 58, 142: 296, 143: 128, 144: 366, 145: 128, 146: 366, 147: 366, 148: 128, 149: 58, 150: 296, 151: 394, 152: 156, 153: 128, 154: 366, 155: 100, 156: 338, 157: 156, 158: 394, 159: 156, 160: 394, 161: 156, 162: 394, 163: 296, 164: 58, 165: 296, 166: 58, 167: 282, 168: 44, 169: 296, 170: 58, 171: 156, 172: 394, 173: 58, 174: 296, 175: 86, 176: 324, 177: 156, 178: 394, 179: 156, 180: 394, 181: 30, 182: 268, 183: 128, 184: 366, 185: 86, 186: 324, 187: 128, 188: 366, 189: 156, 190: 394, 191: 100, 192: 338, 193: 240, 194: 478, 195: 366, 196: 128, 197: 100, 198: 338, 199: 156, 200: 394}
Number of lables used:  24
Time taken: 0.21 seconds
--------------------------------------------------

Trying with at most 23 labels...
Solution:
{1: 58, 2: 296, 3: 30, 4: 268, 5: 380, 6: 142, 7: 240, 8: 478, 9: 240, 10: 478, 11: 414, 12: 652, 13: 86, 14: 324, 15: 30, 16: 268, 17: 268, 18: 30, 19: 86, 20: 324, 21: 652, 22: 414, 23: 380, 24: 142, 25: 680, 26: 442, 27: 30, 28: 268, 29: 30, 30: 268, 31: 128, 32: 366, 33: 652, 34: 414, 35: 86, 36: 324, 37: 58, 38: 296, 39: 58, 40: 296, 41: 128, 42: 366, 43: 352, 44: 114, 45: 86, 46: 324, 47: 680, 48: 442, 49: 58, 50: 296, 51: 366, 52: 128, 53: 58, 54: 296, 55: 268, 56: 30, 57: 324, 58: 86, 59: 366, 60: 128, 61: 142, 62: 380, 63: 380, 64: 142, 65: 58, 66: 296, 67: 366, 68: 128, 69: 128, 70: 366, 71: 58, 72: 296, 73: 240, 74: 478, 75: 44, 76: 282, 77: 282, 78: 44, 79: 58, 80: 296, 81: 86, 82: 324, 83: 142, 84: 380, 85: 30, 86: 268, 87: 680, 88: 442, 89: 86, 90: 324, 91: 58, 92: 296, 93: 86, 94: 324, 95: 414, 96: 652, 97: 478, 98: 240, 99: 58, 100: 296, 101: 142, 102: 380, 103: 282, 104: 44, 105: 30, 106: 268, 107: 86, 108: 324, 109: 58, 110: 296, 111: 380, 112: 142, 113: 142, 114: 380, 115: 352, 116: 114, 117: 142, 118: 380, 119: 86, 120: 324, 121: 478, 122: 240, 123: 240, 124: 478, 125: 86, 126: 324, 127: 352, 128: 114, 129: 268, 130: 30, 131: 380, 132: 142, 133: 442, 134: 680, 135: 478, 136: 240, 137: 128, 138: 366, 139: 324, 140: 86, 141: 58, 142: 296, 143: 128, 144: 366, 145: 296, 146: 58, 147: 296, 148: 58, 149: 442, 150: 680, 151: 652, 152: 414, 153: 128, 154: 366, 155: 86, 156: 324, 157: 142, 158: 380, 159: 652, 160: 414, 161: 142, 162: 380, 163: 296, 164: 58, 165: 296, 166: 58, 167: 282, 168: 44, 169: 296, 170: 58, 171: 142, 172: 380, 173: 58, 174: 296, 175: 86, 176: 324, 177: 142, 178: 380, 179: 142, 180: 380, 181: 30, 182: 268, 183: 352, 184: 114, 185: 86, 186: 324, 187: 128, 188: 366, 189: 142, 190: 380, 191: 86, 192: 324, 193: 240, 194: 478, 195: 366, 196: 128, 197: 86, 198: 324, 199: 142, 200: 380}
Number of lables used:  20
Time taken: 0.21 seconds
--------------------------------------------------

Trying with at most 19 labels...
Solution:
{1: 652, 2: 414, 3: 652, 4: 414, 5: 268, 6: 30, 7: 240, 8: 478, 9: 478, 10: 240, 11: 414, 12: 652, 13: 44, 14: 282, 15: 736, 16: 498, 17: 380, 18: 142, 19: 72, 20: 310, 21: 652, 22: 414, 23: 380, 24: 142, 25: 540, 26: 778, 27: 268, 28: 30, 29: 380, 30: 142, 31: 352, 32: 114, 33: 652, 34: 414, 35: 380, 36: 142, 37: 44, 38: 282, 39: 44, 40: 282, 41: 114, 42: 352, 43: 352, 44: 114, 45: 72, 46: 310, 47: 736, 48: 498, 49: 114, 50: 352, 51: 352, 52: 114, 53: 44, 54: 282, 55: 114, 56: 352, 57: 652, 58: 414, 59: 498, 60: 736, 61: 142, 62: 380, 63: 142, 64: 380, 65: 30, 66: 268, 67: 736, 68: 498, 69: 72, 70: 310, 71: 30, 72: 268, 73: 240, 74: 478, 75: 72, 76: 310, 77: 310, 78: 72, 79: 44, 80: 282, 81: 72, 82: 310, 83: 114, 84: 352, 85: 114, 86: 352, 87: 652, 88: 414, 89: 72, 90: 310, 91: 44, 92: 282, 93: 380, 94: 142, 95: 352, 96: 114, 97: 240, 98: 478, 99: 30, 100: 268, 101: 142, 102: 380, 103: 30, 104: 268, 105: 30, 106: 268, 107: 72, 108: 310, 109: 30, 110: 268, 111: 380, 112: 142, 113: 142, 114: 380, 115: 30, 116: 268, 117: 142, 118: 380, 119: 44, 120: 282, 121: 478, 122: 240, 123: 240, 124: 478, 125: 30, 126: 268, 127: 352, 128: 114, 129: 30, 130: 268, 131: 380, 132: 142, 133: 540, 134: 778, 135: 478, 136: 240, 137: 114, 138: 352, 139: 310, 140: 72, 141: 30, 142: 268, 143: 114, 144: 352, 145: 44, 146: 282, 147: 282, 148: 44, 149: 652, 150: 414, 151: 142, 152: 380, 153: 114, 154: 352, 155: 72, 156: 310, 157: 142, 158: 380, 159: 540, 160: 778, 161: 142, 162: 380, 163: 380, 164: 142, 165: 72, 166: 310, 167: 540, 168: 778, 169: 44, 170: 282, 171: 142, 172: 380, 173: 44, 174: 282, 175: 498, 176: 736, 177: 142, 178: 380, 179: 142, 180: 380, 181: 498, 182: 736, 183: 282, 184: 44, 185: 414, 186: 652, 187: 72, 188: 310, 189: 142, 190: 380, 191: 30, 192: 268, 193: 240, 194: 478, 195: 282, 196: 44, 197: 72, 198: 310, 199: 142, 200: 380}
Number of lables used:  18
Time taken: 0.22 seconds
--------------------------------------------------

Trying with at most 17 labels...
[runlim] sample:		10.0 time, 10.9 real, 55.1 MB
[runlim] sample:		20.0 time, 20.9 real, 53.2 MB
[runlim] sample:		30.0 time, 30.9 real, 60.9 MB
[runlim] sample:		40.0 time, 40.9 real, 64.0 MB
[runlim] sample:		50.0 time, 50.9 real, 56.5 MB
Cannot find solution.
No more solutions found.
Optimal number of labels used:  18
[runlim] end:			Thu Jan 22 23:17:40 2026
[runlim] status:		ok
[runlim] result:		0
[runlim] children:		0
[runlim] real:			55.60 seconds
[runlim] time:			54.66 seconds
[runlim] space:			64.7 MB
[runlim] samples:		547
