[runlim] version:		1.10
[runlim] time limit:		311040000 seconds
[runlim] real time limit:	600 seconds
[runlim] space limit:		14000 MB
[runlim] argv[0]:		python3
[runlim] argv[1]:		-u
[runlim] argv[2]:		main.py
[runlim] argv[3]:		scen07
[runlim] argv[4]:		nsc_reduced
[runlim] argv[5]:		incremental
[runlim] argv[6]:		cadical195
[runlim] start:			Sat Jan 24 00:28:38 2026
[runlim] main pid:		9562
Solve first problem:
Cannot find solution.
[runlim] end:			Sat Jan 24 00:28:39 2026
[runlim] status:		ok
[runlim] result:		0
[runlim] children:		0
[runlim] real:			1.20 seconds
[runlim] time:			0.29 seconds
[runlim] space:			28.1 MB
[runlim] samples:		3
