[runlim] version:		1.10
[runlim] time limit:		311040000 seconds
[runlim] real time limit:	900 seconds
[runlim] space limit:		8000 MB
[runlim] argv[0]:		python3
[runlim] argv[1]:		-u
[runlim] argv[2]:		main.py
[runlim] argv[3]:		graph03
[runlim] argv[4]:		nsc
[runlim] argv[5]:		incremental
[runlim] start:			Mon Jan 12 07:57:28 2026
[runlim] main pid:		172340
Solve first problem:
Solution:
{1: 456, 2: 694, 3: 554, 4: 792, 5: 498, 6: 736, 7: 484, 8: 722, 9: 540, 10: 778, 11: 540, 12: 778, 13: 254, 14: 16, 15: 254, 16: 16, 17: 526, 18: 764, 19: 414, 20: 652, 21: 414, 22: 652, 23: 310, 24: 72, 25: 498, 26: 736, 27: 296, 28: 58, 29: 512, 30: 750, 31: 254, 32: 16, 33: 310, 34: 72, 35: 554, 36: 792, 37: 414, 38: 652, 39: 16, 40: 254, 41: 338, 42: 100, 43: 470, 44: 708, 45: 310, 46: 72, 47: 498, 48: 736, 49: 778, 50: 540, 51: 540, 52: 778, 53: 540, 54: 778, 55: 764, 56: 526, 57: 484, 58: 722, 59: 296, 60: 58, 61: 282, 62: 44, 63: 428, 64: 666, 65: 456, 66: 694, 67: 498, 68: 736, 69: 428, 70: 666, 71: 526, 72: 764, 73: 310, 74: 72, 75: 352, 76: 114, 77: 442, 78: 680, 79: 414, 80: 652, 81: 484, 82: 722, 83: 442, 84: 680, 85: 414, 86: 652, 87: 394, 88: 156, 89: 470, 90: 708, 91: 428, 92: 666, 93: 428, 94: 666, 95: 142, 96: 380, 97: 324, 98: 86, 99: 44, 100: 282, 101: 792, 102: 554, 103: 268, 104: 30, 105: 428, 106: 666, 107: 310, 108: 72, 109: 268, 110: 30, 111: 394, 112: 156, 113: 394, 114: 156, 115: 58, 116: 296, 117: 540, 118: 778, 119: 442, 120: 680, 121: 254, 122: 16, 123: 394, 124: 156, 125: 526, 126: 764, 127: 324, 128: 86, 129: 498, 130: 736, 131: 268, 132: 30, 133: 470, 134: 708, 135: 540, 136: 778, 137: 296, 138: 58, 139: 680, 140: 442, 141: 498, 142: 736, 143: 352, 144: 114, 145: 30, 146: 268, 147: 338, 148: 100, 149: 512, 150: 750, 151: 268, 152: 30, 153: 254, 154: 16, 155: 324, 156: 86, 157: 352, 158: 114, 159: 352, 160: 114, 161: 456, 162: 694, 163: 296, 164: 58, 165: 324, 166: 86, 167: 352, 168: 114, 169: 512, 170: 750, 171: 282, 172: 44, 173: 428, 174: 666, 175: 268, 176: 30, 177: 428, 178: 666, 179: 456, 180: 694, 181: 296, 182: 58, 183: 498, 184: 736, 185: 268, 186: 30, 187: 254, 188: 16, 189: 338, 190: 100, 191: 414, 192: 652, 193: 456, 194: 694, 195: 268, 196: 30, 197: 470, 198: 708, 199: 268, 200: 30}
Correct solution!
Number of lables used:  42
Time taken: 0.15 seconds
Memory used: 30.31 MB
--------------------------------------------------

Trying with at most 41 labels...
Solution:
{1: 456, 2: 694, 3: 554, 4: 792, 5: 498, 6: 736, 7: 484, 8: 722, 9: 540, 10: 778, 11: 554, 12: 792, 13: 254, 14: 16, 15: 254, 16: 16, 17: 526, 18: 764, 19: 414, 20: 652, 21: 414, 22: 652, 23: 310, 24: 72, 25: 498, 26: 736, 27: 296, 28: 58, 29: 526, 30: 764, 31: 254, 32: 16, 33: 324, 34: 86, 35: 554, 36: 792, 37: 414, 38: 652, 39: 16, 40: 254, 41: 352, 42: 114, 43: 470, 44: 708, 45: 470, 46: 708, 47: 498, 48: 736, 49: 778, 50: 540, 51: 540, 52: 778, 53: 540, 54: 778, 55: 764, 56: 526, 57: 484, 58: 722, 59: 296, 60: 58, 61: 324, 62: 86, 63: 428, 64: 666, 65: 456, 66: 694, 67: 498, 68: 736, 69: 428, 70: 666, 71: 540, 72: 778, 73: 310, 74: 72, 75: 352, 76: 114, 77: 442, 78: 680, 79: 380, 80: 142, 81: 484, 82: 722, 83: 442, 84: 680, 85: 414, 86: 652, 87: 394, 88: 156, 89: 470, 90: 708, 91: 428, 92: 666, 93: 428, 94: 666, 95: 142, 96: 380, 97: 338, 98: 100, 99: 44, 100: 282, 101: 792, 102: 554, 103: 268, 104: 30, 105: 428, 106: 666, 107: 310, 108: 72, 109: 268, 110: 30, 111: 414, 112: 652, 113: 394, 114: 156, 115: 58, 116: 296, 117: 540, 118: 778, 119: 442, 120: 680, 121: 254, 122: 16, 123: 394, 124: 156, 125: 540, 126: 778, 127: 324, 128: 86, 129: 498, 130: 736, 131: 268, 132: 30, 133: 470, 134: 708, 135: 540, 136: 778, 137: 296, 138: 58, 139: 680, 140: 442, 141: 498, 142: 736, 143: 442, 144: 680, 145: 30, 146: 268, 147: 338, 148: 100, 149: 282, 150: 44, 151: 268, 152: 30, 153: 254, 154: 16, 155: 324, 156: 86, 157: 394, 158: 156, 159: 352, 160: 114, 161: 456, 162: 694, 163: 296, 164: 58, 165: 324, 166: 86, 167: 352, 168: 114, 169: 526, 170: 764, 171: 282, 172: 44, 173: 442, 174: 680, 175: 310, 176: 72, 177: 428, 178: 666, 179: 456, 180: 694, 181: 296, 182: 58, 183: 498, 184: 736, 185: 268, 186: 30, 187: 254, 188: 16, 189: 338, 190: 100, 191: 414, 192: 652, 193: 456, 194: 694, 195: 268, 196: 30, 197: 470, 198: 708, 199: 268, 200: 30}
Correct solution!
Number of lables used:  40
Time taken: 0.16 seconds
Memory used: 31.31 MB
--------------------------------------------------

Trying with at most 39 labels...
Solution:
{1: 456, 2: 694, 3: 554, 4: 792, 5: 498, 6: 736, 7: 540, 8: 778, 9: 540, 10: 778, 11: 268, 12: 30, 13: 352, 14: 114, 15: 254, 16: 16, 17: 498, 18: 736, 19: 414, 20: 652, 21: 414, 22: 652, 23: 324, 24: 86, 25: 310, 26: 72, 27: 310, 28: 72, 29: 540, 30: 778, 31: 282, 32: 44, 33: 324, 34: 86, 35: 526, 36: 764, 37: 310, 38: 72, 39: 16, 40: 254, 41: 414, 42: 652, 43: 324, 44: 86, 45: 352, 46: 114, 47: 324, 48: 86, 49: 778, 50: 540, 51: 540, 52: 778, 53: 268, 54: 30, 55: 764, 56: 526, 57: 484, 58: 722, 59: 296, 60: 58, 61: 324, 62: 86, 63: 394, 64: 156, 65: 554, 66: 792, 67: 498, 68: 736, 69: 456, 70: 694, 71: 540, 72: 778, 73: 282, 74: 44, 75: 352, 76: 114, 77: 380, 78: 142, 79: 442, 80: 680, 81: 324, 82: 86, 83: 442, 84: 680, 85: 442, 86: 680, 87: 394, 88: 156, 89: 338, 90: 100, 91: 394, 92: 156, 93: 526, 94: 764, 95: 142, 96: 380, 97: 338, 98: 100, 99: 44, 100: 282, 101: 792, 102: 554, 103: 268, 104: 30, 105: 484, 106: 722, 107: 310, 108: 72, 109: 268, 110: 30, 111: 414, 112: 652, 113: 394, 114: 156, 115: 58, 116: 296, 117: 540, 118: 778, 119: 540, 120: 778, 121: 268, 122: 30, 123: 394, 124: 156, 125: 540, 126: 778, 127: 338, 128: 100, 129: 498, 130: 736, 131: 268, 132: 30, 133: 498, 134: 736, 135: 540, 136: 778, 137: 296, 138: 58, 139: 694, 140: 456, 141: 498, 142: 736, 143: 352, 144: 114, 145: 30, 146: 268, 147: 338, 148: 100, 149: 282, 150: 44, 151: 282, 152: 44, 153: 394, 154: 156, 155: 324, 156: 86, 157: 394, 158: 156, 159: 352, 160: 114, 161: 456, 162: 694, 163: 296, 164: 58, 165: 324, 166: 86, 167: 414, 168: 652, 169: 526, 170: 764, 171: 282, 172: 44, 173: 442, 174: 680, 175: 310, 176: 72, 177: 456, 178: 694, 179: 338, 180: 100, 181: 296, 182: 58, 183: 498, 184: 736, 185: 268, 186: 30, 187: 442, 188: 680, 189: 352, 190: 114, 191: 394, 192: 156, 193: 456, 194: 694, 195: 442, 196: 680, 197: 526, 198: 764, 199: 268, 200: 30}
Correct solution!
Number of lables used:  36
Time taken: 0.17 seconds
Memory used: 31.31 MB
--------------------------------------------------

Trying with at most 35 labels...
Solution:
{1: 456, 2: 694, 3: 540, 4: 778, 5: 498, 6: 736, 7: 540, 8: 778, 9: 540, 10: 778, 11: 268, 12: 30, 13: 456, 14: 694, 15: 296, 16: 58, 17: 498, 18: 736, 19: 414, 20: 652, 21: 414, 22: 652, 23: 324, 24: 86, 25: 554, 26: 792, 27: 498, 28: 736, 29: 512, 30: 750, 31: 282, 32: 44, 33: 324, 34: 86, 35: 526, 36: 764, 37: 324, 38: 86, 39: 16, 40: 254, 41: 414, 42: 652, 43: 324, 44: 86, 45: 296, 46: 58, 47: 324, 48: 86, 49: 778, 50: 540, 51: 526, 52: 764, 53: 268, 54: 30, 55: 764, 56: 526, 57: 484, 58: 722, 59: 296, 60: 58, 61: 324, 62: 86, 63: 414, 64: 652, 65: 512, 66: 750, 67: 498, 68: 736, 69: 380, 70: 142, 71: 540, 72: 778, 73: 268, 74: 30, 75: 456, 76: 694, 77: 456, 78: 694, 79: 394, 80: 156, 81: 324, 82: 86, 83: 380, 84: 142, 85: 394, 86: 156, 87: 394, 88: 156, 89: 324, 90: 86, 91: 394, 92: 156, 93: 380, 94: 142, 95: 142, 96: 380, 97: 338, 98: 100, 99: 44, 100: 282, 101: 792, 102: 554, 103: 268, 104: 30, 105: 484, 106: 722, 107: 498, 108: 736, 109: 268, 110: 30, 111: 414, 112: 652, 113: 394, 114: 156, 115: 58, 116: 296, 117: 540, 118: 778, 119: 498, 120: 736, 121: 512, 122: 750, 123: 394, 124: 156, 125: 540, 126: 778, 127: 338, 128: 100, 129: 512, 130: 750, 131: 268, 132: 30, 133: 484, 134: 722, 135: 540, 136: 778, 137: 296, 138: 58, 139: 694, 140: 456, 141: 498, 142: 736, 143: 456, 144: 694, 145: 30, 146: 268, 147: 338, 148: 100, 149: 282, 150: 44, 151: 282, 152: 44, 153: 394, 154: 156, 155: 324, 156: 86, 157: 394, 158: 156, 159: 442, 160: 680, 161: 338, 162: 100, 163: 296, 164: 58, 165: 324, 166: 86, 167: 414, 168: 652, 169: 526, 170: 764, 171: 282, 172: 44, 173: 442, 174: 680, 175: 498, 176: 736, 177: 442, 178: 680, 179: 338, 180: 100, 181: 296, 182: 58, 183: 484, 184: 722, 185: 268, 186: 30, 187: 442, 188: 680, 189: 380, 190: 142, 191: 414, 192: 652, 193: 456, 194: 694, 195: 442, 196: 680, 197: 526, 198: 764, 199: 268, 200: 30}
Correct solution!
Number of lables used:  34
Time taken: 0.17 seconds
Memory used: 31.43 MB
--------------------------------------------------

Trying with at most 33 labels...
Solution:
{1: 456, 2: 694, 3: 554, 4: 792, 5: 498, 6: 736, 7: 268, 8: 30, 9: 526, 10: 764, 11: 554, 12: 792, 13: 254, 14: 16, 15: 282, 16: 44, 17: 526, 18: 764, 19: 414, 20: 652, 21: 380, 22: 142, 23: 310, 24: 72, 25: 498, 26: 736, 27: 296, 28: 58, 29: 526, 30: 764, 31: 268, 32: 30, 33: 456, 34: 694, 35: 554, 36: 792, 37: 456, 38: 694, 39: 16, 40: 254, 41: 428, 42: 666, 43: 498, 44: 736, 45: 254, 46: 16, 47: 310, 48: 72, 49: 722, 50: 484, 51: 540, 52: 778, 53: 540, 54: 778, 55: 708, 56: 470, 57: 470, 58: 708, 59: 30, 60: 268, 61: 310, 62: 72, 63: 428, 64: 666, 65: 254, 66: 16, 67: 484, 68: 722, 69: 428, 70: 666, 71: 554, 72: 792, 73: 540, 74: 778, 75: 470, 76: 708, 77: 352, 78: 114, 79: 380, 80: 142, 81: 484, 82: 722, 83: 352, 84: 114, 85: 380, 86: 142, 87: 16, 88: 254, 89: 456, 90: 694, 91: 380, 92: 142, 93: 282, 94: 44, 95: 142, 96: 380, 97: 380, 98: 142, 99: 44, 100: 282, 101: 736, 102: 498, 103: 554, 104: 792, 105: 498, 106: 736, 107: 352, 108: 114, 109: 708, 110: 470, 111: 16, 112: 254, 113: 380, 114: 142, 115: 58, 116: 296, 117: 540, 118: 778, 119: 268, 120: 30, 121: 498, 122: 736, 123: 30, 124: 268, 125: 554, 126: 792, 127: 484, 128: 722, 129: 526, 130: 764, 131: 58, 132: 296, 133: 470, 134: 708, 135: 526, 136: 764, 137: 526, 138: 764, 139: 708, 140: 470, 141: 498, 142: 736, 143: 792, 144: 554, 145: 30, 146: 268, 147: 484, 148: 722, 149: 540, 150: 778, 151: 352, 152: 114, 153: 414, 154: 652, 155: 666, 156: 428, 157: 380, 158: 142, 159: 428, 160: 666, 161: 484, 162: 722, 163: 114, 164: 352, 165: 310, 166: 72, 167: 296, 168: 58, 169: 540, 170: 778, 171: 268, 172: 30, 173: 456, 174: 694, 175: 296, 176: 58, 177: 44, 178: 282, 179: 778, 180: 540, 181: 526, 182: 764, 183: 498, 184: 736, 185: 554, 186: 792, 187: 470, 188: 708, 189: 282, 190: 44, 191: 296, 192: 58, 193: 456, 194: 694, 195: 268, 196: 30, 197: 540, 198: 778, 199: 380, 200: 142}
Correct solution!
Number of lables used:  32
Time taken: 0.24 seconds
Memory used: 31.81 MB
--------------------------------------------------

Trying with at most 31 labels...
Solution:
{1: 484, 2: 722, 3: 268, 4: 30, 5: 268, 6: 30, 7: 554, 8: 792, 9: 540, 10: 778, 11: 268, 12: 30, 13: 456, 14: 694, 15: 296, 16: 58, 17: 296, 18: 58, 19: 442, 20: 680, 21: 442, 22: 680, 23: 324, 24: 86, 25: 498, 26: 736, 27: 484, 28: 722, 29: 296, 30: 58, 31: 282, 32: 44, 33: 456, 34: 694, 35: 268, 36: 30, 37: 366, 38: 128, 39: 764, 40: 526, 41: 380, 42: 142, 43: 324, 44: 86, 45: 484, 46: 722, 47: 484, 48: 722, 49: 778, 50: 540, 51: 282, 52: 44, 53: 540, 54: 778, 55: 764, 56: 526, 57: 484, 58: 722, 59: 296, 60: 58, 61: 324, 62: 86, 63: 394, 64: 156, 65: 456, 66: 694, 67: 526, 68: 764, 69: 380, 70: 142, 71: 268, 72: 30, 73: 554, 74: 792, 75: 484, 76: 722, 77: 456, 78: 694, 79: 394, 80: 156, 81: 324, 82: 86, 83: 380, 84: 142, 85: 394, 86: 156, 87: 442, 88: 680, 89: 324, 90: 86, 91: 394, 92: 156, 93: 380, 94: 142, 95: 142, 96: 380, 97: 366, 98: 128, 99: 736, 100: 498, 101: 792, 102: 554, 103: 268, 104: 30, 105: 498, 106: 736, 107: 526, 108: 764, 109: 268, 110: 30, 111: 394, 112: 156, 113: 394, 114: 156, 115: 722, 116: 484, 117: 268, 118: 30, 119: 442, 120: 680, 121: 540, 122: 778, 123: 394, 124: 156, 125: 268, 126: 30, 127: 456, 128: 694, 129: 540, 130: 778, 131: 268, 132: 30, 133: 484, 134: 722, 135: 268, 136: 30, 137: 296, 138: 58, 139: 694, 140: 456, 141: 526, 142: 764, 143: 484, 144: 722, 145: 30, 146: 268, 147: 498, 148: 736, 149: 282, 150: 44, 151: 366, 152: 128, 153: 394, 154: 156, 155: 324, 156: 86, 157: 394, 158: 156, 159: 442, 160: 680, 161: 498, 162: 736, 163: 296, 164: 58, 165: 324, 166: 86, 167: 442, 168: 680, 169: 554, 170: 792, 171: 282, 172: 44, 173: 366, 174: 128, 175: 498, 176: 736, 177: 366, 178: 128, 179: 498, 180: 736, 181: 296, 182: 58, 183: 540, 184: 778, 185: 268, 186: 30, 187: 526, 188: 764, 189: 456, 190: 694, 191: 380, 192: 142, 193: 484, 194: 722, 195: 442, 196: 680, 197: 268, 198: 30, 199: 380, 200: 142}
Correct solution!
Number of lables used:  28
Time taken: 0.31 seconds
Memory used: 32.06 MB
--------------------------------------------------

Trying with at most 27 labels...
Solution:
{1: 722, 2: 484, 3: 156, 4: 394, 5: 142, 6: 380, 7: 156, 8: 394, 9: 156, 10: 394, 11: 156, 12: 394, 13: 72, 14: 310, 15: 128, 16: 366, 17: 764, 18: 526, 19: 764, 20: 526, 21: 30, 22: 268, 23: 100, 24: 338, 25: 764, 26: 526, 27: 114, 28: 352, 29: 128, 30: 366, 31: 142, 32: 380, 33: 58, 34: 296, 35: 722, 36: 484, 37: 722, 38: 484, 39: 114, 40: 352, 41: 30, 42: 268, 43: 100, 44: 338, 45: 72, 46: 310, 47: 100, 48: 338, 49: 764, 50: 526, 51: 722, 52: 484, 53: 156, 54: 394, 55: 778, 56: 540, 57: 778, 58: 540, 59: 128, 60: 366, 61: 722, 62: 484, 63: 30, 64: 268, 65: 72, 66: 310, 67: 778, 68: 540, 69: 44, 70: 282, 71: 722, 72: 484, 73: 156, 74: 394, 75: 72, 76: 310, 77: 58, 78: 296, 79: 30, 80: 268, 81: 100, 82: 338, 83: 44, 84: 282, 85: 30, 86: 268, 87: 30, 88: 268, 89: 722, 90: 484, 91: 30, 92: 268, 93: 44, 94: 282, 95: 240, 96: 478, 97: 44, 98: 282, 99: 142, 100: 380, 101: 30, 102: 268, 103: 156, 104: 394, 105: 764, 106: 526, 107: 114, 108: 352, 109: 156, 110: 394, 111: 778, 112: 540, 113: 30, 114: 268, 115: 156, 116: 394, 117: 778, 118: 540, 119: 58, 120: 296, 121: 128, 122: 366, 123: 30, 124: 268, 125: 156, 126: 394, 127: 778, 128: 540, 129: 128, 130: 366, 131: 156, 132: 394, 133: 778, 134: 540, 135: 156, 136: 394, 137: 128, 138: 366, 139: 778, 140: 540, 141: 114, 142: 352, 143: 778, 144: 540, 145: 128, 146: 366, 147: 722, 148: 484, 149: 142, 150: 380, 151: 58, 152: 296, 153: 30, 154: 268, 155: 100, 156: 338, 157: 30, 158: 268, 159: 72, 160: 310, 161: 778, 162: 540, 163: 128, 164: 366, 165: 778, 166: 540, 167: 30, 168: 268, 169: 142, 170: 380, 171: 142, 172: 380, 173: 764, 174: 526, 175: 114, 176: 352, 177: 58, 178: 296, 179: 764, 180: 526, 181: 128, 182: 366, 183: 778, 184: 540, 185: 156, 186: 394, 187: 72, 188: 310, 189: 44, 190: 282, 191: 30, 192: 268, 193: 72, 194: 310, 195: 58, 196: 296, 197: 722, 198: 484, 199: 30, 200: 268}
Correct solution!
Number of lables used:  26
Time taken: 0.45 seconds
Memory used: 32.56 MB
--------------------------------------------------

Trying with at most 25 labels...
Solution:
{1: 100, 2: 338, 3: 156, 4: 394, 5: 142, 6: 380, 7: 156, 8: 394, 9: 156, 10: 394, 11: 156, 12: 394, 13: 736, 14: 498, 15: 128, 16: 366, 17: 114, 18: 352, 19: 708, 20: 470, 21: 30, 22: 268, 23: 100, 24: 338, 25: 114, 26: 352, 27: 114, 28: 352, 29: 128, 30: 366, 31: 142, 32: 380, 33: 58, 34: 296, 35: 156, 36: 394, 37: 708, 38: 470, 39: 764, 40: 526, 41: 30, 42: 268, 43: 100, 44: 338, 45: 722, 46: 484, 47: 694, 48: 456, 49: 764, 50: 526, 51: 142, 52: 380, 53: 156, 54: 394, 55: 58, 56: 296, 57: 708, 58: 470, 59: 128, 60: 366, 61: 100, 62: 338, 63: 30, 64: 268, 65: 736, 66: 498, 67: 114, 68: 352, 69: 764, 70: 526, 71: 156, 72: 394, 73: 156, 74: 394, 75: 736, 76: 498, 77: 58, 78: 296, 79: 30, 80: 268, 81: 100, 82: 338, 83: 764, 84: 526, 85: 30, 86: 268, 87: 30, 88: 268, 89: 722, 90: 484, 91: 764, 92: 526, 93: 764, 94: 526, 95: 142, 96: 380, 97: 764, 98: 526, 99: 736, 100: 498, 101: 30, 102: 268, 103: 156, 104: 394, 105: 708, 106: 470, 107: 694, 108: 456, 109: 156, 110: 394, 111: 30, 112: 268, 113: 764, 114: 526, 115: 58, 116: 296, 117: 156, 118: 394, 119: 58, 120: 296, 121: 128, 122: 366, 123: 30, 124: 268, 125: 156, 126: 394, 127: 708, 128: 470, 129: 128, 130: 366, 131: 156, 132: 394, 133: 708, 134: 470, 135: 156, 136: 394, 137: 128, 138: 366, 139: 694, 140: 456, 141: 114, 142: 352, 143: 722, 144: 484, 145: 30, 146: 268, 147: 722, 148: 484, 149: 142, 150: 380, 151: 736, 152: 498, 153: 30, 154: 268, 155: 708, 156: 470, 157: 764, 158: 526, 159: 722, 160: 484, 161: 722, 162: 484, 163: 128, 164: 366, 165: 694, 166: 456, 167: 30, 168: 268, 169: 142, 170: 380, 171: 142, 172: 380, 173: 736, 174: 498, 175: 114, 176: 352, 177: 58, 178: 296, 179: 708, 180: 470, 181: 128, 182: 366, 183: 694, 184: 456, 185: 156, 186: 394, 187: 722, 188: 484, 189: 764, 190: 526, 191: 30, 192: 268, 193: 764, 194: 526, 195: 58, 196: 296, 197: 142, 198: 380, 199: 736, 200: 498}
Correct solution!
Number of lables used:  24
Time taken: 0.54 seconds
Memory used: 33.06 MB
--------------------------------------------------

Trying with at most 23 labels...
Solution:
{1: 694, 2: 456, 3: 142, 4: 380, 5: 114, 6: 352, 7: 142, 8: 380, 9: 142, 10: 380, 11: 142, 12: 380, 13: 736, 14: 498, 15: 114, 16: 352, 17: 114, 18: 352, 19: 736, 20: 498, 21: 16, 22: 254, 23: 86, 24: 324, 25: 694, 26: 456, 27: 694, 28: 456, 29: 114, 30: 352, 31: 128, 32: 366, 33: 722, 34: 484, 35: 142, 36: 380, 37: 722, 38: 484, 39: 16, 40: 254, 41: 16, 42: 254, 43: 86, 44: 324, 45: 722, 46: 484, 47: 764, 48: 526, 49: 764, 50: 526, 51: 128, 52: 366, 53: 142, 54: 380, 55: 44, 56: 282, 57: 86, 58: 324, 59: 114, 60: 352, 61: 86, 62: 324, 63: 16, 64: 254, 65: 736, 66: 498, 67: 694, 68: 456, 69: 764, 70: 526, 71: 142, 72: 380, 73: 142, 74: 380, 75: 736, 76: 498, 77: 44, 78: 282, 79: 16, 80: 254, 81: 86, 82: 324, 83: 764, 84: 526, 85: 16, 86: 254, 87: 16, 88: 254, 89: 722, 90: 484, 91: 16, 92: 254, 93: 764, 94: 526, 95: 142, 96: 380, 97: 736, 98: 498, 99: 44, 100: 282, 101: 16, 102: 254, 103: 142, 104: 380, 105: 86, 106: 324, 107: 694, 108: 456, 109: 142, 110: 380, 111: 16, 112: 254, 113: 16, 114: 254, 115: 736, 116: 498, 117: 142, 118: 380, 119: 44, 120: 282, 121: 114, 122: 352, 123: 16, 124: 254, 125: 142, 126: 380, 127: 722, 128: 484, 129: 114, 130: 352, 131: 142, 132: 380, 133: 694, 134: 456, 135: 142, 136: 380, 137: 114, 138: 352, 139: 86, 140: 324, 141: 694, 142: 456, 143: 736, 144: 498, 145: 764, 146: 526, 147: 722, 148: 484, 149: 128, 150: 366, 151: 44, 152: 282, 153: 16, 154: 254, 155: 86, 156: 324, 157: 16, 158: 254, 159: 764, 160: 526, 161: 722, 162: 484, 163: 114, 164: 352, 165: 722, 166: 484, 167: 16, 168: 254, 169: 128, 170: 366, 171: 128, 172: 366, 173: 44, 174: 282, 175: 694, 176: 456, 177: 44, 178: 282, 179: 722, 180: 484, 181: 114, 182: 352, 183: 86, 184: 324, 185: 142, 186: 380, 187: 736, 188: 498, 189: 764, 190: 526, 191: 16, 192: 254, 193: 736, 194: 498, 195: 44, 196: 282, 197: 128, 198: 366, 199: 764, 200: 526}
Correct solution!
Number of lables used:  20
Time taken: 0.61 seconds
Memory used: 33.18 MB
--------------------------------------------------

Trying with at most 19 labels...
Cannot find solution.
No more solutions found.
Optimal number of labels used:  20
Time taken: 4.97 seconds
[runlim] end:			Mon Jan 12 07:57:33 2026
[runlim] status:		ok
[runlim] result:		0
[runlim] children:		0
[runlim] real:			5.51 seconds
[runlim] time:			4.99 seconds
[runlim] space:			43.7 MB
[runlim] samples:		50
