[runlim] version:		1.10
[runlim] time limit:		311040000 seconds
[runlim] real time limit:	900 seconds
[runlim] space limit:		8000 MB
[runlim] argv[0]:		python3
[runlim] argv[1]:		-u
[runlim] argv[2]:		main.py
[runlim] argv[3]:		graph02
[runlim] argv[4]:		nsc
[runlim] argv[5]:		incremental
[runlim] start:			Mon Jan 12 07:57:03 2026
[runlim] main pid:		172162
Solve first problem:
Solution:
{1: 666, 2: 428, 3: 100, 4: 338, 5: 268, 6: 30, 7: 324, 8: 86, 9: 652, 10: 414, 11: 394, 12: 156, 13: 694, 14: 456, 15: 310, 16: 72, 17: 282, 18: 44, 19: 296, 20: 58, 21: 142, 22: 380, 23: 366, 24: 128, 25: 268, 26: 30, 27: 324, 28: 86, 29: 156, 30: 394, 31: 114, 32: 352, 33: 380, 34: 142, 35: 666, 36: 428, 37: 86, 38: 324, 39: 380, 40: 142, 41: 324, 42: 86, 43: 254, 44: 16, 45: 680, 46: 442, 47: 338, 48: 100, 49: 310, 50: 72, 51: 44, 52: 282, 53: 380, 54: 142, 55: 296, 56: 58, 57: 666, 58: 428, 59: 310, 60: 72, 61: 128, 62: 366, 63: 310, 64: 72, 65: 30, 66: 268, 67: 652, 68: 414, 69: 254, 70: 16, 71: 380, 72: 142, 73: 16, 74: 254, 75: 254, 76: 16, 77: 394, 78: 156, 79: 282, 80: 44, 81: 310, 82: 72, 83: 156, 84: 394, 85: 694, 86: 456, 87: 86, 88: 324, 89: 156, 90: 394, 91: 268, 92: 30, 93: 324, 94: 86, 95: 666, 96: 428, 97: 128, 98: 366, 99: 310, 100: 72, 101: 324, 102: 86, 103: 380, 104: 142, 105: 16, 106: 254, 107: 352, 108: 114, 109: 282, 110: 44, 111: 296, 112: 58, 113: 30, 114: 268, 115: 338, 116: 100, 117: 114, 118: 352, 119: 380, 120: 142, 121: 338, 122: 100, 123: 324, 124: 86, 125: 268, 126: 30, 127: 338, 128: 100, 129: 380, 130: 142, 131: 324, 132: 86, 133: 680, 134: 442, 135: 380, 136: 142, 137: 324, 138: 86, 139: 282, 140: 44, 141: 352, 142: 114, 143: 680, 144: 442, 145: 282, 146: 44, 147: 352, 148: 114, 149: 58, 150: 296, 151: 338, 152: 100, 153: 254, 154: 16, 155: 380, 156: 142, 157: 652, 158: 414, 159: 310, 160: 72, 161: 708, 162: 470, 163: 380, 164: 142, 165: 352, 166: 114, 167: 310, 168: 72, 169: 324, 170: 86, 171: 338, 172: 100, 173: 296, 174: 58, 175: 680, 176: 442, 177: 156, 178: 394, 179: 380, 180: 142, 181: 268, 182: 30, 183: 694, 184: 456, 185: 282, 186: 44, 187: 652, 188: 414, 189: 380, 190: 142, 191: 680, 192: 442, 193: 128, 194: 366, 195: 324, 196: 86, 197: 296, 198: 58, 199: 310, 200: 72, 201: 156, 202: 394, 203: 268, 204: 30, 205: 324, 206: 86, 207: 338, 208: 100, 209: 310, 210: 72, 211: 268, 212: 30, 213: 478, 214: 240, 215: 366, 216: 128, 217: 254, 218: 16, 219: 268, 220: 30, 221: 352, 222: 114, 223: 324, 224: 86, 225: 254, 226: 16, 227: 408, 228: 170, 229: 310, 230: 72, 231: 16, 232: 254, 233: 366, 234: 128, 235: 282, 236: 44, 237: 268, 238: 30, 239: 338, 240: 100, 241: 296, 242: 58, 243: 338, 244: 100, 245: 666, 246: 428, 247: 380, 248: 142, 249: 324, 250: 86, 251: 16, 252: 254, 253: 58, 254: 296, 255: 380, 256: 142, 257: 310, 258: 72, 259: 380, 260: 142, 261: 254, 262: 16, 263: 380, 264: 142, 265: 380, 266: 142, 267: 44, 268: 282, 269: 282, 270: 44, 271: 268, 272: 30, 273: 296, 274: 58, 275: 254, 276: 16, 277: 310, 278: 72, 279: 666, 280: 428, 281: 366, 282: 128, 283: 268, 284: 30, 285: 380, 286: 142, 287: 254, 288: 16, 289: 324, 290: 86, 291: 380, 292: 142, 293: 380, 294: 142, 295: 338, 296: 100, 297: 380, 298: 142, 299: 408, 300: 170, 301: 282, 302: 44, 303: 652, 304: 414, 305: 268, 306: 30, 307: 296, 308: 58, 309: 380, 310: 142, 311: 380, 312: 142, 313: 380, 314: 142, 315: 296, 316: 58, 317: 408, 318: 170, 319: 310, 320: 72, 321: 380, 322: 142, 323: 338, 324: 100, 325: 310, 326: 72, 327: 282, 328: 44, 329: 268, 330: 30, 331: 268, 332: 30, 333: 268, 334: 30, 335: 254, 336: 16, 337: 282, 338: 44, 339: 380, 340: 142, 341: 296, 342: 58, 343: 254, 344: 16, 345: 310, 346: 72, 347: 310, 348: 72, 349: 380, 350: 142, 351: 380, 352: 142, 353: 254, 354: 16, 355: 268, 356: 30, 357: 324, 358: 86, 359: 338, 360: 100, 361: 338, 362: 100, 363: 268, 364: 30, 365: 268, 366: 30, 367: 254, 368: 16, 369: 282, 370: 44, 371: 254, 372: 16, 373: 324, 374: 86, 375: 254, 376: 16, 377: 254, 378: 16, 379: 282, 380: 44, 381: 268, 382: 30, 383: 254, 384: 16, 385: 268, 386: 30, 387: 268, 388: 30, 389: 254, 390: 16, 391: 254, 392: 16, 393: 254, 394: 16, 395: 268, 396: 30, 397: 324, 398: 86, 399: 268, 400: 30}
Correct solution!
Number of lables used:  36
Time taken: 0.28 seconds
Memory used: 38.93 MB
--------------------------------------------------

Trying with at most 35 labels...
Solution:
{1: 484, 2: 722, 3: 512, 4: 750, 5: 324, 6: 86, 7: 324, 8: 86, 9: 324, 10: 86, 11: 86, 12: 324, 13: 512, 14: 750, 15: 750, 16: 512, 17: 722, 18: 484, 19: 512, 20: 750, 21: 484, 22: 722, 23: 456, 24: 694, 25: 722, 26: 484, 27: 750, 28: 512, 29: 324, 30: 86, 31: 86, 32: 324, 33: 456, 34: 694, 35: 540, 36: 778, 37: 86, 38: 324, 39: 554, 40: 792, 41: 750, 42: 512, 43: 694, 44: 456, 45: 778, 46: 540, 47: 750, 48: 512, 49: 540, 50: 778, 51: 512, 52: 750, 53: 408, 54: 170, 55: 86, 56: 324, 57: 324, 58: 86, 59: 750, 60: 512, 61: 540, 62: 778, 63: 86, 64: 324, 65: 324, 66: 86, 67: 554, 68: 792, 69: 792, 70: 554, 71: 408, 72: 170, 73: 456, 74: 694, 75: 722, 76: 484, 77: 324, 78: 86, 79: 722, 80: 484, 81: 722, 82: 484, 83: 324, 84: 86, 85: 324, 86: 86, 87: 456, 88: 694, 89: 792, 90: 554, 91: 86, 92: 324, 93: 86, 94: 324, 95: 540, 96: 778, 97: 778, 98: 540, 99: 554, 100: 792, 101: 778, 102: 540, 103: 792, 104: 554, 105: 86, 106: 324, 107: 324, 108: 86, 109: 86, 110: 324, 111: 86, 112: 324, 113: 778, 114: 540, 115: 456, 116: 694, 117: 554, 118: 792, 119: 170, 120: 408, 121: 694, 122: 456, 123: 792, 124: 554, 125: 778, 126: 540, 127: 722, 128: 484, 129: 408, 130: 170, 131: 722, 132: 484, 133: 778, 134: 540, 135: 408, 136: 170, 137: 456, 138: 694, 139: 694, 140: 456, 141: 484, 142: 722, 143: 540, 144: 778, 145: 554, 146: 792, 147: 694, 148: 456, 149: 540, 150: 778, 151: 512, 152: 750, 153: 792, 154: 554, 155: 408, 156: 170, 157: 86, 158: 324, 159: 324, 160: 86, 161: 512, 162: 750, 163: 408, 164: 170, 165: 512, 166: 750, 167: 778, 168: 540, 169: 792, 170: 554, 171: 750, 172: 512, 173: 778, 174: 540, 175: 324, 176: 86, 177: 792, 178: 554, 179: 408, 180: 170, 181: 694, 182: 456, 183: 324, 184: 86, 185: 722, 186: 484, 187: 722, 188: 484, 189: 408, 190: 170, 191: 324, 192: 86, 193: 86, 194: 324, 195: 694, 196: 456, 197: 86, 198: 324, 199: 456, 200: 694, 201: 694, 202: 456, 203: 750, 204: 512, 205: 778, 206: 540, 207: 694, 208: 456, 209: 694, 210: 456, 211: 324, 212: 86, 213: 408, 214: 170, 215: 324, 216: 86, 217: 86, 218: 324, 219: 540, 220: 778, 221: 694, 222: 456, 223: 554, 224: 792, 225: 324, 226: 86, 227: 408, 228: 170, 229: 722, 230: 484, 231: 722, 232: 484, 233: 324, 234: 86, 235: 750, 236: 512, 237: 750, 238: 512, 239: 792, 240: 554, 241: 792, 242: 554, 243: 86, 244: 324, 245: 456, 246: 694, 247: 408, 248: 170, 249: 540, 250: 778, 251: 540, 252: 778, 253: 540, 254: 778, 255: 408, 256: 170, 257: 86, 258: 324, 259: 408, 260: 170, 261: 778, 262: 540, 263: 408, 264: 170, 265: 408, 266: 170, 267: 540, 268: 778, 269: 540, 270: 778, 271: 750, 272: 512, 273: 86, 274: 324, 275: 694, 276: 456, 277: 778, 278: 540, 279: 456, 280: 694, 281: 484, 282: 722, 283: 694, 284: 456, 285: 408, 286: 170, 287: 750, 288: 512, 289: 722, 290: 484, 291: 408, 292: 170, 293: 408, 294: 170, 295: 750, 296: 512, 297: 408, 298: 170, 299: 170, 300: 408, 301: 722, 302: 484, 303: 778, 304: 540, 305: 694, 306: 456, 307: 456, 308: 694, 309: 408, 310: 170, 311: 408, 312: 170, 313: 170, 314: 408, 315: 694, 316: 456, 317: 408, 318: 170, 319: 722, 320: 484, 321: 512, 322: 750, 323: 456, 324: 694, 325: 722, 326: 484, 327: 694, 328: 456, 329: 324, 330: 86, 331: 722, 332: 484, 333: 792, 334: 554, 335: 750, 336: 512, 337: 86, 338: 324, 339: 408, 340: 170, 341: 324, 342: 86, 343: 694, 344: 456, 345: 324, 346: 86, 347: 694, 348: 456, 349: 408, 350: 170, 351: 408, 352: 170, 353: 722, 354: 484, 355: 512, 356: 750, 357: 792, 358: 554, 359: 722, 360: 484, 361: 512, 362: 750, 363: 722, 364: 484, 365: 750, 366: 512, 367: 778, 368: 540, 369: 750, 370: 512, 371: 694, 372: 456, 373: 722, 374: 484, 375: 722, 376: 484, 377: 456, 378: 694, 379: 86, 380: 324, 381: 86, 382: 324, 383: 750, 384: 512, 385: 750, 386: 512, 387: 722, 388: 484, 389: 722, 390: 484, 391: 750, 392: 512, 393: 750, 394: 512, 395: 86, 396: 324, 397: 554, 398: 792, 399: 722, 400: 484}
Correct solution!
Number of lables used:  14
Time taken: 0.31 seconds
Memory used: 40.30 MB
--------------------------------------------------

Trying with at most 13 labels...
[runlim] sample:		10.0 time, 10.1 real, 59.6 MB
[runlim] sample:		20.0 time, 20.1 real, 61.2 MB
Cannot find solution.
No more solutions found.
Optimal number of labels used:  14
Time taken: 25.27 seconds
[runlim] end:			Mon Jan 12 07:57:28 2026
[runlim] status:		ok
[runlim] result:		0
[runlim] children:		0
[runlim] real:			25.48 seconds
[runlim] time:			25.28 seconds
[runlim] space:			61.5 MB
[runlim] samples:		253
