[runlim] version:		1.10
[runlim] time limit:		311040000 seconds
[runlim] real time limit:	900 seconds
[runlim] space limit:		8000 MB
[runlim] argv[0]:		python3
[runlim] argv[1]:		-u
[runlim] argv[2]:		main.py
[runlim] argv[3]:		scen02
[runlim] argv[4]:		nsc
[runlim] argv[5]:		incremental
[runlim] start:			Mon Jan 12 07:53:17 2026
[runlim] main pid:		170643
Solve first problem:
Solution:
{13: 268, 14: 30, 15: 268, 16: 30, 53: 268, 54: 30, 79: 254, 80: 16, 81: 268, 82: 30, 83: 680, 84: 442, 85: 352, 86: 114, 127: 352, 128: 114, 129: 254, 130: 16, 143: 254, 144: 16, 145: 254, 146: 16, 205: 254, 206: 16, 233: 666, 234: 428, 235: 338, 236: 100, 237: 352, 238: 114, 261: 254, 262: 16, 263: 352, 264: 114, 265: 338, 266: 100, 267: 254, 268: 16, 269: 352, 270: 114, 271: 352, 272: 114, 273: 44, 274: 282, 275: 44, 276: 282, 277: 352, 278: 114, 281: 268, 282: 30, 283: 282, 284: 44, 289: 254, 290: 16, 291: 324, 292: 86, 303: 666, 304: 428, 305: 338, 306: 100, 321: 156, 322: 394, 323: 254, 324: 16, 325: 666, 326: 428, 327: 338, 328: 100, 329: 254, 330: 16, 341: 30, 342: 268, 343: 30, 344: 268, 349: 338, 350: 100, 351: 30, 352: 268, 435: 296, 436: 58, 475: 282, 476: 44, 481: 268, 482: 30, 517: 268, 518: 30, 519: 338, 520: 100, 555: 128, 556: 366, 557: 666, 558: 428, 559: 58, 560: 296, 561: 366, 562: 128, 565: 100, 566: 338, 577: 324, 578: 86, 579: 352, 580: 114, 583: 666, 584: 428, 585: 324, 586: 86, 587: 254, 588: 16, 589: 366, 590: 128, 591: 352, 592: 114, 593: 114, 594: 352, 595: 296, 596: 58, 597: 268, 598: 30, 599: 142, 600: 380, 601: 282, 602: 44, 603: 268, 604: 30, 605: 268, 606: 30, 607: 338, 608: 100, 613: 100, 614: 338, 615: 282, 616: 44, 617: 268, 618: 30, 621: 338, 622: 100, 625: 268, 626: 30, 629: 282, 630: 44, 631: 268, 632: 30, 633: 282, 634: 44, 635: 268, 636: 30, 645: 296, 646: 58, 651: 254, 652: 16, 661: 254, 662: 16, 663: 394, 664: 156, 665: 366, 666: 128, 667: 254, 668: 16, 713: 352, 714: 114, 717: 44, 718: 282, 719: 394, 720: 156, 721: 324, 722: 86, 723: 254, 724: 16, 743: 44, 744: 282, 745: 268, 746: 30, 747: 324, 748: 86, 763: 268, 764: 30, 765: 254, 766: 16, 767: 296, 768: 58, 785: 254, 786: 16, 787: 268, 788: 30, 789: 338, 790: 100, 791: 268, 792: 30, 793: 338, 794: 100, 795: 268, 796: 30, 797: 352, 798: 114, 799: 282, 800: 44, 801: 268, 802: 30, 879: 268, 880: 30}
Correct solution!
Number of lables used:  24
Time taken: 0.17 seconds
Memory used: 31.20 MB
--------------------------------------------------

Trying with at most 23 labels...
Solution:
{13: 324, 14: 86, 15: 394, 16: 156, 53: 254, 54: 16, 79: 156, 80: 394, 81: 324, 82: 86, 83: 394, 84: 156, 85: 254, 86: 16, 127: 526, 128: 764, 129: 254, 130: 16, 143: 86, 144: 324, 145: 86, 146: 324, 205: 156, 206: 394, 233: 86, 234: 324, 235: 778, 236: 540, 237: 512, 238: 750, 261: 86, 262: 324, 263: 498, 264: 736, 265: 778, 266: 540, 267: 254, 268: 16, 269: 764, 270: 526, 271: 764, 272: 526, 273: 16, 274: 254, 275: 16, 276: 254, 277: 156, 278: 394, 281: 498, 282: 736, 283: 526, 284: 764, 289: 86, 290: 324, 291: 254, 292: 16, 303: 394, 304: 156, 305: 254, 306: 16, 321: 324, 322: 86, 323: 512, 324: 750, 325: 16, 326: 254, 327: 394, 328: 156, 329: 254, 330: 16, 341: 736, 342: 498, 343: 736, 344: 498, 349: 498, 350: 736, 351: 736, 352: 498, 435: 778, 436: 540, 475: 736, 476: 498, 481: 324, 482: 86, 517: 324, 518: 86, 519: 324, 520: 86, 555: 498, 556: 736, 557: 498, 558: 736, 559: 512, 560: 750, 561: 540, 562: 778, 565: 86, 566: 324, 577: 554, 578: 792, 579: 394, 580: 156, 583: 86, 584: 324, 585: 156, 586: 394, 587: 16, 588: 254, 589: 394, 590: 156, 591: 512, 592: 750, 593: 540, 594: 778, 595: 778, 596: 540, 597: 526, 598: 764, 599: 526, 600: 764, 601: 736, 602: 498, 603: 324, 604: 86, 605: 86, 606: 324, 607: 750, 608: 512, 613: 512, 614: 750, 615: 736, 616: 498, 617: 324, 618: 86, 621: 498, 622: 736, 625: 324, 626: 86, 629: 736, 630: 498, 631: 86, 632: 324, 633: 324, 634: 86, 635: 778, 636: 540, 645: 394, 646: 156, 651: 324, 652: 86, 661: 324, 662: 86, 663: 394, 664: 156, 665: 254, 666: 16, 667: 324, 668: 86, 713: 156, 714: 394, 717: 16, 718: 254, 719: 778, 720: 540, 721: 512, 722: 750, 723: 86, 724: 324, 743: 512, 744: 750, 745: 736, 746: 498, 747: 736, 748: 498, 763: 324, 764: 86, 765: 86, 766: 324, 767: 554, 768: 792, 785: 86, 786: 324, 787: 86, 788: 324, 789: 736, 790: 498, 791: 86, 792: 324, 793: 736, 794: 498, 795: 86, 796: 324, 797: 736, 798: 498, 799: 86, 800: 324, 801: 764, 802: 526, 879: 324, 880: 86}
Correct solution!
Number of lables used:  16
Time taken: 0.19 seconds
Memory used: 32.20 MB
--------------------------------------------------

Trying with at most 15 labels...
Solution:
{13: 16, 14: 254, 15: 16, 16: 254, 53: 254, 54: 16, 79: 156, 80: 394, 81: 324, 82: 86, 83: 394, 84: 156, 85: 254, 86: 16, 127: 540, 128: 778, 129: 254, 130: 16, 143: 86, 144: 324, 145: 86, 146: 324, 205: 156, 206: 394, 233: 722, 234: 484, 235: 778, 236: 540, 237: 512, 238: 750, 261: 86, 262: 324, 263: 498, 264: 736, 265: 778, 266: 540, 267: 254, 268: 16, 269: 156, 270: 394, 271: 156, 272: 394, 273: 16, 274: 254, 275: 16, 276: 254, 277: 156, 278: 394, 281: 498, 282: 736, 283: 540, 284: 778, 289: 86, 290: 324, 291: 254, 292: 16, 303: 394, 304: 156, 305: 254, 306: 16, 321: 324, 322: 86, 323: 512, 324: 750, 325: 16, 326: 254, 327: 394, 328: 156, 329: 254, 330: 16, 341: 736, 342: 498, 343: 736, 344: 498, 349: 498, 350: 736, 351: 736, 352: 498, 435: 778, 436: 540, 475: 736, 476: 498, 481: 324, 482: 86, 517: 324, 518: 86, 519: 736, 520: 498, 555: 498, 556: 736, 557: 484, 558: 722, 559: 512, 560: 750, 561: 540, 562: 778, 565: 86, 566: 324, 577: 394, 578: 156, 579: 394, 580: 156, 583: 86, 584: 324, 585: 16, 586: 254, 587: 394, 588: 156, 589: 394, 590: 156, 591: 512, 592: 750, 593: 512, 594: 750, 595: 778, 596: 540, 597: 324, 598: 86, 599: 498, 600: 736, 601: 736, 602: 498, 603: 324, 604: 86, 605: 86, 606: 324, 607: 750, 608: 512, 613: 498, 614: 736, 615: 736, 616: 498, 617: 324, 618: 86, 621: 498, 622: 736, 625: 324, 626: 86, 629: 736, 630: 498, 631: 86, 632: 324, 633: 324, 634: 86, 635: 778, 636: 540, 645: 394, 646: 156, 651: 324, 652: 86, 661: 324, 662: 86, 663: 394, 664: 156, 665: 778, 666: 540, 667: 324, 668: 86, 713: 156, 714: 394, 717: 16, 718: 254, 719: 778, 720: 540, 721: 512, 722: 750, 723: 86, 724: 324, 743: 540, 744: 778, 745: 750, 746: 512, 747: 750, 748: 512, 763: 324, 764: 86, 765: 86, 766: 324, 767: 156, 768: 394, 785: 254, 786: 16, 787: 86, 788: 324, 789: 736, 790: 498, 791: 86, 792: 324, 793: 736, 794: 498, 795: 86, 796: 324, 797: 512, 798: 750, 799: 736, 800: 498, 801: 324, 802: 86, 879: 324, 880: 86}
Correct solution!
Number of lables used:  14
Time taken: 0.19 seconds
Memory used: 32.32 MB
--------------------------------------------------

Trying with at most 13 labels...
[runlim] sample:		10.0 time, 11.0 real, 48.0 MB
Cannot find solution.
No more solutions found.
Optimal number of labels used:  14
Time taken: 16.42 seconds
[runlim] end:			Mon Jan 12 07:53:34 2026
[runlim] status:		ok
[runlim] result:		0
[runlim] children:		0
[runlim] real:			17.46 seconds
[runlim] time:			16.38 seconds
[runlim] space:			50.5 MB
[runlim] samples:		164
