[runlim] version:		1.10
[runlim] time limit:		311040000 seconds
[runlim] real time limit:	900 seconds
[runlim] space limit:		8000 MB
[runlim] argv[0]:		python3
[runlim] argv[1]:		-u
[runlim] argv[2]:		main.py
[runlim] argv[3]:		graph02
[runlim] argv[4]:		sc
[runlim] argv[5]:		incremental
[runlim] argv[6]:		glucose4
[runlim] start:			Wed Jan 14 23:33:01 2026
[runlim] main pid:		39944
Solve first problem:
Solution:
{1: 666, 2: 428, 3: 100, 4: 338, 5: 268, 6: 30, 7: 324, 8: 86, 9: 652, 10: 414, 11: 394, 12: 156, 13: 694, 14: 456, 15: 310, 16: 72, 17: 282, 18: 44, 19: 296, 20: 58, 21: 142, 22: 380, 23: 366, 24: 128, 25: 268, 26: 30, 27: 324, 28: 86, 29: 156, 30: 394, 31: 114, 32: 352, 33: 380, 34: 142, 35: 666, 36: 428, 37: 86, 38: 324, 39: 380, 40: 142, 41: 324, 42: 86, 43: 254, 44: 16, 45: 680, 46: 442, 47: 338, 48: 100, 49: 310, 50: 72, 51: 44, 52: 282, 53: 380, 54: 142, 55: 296, 56: 58, 57: 666, 58: 428, 59: 310, 60: 72, 61: 128, 62: 366, 63: 310, 64: 72, 65: 30, 66: 268, 67: 652, 68: 414, 69: 254, 70: 16, 71: 380, 72: 142, 73: 16, 74: 254, 75: 254, 76: 16, 77: 394, 78: 156, 79: 282, 80: 44, 81: 310, 82: 72, 83: 156, 84: 394, 85: 694, 86: 456, 87: 86, 88: 324, 89: 156, 90: 394, 91: 268, 92: 30, 93: 324, 94: 86, 95: 666, 96: 428, 97: 128, 98: 366, 99: 310, 100: 72, 101: 324, 102: 86, 103: 380, 104: 142, 105: 16, 106: 254, 107: 352, 108: 114, 109: 282, 110: 44, 111: 296, 112: 58, 113: 30, 114: 268, 115: 338, 116: 100, 117: 114, 118: 352, 119: 380, 120: 142, 121: 338, 122: 100, 123: 324, 124: 86, 125: 268, 126: 30, 127: 338, 128: 100, 129: 380, 130: 142, 131: 324, 132: 86, 133: 680, 134: 442, 135: 380, 136: 142, 137: 324, 138: 86, 139: 282, 140: 44, 141: 352, 142: 114, 143: 680, 144: 442, 145: 282, 146: 44, 147: 352, 148: 114, 149: 58, 150: 296, 151: 338, 152: 100, 153: 254, 154: 16, 155: 380, 156: 142, 157: 652, 158: 414, 159: 310, 160: 72, 161: 708, 162: 470, 163: 380, 164: 142, 165: 352, 166: 114, 167: 310, 168: 72, 169: 324, 170: 86, 171: 338, 172: 100, 173: 296, 174: 58, 175: 680, 176: 442, 177: 156, 178: 394, 179: 380, 180: 142, 181: 268, 182: 30, 183: 694, 184: 456, 185: 282, 186: 44, 187: 652, 188: 414, 189: 380, 190: 142, 191: 680, 192: 442, 193: 128, 194: 366, 195: 324, 196: 86, 197: 296, 198: 58, 199: 310, 200: 72, 201: 156, 202: 394, 203: 268, 204: 30, 205: 324, 206: 86, 207: 338, 208: 100, 209: 310, 210: 72, 211: 268, 212: 30, 213: 478, 214: 240, 215: 366, 216: 128, 217: 254, 218: 16, 219: 268, 220: 30, 221: 352, 222: 114, 223: 324, 224: 86, 225: 254, 226: 16, 227: 408, 228: 170, 229: 310, 230: 72, 231: 16, 232: 254, 233: 366, 234: 128, 235: 282, 236: 44, 237: 268, 238: 30, 239: 338, 240: 100, 241: 296, 242: 58, 243: 338, 244: 100, 245: 666, 246: 428, 247: 380, 248: 142, 249: 324, 250: 86, 251: 16, 252: 254, 253: 58, 254: 296, 255: 380, 256: 142, 257: 310, 258: 72, 259: 380, 260: 142, 261: 254, 262: 16, 263: 380, 264: 142, 265: 380, 266: 142, 267: 44, 268: 282, 269: 282, 270: 44, 271: 268, 272: 30, 273: 296, 274: 58, 275: 254, 276: 16, 277: 310, 278: 72, 279: 666, 280: 428, 281: 366, 282: 128, 283: 268, 284: 30, 285: 380, 286: 142, 287: 254, 288: 16, 289: 324, 290: 86, 291: 380, 292: 142, 293: 380, 294: 142, 295: 338, 296: 100, 297: 380, 298: 142, 299: 408, 300: 170, 301: 282, 302: 44, 303: 652, 304: 414, 305: 268, 306: 30, 307: 296, 308: 58, 309: 380, 310: 142, 311: 380, 312: 142, 313: 380, 314: 142, 315: 296, 316: 58, 317: 408, 318: 170, 319: 310, 320: 72, 321: 380, 322: 142, 323: 338, 324: 100, 325: 310, 326: 72, 327: 282, 328: 44, 329: 268, 330: 30, 331: 268, 332: 30, 333: 268, 334: 30, 335: 254, 336: 16, 337: 282, 338: 44, 339: 380, 340: 142, 341: 296, 342: 58, 343: 254, 344: 16, 345: 310, 346: 72, 347: 310, 348: 72, 349: 380, 350: 142, 351: 380, 352: 142, 353: 254, 354: 16, 355: 268, 356: 30, 357: 324, 358: 86, 359: 338, 360: 100, 361: 338, 362: 100, 363: 268, 364: 30, 365: 268, 366: 30, 367: 254, 368: 16, 369: 282, 370: 44, 371: 254, 372: 16, 373: 324, 374: 86, 375: 254, 376: 16, 377: 254, 378: 16, 379: 282, 380: 44, 381: 268, 382: 30, 383: 254, 384: 16, 385: 268, 386: 30, 387: 268, 388: 30, 389: 254, 390: 16, 391: 254, 392: 16, 393: 254, 394: 16, 395: 268, 396: 30, 397: 324, 398: 86, 399: 268, 400: 30}
Correct solution!
Number of lables used:  36
Time taken: 0.34 seconds
Memory used: 39.10 MB
--------------------------------------------------

Trying with at most 35 labels...
Solution:
{1: 394, 2: 156, 3: 16, 4: 254, 5: 44, 6: 282, 7: 282, 8: 44, 9: 254, 10: 16, 11: 394, 12: 156, 13: 44, 14: 282, 15: 338, 16: 100, 17: 254, 18: 16, 19: 324, 20: 86, 21: 394, 22: 156, 23: 128, 24: 366, 25: 86, 26: 324, 27: 394, 28: 156, 29: 394, 30: 156, 31: 310, 32: 72, 33: 86, 34: 324, 35: 366, 36: 128, 37: 338, 38: 100, 39: 44, 40: 282, 41: 86, 42: 324, 43: 86, 44: 324, 45: 44, 46: 282, 47: 254, 48: 16, 49: 324, 50: 86, 51: 72, 52: 310, 53: 408, 54: 170, 55: 254, 56: 16, 57: 366, 58: 128, 59: 44, 60: 282, 61: 128, 62: 366, 63: 338, 64: 100, 65: 44, 66: 282, 67: 100, 68: 338, 69: 282, 70: 44, 71: 408, 72: 170, 73: 394, 74: 156, 75: 282, 76: 44, 77: 394, 78: 156, 79: 44, 80: 282, 81: 254, 82: 16, 83: 394, 84: 156, 85: 282, 86: 44, 87: 156, 88: 394, 89: 156, 90: 394, 91: 86, 92: 324, 93: 310, 94: 72, 95: 366, 96: 128, 97: 128, 98: 366, 99: 310, 100: 72, 101: 156, 102: 394, 103: 254, 104: 16, 105: 44, 106: 282, 107: 338, 108: 100, 109: 310, 110: 72, 111: 86, 112: 324, 113: 72, 114: 310, 115: 324, 116: 86, 117: 156, 118: 394, 119: 478, 120: 240, 121: 338, 122: 100, 123: 324, 124: 86, 125: 338, 126: 100, 127: 338, 128: 100, 129: 408, 130: 170, 131: 324, 132: 86, 133: 72, 134: 310, 135: 408, 136: 170, 137: 394, 138: 156, 139: 366, 140: 128, 141: 100, 142: 338, 143: 128, 144: 366, 145: 282, 146: 44, 147: 394, 148: 156, 149: 44, 150: 282, 151: 100, 152: 338, 153: 156, 154: 394, 155: 408, 156: 170, 157: 254, 158: 16, 159: 310, 160: 72, 161: 282, 162: 44, 163: 478, 164: 240, 165: 128, 166: 366, 167: 72, 168: 310, 169: 72, 170: 310, 171: 44, 172: 282, 173: 366, 174: 128, 175: 16, 176: 254, 177: 156, 178: 394, 179: 240, 180: 478, 181: 282, 182: 44, 183: 100, 184: 338, 185: 282, 186: 44, 187: 72, 188: 310, 189: 170, 190: 408, 191: 310, 192: 72, 193: 156, 194: 394, 195: 324, 196: 86, 197: 254, 198: 16, 199: 254, 200: 16, 201: 254, 202: 16, 203: 324, 204: 86, 205: 16, 206: 254, 207: 366, 208: 128, 209: 310, 210: 72, 211: 128, 212: 366, 213: 170, 214: 408, 215: 16, 216: 254, 217: 156, 218: 394, 219: 282, 220: 44, 221: 338, 222: 100, 223: 394, 224: 156, 225: 310, 226: 72, 227: 478, 228: 240, 229: 16, 230: 254, 231: 366, 232: 128, 233: 100, 234: 338, 235: 338, 236: 100, 237: 338, 238: 100, 239: 366, 240: 128, 241: 394, 242: 156, 243: 366, 244: 128, 245: 86, 246: 324, 247: 240, 248: 478, 249: 86, 250: 324, 251: 128, 252: 366, 253: 254, 254: 16, 255: 408, 256: 170, 257: 72, 258: 310, 259: 240, 260: 478, 261: 282, 262: 44, 263: 170, 264: 408, 265: 478, 266: 240, 267: 366, 268: 128, 269: 338, 270: 100, 271: 44, 272: 282, 273: 44, 274: 282, 275: 254, 276: 16, 277: 366, 278: 128, 279: 324, 280: 86, 281: 72, 282: 310, 283: 128, 284: 366, 285: 240, 286: 478, 287: 394, 288: 156, 289: 44, 290: 282, 291: 408, 292: 170, 293: 408, 294: 170, 295: 338, 296: 100, 297: 408, 298: 170, 299: 240, 300: 478, 301: 100, 302: 338, 303: 338, 304: 100, 305: 366, 306: 128, 307: 72, 308: 310, 309: 408, 310: 170, 311: 170, 312: 408, 313: 240, 314: 478, 315: 394, 316: 156, 317: 170, 318: 408, 319: 338, 320: 100, 321: 16, 322: 254, 323: 100, 324: 338, 325: 16, 326: 254, 327: 366, 328: 128, 329: 310, 330: 72, 331: 338, 332: 100, 333: 156, 334: 394, 335: 282, 336: 44, 337: 282, 338: 44, 339: 170, 340: 408, 341: 394, 342: 156, 343: 254, 344: 16, 345: 86, 346: 324, 347: 366, 348: 128, 349: 478, 350: 240, 351: 408, 352: 170, 353: 72, 354: 310, 355: 72, 356: 310, 357: 394, 358: 156, 359: 44, 360: 282, 361: 16, 362: 254, 363: 324, 364: 86, 365: 366, 366: 128, 367: 16, 368: 254, 369: 44, 370: 282, 371: 254, 372: 16, 373: 282, 374: 44, 375: 254, 376: 16, 377: 324, 378: 86, 379: 366, 380: 128, 381: 86, 382: 324, 383: 156, 384: 394, 385: 282, 386: 44, 387: 324, 388: 86, 389: 16, 390: 254, 391: 282, 392: 44, 393: 254, 394: 16, 395: 282, 396: 44, 397: 366, 398: 128, 399: 72, 400: 310}
Correct solution!
Number of lables used:  18
Time taken: 0.37 seconds
Memory used: 40.35 MB
--------------------------------------------------

Trying with at most 17 labels...
Solution:
{1: 394, 2: 156, 3: 156, 4: 394, 5: 366, 6: 128, 7: 282, 8: 44, 9: 254, 10: 16, 11: 394, 12: 156, 13: 44, 14: 282, 15: 338, 16: 100, 17: 128, 18: 366, 19: 324, 20: 86, 21: 394, 22: 156, 23: 128, 24: 366, 25: 86, 26: 324, 27: 394, 28: 156, 29: 394, 30: 156, 31: 310, 32: 72, 33: 86, 34: 324, 35: 394, 36: 156, 37: 338, 38: 100, 39: 44, 40: 282, 41: 254, 42: 16, 43: 86, 44: 324, 45: 44, 46: 282, 47: 254, 48: 16, 49: 324, 50: 86, 51: 72, 52: 310, 53: 478, 54: 240, 55: 254, 56: 16, 57: 366, 58: 128, 59: 44, 60: 282, 61: 128, 62: 366, 63: 338, 64: 100, 65: 86, 66: 324, 67: 156, 68: 394, 69: 282, 70: 44, 71: 478, 72: 240, 73: 394, 74: 156, 75: 282, 76: 44, 77: 394, 78: 156, 79: 44, 80: 282, 81: 254, 82: 16, 83: 394, 84: 156, 85: 282, 86: 44, 87: 156, 88: 394, 89: 156, 90: 394, 91: 86, 92: 324, 93: 310, 94: 72, 95: 156, 96: 394, 97: 128, 98: 366, 99: 310, 100: 72, 101: 44, 102: 282, 103: 366, 104: 128, 105: 44, 106: 282, 107: 310, 108: 72, 109: 310, 110: 72, 111: 86, 112: 324, 113: 72, 114: 310, 115: 324, 116: 86, 117: 156, 118: 394, 119: 240, 120: 478, 121: 338, 122: 100, 123: 310, 124: 72, 125: 338, 126: 100, 127: 338, 128: 100, 129: 478, 130: 240, 131: 324, 132: 86, 133: 254, 134: 16, 135: 240, 136: 478, 137: 366, 138: 128, 139: 366, 140: 128, 141: 72, 142: 310, 143: 128, 144: 366, 145: 282, 146: 44, 147: 394, 148: 156, 149: 16, 150: 254, 151: 16, 152: 254, 153: 156, 154: 394, 155: 478, 156: 240, 157: 254, 158: 16, 159: 310, 160: 72, 161: 44, 162: 282, 163: 478, 164: 240, 165: 128, 166: 366, 167: 72, 168: 310, 169: 72, 170: 310, 171: 44, 172: 282, 173: 366, 174: 128, 175: 16, 176: 254, 177: 156, 178: 394, 179: 240, 180: 478, 181: 282, 182: 44, 183: 100, 184: 338, 185: 282, 186: 44, 187: 72, 188: 310, 189: 478, 190: 240, 191: 310, 192: 72, 193: 156, 194: 394, 195: 324, 196: 86, 197: 254, 198: 16, 199: 254, 200: 16, 201: 254, 202: 16, 203: 366, 204: 128, 205: 254, 206: 16, 207: 366, 208: 128, 209: 254, 210: 16, 211: 128, 212: 366, 213: 240, 214: 478, 215: 16, 216: 254, 217: 156, 218: 394, 219: 282, 220: 44, 221: 338, 222: 100, 223: 394, 224: 156, 225: 310, 226: 72, 227: 478, 228: 240, 229: 16, 230: 254, 231: 366, 232: 128, 233: 100, 234: 338, 235: 338, 236: 100, 237: 86, 238: 324, 239: 366, 240: 128, 241: 394, 242: 156, 243: 366, 244: 128, 245: 86, 246: 324, 247: 240, 248: 478, 249: 100, 250: 338, 251: 128, 252: 366, 253: 254, 254: 16, 255: 240, 256: 478, 257: 72, 258: 310, 259: 240, 260: 478, 261: 282, 262: 44, 263: 478, 264: 240, 265: 478, 266: 240, 267: 366, 268: 128, 269: 366, 270: 128, 271: 44, 272: 282, 273: 86, 274: 324, 275: 254, 276: 16, 277: 366, 278: 128, 279: 338, 280: 100, 281: 72, 282: 310, 283: 366, 284: 128, 285: 240, 286: 478, 287: 394, 288: 156, 289: 16, 290: 254, 291: 478, 292: 240, 293: 478, 294: 240, 295: 338, 296: 100, 297: 478, 298: 240, 299: 240, 300: 478, 301: 100, 302: 338, 303: 338, 304: 100, 305: 366, 306: 128, 307: 72, 308: 310, 309: 478, 310: 240, 311: 240, 312: 478, 313: 240, 314: 478, 315: 394, 316: 156, 317: 240, 318: 478, 319: 338, 320: 100, 321: 16, 322: 254, 323: 100, 324: 338, 325: 282, 326: 44, 327: 366, 328: 128, 329: 310, 330: 72, 331: 324, 332: 86, 333: 156, 334: 394, 335: 282, 336: 44, 337: 282, 338: 44, 339: 240, 340: 478, 341: 394, 342: 156, 343: 254, 344: 16, 345: 394, 346: 156, 347: 366, 348: 128, 349: 478, 350: 240, 351: 240, 352: 478, 353: 72, 354: 310, 355: 72, 356: 310, 357: 394, 358: 156, 359: 44, 360: 282, 361: 282, 362: 44, 363: 366, 364: 128, 365: 366, 366: 128, 367: 254, 368: 16, 369: 44, 370: 282, 371: 310, 372: 72, 373: 44, 374: 282, 375: 254, 376: 16, 377: 338, 378: 100, 379: 366, 380: 128, 381: 324, 382: 86, 383: 282, 384: 44, 385: 282, 386: 44, 387: 282, 388: 44, 389: 16, 390: 254, 391: 282, 392: 44, 393: 254, 394: 16, 395: 282, 396: 44, 397: 366, 398: 128, 399: 72, 400: 310}
Correct solution!
Number of lables used:  16
Time taken: 0.40 seconds
Memory used: 40.60 MB
--------------------------------------------------

Trying with at most 15 labels...
Solution:
{1: 394, 2: 156, 3: 652, 4: 414, 5: 86, 6: 324, 7: 100, 8: 338, 9: 414, 10: 652, 11: 652, 12: 414, 13: 156, 14: 394, 15: 652, 16: 414, 17: 128, 18: 366, 19: 282, 20: 44, 21: 394, 22: 156, 23: 394, 24: 156, 25: 86, 26: 324, 27: 394, 28: 156, 29: 394, 30: 156, 31: 394, 32: 156, 33: 86, 34: 324, 35: 394, 36: 156, 37: 338, 38: 100, 39: 324, 40: 86, 41: 100, 42: 338, 43: 86, 44: 324, 45: 44, 46: 282, 47: 394, 48: 156, 49: 394, 50: 156, 51: 282, 52: 44, 53: 478, 54: 240, 55: 338, 56: 100, 57: 394, 58: 156, 59: 338, 60: 100, 61: 128, 62: 366, 63: 338, 64: 100, 65: 86, 66: 324, 67: 100, 68: 338, 69: 86, 70: 324, 71: 478, 72: 240, 73: 100, 74: 338, 75: 282, 76: 44, 77: 652, 78: 414, 79: 44, 80: 282, 81: 282, 82: 44, 83: 394, 84: 156, 85: 282, 86: 44, 87: 156, 88: 394, 89: 156, 90: 394, 91: 86, 92: 324, 93: 282, 94: 44, 95: 100, 96: 338, 97: 652, 98: 414, 99: 324, 100: 86, 101: 394, 102: 156, 103: 366, 104: 128, 105: 394, 106: 156, 107: 128, 108: 366, 109: 324, 110: 86, 111: 86, 112: 324, 113: 366, 114: 128, 115: 282, 116: 44, 117: 156, 118: 394, 119: 478, 120: 240, 121: 282, 122: 44, 123: 86, 124: 324, 125: 338, 126: 100, 127: 338, 128: 100, 129: 240, 130: 478, 131: 324, 132: 86, 133: 338, 134: 100, 135: 240, 136: 478, 137: 366, 138: 128, 139: 282, 140: 44, 141: 44, 142: 282, 143: 128, 144: 366, 145: 366, 146: 128, 147: 156, 148: 394, 149: 414, 150: 652, 151: 100, 152: 338, 153: 156, 154: 394, 155: 478, 156: 240, 157: 414, 158: 652, 159: 282, 160: 44, 161: 44, 162: 282, 163: 478, 164: 240, 165: 128, 166: 366, 167: 324, 168: 86, 169: 86, 170: 324, 171: 44, 172: 282, 173: 366, 174: 128, 175: 414, 176: 652, 177: 156, 178: 394, 179: 240, 180: 478, 181: 282, 182: 44, 183: 100, 184: 338, 185: 282, 186: 44, 187: 44, 188: 282, 189: 240, 190: 478, 191: 324, 192: 86, 193: 156, 194: 394, 195: 324, 196: 86, 197: 338, 198: 100, 199: 282, 200: 44, 201: 652, 202: 414, 203: 366, 204: 128, 205: 414, 206: 652, 207: 366, 208: 128, 209: 282, 210: 44, 211: 128, 212: 366, 213: 240, 214: 478, 215: 652, 216: 414, 217: 156, 218: 394, 219: 282, 220: 44, 221: 394, 222: 156, 223: 324, 224: 86, 225: 324, 226: 86, 227: 478, 228: 240, 229: 338, 230: 100, 231: 366, 232: 128, 233: 100, 234: 338, 235: 338, 236: 100, 237: 338, 238: 100, 239: 366, 240: 128, 241: 338, 242: 100, 243: 338, 244: 100, 245: 86, 246: 324, 247: 240, 248: 478, 249: 86, 250: 324, 251: 128, 252: 366, 253: 156, 254: 394, 255: 240, 256: 478, 257: 366, 258: 128, 259: 240, 260: 478, 261: 282, 262: 44, 263: 478, 264: 240, 265: 478, 266: 240, 267: 128, 268: 366, 269: 366, 270: 128, 271: 44, 272: 282, 273: 86, 274: 324, 275: 282, 276: 44, 277: 366, 278: 128, 279: 338, 280: 100, 281: 324, 282: 86, 283: 366, 284: 128, 285: 240, 286: 478, 287: 394, 288: 156, 289: 100, 290: 338, 291: 478, 292: 240, 293: 478, 294: 240, 295: 338, 296: 100, 297: 478, 298: 240, 299: 240, 300: 478, 301: 100, 302: 338, 303: 366, 304: 128, 305: 324, 306: 86, 307: 44, 308: 282, 309: 478, 310: 240, 311: 478, 312: 240, 313: 240, 314: 478, 315: 652, 316: 414, 317: 240, 318: 478, 319: 44, 320: 282, 321: 652, 322: 414, 323: 44, 324: 282, 325: 414, 326: 652, 327: 366, 328: 128, 329: 282, 330: 44, 331: 366, 332: 128, 333: 156, 334: 394, 335: 394, 336: 156, 337: 282, 338: 44, 339: 240, 340: 478, 341: 652, 342: 414, 343: 414, 344: 652, 345: 324, 346: 86, 347: 338, 348: 100, 349: 240, 350: 478, 351: 240, 352: 478, 353: 44, 354: 282, 355: 156, 356: 394, 357: 414, 358: 652, 359: 44, 360: 282, 361: 282, 362: 44, 363: 366, 364: 128, 365: 366, 366: 128, 367: 394, 368: 156, 369: 86, 370: 324, 371: 652, 372: 414, 373: 414, 374: 652, 375: 44, 376: 282, 377: 338, 378: 100, 379: 394, 380: 156, 381: 324, 382: 86, 383: 652, 384: 414, 385: 282, 386: 44, 387: 282, 388: 44, 389: 414, 390: 652, 391: 282, 392: 44, 393: 86, 394: 324, 395: 282, 396: 44, 397: 366, 398: 128, 399: 282, 400: 44}
Correct solution!
Number of lables used:  14
Time taken: 0.41 seconds
Memory used: 40.60 MB
--------------------------------------------------

Trying with at most 13 labels...
[runlim] sample:		10.0 time, 10.5 real, 59.3 MB
[runlim] sample:		20.0 time, 20.5 real, 61.5 MB
[runlim] sample:		30.0 time, 30.5 real, 70.1 MB
Cannot find solution.
No more solutions found.
Optimal number of labels used:  14
Time taken: 31.97 seconds
[runlim] end:			Wed Jan 14 23:33:33 2026
[runlim] status:		ok
[runlim] result:		0
[runlim] children:		0
[runlim] real:			32.49 seconds
[runlim] time:			31.99 seconds
[runlim] space:			72.2 MB
[runlim] samples:		320
