[runlim] version:		1.10
[runlim] time limit:		311040000 seconds
[runlim] real time limit:	900 seconds
[runlim] space limit:		8000 MB
[runlim] argv[0]:		python3
[runlim] argv[1]:		-u
[runlim] argv[2]:		main.py
[runlim] argv[3]:		scen03
[runlim] argv[4]:		sc
[runlim] argv[5]:		incremental
[runlim] argv[6]:		glucose4
[runlim] start:			Wed Jan 14 23:24:14 2026
[runlim] main pid:		36649
Solve first problem:
Solution:
{13: 254, 14: 16, 15: 254, 16: 16, 23: 142, 24: 380, 49: 310, 50: 72, 51: 16, 52: 254, 53: 338, 54: 100, 67: 156, 68: 394, 69: 254, 70: 16, 79: 254, 80: 16, 81: 268, 82: 30, 83: 680, 84: 442, 85: 352, 86: 114, 103: 268, 104: 30, 105: 254, 106: 16, 117: 750, 118: 512, 119: 708, 120: 470, 127: 142, 128: 380, 129: 310, 130: 72, 143: 666, 144: 428, 145: 254, 146: 16, 151: 764, 152: 526, 153: 694, 154: 456, 155: 652, 156: 414, 157: 30, 158: 268, 179: 156, 180: 394, 181: 380, 182: 142, 183: 736, 184: 498, 191: 366, 192: 128, 193: 296, 194: 58, 205: 254, 206: 16, 209: 142, 210: 380, 211: 58, 212: 296, 213: 254, 214: 16, 215: 296, 216: 58, 217: 296, 218: 58, 233: 750, 234: 512, 235: 338, 236: 100, 237: 380, 238: 142, 261: 254, 262: 16, 263: 352, 264: 114, 265: 324, 266: 86, 267: 254, 268: 16, 269: 254, 270: 16, 271: 254, 272: 16, 273: 324, 274: 86, 275: 324, 276: 86, 277: 268, 278: 30, 281: 366, 282: 128, 283: 296, 284: 58, 285: 366, 286: 128, 287: 254, 288: 16, 289: 254, 290: 16, 291: 324, 292: 86, 293: 380, 294: 142, 295: 324, 296: 86, 299: 366, 300: 128, 301: 282, 302: 44, 303: 680, 304: 442, 305: 352, 306: 114, 307: 30, 308: 268, 309: 338, 310: 100, 311: 254, 312: 16, 313: 254, 314: 16, 321: 254, 322: 16, 323: 254, 324: 16, 325: 666, 326: 428, 327: 338, 328: 100, 329: 254, 330: 16, 339: 352, 340: 114, 341: 44, 342: 282, 343: 44, 344: 282, 345: 394, 346: 156, 347: 324, 348: 86, 349: 680, 350: 442, 351: 30, 352: 268, 355: 44, 356: 282, 357: 268, 358: 30, 359: 666, 360: 428, 361: 338, 362: 100, 363: 268, 364: 30, 365: 380, 366: 142, 367: 310, 368: 72, 369: 128, 370: 366, 371: 254, 372: 16, 375: 282, 376: 44, 377: 666, 378: 428, 383: 338, 384: 100, 387: 366, 388: 128, 397: 394, 398: 156, 401: 114, 402: 352, 405: 114, 406: 352, 435: 366, 436: 128, 439: 310, 440: 72, 449: 100, 450: 338, 471: 254, 472: 16, 475: 338, 476: 100, 477: 268, 478: 30, 481: 352, 482: 114, 491: 310, 492: 72, 493: 268, 494: 30, 495: 254, 496: 16, 517: 268, 518: 30, 519: 338, 520: 100, 525: 282, 526: 44, 533: 282, 534: 44, 535: 254, 536: 16, 547: 324, 548: 86, 555: 128, 556: 366, 557: 666, 558: 428, 559: 58, 560: 296, 561: 380, 562: 142, 563: 666, 564: 428, 565: 114, 566: 352, 573: 268, 574: 30, 575: 114, 576: 352, 577: 366, 578: 128, 579: 352, 580: 114, 581: 352, 582: 114, 583: 666, 584: 428, 585: 338, 586: 100, 587: 254, 588: 16, 589: 366, 590: 128, 591: 352, 592: 114, 593: 100, 594: 338, 595: 296, 596: 58, 597: 268, 598: 30, 599: 142, 600: 380, 601: 282, 602: 44, 603: 268, 604: 30, 605: 268, 606: 30, 607: 352, 608: 114, 613: 100, 614: 338, 615: 282, 616: 44, 617: 268, 618: 30, 619: 352, 620: 114, 621: 338, 622: 100, 623: 338, 624: 100, 625: 268, 626: 30, 629: 282, 630: 44, 631: 268, 632: 30, 633: 282, 634: 44, 635: 268, 636: 30, 637: 254, 638: 16, 639: 268, 640: 30, 641: 380, 642: 142, 643: 338, 644: 100, 645: 296, 646: 58, 651: 352, 652: 114, 653: 254, 654: 16, 661: 254, 662: 16, 663: 394, 664: 156, 665: 366, 666: 128, 667: 268, 668: 30, 671: 254, 672: 16, 713: 268, 714: 30, 715: 254, 716: 16, 717: 394, 718: 156, 719: 324, 720: 86, 721: 254, 722: 16, 723: 254, 724: 16, 725: 254, 726: 16, 727: 254, 728: 16, 733: 268, 734: 30, 741: 268, 742: 30, 743: 44, 744: 282, 745: 268, 746: 30, 747: 324, 748: 86, 757: 338, 758: 100, 759: 268, 760: 30, 763: 268, 764: 30, 765: 254, 766: 16, 767: 296, 768: 58, 769: 268, 770: 30, 771: 338, 772: 100, 773: 254, 774: 16, 783: 268, 784: 30, 785: 254, 786: 16, 787: 268, 788: 30, 789: 338, 790: 100, 791: 268, 792: 30, 793: 338, 794: 100, 795: 268, 796: 30, 797: 352, 798: 114, 799: 282, 800: 44, 801: 268, 802: 30, 815: 338, 816: 100, 817: 268, 818: 30, 825: 282, 826: 44, 827: 324, 828: 86, 829: 254, 830: 16, 835: 44, 836: 282, 837: 268, 838: 30, 867: 352, 868: 114, 875: 310, 876: 72, 877: 282, 878: 44, 879: 324, 880: 86, 881: 268, 882: 30, 893: 268, 894: 30, 903: 254, 904: 16, 911: 254, 912: 16}
Correct solution!
Number of lables used:  38
Time taken: 0.45 seconds
Memory used: 42.80 MB
--------------------------------------------------

Trying with at most 37 labels...
Solution:
{13: 254, 14: 16, 15: 254, 16: 16, 23: 324, 24: 86, 49: 86, 50: 324, 51: 414, 52: 652, 53: 394, 54: 156, 67: 86, 68: 324, 69: 156, 70: 394, 79: 254, 80: 16, 81: 324, 82: 86, 83: 512, 84: 750, 85: 394, 86: 156, 103: 86, 104: 324, 105: 254, 106: 16, 117: 414, 118: 652, 119: 16, 120: 254, 127: 254, 128: 16, 129: 778, 130: 540, 143: 512, 144: 750, 145: 254, 146: 16, 151: 498, 152: 736, 153: 652, 154: 414, 155: 778, 156: 540, 157: 394, 158: 156, 179: 156, 180: 394, 181: 394, 182: 156, 183: 554, 184: 792, 191: 498, 192: 736, 193: 156, 194: 394, 205: 554, 206: 792, 209: 324, 210: 86, 211: 254, 212: 16, 213: 498, 214: 736, 215: 16, 216: 254, 217: 540, 218: 778, 233: 324, 234: 86, 235: 736, 236: 498, 237: 512, 238: 750, 261: 16, 262: 254, 263: 394, 264: 156, 265: 414, 266: 652, 267: 254, 268: 16, 269: 254, 270: 16, 271: 254, 272: 16, 273: 394, 274: 156, 275: 394, 276: 156, 277: 414, 278: 652, 281: 394, 282: 156, 283: 540, 284: 778, 285: 16, 286: 254, 287: 324, 288: 86, 289: 16, 290: 254, 291: 394, 292: 156, 293: 408, 294: 170, 295: 394, 296: 156, 299: 540, 300: 778, 301: 652, 302: 414, 303: 156, 304: 394, 305: 498, 306: 736, 307: 86, 308: 324, 309: 652, 310: 414, 311: 736, 312: 498, 313: 16, 314: 254, 321: 254, 322: 16, 323: 764, 324: 526, 325: 414, 326: 652, 327: 792, 328: 554, 329: 652, 330: 414, 339: 16, 340: 254, 341: 764, 342: 526, 343: 736, 344: 498, 345: 652, 346: 414, 347: 512, 348: 750, 349: 526, 350: 764, 351: 86, 352: 324, 355: 540, 356: 778, 357: 86, 358: 324, 359: 750, 360: 512, 361: 736, 362: 498, 363: 324, 364: 86, 365: 526, 366: 764, 367: 736, 368: 498, 369: 750, 370: 512, 371: 254, 372: 16, 375: 86, 376: 324, 377: 764, 378: 526, 383: 498, 384: 736, 387: 512, 388: 750, 397: 414, 398: 652, 401: 324, 402: 86, 405: 324, 406: 86, 435: 512, 436: 750, 439: 254, 440: 16, 449: 498, 450: 736, 471: 156, 472: 394, 475: 526, 476: 764, 477: 540, 478: 778, 481: 498, 482: 736, 491: 778, 492: 540, 493: 736, 494: 498, 495: 394, 496: 156, 517: 750, 518: 512, 519: 86, 520: 324, 525: 736, 526: 498, 533: 652, 534: 414, 535: 324, 536: 86, 547: 254, 548: 16, 555: 86, 556: 324, 557: 750, 558: 512, 559: 750, 560: 512, 561: 86, 562: 324, 563: 736, 564: 498, 565: 778, 566: 540, 573: 86, 574: 324, 575: 736, 576: 498, 577: 394, 578: 156, 579: 16, 580: 254, 581: 394, 582: 156, 583: 526, 584: 764, 585: 324, 586: 86, 587: 394, 588: 156, 589: 778, 590: 540, 591: 498, 592: 736, 593: 86, 594: 324, 595: 512, 596: 750, 597: 764, 598: 526, 599: 324, 600: 86, 601: 498, 602: 736, 603: 86, 604: 324, 605: 736, 606: 498, 607: 512, 608: 750, 613: 778, 614: 540, 615: 498, 616: 736, 617: 324, 618: 86, 619: 86, 620: 324, 621: 540, 622: 778, 623: 750, 624: 512, 625: 736, 626: 498, 629: 324, 630: 86, 631: 736, 632: 498, 633: 512, 634: 750, 635: 86, 636: 324, 637: 254, 638: 16, 639: 324, 640: 86, 641: 540, 642: 778, 643: 324, 644: 86, 645: 394, 646: 156, 651: 16, 652: 254, 653: 86, 654: 324, 661: 324, 662: 86, 663: 394, 664: 156, 665: 394, 666: 156, 667: 394, 668: 156, 671: 324, 672: 86, 713: 414, 714: 652, 715: 254, 716: 16, 717: 736, 718: 498, 719: 394, 720: 156, 721: 324, 722: 86, 723: 324, 724: 86, 725: 324, 726: 86, 727: 324, 728: 86, 733: 324, 734: 86, 741: 736, 742: 498, 743: 750, 744: 512, 745: 736, 746: 498, 747: 498, 748: 736, 757: 736, 758: 498, 759: 86, 760: 324, 763: 324, 764: 86, 765: 324, 766: 86, 767: 652, 768: 414, 769: 324, 770: 86, 771: 394, 772: 156, 773: 324, 774: 86, 783: 324, 784: 86, 785: 736, 786: 498, 787: 736, 788: 498, 789: 86, 790: 324, 791: 736, 792: 498, 793: 86, 794: 324, 795: 736, 796: 498, 797: 86, 798: 324, 799: 736, 800: 498, 801: 750, 802: 512, 815: 512, 816: 750, 817: 736, 818: 498, 825: 778, 826: 540, 827: 778, 828: 540, 829: 86, 830: 324, 835: 498, 836: 736, 837: 324, 838: 86, 867: 540, 868: 778, 875: 736, 876: 498, 877: 764, 878: 526, 879: 764, 880: 526, 881: 86, 882: 324, 893: 86, 894: 324, 903: 324, 904: 86, 911: 324, 912: 86}
Correct solution!
Number of lables used:  20
Time taken: 0.48 seconds
Memory used: 44.18 MB
--------------------------------------------------

Trying with at most 19 labels...
Solution:
{13: 254, 14: 16, 15: 254, 16: 16, 23: 324, 24: 86, 49: 86, 50: 324, 51: 414, 52: 652, 53: 394, 54: 156, 67: 86, 68: 324, 69: 156, 70: 394, 79: 254, 80: 16, 81: 324, 82: 86, 83: 512, 84: 750, 85: 394, 86: 156, 103: 86, 104: 324, 105: 254, 106: 16, 117: 414, 118: 652, 119: 16, 120: 254, 127: 254, 128: 16, 129: 778, 130: 540, 143: 512, 144: 750, 145: 254, 146: 16, 151: 498, 152: 736, 153: 652, 154: 414, 155: 778, 156: 540, 157: 394, 158: 156, 179: 156, 180: 394, 181: 394, 182: 156, 183: 526, 184: 764, 191: 498, 192: 736, 193: 156, 194: 394, 205: 498, 206: 736, 209: 324, 210: 86, 211: 254, 212: 16, 213: 498, 214: 736, 215: 156, 216: 394, 217: 540, 218: 778, 233: 324, 234: 86, 235: 736, 236: 498, 237: 512, 238: 750, 261: 16, 262: 254, 263: 778, 264: 540, 265: 414, 266: 652, 267: 254, 268: 16, 269: 254, 270: 16, 271: 254, 272: 16, 273: 394, 274: 156, 275: 394, 276: 156, 277: 414, 278: 652, 281: 394, 282: 156, 283: 540, 284: 778, 285: 16, 286: 254, 287: 324, 288: 86, 289: 16, 290: 254, 291: 394, 292: 156, 293: 478, 294: 240, 295: 394, 296: 156, 299: 540, 300: 778, 301: 652, 302: 414, 303: 156, 304: 394, 305: 498, 306: 736, 307: 86, 308: 324, 309: 652, 310: 414, 311: 736, 312: 498, 313: 16, 314: 254, 321: 254, 322: 16, 323: 764, 324: 526, 325: 254, 326: 16, 327: 652, 328: 414, 329: 652, 330: 414, 339: 16, 340: 254, 341: 764, 342: 526, 343: 736, 344: 498, 345: 652, 346: 414, 347: 512, 348: 750, 349: 526, 350: 764, 351: 86, 352: 324, 355: 512, 356: 750, 357: 86, 358: 324, 359: 778, 360: 540, 361: 736, 362: 498, 363: 324, 364: 86, 365: 526, 366: 764, 367: 736, 368: 498, 369: 750, 370: 512, 371: 254, 372: 16, 375: 86, 376: 324, 377: 736, 378: 498, 383: 498, 384: 736, 387: 512, 388: 750, 397: 414, 398: 652, 401: 324, 402: 86, 405: 324, 406: 86, 435: 512, 436: 750, 439: 254, 440: 16, 449: 498, 450: 736, 471: 156, 472: 394, 475: 526, 476: 764, 477: 540, 478: 778, 481: 498, 482: 736, 491: 778, 492: 540, 493: 736, 494: 498, 495: 394, 496: 156, 517: 750, 518: 512, 519: 86, 520: 324, 525: 736, 526: 498, 533: 652, 534: 414, 535: 324, 536: 86, 547: 254, 548: 16, 555: 86, 556: 324, 557: 750, 558: 512, 559: 750, 560: 512, 561: 86, 562: 324, 563: 736, 564: 498, 565: 778, 566: 540, 573: 86, 574: 324, 575: 736, 576: 498, 577: 394, 578: 156, 579: 16, 580: 254, 581: 394, 582: 156, 583: 526, 584: 764, 585: 324, 586: 86, 587: 394, 588: 156, 589: 778, 590: 540, 591: 498, 592: 736, 593: 86, 594: 324, 595: 512, 596: 750, 597: 764, 598: 526, 599: 324, 600: 86, 601: 498, 602: 736, 603: 86, 604: 324, 605: 736, 606: 498, 607: 512, 608: 750, 613: 778, 614: 540, 615: 750, 616: 512, 617: 324, 618: 86, 619: 86, 620: 324, 621: 540, 622: 778, 623: 750, 624: 512, 625: 736, 626: 498, 629: 324, 630: 86, 631: 736, 632: 498, 633: 512, 634: 750, 635: 86, 636: 324, 637: 254, 638: 16, 639: 324, 640: 86, 641: 540, 642: 778, 643: 324, 644: 86, 645: 394, 646: 156, 651: 16, 652: 254, 653: 86, 654: 324, 661: 324, 662: 86, 663: 394, 664: 156, 665: 394, 666: 156, 667: 394, 668: 156, 671: 324, 672: 86, 713: 414, 714: 652, 715: 254, 716: 16, 717: 736, 718: 498, 719: 394, 720: 156, 721: 324, 722: 86, 723: 324, 724: 86, 725: 324, 726: 86, 727: 324, 728: 86, 733: 324, 734: 86, 741: 254, 742: 16, 743: 736, 744: 498, 745: 736, 746: 498, 747: 526, 748: 764, 757: 736, 758: 498, 759: 86, 760: 324, 763: 324, 764: 86, 765: 324, 766: 86, 767: 652, 768: 414, 769: 324, 770: 86, 771: 394, 772: 156, 773: 324, 774: 86, 783: 324, 784: 86, 785: 736, 786: 498, 787: 736, 788: 498, 789: 86, 790: 324, 791: 736, 792: 498, 793: 86, 794: 324, 795: 736, 796: 498, 797: 86, 798: 324, 799: 736, 800: 498, 801: 750, 802: 512, 815: 512, 816: 750, 817: 736, 818: 498, 825: 778, 826: 540, 827: 778, 828: 540, 829: 86, 830: 324, 835: 498, 836: 736, 837: 324, 838: 86, 867: 540, 868: 778, 875: 736, 876: 498, 877: 764, 878: 526, 879: 764, 880: 526, 881: 86, 882: 324, 893: 86, 894: 324, 903: 324, 904: 86, 911: 324, 912: 86}
Correct solution!
Number of lables used:  18
Time taken: 0.50 seconds
Memory used: 44.43 MB
--------------------------------------------------

Trying with at most 17 labels...
Solution:
{13: 428, 14: 666, 15: 428, 16: 666, 23: 428, 24: 666, 49: 86, 50: 324, 51: 456, 52: 694, 53: 394, 54: 156, 67: 128, 68: 366, 69: 666, 70: 428, 79: 366, 80: 128, 81: 324, 82: 86, 83: 456, 84: 694, 85: 394, 86: 156, 103: 86, 104: 324, 105: 380, 106: 142, 117: 44, 118: 282, 119: 666, 120: 428, 127: 694, 128: 456, 129: 44, 130: 282, 143: 456, 144: 694, 145: 394, 146: 156, 151: 282, 152: 44, 153: 394, 154: 156, 155: 456, 156: 694, 157: 128, 158: 366, 179: 324, 180: 86, 181: 86, 182: 324, 183: 142, 184: 380, 191: 764, 192: 526, 193: 44, 194: 282, 205: 142, 206: 380, 209: 428, 210: 666, 211: 764, 212: 526, 213: 128, 214: 366, 215: 86, 216: 324, 217: 128, 218: 366, 233: 456, 234: 694, 235: 142, 236: 380, 237: 44, 238: 282, 261: 394, 262: 156, 263: 694, 264: 456, 265: 764, 266: 526, 267: 394, 268: 156, 269: 282, 270: 44, 271: 282, 272: 44, 273: 666, 274: 428, 275: 666, 276: 428, 277: 282, 278: 44, 281: 526, 282: 764, 283: 380, 284: 142, 285: 366, 286: 128, 287: 324, 288: 86, 289: 380, 290: 142, 291: 394, 292: 156, 293: 380, 294: 142, 295: 694, 296: 456, 299: 282, 300: 44, 301: 156, 302: 394, 303: 666, 304: 428, 305: 764, 306: 526, 307: 86, 308: 324, 309: 694, 310: 456, 311: 666, 312: 428, 313: 666, 314: 428, 321: 428, 322: 666, 323: 282, 324: 44, 325: 142, 326: 380, 327: 526, 328: 764, 329: 128, 330: 366, 339: 142, 340: 380, 341: 764, 342: 526, 343: 86, 344: 324, 345: 282, 346: 44, 347: 666, 348: 428, 349: 666, 350: 428, 351: 666, 352: 428, 355: 128, 356: 366, 357: 86, 358: 324, 359: 44, 360: 282, 361: 366, 362: 128, 363: 694, 364: 456, 365: 526, 366: 764, 367: 666, 368: 428, 369: 366, 370: 128, 371: 282, 372: 44, 375: 666, 376: 428, 377: 526, 378: 764, 383: 764, 384: 526, 387: 428, 388: 666, 397: 764, 398: 526, 401: 694, 402: 456, 405: 282, 406: 44, 435: 428, 436: 666, 439: 428, 440: 666, 449: 764, 450: 526, 471: 156, 472: 394, 475: 526, 476: 764, 477: 694, 478: 456, 481: 456, 482: 694, 491: 764, 492: 526, 493: 86, 494: 324, 495: 394, 496: 156, 517: 128, 518: 366, 519: 44, 520: 282, 525: 694, 526: 456, 533: 156, 534: 394, 535: 282, 536: 44, 547: 282, 548: 44, 555: 128, 556: 366, 557: 526, 558: 764, 559: 666, 560: 428, 561: 128, 562: 366, 563: 86, 564: 324, 565: 366, 566: 128, 573: 86, 574: 324, 575: 142, 576: 380, 577: 44, 578: 282, 579: 394, 580: 156, 581: 156, 582: 394, 583: 526, 584: 764, 585: 282, 586: 44, 587: 666, 588: 428, 589: 764, 590: 526, 591: 526, 592: 764, 593: 86, 594: 324, 595: 428, 596: 666, 597: 128, 598: 366, 599: 324, 600: 86, 601: 456, 602: 694, 603: 86, 604: 324, 605: 694, 606: 456, 607: 456, 608: 694, 613: 142, 614: 380, 615: 428, 616: 666, 617: 86, 618: 324, 619: 366, 620: 128, 621: 86, 622: 324, 623: 666, 624: 428, 625: 694, 626: 456, 629: 324, 630: 86, 631: 694, 632: 456, 633: 456, 634: 694, 635: 86, 636: 324, 637: 282, 638: 44, 639: 324, 640: 86, 641: 526, 642: 764, 643: 324, 644: 86, 645: 324, 646: 86, 651: 44, 652: 282, 653: 156, 654: 394, 661: 666, 662: 428, 663: 366, 664: 128, 665: 694, 666: 456, 667: 694, 668: 456, 671: 128, 672: 366, 713: 282, 714: 44, 715: 366, 716: 128, 717: 324, 718: 86, 719: 666, 720: 428, 721: 394, 722: 156, 723: 394, 724: 156, 725: 380, 726: 142, 727: 380, 728: 142, 733: 366, 734: 128, 741: 666, 742: 428, 743: 44, 744: 282, 745: 764, 746: 526, 747: 526, 748: 764, 757: 666, 758: 428, 759: 282, 760: 44, 763: 324, 764: 86, 765: 282, 766: 44, 767: 394, 768: 156, 769: 764, 770: 526, 771: 394, 772: 156, 773: 282, 774: 44, 783: 324, 784: 86, 785: 44, 786: 282, 787: 764, 788: 526, 789: 86, 790: 324, 791: 694, 792: 456, 793: 86, 794: 324, 795: 666, 796: 428, 797: 86, 798: 324, 799: 694, 800: 456, 801: 380, 802: 142, 815: 428, 816: 666, 817: 764, 818: 526, 825: 526, 826: 764, 827: 394, 828: 156, 829: 156, 830: 394, 835: 456, 836: 694, 837: 324, 838: 86, 867: 526, 868: 764, 875: 666, 876: 428, 877: 694, 878: 456, 879: 764, 880: 526, 881: 86, 882: 324, 893: 86, 894: 324, 903: 324, 904: 86, 911: 694, 912: 456}
Correct solution!
Number of lables used:  16
Time taken: 0.59 seconds
Memory used: 45.18 MB
--------------------------------------------------

Trying with at most 15 labels...
Solution:
{13: 352, 14: 114, 15: 282, 16: 44, 23: 442, 24: 680, 49: 86, 50: 324, 51: 526, 52: 764, 53: 380, 54: 142, 67: 380, 68: 142, 69: 764, 70: 526, 79: 352, 80: 114, 81: 324, 82: 86, 83: 442, 84: 680, 85: 380, 86: 142, 103: 86, 104: 324, 105: 44, 106: 282, 117: 764, 118: 526, 119: 142, 120: 380, 127: 442, 128: 680, 129: 114, 130: 352, 143: 44, 144: 282, 145: 526, 146: 764, 151: 526, 152: 764, 153: 282, 154: 44, 155: 764, 156: 526, 157: 72, 158: 310, 179: 324, 180: 86, 181: 86, 182: 324, 183: 72, 184: 310, 191: 764, 192: 526, 193: 114, 194: 352, 205: 86, 206: 324, 209: 380, 210: 142, 211: 442, 212: 680, 213: 86, 214: 324, 215: 86, 216: 324, 217: 680, 218: 442, 233: 324, 234: 86, 235: 310, 236: 72, 237: 764, 238: 526, 261: 380, 262: 142, 263: 680, 264: 442, 265: 680, 266: 442, 267: 142, 268: 380, 269: 282, 270: 44, 271: 282, 272: 44, 273: 680, 274: 442, 275: 680, 276: 442, 277: 352, 278: 114, 281: 442, 282: 680, 283: 380, 284: 142, 285: 324, 286: 86, 287: 324, 288: 86, 289: 352, 290: 114, 291: 380, 292: 142, 293: 380, 294: 142, 295: 380, 296: 142, 299: 72, 300: 310, 301: 526, 302: 764, 303: 442, 304: 680, 305: 380, 306: 142, 307: 86, 308: 324, 309: 352, 310: 114, 311: 764, 312: 526, 313: 764, 314: 526, 321: 282, 322: 44, 323: 282, 324: 44, 325: 142, 326: 380, 327: 764, 328: 526, 329: 310, 330: 72, 339: 442, 340: 680, 341: 680, 342: 442, 343: 680, 344: 442, 345: 282, 346: 44, 347: 142, 348: 380, 349: 680, 350: 442, 351: 142, 352: 380, 355: 114, 356: 352, 357: 86, 358: 324, 359: 44, 360: 282, 361: 352, 362: 114, 363: 680, 364: 442, 365: 142, 366: 380, 367: 526, 368: 764, 369: 526, 370: 764, 371: 282, 372: 44, 375: 142, 376: 380, 377: 380, 378: 142, 383: 764, 384: 526, 387: 142, 388: 380, 397: 764, 398: 526, 401: 114, 402: 352, 405: 352, 406: 114, 435: 44, 436: 282, 439: 114, 440: 352, 449: 442, 450: 680, 471: 142, 472: 380, 475: 526, 476: 764, 477: 680, 478: 442, 481: 442, 482: 680, 491: 764, 492: 526, 493: 86, 494: 324, 495: 380, 496: 142, 517: 86, 518: 324, 519: 44, 520: 282, 525: 680, 526: 442, 533: 380, 534: 142, 535: 282, 536: 44, 547: 282, 548: 44, 555: 142, 556: 380, 557: 526, 558: 764, 559: 764, 560: 526, 561: 86, 562: 324, 563: 44, 564: 282, 565: 72, 566: 310, 573: 86, 574: 324, 575: 142, 576: 380, 577: 44, 578: 282, 579: 310, 580: 72, 581: 142, 582: 380, 583: 526, 584: 764, 585: 282, 586: 44, 587: 142, 588: 380, 589: 680, 590: 442, 591: 526, 592: 764, 593: 86, 594: 324, 595: 764, 596: 526, 597: 114, 598: 352, 599: 324, 600: 86, 601: 442, 602: 680, 603: 86, 604: 324, 605: 680, 606: 442, 607: 352, 608: 114, 613: 86, 614: 324, 615: 526, 616: 764, 617: 86, 618: 324, 619: 352, 620: 114, 621: 142, 622: 380, 623: 442, 624: 680, 625: 764, 626: 526, 629: 324, 630: 86, 631: 526, 632: 764, 633: 442, 634: 680, 635: 352, 636: 114, 637: 526, 638: 764, 639: 324, 640: 86, 641: 324, 642: 86, 643: 680, 644: 442, 645: 282, 646: 44, 651: 44, 652: 282, 653: 282, 654: 44, 661: 324, 662: 86, 663: 72, 664: 310, 665: 680, 666: 442, 667: 114, 668: 352, 671: 44, 672: 282, 713: 352, 714: 114, 715: 282, 716: 44, 717: 324, 718: 86, 719: 680, 720: 442, 721: 526, 722: 764, 723: 526, 724: 764, 725: 352, 726: 114, 727: 352, 728: 114, 733: 352, 734: 114, 741: 680, 742: 442, 743: 44, 744: 282, 745: 764, 746: 526, 747: 526, 748: 764, 757: 680, 758: 442, 759: 282, 760: 44, 763: 324, 764: 86, 765: 114, 766: 352, 767: 380, 768: 142, 769: 352, 770: 114, 771: 282, 772: 44, 773: 352, 774: 114, 783: 352, 784: 114, 785: 44, 786: 282, 787: 526, 788: 764, 789: 86, 790: 324, 791: 680, 792: 442, 793: 86, 794: 324, 795: 352, 796: 114, 797: 86, 798: 324, 799: 442, 800: 680, 801: 352, 802: 114, 815: 380, 816: 142, 817: 442, 818: 680, 825: 442, 826: 680, 827: 142, 828: 380, 829: 86, 830: 324, 835: 442, 836: 680, 837: 324, 838: 86, 867: 114, 868: 352, 875: 380, 876: 142, 877: 680, 878: 442, 879: 44, 880: 282, 881: 44, 882: 282, 893: 86, 894: 324, 903: 324, 904: 86, 911: 282, 912: 44}
Correct solution!
Number of lables used:  14
Time taken: 0.68 seconds
Memory used: 46.05 MB
--------------------------------------------------

Trying with at most 13 labels...
[runlim] sample:		10.0 time, 10.0 real, 78.2 MB
[runlim] sample:		20.0 time, 20.0 real, 72.6 MB
[runlim] sample:		30.0 time, 30.0 real, 74.4 MB
[runlim] sample:		40.0 time, 40.0 real, 76.6 MB
[runlim] sample:		50.0 time, 50.0 real, 77.4 MB
[runlim] sample:		60.0 time, 60.0 real, 79.1 MB
[runlim] sample:		70.0 time, 70.0 real, 79.7 MB
[runlim] sample:		80.0 time, 80.0 real, 80.1 MB
[runlim] sample:		90.0 time, 90.0 real, 97.2 MB
[runlim] sample:		100.0 time, 100.0 real, 98.2 MB
[runlim] sample:		110.0 time, 110.0 real, 98.2 MB
[runlim] sample:		120.0 time, 120.0 real, 98.2 MB
[runlim] sample:		130.0 time, 130.0 real, 98.2 MB
[runlim] sample:		140.0 time, 140.0 real, 98.2 MB
[runlim] sample:		150.0 time, 150.0 real, 98.2 MB
[runlim] sample:		160.0 time, 160.0 real, 98.2 MB
[runlim] sample:		170.0 time, 170.0 real, 98.2 MB
[runlim] sample:		180.0 time, 180.0 real, 98.4 MB
[runlim] sample:		190.0 time, 190.0 real, 98.6 MB
[runlim] sample:		200.0 time, 200.0 real, 99.8 MB
[runlim] sample:		210.0 time, 210.0 real, 99.9 MB
[runlim] sample:		220.0 time, 220.0 real, 99.9 MB
Cannot find solution.
No more solutions found.
Optimal number of labels used:  14
Time taken: 225.20 seconds
[runlim] end:			Wed Jan 14 23:27:59 2026
[runlim] status:		ok
[runlim] result:		0
[runlim] children:		0
[runlim] real:			225.28 seconds
[runlim] time:			225.19 seconds
[runlim] space:			99.9 MB
[runlim] samples:		2252
