[runlim] version:		1.10
[runlim] time limit:		311040000 seconds
[runlim] real time limit:	900 seconds
[runlim] space limit:		8000 MB
[runlim] argv[0]:		python3
[runlim] argv[1]:		-u
[runlim] argv[2]:		main.py
[runlim] argv[3]:		graph01
[runlim] argv[4]:		sc
[runlim] argv[5]:		assumptions
[runlim] start:			Sun Jan 11 22:52:38 2026
[runlim] main pid:		124563
Solve first problem:
Solution:
{1: 296, 2: 58, 3: 652, 4: 414, 5: 16, 6: 254, 7: 380, 8: 142, 9: 380, 10: 142, 11: 778, 12: 540, 13: 338, 14: 100, 15: 296, 16: 58, 17: 652, 18: 414, 19: 394, 20: 156, 21: 296, 22: 58, 23: 478, 24: 240, 25: 310, 26: 72, 27: 114, 28: 352, 29: 296, 30: 58, 31: 268, 32: 30, 33: 352, 34: 114, 35: 310, 36: 72, 37: 338, 38: 100, 39: 324, 40: 86, 41: 282, 42: 44, 43: 778, 44: 540, 45: 254, 46: 16, 47: 72, 48: 310, 49: 282, 50: 44, 51: 394, 52: 156, 53: 310, 54: 72, 55: 86, 56: 324, 57: 16, 58: 254, 59: 778, 60: 540, 61: 254, 62: 16, 63: 352, 64: 114, 65: 254, 66: 16, 67: 296, 68: 58, 69: 254, 70: 16, 71: 324, 72: 86, 73: 380, 74: 142, 75: 268, 76: 30, 77: 750, 78: 512, 79: 310, 80: 72, 81: 254, 82: 16, 83: 268, 84: 30, 85: 324, 86: 86, 87: 680, 88: 442, 89: 338, 90: 100, 91: 652, 92: 414, 93: 254, 94: 16, 95: 44, 96: 282, 97: 478, 98: 240, 99: 30, 100: 268, 101: 380, 102: 142, 103: 282, 104: 44, 105: 352, 106: 114, 107: 296, 108: 58, 109: 296, 110: 58, 111: 380, 112: 142, 113: 268, 114: 30, 115: 114, 116: 352, 117: 254, 118: 16, 119: 296, 120: 58, 121: 380, 122: 142, 123: 380, 124: 142, 125: 254, 126: 16, 127: 296, 128: 58, 129: 338, 130: 100, 131: 268, 132: 30, 133: 694, 134: 456, 135: 478, 136: 240, 137: 282, 138: 44, 139: 296, 140: 58, 141: 324, 142: 86, 143: 324, 144: 86, 145: 268, 146: 30, 147: 254, 148: 16, 149: 324, 150: 86, 151: 652, 152: 414, 153: 254, 154: 16, 155: 324, 156: 86, 157: 268, 158: 30, 159: 268, 160: 30, 161: 394, 162: 156, 163: 296, 164: 58, 165: 352, 166: 114, 167: 366, 168: 128, 169: 254, 170: 16, 171: 268, 172: 30, 173: 254, 174: 16, 175: 324, 176: 86, 177: 254, 178: 16, 179: 282, 180: 44, 181: 652, 182: 414, 183: 268, 184: 30, 185: 324, 186: 86, 187: 268, 188: 30, 189: 254, 190: 16, 191: 310, 192: 72, 193: 380, 194: 142, 195: 268, 196: 30, 197: 254, 198: 16, 199: 254, 200: 16}
Correct solution!
Number of lables used:  34
Time taken: 0.15 seconds
Memory used: 29.06 MB
--------------------------------------------------

Trying with at most 33 labels...
Solution:
{1: 268, 2: 30, 3: 652, 4: 414, 5: 30, 6: 268, 7: 408, 8: 170, 9: 240, 10: 478, 11: 750, 12: 512, 13: 394, 14: 156, 15: 268, 16: 30, 17: 268, 18: 30, 19: 268, 20: 30, 21: 540, 22: 778, 23: 170, 24: 408, 25: 540, 26: 778, 27: 694, 28: 456, 29: 156, 30: 394, 31: 268, 32: 30, 33: 414, 34: 652, 35: 722, 36: 484, 37: 722, 38: 484, 39: 394, 40: 156, 41: 652, 42: 414, 43: 540, 44: 778, 45: 394, 46: 156, 47: 456, 48: 694, 49: 778, 50: 540, 51: 156, 52: 394, 53: 156, 54: 394, 55: 414, 56: 652, 57: 652, 58: 414, 59: 722, 60: 484, 61: 652, 62: 414, 63: 652, 64: 414, 65: 268, 66: 30, 67: 666, 68: 428, 69: 268, 70: 30, 71: 414, 72: 652, 73: 408, 74: 170, 75: 30, 76: 268, 77: 722, 78: 484, 79: 268, 80: 30, 81: 394, 82: 156, 83: 30, 84: 268, 85: 778, 86: 540, 87: 30, 88: 268, 89: 666, 90: 428, 91: 456, 92: 694, 93: 268, 94: 30, 95: 778, 96: 540, 97: 170, 98: 408, 99: 652, 100: 414, 101: 750, 102: 512, 103: 268, 104: 30, 105: 722, 106: 484, 107: 268, 108: 30, 109: 30, 110: 268, 111: 156, 112: 394, 113: 394, 114: 156, 115: 666, 116: 428, 117: 268, 118: 30, 119: 394, 120: 156, 121: 478, 122: 240, 123: 408, 124: 170, 125: 30, 126: 268, 127: 666, 128: 428, 129: 778, 130: 540, 131: 268, 132: 30, 133: 268, 134: 30, 135: 240, 136: 478, 137: 394, 138: 156, 139: 156, 140: 394, 141: 30, 142: 268, 143: 722, 144: 484, 145: 694, 146: 456, 147: 394, 148: 156, 149: 394, 150: 156, 151: 456, 152: 694, 153: 694, 154: 456, 155: 666, 156: 428, 157: 30, 158: 268, 159: 652, 160: 414, 161: 456, 162: 694, 163: 156, 164: 394, 165: 394, 166: 156, 167: 750, 168: 512, 169: 156, 170: 394, 171: 394, 172: 156, 173: 394, 174: 156, 175: 414, 176: 652, 177: 268, 178: 30, 179: 268, 180: 30, 181: 750, 182: 512, 183: 540, 184: 778, 185: 414, 186: 652, 187: 722, 188: 484, 189: 652, 190: 414, 191: 666, 192: 428, 193: 478, 194: 240, 195: 394, 196: 156, 197: 652, 198: 414, 199: 394, 200: 156}
Correct solution!
Number of lables used:  20
Time taken: 0.17 seconds
Memory used: 29.93 MB
--------------------------------------------------

Trying with at most 19 labels...
Solution:
{1: 736, 2: 498, 3: 652, 4: 414, 5: 442, 6: 680, 7: 408, 8: 170, 9: 380, 10: 142, 11: 338, 12: 100, 13: 30, 14: 268, 15: 680, 16: 442, 17: 142, 18: 380, 19: 338, 20: 100, 21: 526, 22: 764, 23: 408, 24: 170, 25: 526, 26: 764, 27: 652, 28: 414, 29: 142, 30: 380, 31: 380, 32: 142, 33: 736, 34: 498, 35: 268, 36: 30, 37: 736, 38: 498, 39: 268, 40: 30, 41: 652, 42: 414, 43: 268, 44: 30, 45: 352, 46: 114, 47: 764, 48: 526, 49: 764, 50: 526, 51: 380, 52: 142, 53: 114, 54: 352, 55: 352, 56: 114, 57: 30, 58: 268, 59: 442, 60: 680, 61: 652, 62: 414, 63: 30, 64: 268, 65: 114, 66: 352, 67: 736, 68: 498, 69: 352, 70: 114, 71: 114, 72: 352, 73: 380, 74: 142, 75: 680, 76: 442, 77: 414, 78: 652, 79: 268, 80: 30, 81: 380, 82: 142, 83: 100, 84: 338, 85: 764, 86: 526, 87: 764, 88: 526, 89: 680, 90: 442, 91: 652, 92: 414, 93: 498, 94: 736, 95: 764, 96: 526, 97: 408, 98: 170, 99: 114, 100: 352, 101: 764, 102: 526, 103: 352, 104: 114, 105: 380, 106: 142, 107: 352, 108: 114, 109: 30, 110: 268, 111: 142, 112: 380, 113: 338, 114: 100, 115: 114, 116: 352, 117: 380, 118: 142, 119: 352, 120: 114, 121: 142, 122: 380, 123: 170, 124: 408, 125: 30, 126: 268, 127: 498, 128: 736, 129: 764, 130: 526, 131: 338, 132: 100, 133: 380, 134: 142, 135: 170, 136: 408, 137: 352, 138: 114, 139: 142, 140: 380, 141: 268, 142: 30, 143: 652, 144: 414, 145: 380, 146: 142, 147: 268, 148: 30, 149: 352, 150: 114, 151: 338, 152: 100, 153: 414, 154: 652, 155: 652, 156: 414, 157: 268, 158: 30, 159: 680, 160: 442, 161: 498, 162: 736, 163: 526, 164: 764, 165: 30, 166: 268, 167: 380, 168: 142, 169: 100, 170: 338, 171: 414, 172: 652, 173: 652, 174: 414, 175: 352, 176: 114, 177: 380, 178: 142, 179: 268, 180: 30, 181: 442, 182: 680, 183: 498, 184: 736, 185: 30, 186: 268, 187: 498, 188: 736, 189: 652, 190: 414, 191: 652, 192: 414, 193: 170, 194: 408, 195: 442, 196: 680, 197: 652, 198: 414, 199: 380, 200: 142}
Correct solution!
Number of lables used:  18
Time taken: 0.38 seconds
Memory used: 30.70 MB
--------------------------------------------------

Trying with at most 17 labels...
[runlim] sample:		10.0 time, 10.2 real, 46.0 MB
[runlim] sample:		20.0 time, 20.2 real, 55.4 MB
[runlim] sample:		30.0 time, 30.2 real, 63.4 MB
[runlim] sample:		40.0 time, 40.2 real, 63.4 MB
[runlim] sample:		50.0 time, 50.2 real, 63.4 MB
[runlim] sample:		60.0 time, 60.2 real, 63.4 MB
[runlim] sample:		70.0 time, 70.2 real, 73.7 MB
[runlim] sample:		80.0 time, 80.2 real, 77.4 MB
[runlim] sample:		90.0 time, 90.2 real, 78.4 MB
[runlim] sample:		100.0 time, 100.2 real, 78.8 MB
[runlim] sample:		110.0 time, 110.2 real, 87.9 MB
[runlim] sample:		120.0 time, 120.2 real, 97.1 MB
[runlim] sample:		130.0 time, 130.2 real, 97.1 MB
[runlim] sample:		140.0 time, 140.2 real, 97.1 MB
[runlim] sample:		150.0 time, 150.2 real, 97.1 MB
[runlim] sample:		160.0 time, 160.2 real, 97.1 MB
[runlim] sample:		170.0 time, 170.2 real, 97.1 MB
[runlim] sample:		180.0 time, 180.2 real, 97.1 MB
[runlim] sample:		190.0 time, 190.2 real, 97.1 MB
[runlim] sample:		200.0 time, 200.2 real, 97.1 MB
[runlim] sample:		210.0 time, 210.2 real, 97.1 MB
[runlim] sample:		220.0 time, 220.2 real, 97.1 MB
Cannot find solution.
No more solutions found.
Optimal number of labels used:  18
Time taken: 221.64 seconds
[runlim] end:			Sun Jan 11 22:56:19 2026
[runlim] status:		ok
[runlim] result:		0
[runlim] children:		0
[runlim] real:			221.94 seconds
[runlim] time:			221.68 seconds
[runlim] space:			97.5 MB
[runlim] samples:		2217
