[runlim] version:		1.10
[runlim] time limit:		311040000 seconds
[runlim] real time limit:	900 seconds
[runlim] space limit:		8000 MB
[runlim] argv[0]:		python3
[runlim] argv[1]:		-u
[runlim] argv[2]:		main.py
[runlim] argv[3]:		graph03
[runlim] argv[4]:		sc
[runlim] argv[5]:		assumptions
[runlim] start:			Sun Jan 11 22:56:43 2026
[runlim] main pid:		126115
Solve first problem:
Solution:
{1: 484, 2: 722, 3: 554, 4: 792, 5: 526, 6: 764, 7: 512, 8: 750, 9: 666, 10: 428, 11: 722, 12: 484, 13: 100, 14: 338, 15: 156, 16: 394, 17: 526, 18: 764, 19: 442, 20: 680, 21: 30, 22: 268, 23: 128, 24: 366, 25: 708, 26: 470, 27: 764, 28: 526, 29: 750, 30: 512, 31: 142, 32: 380, 33: 352, 34: 114, 35: 554, 36: 792, 37: 338, 38: 100, 39: 16, 40: 254, 41: 380, 42: 142, 43: 282, 44: 44, 45: 470, 46: 708, 47: 498, 48: 736, 49: 44, 50: 282, 51: 268, 52: 30, 53: 666, 54: 428, 55: 58, 56: 296, 57: 722, 58: 484, 59: 750, 60: 512, 61: 86, 62: 324, 63: 380, 64: 142, 65: 750, 66: 512, 67: 512, 68: 750, 69: 72, 70: 310, 71: 554, 72: 792, 73: 666, 74: 428, 75: 470, 76: 708, 77: 86, 78: 324, 79: 58, 80: 296, 81: 100, 82: 338, 83: 366, 84: 128, 85: 58, 86: 296, 87: 58, 88: 296, 89: 72, 90: 310, 91: 254, 92: 16, 93: 72, 94: 310, 95: 142, 96: 380, 97: 366, 98: 128, 99: 736, 100: 498, 101: 30, 102: 268, 103: 554, 104: 792, 105: 456, 106: 694, 107: 268, 108: 30, 109: 764, 110: 526, 111: 16, 112: 254, 113: 16, 114: 254, 115: 722, 116: 484, 117: 792, 118: 554, 119: 86, 120: 324, 121: 526, 122: 764, 123: 352, 124: 114, 125: 736, 126: 498, 127: 792, 128: 554, 129: 254, 130: 16, 131: 156, 132: 394, 133: 114, 134: 352, 135: 268, 136: 30, 137: 526, 138: 764, 139: 86, 140: 324, 141: 114, 142: 352, 143: 100, 144: 338, 145: 30, 146: 268, 147: 484, 148: 722, 149: 750, 150: 512, 151: 456, 152: 694, 153: 792, 154: 554, 155: 778, 156: 540, 157: 16, 158: 254, 159: 470, 160: 708, 161: 442, 162: 680, 163: 792, 164: 554, 165: 380, 166: 142, 167: 428, 168: 666, 169: 540, 170: 778, 171: 540, 172: 778, 173: 44, 174: 282, 175: 778, 176: 540, 177: 86, 178: 324, 179: 114, 180: 352, 181: 526, 182: 764, 183: 498, 184: 736, 185: 512, 186: 750, 187: 470, 188: 708, 189: 380, 190: 142, 191: 792, 192: 554, 193: 72, 194: 310, 195: 764, 196: 526, 197: 268, 198: 30, 199: 380, 200: 142}
Correct solution!
Number of lables used:  42
Time taken: 0.20 seconds
Memory used: 30.31 MB
--------------------------------------------------

Trying with at most 41 labels...
Solution:
{1: 512, 2: 750, 3: 554, 4: 792, 5: 554, 6: 792, 7: 540, 8: 778, 9: 666, 10: 428, 11: 722, 12: 484, 13: 100, 14: 338, 15: 156, 16: 394, 17: 526, 18: 764, 19: 470, 20: 708, 21: 30, 22: 268, 23: 128, 24: 366, 25: 708, 26: 470, 27: 764, 28: 526, 29: 750, 30: 512, 31: 142, 32: 380, 33: 352, 34: 114, 35: 554, 36: 792, 37: 338, 38: 100, 39: 16, 40: 254, 41: 380, 42: 142, 43: 282, 44: 44, 45: 470, 46: 708, 47: 498, 48: 736, 49: 44, 50: 282, 51: 268, 52: 30, 53: 666, 54: 428, 55: 58, 56: 296, 57: 722, 58: 484, 59: 750, 60: 512, 61: 86, 62: 324, 63: 380, 64: 142, 65: 750, 66: 512, 67: 512, 68: 750, 69: 72, 70: 310, 71: 554, 72: 792, 73: 666, 74: 428, 75: 470, 76: 708, 77: 86, 78: 324, 79: 58, 80: 296, 81: 100, 82: 338, 83: 366, 84: 128, 85: 58, 86: 296, 87: 58, 88: 296, 89: 72, 90: 310, 91: 254, 92: 16, 93: 72, 94: 310, 95: 142, 96: 380, 97: 366, 98: 128, 99: 736, 100: 498, 101: 30, 102: 268, 103: 554, 104: 792, 105: 484, 106: 722, 107: 268, 108: 30, 109: 764, 110: 526, 111: 16, 112: 254, 113: 16, 114: 254, 115: 722, 116: 484, 117: 792, 118: 554, 119: 86, 120: 324, 121: 526, 122: 764, 123: 352, 124: 114, 125: 736, 126: 498, 127: 792, 128: 554, 129: 254, 130: 16, 131: 156, 132: 394, 133: 114, 134: 352, 135: 268, 136: 30, 137: 526, 138: 764, 139: 86, 140: 324, 141: 114, 142: 352, 143: 100, 144: 338, 145: 30, 146: 268, 147: 484, 148: 722, 149: 750, 150: 512, 151: 456, 152: 694, 153: 792, 154: 554, 155: 778, 156: 540, 157: 16, 158: 254, 159: 470, 160: 708, 161: 296, 162: 58, 163: 792, 164: 554, 165: 380, 166: 142, 167: 428, 168: 666, 169: 540, 170: 778, 171: 540, 172: 778, 173: 44, 174: 282, 175: 778, 176: 540, 177: 86, 178: 324, 179: 114, 180: 352, 181: 526, 182: 764, 183: 498, 184: 736, 185: 512, 186: 750, 187: 470, 188: 708, 189: 380, 190: 142, 191: 792, 192: 554, 193: 72, 194: 310, 195: 764, 196: 526, 197: 268, 198: 30, 199: 380, 200: 142}
Correct solution!
Number of lables used:  40
Time taken: 0.21 seconds
Memory used: 31.31 MB
--------------------------------------------------

Trying with at most 39 labels...
Solution:
{1: 512, 2: 750, 3: 554, 4: 792, 5: 554, 6: 792, 7: 554, 8: 792, 9: 666, 10: 428, 11: 722, 12: 484, 13: 86, 14: 324, 15: 142, 16: 380, 17: 526, 18: 764, 19: 470, 20: 708, 21: 16, 22: 254, 23: 100, 24: 338, 25: 708, 26: 470, 27: 764, 28: 526, 29: 128, 30: 366, 31: 128, 32: 366, 33: 456, 34: 694, 35: 554, 36: 792, 37: 338, 38: 100, 39: 16, 40: 254, 41: 380, 42: 142, 43: 282, 44: 44, 45: 470, 46: 708, 47: 498, 48: 736, 49: 44, 50: 282, 51: 268, 52: 30, 53: 666, 54: 428, 55: 58, 56: 296, 57: 722, 58: 484, 59: 750, 60: 512, 61: 86, 62: 324, 63: 380, 64: 142, 65: 750, 66: 512, 67: 512, 68: 750, 69: 58, 70: 296, 71: 554, 72: 792, 73: 666, 74: 428, 75: 470, 76: 708, 77: 764, 78: 526, 79: 30, 80: 268, 81: 86, 82: 324, 83: 366, 84: 128, 85: 792, 86: 554, 87: 58, 88: 296, 89: 58, 90: 296, 91: 254, 92: 16, 93: 44, 94: 282, 95: 142, 96: 380, 97: 366, 98: 128, 99: 736, 100: 498, 101: 30, 102: 268, 103: 554, 104: 792, 105: 498, 106: 736, 107: 268, 108: 30, 109: 666, 110: 428, 111: 16, 112: 254, 113: 16, 114: 254, 115: 722, 116: 484, 117: 792, 118: 554, 119: 58, 120: 296, 121: 526, 122: 764, 123: 352, 124: 114, 125: 142, 126: 380, 127: 792, 128: 554, 129: 254, 130: 16, 131: 156, 132: 394, 133: 100, 134: 338, 135: 268, 136: 30, 137: 526, 138: 764, 139: 86, 140: 324, 141: 100, 142: 338, 143: 750, 144: 512, 145: 30, 146: 268, 147: 484, 148: 722, 149: 750, 150: 512, 151: 456, 152: 694, 153: 792, 154: 554, 155: 778, 156: 540, 157: 16, 158: 254, 159: 470, 160: 708, 161: 296, 162: 58, 163: 694, 164: 456, 165: 380, 166: 142, 167: 428, 168: 666, 169: 540, 170: 778, 171: 540, 172: 778, 173: 44, 174: 282, 175: 778, 176: 540, 177: 86, 178: 324, 179: 114, 180: 352, 181: 526, 182: 764, 183: 498, 184: 736, 185: 512, 186: 750, 187: 470, 188: 708, 189: 380, 190: 142, 191: 792, 192: 554, 193: 58, 194: 296, 195: 764, 196: 526, 197: 268, 198: 30, 199: 380, 200: 142}
Correct solution!
Number of lables used:  38
Time taken: 0.22 seconds
Memory used: 31.31 MB
--------------------------------------------------

Trying with at most 37 labels...
Solution:
{1: 722, 2: 484, 3: 142, 4: 380, 5: 142, 6: 380, 7: 142, 8: 380, 9: 666, 10: 428, 11: 722, 12: 484, 13: 86, 14: 324, 15: 142, 16: 380, 17: 114, 18: 352, 19: 764, 20: 526, 21: 792, 22: 554, 23: 100, 24: 338, 25: 666, 26: 428, 27: 764, 28: 526, 29: 128, 30: 366, 31: 156, 32: 394, 33: 736, 34: 498, 35: 142, 36: 380, 37: 736, 38: 498, 39: 16, 40: 254, 41: 16, 42: 254, 43: 86, 44: 324, 45: 58, 46: 296, 47: 764, 48: 526, 49: 44, 50: 282, 51: 666, 52: 428, 53: 142, 54: 380, 55: 764, 56: 526, 57: 722, 58: 484, 59: 128, 60: 366, 61: 86, 62: 324, 63: 16, 64: 254, 65: 58, 66: 296, 67: 100, 68: 338, 69: 58, 70: 296, 71: 268, 72: 30, 73: 666, 74: 428, 75: 750, 76: 512, 77: 764, 78: 526, 79: 30, 80: 268, 81: 114, 82: 352, 83: 30, 84: 268, 85: 792, 86: 554, 87: 58, 88: 296, 89: 30, 90: 268, 91: 16, 92: 254, 93: 30, 94: 268, 95: 142, 96: 380, 97: 750, 98: 512, 99: 736, 100: 498, 101: 30, 102: 268, 103: 268, 104: 30, 105: 694, 106: 456, 107: 100, 108: 338, 109: 666, 110: 428, 111: 792, 112: 554, 113: 792, 114: 554, 115: 722, 116: 484, 117: 666, 118: 428, 119: 722, 120: 484, 121: 694, 122: 456, 123: 792, 124: 554, 125: 142, 126: 380, 127: 792, 128: 554, 129: 114, 130: 352, 131: 666, 132: 428, 133: 100, 134: 338, 135: 666, 136: 428, 137: 296, 138: 58, 139: 86, 140: 324, 141: 128, 142: 366, 143: 750, 144: 512, 145: 30, 146: 268, 147: 736, 148: 498, 149: 128, 150: 366, 151: 722, 152: 484, 153: 750, 154: 512, 155: 722, 156: 484, 157: 16, 158: 254, 159: 352, 160: 114, 161: 736, 162: 498, 163: 694, 164: 456, 165: 512, 166: 750, 167: 792, 168: 554, 169: 282, 170: 44, 171: 282, 172: 44, 173: 722, 174: 484, 175: 100, 176: 338, 177: 86, 178: 324, 179: 114, 180: 352, 181: 296, 182: 58, 183: 750, 184: 512, 185: 666, 186: 428, 187: 58, 188: 296, 189: 30, 190: 268, 191: 792, 192: 554, 193: 86, 194: 324, 195: 764, 196: 526, 197: 128, 198: 366, 199: 30, 200: 268}
Correct solution!
Number of lables used:  34
Time taken: 0.23 seconds
Memory used: 31.31 MB
--------------------------------------------------

Trying with at most 33 labels...
Solution:
{1: 722, 2: 484, 3: 142, 4: 380, 5: 142, 6: 380, 7: 142, 8: 380, 9: 666, 10: 428, 11: 722, 12: 484, 13: 86, 14: 324, 15: 142, 16: 380, 17: 114, 18: 352, 19: 764, 20: 526, 21: 792, 22: 554, 23: 100, 24: 338, 25: 666, 26: 428, 27: 764, 28: 526, 29: 128, 30: 366, 31: 128, 32: 366, 33: 736, 34: 498, 35: 142, 36: 380, 37: 736, 38: 498, 39: 16, 40: 254, 41: 16, 42: 254, 43: 86, 44: 324, 45: 58, 46: 296, 47: 764, 48: 526, 49: 44, 50: 282, 51: 666, 52: 428, 53: 142, 54: 380, 55: 764, 56: 526, 57: 722, 58: 484, 59: 128, 60: 366, 61: 86, 62: 324, 63: 16, 64: 254, 65: 58, 66: 296, 67: 100, 68: 338, 69: 58, 70: 296, 71: 268, 72: 30, 73: 666, 74: 428, 75: 750, 76: 512, 77: 764, 78: 526, 79: 30, 80: 268, 81: 86, 82: 324, 83: 30, 84: 268, 85: 792, 86: 554, 87: 58, 88: 296, 89: 30, 90: 268, 91: 16, 92: 254, 93: 30, 94: 268, 95: 142, 96: 380, 97: 750, 98: 512, 99: 736, 100: 498, 101: 30, 102: 268, 103: 268, 104: 30, 105: 694, 106: 456, 107: 100, 108: 338, 109: 666, 110: 428, 111: 792, 112: 554, 113: 792, 114: 554, 115: 722, 116: 484, 117: 666, 118: 428, 119: 722, 120: 484, 121: 694, 122: 456, 123: 792, 124: 554, 125: 142, 126: 380, 127: 792, 128: 554, 129: 114, 130: 352, 131: 666, 132: 428, 133: 100, 134: 338, 135: 666, 136: 428, 137: 296, 138: 58, 139: 86, 140: 324, 141: 100, 142: 338, 143: 750, 144: 512, 145: 30, 146: 268, 147: 736, 148: 498, 149: 128, 150: 366, 151: 722, 152: 484, 153: 750, 154: 512, 155: 722, 156: 484, 157: 16, 158: 254, 159: 352, 160: 114, 161: 736, 162: 498, 163: 694, 164: 456, 165: 512, 166: 750, 167: 792, 168: 554, 169: 282, 170: 44, 171: 282, 172: 44, 173: 722, 174: 484, 175: 100, 176: 338, 177: 86, 178: 324, 179: 114, 180: 352, 181: 296, 182: 58, 183: 750, 184: 512, 185: 666, 186: 428, 187: 58, 188: 296, 189: 30, 190: 268, 191: 792, 192: 554, 193: 58, 194: 296, 195: 764, 196: 526, 197: 128, 198: 366, 199: 30, 200: 268}
Correct solution!
Number of lables used:  32
Time taken: 0.24 seconds
Memory used: 31.31 MB
--------------------------------------------------

Trying with at most 31 labels...
Solution:
{1: 750, 2: 512, 3: 268, 4: 30, 5: 142, 6: 380, 7: 666, 8: 428, 9: 142, 10: 380, 11: 708, 12: 470, 13: 792, 14: 554, 15: 114, 16: 352, 17: 114, 18: 352, 19: 792, 20: 554, 21: 792, 22: 554, 23: 100, 24: 338, 25: 100, 26: 338, 27: 750, 28: 512, 29: 128, 30: 366, 31: 128, 32: 366, 33: 764, 34: 526, 35: 142, 36: 380, 37: 86, 38: 324, 39: 16, 40: 254, 41: 16, 42: 254, 43: 58, 44: 296, 45: 750, 46: 512, 47: 750, 48: 512, 49: 44, 50: 282, 51: 282, 52: 44, 53: 142, 54: 380, 55: 58, 56: 296, 57: 86, 58: 324, 59: 778, 60: 540, 61: 86, 62: 324, 63: 792, 64: 554, 65: 58, 66: 296, 67: 114, 68: 352, 69: 30, 70: 268, 71: 666, 72: 428, 73: 142, 74: 380, 75: 58, 76: 296, 77: 778, 78: 540, 79: 30, 80: 268, 81: 86, 82: 324, 83: 778, 84: 540, 85: 16, 86: 254, 87: 16, 88: 254, 89: 778, 90: 540, 91: 16, 92: 254, 93: 764, 94: 526, 95: 142, 96: 380, 97: 778, 98: 540, 99: 44, 100: 282, 101: 30, 102: 268, 103: 142, 104: 380, 105: 86, 106: 324, 107: 708, 108: 470, 109: 142, 110: 380, 111: 16, 112: 254, 113: 792, 114: 554, 115: 708, 116: 470, 117: 666, 118: 428, 119: 750, 120: 512, 121: 128, 122: 366, 123: 792, 124: 554, 125: 142, 126: 380, 127: 778, 128: 540, 129: 86, 130: 324, 131: 750, 132: 512, 133: 750, 134: 512, 135: 666, 136: 428, 137: 86, 138: 324, 139: 86, 140: 324, 141: 100, 142: 338, 143: 764, 144: 526, 145: 30, 146: 268, 147: 708, 148: 470, 149: 128, 150: 366, 151: 44, 152: 282, 153: 16, 154: 254, 155: 100, 156: 338, 157: 16, 158: 254, 159: 750, 160: 512, 161: 44, 162: 282, 163: 708, 164: 470, 165: 58, 166: 296, 167: 792, 168: 554, 169: 128, 170: 366, 171: 142, 172: 380, 173: 44, 174: 282, 175: 100, 176: 338, 177: 778, 178: 540, 179: 750, 180: 512, 181: 114, 182: 352, 183: 708, 184: 470, 185: 666, 186: 428, 187: 708, 188: 470, 189: 778, 190: 540, 191: 16, 192: 254, 193: 750, 194: 512, 195: 44, 196: 282, 197: 128, 198: 366, 199: 30, 200: 268}
Correct solution!
Number of lables used:  30
Time taken: 0.25 seconds
Memory used: 31.31 MB
--------------------------------------------------

Trying with at most 29 labels...
Solution:
{1: 750, 2: 512, 3: 142, 4: 380, 5: 142, 6: 380, 7: 666, 8: 428, 9: 708, 10: 470, 11: 708, 12: 470, 13: 792, 14: 554, 15: 114, 16: 352, 17: 114, 18: 352, 19: 792, 20: 554, 21: 792, 22: 554, 23: 100, 24: 338, 25: 100, 26: 338, 27: 750, 28: 512, 29: 128, 30: 366, 31: 128, 32: 366, 33: 764, 34: 526, 35: 142, 36: 380, 37: 86, 38: 324, 39: 16, 40: 254, 41: 16, 42: 254, 43: 100, 44: 338, 45: 750, 46: 512, 47: 750, 48: 512, 49: 30, 50: 268, 51: 128, 52: 366, 53: 142, 54: 380, 55: 44, 56: 282, 57: 86, 58: 324, 59: 114, 60: 352, 61: 86, 62: 324, 63: 792, 64: 554, 65: 750, 66: 512, 67: 708, 68: 470, 69: 30, 70: 268, 71: 666, 72: 428, 73: 142, 74: 380, 75: 750, 76: 512, 77: 778, 78: 540, 79: 30, 80: 268, 81: 86, 82: 324, 83: 778, 84: 540, 85: 16, 86: 254, 87: 16, 88: 254, 89: 778, 90: 540, 91: 16, 92: 254, 93: 778, 94: 540, 95: 142, 96: 380, 97: 30, 98: 268, 99: 44, 100: 282, 101: 16, 102: 254, 103: 666, 104: 428, 105: 86, 106: 324, 107: 114, 108: 352, 109: 142, 110: 380, 111: 30, 112: 268, 113: 792, 114: 554, 115: 708, 116: 470, 117: 666, 118: 428, 119: 764, 120: 526, 121: 128, 122: 366, 123: 30, 124: 268, 125: 142, 126: 380, 127: 778, 128: 540, 129: 708, 130: 470, 131: 142, 132: 380, 133: 750, 134: 512, 135: 666, 136: 428, 137: 114, 138: 352, 139: 86, 140: 324, 141: 100, 142: 338, 143: 764, 144: 526, 145: 30, 146: 268, 147: 86, 148: 324, 149: 666, 150: 428, 151: 44, 152: 282, 153: 16, 154: 254, 155: 708, 156: 470, 157: 16, 158: 254, 159: 750, 160: 512, 161: 86, 162: 324, 163: 708, 164: 470, 165: 86, 166: 324, 167: 792, 168: 554, 169: 142, 170: 380, 171: 142, 172: 380, 173: 750, 174: 512, 175: 100, 176: 338, 177: 778, 178: 540, 179: 750, 180: 512, 181: 128, 182: 366, 183: 708, 184: 470, 185: 666, 186: 428, 187: 708, 188: 470, 189: 778, 190: 540, 191: 16, 192: 254, 193: 750, 194: 512, 195: 44, 196: 282, 197: 128, 198: 366, 199: 30, 200: 268}
Correct solution!
Number of lables used:  28
Time taken: 0.26 seconds
Memory used: 31.31 MB
--------------------------------------------------

Trying with at most 27 labels...
Solution:
{1: 44, 2: 282, 3: 156, 4: 394, 5: 86, 6: 324, 7: 156, 8: 394, 9: 156, 10: 394, 11: 156, 12: 394, 13: 750, 14: 512, 15: 128, 16: 366, 17: 114, 18: 352, 19: 722, 20: 484, 21: 792, 22: 554, 23: 100, 24: 338, 25: 114, 26: 352, 27: 114, 28: 352, 29: 128, 30: 366, 31: 142, 32: 380, 33: 764, 34: 526, 35: 156, 36: 394, 37: 86, 38: 324, 39: 792, 40: 554, 41: 792, 42: 554, 43: 100, 44: 338, 45: 722, 46: 484, 47: 722, 48: 484, 49: 44, 50: 282, 51: 142, 52: 380, 53: 156, 54: 394, 55: 764, 56: 526, 57: 100, 58: 338, 59: 128, 60: 366, 61: 100, 62: 338, 63: 764, 64: 526, 65: 750, 66: 512, 67: 114, 68: 352, 69: 44, 70: 282, 71: 156, 72: 394, 73: 156, 74: 394, 75: 722, 76: 484, 77: 764, 78: 526, 79: 792, 80: 554, 81: 722, 82: 484, 83: 44, 84: 282, 85: 792, 86: 554, 87: 792, 88: 554, 89: 86, 90: 324, 91: 792, 92: 554, 93: 44, 94: 282, 95: 170, 96: 408, 97: 44, 98: 282, 99: 764, 100: 526, 101: 792, 102: 554, 103: 156, 104: 394, 105: 722, 106: 484, 107: 114, 108: 352, 109: 156, 110: 394, 111: 764, 112: 526, 113: 792, 114: 554, 115: 750, 116: 512, 117: 156, 118: 394, 119: 764, 120: 526, 121: 128, 122: 366, 123: 750, 124: 512, 125: 156, 126: 394, 127: 86, 128: 324, 129: 128, 130: 366, 131: 156, 132: 394, 133: 86, 134: 324, 135: 156, 136: 394, 137: 128, 138: 366, 139: 722, 140: 484, 141: 114, 142: 352, 143: 750, 144: 512, 145: 44, 146: 282, 147: 86, 148: 324, 149: 142, 150: 380, 151: 764, 152: 526, 153: 792, 154: 554, 155: 100, 156: 338, 157: 792, 158: 554, 159: 750, 160: 512, 161: 86, 162: 324, 163: 128, 164: 366, 165: 100, 166: 338, 167: 764, 168: 526, 169: 142, 170: 380, 171: 142, 172: 380, 173: 764, 174: 526, 175: 114, 176: 352, 177: 764, 178: 526, 179: 86, 180: 324, 181: 128, 182: 366, 183: 100, 184: 338, 185: 156, 186: 394, 187: 750, 188: 512, 189: 44, 190: 282, 191: 792, 192: 554, 193: 750, 194: 512, 195: 764, 196: 526, 197: 142, 198: 380, 199: 750, 200: 512}
Correct solution!
Number of lables used:  24
Time taken: 0.33 seconds
Memory used: 31.56 MB
--------------------------------------------------

Trying with at most 23 labels...
Solution:
{1: 694, 2: 456, 3: 142, 4: 380, 5: 142, 6: 380, 7: 142, 8: 380, 9: 142, 10: 380, 11: 142, 12: 380, 13: 58, 14: 296, 15: 114, 16: 352, 17: 114, 18: 352, 19: 58, 20: 296, 21: 16, 22: 254, 23: 86, 24: 324, 25: 722, 26: 484, 27: 694, 28: 456, 29: 114, 30: 352, 31: 128, 32: 366, 33: 778, 34: 540, 35: 142, 36: 380, 37: 694, 38: 456, 39: 16, 40: 254, 41: 16, 42: 254, 43: 86, 44: 324, 45: 58, 46: 296, 47: 86, 48: 324, 49: 30, 50: 268, 51: 128, 52: 366, 53: 142, 54: 380, 55: 694, 56: 456, 57: 86, 58: 324, 59: 114, 60: 352, 61: 86, 62: 324, 63: 778, 64: 540, 65: 58, 66: 296, 67: 722, 68: 484, 69: 30, 70: 268, 71: 142, 72: 380, 73: 142, 74: 380, 75: 58, 76: 296, 77: 722, 78: 484, 79: 16, 80: 254, 81: 86, 82: 324, 83: 30, 84: 268, 85: 16, 86: 254, 87: 16, 88: 254, 89: 694, 90: 456, 91: 778, 92: 540, 93: 30, 94: 268, 95: 142, 96: 380, 97: 30, 98: 268, 99: 778, 100: 540, 101: 16, 102: 254, 103: 142, 104: 380, 105: 694, 106: 456, 107: 694, 108: 456, 109: 142, 110: 380, 111: 16, 112: 254, 113: 778, 114: 540, 115: 58, 116: 296, 117: 142, 118: 380, 119: 778, 120: 540, 121: 114, 122: 352, 123: 16, 124: 254, 125: 142, 126: 380, 127: 722, 128: 484, 129: 114, 130: 352, 131: 142, 132: 380, 133: 694, 134: 456, 135: 142, 136: 380, 137: 114, 138: 352, 139: 86, 140: 324, 141: 694, 142: 456, 143: 58, 144: 296, 145: 30, 146: 268, 147: 694, 148: 456, 149: 128, 150: 366, 151: 722, 152: 484, 153: 16, 154: 254, 155: 86, 156: 324, 157: 16, 158: 254, 159: 58, 160: 296, 161: 722, 162: 484, 163: 114, 164: 352, 165: 86, 166: 324, 167: 16, 168: 254, 169: 128, 170: 366, 171: 128, 172: 366, 173: 778, 174: 540, 175: 722, 176: 484, 177: 722, 178: 484, 179: 694, 180: 456, 181: 114, 182: 352, 183: 694, 184: 456, 185: 142, 186: 380, 187: 58, 188: 296, 189: 30, 190: 268, 191: 16, 192: 254, 193: 58, 194: 296, 195: 722, 196: 484, 197: 128, 198: 366, 199: 30, 200: 268}
Correct solution!
Number of lables used:  20
Time taken: 0.43 seconds
Memory used: 31.93 MB
--------------------------------------------------

Trying with at most 19 labels...
Cannot find solution.
No more solutions found.
Optimal number of labels used:  20
Time taken: 3.94 seconds
[runlim] end:			Sun Jan 11 22:56:47 2026
[runlim] status:		ok
[runlim] result:		0
[runlim] children:		0
[runlim] real:			4.62 seconds
[runlim] time:			3.98 seconds
[runlim] space:			43.0 MB
[runlim] samples:		40
