[runlim] version:		1.10
[runlim] time limit:		311040000 seconds
[runlim] real time limit:	900 seconds
[runlim] space limit:		8000 MB
[runlim] argv[0]:		python3
[runlim] argv[1]:		-u
[runlim] argv[2]:		main.py
[runlim] argv[3]:		graph06
[runlim] argv[4]:		sc
[runlim] argv[5]:		assumptions
[runlim] start:			Sun Jan 11 22:56:56 2026
[runlim] main pid:		126243
Traceback (most recent call last):
  File "/home/satsolver/Minimum-Order-Frequency-Assignment-Problem/SAT/sequence/main.py", line 466, in <module>
    main()
  File "/home/satsolver/Minimum-Order-Frequency-Assignment-Problem/SAT/sequence/main.py", line 411, in main
    delete_invalid_labels(var, files["ctr"])
  File "/home/satsolver/Minimum-Order-Frequency-Assignment-Problem/SAT/sequence/main.py", line 58, in delete_invalid_labels
    u, v = int(parts[0]), int(parts[1])
           ^^^^^^^^^^^^^
ValueError: invalid literal for int() with base 10: '\x00'
[runlim] end:			Sun Jan 11 22:56:57 2026
[runlim] status:		ok
[runlim] result:		0
[runlim] children:		0
[runlim] real:			1.06 seconds
[runlim] time:			0.08 seconds
[runlim] space:			20.2 MB
[runlim] samples:		1
