[runlim] version:		1.10
[runlim] time limit:		311040000 seconds
[runlim] real time limit:	900 seconds
[runlim] space limit:		8000 MB
[runlim] argv[0]:		python3
[runlim] argv[1]:		-u
[runlim] argv[2]:		main.py
[runlim] argv[3]:		graph02
[runlim] argv[4]:		sc
[runlim] argv[5]:		assumptions
[runlim] start:			Sun Jan 11 22:56:19 2026
[runlim] main pid:		125946
Solve first problem:
Solution:
{1: 666, 2: 428, 3: 100, 4: 338, 5: 268, 6: 30, 7: 324, 8: 86, 9: 652, 10: 414, 11: 394, 12: 156, 13: 694, 14: 456, 15: 310, 16: 72, 17: 282, 18: 44, 19: 296, 20: 58, 21: 142, 22: 380, 23: 366, 24: 128, 25: 268, 26: 30, 27: 324, 28: 86, 29: 156, 30: 394, 31: 114, 32: 352, 33: 380, 34: 142, 35: 666, 36: 428, 37: 86, 38: 324, 39: 380, 40: 142, 41: 324, 42: 86, 43: 254, 44: 16, 45: 680, 46: 442, 47: 338, 48: 100, 49: 310, 50: 72, 51: 44, 52: 282, 53: 380, 54: 142, 55: 296, 56: 58, 57: 666, 58: 428, 59: 310, 60: 72, 61: 128, 62: 366, 63: 310, 64: 72, 65: 30, 66: 268, 67: 652, 68: 414, 69: 254, 70: 16, 71: 380, 72: 142, 73: 16, 74: 254, 75: 254, 76: 16, 77: 394, 78: 156, 79: 282, 80: 44, 81: 310, 82: 72, 83: 156, 84: 394, 85: 694, 86: 456, 87: 86, 88: 324, 89: 156, 90: 394, 91: 268, 92: 30, 93: 324, 94: 86, 95: 666, 96: 428, 97: 128, 98: 366, 99: 310, 100: 72, 101: 324, 102: 86, 103: 380, 104: 142, 105: 16, 106: 254, 107: 352, 108: 114, 109: 282, 110: 44, 111: 296, 112: 58, 113: 30, 114: 268, 115: 338, 116: 100, 117: 114, 118: 352, 119: 380, 120: 142, 121: 338, 122: 100, 123: 324, 124: 86, 125: 268, 126: 30, 127: 338, 128: 100, 129: 380, 130: 142, 131: 324, 132: 86, 133: 680, 134: 442, 135: 380, 136: 142, 137: 324, 138: 86, 139: 282, 140: 44, 141: 352, 142: 114, 143: 680, 144: 442, 145: 282, 146: 44, 147: 352, 148: 114, 149: 58, 150: 296, 151: 338, 152: 100, 153: 254, 154: 16, 155: 380, 156: 142, 157: 652, 158: 414, 159: 310, 160: 72, 161: 708, 162: 470, 163: 380, 164: 142, 165: 352, 166: 114, 167: 310, 168: 72, 169: 324, 170: 86, 171: 338, 172: 100, 173: 296, 174: 58, 175: 680, 176: 442, 177: 156, 178: 394, 179: 380, 180: 142, 181: 268, 182: 30, 183: 694, 184: 456, 185: 282, 186: 44, 187: 652, 188: 414, 189: 380, 190: 142, 191: 680, 192: 442, 193: 128, 194: 366, 195: 324, 196: 86, 197: 296, 198: 58, 199: 310, 200: 72, 201: 156, 202: 394, 203: 268, 204: 30, 205: 324, 206: 86, 207: 338, 208: 100, 209: 310, 210: 72, 211: 268, 212: 30, 213: 478, 214: 240, 215: 366, 216: 128, 217: 254, 218: 16, 219: 268, 220: 30, 221: 352, 222: 114, 223: 324, 224: 86, 225: 254, 226: 16, 227: 408, 228: 170, 229: 310, 230: 72, 231: 16, 232: 254, 233: 366, 234: 128, 235: 282, 236: 44, 237: 268, 238: 30, 239: 338, 240: 100, 241: 296, 242: 58, 243: 338, 244: 100, 245: 666, 246: 428, 247: 380, 248: 142, 249: 324, 250: 86, 251: 16, 252: 254, 253: 58, 254: 296, 255: 380, 256: 142, 257: 310, 258: 72, 259: 380, 260: 142, 261: 254, 262: 16, 263: 380, 264: 142, 265: 380, 266: 142, 267: 44, 268: 282, 269: 282, 270: 44, 271: 268, 272: 30, 273: 296, 274: 58, 275: 254, 276: 16, 277: 310, 278: 72, 279: 666, 280: 428, 281: 366, 282: 128, 283: 268, 284: 30, 285: 380, 286: 142, 287: 254, 288: 16, 289: 324, 290: 86, 291: 380, 292: 142, 293: 380, 294: 142, 295: 338, 296: 100, 297: 380, 298: 142, 299: 408, 300: 170, 301: 282, 302: 44, 303: 652, 304: 414, 305: 268, 306: 30, 307: 296, 308: 58, 309: 380, 310: 142, 311: 380, 312: 142, 313: 380, 314: 142, 315: 296, 316: 58, 317: 408, 318: 170, 319: 310, 320: 72, 321: 380, 322: 142, 323: 338, 324: 100, 325: 310, 326: 72, 327: 282, 328: 44, 329: 268, 330: 30, 331: 268, 332: 30, 333: 268, 334: 30, 335: 254, 336: 16, 337: 282, 338: 44, 339: 380, 340: 142, 341: 296, 342: 58, 343: 254, 344: 16, 345: 310, 346: 72, 347: 310, 348: 72, 349: 380, 350: 142, 351: 380, 352: 142, 353: 254, 354: 16, 355: 268, 356: 30, 357: 324, 358: 86, 359: 338, 360: 100, 361: 338, 362: 100, 363: 268, 364: 30, 365: 268, 366: 30, 367: 254, 368: 16, 369: 282, 370: 44, 371: 254, 372: 16, 373: 324, 374: 86, 375: 254, 376: 16, 377: 254, 378: 16, 379: 282, 380: 44, 381: 268, 382: 30, 383: 254, 384: 16, 385: 268, 386: 30, 387: 268, 388: 30, 389: 254, 390: 16, 391: 254, 392: 16, 393: 254, 394: 16, 395: 268, 396: 30, 397: 324, 398: 86, 399: 268, 400: 30}
Correct solution!
Number of lables used:  36
Time taken: 0.33 seconds
Memory used: 39.22 MB
--------------------------------------------------

Trying with at most 35 labels...
Solution:
{1: 554, 2: 792, 3: 512, 4: 750, 5: 324, 6: 86, 7: 324, 8: 86, 9: 324, 10: 86, 11: 778, 12: 540, 13: 750, 14: 512, 15: 484, 16: 722, 17: 86, 18: 324, 19: 456, 20: 694, 21: 540, 22: 778, 23: 86, 24: 324, 25: 456, 26: 694, 27: 750, 28: 512, 29: 540, 30: 778, 31: 86, 32: 324, 33: 512, 34: 750, 35: 554, 36: 792, 37: 750, 38: 512, 39: 792, 40: 554, 41: 722, 42: 484, 43: 792, 44: 554, 45: 778, 46: 540, 47: 722, 48: 484, 49: 86, 50: 324, 51: 540, 52: 778, 53: 408, 54: 170, 55: 722, 56: 484, 57: 324, 58: 86, 59: 484, 60: 722, 61: 324, 62: 86, 63: 694, 64: 456, 65: 694, 66: 456, 67: 792, 68: 554, 69: 456, 70: 694, 71: 408, 72: 170, 73: 456, 74: 694, 75: 456, 76: 694, 77: 324, 78: 86, 79: 512, 80: 750, 81: 750, 82: 512, 83: 554, 84: 792, 85: 512, 86: 750, 87: 324, 88: 86, 89: 694, 90: 456, 91: 456, 92: 694, 93: 484, 94: 722, 95: 554, 96: 792, 97: 722, 98: 484, 99: 324, 100: 86, 101: 792, 102: 554, 103: 778, 104: 540, 105: 86, 106: 324, 107: 456, 108: 694, 109: 750, 110: 512, 111: 86, 112: 324, 113: 456, 114: 694, 115: 512, 116: 750, 117: 694, 118: 456, 119: 170, 120: 408, 121: 722, 122: 484, 123: 750, 124: 512, 125: 694, 126: 456, 127: 722, 128: 484, 129: 408, 130: 170, 131: 722, 132: 484, 133: 484, 134: 722, 135: 408, 136: 170, 137: 324, 138: 86, 139: 792, 140: 554, 141: 694, 142: 456, 143: 694, 144: 456, 145: 722, 146: 484, 147: 484, 148: 722, 149: 540, 150: 778, 151: 484, 152: 722, 153: 86, 154: 324, 155: 408, 156: 170, 157: 792, 158: 554, 159: 324, 160: 86, 161: 324, 162: 86, 163: 170, 164: 408, 165: 792, 166: 554, 167: 540, 168: 778, 169: 694, 170: 456, 171: 324, 172: 86, 173: 456, 174: 694, 175: 484, 176: 722, 177: 456, 178: 694, 179: 408, 180: 170, 181: 324, 182: 86, 183: 86, 184: 324, 185: 86, 186: 324, 187: 512, 188: 750, 189: 170, 190: 408, 191: 750, 192: 512, 193: 554, 194: 792, 195: 722, 196: 484, 197: 778, 198: 540, 199: 778, 200: 540, 201: 484, 202: 722, 203: 750, 204: 512, 205: 554, 206: 792, 207: 722, 208: 484, 209: 750, 210: 512, 211: 694, 212: 456, 213: 170, 214: 408, 215: 324, 216: 86, 217: 86, 218: 324, 219: 456, 220: 694, 221: 750, 222: 512, 223: 86, 224: 324, 225: 324, 226: 86, 227: 408, 228: 170, 229: 540, 230: 778, 231: 722, 232: 484, 233: 324, 234: 86, 235: 722, 236: 484, 237: 324, 238: 86, 239: 456, 240: 694, 241: 324, 242: 86, 243: 86, 244: 324, 245: 456, 246: 694, 247: 408, 248: 170, 249: 778, 250: 540, 251: 484, 252: 722, 253: 778, 254: 540, 255: 408, 256: 170, 257: 554, 258: 792, 259: 408, 260: 170, 261: 778, 262: 540, 263: 408, 264: 170, 265: 408, 266: 170, 267: 540, 268: 778, 269: 484, 270: 722, 271: 750, 272: 512, 273: 540, 274: 778, 275: 750, 276: 512, 277: 540, 278: 778, 279: 722, 280: 484, 281: 484, 282: 722, 283: 554, 284: 792, 285: 170, 286: 408, 287: 750, 288: 512, 289: 324, 290: 86, 291: 408, 292: 170, 293: 408, 294: 170, 295: 694, 296: 456, 297: 408, 298: 170, 299: 170, 300: 408, 301: 86, 302: 324, 303: 554, 304: 792, 305: 778, 306: 540, 307: 512, 308: 750, 309: 408, 310: 170, 311: 170, 312: 408, 313: 408, 314: 170, 315: 792, 316: 554, 317: 408, 318: 170, 319: 778, 320: 540, 321: 722, 322: 484, 323: 456, 324: 694, 325: 512, 326: 750, 327: 484, 328: 722, 329: 694, 330: 456, 331: 694, 332: 456, 333: 792, 334: 554, 335: 750, 336: 512, 337: 86, 338: 324, 339: 408, 340: 170, 341: 694, 342: 456, 343: 722, 344: 484, 345: 324, 346: 86, 347: 540, 348: 778, 349: 408, 350: 170, 351: 408, 352: 170, 353: 456, 354: 694, 355: 456, 356: 694, 357: 554, 358: 792, 359: 512, 360: 750, 361: 512, 362: 750, 363: 694, 364: 456, 365: 484, 366: 722, 367: 722, 368: 484, 369: 750, 370: 512, 371: 86, 372: 324, 373: 778, 374: 540, 375: 750, 376: 512, 377: 324, 378: 86, 379: 792, 380: 554, 381: 86, 382: 324, 383: 722, 384: 484, 385: 512, 386: 750, 387: 750, 388: 512, 389: 722, 390: 484, 391: 750, 392: 512, 393: 324, 394: 86, 395: 750, 396: 512, 397: 792, 398: 554, 399: 722, 400: 484}
Correct solution!
Number of lables used:  14
Time taken: 0.37 seconds
Memory used: 40.47 MB
--------------------------------------------------

Trying with at most 13 labels...
[runlim] sample:		10.0 time, 10.9 real, 59.8 MB
[runlim] sample:		20.0 time, 20.9 real, 61.4 MB
Cannot find solution.
No more solutions found.
Optimal number of labels used:  14
Time taken: 23.61 seconds
[runlim] end:			Sun Jan 11 22:56:43 2026
[runlim] status:		ok
[runlim] result:		0
[runlim] children:		0
[runlim] real:			24.62 seconds
[runlim] time:			23.58 seconds
[runlim] space:			64.2 MB
[runlim] samples:		236
