[runlim] version:		1.10
[runlim] time limit:		311040000 seconds
[runlim] real time limit:	900 seconds
[runlim] space limit:		8000 MB
[runlim] argv[0]:		python3
[runlim] argv[1]:		-u
[runlim] argv[2]:		main.py
[runlim] argv[3]:		scen06
[runlim] argv[4]:		sc
[runlim] argv[5]:		assumptions
[runlim] start:			Sun Jan 11 22:52:11 2026
[runlim] main pid:		124353
Solve first problem:
Cannot find solution.
[runlim] end:			Sun Jan 11 22:52:11 2026
[runlim] status:		ok
[runlim] result:		0
[runlim] children:		0
[runlim] real:			0.87 seconds
[runlim] time:			0.19 seconds
[runlim] space:			27.5 MB
[runlim] samples:		2
