[runlim] version:		1.10
[runlim] time limit:		311040000 seconds
[runlim] real time limit:	900 seconds
[runlim] space limit:		8000 MB
[runlim] argv[0]:		python3
[runlim] argv[1]:		-u
[runlim] argv[2]:		main.py
[runlim] argv[3]:		scen02
[runlim] argv[4]:		sc
[runlim] argv[5]:		assumptions
[runlim] start:			Sun Jan 11 22:50:28 2026
[runlim] main pid:		123641
Solve first problem:
Solution:
{13: 268, 14: 30, 15: 268, 16: 30, 53: 268, 54: 30, 79: 254, 80: 16, 81: 268, 82: 30, 83: 680, 84: 442, 85: 352, 86: 114, 127: 352, 128: 114, 129: 254, 130: 16, 143: 254, 144: 16, 145: 254, 146: 16, 205: 254, 206: 16, 233: 666, 234: 428, 235: 338, 236: 100, 237: 352, 238: 114, 261: 254, 262: 16, 263: 352, 264: 114, 265: 338, 266: 100, 267: 254, 268: 16, 269: 352, 270: 114, 271: 352, 272: 114, 273: 44, 274: 282, 275: 44, 276: 282, 277: 352, 278: 114, 281: 268, 282: 30, 283: 282, 284: 44, 289: 254, 290: 16, 291: 324, 292: 86, 303: 666, 304: 428, 305: 338, 306: 100, 321: 156, 322: 394, 323: 254, 324: 16, 325: 666, 326: 428, 327: 338, 328: 100, 329: 254, 330: 16, 341: 30, 342: 268, 343: 30, 344: 268, 349: 338, 350: 100, 351: 30, 352: 268, 435: 296, 436: 58, 475: 282, 476: 44, 481: 268, 482: 30, 517: 268, 518: 30, 519: 338, 520: 100, 555: 128, 556: 366, 557: 666, 558: 428, 559: 58, 560: 296, 561: 366, 562: 128, 565: 100, 566: 338, 577: 324, 578: 86, 579: 352, 580: 114, 583: 666, 584: 428, 585: 324, 586: 86, 587: 254, 588: 16, 589: 366, 590: 128, 591: 352, 592: 114, 593: 114, 594: 352, 595: 296, 596: 58, 597: 268, 598: 30, 599: 142, 600: 380, 601: 282, 602: 44, 603: 268, 604: 30, 605: 268, 606: 30, 607: 338, 608: 100, 613: 100, 614: 338, 615: 282, 616: 44, 617: 268, 618: 30, 621: 338, 622: 100, 625: 268, 626: 30, 629: 282, 630: 44, 631: 268, 632: 30, 633: 282, 634: 44, 635: 268, 636: 30, 645: 296, 646: 58, 651: 254, 652: 16, 661: 254, 662: 16, 663: 394, 664: 156, 665: 366, 666: 128, 667: 254, 668: 16, 713: 352, 714: 114, 717: 44, 718: 282, 719: 394, 720: 156, 721: 324, 722: 86, 723: 254, 724: 16, 743: 44, 744: 282, 745: 268, 746: 30, 747: 324, 748: 86, 763: 268, 764: 30, 765: 254, 766: 16, 767: 296, 768: 58, 785: 254, 786: 16, 787: 268, 788: 30, 789: 338, 790: 100, 791: 268, 792: 30, 793: 338, 794: 100, 795: 268, 796: 30, 797: 352, 798: 114, 799: 282, 800: 44, 801: 268, 802: 30, 879: 268, 880: 30}
Correct solution!
Number of lables used:  24
Time taken: 0.21 seconds
Memory used: 31.34 MB
--------------------------------------------------

Trying with at most 23 labels...
Solution:
{13: 540, 14: 778, 15: 156, 16: 394, 53: 86, 54: 324, 79: 156, 80: 394, 81: 324, 82: 86, 83: 736, 84: 498, 85: 394, 86: 156, 127: 156, 128: 394, 129: 324, 130: 86, 143: 324, 144: 86, 145: 324, 146: 86, 205: 324, 206: 86, 233: 86, 234: 324, 235: 778, 236: 540, 237: 324, 238: 86, 261: 86, 262: 324, 263: 652, 264: 414, 265: 540, 266: 778, 267: 414, 268: 652, 269: 540, 270: 778, 271: 540, 272: 778, 273: 652, 274: 414, 275: 652, 276: 414, 277: 540, 278: 778, 281: 414, 282: 652, 283: 414, 284: 652, 289: 652, 290: 414, 291: 156, 292: 394, 303: 526, 304: 764, 305: 394, 306: 156, 321: 540, 322: 778, 323: 414, 324: 652, 325: 512, 326: 750, 327: 156, 328: 394, 329: 394, 330: 156, 341: 736, 342: 498, 343: 736, 344: 498, 349: 498, 350: 736, 351: 736, 352: 498, 435: 778, 436: 540, 475: 736, 476: 498, 481: 324, 482: 86, 517: 750, 518: 512, 519: 86, 520: 324, 555: 736, 556: 498, 557: 86, 558: 324, 559: 764, 560: 526, 561: 540, 562: 778, 565: 778, 566: 540, 577: 554, 578: 792, 579: 394, 580: 156, 583: 750, 584: 512, 585: 156, 586: 394, 587: 86, 588: 324, 589: 394, 590: 156, 591: 512, 592: 750, 593: 540, 594: 778, 595: 778, 596: 540, 597: 526, 598: 764, 599: 526, 600: 764, 601: 86, 602: 324, 603: 324, 604: 86, 605: 86, 606: 324, 607: 324, 608: 86, 613: 512, 614: 750, 615: 750, 616: 512, 617: 736, 618: 498, 621: 498, 622: 736, 625: 324, 626: 86, 629: 750, 630: 512, 631: 86, 632: 324, 633: 324, 634: 86, 635: 498, 636: 736, 645: 394, 646: 156, 651: 324, 652: 86, 661: 324, 662: 86, 663: 394, 664: 156, 665: 792, 666: 554, 667: 324, 668: 86, 713: 540, 714: 778, 717: 652, 718: 414, 719: 554, 720: 792, 721: 394, 722: 156, 723: 324, 724: 86, 743: 498, 744: 736, 745: 750, 746: 512, 747: 764, 748: 526, 763: 324, 764: 86, 765: 86, 766: 324, 767: 498, 768: 736, 785: 652, 786: 414, 787: 778, 788: 540, 789: 86, 790: 324, 791: 750, 792: 512, 793: 86, 794: 324, 795: 736, 796: 498, 797: 86, 798: 324, 799: 750, 800: 512, 801: 764, 802: 526, 879: 324, 880: 86}
Correct solution!
Number of lables used:  16
Time taken: 0.22 seconds
Memory used: 32.21 MB
--------------------------------------------------

Trying with at most 15 labels...
Solution:
{13: 540, 14: 778, 15: 484, 16: 722, 53: 86, 54: 324, 79: 414, 80: 652, 81: 324, 82: 86, 83: 736, 84: 498, 85: 324, 86: 86, 127: 414, 128: 652, 129: 324, 130: 86, 143: 484, 144: 722, 145: 484, 146: 722, 205: 324, 206: 86, 233: 750, 234: 512, 235: 778, 236: 540, 237: 498, 238: 736, 261: 86, 262: 324, 263: 554, 264: 792, 265: 540, 266: 778, 267: 414, 268: 652, 269: 540, 270: 778, 271: 540, 272: 778, 273: 652, 274: 414, 275: 652, 276: 414, 277: 540, 278: 778, 281: 414, 282: 652, 283: 414, 284: 652, 289: 750, 290: 512, 291: 86, 292: 324, 303: 512, 304: 750, 305: 652, 306: 414, 321: 540, 322: 778, 323: 652, 324: 414, 325: 512, 326: 750, 327: 652, 328: 414, 329: 414, 330: 652, 341: 736, 342: 498, 343: 736, 344: 498, 349: 86, 350: 324, 351: 86, 352: 324, 435: 778, 436: 540, 475: 736, 476: 498, 481: 324, 482: 86, 517: 778, 518: 540, 519: 86, 520: 324, 555: 736, 556: 498, 557: 498, 558: 736, 559: 750, 560: 512, 561: 540, 562: 778, 565: 778, 566: 540, 577: 554, 578: 792, 579: 414, 580: 652, 583: 750, 584: 512, 585: 652, 586: 414, 587: 86, 588: 324, 589: 86, 590: 324, 591: 498, 592: 736, 593: 512, 594: 750, 595: 778, 596: 540, 597: 540, 598: 778, 599: 512, 600: 750, 601: 86, 602: 324, 603: 324, 604: 86, 605: 86, 606: 324, 607: 324, 608: 86, 613: 484, 614: 722, 615: 750, 616: 512, 617: 736, 618: 498, 621: 86, 622: 324, 625: 750, 626: 512, 629: 750, 630: 512, 631: 736, 632: 498, 633: 540, 634: 778, 635: 498, 636: 736, 645: 86, 646: 324, 651: 324, 652: 86, 661: 652, 662: 414, 663: 324, 664: 86, 665: 792, 666: 554, 667: 324, 668: 86, 713: 540, 714: 778, 717: 652, 718: 414, 719: 554, 720: 792, 721: 86, 722: 324, 723: 484, 724: 722, 743: 498, 744: 736, 745: 736, 746: 498, 747: 750, 748: 512, 763: 324, 764: 86, 765: 652, 766: 414, 767: 324, 768: 86, 785: 414, 786: 652, 787: 778, 788: 540, 789: 498, 790: 736, 791: 750, 792: 512, 793: 484, 794: 722, 795: 736, 796: 498, 797: 86, 798: 324, 799: 778, 800: 540, 801: 722, 802: 484, 879: 324, 880: 86}
Correct solution!
Number of lables used:  14
Time taken: 0.23 seconds
Memory used: 32.34 MB
--------------------------------------------------

Trying with at most 13 labels...
[runlim] sample:		10.0 time, 10.2 real, 47.7 MB
Cannot find solution.
No more solutions found.
Optimal number of labels used:  14
Time taken: 15.28 seconds
[runlim] end:			Sun Jan 11 22:50:43 2026
[runlim] status:		ok
[runlim] result:		0
[runlim] children:		0
[runlim] real:			15.55 seconds
[runlim] time:			15.28 seconds
[runlim] space:			52.9 MB
[runlim] samples:		153
