[runlim] version:		1.10
[runlim] time limit:		311040000 seconds
[runlim] real time limit:	900 seconds
[runlim] space limit:		8000 MB
[runlim] argv[0]:		python3
[runlim] argv[1]:		-u
[runlim] argv[2]:		main.py
[runlim] argv[3]:		graph01
[runlim] argv[4]:		nsc_full
[runlim] argv[5]:		incremental
[runlim] argv[6]:		cadical195
[runlim] start:			Thu Jan 15 07:12:54 2026
[runlim] main pid:		211924
Solve first problem:
Solution:
{1: 30, 2: 268, 3: 16, 4: 254, 5: 16, 6: 254, 7: 142, 8: 380, 9: 142, 10: 380, 11: 16, 12: 254, 13: 30, 14: 268, 15: 58, 16: 296, 17: 16, 18: 254, 19: 16, 20: 254, 21: 44, 22: 282, 23: 142, 24: 380, 25: 72, 26: 310, 27: 352, 28: 114, 29: 16, 30: 254, 31: 72, 32: 310, 33: 114, 34: 352, 35: 72, 36: 310, 37: 16, 38: 254, 39: 16, 40: 254, 41: 72, 42: 310, 43: 86, 44: 324, 45: 58, 46: 296, 47: 16, 48: 254, 49: 72, 50: 310, 51: 86, 52: 324, 53: 30, 54: 268, 55: 58, 56: 296, 57: 58, 58: 296, 59: 16, 60: 254, 61: 128, 62: 366, 63: 86, 64: 324, 65: 16, 66: 254, 67: 58, 68: 296, 69: 44, 70: 282, 71: 30, 72: 268, 73: 142, 74: 380, 75: 86, 76: 324, 77: 30, 78: 268, 79: 16, 80: 254, 81: 72, 82: 310, 83: 58, 84: 296, 85: 72, 86: 310, 87: 114, 88: 352, 89: 58, 90: 296, 91: 156, 92: 394, 93: 16, 94: 254, 95: 72, 96: 310, 97: 408, 98: 170, 99: 86, 100: 324, 101: 30, 102: 268, 103: 16, 104: 254, 105: 142, 106: 380, 107: 44, 108: 282, 109: 16, 110: 254, 111: 86, 112: 324, 113: 44, 114: 282, 115: 114, 116: 352, 117: 114, 118: 352, 119: 100, 120: 338, 121: 408, 122: 170, 123: 142, 124: 380, 125: 58, 126: 296, 127: 30, 128: 268, 129: 114, 130: 352, 131: 30, 132: 268, 133: 366, 134: 128, 135: 170, 136: 408, 137: 30, 138: 268, 139: 16, 140: 254, 141: 30, 142: 268, 143: 44, 144: 282, 145: 86, 146: 324, 147: 366, 148: 128, 149: 428, 150: 666, 151: 86, 152: 324, 153: 142, 154: 380, 155: 156, 156: 394, 157: 338, 158: 100, 159: 484, 160: 722, 161: 296, 162: 58, 163: 268, 164: 30, 165: 456, 166: 694, 167: 44, 168: 282, 169: 100, 170: 338, 171: 72, 172: 310, 173: 114, 174: 352, 175: 442, 176: 680, 177: 16, 178: 254, 179: 44, 180: 282, 181: 16, 182: 254, 183: 142, 184: 380, 185: 414, 186: 652, 187: 128, 188: 366, 189: 30, 190: 268, 191: 414, 192: 652, 193: 170, 194: 408, 195: 100, 196: 338, 197: 58, 198: 296, 199: 72, 200: 310}
Correct solution!
Number of lables used:  34
Time taken: 0.16 seconds
Memory used: 35.42 MB
--------------------------------------------------

Trying with at most 33 labels...
Solution:
{1: 58, 2: 296, 3: 30, 4: 268, 5: 58, 6: 296, 7: 240, 8: 478, 9: 240, 10: 478, 11: 72, 12: 310, 13: 100, 14: 338, 15: 58, 16: 296, 17: 268, 18: 30, 19: 86, 20: 324, 21: 310, 22: 72, 23: 408, 24: 170, 25: 352, 26: 114, 27: 156, 28: 394, 29: 100, 30: 338, 31: 142, 32: 380, 33: 352, 34: 114, 35: 100, 36: 338, 37: 86, 38: 324, 39: 72, 40: 310, 41: 142, 42: 380, 43: 338, 44: 100, 45: 156, 46: 394, 47: 380, 48: 142, 49: 100, 50: 338, 51: 30, 52: 268, 53: 72, 54: 310, 55: 380, 56: 142, 57: 16, 58: 254, 59: 310, 60: 72, 61: 156, 62: 394, 63: 142, 64: 380, 65: 72, 66: 310, 67: 142, 68: 380, 69: 142, 70: 380, 71: 86, 72: 324, 73: 240, 74: 478, 75: 142, 76: 380, 77: 282, 78: 44, 79: 100, 80: 338, 81: 142, 82: 380, 83: 156, 84: 394, 85: 86, 86: 324, 87: 254, 88: 16, 89: 100, 90: 338, 91: 16, 92: 254, 93: 156, 94: 394, 95: 352, 96: 114, 97: 170, 98: 408, 99: 86, 100: 324, 101: 114, 102: 352, 103: 16, 104: 254, 105: 30, 106: 268, 107: 100, 108: 338, 109: 72, 110: 310, 111: 142, 112: 380, 113: 156, 114: 394, 115: 142, 116: 380, 117: 156, 118: 394, 119: 114, 120: 352, 121: 240, 122: 478, 123: 240, 124: 478, 125: 114, 126: 352, 127: 338, 128: 100, 129: 86, 130: 324, 131: 100, 132: 338, 133: 366, 134: 128, 135: 408, 136: 170, 137: 128, 138: 366, 139: 16, 140: 254, 141: 86, 142: 324, 143: 128, 144: 366, 145: 282, 146: 44, 147: 30, 148: 268, 149: 58, 150: 296, 151: 268, 152: 30, 153: 156, 154: 394, 155: 114, 156: 352, 157: 156, 158: 394, 159: 156, 160: 394, 161: 394, 162: 156, 163: 296, 164: 58, 165: 58, 166: 296, 167: 366, 168: 128, 169: 296, 170: 58, 171: 156, 172: 394, 173: 58, 174: 296, 175: 86, 176: 324, 177: 156, 178: 394, 179: 156, 180: 394, 181: 30, 182: 268, 183: 324, 184: 86, 185: 86, 186: 324, 187: 142, 188: 380, 189: 156, 190: 394, 191: 100, 192: 338, 193: 240, 194: 478, 195: 142, 196: 380, 197: 156, 198: 394, 199: 156, 200: 394}
Correct solution!
Number of lables used:  26
Time taken: 0.18 seconds
Memory used: 37.42 MB
--------------------------------------------------

Trying with at most 25 labels...
Solution:
{1: 58, 2: 296, 3: 30, 4: 268, 5: 394, 6: 156, 7: 240, 8: 478, 9: 240, 10: 478, 11: 100, 12: 338, 13: 86, 14: 324, 15: 30, 16: 268, 17: 268, 18: 30, 19: 86, 20: 324, 21: 296, 22: 58, 23: 408, 24: 170, 25: 296, 26: 58, 27: 156, 28: 394, 29: 58, 30: 296, 31: 128, 32: 366, 33: 652, 34: 414, 35: 86, 36: 324, 37: 72, 38: 310, 39: 72, 40: 310, 41: 128, 42: 366, 43: 338, 44: 100, 45: 100, 46: 338, 47: 366, 48: 128, 49: 58, 50: 296, 51: 30, 52: 268, 53: 72, 54: 310, 55: 268, 56: 30, 57: 16, 58: 254, 59: 310, 60: 72, 61: 156, 62: 394, 63: 30, 64: 268, 65: 72, 66: 310, 67: 366, 68: 128, 69: 128, 70: 366, 71: 86, 72: 324, 73: 240, 74: 478, 75: 30, 76: 268, 77: 282, 78: 44, 79: 86, 80: 324, 81: 100, 82: 338, 83: 156, 84: 394, 85: 72, 86: 310, 87: 414, 88: 652, 89: 100, 90: 338, 91: 16, 92: 254, 93: 86, 94: 324, 95: 414, 96: 652, 97: 240, 98: 478, 99: 86, 100: 324, 101: 414, 102: 652, 103: 16, 104: 254, 105: 30, 106: 268, 107: 100, 108: 338, 109: 72, 110: 310, 111: 394, 112: 156, 113: 156, 114: 394, 115: 338, 116: 100, 117: 156, 118: 394, 119: 100, 120: 338, 121: 478, 122: 240, 123: 240, 124: 478, 125: 86, 126: 324, 127: 310, 128: 72, 129: 86, 130: 324, 131: 100, 132: 338, 133: 128, 134: 366, 135: 478, 136: 240, 137: 128, 138: 366, 139: 16, 140: 254, 141: 58, 142: 296, 143: 128, 144: 366, 145: 128, 146: 366, 147: 366, 148: 128, 149: 58, 150: 296, 151: 394, 152: 156, 153: 128, 154: 366, 155: 100, 156: 338, 157: 156, 158: 394, 159: 156, 160: 394, 161: 156, 162: 394, 163: 296, 164: 58, 165: 296, 166: 58, 167: 282, 168: 44, 169: 296, 170: 58, 171: 156, 172: 394, 173: 58, 174: 296, 175: 86, 176: 324, 177: 156, 178: 394, 179: 156, 180: 394, 181: 30, 182: 268, 183: 128, 184: 366, 185: 86, 186: 324, 187: 128, 188: 366, 189: 156, 190: 394, 191: 100, 192: 338, 193: 240, 194: 478, 195: 366, 196: 128, 197: 100, 198: 338, 199: 156, 200: 394}
Correct solution!
Number of lables used:  24
Time taken: 0.20 seconds
Memory used: 37.54 MB
--------------------------------------------------

Trying with at most 23 labels...
Solution:
{1: 652, 2: 414, 3: 86, 4: 324, 5: 366, 6: 128, 7: 240, 8: 478, 9: 478, 10: 240, 11: 526, 12: 764, 13: 282, 14: 44, 15: 86, 16: 324, 17: 324, 18: 86, 19: 114, 20: 352, 21: 764, 22: 526, 23: 478, 24: 240, 25: 792, 26: 554, 27: 282, 28: 44, 29: 366, 30: 128, 31: 128, 32: 366, 33: 652, 34: 414, 35: 366, 36: 128, 37: 44, 38: 282, 39: 114, 40: 352, 41: 114, 42: 352, 43: 764, 44: 526, 45: 86, 46: 324, 47: 44, 48: 282, 49: 44, 50: 282, 51: 352, 52: 114, 53: 44, 54: 282, 55: 114, 56: 352, 57: 352, 58: 114, 59: 310, 60: 72, 61: 72, 62: 310, 63: 352, 64: 114, 65: 44, 66: 282, 67: 366, 68: 128, 69: 128, 70: 366, 71: 652, 72: 414, 73: 240, 74: 478, 75: 352, 76: 114, 77: 282, 78: 44, 79: 72, 80: 310, 81: 86, 82: 324, 83: 44, 84: 282, 85: 652, 86: 414, 87: 414, 88: 652, 89: 72, 90: 310, 91: 44, 92: 282, 93: 366, 94: 128, 95: 86, 96: 324, 97: 408, 98: 170, 99: 86, 100: 324, 101: 484, 102: 722, 103: 310, 104: 72, 105: 72, 106: 310, 107: 86, 108: 324, 109: 44, 110: 282, 111: 44, 112: 282, 113: 128, 114: 366, 115: 128, 116: 366, 117: 128, 118: 366, 119: 86, 120: 324, 121: 408, 122: 170, 123: 478, 124: 240, 125: 86, 126: 324, 127: 310, 128: 72, 129: 722, 130: 484, 131: 86, 132: 324, 133: 484, 134: 722, 135: 478, 136: 240, 137: 128, 138: 366, 139: 366, 140: 128, 141: 324, 142: 86, 143: 366, 144: 128, 145: 282, 146: 44, 147: 366, 148: 128, 149: 652, 150: 414, 151: 44, 152: 282, 153: 128, 154: 366, 155: 72, 156: 310, 157: 128, 158: 366, 159: 554, 160: 792, 161: 792, 162: 554, 163: 282, 164: 44, 165: 128, 166: 366, 167: 526, 168: 764, 169: 72, 170: 310, 171: 128, 172: 366, 173: 324, 174: 86, 175: 86, 176: 324, 177: 128, 178: 366, 179: 114, 180: 352, 181: 526, 182: 764, 183: 324, 184: 86, 185: 352, 186: 114, 187: 128, 188: 366, 189: 128, 190: 366, 191: 792, 192: 554, 193: 408, 194: 170, 195: 652, 196: 414, 197: 86, 198: 324, 199: 128, 200: 366}
Correct solution!
Number of lables used:  22
Time taken: 0.21 seconds
Memory used: 37.54 MB
--------------------------------------------------

Trying with at most 21 labels...
Solution:
{1: 736, 2: 498, 3: 736, 4: 498, 5: 352, 6: 114, 7: 408, 8: 170, 9: 170, 10: 408, 11: 750, 12: 512, 13: 694, 14: 456, 15: 792, 16: 554, 17: 380, 18: 142, 19: 114, 20: 352, 21: 750, 22: 512, 23: 170, 24: 408, 25: 792, 26: 554, 27: 484, 28: 722, 29: 366, 30: 128, 31: 128, 32: 366, 33: 498, 34: 736, 35: 142, 36: 380, 37: 44, 38: 282, 39: 142, 40: 380, 41: 114, 42: 352, 43: 380, 44: 142, 45: 366, 46: 128, 47: 282, 48: 44, 49: 44, 50: 282, 51: 352, 52: 114, 53: 282, 54: 44, 55: 554, 56: 792, 57: 380, 58: 142, 59: 114, 60: 352, 61: 44, 62: 282, 63: 352, 64: 114, 65: 282, 66: 44, 67: 366, 68: 128, 69: 128, 70: 366, 71: 792, 72: 554, 73: 170, 74: 408, 75: 694, 76: 456, 77: 282, 78: 44, 79: 380, 80: 142, 81: 282, 82: 44, 83: 44, 84: 282, 85: 44, 86: 282, 87: 736, 88: 498, 89: 44, 90: 282, 91: 792, 92: 554, 93: 282, 94: 44, 95: 498, 96: 736, 97: 408, 98: 170, 99: 736, 100: 498, 101: 498, 102: 736, 103: 694, 104: 456, 105: 750, 106: 512, 107: 114, 108: 352, 109: 380, 110: 142, 111: 44, 112: 282, 113: 128, 114: 366, 115: 366, 116: 128, 117: 128, 118: 366, 119: 694, 120: 456, 121: 380, 122: 142, 123: 408, 124: 170, 125: 736, 126: 498, 127: 352, 128: 114, 129: 722, 130: 484, 131: 44, 132: 282, 133: 142, 134: 380, 135: 170, 136: 408, 137: 114, 138: 352, 139: 366, 140: 128, 141: 792, 142: 554, 143: 366, 144: 128, 145: 44, 146: 282, 147: 282, 148: 44, 149: 44, 150: 282, 151: 722, 152: 484, 153: 128, 154: 366, 155: 44, 156: 282, 157: 128, 158: 366, 159: 456, 160: 694, 161: 694, 162: 456, 163: 44, 164: 282, 165: 456, 166: 694, 167: 282, 168: 44, 169: 352, 170: 114, 171: 128, 172: 366, 173: 282, 174: 44, 175: 736, 176: 498, 177: 128, 178: 366, 179: 114, 180: 352, 181: 484, 182: 722, 183: 128, 184: 366, 185: 554, 186: 792, 187: 128, 188: 366, 189: 128, 190: 366, 191: 380, 192: 142, 193: 408, 194: 170, 195: 114, 196: 352, 197: 44, 198: 282, 199: 128, 200: 366}
Correct solution!
Number of lables used:  20
Time taken: 0.22 seconds
Memory used: 37.67 MB
--------------------------------------------------

Trying with at most 19 labels...
Solution:
{1: 736, 2: 498, 3: 736, 4: 498, 5: 352, 6: 114, 7: 408, 8: 170, 9: 408, 10: 170, 11: 30, 12: 268, 13: 694, 14: 456, 15: 792, 16: 554, 17: 380, 18: 142, 19: 44, 20: 282, 21: 736, 22: 498, 23: 170, 24: 408, 25: 44, 26: 282, 27: 554, 28: 792, 29: 352, 30: 114, 31: 114, 32: 352, 33: 498, 34: 736, 35: 142, 36: 380, 37: 694, 38: 456, 39: 142, 40: 380, 41: 30, 42: 268, 43: 380, 44: 142, 45: 282, 46: 44, 47: 268, 48: 30, 49: 30, 50: 268, 51: 114, 52: 352, 53: 380, 54: 142, 55: 268, 56: 30, 57: 380, 58: 142, 59: 114, 60: 352, 61: 44, 62: 282, 63: 114, 64: 352, 65: 268, 66: 30, 67: 352, 68: 114, 69: 114, 70: 352, 71: 792, 72: 554, 73: 170, 74: 408, 75: 694, 76: 456, 77: 282, 78: 44, 79: 380, 80: 142, 81: 282, 82: 44, 83: 44, 84: 282, 85: 142, 86: 380, 87: 736, 88: 498, 89: 44, 90: 282, 91: 792, 92: 554, 93: 282, 94: 44, 95: 498, 96: 736, 97: 408, 98: 170, 99: 736, 100: 498, 101: 498, 102: 736, 103: 694, 104: 456, 105: 526, 106: 764, 107: 114, 108: 352, 109: 352, 110: 114, 111: 30, 112: 268, 113: 114, 114: 352, 115: 764, 116: 526, 117: 114, 118: 352, 119: 694, 120: 456, 121: 380, 122: 142, 123: 408, 124: 170, 125: 736, 126: 498, 127: 526, 128: 764, 129: 694, 130: 456, 131: 380, 132: 142, 133: 142, 134: 380, 135: 170, 136: 408, 137: 114, 138: 352, 139: 282, 140: 44, 141: 792, 142: 554, 143: 352, 144: 114, 145: 142, 146: 380, 147: 736, 148: 498, 149: 30, 150: 268, 151: 694, 152: 456, 153: 44, 154: 282, 155: 380, 156: 142, 157: 44, 158: 282, 159: 456, 160: 694, 161: 694, 162: 456, 163: 44, 164: 282, 165: 554, 166: 792, 167: 282, 168: 44, 169: 352, 170: 114, 171: 44, 172: 282, 173: 352, 174: 114, 175: 352, 176: 114, 177: 114, 178: 352, 179: 44, 180: 282, 181: 30, 182: 268, 183: 764, 184: 526, 185: 554, 186: 792, 187: 114, 188: 352, 189: 114, 190: 352, 191: 380, 192: 142, 193: 408, 194: 170, 195: 694, 196: 456, 197: 44, 198: 282, 199: 114, 200: 352}
Correct solution!
Number of lables used:  18
Time taken: 0.23 seconds
Memory used: 37.79 MB
--------------------------------------------------

Trying with at most 17 labels...
[runlim] sample:		10.0 time, 11.0 real, 57.7 MB
[runlim] sample:		20.0 time, 21.0 real, 50.7 MB
[runlim] sample:		30.0 time, 31.0 real, 64.0 MB
[runlim] sample:		40.0 time, 41.0 real, 65.5 MB
[runlim] sample:		50.0 time, 51.0 real, 68.1 MB
[runlim] sample:		60.0 time, 61.0 real, 56.6 MB
[runlim] sample:		70.0 time, 71.0 real, 58.4 MB
[runlim] sample:		80.0 time, 81.0 real, 59.6 MB
Cannot find solution.
No more solutions found.
Optimal number of labels used:  18
Time taken: 82.10 seconds
[runlim] end:			Thu Jan 15 07:14:17 2026
[runlim] status:		ok
[runlim] result:		0
[runlim] children:		0
[runlim] real:			83.16 seconds
[runlim] time:			82.08 seconds
[runlim] space:			76.6 MB
[runlim] samples:		821
