[runlim] version:		1.10
[runlim] time limit:		311040000 seconds
[runlim] real time limit:	900 seconds
[runlim] space limit:		8000 MB
[runlim] argv[0]:		python3
[runlim] argv[1]:		-u
[runlim] argv[2]:		main.py
[runlim] argv[3]:		scen02
[runlim] argv[4]:		nsc_full
[runlim] argv[5]:		incremental
[runlim] argv[6]:		cadical195
[runlim] start:			Thu Jan 15 07:11:16 2026
[runlim] main pid:		211227
Solve first problem:
Solution:
{13: 16, 14: 254, 15: 16, 16: 254, 53: 16, 54: 254, 79: 30, 80: 268, 81: 16, 82: 254, 83: 16, 84: 254, 85: 86, 86: 324, 127: 16, 128: 254, 129: 114, 130: 352, 143: 16, 144: 254, 145: 16, 146: 254, 205: 44, 206: 282, 233: 30, 234: 268, 235: 44, 236: 282, 237: 30, 238: 268, 261: 16, 262: 254, 263: 16, 264: 254, 265: 16, 266: 254, 267: 86, 268: 324, 269: 16, 270: 254, 271: 16, 272: 254, 273: 86, 274: 324, 275: 86, 276: 324, 277: 30, 278: 268, 281: 44, 282: 282, 283: 44, 284: 282, 289: 30, 290: 268, 291: 44, 292: 282, 303: 16, 304: 254, 305: 86, 306: 324, 321: 30, 322: 268, 323: 100, 324: 338, 325: 30, 326: 268, 327: 100, 328: 338, 329: 16, 330: 254, 341: 114, 342: 352, 343: 114, 344: 352, 349: 100, 350: 338, 351: 86, 352: 324, 435: 30, 436: 268, 475: 44, 476: 282, 481: 58, 482: 296, 517: 310, 518: 72, 519: 30, 520: 268, 555: 282, 556: 44, 557: 44, 558: 282, 559: 268, 560: 30, 561: 128, 562: 366, 565: 100, 566: 338, 577: 114, 578: 352, 579: 16, 580: 254, 583: 296, 584: 58, 585: 30, 586: 268, 587: 86, 588: 324, 589: 16, 590: 254, 591: 428, 592: 666, 593: 30, 594: 268, 595: 86, 596: 324, 597: 100, 598: 338, 599: 58, 600: 296, 601: 428, 602: 666, 603: 44, 604: 282, 605: 30, 606: 268, 607: 128, 608: 366, 613: 428, 614: 666, 615: 30, 616: 268, 617: 72, 618: 310, 621: 100, 622: 338, 625: 268, 626: 30, 629: 86, 630: 324, 631: 114, 632: 352, 633: 338, 634: 100, 635: 380, 636: 142, 645: 30, 646: 268, 651: 16, 652: 254, 661: 72, 662: 310, 663: 16, 664: 254, 665: 352, 666: 114, 667: 16, 668: 254, 713: 30, 714: 268, 717: 86, 718: 324, 719: 156, 720: 394, 721: 366, 722: 128, 723: 16, 724: 254, 743: 44, 744: 282, 745: 128, 746: 366, 747: 114, 748: 352, 763: 296, 764: 58, 765: 268, 766: 30, 767: 156, 768: 394, 785: 16, 786: 254, 787: 310, 788: 72, 789: 44, 790: 282, 791: 114, 792: 352, 793: 30, 794: 268, 795: 100, 796: 338, 797: 30, 798: 268, 799: 100, 800: 338, 801: 498, 802: 736, 879: 44, 880: 282}
Correct solution!
Number of lables used:  26
Time taken: 0.22 seconds
Memory used: 38.98 MB
--------------------------------------------------

Trying with at most 25 labels...
Solution:
{13: 16, 14: 254, 15: 72, 16: 310, 53: 142, 54: 380, 79: 156, 80: 394, 81: 142, 82: 380, 83: 380, 84: 142, 85: 16, 86: 254, 127: 58, 128: 296, 129: 156, 130: 394, 143: 156, 144: 394, 145: 156, 146: 394, 205: 156, 206: 394, 233: 268, 234: 30, 235: 366, 236: 128, 237: 44, 238: 282, 261: 156, 262: 394, 263: 44, 264: 282, 265: 86, 266: 324, 267: 156, 268: 394, 269: 30, 270: 268, 271: 30, 272: 268, 273: 352, 274: 114, 275: 352, 276: 114, 277: 30, 278: 268, 281: 142, 282: 380, 283: 128, 284: 366, 289: 156, 290: 394, 291: 86, 292: 324, 303: 394, 304: 156, 305: 58, 306: 296, 321: 44, 322: 282, 323: 156, 324: 394, 325: 394, 326: 156, 327: 58, 328: 296, 329: 156, 330: 394, 341: 380, 342: 142, 343: 380, 344: 142, 349: 72, 350: 310, 351: 380, 352: 142, 435: 114, 436: 352, 475: 128, 476: 366, 481: 142, 482: 380, 517: 142, 518: 380, 519: 142, 520: 380, 555: 282, 556: 44, 557: 142, 558: 380, 559: 352, 560: 114, 561: 44, 562: 282, 565: 30, 566: 268, 577: 86, 578: 324, 579: 58, 580: 296, 583: 142, 584: 380, 585: 324, 586: 86, 587: 72, 588: 310, 589: 44, 590: 282, 591: 58, 592: 296, 593: 44, 594: 282, 595: 114, 596: 352, 597: 30, 598: 268, 599: 86, 600: 324, 601: 128, 602: 366, 603: 142, 604: 380, 605: 142, 606: 380, 607: 72, 608: 310, 613: 100, 614: 338, 615: 128, 616: 366, 617: 142, 618: 380, 621: 72, 622: 310, 625: 142, 626: 380, 629: 128, 630: 366, 631: 142, 632: 380, 633: 128, 634: 366, 635: 142, 636: 380, 645: 114, 646: 352, 651: 156, 652: 394, 661: 156, 662: 394, 663: 394, 664: 156, 665: 296, 666: 58, 667: 156, 668: 394, 713: 30, 714: 268, 717: 352, 718: 114, 719: 16, 720: 254, 721: 86, 722: 324, 723: 156, 724: 394, 743: 366, 744: 128, 745: 380, 746: 142, 747: 30, 748: 268, 763: 142, 764: 380, 765: 156, 766: 394, 767: 114, 768: 352, 785: 156, 786: 394, 787: 142, 788: 380, 789: 72, 790: 310, 791: 142, 792: 380, 793: 72, 794: 310, 795: 142, 796: 380, 797: 58, 798: 296, 799: 128, 800: 366, 801: 142, 802: 380, 879: 142, 880: 380}
Correct solution!
Number of lables used:  22
Time taken: 0.25 seconds
Memory used: 41.27 MB
--------------------------------------------------

Trying with at most 21 labels...
Solution:
{13: 30, 14: 268, 15: 72, 16: 310, 53: 142, 54: 380, 79: 156, 80: 394, 81: 142, 82: 380, 83: 554, 84: 792, 85: 352, 86: 114, 127: 58, 128: 296, 129: 156, 130: 394, 143: 156, 144: 394, 145: 156, 146: 394, 205: 156, 206: 394, 233: 268, 234: 30, 235: 352, 236: 114, 237: 44, 238: 282, 261: 156, 262: 394, 263: 44, 264: 282, 265: 86, 266: 324, 267: 156, 268: 394, 269: 394, 270: 156, 271: 394, 272: 156, 273: 352, 274: 114, 275: 352, 276: 114, 277: 296, 278: 58, 281: 310, 282: 72, 283: 310, 284: 72, 289: 156, 290: 394, 291: 58, 292: 296, 303: 394, 304: 156, 305: 58, 306: 296, 321: 44, 322: 282, 323: 156, 324: 394, 325: 394, 326: 156, 327: 58, 328: 296, 329: 156, 330: 394, 341: 380, 342: 142, 343: 380, 344: 142, 349: 72, 350: 310, 351: 380, 352: 142, 435: 100, 436: 338, 475: 114, 476: 352, 481: 142, 482: 380, 517: 142, 518: 380, 519: 142, 520: 380, 555: 142, 556: 380, 557: 142, 558: 380, 559: 338, 560: 100, 561: 44, 562: 282, 565: 30, 566: 268, 577: 86, 578: 324, 579: 58, 580: 296, 583: 86, 584: 324, 585: 324, 586: 86, 587: 72, 588: 310, 589: 30, 590: 268, 591: 58, 592: 296, 593: 44, 594: 282, 595: 100, 596: 338, 597: 30, 598: 268, 599: 86, 600: 324, 601: 114, 602: 352, 603: 142, 604: 380, 605: 142, 606: 380, 607: 72, 608: 310, 613: 100, 614: 338, 615: 114, 616: 352, 617: 142, 618: 380, 621: 72, 622: 310, 625: 142, 626: 380, 629: 100, 630: 338, 631: 142, 632: 380, 633: 100, 634: 338, 635: 142, 636: 380, 645: 114, 646: 352, 651: 156, 652: 394, 661: 156, 662: 394, 663: 394, 664: 156, 665: 296, 666: 58, 667: 156, 668: 394, 713: 296, 714: 58, 717: 352, 718: 114, 719: 282, 720: 44, 721: 792, 722: 554, 723: 156, 724: 394, 743: 352, 744: 114, 745: 380, 746: 142, 747: 30, 748: 268, 763: 142, 764: 380, 765: 156, 766: 394, 767: 114, 768: 352, 785: 156, 786: 394, 787: 296, 788: 58, 789: 72, 790: 310, 791: 142, 792: 380, 793: 72, 794: 310, 795: 142, 796: 380, 797: 30, 798: 268, 799: 100, 800: 338, 801: 142, 802: 380, 879: 142, 880: 380}
Correct solution!
Number of lables used:  20
Time taken: 0.26 seconds
Memory used: 41.39 MB
--------------------------------------------------

Trying with at most 19 labels...
Solution:
{13: 44, 14: 282, 15: 72, 16: 310, 53: 114, 54: 352, 79: 156, 80: 394, 81: 114, 82: 352, 83: 554, 84: 792, 85: 352, 86: 114, 127: 44, 128: 282, 129: 156, 130: 394, 143: 114, 144: 352, 145: 114, 146: 352, 205: 156, 206: 394, 233: 30, 234: 268, 235: 352, 236: 114, 237: 352, 238: 114, 261: 156, 262: 394, 263: 30, 264: 268, 265: 72, 266: 310, 267: 156, 268: 394, 269: 792, 270: 554, 271: 792, 272: 554, 273: 310, 274: 72, 275: 310, 276: 72, 277: 282, 278: 44, 281: 268, 282: 30, 283: 268, 284: 30, 289: 156, 290: 394, 291: 44, 292: 282, 303: 394, 304: 156, 305: 44, 306: 282, 321: 44, 322: 282, 323: 156, 324: 394, 325: 394, 326: 156, 327: 44, 328: 282, 329: 394, 330: 156, 341: 394, 342: 156, 343: 394, 344: 156, 349: 338, 350: 100, 351: 268, 352: 30, 435: 86, 436: 324, 475: 100, 476: 338, 481: 114, 482: 352, 517: 268, 518: 30, 519: 114, 520: 352, 555: 114, 556: 352, 557: 30, 558: 268, 559: 324, 560: 86, 561: 310, 562: 72, 565: 310, 566: 72, 577: 394, 578: 156, 579: 394, 580: 156, 583: 100, 584: 338, 585: 30, 586: 268, 587: 394, 588: 156, 589: 394, 590: 156, 591: 352, 592: 114, 593: 72, 594: 310, 595: 86, 596: 324, 597: 44, 598: 282, 599: 86, 600: 324, 601: 100, 602: 338, 603: 114, 604: 352, 605: 352, 606: 114, 607: 30, 608: 268, 613: 100, 614: 338, 615: 100, 616: 338, 617: 114, 618: 352, 621: 282, 622: 44, 625: 114, 626: 352, 629: 338, 630: 100, 631: 324, 632: 86, 633: 44, 634: 282, 635: 114, 636: 352, 645: 114, 646: 352, 651: 156, 652: 394, 661: 156, 662: 394, 663: 394, 664: 156, 665: 792, 666: 554, 667: 156, 668: 394, 713: 282, 714: 44, 717: 310, 718: 72, 719: 394, 720: 156, 721: 792, 722: 554, 723: 114, 724: 352, 743: 338, 744: 100, 745: 338, 746: 100, 747: 30, 748: 268, 763: 114, 764: 352, 765: 156, 766: 394, 767: 114, 768: 352, 785: 156, 786: 394, 787: 282, 788: 44, 789: 30, 790: 268, 791: 100, 792: 338, 793: 30, 794: 268, 795: 100, 796: 338, 797: 352, 798: 114, 799: 72, 800: 310, 801: 86, 802: 324, 879: 114, 880: 352}
Correct solution!
Number of lables used:  16
Time taken: 0.27 seconds
Memory used: 41.52 MB
--------------------------------------------------

Trying with at most 15 labels...
Solution:
{13: 338, 14: 100, 15: 778, 16: 540, 53: 100, 54: 338, 79: 156, 80: 394, 81: 100, 82: 338, 83: 366, 84: 128, 85: 428, 86: 666, 127: 16, 128: 254, 129: 156, 130: 394, 143: 30, 144: 268, 145: 30, 146: 268, 205: 156, 206: 394, 233: 30, 234: 268, 235: 128, 236: 366, 237: 268, 238: 30, 261: 156, 262: 394, 263: 16, 264: 254, 265: 540, 266: 778, 267: 30, 268: 268, 269: 778, 270: 540, 271: 778, 272: 540, 273: 254, 274: 16, 275: 254, 276: 16, 277: 338, 278: 100, 281: 366, 282: 128, 283: 366, 284: 128, 289: 128, 290: 366, 291: 30, 292: 268, 303: 666, 304: 428, 305: 254, 306: 16, 321: 338, 322: 100, 323: 268, 324: 30, 325: 394, 326: 156, 327: 30, 328: 268, 329: 394, 330: 156, 341: 254, 342: 16, 343: 254, 344: 16, 349: 338, 350: 100, 351: 100, 352: 338, 435: 128, 436: 366, 475: 30, 476: 268, 481: 100, 482: 338, 517: 128, 518: 366, 519: 30, 520: 268, 555: 128, 556: 366, 557: 428, 558: 666, 559: 366, 560: 128, 561: 428, 562: 666, 565: 666, 566: 428, 577: 394, 578: 156, 579: 394, 580: 156, 583: 666, 584: 428, 585: 16, 586: 254, 587: 366, 588: 128, 589: 394, 590: 156, 591: 778, 592: 540, 593: 778, 594: 540, 595: 30, 596: 268, 597: 128, 598: 366, 599: 366, 600: 128, 601: 100, 602: 338, 603: 100, 604: 338, 605: 338, 606: 100, 607: 30, 608: 268, 613: 100, 614: 338, 615: 30, 616: 268, 617: 100, 618: 338, 621: 338, 622: 100, 625: 30, 626: 268, 629: 338, 630: 100, 631: 366, 632: 128, 633: 366, 634: 128, 635: 268, 636: 30, 645: 100, 646: 338, 651: 156, 652: 394, 661: 156, 662: 394, 663: 394, 664: 156, 665: 16, 666: 254, 667: 156, 668: 394, 713: 338, 714: 100, 717: 254, 718: 16, 719: 394, 720: 156, 721: 666, 722: 428, 723: 30, 724: 268, 743: 338, 744: 100, 745: 268, 746: 30, 747: 268, 748: 30, 763: 128, 764: 366, 765: 156, 766: 394, 767: 394, 768: 156, 785: 16, 786: 254, 787: 666, 788: 428, 789: 30, 790: 268, 791: 100, 792: 338, 793: 366, 794: 128, 795: 30, 796: 268, 797: 338, 798: 100, 799: 30, 800: 268, 801: 128, 802: 366, 879: 100, 880: 338}
Correct solution!
Number of lables used:  14
Time taken: 0.29 seconds
Memory used: 41.52 MB
--------------------------------------------------

Trying with at most 13 labels...
[runlim] sample:		10.0 time, 10.9 real, 65.6 MB
Cannot find solution.
No more solutions found.
Optimal number of labels used:  14
Time taken: 12.67 seconds
[runlim] end:			Thu Jan 15 07:11:29 2026
[runlim] status:		ok
[runlim] result:		0
[runlim] children:		0
[runlim] real:			13.61 seconds
[runlim] time:			12.68 seconds
[runlim] space:			67.1 MB
[runlim] samples:		127
