[runlim] version:		1.10
[runlim] time limit:		311040000 seconds
[runlim] real time limit:	900 seconds
[runlim] space limit:		8000 MB
[runlim] argv[0]:		python3
[runlim] argv[1]:		-u
[runlim] argv[2]:		main.py
[runlim] argv[3]:		TUD200.3
[runlim] argv[4]:		nsc_full
[runlim] argv[5]:		incremental
[runlim] argv[6]:		cadical195
[runlim] start:			Thu Jan 15 14:12:18 2026
[runlim] main pid:		332737
Solve first problem:
Solution:
{1: 296, 2: 58, 3: 380, 4: 142, 5: 652, 6: 414, 7: 442, 8: 680, 9: 352, 10: 114, 11: 380, 12: 142, 13: 652, 14: 414, 15: 380, 16: 142, 17: 170, 18: 408, 19: 142, 20: 380, 21: 282, 22: 44, 23: 652, 24: 414, 25: 540, 26: 778, 27: 694, 28: 456, 29: 792, 30: 554, 31: 442, 32: 680, 33: 268, 34: 30, 35: 114, 36: 352, 37: 652, 38: 414, 39: 652, 40: 414, 41: 114, 42: 352, 43: 268, 44: 30, 45: 338, 46: 100, 47: 512, 48: 750, 49: 414, 50: 652, 51: 310, 52: 72, 53: 338, 54: 100, 55: 414, 56: 652, 57: 352, 58: 114, 59: 694, 60: 456, 61: 254, 62: 16, 63: 778, 64: 540, 65: 156, 66: 394, 67: 352, 68: 114, 69: 296, 70: 58, 71: 296, 72: 58, 73: 652, 74: 414, 75: 366, 76: 128, 77: 338, 78: 100, 79: 680, 80: 442, 81: 254, 82: 16, 83: 310, 84: 72, 85: 282, 86: 44, 87: 736, 88: 498, 89: 764, 90: 526, 91: 254, 92: 16, 93: 750, 94: 512, 95: 792, 96: 554, 97: 170, 98: 408, 99: 478, 100: 240, 101: 380, 102: 142, 103: 352, 104: 114, 105: 72, 106: 310, 107: 310, 108: 72, 109: 414, 110: 652, 111: 282, 112: 44, 113: 722, 114: 484, 115: 652, 116: 414, 117: 708, 118: 470, 119: 310, 120: 72, 121: 380, 122: 142, 123: 296, 124: 58, 125: 666, 126: 428, 127: 750, 128: 512, 129: 324, 130: 86, 131: 380, 132: 142, 133: 310, 134: 72, 135: 254, 136: 16, 137: 652, 138: 414, 139: 268, 140: 30, 141: 310, 142: 72, 143: 296, 144: 58, 145: 456, 146: 694, 147: 428, 148: 666, 149: 254, 150: 16, 151: 352, 152: 114, 153: 652, 154: 414, 155: 414, 156: 652, 157: 268, 158: 30, 159: 296, 160: 58, 161: 268, 162: 30, 163: 254, 164: 16, 165: 254, 166: 16, 167: 380, 168: 142, 169: 310, 170: 72, 171: 254, 172: 16, 173: 366, 174: 128, 175: 338, 176: 100, 177: 366, 178: 128, 179: 380, 180: 142, 181: 254, 182: 16, 183: 310, 184: 72, 185: 324, 186: 86, 187: 254, 188: 16, 189: 310, 190: 72, 191: 268, 192: 30, 193: 324, 194: 86, 195: 736, 196: 498, 197: 282, 198: 44, 199: 254, 200: 16}
Correct solution!
Number of lables used:  48
Time taken: 0.19 seconds
Memory used: 35.93 MB
--------------------------------------------------

Trying with at most 47 labels...
Solution:
{1: 512, 2: 750, 3: 414, 4: 652, 5: 680, 6: 442, 7: 268, 8: 30, 9: 442, 10: 680, 11: 408, 12: 170, 13: 380, 14: 142, 15: 414, 16: 652, 17: 170, 18: 408, 19: 694, 20: 456, 21: 526, 22: 764, 23: 666, 24: 428, 25: 268, 26: 30, 27: 72, 28: 310, 29: 324, 30: 86, 31: 366, 32: 128, 33: 442, 34: 680, 35: 128, 36: 366, 37: 156, 38: 394, 39: 366, 40: 128, 41: 128, 42: 366, 43: 540, 44: 778, 45: 470, 46: 708, 47: 282, 48: 44, 49: 526, 50: 764, 51: 128, 52: 366, 53: 456, 54: 694, 55: 338, 56: 100, 57: 708, 58: 470, 59: 498, 60: 736, 61: 310, 62: 72, 63: 442, 64: 680, 65: 680, 66: 442, 67: 442, 68: 680, 69: 86, 70: 324, 71: 470, 72: 708, 73: 142, 74: 380, 75: 428, 76: 666, 77: 156, 78: 394, 79: 142, 80: 380, 81: 526, 82: 764, 83: 498, 84: 736, 85: 512, 86: 750, 87: 722, 88: 484, 89: 708, 90: 470, 91: 442, 92: 680, 93: 30, 94: 268, 95: 414, 96: 652, 97: 478, 98: 240, 99: 478, 100: 240, 101: 456, 102: 694, 103: 414, 104: 652, 105: 456, 106: 694, 107: 526, 108: 764, 109: 394, 110: 156, 111: 540, 112: 778, 113: 44, 114: 282, 115: 142, 116: 380, 117: 100, 118: 338, 119: 680, 120: 442, 121: 408, 122: 170, 123: 512, 124: 750, 125: 128, 126: 366, 127: 764, 128: 526, 129: 540, 130: 778, 131: 240, 132: 478, 133: 484, 134: 722, 135: 540, 136: 778, 137: 114, 138: 352, 139: 540, 140: 778, 141: 484, 142: 722, 143: 428, 144: 666, 145: 750, 146: 512, 147: 156, 148: 394, 149: 456, 150: 694, 151: 722, 152: 484, 153: 86, 154: 324, 155: 394, 156: 156, 157: 540, 158: 778, 159: 498, 160: 736, 161: 540, 162: 778, 163: 540, 164: 778, 165: 128, 166: 366, 167: 512, 168: 750, 169: 484, 170: 722, 171: 380, 172: 142, 173: 44, 174: 282, 175: 470, 176: 708, 177: 442, 178: 680, 179: 478, 180: 240, 181: 156, 182: 394, 183: 100, 184: 338, 185: 470, 186: 708, 187: 156, 188: 394, 189: 498, 190: 736, 191: 540, 192: 778, 193: 470, 194: 708, 195: 58, 196: 296, 197: 512, 198: 750, 199: 540, 200: 778}
Correct solution!
Number of lables used:  44
Time taken: 0.21 seconds
Memory used: 37.43 MB
--------------------------------------------------

Trying with at most 43 labels...
Solution:
{1: 498, 2: 736, 3: 142, 4: 380, 5: 156, 6: 394, 7: 498, 8: 736, 9: 16, 10: 254, 11: 408, 12: 170, 13: 352, 14: 114, 15: 414, 16: 652, 17: 170, 18: 408, 19: 666, 20: 428, 21: 484, 22: 722, 23: 666, 24: 428, 25: 526, 26: 764, 27: 72, 28: 310, 29: 324, 30: 86, 31: 366, 32: 128, 33: 58, 34: 296, 35: 128, 36: 366, 37: 156, 38: 394, 39: 366, 40: 128, 41: 156, 42: 394, 43: 498, 44: 736, 45: 428, 46: 666, 47: 268, 48: 30, 49: 526, 50: 764, 51: 128, 52: 366, 53: 428, 54: 666, 55: 338, 56: 100, 57: 114, 58: 352, 59: 498, 60: 736, 61: 282, 62: 44, 63: 512, 64: 750, 65: 100, 66: 338, 67: 156, 68: 394, 69: 86, 70: 324, 71: 114, 72: 352, 73: 128, 74: 366, 75: 142, 76: 380, 77: 156, 78: 394, 79: 100, 80: 338, 81: 526, 82: 764, 83: 484, 84: 722, 85: 498, 86: 736, 87: 30, 88: 268, 89: 414, 90: 652, 91: 428, 92: 666, 93: 30, 94: 268, 95: 310, 96: 72, 97: 478, 98: 240, 99: 478, 100: 240, 101: 428, 102: 666, 103: 156, 104: 394, 105: 428, 106: 666, 107: 512, 108: 750, 109: 366, 110: 128, 111: 526, 112: 764, 113: 44, 114: 282, 115: 142, 116: 380, 117: 100, 118: 338, 119: 666, 120: 428, 121: 408, 122: 170, 123: 666, 124: 428, 125: 128, 126: 366, 127: 764, 128: 526, 129: 526, 130: 764, 131: 240, 132: 478, 133: 428, 134: 666, 135: 142, 136: 380, 137: 114, 138: 352, 139: 72, 140: 310, 141: 428, 142: 666, 143: 764, 144: 526, 145: 750, 146: 512, 147: 156, 148: 394, 149: 428, 150: 666, 151: 722, 152: 484, 153: 72, 154: 310, 155: 394, 156: 156, 157: 526, 158: 764, 159: 484, 160: 722, 161: 526, 162: 764, 163: 526, 164: 764, 165: 128, 166: 366, 167: 156, 168: 394, 169: 484, 170: 722, 171: 352, 172: 114, 173: 44, 174: 282, 175: 428, 176: 666, 177: 652, 178: 414, 179: 478, 180: 240, 181: 156, 182: 394, 183: 100, 184: 338, 185: 428, 186: 666, 187: 156, 188: 394, 189: 498, 190: 736, 191: 764, 192: 526, 193: 428, 194: 666, 195: 44, 196: 282, 197: 498, 198: 736, 199: 526, 200: 764}
Correct solution!
Number of lables used:  38
Time taken: 0.21 seconds
Memory used: 37.43 MB
--------------------------------------------------

Trying with at most 37 labels...
Solution:
{1: 498, 2: 736, 3: 142, 4: 380, 5: 156, 6: 394, 7: 498, 8: 736, 9: 16, 10: 254, 11: 408, 12: 170, 13: 764, 14: 526, 15: 414, 16: 652, 17: 170, 18: 408, 19: 666, 20: 428, 21: 484, 22: 722, 23: 666, 24: 428, 25: 526, 26: 764, 27: 72, 28: 310, 29: 324, 30: 86, 31: 366, 32: 128, 33: 58, 34: 296, 35: 128, 36: 366, 37: 156, 38: 394, 39: 366, 40: 128, 41: 156, 42: 394, 43: 498, 44: 736, 45: 428, 46: 666, 47: 268, 48: 30, 49: 526, 50: 764, 51: 128, 52: 366, 53: 428, 54: 666, 55: 338, 56: 100, 57: 86, 58: 324, 59: 498, 60: 736, 61: 282, 62: 44, 63: 512, 64: 750, 65: 100, 66: 338, 67: 156, 68: 394, 69: 86, 70: 324, 71: 100, 72: 338, 73: 128, 74: 366, 75: 142, 76: 380, 77: 156, 78: 394, 79: 100, 80: 338, 81: 526, 82: 764, 83: 484, 84: 722, 85: 498, 86: 736, 87: 30, 88: 268, 89: 414, 90: 652, 91: 428, 92: 666, 93: 30, 94: 268, 95: 282, 96: 44, 97: 478, 98: 240, 99: 478, 100: 240, 101: 428, 102: 666, 103: 156, 104: 394, 105: 428, 106: 666, 107: 512, 108: 750, 109: 366, 110: 128, 111: 526, 112: 764, 113: 16, 114: 254, 115: 142, 116: 380, 117: 100, 118: 338, 119: 666, 120: 428, 121: 408, 122: 170, 123: 666, 124: 428, 125: 128, 126: 366, 127: 764, 128: 526, 129: 526, 130: 764, 131: 240, 132: 478, 133: 428, 134: 666, 135: 142, 136: 380, 137: 86, 138: 324, 139: 72, 140: 310, 141: 428, 142: 666, 143: 764, 144: 526, 145: 750, 146: 512, 147: 156, 148: 394, 149: 428, 150: 666, 151: 722, 152: 484, 153: 72, 154: 310, 155: 394, 156: 156, 157: 526, 158: 764, 159: 484, 160: 722, 161: 526, 162: 764, 163: 526, 164: 764, 165: 128, 166: 366, 167: 156, 168: 394, 169: 484, 170: 722, 171: 324, 172: 86, 173: 44, 174: 282, 175: 428, 176: 666, 177: 652, 178: 414, 179: 478, 180: 240, 181: 156, 182: 394, 183: 100, 184: 338, 185: 428, 186: 666, 187: 156, 188: 394, 189: 498, 190: 736, 191: 764, 192: 526, 193: 428, 194: 666, 195: 44, 196: 282, 197: 498, 198: 736, 199: 526, 200: 764}
Correct solution!
Number of lables used:  36
Time taken: 0.22 seconds
Memory used: 37.56 MB
--------------------------------------------------

Trying with at most 35 labels...
Solution:
{1: 498, 2: 736, 3: 142, 4: 380, 5: 156, 6: 394, 7: 498, 8: 736, 9: 16, 10: 254, 11: 408, 12: 170, 13: 764, 14: 526, 15: 414, 16: 652, 17: 170, 18: 408, 19: 666, 20: 428, 21: 484, 22: 722, 23: 666, 24: 428, 25: 526, 26: 764, 27: 72, 28: 310, 29: 324, 30: 86, 31: 366, 32: 128, 33: 44, 34: 282, 35: 128, 36: 366, 37: 156, 38: 394, 39: 366, 40: 128, 41: 156, 42: 394, 43: 498, 44: 736, 45: 428, 46: 666, 47: 268, 48: 30, 49: 526, 50: 764, 51: 128, 52: 366, 53: 428, 54: 666, 55: 338, 56: 100, 57: 86, 58: 324, 59: 498, 60: 736, 61: 282, 62: 44, 63: 512, 64: 750, 65: 100, 66: 338, 67: 156, 68: 394, 69: 86, 70: 324, 71: 100, 72: 338, 73: 128, 74: 366, 75: 142, 76: 380, 77: 156, 78: 394, 79: 100, 80: 338, 81: 526, 82: 764, 83: 484, 84: 722, 85: 498, 86: 736, 87: 30, 88: 268, 89: 414, 90: 652, 91: 428, 92: 666, 93: 30, 94: 268, 95: 282, 96: 44, 97: 478, 98: 240, 99: 478, 100: 240, 101: 428, 102: 666, 103: 156, 104: 394, 105: 428, 106: 666, 107: 512, 108: 750, 109: 366, 110: 128, 111: 526, 112: 764, 113: 16, 114: 254, 115: 142, 116: 380, 117: 100, 118: 338, 119: 666, 120: 428, 121: 408, 122: 170, 123: 666, 124: 428, 125: 128, 126: 366, 127: 764, 128: 526, 129: 526, 130: 764, 131: 240, 132: 478, 133: 428, 134: 666, 135: 142, 136: 380, 137: 86, 138: 324, 139: 72, 140: 310, 141: 428, 142: 666, 143: 764, 144: 526, 145: 750, 146: 512, 147: 156, 148: 394, 149: 428, 150: 666, 151: 722, 152: 484, 153: 72, 154: 310, 155: 394, 156: 156, 157: 526, 158: 764, 159: 484, 160: 722, 161: 526, 162: 764, 163: 526, 164: 764, 165: 128, 166: 366, 167: 156, 168: 394, 169: 484, 170: 722, 171: 324, 172: 86, 173: 44, 174: 282, 175: 428, 176: 666, 177: 652, 178: 414, 179: 478, 180: 240, 181: 156, 182: 394, 183: 100, 184: 338, 185: 428, 186: 666, 187: 156, 188: 394, 189: 498, 190: 736, 191: 764, 192: 526, 193: 428, 194: 666, 195: 44, 196: 282, 197: 498, 198: 736, 199: 526, 200: 764}
Correct solution!
Number of lables used:  34
Time taken: 0.23 seconds
Memory used: 37.56 MB
--------------------------------------------------

Trying with at most 33 labels...
Solution:
{1: 100, 2: 338, 3: 142, 4: 380, 5: 156, 6: 394, 7: 526, 8: 764, 9: 16, 10: 254, 11: 408, 12: 170, 13: 764, 14: 526, 15: 764, 16: 526, 17: 170, 18: 408, 19: 666, 20: 428, 21: 484, 22: 722, 23: 44, 24: 282, 25: 540, 26: 778, 27: 72, 28: 310, 29: 310, 30: 72, 31: 338, 32: 100, 33: 44, 34: 282, 35: 100, 36: 338, 37: 30, 38: 268, 39: 366, 40: 128, 41: 156, 42: 394, 43: 512, 44: 750, 45: 428, 46: 666, 47: 268, 48: 30, 49: 526, 50: 764, 51: 666, 52: 428, 53: 428, 54: 666, 55: 338, 56: 100, 57: 380, 58: 142, 59: 72, 60: 310, 61: 282, 62: 44, 63: 456, 64: 694, 65: 100, 66: 338, 67: 156, 68: 394, 69: 72, 70: 310, 71: 100, 72: 338, 73: 100, 74: 338, 75: 142, 76: 380, 77: 128, 78: 366, 79: 100, 80: 338, 81: 526, 82: 764, 83: 484, 84: 722, 85: 484, 86: 722, 87: 30, 88: 268, 89: 428, 90: 666, 91: 428, 92: 666, 93: 30, 94: 268, 95: 310, 96: 72, 97: 478, 98: 240, 99: 478, 100: 240, 101: 428, 102: 666, 103: 156, 104: 394, 105: 428, 106: 666, 107: 512, 108: 750, 109: 366, 110: 128, 111: 526, 112: 764, 113: 778, 114: 540, 115: 142, 116: 380, 117: 100, 118: 338, 119: 666, 120: 428, 121: 408, 122: 170, 123: 666, 124: 428, 125: 128, 126: 366, 127: 764, 128: 526, 129: 526, 130: 764, 131: 240, 132: 478, 133: 428, 134: 666, 135: 142, 136: 380, 137: 30, 138: 268, 139: 72, 140: 310, 141: 428, 142: 666, 143: 750, 144: 512, 145: 764, 146: 526, 147: 156, 148: 394, 149: 428, 150: 666, 151: 722, 152: 484, 153: 72, 154: 310, 155: 394, 156: 156, 157: 526, 158: 764, 159: 484, 160: 722, 161: 526, 162: 764, 163: 428, 164: 666, 165: 128, 166: 366, 167: 156, 168: 394, 169: 484, 170: 722, 171: 268, 172: 30, 173: 44, 174: 282, 175: 428, 176: 666, 177: 142, 178: 380, 179: 478, 180: 240, 181: 156, 182: 394, 183: 100, 184: 338, 185: 428, 186: 666, 187: 156, 188: 394, 189: 484, 190: 722, 191: 764, 192: 526, 193: 428, 194: 666, 195: 30, 196: 268, 197: 484, 198: 722, 199: 526, 200: 764}
Correct solution!
Number of lables used:  32
Time taken: 0.24 seconds
Memory used: 37.56 MB
--------------------------------------------------

Trying with at most 31 labels...
Solution:
{1: 128, 2: 366, 3: 30, 4: 268, 5: 156, 6: 394, 7: 526, 8: 764, 9: 16, 10: 254, 11: 408, 12: 170, 13: 764, 14: 526, 15: 764, 16: 526, 17: 170, 18: 408, 19: 666, 20: 428, 21: 484, 22: 722, 23: 44, 24: 282, 25: 428, 26: 666, 27: 72, 28: 310, 29: 310, 30: 72, 31: 310, 32: 72, 33: 44, 34: 282, 35: 100, 36: 338, 37: 30, 38: 268, 39: 366, 40: 128, 41: 156, 42: 394, 43: 540, 44: 778, 45: 778, 46: 540, 47: 268, 48: 30, 49: 526, 50: 764, 51: 666, 52: 428, 53: 156, 54: 394, 55: 338, 56: 100, 57: 380, 58: 142, 59: 72, 60: 310, 61: 282, 62: 44, 63: 456, 64: 694, 65: 100, 66: 338, 67: 156, 68: 394, 69: 72, 70: 310, 71: 100, 72: 338, 73: 128, 74: 366, 75: 142, 76: 380, 77: 100, 78: 338, 79: 100, 80: 338, 81: 526, 82: 764, 83: 484, 84: 722, 85: 484, 86: 722, 87: 282, 88: 44, 89: 428, 90: 666, 91: 428, 92: 666, 93: 30, 94: 268, 95: 484, 96: 722, 97: 478, 98: 240, 99: 478, 100: 240, 101: 428, 102: 666, 103: 156, 104: 394, 105: 428, 106: 666, 107: 72, 108: 310, 109: 366, 110: 128, 111: 526, 112: 764, 113: 778, 114: 540, 115: 142, 116: 380, 117: 100, 118: 338, 119: 666, 120: 428, 121: 408, 122: 170, 123: 666, 124: 428, 125: 128, 126: 366, 127: 764, 128: 526, 129: 526, 130: 764, 131: 240, 132: 478, 133: 428, 134: 666, 135: 142, 136: 380, 137: 30, 138: 268, 139: 72, 140: 310, 141: 428, 142: 666, 143: 310, 144: 72, 145: 764, 146: 526, 147: 156, 148: 394, 149: 428, 150: 666, 151: 722, 152: 484, 153: 72, 154: 310, 155: 394, 156: 156, 157: 526, 158: 764, 159: 484, 160: 722, 161: 526, 162: 764, 163: 428, 164: 666, 165: 128, 166: 366, 167: 156, 168: 394, 169: 484, 170: 722, 171: 268, 172: 30, 173: 44, 174: 282, 175: 428, 176: 666, 177: 142, 178: 380, 179: 478, 180: 240, 181: 156, 182: 394, 183: 100, 184: 338, 185: 428, 186: 666, 187: 156, 188: 394, 189: 484, 190: 722, 191: 764, 192: 526, 193: 428, 194: 666, 195: 30, 196: 268, 197: 484, 198: 722, 199: 526, 200: 764}
Correct solution!
Number of lables used:  30
Time taken: 0.24 seconds
Memory used: 37.68 MB
--------------------------------------------------

Trying with at most 29 labels...
Solution:
{1: 128, 2: 366, 3: 30, 4: 268, 5: 142, 6: 380, 7: 254, 8: 16, 9: 16, 10: 254, 11: 408, 12: 170, 13: 764, 14: 526, 15: 16, 16: 254, 17: 142, 18: 380, 19: 778, 20: 540, 21: 484, 22: 722, 23: 666, 24: 428, 25: 428, 26: 666, 27: 666, 28: 428, 29: 310, 30: 72, 31: 310, 32: 72, 33: 30, 34: 268, 35: 100, 36: 338, 37: 30, 38: 268, 39: 282, 40: 44, 41: 72, 42: 310, 43: 540, 44: 778, 45: 778, 46: 540, 47: 268, 48: 30, 49: 254, 50: 16, 51: 142, 52: 380, 53: 142, 54: 380, 55: 100, 56: 338, 57: 526, 58: 764, 59: 72, 60: 310, 61: 282, 62: 44, 63: 456, 64: 694, 65: 30, 66: 268, 67: 456, 68: 694, 69: 72, 70: 310, 71: 100, 72: 338, 73: 128, 74: 366, 75: 128, 76: 366, 77: 100, 78: 338, 79: 100, 80: 338, 81: 526, 82: 764, 83: 484, 84: 722, 85: 484, 86: 722, 87: 694, 88: 456, 89: 428, 90: 666, 91: 428, 92: 666, 93: 30, 94: 268, 95: 722, 96: 484, 97: 478, 98: 240, 99: 170, 100: 408, 101: 722, 102: 484, 103: 30, 104: 268, 105: 722, 106: 484, 107: 72, 108: 310, 109: 366, 110: 128, 111: 526, 112: 764, 113: 778, 114: 540, 115: 142, 116: 380, 117: 72, 118: 310, 119: 666, 120: 428, 121: 240, 122: 478, 123: 666, 124: 428, 125: 428, 126: 666, 127: 764, 128: 526, 129: 778, 130: 540, 131: 408, 132: 170, 133: 428, 134: 666, 135: 142, 136: 380, 137: 30, 138: 268, 139: 72, 140: 310, 141: 428, 142: 666, 143: 666, 144: 428, 145: 764, 146: 526, 147: 142, 148: 380, 149: 428, 150: 666, 151: 722, 152: 484, 153: 72, 154: 310, 155: 380, 156: 142, 157: 526, 158: 764, 159: 484, 160: 722, 161: 778, 162: 540, 163: 428, 164: 666, 165: 128, 166: 366, 167: 128, 168: 366, 169: 484, 170: 722, 171: 380, 172: 142, 173: 338, 174: 100, 175: 778, 176: 540, 177: 128, 178: 366, 179: 478, 180: 240, 181: 142, 182: 380, 183: 72, 184: 310, 185: 428, 186: 666, 187: 142, 188: 380, 189: 484, 190: 722, 191: 694, 192: 456, 193: 428, 194: 666, 195: 30, 196: 268, 197: 484, 198: 722, 199: 526, 200: 764}
Correct solution!
Number of lables used:  28
Time taken: 0.25 seconds
Memory used: 37.68 MB
--------------------------------------------------

Trying with at most 27 labels...
Solution:
{1: 142, 2: 380, 3: 30, 4: 268, 5: 142, 6: 380, 7: 254, 8: 16, 9: 16, 10: 254, 11: 408, 12: 170, 13: 764, 14: 526, 15: 16, 16: 254, 17: 142, 18: 380, 19: 778, 20: 540, 21: 484, 22: 722, 23: 666, 24: 428, 25: 428, 26: 666, 27: 666, 28: 428, 29: 310, 30: 72, 31: 310, 32: 72, 33: 268, 34: 30, 35: 100, 36: 338, 37: 30, 38: 268, 39: 268, 40: 30, 41: 72, 42: 310, 43: 540, 44: 778, 45: 778, 46: 540, 47: 268, 48: 30, 49: 254, 50: 16, 51: 142, 52: 380, 53: 142, 54: 380, 55: 100, 56: 338, 57: 526, 58: 764, 59: 72, 60: 310, 61: 268, 62: 30, 63: 456, 64: 694, 65: 30, 66: 268, 67: 456, 68: 694, 69: 72, 70: 310, 71: 100, 72: 338, 73: 142, 74: 380, 75: 338, 76: 100, 77: 100, 78: 338, 79: 100, 80: 338, 81: 526, 82: 764, 83: 484, 84: 722, 85: 484, 86: 722, 87: 694, 88: 456, 89: 428, 90: 666, 91: 428, 92: 666, 93: 30, 94: 268, 95: 722, 96: 484, 97: 478, 98: 240, 99: 170, 100: 408, 101: 722, 102: 484, 103: 30, 104: 268, 105: 722, 106: 484, 107: 72, 108: 310, 109: 338, 110: 100, 111: 526, 112: 764, 113: 778, 114: 540, 115: 142, 116: 380, 117: 310, 118: 72, 119: 666, 120: 428, 121: 240, 122: 478, 123: 666, 124: 428, 125: 428, 126: 666, 127: 778, 128: 540, 129: 778, 130: 540, 131: 408, 132: 170, 133: 428, 134: 666, 135: 142, 136: 380, 137: 30, 138: 268, 139: 72, 140: 310, 141: 428, 142: 666, 143: 666, 144: 428, 145: 764, 146: 526, 147: 100, 148: 338, 149: 428, 150: 666, 151: 722, 152: 484, 153: 72, 154: 310, 155: 380, 156: 142, 157: 526, 158: 764, 159: 484, 160: 722, 161: 778, 162: 540, 163: 428, 164: 666, 165: 142, 166: 380, 167: 72, 168: 310, 169: 484, 170: 722, 171: 380, 172: 142, 173: 338, 174: 100, 175: 778, 176: 540, 177: 16, 178: 254, 179: 478, 180: 240, 181: 142, 182: 380, 183: 72, 184: 310, 185: 428, 186: 666, 187: 142, 188: 380, 189: 484, 190: 722, 191: 694, 192: 456, 193: 428, 194: 666, 195: 30, 196: 268, 197: 484, 198: 722, 199: 526, 200: 764}
Correct solution!
Number of lables used:  24
Time taken: 0.26 seconds
Memory used: 37.68 MB
--------------------------------------------------

Trying with at most 23 labels...
Solution:
{1: 100, 2: 338, 3: 30, 4: 268, 5: 72, 6: 310, 7: 254, 8: 16, 9: 16, 10: 254, 11: 240, 12: 478, 13: 268, 14: 30, 15: 16, 16: 254, 17: 142, 18: 380, 19: 268, 20: 30, 21: 526, 22: 764, 23: 666, 24: 428, 25: 428, 26: 666, 27: 666, 28: 428, 29: 310, 30: 72, 31: 540, 32: 778, 33: 268, 34: 30, 35: 100, 36: 338, 37: 338, 38: 100, 39: 268, 40: 30, 41: 72, 42: 310, 43: 540, 44: 778, 45: 456, 46: 694, 47: 268, 48: 30, 49: 254, 50: 16, 51: 142, 52: 380, 53: 380, 54: 142, 55: 100, 56: 338, 57: 526, 58: 764, 59: 72, 60: 310, 61: 268, 62: 30, 63: 456, 64: 694, 65: 30, 66: 268, 67: 456, 68: 694, 69: 72, 70: 310, 71: 100, 72: 338, 73: 142, 74: 380, 75: 338, 76: 100, 77: 72, 78: 310, 79: 100, 80: 338, 81: 526, 82: 764, 83: 142, 84: 380, 85: 380, 86: 142, 87: 694, 88: 456, 89: 428, 90: 666, 91: 778, 92: 540, 93: 30, 94: 268, 95: 694, 96: 456, 97: 478, 98: 240, 99: 170, 100: 408, 101: 694, 102: 456, 103: 30, 104: 268, 105: 142, 106: 380, 107: 72, 108: 310, 109: 338, 110: 100, 111: 526, 112: 764, 113: 778, 114: 540, 115: 142, 116: 380, 117: 310, 118: 72, 119: 666, 120: 428, 121: 240, 122: 478, 123: 666, 124: 428, 125: 428, 126: 666, 127: 778, 128: 540, 129: 778, 130: 540, 131: 408, 132: 170, 133: 428, 134: 666, 135: 100, 136: 338, 137: 30, 138: 268, 139: 72, 140: 310, 141: 428, 142: 666, 143: 666, 144: 428, 145: 764, 146: 526, 147: 100, 148: 338, 149: 428, 150: 666, 151: 16, 152: 254, 153: 72, 154: 310, 155: 380, 156: 142, 157: 526, 158: 764, 159: 778, 160: 540, 161: 778, 162: 540, 163: 428, 164: 666, 165: 142, 166: 380, 167: 72, 168: 310, 169: 666, 170: 428, 171: 380, 172: 142, 173: 338, 174: 100, 175: 778, 176: 540, 177: 16, 178: 254, 179: 478, 180: 240, 181: 142, 182: 380, 183: 72, 184: 310, 185: 428, 186: 666, 187: 142, 188: 380, 189: 694, 190: 456, 191: 142, 192: 380, 193: 428, 194: 666, 195: 526, 196: 764, 197: 310, 198: 72, 199: 526, 200: 764}
Correct solution!
Number of lables used:  22
Time taken: 0.26 seconds
Memory used: 37.68 MB
--------------------------------------------------

Trying with at most 21 labels...
Solution:
{1: 100, 2: 338, 3: 30, 4: 268, 5: 72, 6: 310, 7: 254, 8: 16, 9: 16, 10: 254, 11: 240, 12: 478, 13: 268, 14: 30, 15: 16, 16: 254, 17: 142, 18: 380, 19: 268, 20: 30, 21: 498, 22: 736, 23: 666, 24: 428, 25: 428, 26: 666, 27: 666, 28: 428, 29: 310, 30: 72, 31: 540, 32: 778, 33: 268, 34: 30, 35: 100, 36: 338, 37: 338, 38: 100, 39: 268, 40: 30, 41: 72, 42: 310, 43: 540, 44: 778, 45: 778, 46: 540, 47: 268, 48: 30, 49: 254, 50: 16, 51: 142, 52: 380, 53: 380, 54: 142, 55: 100, 56: 338, 57: 498, 58: 736, 59: 72, 60: 310, 61: 268, 62: 30, 63: 498, 64: 736, 65: 30, 66: 268, 67: 498, 68: 736, 69: 72, 70: 310, 71: 100, 72: 338, 73: 142, 74: 380, 75: 338, 76: 100, 77: 72, 78: 310, 79: 100, 80: 338, 81: 736, 82: 498, 83: 142, 84: 380, 85: 380, 86: 142, 87: 268, 88: 30, 89: 428, 90: 666, 91: 736, 92: 498, 93: 30, 94: 268, 95: 736, 96: 498, 97: 478, 98: 240, 99: 170, 100: 408, 101: 100, 102: 338, 103: 100, 104: 338, 105: 142, 106: 380, 107: 16, 108: 254, 109: 338, 110: 100, 111: 498, 112: 736, 113: 778, 114: 540, 115: 142, 116: 380, 117: 310, 118: 72, 119: 666, 120: 428, 121: 240, 122: 478, 123: 666, 124: 428, 125: 428, 126: 666, 127: 778, 128: 540, 129: 778, 130: 540, 131: 408, 132: 170, 133: 428, 134: 666, 135: 100, 136: 338, 137: 30, 138: 268, 139: 72, 140: 310, 141: 428, 142: 666, 143: 666, 144: 428, 145: 778, 146: 540, 147: 100, 148: 338, 149: 428, 150: 666, 151: 16, 152: 254, 153: 72, 154: 310, 155: 380, 156: 142, 157: 498, 158: 736, 159: 778, 160: 540, 161: 778, 162: 540, 163: 428, 164: 666, 165: 142, 166: 380, 167: 72, 168: 310, 169: 666, 170: 428, 171: 380, 172: 142, 173: 338, 174: 100, 175: 778, 176: 540, 177: 16, 178: 254, 179: 478, 180: 240, 181: 142, 182: 380, 183: 72, 184: 310, 185: 428, 186: 666, 187: 142, 188: 380, 189: 666, 190: 428, 191: 142, 192: 380, 193: 428, 194: 666, 195: 498, 196: 736, 197: 310, 198: 72, 199: 498, 200: 736}
Correct solution!
Number of lables used:  20
Time taken: 0.27 seconds
Memory used: 37.68 MB
--------------------------------------------------

Trying with at most 19 labels...
Solution:
{1: 142, 2: 380, 3: 30, 4: 268, 5: 16, 6: 254, 7: 736, 8: 498, 9: 16, 10: 254, 11: 142, 12: 380, 13: 254, 14: 16, 15: 16, 16: 254, 17: 478, 18: 240, 19: 268, 20: 30, 21: 498, 22: 736, 23: 666, 24: 428, 25: 428, 26: 666, 27: 666, 28: 428, 29: 310, 30: 72, 31: 540, 32: 778, 33: 736, 34: 498, 35: 268, 36: 30, 37: 268, 38: 30, 39: 736, 40: 498, 41: 72, 42: 310, 43: 540, 44: 778, 45: 778, 46: 540, 47: 268, 48: 30, 49: 380, 50: 142, 51: 30, 52: 268, 53: 380, 54: 142, 55: 428, 56: 666, 57: 498, 58: 736, 59: 380, 60: 142, 61: 310, 62: 72, 63: 498, 64: 736, 65: 540, 66: 778, 67: 498, 68: 736, 69: 72, 70: 310, 71: 72, 72: 310, 73: 142, 74: 380, 75: 310, 76: 72, 77: 72, 78: 310, 79: 72, 80: 310, 81: 736, 82: 498, 83: 16, 84: 254, 85: 380, 86: 142, 87: 142, 88: 380, 89: 428, 90: 666, 91: 666, 92: 428, 93: 30, 94: 268, 95: 380, 96: 142, 97: 478, 98: 240, 99: 142, 100: 380, 101: 268, 102: 30, 103: 310, 104: 72, 105: 268, 106: 30, 107: 16, 108: 254, 109: 268, 110: 30, 111: 498, 112: 736, 113: 778, 114: 540, 115: 142, 116: 380, 117: 268, 118: 30, 119: 736, 120: 498, 121: 240, 122: 478, 123: 142, 124: 380, 125: 428, 126: 666, 127: 778, 128: 540, 129: 778, 130: 540, 131: 380, 132: 142, 133: 428, 134: 666, 135: 16, 136: 254, 137: 30, 138: 268, 139: 72, 140: 310, 141: 428, 142: 666, 143: 666, 144: 428, 145: 778, 146: 540, 147: 666, 148: 428, 149: 428, 150: 666, 151: 16, 152: 254, 153: 72, 154: 310, 155: 380, 156: 142, 157: 498, 158: 736, 159: 778, 160: 540, 161: 778, 162: 540, 163: 428, 164: 666, 165: 380, 166: 142, 167: 310, 168: 72, 169: 666, 170: 428, 171: 16, 172: 254, 173: 268, 174: 30, 175: 778, 176: 540, 177: 16, 178: 254, 179: 478, 180: 240, 181: 142, 182: 380, 183: 72, 184: 310, 185: 428, 186: 666, 187: 142, 188: 380, 189: 778, 190: 540, 191: 142, 192: 380, 193: 428, 194: 666, 195: 498, 196: 736, 197: 310, 198: 72, 199: 498, 200: 736}
Correct solution!
Number of lables used:  16
Time taken: 0.28 seconds
Memory used: 37.68 MB
--------------------------------------------------

Trying with at most 15 labels...
Solution:
{1: 282, 2: 44, 3: 380, 4: 142, 5: 282, 6: 44, 7: 16, 8: 254, 9: 708, 10: 470, 11: 478, 12: 240, 13: 254, 14: 16, 15: 142, 16: 380, 17: 380, 18: 142, 19: 380, 20: 142, 21: 72, 22: 310, 23: 470, 24: 708, 25: 778, 26: 540, 27: 778, 28: 540, 29: 310, 30: 72, 31: 540, 32: 778, 33: 310, 34: 72, 35: 310, 36: 72, 37: 708, 38: 470, 39: 708, 40: 470, 41: 72, 42: 310, 43: 44, 44: 282, 45: 380, 46: 142, 47: 778, 48: 540, 49: 708, 50: 470, 51: 142, 52: 380, 53: 708, 54: 470, 55: 708, 56: 470, 57: 380, 58: 142, 59: 44, 60: 282, 61: 254, 62: 16, 63: 540, 64: 778, 65: 16, 66: 254, 67: 778, 68: 540, 69: 470, 70: 708, 71: 72, 72: 310, 73: 470, 74: 708, 75: 380, 76: 142, 77: 254, 78: 16, 79: 708, 80: 470, 81: 16, 82: 254, 83: 254, 84: 16, 85: 310, 86: 72, 87: 778, 88: 540, 89: 540, 90: 778, 91: 72, 92: 310, 93: 254, 94: 16, 95: 44, 96: 282, 97: 380, 98: 142, 99: 478, 100: 240, 101: 708, 102: 470, 103: 72, 104: 310, 105: 16, 106: 254, 107: 254, 108: 16, 109: 282, 110: 44, 111: 282, 112: 44, 113: 142, 114: 380, 115: 16, 116: 254, 117: 470, 118: 708, 119: 310, 120: 72, 121: 380, 122: 142, 123: 778, 124: 540, 125: 540, 126: 778, 127: 778, 128: 540, 129: 310, 130: 72, 131: 380, 132: 142, 133: 380, 134: 142, 135: 72, 136: 310, 137: 470, 138: 708, 139: 72, 140: 310, 141: 44, 142: 282, 143: 72, 144: 310, 145: 778, 146: 540, 147: 282, 148: 44, 149: 380, 150: 142, 151: 380, 152: 142, 153: 142, 154: 380, 155: 540, 156: 778, 157: 708, 158: 470, 159: 254, 160: 16, 161: 310, 162: 72, 163: 470, 164: 708, 165: 254, 166: 16, 167: 142, 168: 380, 169: 44, 170: 282, 171: 708, 172: 470, 173: 282, 174: 44, 175: 778, 176: 540, 177: 16, 178: 254, 179: 142, 180: 380, 181: 72, 182: 310, 183: 72, 184: 310, 185: 380, 186: 142, 187: 254, 188: 16, 189: 778, 190: 540, 191: 708, 192: 470, 193: 142, 194: 380, 195: 470, 196: 708, 197: 310, 198: 72, 199: 282, 200: 44}
Correct solution!
Number of lables used:  14
Time taken: 0.70 seconds
Memory used: 42.62 MB
--------------------------------------------------

Trying with at most 13 labels...
Cannot find solution.
No more solutions found.
Optimal number of labels used:  14
Time taken: 1.84 seconds
[runlim] end:			Thu Jan 15 14:12:20 2026
[runlim] status:		ok
[runlim] result:		0
[runlim] children:		0
[runlim] real:			2.04 seconds
[runlim] time:			1.79 seconds
[runlim] space:			57.8 MB
[runlim] samples:		18
