[runlim] version:		1.10
[runlim] time limit:		311040000 seconds
[runlim] real time limit:	900 seconds
[runlim] space limit:		8000 MB
[runlim] argv[0]:		python3
[runlim] argv[1]:		-u
[runlim] argv[2]:		main.py
[runlim] argv[3]:		graph08
[runlim] argv[4]:		tot
[runlim] argv[5]:		incremental
[runlim] argv[6]:		glucose4
[runlim] start:			Thu Jan 15 03:17:38 2026
[runlim] main pid:		123687
Solve first problem:
Solution:
{1: 324, 2: 86, 3: 652, 4: 414, 5: 324, 6: 86, 7: 352, 8: 114, 9: 366, 10: 128, 11: 380, 12: 142, 13: 380, 14: 142, 15: 652, 16: 414, 17: 652, 18: 414, 19: 352, 20: 114, 21: 380, 22: 142, 23: 380, 24: 142, 25: 114, 26: 352, 27: 30, 28: 268, 29: 310, 30: 72, 31: 652, 32: 414, 33: 254, 34: 16, 35: 142, 36: 380, 37: 478, 38: 240, 39: 652, 40: 414, 41: 792, 42: 554, 43: 352, 44: 114, 45: 310, 46: 72, 47: 296, 48: 58, 49: 86, 50: 324, 51: 408, 52: 170, 53: 30, 54: 268, 55: 338, 56: 100, 57: 652, 58: 414, 59: 366, 60: 128, 61: 352, 62: 114, 63: 394, 64: 156, 65: 114, 66: 352, 67: 352, 68: 114, 69: 254, 70: 16, 71: 352, 72: 114, 73: 652, 74: 414, 75: 338, 76: 100, 77: 254, 78: 16, 79: 694, 80: 456, 81: 324, 82: 86, 83: 324, 84: 86, 85: 282, 86: 44, 87: 142, 88: 380, 89: 338, 90: 100, 91: 380, 92: 142, 93: 58, 94: 296, 95: 268, 96: 30, 97: 86, 98: 324, 99: 268, 100: 30, 101: 296, 102: 58, 103: 86, 104: 324, 105: 296, 106: 58, 107: 254, 108: 16, 109: 750, 110: 512, 111: 282, 112: 44, 113: 254, 114: 16, 115: 254, 116: 16, 117: 380, 118: 142, 119: 254, 120: 16, 121: 666, 122: 428, 123: 296, 124: 58, 125: 380, 126: 142, 127: 338, 128: 100, 129: 142, 130: 380, 131: 282, 132: 44, 133: 380, 134: 142, 135: 296, 136: 58, 137: 478, 138: 240, 139: 296, 140: 58, 141: 100, 142: 338, 143: 58, 144: 296, 145: 394, 146: 156, 147: 72, 148: 310, 149: 764, 150: 526, 151: 324, 152: 86, 153: 16, 154: 254, 155: 708, 156: 470, 157: 282, 158: 44, 159: 722, 160: 484, 161: 310, 162: 72, 163: 296, 164: 58, 165: 338, 166: 100, 167: 512, 168: 750, 169: 114, 170: 352, 171: 156, 172: 394, 173: 114, 174: 352, 175: 352, 176: 114, 177: 58, 178: 296, 179: 680, 180: 442, 181: 282, 182: 44, 183: 254, 184: 16, 185: 652, 186: 414, 187: 268, 188: 30, 189: 254, 190: 16, 191: 128, 192: 366, 193: 792, 194: 554, 195: 778, 196: 540, 197: 254, 198: 16, 199: 324, 200: 86, 201: 296, 202: 58, 203: 324, 204: 86, 205: 296, 206: 58, 207: 764, 208: 526, 209: 254, 210: 16, 211: 666, 212: 428, 213: 764, 214: 526, 215: 778, 216: 540, 217: 142, 218: 380, 219: 736, 220: 498, 221: 352, 222: 114, 223: 310, 224: 72, 225: 394, 226: 156, 227: 86, 228: 324, 229: 310, 230: 72, 231: 338, 232: 100, 233: 722, 234: 484, 235: 366, 236: 128, 237: 680, 238: 442, 239: 324, 240: 86, 241: 268, 242: 30, 243: 254, 244: 16, 245: 708, 246: 470, 247: 156, 248: 394, 249: 310, 250: 72, 251: 254, 252: 16, 253: 478, 254: 240, 255: 352, 256: 114, 257: 296, 258: 58, 259: 680, 260: 442, 261: 366, 262: 128, 263: 394, 264: 156, 265: 268, 266: 30, 267: 352, 268: 114, 269: 338, 270: 100, 271: 324, 272: 86, 273: 296, 274: 58, 275: 394, 276: 156, 277: 268, 278: 30, 279: 666, 280: 428, 281: 380, 282: 142, 283: 268, 284: 30, 285: 114, 286: 352, 287: 338, 288: 100, 289: 366, 290: 128, 291: 394, 292: 156, 293: 338, 294: 100, 295: 764, 296: 526, 297: 156, 298: 394, 299: 324, 300: 86, 301: 352, 302: 114, 303: 680, 304: 442, 305: 324, 306: 86, 307: 254, 308: 16, 309: 30, 310: 268, 311: 366, 312: 128, 313: 380, 314: 142, 315: 666, 316: 428, 317: 254, 318: 16, 319: 380, 320: 142, 321: 142, 322: 380, 323: 268, 324: 30, 325: 366, 326: 128, 327: 310, 328: 72, 329: 324, 330: 86, 331: 380, 332: 142, 333: 778, 334: 540, 335: 58, 336: 296, 337: 170, 338: 408, 339: 268, 340: 30, 341: 380, 342: 142, 343: 380, 344: 142, 345: 324, 346: 86, 347: 268, 348: 30, 349: 764, 350: 526, 351: 254, 352: 16, 353: 310, 354: 72, 355: 296, 356: 58, 357: 324, 358: 86, 359: 380, 360: 142, 361: 30, 362: 268, 363: 310, 364: 72, 365: 254, 366: 16, 367: 254, 368: 16, 369: 296, 370: 58, 371: 380, 372: 142, 373: 408, 374: 170, 375: 254, 376: 16, 377: 666, 378: 428, 379: 268, 380: 30, 381: 128, 382: 366, 383: 254, 384: 16, 385: 380, 386: 142, 387: 708, 388: 470, 389: 680, 390: 442, 391: 296, 392: 58, 393: 680, 394: 442, 395: 324, 396: 86, 397: 296, 398: 58, 399: 296, 400: 58, 401: 708, 402: 470, 403: 268, 404: 30, 405: 254, 406: 16, 407: 296, 408: 58, 409: 296, 410: 58, 411: 268, 412: 30, 413: 652, 414: 414, 415: 366, 416: 128, 417: 366, 418: 128, 419: 296, 420: 58, 421: 380, 422: 142, 423: 750, 424: 512, 425: 268, 426: 30, 427: 310, 428: 72, 429: 324, 430: 86, 431: 254, 432: 16, 433: 114, 434: 352, 435: 338, 436: 100, 437: 310, 438: 72, 439: 708, 440: 470, 441: 268, 442: 30, 443: 254, 444: 16, 445: 156, 446: 394, 447: 764, 448: 526, 449: 310, 450: 72, 451: 324, 452: 86, 453: 310, 454: 72, 455: 268, 456: 30, 457: 268, 458: 30, 459: 324, 460: 86, 461: 268, 462: 30, 463: 296, 464: 58, 465: 282, 466: 44, 467: 310, 468: 72, 469: 268, 470: 30, 471: 268, 472: 30, 473: 478, 474: 240, 475: 268, 476: 30, 477: 380, 478: 142, 479: 254, 480: 16, 481: 708, 482: 470, 483: 666, 484: 428, 485: 296, 486: 58, 487: 338, 488: 100, 489: 352, 490: 114, 491: 310, 492: 72, 493: 296, 494: 58, 495: 254, 496: 16, 497: 666, 498: 428, 499: 324, 500: 86, 501: 736, 502: 498, 503: 282, 504: 44, 505: 142, 506: 380, 507: 310, 508: 72, 509: 282, 510: 44, 511: 708, 512: 470, 513: 296, 514: 58, 515: 254, 516: 16, 517: 394, 518: 156, 519: 296, 520: 58, 521: 366, 522: 128, 523: 254, 524: 16, 525: 254, 526: 16, 527: 666, 528: 428, 529: 352, 530: 114, 531: 282, 532: 44, 533: 408, 534: 170, 535: 268, 536: 30, 537: 86, 538: 324, 539: 254, 540: 16, 541: 268, 542: 30, 543: 394, 544: 156, 545: 366, 546: 128, 547: 254, 548: 16, 549: 268, 550: 30, 551: 268, 552: 30, 553: 324, 554: 86, 555: 324, 556: 86, 557: 254, 558: 16, 559: 268, 560: 30, 561: 254, 562: 16, 563: 366, 564: 128, 565: 694, 566: 456, 567: 282, 568: 44, 569: 268, 570: 30, 571: 268, 572: 30, 573: 324, 574: 86, 575: 296, 576: 58, 577: 338, 578: 100, 579: 282, 580: 44, 581: 324, 582: 86, 583: 254, 584: 16, 585: 254, 586: 16, 587: 380, 588: 142, 589: 366, 590: 128, 591: 380, 592: 142, 593: 268, 594: 30, 595: 254, 596: 16, 597: 310, 598: 72, 599: 338, 600: 100, 601: 352, 602: 114, 603: 268, 604: 30, 605: 310, 606: 72, 607: 254, 608: 16, 609: 268, 610: 30, 611: 254, 612: 16, 613: 268, 614: 30, 615: 380, 616: 142, 617: 408, 618: 170, 619: 666, 620: 428, 621: 366, 622: 128, 623: 254, 624: 16, 625: 380, 626: 142, 627: 324, 628: 86, 629: 296, 630: 58, 631: 338, 632: 100, 633: 268, 634: 30, 635: 296, 636: 58, 637: 282, 638: 44, 639: 338, 640: 100, 641: 282, 642: 44, 643: 254, 644: 16, 645: 338, 646: 100, 647: 254, 648: 16, 649: 254, 650: 16, 651: 268, 652: 30, 653: 282, 654: 44, 655: 268, 656: 30, 657: 282, 658: 44, 659: 324, 660: 86, 661: 310, 662: 72, 663: 268, 664: 30, 665: 254, 666: 16, 667: 282, 668: 44, 669: 268, 670: 30, 671: 254, 672: 16, 673: 268, 674: 30, 675: 254, 676: 16, 677: 296, 678: 58, 679: 254, 680: 16}
Correct solution!
Number of lables used:  48
Time taken: 0.59 seconds
Memory used: 53.73 MB
--------------------------------------------------

Trying with at most 47 labels...
Solution:
{1: 338, 2: 100, 3: 652, 4: 414, 5: 254, 6: 16, 7: 338, 8: 100, 9: 100, 10: 338, 11: 170, 12: 408, 13: 408, 14: 170, 15: 652, 16: 414, 17: 540, 18: 778, 19: 792, 20: 554, 21: 414, 22: 652, 23: 254, 24: 16, 25: 100, 26: 338, 27: 16, 28: 254, 29: 652, 30: 414, 31: 708, 32: 470, 33: 254, 34: 16, 35: 296, 36: 58, 37: 478, 38: 240, 39: 652, 40: 414, 41: 708, 42: 470, 43: 338, 44: 100, 45: 100, 46: 338, 47: 296, 48: 58, 49: 16, 50: 254, 51: 408, 52: 170, 53: 16, 54: 254, 55: 338, 56: 100, 57: 736, 58: 498, 59: 338, 60: 100, 61: 254, 62: 16, 63: 338, 64: 100, 65: 652, 66: 414, 67: 296, 68: 58, 69: 100, 70: 338, 71: 470, 72: 708, 73: 736, 74: 498, 75: 652, 76: 414, 77: 296, 78: 58, 79: 554, 80: 792, 81: 792, 82: 554, 83: 338, 84: 100, 85: 338, 86: 100, 87: 708, 88: 470, 89: 652, 90: 414, 91: 708, 92: 470, 93: 540, 94: 778, 95: 58, 96: 296, 97: 296, 98: 58, 99: 652, 100: 414, 101: 296, 102: 58, 103: 652, 104: 414, 105: 338, 106: 100, 107: 254, 108: 16, 109: 296, 110: 58, 111: 708, 112: 470, 113: 254, 114: 16, 115: 254, 116: 16, 117: 408, 118: 170, 119: 254, 120: 16, 121: 708, 122: 470, 123: 58, 124: 296, 125: 414, 126: 652, 127: 296, 128: 58, 129: 170, 130: 408, 131: 652, 132: 414, 133: 254, 134: 16, 135: 296, 136: 58, 137: 240, 138: 478, 139: 708, 140: 470, 141: 254, 142: 16, 143: 58, 144: 296, 145: 736, 146: 498, 147: 708, 148: 470, 149: 708, 150: 470, 151: 652, 152: 414, 153: 736, 154: 498, 155: 554, 156: 792, 157: 778, 158: 540, 159: 58, 160: 296, 161: 708, 162: 470, 163: 296, 164: 58, 165: 652, 166: 414, 167: 792, 168: 554, 169: 338, 170: 100, 171: 100, 172: 338, 173: 484, 174: 722, 175: 708, 176: 470, 177: 708, 178: 470, 179: 652, 180: 414, 181: 296, 182: 58, 183: 16, 184: 254, 185: 498, 186: 736, 187: 722, 188: 484, 189: 652, 190: 414, 191: 722, 192: 484, 193: 540, 194: 778, 195: 254, 196: 16, 197: 414, 198: 652, 199: 512, 200: 750, 201: 792, 202: 554, 203: 708, 204: 470, 205: 792, 206: 554, 207: 498, 208: 736, 209: 254, 210: 16, 211: 498, 212: 736, 213: 296, 214: 58, 215: 484, 216: 722, 217: 296, 218: 58, 219: 470, 220: 708, 221: 652, 222: 414, 223: 652, 224: 414, 225: 708, 226: 470, 227: 778, 228: 540, 229: 708, 230: 470, 231: 652, 232: 414, 233: 750, 234: 512, 235: 750, 236: 512, 237: 722, 238: 484, 239: 652, 240: 414, 241: 58, 242: 296, 243: 254, 244: 16, 245: 540, 246: 778, 247: 652, 248: 414, 249: 58, 250: 296, 251: 254, 252: 16, 253: 478, 254: 240, 255: 708, 256: 470, 257: 652, 258: 414, 259: 498, 260: 736, 261: 338, 262: 100, 263: 750, 264: 512, 265: 708, 266: 470, 267: 708, 268: 470, 269: 100, 270: 338, 271: 100, 272: 338, 273: 652, 274: 414, 275: 778, 276: 540, 277: 708, 278: 470, 279: 722, 280: 484, 281: 652, 282: 414, 283: 100, 284: 338, 285: 652, 286: 414, 287: 554, 288: 792, 289: 708, 290: 470, 291: 338, 292: 100, 293: 58, 294: 296, 295: 512, 296: 750, 297: 652, 298: 414, 299: 338, 300: 100, 301: 554, 302: 792, 303: 722, 304: 484, 305: 778, 306: 540, 307: 338, 308: 100, 309: 652, 310: 414, 311: 58, 312: 296, 313: 408, 314: 170, 315: 652, 316: 414, 317: 254, 318: 16, 319: 170, 320: 408, 321: 792, 322: 554, 323: 708, 324: 470, 325: 708, 326: 470, 327: 722, 328: 484, 329: 338, 330: 100, 331: 478, 332: 240, 333: 736, 334: 498, 335: 58, 336: 296, 337: 478, 338: 240, 339: 338, 340: 100, 341: 16, 342: 254, 343: 170, 344: 408, 345: 778, 346: 540, 347: 100, 348: 338, 349: 792, 350: 554, 351: 338, 352: 100, 353: 338, 354: 100, 355: 16, 356: 254, 357: 58, 358: 296, 359: 478, 360: 240, 361: 708, 362: 470, 363: 338, 364: 100, 365: 58, 366: 296, 367: 296, 368: 58, 369: 338, 370: 100, 371: 478, 372: 240, 373: 408, 374: 170, 375: 16, 376: 254, 377: 708, 378: 470, 379: 296, 380: 58, 381: 750, 382: 512, 383: 254, 384: 16, 385: 708, 386: 470, 387: 722, 388: 484, 389: 792, 390: 554, 391: 58, 392: 296, 393: 512, 394: 750, 395: 254, 396: 16, 397: 58, 398: 296, 399: 484, 400: 722, 401: 254, 402: 16, 403: 338, 404: 100, 405: 254, 406: 16, 407: 296, 408: 58, 409: 296, 410: 58, 411: 296, 412: 58, 413: 652, 414: 414, 415: 652, 416: 414, 417: 58, 418: 296, 419: 296, 420: 58, 421: 170, 422: 408, 423: 296, 424: 58, 425: 100, 426: 338, 427: 338, 428: 100, 429: 778, 430: 540, 431: 254, 432: 16, 433: 540, 434: 778, 435: 414, 436: 652, 437: 652, 438: 414, 439: 736, 440: 498, 441: 708, 442: 470, 443: 254, 444: 16, 445: 652, 446: 414, 447: 540, 448: 778, 449: 100, 450: 338, 451: 708, 452: 470, 453: 750, 454: 512, 455: 652, 456: 414, 457: 722, 458: 484, 459: 750, 460: 512, 461: 484, 462: 722, 463: 554, 464: 792, 465: 736, 466: 498, 467: 338, 468: 100, 469: 652, 470: 414, 471: 296, 472: 58, 473: 478, 474: 240, 475: 296, 476: 58, 477: 408, 478: 170, 479: 254, 480: 16, 481: 498, 482: 736, 483: 778, 484: 540, 485: 792, 486: 554, 487: 722, 488: 484, 489: 100, 490: 338, 491: 338, 492: 100, 493: 338, 494: 100, 495: 254, 496: 16, 497: 778, 498: 540, 499: 708, 500: 470, 501: 296, 502: 58, 503: 338, 504: 100, 505: 414, 506: 652, 507: 338, 508: 100, 509: 296, 510: 58, 511: 736, 512: 498, 513: 470, 514: 708, 515: 254, 516: 16, 517: 554, 518: 792, 519: 652, 520: 414, 521: 792, 522: 554, 523: 254, 524: 16, 525: 254, 526: 16, 527: 778, 528: 540, 529: 652, 530: 414, 531: 296, 532: 58, 533: 478, 534: 240, 535: 296, 536: 58, 537: 652, 538: 414, 539: 254, 540: 16, 541: 338, 542: 100, 543: 708, 544: 470, 545: 58, 546: 296, 547: 254, 548: 16, 549: 296, 550: 58, 551: 338, 552: 100, 553: 338, 554: 100, 555: 652, 556: 414, 557: 254, 558: 16, 559: 338, 560: 100, 561: 254, 562: 16, 563: 736, 564: 498, 565: 778, 566: 540, 567: 296, 568: 58, 569: 338, 570: 100, 571: 296, 572: 58, 573: 338, 574: 100, 575: 296, 576: 58, 577: 338, 578: 100, 579: 296, 580: 58, 581: 750, 582: 512, 583: 414, 584: 652, 585: 254, 586: 16, 587: 408, 588: 170, 589: 652, 590: 414, 591: 652, 592: 414, 593: 338, 594: 100, 595: 254, 596: 16, 597: 338, 598: 100, 599: 708, 600: 470, 601: 414, 602: 652, 603: 58, 604: 296, 605: 708, 606: 470, 607: 254, 608: 16, 609: 652, 610: 414, 611: 254, 612: 16, 613: 338, 614: 100, 615: 408, 616: 170, 617: 408, 618: 170, 619: 100, 620: 338, 621: 722, 622: 484, 623: 254, 624: 16, 625: 240, 626: 478, 627: 338, 628: 100, 629: 338, 630: 100, 631: 338, 632: 100, 633: 708, 634: 470, 635: 338, 636: 100, 637: 652, 638: 414, 639: 100, 640: 338, 641: 296, 642: 58, 643: 254, 644: 16, 645: 100, 646: 338, 647: 254, 648: 16, 649: 16, 650: 254, 651: 708, 652: 470, 653: 708, 654: 470, 655: 652, 656: 414, 657: 338, 658: 100, 659: 338, 660: 100, 661: 58, 662: 296, 663: 338, 664: 100, 665: 296, 666: 58, 667: 296, 668: 58, 669: 296, 670: 58, 671: 254, 672: 16, 673: 708, 674: 470, 675: 652, 676: 414, 677: 338, 678: 100, 679: 254, 680: 16}
Correct solution!
Number of lables used:  24
Time taken: 0.62 seconds
Memory used: 55.11 MB
--------------------------------------------------

Trying with at most 23 labels...
Solution:
{1: 86, 2: 324, 3: 324, 4: 86, 5: 268, 6: 30, 7: 380, 8: 142, 9: 30, 10: 268, 11: 478, 12: 240, 13: 478, 14: 240, 15: 380, 16: 142, 17: 30, 18: 268, 19: 764, 20: 526, 21: 498, 22: 736, 23: 296, 24: 58, 25: 268, 26: 30, 27: 268, 28: 30, 29: 736, 30: 498, 31: 792, 32: 554, 33: 268, 34: 30, 35: 380, 36: 142, 37: 142, 38: 380, 39: 30, 40: 268, 41: 764, 42: 526, 43: 296, 44: 58, 45: 554, 46: 792, 47: 86, 48: 324, 49: 156, 50: 394, 51: 142, 52: 380, 53: 268, 54: 30, 55: 324, 56: 86, 57: 736, 58: 498, 59: 366, 60: 128, 61: 296, 62: 58, 63: 324, 64: 86, 65: 324, 66: 86, 67: 764, 68: 526, 69: 100, 70: 338, 71: 100, 72: 338, 73: 736, 74: 498, 75: 366, 76: 128, 77: 324, 78: 86, 79: 554, 80: 792, 81: 142, 82: 380, 83: 736, 84: 498, 85: 268, 86: 30, 87: 498, 88: 736, 89: 86, 90: 324, 91: 394, 92: 156, 93: 100, 94: 338, 95: 142, 96: 380, 97: 380, 98: 142, 99: 338, 100: 100, 101: 736, 102: 498, 103: 792, 104: 554, 105: 324, 106: 86, 107: 142, 108: 380, 109: 268, 110: 30, 111: 736, 112: 498, 113: 736, 114: 498, 115: 736, 116: 498, 117: 142, 118: 380, 119: 268, 120: 30, 121: 736, 122: 498, 123: 30, 124: 268, 125: 736, 126: 498, 127: 338, 128: 100, 129: 380, 130: 142, 131: 792, 132: 554, 133: 296, 134: 58, 135: 366, 136: 128, 137: 142, 138: 380, 139: 736, 140: 498, 141: 128, 142: 366, 143: 30, 144: 268, 145: 736, 146: 498, 147: 736, 148: 498, 149: 792, 150: 554, 151: 526, 152: 764, 153: 554, 154: 792, 155: 338, 156: 100, 157: 792, 158: 554, 159: 296, 160: 58, 161: 736, 162: 498, 163: 296, 164: 58, 165: 156, 166: 394, 167: 792, 168: 554, 169: 128, 170: 366, 171: 296, 172: 58, 173: 736, 174: 498, 175: 324, 176: 86, 177: 736, 178: 498, 179: 380, 180: 142, 181: 296, 182: 58, 183: 100, 184: 338, 185: 86, 186: 324, 187: 736, 188: 498, 189: 366, 190: 128, 191: 736, 192: 498, 193: 268, 194: 30, 195: 554, 196: 792, 197: 100, 198: 338, 199: 554, 200: 792, 201: 792, 202: 554, 203: 736, 204: 498, 205: 736, 206: 498, 207: 30, 208: 268, 209: 736, 210: 498, 211: 296, 212: 58, 213: 86, 214: 324, 215: 498, 216: 736, 217: 128, 218: 366, 219: 128, 220: 366, 221: 338, 222: 100, 223: 554, 224: 792, 225: 764, 226: 526, 227: 142, 228: 380, 229: 338, 230: 100, 231: 736, 232: 498, 233: 86, 234: 324, 235: 736, 236: 498, 237: 380, 238: 142, 239: 554, 240: 792, 241: 86, 242: 324, 243: 498, 244: 736, 245: 366, 246: 128, 247: 142, 248: 380, 249: 792, 250: 554, 251: 100, 252: 338, 253: 142, 254: 380, 255: 764, 256: 526, 257: 736, 258: 498, 259: 86, 260: 324, 261: 324, 262: 86, 263: 792, 264: 554, 265: 526, 266: 764, 267: 736, 268: 498, 269: 366, 270: 128, 271: 100, 272: 338, 273: 526, 274: 764, 275: 764, 276: 526, 277: 764, 278: 526, 279: 554, 280: 792, 281: 554, 282: 792, 283: 736, 284: 498, 285: 324, 286: 86, 287: 338, 288: 100, 289: 380, 290: 142, 291: 366, 292: 128, 293: 58, 294: 296, 295: 736, 296: 498, 297: 128, 298: 366, 299: 380, 300: 142, 301: 764, 302: 526, 303: 526, 304: 764, 305: 268, 306: 30, 307: 338, 308: 100, 309: 554, 310: 792, 311: 58, 312: 296, 313: 380, 314: 142, 315: 268, 316: 30, 317: 30, 318: 268, 319: 240, 320: 478, 321: 86, 322: 324, 323: 792, 324: 554, 325: 736, 326: 498, 327: 736, 328: 498, 329: 338, 330: 100, 331: 380, 332: 142, 333: 554, 334: 792, 335: 58, 336: 296, 337: 478, 338: 240, 339: 296, 340: 58, 341: 338, 342: 100, 343: 240, 344: 478, 345: 366, 346: 128, 347: 736, 348: 498, 349: 526, 350: 764, 351: 338, 352: 100, 353: 380, 354: 142, 355: 394, 356: 156, 357: 324, 358: 86, 359: 478, 360: 240, 361: 736, 362: 498, 363: 338, 364: 100, 365: 296, 366: 58, 367: 338, 368: 100, 369: 526, 370: 764, 371: 478, 372: 240, 373: 478, 374: 240, 375: 30, 376: 268, 377: 366, 378: 128, 379: 268, 380: 30, 381: 736, 382: 498, 383: 338, 384: 100, 385: 792, 386: 554, 387: 792, 388: 554, 389: 736, 390: 498, 391: 296, 392: 58, 393: 764, 394: 526, 395: 268, 396: 30, 397: 128, 398: 366, 399: 498, 400: 736, 401: 58, 402: 296, 403: 736, 404: 498, 405: 736, 406: 498, 407: 736, 408: 498, 409: 394, 410: 156, 411: 338, 412: 100, 413: 498, 414: 736, 415: 296, 416: 58, 417: 128, 418: 366, 419: 296, 420: 58, 421: 478, 422: 240, 423: 156, 424: 394, 425: 736, 426: 498, 427: 338, 428: 100, 429: 554, 430: 792, 431: 296, 432: 58, 433: 764, 434: 526, 435: 736, 436: 498, 437: 554, 438: 792, 439: 764, 440: 526, 441: 736, 442: 498, 443: 380, 444: 142, 445: 792, 446: 554, 447: 156, 448: 394, 449: 128, 450: 366, 451: 792, 452: 554, 453: 792, 454: 554, 455: 736, 456: 498, 457: 764, 458: 526, 459: 736, 460: 498, 461: 736, 462: 498, 463: 764, 464: 526, 465: 554, 466: 792, 467: 324, 468: 86, 469: 736, 470: 498, 471: 86, 472: 324, 473: 478, 474: 240, 475: 86, 476: 324, 477: 478, 478: 240, 479: 58, 480: 296, 481: 100, 482: 338, 483: 554, 484: 792, 485: 156, 486: 394, 487: 736, 488: 498, 489: 86, 490: 324, 491: 498, 492: 736, 493: 338, 494: 100, 495: 296, 496: 58, 497: 142, 498: 380, 499: 792, 500: 554, 501: 394, 502: 156, 503: 142, 504: 380, 505: 792, 506: 554, 507: 736, 508: 498, 509: 58, 510: 296, 511: 736, 512: 498, 513: 498, 514: 736, 515: 296, 516: 58, 517: 86, 518: 324, 519: 554, 520: 792, 521: 30, 522: 268, 523: 394, 524: 156, 525: 296, 526: 58, 527: 792, 528: 554, 529: 128, 530: 366, 531: 736, 532: 498, 533: 478, 534: 240, 535: 366, 536: 128, 537: 30, 538: 268, 539: 380, 540: 142, 541: 526, 542: 764, 543: 338, 544: 100, 545: 296, 546: 58, 547: 268, 548: 30, 549: 268, 550: 30, 551: 380, 552: 142, 553: 366, 554: 128, 555: 142, 556: 380, 557: 296, 558: 58, 559: 128, 560: 366, 561: 296, 562: 58, 563: 380, 564: 142, 565: 498, 566: 736, 567: 324, 568: 86, 569: 526, 570: 764, 571: 30, 572: 268, 573: 366, 574: 128, 575: 296, 576: 58, 577: 324, 578: 86, 579: 296, 580: 58, 581: 86, 582: 324, 583: 100, 584: 338, 585: 296, 586: 58, 587: 240, 588: 478, 589: 366, 590: 128, 591: 366, 592: 128, 593: 86, 594: 324, 595: 296, 596: 58, 597: 324, 598: 86, 599: 324, 600: 86, 601: 338, 602: 100, 603: 58, 604: 296, 605: 324, 606: 86, 607: 142, 608: 380, 609: 736, 610: 498, 611: 498, 612: 736, 613: 498, 614: 736, 615: 380, 616: 142, 617: 380, 618: 142, 619: 526, 620: 764, 621: 736, 622: 498, 623: 156, 624: 394, 625: 240, 626: 478, 627: 296, 628: 58, 629: 296, 630: 58, 631: 394, 632: 156, 633: 498, 634: 736, 635: 764, 636: 526, 637: 30, 638: 268, 639: 324, 640: 86, 641: 792, 642: 554, 643: 380, 644: 142, 645: 736, 646: 498, 647: 736, 648: 498, 649: 380, 650: 142, 651: 128, 652: 366, 653: 792, 654: 554, 655: 142, 656: 380, 657: 296, 658: 58, 659: 792, 660: 554, 661: 86, 662: 324, 663: 764, 664: 526, 665: 338, 666: 100, 667: 338, 668: 100, 669: 296, 670: 58, 671: 324, 672: 86, 673: 366, 674: 128, 675: 380, 676: 142, 677: 296, 678: 58, 679: 338, 680: 100}
Correct solution!
Number of lables used:  22
Time taken: 0.68 seconds
Memory used: 55.73 MB
--------------------------------------------------

Trying with at most 21 labels...
Solution:
{1: 86, 2: 324, 3: 324, 4: 86, 5: 268, 6: 30, 7: 380, 8: 142, 9: 30, 10: 268, 11: 478, 12: 240, 13: 478, 14: 240, 15: 380, 16: 142, 17: 30, 18: 268, 19: 764, 20: 526, 21: 498, 22: 736, 23: 296, 24: 58, 25: 268, 26: 30, 27: 268, 28: 30, 29: 736, 30: 498, 31: 792, 32: 554, 33: 268, 34: 30, 35: 380, 36: 142, 37: 142, 38: 380, 39: 30, 40: 268, 41: 764, 42: 526, 43: 296, 44: 58, 45: 554, 46: 792, 47: 86, 48: 324, 49: 156, 50: 394, 51: 142, 52: 380, 53: 268, 54: 30, 55: 324, 56: 86, 57: 736, 58: 498, 59: 58, 60: 296, 61: 296, 62: 58, 63: 142, 64: 380, 65: 324, 66: 86, 67: 792, 68: 554, 69: 100, 70: 338, 71: 100, 72: 338, 73: 736, 74: 498, 75: 394, 76: 156, 77: 324, 78: 86, 79: 554, 80: 792, 81: 142, 82: 380, 83: 736, 84: 498, 85: 268, 86: 30, 87: 498, 88: 736, 89: 86, 90: 324, 91: 394, 92: 156, 93: 338, 94: 100, 95: 142, 96: 380, 97: 380, 98: 142, 99: 338, 100: 100, 101: 736, 102: 498, 103: 792, 104: 554, 105: 380, 106: 142, 107: 142, 108: 380, 109: 30, 110: 268, 111: 736, 112: 498, 113: 736, 114: 498, 115: 736, 116: 498, 117: 142, 118: 380, 119: 268, 120: 30, 121: 736, 122: 498, 123: 30, 124: 268, 125: 736, 126: 498, 127: 338, 128: 100, 129: 380, 130: 142, 131: 554, 132: 792, 133: 296, 134: 58, 135: 296, 136: 58, 137: 380, 138: 142, 139: 736, 140: 498, 141: 380, 142: 142, 143: 30, 144: 268, 145: 736, 146: 498, 147: 736, 148: 498, 149: 30, 150: 268, 151: 526, 152: 764, 153: 554, 154: 792, 155: 338, 156: 100, 157: 792, 158: 554, 159: 296, 160: 58, 161: 736, 162: 498, 163: 324, 164: 86, 165: 156, 166: 394, 167: 792, 168: 554, 169: 142, 170: 380, 171: 296, 172: 58, 173: 736, 174: 498, 175: 324, 176: 86, 177: 736, 178: 498, 179: 380, 180: 142, 181: 324, 182: 86, 183: 100, 184: 338, 185: 86, 186: 324, 187: 736, 188: 498, 189: 394, 190: 156, 191: 554, 192: 792, 193: 268, 194: 30, 195: 554, 196: 792, 197: 100, 198: 338, 199: 554, 200: 792, 201: 792, 202: 554, 203: 736, 204: 498, 205: 736, 206: 498, 207: 30, 208: 268, 209: 736, 210: 498, 211: 296, 212: 58, 213: 86, 214: 324, 215: 498, 216: 736, 217: 142, 218: 380, 219: 156, 220: 394, 221: 338, 222: 100, 223: 554, 224: 792, 225: 764, 226: 526, 227: 142, 228: 380, 229: 338, 230: 100, 231: 736, 232: 498, 233: 764, 234: 526, 235: 736, 236: 498, 237: 324, 238: 86, 239: 554, 240: 792, 241: 86, 242: 324, 243: 498, 244: 736, 245: 156, 246: 394, 247: 142, 248: 380, 249: 792, 250: 554, 251: 100, 252: 338, 253: 142, 254: 380, 255: 764, 256: 526, 257: 736, 258: 498, 259: 86, 260: 324, 261: 324, 262: 86, 263: 792, 264: 554, 265: 526, 266: 764, 267: 736, 268: 498, 269: 380, 270: 142, 271: 100, 272: 338, 273: 526, 274: 764, 275: 764, 276: 526, 277: 764, 278: 526, 279: 554, 280: 792, 281: 554, 282: 792, 283: 736, 284: 498, 285: 324, 286: 86, 287: 296, 288: 58, 289: 380, 290: 142, 291: 142, 292: 380, 293: 58, 294: 296, 295: 736, 296: 498, 297: 156, 298: 394, 299: 380, 300: 142, 301: 764, 302: 526, 303: 526, 304: 764, 305: 268, 306: 30, 307: 338, 308: 100, 309: 554, 310: 792, 311: 58, 312: 296, 313: 380, 314: 142, 315: 296, 316: 58, 317: 30, 318: 268, 319: 240, 320: 478, 321: 142, 322: 380, 323: 792, 324: 554, 325: 736, 326: 498, 327: 736, 328: 498, 329: 338, 330: 100, 331: 380, 332: 142, 333: 100, 334: 338, 335: 58, 336: 296, 337: 478, 338: 240, 339: 296, 340: 58, 341: 338, 342: 100, 343: 240, 344: 478, 345: 736, 346: 498, 347: 736, 348: 498, 349: 526, 350: 764, 351: 338, 352: 100, 353: 380, 354: 142, 355: 394, 356: 156, 357: 324, 358: 86, 359: 478, 360: 240, 361: 736, 362: 498, 363: 338, 364: 100, 365: 296, 366: 58, 367: 338, 368: 100, 369: 100, 370: 338, 371: 478, 372: 240, 373: 240, 374: 478, 375: 30, 376: 268, 377: 338, 378: 100, 379: 268, 380: 30, 381: 764, 382: 526, 383: 338, 384: 100, 385: 792, 386: 554, 387: 554, 388: 792, 389: 736, 390: 498, 391: 296, 392: 58, 393: 764, 394: 526, 395: 296, 396: 58, 397: 268, 398: 30, 399: 498, 400: 736, 401: 86, 402: 324, 403: 100, 404: 338, 405: 736, 406: 498, 407: 736, 408: 498, 409: 394, 410: 156, 411: 30, 412: 268, 413: 498, 414: 736, 415: 30, 416: 268, 417: 142, 418: 380, 419: 296, 420: 58, 421: 478, 422: 240, 423: 554, 424: 792, 425: 736, 426: 498, 427: 296, 428: 58, 429: 554, 430: 792, 431: 296, 432: 58, 433: 764, 434: 526, 435: 736, 436: 498, 437: 554, 438: 792, 439: 764, 440: 526, 441: 736, 442: 498, 443: 380, 444: 142, 445: 792, 446: 554, 447: 156, 448: 394, 449: 156, 450: 394, 451: 792, 452: 554, 453: 792, 454: 554, 455: 736, 456: 498, 457: 764, 458: 526, 459: 736, 460: 498, 461: 736, 462: 498, 463: 764, 464: 526, 465: 554, 466: 792, 467: 324, 468: 86, 469: 736, 470: 498, 471: 86, 472: 324, 473: 478, 474: 240, 475: 86, 476: 324, 477: 478, 478: 240, 479: 58, 480: 296, 481: 100, 482: 338, 483: 554, 484: 792, 485: 380, 486: 142, 487: 736, 488: 498, 489: 86, 490: 324, 491: 498, 492: 736, 493: 338, 494: 100, 495: 296, 496: 58, 497: 142, 498: 380, 499: 792, 500: 554, 501: 394, 502: 156, 503: 142, 504: 380, 505: 792, 506: 554, 507: 736, 508: 498, 509: 58, 510: 296, 511: 736, 512: 498, 513: 498, 514: 736, 515: 296, 516: 58, 517: 86, 518: 324, 519: 554, 520: 792, 521: 30, 522: 268, 523: 394, 524: 156, 525: 296, 526: 58, 527: 792, 528: 554, 529: 100, 530: 338, 531: 736, 532: 498, 533: 478, 534: 240, 535: 792, 536: 554, 537: 30, 538: 268, 539: 380, 540: 142, 541: 526, 542: 764, 543: 394, 544: 156, 545: 296, 546: 58, 547: 268, 548: 30, 549: 296, 550: 58, 551: 380, 552: 142, 553: 380, 554: 142, 555: 142, 556: 380, 557: 338, 558: 100, 559: 296, 560: 58, 561: 296, 562: 58, 563: 380, 564: 142, 565: 736, 566: 498, 567: 324, 568: 86, 569: 526, 570: 764, 571: 30, 572: 268, 573: 86, 574: 324, 575: 296, 576: 58, 577: 324, 578: 86, 579: 296, 580: 58, 581: 86, 582: 324, 583: 58, 584: 296, 585: 296, 586: 58, 587: 240, 588: 478, 589: 268, 590: 30, 591: 394, 592: 156, 593: 86, 594: 324, 595: 296, 596: 58, 597: 324, 598: 86, 599: 296, 600: 58, 601: 338, 602: 100, 603: 58, 604: 296, 605: 324, 606: 86, 607: 142, 608: 380, 609: 736, 610: 498, 611: 498, 612: 736, 613: 338, 614: 100, 615: 380, 616: 142, 617: 380, 618: 142, 619: 764, 620: 526, 621: 736, 622: 498, 623: 156, 624: 394, 625: 240, 626: 478, 627: 296, 628: 58, 629: 296, 630: 58, 631: 338, 632: 100, 633: 498, 634: 736, 635: 526, 636: 764, 637: 30, 638: 268, 639: 324, 640: 86, 641: 792, 642: 554, 643: 380, 644: 142, 645: 736, 646: 498, 647: 736, 648: 498, 649: 394, 650: 156, 651: 100, 652: 338, 653: 792, 654: 554, 655: 142, 656: 380, 657: 296, 658: 58, 659: 792, 660: 554, 661: 394, 662: 156, 663: 764, 664: 526, 665: 338, 666: 100, 667: 338, 668: 100, 669: 142, 670: 380, 671: 394, 672: 156, 673: 296, 674: 58, 675: 30, 676: 268, 677: 324, 678: 86, 679: 156, 680: 394}
Correct solution!
Number of lables used:  20
Time taken: 0.70 seconds
Memory used: 56.11 MB
--------------------------------------------------

Trying with at most 19 labels...
Solution:
{1: 86, 2: 324, 3: 324, 4: 86, 5: 394, 6: 156, 7: 268, 8: 30, 9: 30, 10: 268, 11: 478, 12: 240, 13: 478, 14: 240, 15: 338, 16: 100, 17: 86, 18: 324, 19: 554, 20: 792, 21: 498, 22: 736, 23: 380, 24: 142, 25: 30, 26: 268, 27: 268, 28: 30, 29: 736, 30: 498, 31: 30, 32: 268, 33: 268, 34: 30, 35: 498, 36: 736, 37: 142, 38: 380, 39: 142, 40: 380, 41: 86, 42: 324, 43: 268, 44: 30, 45: 554, 46: 792, 47: 142, 48: 380, 49: 156, 50: 394, 51: 478, 52: 240, 53: 792, 54: 554, 55: 380, 56: 142, 57: 554, 58: 792, 59: 30, 60: 268, 61: 324, 62: 86, 63: 142, 64: 380, 65: 324, 66: 86, 67: 792, 68: 554, 69: 142, 70: 380, 71: 142, 72: 380, 73: 736, 74: 498, 75: 394, 76: 156, 77: 324, 78: 86, 79: 554, 80: 792, 81: 554, 82: 792, 83: 736, 84: 498, 85: 268, 86: 30, 87: 498, 88: 736, 89: 268, 90: 30, 91: 394, 92: 156, 93: 380, 94: 142, 95: 498, 96: 736, 97: 484, 98: 722, 99: 338, 100: 100, 101: 792, 102: 554, 103: 792, 104: 554, 105: 380, 106: 142, 107: 268, 108: 30, 109: 722, 110: 484, 111: 736, 112: 498, 113: 338, 114: 100, 115: 554, 116: 792, 117: 142, 118: 380, 119: 268, 120: 30, 121: 736, 122: 498, 123: 30, 124: 268, 125: 156, 126: 394, 127: 338, 128: 100, 129: 380, 130: 142, 131: 394, 132: 156, 133: 268, 134: 30, 135: 324, 136: 86, 137: 380, 138: 142, 139: 380, 140: 142, 141: 380, 142: 142, 143: 30, 144: 268, 145: 792, 146: 554, 147: 736, 148: 498, 149: 736, 150: 498, 151: 394, 152: 156, 153: 498, 154: 736, 155: 792, 156: 554, 157: 792, 158: 554, 159: 268, 160: 30, 161: 736, 162: 498, 163: 324, 164: 86, 165: 142, 166: 380, 167: 268, 168: 30, 169: 142, 170: 380, 171: 268, 172: 30, 173: 792, 174: 554, 175: 324, 176: 86, 177: 736, 178: 498, 179: 380, 180: 142, 181: 338, 182: 100, 183: 100, 184: 338, 185: 792, 186: 554, 187: 736, 188: 498, 189: 394, 190: 156, 191: 554, 192: 792, 193: 394, 194: 156, 195: 338, 196: 100, 197: 100, 198: 338, 199: 792, 200: 554, 201: 792, 202: 554, 203: 736, 204: 498, 205: 142, 206: 380, 207: 30, 208: 268, 209: 736, 210: 498, 211: 338, 212: 100, 213: 324, 214: 86, 215: 324, 216: 86, 217: 142, 218: 380, 219: 142, 220: 380, 221: 338, 222: 100, 223: 554, 224: 792, 225: 722, 226: 484, 227: 554, 228: 792, 229: 338, 230: 100, 231: 736, 232: 498, 233: 30, 234: 268, 235: 324, 236: 86, 237: 498, 238: 736, 239: 554, 240: 792, 241: 100, 242: 338, 243: 30, 244: 268, 245: 156, 246: 394, 247: 142, 248: 380, 249: 792, 250: 554, 251: 100, 252: 338, 253: 142, 254: 380, 255: 792, 256: 554, 257: 736, 258: 498, 259: 86, 260: 324, 261: 100, 262: 338, 263: 792, 264: 554, 265: 736, 266: 498, 267: 736, 268: 498, 269: 380, 270: 142, 271: 268, 272: 30, 273: 554, 274: 792, 275: 380, 276: 142, 277: 736, 278: 498, 279: 736, 280: 498, 281: 554, 282: 792, 283: 792, 284: 554, 285: 324, 286: 86, 287: 380, 288: 142, 289: 380, 290: 142, 291: 142, 292: 380, 293: 100, 294: 338, 295: 268, 296: 30, 297: 156, 298: 394, 299: 380, 300: 142, 301: 792, 302: 554, 303: 554, 304: 792, 305: 30, 306: 268, 307: 338, 308: 100, 309: 554, 310: 792, 311: 736, 312: 498, 313: 380, 314: 142, 315: 484, 316: 722, 317: 86, 318: 324, 319: 478, 320: 240, 321: 380, 322: 142, 323: 736, 324: 498, 325: 736, 326: 498, 327: 736, 328: 498, 329: 338, 330: 100, 331: 380, 332: 142, 333: 100, 334: 338, 335: 30, 336: 268, 337: 478, 338: 240, 339: 324, 340: 86, 341: 338, 342: 100, 343: 240, 344: 478, 345: 86, 346: 324, 347: 736, 348: 498, 349: 324, 350: 86, 351: 338, 352: 100, 353: 380, 354: 142, 355: 394, 356: 156, 357: 324, 358: 86, 359: 478, 360: 240, 361: 736, 362: 498, 363: 338, 364: 100, 365: 324, 366: 86, 367: 338, 368: 100, 369: 30, 370: 268, 371: 478, 372: 240, 373: 240, 374: 478, 375: 156, 376: 394, 377: 484, 378: 722, 379: 324, 380: 86, 381: 498, 382: 736, 383: 338, 384: 100, 385: 792, 386: 554, 387: 554, 388: 792, 389: 736, 390: 498, 391: 142, 392: 380, 393: 554, 394: 792, 395: 268, 396: 30, 397: 268, 398: 30, 399: 156, 400: 394, 401: 498, 402: 736, 403: 100, 404: 338, 405: 394, 406: 156, 407: 156, 408: 394, 409: 268, 410: 30, 411: 142, 412: 380, 413: 498, 414: 736, 415: 30, 416: 268, 417: 86, 418: 324, 419: 554, 420: 792, 421: 142, 422: 380, 423: 554, 424: 792, 425: 792, 426: 554, 427: 268, 428: 30, 429: 554, 430: 792, 431: 268, 432: 30, 433: 142, 434: 380, 435: 554, 436: 792, 437: 554, 438: 792, 439: 498, 440: 736, 441: 324, 442: 86, 443: 380, 444: 142, 445: 142, 446: 380, 447: 156, 448: 394, 449: 156, 450: 394, 451: 792, 452: 554, 453: 156, 454: 394, 455: 736, 456: 498, 457: 498, 458: 736, 459: 498, 460: 736, 461: 498, 462: 736, 463: 324, 464: 86, 465: 498, 466: 736, 467: 324, 468: 86, 469: 736, 470: 498, 471: 86, 472: 324, 473: 478, 474: 240, 475: 324, 476: 86, 477: 478, 478: 240, 479: 338, 480: 100, 481: 268, 482: 30, 483: 338, 484: 100, 485: 380, 486: 142, 487: 380, 488: 142, 489: 86, 490: 324, 491: 268, 492: 30, 493: 338, 494: 100, 495: 324, 496: 86, 497: 156, 498: 394, 499: 792, 500: 554, 501: 498, 502: 736, 503: 498, 504: 736, 505: 100, 506: 338, 507: 736, 508: 498, 509: 86, 510: 324, 511: 736, 512: 498, 513: 554, 514: 792, 515: 268, 516: 30, 517: 484, 518: 722, 519: 554, 520: 792, 521: 394, 522: 156, 523: 498, 524: 736, 525: 268, 526: 30, 527: 484, 528: 722, 529: 100, 530: 338, 531: 736, 532: 498, 533: 478, 534: 240, 535: 792, 536: 554, 537: 554, 538: 792, 539: 380, 540: 142, 541: 324, 542: 86, 543: 484, 544: 722, 545: 338, 546: 100, 547: 380, 548: 142, 549: 100, 550: 338, 551: 394, 552: 156, 553: 394, 554: 156, 555: 156, 556: 394, 557: 338, 558: 100, 559: 268, 560: 30, 561: 324, 562: 86, 563: 380, 564: 142, 565: 736, 566: 498, 567: 324, 568: 86, 569: 268, 570: 30, 571: 86, 572: 324, 573: 86, 574: 324, 575: 268, 576: 30, 577: 324, 578: 86, 579: 268, 580: 30, 581: 142, 582: 380, 583: 498, 584: 736, 585: 324, 586: 86, 587: 478, 588: 240, 589: 156, 590: 394, 591: 394, 592: 156, 593: 86, 594: 324, 595: 394, 596: 156, 597: 792, 598: 554, 599: 268, 600: 30, 601: 338, 602: 100, 603: 338, 604: 100, 605: 268, 606: 30, 607: 142, 608: 380, 609: 736, 610: 498, 611: 554, 612: 792, 613: 338, 614: 100, 615: 142, 616: 380, 617: 478, 618: 240, 619: 86, 620: 324, 621: 792, 622: 554, 623: 156, 624: 394, 625: 240, 626: 478, 627: 792, 628: 554, 629: 100, 630: 338, 631: 86, 632: 324, 633: 736, 634: 498, 635: 484, 636: 722, 637: 30, 638: 268, 639: 324, 640: 86, 641: 498, 642: 736, 643: 380, 644: 142, 645: 30, 646: 268, 647: 736, 648: 498, 649: 394, 650: 156, 651: 484, 652: 722, 653: 792, 654: 554, 655: 142, 656: 380, 657: 86, 658: 324, 659: 792, 660: 554, 661: 156, 662: 394, 663: 722, 664: 484, 665: 338, 666: 100, 667: 268, 668: 30, 669: 100, 670: 338, 671: 394, 672: 156, 673: 736, 674: 498, 675: 792, 676: 554, 677: 324, 678: 86, 679: 156, 680: 394}
Correct solution!
Number of lables used:  18
Time taken: 0.77 seconds
Memory used: 56.73 MB
--------------------------------------------------

Trying with at most 17 labels...
[runlim] sample:		10.0 time, 10.0 real, 83.3 MB
[runlim] sample:		20.0 time, 20.0 real, 84.7 MB
[runlim] sample:		30.0 time, 30.0 real, 86.2 MB
[runlim] sample:		40.0 time, 40.0 real, 87.3 MB
[runlim] sample:		50.0 time, 50.0 real, 88.2 MB
[runlim] sample:		60.0 time, 60.0 real, 89.8 MB
[runlim] sample:		70.0 time, 70.0 real, 96.2 MB
[runlim] sample:		80.0 time, 80.0 real, 108.3 MB
[runlim] sample:		90.0 time, 90.0 real, 108.3 MB
[runlim] sample:		100.0 time, 100.0 real, 108.3 MB
[runlim] sample:		110.0 time, 110.0 real, 108.3 MB
[runlim] sample:		120.0 time, 120.0 real, 108.3 MB
[runlim] sample:		130.0 time, 130.0 real, 108.3 MB
[runlim] sample:		140.0 time, 140.0 real, 108.3 MB
[runlim] sample:		150.0 time, 150.0 real, 108.3 MB
[runlim] sample:		160.0 time, 160.0 real, 108.3 MB
[runlim] sample:		170.0 time, 170.0 real, 108.3 MB
[runlim] sample:		180.0 time, 180.0 real, 108.3 MB
[runlim] sample:		190.0 time, 190.0 real, 108.3 MB
[runlim] sample:		200.0 time, 200.0 real, 108.3 MB
[runlim] sample:		210.0 time, 210.0 real, 108.3 MB
[runlim] sample:		220.0 time, 220.0 real, 108.3 MB
[runlim] sample:		230.0 time, 230.0 real, 108.3 MB
[runlim] sample:		240.0 time, 240.0 real, 109.5 MB
[runlim] sample:		250.0 time, 250.0 real, 109.5 MB
[runlim] sample:		260.0 time, 260.0 real, 109.5 MB
[runlim] sample:		270.0 time, 270.0 real, 109.6 MB
[runlim] sample:		280.0 time, 280.0 real, 109.6 MB
[runlim] sample:		290.0 time, 290.0 real, 109.8 MB
[runlim] sample:		300.0 time, 300.0 real, 109.8 MB
[runlim] sample:		310.0 time, 310.0 real, 110.5 MB
[runlim] sample:		320.0 time, 320.0 real, 111.0 MB
[runlim] sample:		330.0 time, 330.0 real, 111.0 MB
[runlim] sample:		340.0 time, 340.0 real, 111.6 MB
[runlim] sample:		350.0 time, 350.0 real, 111.6 MB
[runlim] sample:		360.0 time, 360.0 real, 112.2 MB
[runlim] sample:		370.0 time, 370.0 real, 112.2 MB
[runlim] sample:		380.0 time, 380.0 real, 134.1 MB
[runlim] sample:		390.0 time, 390.0 real, 140.9 MB
[runlim] sample:		400.0 time, 400.0 real, 133.9 MB
[runlim] sample:		410.0 time, 410.0 real, 140.2 MB
[runlim] sample:		420.0 time, 420.0 real, 133.5 MB
[runlim] sample:		430.0 time, 430.0 real, 140.1 MB
[runlim] sample:		440.0 time, 440.0 real, 132.5 MB
[runlim] sample:		450.0 time, 450.0 real, 139.3 MB
[runlim] sample:		460.0 time, 460.0 real, 112.3 MB
[runlim] sample:		470.0 time, 470.0 real, 137.4 MB
[runlim] sample:		480.0 time, 480.0 real, 143.5 MB
[runlim] sample:		490.0 time, 490.0 real, 136.4 MB
[runlim] sample:		500.0 time, 500.0 real, 142.2 MB
[runlim] sample:		510.0 time, 510.0 real, 134.7 MB
[runlim] sample:		520.0 time, 520.0 real, 140.9 MB
[runlim] sample:		530.0 time, 530.0 real, 132.7 MB
[runlim] sample:		540.0 time, 540.0 real, 138.4 MB
[runlim] sample:		550.0 time, 550.0 real, 144.0 MB
[runlim] sample:		560.0 time, 560.0 real, 135.0 MB
[runlim] sample:		570.0 time, 570.0 real, 140.9 MB
[runlim] sample:		580.0 time, 580.0 real, 131.6 MB
[runlim] sample:		590.0 time, 590.0 real, 138.1 MB
[runlim] sample:		600.0 time, 600.0 real, 143.1 MB
[runlim] sample:		610.0 time, 610.0 real, 133.8 MB
[runlim] sample:		620.0 time, 620.0 real, 139.4 MB
[runlim] sample:		630.0 time, 630.0 real, 144.6 MB
[runlim] sample:		640.0 time, 640.0 real, 134.9 MB
[runlim] sample:		650.0 time, 650.0 real, 140.8 MB
[runlim] sample:		660.0 time, 660.0 real, 145.4 MB
[runlim] sample:		670.0 time, 670.0 real, 135.9 MB
[runlim] sample:		680.0 time, 680.0 real, 140.7 MB
[runlim] sample:		690.0 time, 690.0 real, 145.5 MB
[runlim] sample:		700.0 time, 700.0 real, 136.6 MB
[runlim] sample:		710.0 time, 710.0 real, 141.5 MB
[runlim] sample:		720.0 time, 720.0 real, 145.6 MB
[runlim] sample:		730.0 time, 730.0 real, 135.9 MB
[runlim] sample:		740.0 time, 740.0 real, 140.5 MB
Cannot find solution.
No more solutions found.
Optimal number of labels used:  18
Time taken: 744.09 seconds
[runlim] end:			Thu Jan 15 03:30:02 2026
[runlim] status:		ok
[runlim] result:		0
[runlim] children:		0
[runlim] real:			744.17 seconds
[runlim] time:			744.07 seconds
[runlim] space:			146.1 MB
[runlim] samples:		7441
