[runlim] version:		1.10
[runlim] time limit:		311040000 seconds
[runlim] real time limit:	900 seconds
[runlim] space limit:		8000 MB
[runlim] argv[0]:		python3
[runlim] argv[1]:		-u
[runlim] argv[2]:		main.py
[runlim] argv[3]:		graph02
[runlim] argv[4]:		tot
[runlim] argv[5]:		incremental
[runlim] argv[6]:		glucose4
[runlim] start:			Thu Jan 15 03:16:38 2026
[runlim] main pid:		123278
Solve first problem:
Solution:
{1: 666, 2: 428, 3: 100, 4: 338, 5: 268, 6: 30, 7: 324, 8: 86, 9: 652, 10: 414, 11: 394, 12: 156, 13: 694, 14: 456, 15: 310, 16: 72, 17: 282, 18: 44, 19: 296, 20: 58, 21: 142, 22: 380, 23: 366, 24: 128, 25: 268, 26: 30, 27: 324, 28: 86, 29: 156, 30: 394, 31: 114, 32: 352, 33: 380, 34: 142, 35: 666, 36: 428, 37: 86, 38: 324, 39: 380, 40: 142, 41: 324, 42: 86, 43: 254, 44: 16, 45: 680, 46: 442, 47: 338, 48: 100, 49: 310, 50: 72, 51: 44, 52: 282, 53: 380, 54: 142, 55: 296, 56: 58, 57: 666, 58: 428, 59: 310, 60: 72, 61: 128, 62: 366, 63: 310, 64: 72, 65: 30, 66: 268, 67: 652, 68: 414, 69: 254, 70: 16, 71: 380, 72: 142, 73: 16, 74: 254, 75: 254, 76: 16, 77: 394, 78: 156, 79: 282, 80: 44, 81: 310, 82: 72, 83: 156, 84: 394, 85: 694, 86: 456, 87: 86, 88: 324, 89: 156, 90: 394, 91: 268, 92: 30, 93: 324, 94: 86, 95: 666, 96: 428, 97: 128, 98: 366, 99: 310, 100: 72, 101: 324, 102: 86, 103: 380, 104: 142, 105: 16, 106: 254, 107: 352, 108: 114, 109: 282, 110: 44, 111: 296, 112: 58, 113: 30, 114: 268, 115: 338, 116: 100, 117: 114, 118: 352, 119: 380, 120: 142, 121: 338, 122: 100, 123: 324, 124: 86, 125: 268, 126: 30, 127: 338, 128: 100, 129: 380, 130: 142, 131: 324, 132: 86, 133: 680, 134: 442, 135: 380, 136: 142, 137: 324, 138: 86, 139: 282, 140: 44, 141: 352, 142: 114, 143: 680, 144: 442, 145: 282, 146: 44, 147: 352, 148: 114, 149: 58, 150: 296, 151: 338, 152: 100, 153: 254, 154: 16, 155: 380, 156: 142, 157: 652, 158: 414, 159: 310, 160: 72, 161: 708, 162: 470, 163: 380, 164: 142, 165: 352, 166: 114, 167: 310, 168: 72, 169: 324, 170: 86, 171: 338, 172: 100, 173: 296, 174: 58, 175: 680, 176: 442, 177: 156, 178: 394, 179: 380, 180: 142, 181: 268, 182: 30, 183: 694, 184: 456, 185: 282, 186: 44, 187: 652, 188: 414, 189: 380, 190: 142, 191: 680, 192: 442, 193: 128, 194: 366, 195: 324, 196: 86, 197: 296, 198: 58, 199: 310, 200: 72, 201: 156, 202: 394, 203: 268, 204: 30, 205: 324, 206: 86, 207: 338, 208: 100, 209: 310, 210: 72, 211: 268, 212: 30, 213: 478, 214: 240, 215: 366, 216: 128, 217: 254, 218: 16, 219: 268, 220: 30, 221: 352, 222: 114, 223: 324, 224: 86, 225: 254, 226: 16, 227: 408, 228: 170, 229: 310, 230: 72, 231: 16, 232: 254, 233: 366, 234: 128, 235: 282, 236: 44, 237: 268, 238: 30, 239: 338, 240: 100, 241: 296, 242: 58, 243: 338, 244: 100, 245: 666, 246: 428, 247: 380, 248: 142, 249: 324, 250: 86, 251: 16, 252: 254, 253: 58, 254: 296, 255: 380, 256: 142, 257: 310, 258: 72, 259: 380, 260: 142, 261: 254, 262: 16, 263: 380, 264: 142, 265: 380, 266: 142, 267: 44, 268: 282, 269: 282, 270: 44, 271: 268, 272: 30, 273: 296, 274: 58, 275: 254, 276: 16, 277: 310, 278: 72, 279: 666, 280: 428, 281: 366, 282: 128, 283: 268, 284: 30, 285: 380, 286: 142, 287: 254, 288: 16, 289: 324, 290: 86, 291: 380, 292: 142, 293: 380, 294: 142, 295: 338, 296: 100, 297: 380, 298: 142, 299: 408, 300: 170, 301: 282, 302: 44, 303: 652, 304: 414, 305: 268, 306: 30, 307: 296, 308: 58, 309: 380, 310: 142, 311: 380, 312: 142, 313: 380, 314: 142, 315: 296, 316: 58, 317: 408, 318: 170, 319: 310, 320: 72, 321: 380, 322: 142, 323: 338, 324: 100, 325: 310, 326: 72, 327: 282, 328: 44, 329: 268, 330: 30, 331: 268, 332: 30, 333: 268, 334: 30, 335: 254, 336: 16, 337: 282, 338: 44, 339: 380, 340: 142, 341: 296, 342: 58, 343: 254, 344: 16, 345: 310, 346: 72, 347: 310, 348: 72, 349: 380, 350: 142, 351: 380, 352: 142, 353: 254, 354: 16, 355: 268, 356: 30, 357: 324, 358: 86, 359: 338, 360: 100, 361: 338, 362: 100, 363: 268, 364: 30, 365: 268, 366: 30, 367: 254, 368: 16, 369: 282, 370: 44, 371: 254, 372: 16, 373: 324, 374: 86, 375: 254, 376: 16, 377: 254, 378: 16, 379: 282, 380: 44, 381: 268, 382: 30, 383: 254, 384: 16, 385: 268, 386: 30, 387: 268, 388: 30, 389: 254, 390: 16, 391: 254, 392: 16, 393: 254, 394: 16, 395: 268, 396: 30, 397: 324, 398: 86, 399: 268, 400: 30}
Correct solution!
Number of lables used:  36
Time taken: 0.34 seconds
Memory used: 39.15 MB
--------------------------------------------------

Trying with at most 35 labels...
Solution:
{1: 540, 2: 778, 3: 428, 4: 666, 5: 778, 6: 540, 7: 366, 8: 128, 9: 792, 10: 554, 11: 512, 12: 750, 13: 554, 14: 792, 15: 554, 16: 792, 17: 512, 18: 750, 19: 352, 20: 114, 21: 750, 22: 512, 23: 128, 24: 366, 25: 554, 26: 792, 27: 366, 28: 128, 29: 778, 30: 540, 31: 750, 32: 512, 33: 652, 34: 414, 35: 128, 36: 366, 37: 114, 38: 352, 39: 352, 40: 114, 41: 540, 42: 778, 43: 414, 44: 652, 45: 512, 46: 750, 47: 428, 48: 666, 49: 554, 50: 792, 51: 428, 52: 666, 53: 170, 54: 408, 55: 114, 56: 352, 57: 750, 58: 512, 59: 414, 60: 652, 61: 128, 62: 366, 63: 512, 64: 750, 65: 58, 66: 296, 67: 114, 68: 352, 69: 778, 70: 540, 71: 170, 72: 408, 73: 512, 74: 750, 75: 58, 76: 296, 77: 540, 78: 778, 79: 428, 80: 666, 81: 540, 82: 778, 83: 750, 84: 512, 85: 750, 86: 512, 87: 414, 88: 652, 89: 414, 90: 652, 91: 540, 92: 778, 93: 666, 94: 428, 95: 512, 96: 750, 97: 414, 98: 652, 99: 366, 100: 128, 101: 352, 102: 114, 103: 666, 104: 428, 105: 512, 106: 750, 107: 128, 108: 366, 109: 778, 110: 540, 111: 554, 112: 792, 113: 58, 114: 296, 115: 792, 116: 554, 117: 540, 118: 778, 119: 170, 120: 408, 121: 540, 122: 778, 123: 114, 124: 352, 125: 666, 126: 428, 127: 428, 128: 666, 129: 408, 130: 170, 131: 366, 132: 128, 133: 792, 134: 554, 135: 408, 136: 170, 137: 414, 138: 652, 139: 666, 140: 428, 141: 666, 142: 428, 143: 428, 144: 666, 145: 366, 146: 128, 147: 750, 148: 512, 149: 128, 150: 366, 151: 428, 152: 666, 153: 750, 154: 512, 155: 170, 156: 408, 157: 58, 158: 296, 159: 666, 160: 428, 161: 792, 162: 554, 163: 170, 164: 408, 165: 58, 166: 296, 167: 540, 168: 778, 169: 652, 170: 414, 171: 666, 172: 428, 173: 428, 174: 666, 175: 296, 176: 58, 177: 750, 178: 512, 179: 408, 180: 170, 181: 750, 182: 512, 183: 792, 184: 554, 185: 750, 186: 512, 187: 652, 188: 414, 189: 170, 190: 408, 191: 296, 192: 58, 193: 428, 194: 666, 195: 778, 196: 540, 197: 778, 198: 540, 199: 352, 200: 114, 201: 750, 202: 512, 203: 428, 204: 666, 205: 792, 206: 554, 207: 352, 208: 114, 209: 366, 210: 128, 211: 554, 212: 792, 213: 170, 214: 408, 215: 750, 216: 512, 217: 128, 218: 366, 219: 512, 220: 750, 221: 554, 222: 792, 223: 750, 224: 512, 225: 652, 226: 414, 227: 408, 228: 170, 229: 512, 230: 750, 231: 512, 232: 750, 233: 666, 234: 428, 235: 750, 236: 512, 237: 114, 238: 352, 239: 296, 240: 58, 241: 778, 242: 540, 243: 128, 244: 366, 245: 778, 246: 540, 247: 408, 248: 170, 249: 128, 250: 366, 251: 128, 252: 366, 253: 540, 254: 778, 255: 170, 256: 408, 257: 128, 258: 366, 259: 408, 260: 170, 261: 666, 262: 428, 263: 408, 264: 170, 265: 408, 266: 170, 267: 554, 268: 792, 269: 778, 270: 540, 271: 128, 272: 366, 273: 114, 274: 352, 275: 750, 276: 512, 277: 296, 278: 58, 279: 666, 280: 428, 281: 750, 282: 512, 283: 750, 284: 512, 285: 408, 286: 170, 287: 414, 288: 652, 289: 414, 290: 652, 291: 170, 292: 408, 293: 408, 294: 170, 295: 58, 296: 296, 297: 170, 298: 408, 299: 170, 300: 408, 301: 792, 302: 554, 303: 792, 304: 554, 305: 666, 306: 428, 307: 428, 308: 666, 309: 170, 310: 408, 311: 170, 312: 408, 313: 408, 314: 170, 315: 750, 316: 512, 317: 408, 318: 170, 319: 512, 320: 750, 321: 652, 322: 414, 323: 366, 324: 128, 325: 750, 326: 512, 327: 296, 328: 58, 329: 540, 330: 778, 331: 750, 332: 512, 333: 58, 334: 296, 335: 666, 336: 428, 337: 750, 338: 512, 339: 170, 340: 408, 341: 750, 342: 512, 343: 128, 344: 366, 345: 750, 346: 512, 347: 778, 348: 540, 349: 408, 350: 170, 351: 170, 352: 408, 353: 666, 354: 428, 355: 652, 356: 414, 357: 114, 358: 352, 359: 128, 360: 366, 361: 666, 362: 428, 363: 750, 364: 512, 365: 750, 366: 512, 367: 666, 368: 428, 369: 540, 370: 778, 371: 128, 372: 366, 373: 666, 374: 428, 375: 540, 376: 778, 377: 666, 378: 428, 379: 750, 380: 512, 381: 792, 382: 554, 383: 554, 384: 792, 385: 666, 386: 428, 387: 666, 388: 428, 389: 666, 390: 428, 391: 666, 392: 428, 393: 414, 394: 652, 395: 666, 396: 428, 397: 750, 398: 512, 399: 666, 400: 428}
Correct solution!
Number of lables used:  18
Time taken: 0.36 seconds
Memory used: 40.27 MB
--------------------------------------------------

Trying with at most 17 labels...
Solution:
{1: 512, 2: 750, 3: 428, 4: 666, 5: 778, 6: 540, 7: 666, 8: 428, 9: 792, 10: 554, 11: 512, 12: 750, 13: 428, 14: 666, 15: 512, 16: 750, 17: 512, 18: 750, 19: 58, 20: 296, 21: 750, 22: 512, 23: 128, 24: 366, 25: 554, 26: 792, 27: 366, 28: 128, 29: 778, 30: 540, 31: 750, 32: 512, 33: 652, 34: 414, 35: 128, 36: 366, 37: 554, 38: 792, 39: 366, 40: 128, 41: 554, 42: 792, 43: 414, 44: 652, 45: 512, 46: 750, 47: 428, 48: 666, 49: 540, 50: 778, 51: 428, 52: 666, 53: 170, 54: 408, 55: 666, 56: 428, 57: 750, 58: 512, 59: 414, 60: 652, 61: 128, 62: 366, 63: 512, 64: 750, 65: 296, 66: 58, 67: 540, 68: 778, 69: 778, 70: 540, 71: 170, 72: 408, 73: 512, 74: 750, 75: 58, 76: 296, 77: 540, 78: 778, 79: 540, 80: 778, 81: 540, 82: 778, 83: 750, 84: 512, 85: 750, 86: 512, 87: 512, 88: 750, 89: 414, 90: 652, 91: 540, 92: 778, 93: 666, 94: 428, 95: 512, 96: 750, 97: 414, 98: 652, 99: 366, 100: 128, 101: 366, 102: 128, 103: 666, 104: 428, 105: 414, 106: 652, 107: 128, 108: 366, 109: 778, 110: 540, 111: 554, 112: 792, 113: 666, 114: 428, 115: 792, 116: 554, 117: 540, 118: 778, 119: 170, 120: 408, 121: 652, 122: 414, 123: 58, 124: 296, 125: 778, 126: 540, 127: 428, 128: 666, 129: 170, 130: 408, 131: 366, 132: 128, 133: 792, 134: 554, 135: 408, 136: 170, 137: 414, 138: 652, 139: 652, 140: 414, 141: 58, 142: 296, 143: 128, 144: 366, 145: 512, 146: 750, 147: 750, 148: 512, 149: 554, 150: 792, 151: 428, 152: 666, 153: 750, 154: 512, 155: 170, 156: 408, 157: 58, 158: 296, 159: 792, 160: 554, 161: 554, 162: 792, 163: 170, 164: 408, 165: 58, 166: 296, 167: 540, 168: 778, 169: 554, 170: 792, 171: 666, 172: 428, 173: 428, 174: 666, 175: 296, 176: 58, 177: 750, 178: 512, 179: 408, 180: 170, 181: 750, 182: 512, 183: 296, 184: 58, 185: 750, 186: 512, 187: 652, 188: 414, 189: 170, 190: 408, 191: 750, 192: 512, 193: 428, 194: 666, 195: 778, 196: 540, 197: 778, 198: 540, 199: 366, 200: 128, 201: 58, 202: 296, 203: 428, 204: 666, 205: 58, 206: 296, 207: 296, 208: 58, 209: 366, 210: 128, 211: 554, 212: 792, 213: 170, 214: 408, 215: 792, 216: 554, 217: 128, 218: 366, 219: 512, 220: 750, 221: 554, 222: 792, 223: 750, 224: 512, 225: 652, 226: 414, 227: 408, 228: 170, 229: 512, 230: 750, 231: 512, 232: 750, 233: 666, 234: 428, 235: 750, 236: 512, 237: 296, 238: 58, 239: 296, 240: 58, 241: 778, 242: 540, 243: 296, 244: 58, 245: 128, 246: 366, 247: 408, 248: 170, 249: 128, 250: 366, 251: 128, 252: 366, 253: 366, 254: 128, 255: 170, 256: 408, 257: 128, 258: 366, 259: 170, 260: 408, 261: 666, 262: 428, 263: 408, 264: 170, 265: 408, 266: 170, 267: 554, 268: 792, 269: 778, 270: 540, 271: 128, 272: 366, 273: 128, 274: 366, 275: 792, 276: 554, 277: 540, 278: 778, 279: 428, 280: 666, 281: 750, 282: 512, 283: 652, 284: 414, 285: 408, 286: 170, 287: 428, 288: 666, 289: 414, 290: 652, 291: 170, 292: 408, 293: 408, 294: 170, 295: 58, 296: 296, 297: 170, 298: 408, 299: 170, 300: 408, 301: 792, 302: 554, 303: 792, 304: 554, 305: 666, 306: 428, 307: 428, 308: 666, 309: 170, 310: 408, 311: 408, 312: 170, 313: 408, 314: 170, 315: 750, 316: 512, 317: 408, 318: 170, 319: 512, 320: 750, 321: 128, 322: 366, 323: 366, 324: 128, 325: 428, 326: 666, 327: 750, 328: 512, 329: 540, 330: 778, 331: 778, 332: 540, 333: 778, 334: 540, 335: 666, 336: 428, 337: 750, 338: 512, 339: 170, 340: 408, 341: 750, 342: 512, 343: 128, 344: 366, 345: 750, 346: 512, 347: 778, 348: 540, 349: 408, 350: 170, 351: 170, 352: 408, 353: 296, 354: 58, 355: 652, 356: 414, 357: 58, 358: 296, 359: 128, 360: 366, 361: 666, 362: 428, 363: 750, 364: 512, 365: 750, 366: 512, 367: 666, 368: 428, 369: 540, 370: 778, 371: 128, 372: 366, 373: 666, 374: 428, 375: 540, 376: 778, 377: 666, 378: 428, 379: 750, 380: 512, 381: 792, 382: 554, 383: 554, 384: 792, 385: 666, 386: 428, 387: 666, 388: 428, 389: 666, 390: 428, 391: 666, 392: 428, 393: 414, 394: 652, 395: 58, 396: 296, 397: 750, 398: 512, 399: 666, 400: 428}
Correct solution!
Number of lables used:  16
Time taken: 0.38 seconds
Memory used: 40.52 MB
--------------------------------------------------

Trying with at most 15 labels...
Solution:
{1: 512, 2: 750, 3: 428, 4: 666, 5: 792, 6: 554, 7: 666, 8: 428, 9: 792, 10: 554, 11: 512, 12: 750, 13: 428, 14: 666, 15: 792, 16: 554, 17: 666, 18: 428, 19: 58, 20: 296, 21: 428, 22: 666, 23: 128, 24: 366, 25: 554, 26: 792, 27: 366, 28: 128, 29: 792, 30: 554, 31: 512, 32: 750, 33: 366, 34: 128, 35: 128, 36: 366, 37: 554, 38: 792, 39: 366, 40: 128, 41: 554, 42: 792, 43: 554, 44: 792, 45: 512, 46: 750, 47: 428, 48: 666, 49: 554, 50: 792, 51: 428, 52: 666, 53: 478, 54: 240, 55: 666, 56: 428, 57: 750, 58: 512, 59: 366, 60: 128, 61: 128, 62: 366, 63: 512, 64: 750, 65: 296, 66: 58, 67: 554, 68: 792, 69: 764, 70: 526, 71: 240, 72: 478, 73: 666, 74: 428, 75: 58, 76: 296, 77: 554, 78: 792, 79: 526, 80: 764, 81: 554, 82: 792, 83: 750, 84: 512, 85: 750, 86: 512, 87: 526, 88: 764, 89: 296, 90: 58, 91: 554, 92: 792, 93: 764, 94: 526, 95: 512, 96: 750, 97: 428, 98: 666, 99: 366, 100: 128, 101: 366, 102: 128, 103: 666, 104: 428, 105: 750, 106: 512, 107: 128, 108: 366, 109: 428, 110: 666, 111: 554, 112: 792, 113: 366, 114: 128, 115: 792, 116: 554, 117: 554, 118: 792, 119: 478, 120: 240, 121: 666, 122: 428, 123: 58, 124: 296, 125: 296, 126: 58, 127: 296, 128: 58, 129: 240, 130: 478, 131: 366, 132: 128, 133: 296, 134: 58, 135: 478, 136: 240, 137: 428, 138: 666, 139: 666, 140: 428, 141: 58, 142: 296, 143: 128, 144: 366, 145: 666, 146: 428, 147: 750, 148: 512, 149: 792, 150: 554, 151: 666, 152: 428, 153: 750, 154: 512, 155: 478, 156: 240, 157: 58, 158: 296, 159: 792, 160: 554, 161: 554, 162: 792, 163: 478, 164: 240, 165: 428, 166: 666, 167: 526, 168: 764, 169: 554, 170: 792, 171: 750, 172: 512, 173: 428, 174: 666, 175: 764, 176: 526, 177: 128, 178: 366, 179: 478, 180: 240, 181: 750, 182: 512, 183: 296, 184: 58, 185: 750, 186: 512, 187: 366, 188: 128, 189: 478, 190: 240, 191: 764, 192: 526, 193: 428, 194: 666, 195: 750, 196: 512, 197: 792, 198: 554, 199: 554, 200: 792, 201: 58, 202: 296, 203: 526, 204: 764, 205: 428, 206: 666, 207: 296, 208: 58, 209: 750, 210: 512, 211: 554, 212: 792, 213: 478, 214: 240, 215: 58, 216: 296, 217: 128, 218: 366, 219: 512, 220: 750, 221: 554, 222: 792, 223: 366, 224: 128, 225: 666, 226: 428, 227: 478, 228: 240, 229: 512, 230: 750, 231: 750, 232: 512, 233: 666, 234: 428, 235: 428, 236: 666, 237: 366, 238: 128, 239: 554, 240: 792, 241: 764, 242: 526, 243: 428, 244: 666, 245: 128, 246: 366, 247: 478, 248: 240, 249: 366, 250: 128, 251: 128, 252: 366, 253: 296, 254: 58, 255: 240, 256: 478, 257: 58, 258: 296, 259: 478, 260: 240, 261: 666, 262: 428, 263: 478, 264: 240, 265: 478, 266: 240, 267: 512, 268: 750, 269: 296, 270: 58, 271: 128, 272: 366, 273: 296, 274: 58, 275: 526, 276: 764, 277: 526, 278: 764, 279: 428, 280: 666, 281: 128, 282: 366, 283: 296, 284: 58, 285: 240, 286: 478, 287: 428, 288: 666, 289: 750, 290: 512, 291: 478, 292: 240, 293: 478, 294: 240, 295: 296, 296: 58, 297: 478, 298: 240, 299: 478, 300: 240, 301: 792, 302: 554, 303: 792, 304: 554, 305: 666, 306: 428, 307: 428, 308: 666, 309: 478, 310: 240, 311: 478, 312: 240, 313: 478, 314: 240, 315: 792, 316: 554, 317: 478, 318: 240, 319: 366, 320: 128, 321: 128, 322: 366, 323: 792, 324: 554, 325: 428, 326: 666, 327: 750, 328: 512, 329: 526, 330: 764, 331: 750, 332: 512, 333: 526, 334: 764, 335: 666, 336: 428, 337: 792, 338: 554, 339: 478, 340: 240, 341: 296, 342: 58, 343: 128, 344: 366, 345: 366, 346: 128, 347: 666, 348: 428, 349: 478, 350: 240, 351: 478, 352: 240, 353: 526, 354: 764, 355: 58, 356: 296, 357: 366, 358: 128, 359: 750, 360: 512, 361: 666, 362: 428, 363: 750, 364: 512, 365: 764, 366: 526, 367: 526, 368: 764, 369: 512, 370: 750, 371: 764, 372: 526, 373: 666, 374: 428, 375: 526, 376: 764, 377: 750, 378: 512, 379: 428, 380: 666, 381: 792, 382: 554, 383: 554, 384: 792, 385: 792, 386: 554, 387: 526, 388: 764, 389: 666, 390: 428, 391: 666, 392: 428, 393: 428, 394: 666, 395: 512, 396: 750, 397: 296, 398: 58, 399: 666, 400: 428}
Correct solution!
Number of lables used:  14
Time taken: 0.39 seconds
Memory used: 40.52 MB
--------------------------------------------------

Trying with at most 13 labels...
[runlim] sample:		10.0 time, 10.0 real, 59.7 MB
[runlim] sample:		20.0 time, 20.0 real, 61.5 MB
[runlim] sample:		30.0 time, 30.0 real, 72.4 MB
[runlim] sample:		40.0 time, 40.0 real, 73.7 MB
[runlim] sample:		50.0 time, 50.0 real, 73.7 MB
Cannot find solution.
No more solutions found.
Optimal number of labels used:  14
Time taken: 59.67 seconds
[runlim] end:			Thu Jan 15 03:17:37 2026
[runlim] status:		ok
[runlim] result:		0
[runlim] children:		0
[runlim] real:			59.78 seconds
[runlim] time:			59.69 seconds
[runlim] space:			73.7 MB
[runlim] samples:		597
