[runlim] version:		1.10
[runlim] time limit:		311040000 seconds
[runlim] real time limit:	900 seconds
[runlim] space limit:		8000 MB
[runlim] argv[0]:		python3
[runlim] argv[1]:		-u
[runlim] argv[2]:		main.py
[runlim] argv[3]:		graph03
[runlim] argv[4]:		tot
[runlim] argv[5]:		incremental
[runlim] argv[6]:		glucose4
[runlim] start:			Thu Jan 15 03:17:37 2026
[runlim] main pid:		123681
Traceback (most recent call last):
  File "/home/satsolver/Minimum-Order-Frequency-Assignment-Problem/SAT/sequence/main.py", line 557, in <module>
    main()
  File "/home/satsolver/Minimum-Order-Frequency-Assignment-Problem/SAT/sequence/main.py", line 500, in main
    domain = read_domain(files["domain"])
             ^^^^^^^^^^^^^^^^^^^^^^^^^^^^
  File "/home/satsolver/Minimum-Order-Frequency-Assignment-Problem/SAT/sequence/main.py", line 27, in read_domain
    with open(file) as f:
         ^^^^^^^^^^
FileNotFoundError: [Errno 2] No such file or directory: 'dataset/graph03/dom.txt'
[runlim] end:			Thu Jan 15 03:17:37 2026
[runlim] status:		ok
[runlim] result:		0
[runlim] children:		0
[runlim] real:			0.89 seconds
[runlim] time:			0.09 seconds
[runlim] space:			34.0 MB
[runlim] samples:		1
