[runlim] version:		1.10
[runlim] time limit:		311040000 seconds
[runlim] real time limit:	900 seconds
[runlim] space limit:		8000 MB
[runlim] argv[0]:		python3
[runlim] argv[1]:		-u
[runlim] argv[2]:		main.py
[runlim] argv[3]:		scen02
[runlim] argv[4]:		tot
[runlim] argv[5]:		incremental
[runlim] argv[6]:		glucose4
[runlim] start:			Thu Jan 15 02:45:28 2026
[runlim] main pid:		111977
Solve first problem:
Solution:
{13: 268, 14: 30, 15: 268, 16: 30, 53: 268, 54: 30, 79: 254, 80: 16, 81: 268, 82: 30, 83: 680, 84: 442, 85: 352, 86: 114, 127: 352, 128: 114, 129: 254, 130: 16, 143: 254, 144: 16, 145: 254, 146: 16, 205: 254, 206: 16, 233: 666, 234: 428, 235: 338, 236: 100, 237: 352, 238: 114, 261: 254, 262: 16, 263: 352, 264: 114, 265: 338, 266: 100, 267: 254, 268: 16, 269: 352, 270: 114, 271: 352, 272: 114, 273: 44, 274: 282, 275: 44, 276: 282, 277: 352, 278: 114, 281: 268, 282: 30, 283: 282, 284: 44, 289: 254, 290: 16, 291: 324, 292: 86, 303: 666, 304: 428, 305: 338, 306: 100, 321: 156, 322: 394, 323: 254, 324: 16, 325: 666, 326: 428, 327: 338, 328: 100, 329: 254, 330: 16, 341: 30, 342: 268, 343: 30, 344: 268, 349: 338, 350: 100, 351: 30, 352: 268, 435: 296, 436: 58, 475: 282, 476: 44, 481: 268, 482: 30, 517: 268, 518: 30, 519: 338, 520: 100, 555: 128, 556: 366, 557: 666, 558: 428, 559: 58, 560: 296, 561: 366, 562: 128, 565: 100, 566: 338, 577: 324, 578: 86, 579: 352, 580: 114, 583: 666, 584: 428, 585: 324, 586: 86, 587: 254, 588: 16, 589: 366, 590: 128, 591: 352, 592: 114, 593: 114, 594: 352, 595: 296, 596: 58, 597: 268, 598: 30, 599: 142, 600: 380, 601: 282, 602: 44, 603: 268, 604: 30, 605: 268, 606: 30, 607: 338, 608: 100, 613: 100, 614: 338, 615: 282, 616: 44, 617: 268, 618: 30, 621: 338, 622: 100, 625: 268, 626: 30, 629: 282, 630: 44, 631: 268, 632: 30, 633: 282, 634: 44, 635: 268, 636: 30, 645: 296, 646: 58, 651: 254, 652: 16, 661: 254, 662: 16, 663: 394, 664: 156, 665: 366, 666: 128, 667: 254, 668: 16, 713: 352, 714: 114, 717: 44, 718: 282, 719: 394, 720: 156, 721: 324, 722: 86, 723: 254, 724: 16, 743: 44, 744: 282, 745: 268, 746: 30, 747: 324, 748: 86, 763: 268, 764: 30, 765: 254, 766: 16, 767: 296, 768: 58, 785: 254, 786: 16, 787: 268, 788: 30, 789: 338, 790: 100, 791: 268, 792: 30, 793: 338, 794: 100, 795: 268, 796: 30, 797: 352, 798: 114, 799: 282, 800: 44, 801: 268, 802: 30, 879: 268, 880: 30}
Correct solution!
Number of lables used:  24
Time taken: 0.21 seconds
Memory used: 31.12 MB
--------------------------------------------------

Trying with at most 23 labels...
Solution:
{13: 394, 14: 156, 15: 792, 16: 554, 53: 652, 54: 414, 79: 394, 80: 156, 81: 708, 82: 470, 83: 554, 84: 792, 85: 484, 86: 722, 127: 722, 128: 484, 129: 156, 130: 394, 143: 708, 144: 470, 145: 708, 146: 470, 205: 156, 206: 394, 233: 526, 234: 764, 235: 540, 236: 778, 237: 736, 238: 498, 261: 652, 262: 414, 263: 484, 264: 722, 265: 414, 266: 652, 267: 750, 268: 512, 269: 512, 270: 750, 271: 484, 272: 722, 273: 414, 274: 652, 275: 414, 276: 652, 277: 394, 278: 156, 281: 722, 282: 484, 283: 736, 284: 498, 289: 16, 290: 254, 291: 394, 292: 156, 303: 414, 304: 652, 305: 16, 306: 254, 321: 394, 322: 156, 323: 254, 324: 16, 325: 652, 326: 414, 327: 16, 328: 254, 329: 394, 330: 156, 341: 484, 342: 722, 343: 484, 344: 722, 349: 722, 350: 484, 351: 484, 352: 722, 435: 512, 436: 750, 475: 526, 476: 764, 481: 540, 482: 778, 517: 540, 518: 778, 519: 498, 520: 736, 555: 736, 556: 498, 557: 778, 558: 540, 559: 498, 560: 736, 561: 750, 562: 512, 565: 484, 566: 722, 577: 16, 578: 254, 579: 16, 580: 254, 583: 778, 584: 540, 585: 156, 586: 394, 587: 16, 588: 254, 589: 16, 590: 254, 591: 736, 592: 498, 593: 736, 594: 498, 595: 750, 596: 512, 597: 722, 598: 484, 599: 722, 600: 484, 601: 764, 602: 526, 603: 764, 604: 526, 605: 778, 606: 540, 607: 470, 608: 708, 613: 764, 614: 526, 615: 750, 616: 512, 617: 764, 618: 526, 621: 778, 622: 540, 625: 498, 626: 736, 629: 470, 630: 708, 631: 484, 632: 722, 633: 764, 634: 526, 635: 778, 636: 540, 645: 394, 646: 156, 651: 16, 652: 254, 661: 750, 662: 512, 663: 16, 664: 254, 665: 652, 666: 414, 667: 16, 668: 254, 713: 394, 714: 156, 717: 414, 718: 652, 719: 254, 720: 16, 721: 778, 722: 540, 723: 708, 724: 470, 743: 540, 744: 778, 745: 498, 746: 736, 747: 470, 748: 708, 763: 764, 764: 526, 765: 394, 766: 156, 767: 750, 768: 512, 785: 394, 786: 156, 787: 764, 788: 526, 789: 540, 790: 778, 791: 470, 792: 708, 793: 764, 794: 526, 795: 498, 796: 736, 797: 778, 798: 540, 799: 498, 800: 736, 801: 470, 802: 708, 879: 764, 880: 526}
Correct solution!
Number of lables used:  20
Time taken: 0.22 seconds
Memory used: 31.88 MB
--------------------------------------------------

Trying with at most 19 labels...
Solution:
{13: 736, 14: 498, 15: 778, 16: 540, 53: 652, 54: 414, 79: 394, 80: 156, 81: 708, 82: 470, 83: 254, 84: 16, 85: 484, 86: 722, 127: 722, 128: 484, 129: 156, 130: 394, 143: 708, 144: 470, 145: 708, 146: 470, 205: 156, 206: 394, 233: 526, 234: 764, 235: 540, 236: 778, 237: 736, 238: 498, 261: 652, 262: 414, 263: 484, 264: 722, 265: 414, 266: 652, 267: 750, 268: 512, 269: 512, 270: 750, 271: 484, 272: 722, 273: 414, 274: 652, 275: 414, 276: 652, 277: 394, 278: 156, 281: 722, 282: 484, 283: 736, 284: 498, 289: 16, 290: 254, 291: 394, 292: 156, 303: 414, 304: 652, 305: 16, 306: 254, 321: 708, 322: 470, 323: 156, 324: 394, 325: 652, 326: 414, 327: 16, 328: 254, 329: 394, 330: 156, 341: 484, 342: 722, 343: 484, 344: 722, 349: 722, 350: 484, 351: 484, 352: 722, 435: 512, 436: 750, 475: 526, 476: 764, 481: 540, 482: 778, 517: 540, 518: 778, 519: 498, 520: 736, 555: 736, 556: 498, 557: 764, 558: 526, 559: 498, 560: 736, 561: 750, 562: 512, 565: 484, 566: 722, 577: 16, 578: 254, 579: 16, 580: 254, 583: 778, 584: 540, 585: 156, 586: 394, 587: 16, 588: 254, 589: 16, 590: 254, 591: 736, 592: 498, 593: 736, 594: 498, 595: 750, 596: 512, 597: 722, 598: 484, 599: 722, 600: 484, 601: 764, 602: 526, 603: 764, 604: 526, 605: 778, 606: 540, 607: 470, 608: 708, 613: 778, 614: 540, 615: 750, 616: 512, 617: 764, 618: 526, 621: 778, 622: 540, 625: 498, 626: 736, 629: 470, 630: 708, 631: 484, 632: 722, 633: 764, 634: 526, 635: 778, 636: 540, 645: 394, 646: 156, 651: 16, 652: 254, 661: 750, 662: 512, 663: 16, 664: 254, 665: 254, 666: 16, 667: 16, 668: 254, 713: 394, 714: 156, 717: 414, 718: 652, 719: 254, 720: 16, 721: 778, 722: 540, 723: 708, 724: 470, 743: 540, 744: 778, 745: 498, 746: 736, 747: 470, 748: 708, 763: 764, 764: 526, 765: 394, 766: 156, 767: 652, 768: 414, 785: 394, 786: 156, 787: 764, 788: 526, 789: 540, 790: 778, 791: 470, 792: 708, 793: 764, 794: 526, 795: 498, 796: 736, 797: 778, 798: 540, 799: 498, 800: 736, 801: 470, 802: 708, 879: 764, 880: 526}
Correct solution!
Number of lables used:  18
Time taken: 0.23 seconds
Memory used: 32.00 MB
--------------------------------------------------

Trying with at most 17 labels...
Solution:
{13: 736, 14: 498, 15: 778, 16: 540, 53: 652, 54: 414, 79: 394, 80: 156, 81: 708, 82: 470, 83: 254, 84: 16, 85: 484, 86: 722, 127: 722, 128: 484, 129: 156, 130: 394, 143: 708, 144: 470, 145: 708, 146: 470, 205: 156, 206: 394, 233: 540, 234: 778, 235: 498, 236: 736, 237: 736, 238: 498, 261: 652, 262: 414, 263: 484, 264: 722, 265: 414, 266: 652, 267: 764, 268: 526, 269: 484, 270: 722, 271: 484, 272: 722, 273: 414, 274: 652, 275: 414, 276: 652, 277: 394, 278: 156, 281: 722, 282: 484, 283: 736, 284: 498, 289: 16, 290: 254, 291: 394, 292: 156, 303: 414, 304: 652, 305: 16, 306: 254, 321: 708, 322: 470, 323: 156, 324: 394, 325: 652, 326: 414, 327: 16, 328: 254, 329: 394, 330: 156, 341: 484, 342: 722, 343: 484, 344: 722, 349: 764, 350: 526, 351: 484, 352: 722, 435: 498, 436: 736, 475: 526, 476: 764, 481: 540, 482: 778, 517: 540, 518: 778, 519: 498, 520: 736, 555: 736, 556: 498, 557: 764, 558: 526, 559: 498, 560: 736, 561: 736, 562: 498, 565: 484, 566: 722, 577: 16, 578: 254, 579: 16, 580: 254, 583: 778, 584: 540, 585: 156, 586: 394, 587: 16, 588: 254, 589: 16, 590: 254, 591: 708, 592: 470, 593: 736, 594: 498, 595: 764, 596: 526, 597: 722, 598: 484, 599: 722, 600: 484, 601: 778, 602: 540, 603: 778, 604: 540, 605: 778, 606: 540, 607: 470, 608: 708, 613: 778, 614: 540, 615: 778, 616: 540, 617: 736, 618: 498, 621: 764, 622: 526, 625: 498, 626: 736, 629: 470, 630: 708, 631: 484, 632: 722, 633: 778, 634: 540, 635: 764, 636: 526, 645: 394, 646: 156, 651: 16, 652: 254, 661: 736, 662: 498, 663: 16, 664: 254, 665: 254, 666: 16, 667: 16, 668: 254, 713: 394, 714: 156, 717: 414, 718: 652, 719: 254, 720: 16, 721: 778, 722: 540, 723: 708, 724: 470, 743: 540, 744: 778, 745: 498, 746: 736, 747: 470, 748: 708, 763: 764, 764: 526, 765: 394, 766: 156, 767: 652, 768: 414, 785: 394, 786: 156, 787: 764, 788: 526, 789: 540, 790: 778, 791: 470, 792: 708, 793: 764, 794: 526, 795: 498, 796: 736, 797: 778, 798: 540, 799: 470, 800: 708, 801: 484, 802: 722, 879: 764, 880: 526}
Correct solution!
Number of lables used:  16
Time taken: 0.23 seconds
Memory used: 32.00 MB
--------------------------------------------------

Trying with at most 15 labels...
Solution:
{13: 736, 14: 498, 15: 736, 16: 498, 53: 652, 54: 414, 79: 254, 80: 16, 81: 708, 82: 470, 83: 254, 84: 16, 85: 484, 86: 722, 127: 722, 128: 484, 129: 414, 130: 652, 143: 540, 144: 778, 145: 540, 146: 778, 205: 16, 206: 254, 233: 540, 234: 778, 235: 498, 236: 736, 237: 736, 238: 498, 261: 652, 262: 414, 263: 484, 264: 722, 265: 414, 266: 652, 267: 764, 268: 526, 269: 484, 270: 722, 271: 484, 272: 722, 273: 652, 274: 414, 275: 652, 276: 414, 277: 484, 278: 722, 281: 414, 282: 652, 283: 498, 284: 736, 289: 254, 290: 16, 291: 652, 292: 414, 303: 414, 304: 652, 305: 16, 306: 254, 321: 708, 322: 470, 323: 778, 324: 540, 325: 254, 326: 16, 327: 414, 328: 652, 329: 16, 330: 254, 341: 16, 342: 254, 343: 652, 344: 414, 349: 764, 350: 526, 351: 484, 352: 722, 435: 498, 436: 736, 475: 526, 476: 764, 481: 540, 482: 778, 517: 540, 518: 778, 519: 498, 520: 736, 555: 736, 556: 498, 557: 764, 558: 526, 559: 498, 560: 736, 561: 736, 562: 498, 565: 470, 566: 708, 577: 16, 578: 254, 579: 16, 580: 254, 583: 778, 584: 540, 585: 254, 586: 16, 587: 414, 588: 652, 589: 16, 590: 254, 591: 708, 592: 470, 593: 778, 594: 540, 595: 764, 596: 526, 597: 722, 598: 484, 599: 722, 600: 484, 601: 778, 602: 540, 603: 778, 604: 540, 605: 778, 606: 540, 607: 470, 608: 708, 613: 736, 614: 498, 615: 778, 616: 540, 617: 736, 618: 498, 621: 764, 622: 526, 625: 498, 626: 736, 629: 470, 630: 708, 631: 484, 632: 722, 633: 778, 634: 540, 635: 764, 636: 526, 645: 254, 646: 16, 651: 254, 652: 16, 661: 736, 662: 498, 663: 16, 664: 254, 665: 254, 666: 16, 667: 16, 668: 254, 713: 484, 714: 722, 717: 652, 718: 414, 719: 254, 720: 16, 721: 470, 722: 708, 723: 540, 724: 778, 743: 470, 744: 708, 745: 498, 746: 736, 747: 540, 748: 778, 763: 764, 764: 526, 765: 414, 766: 652, 767: 652, 768: 414, 785: 254, 786: 16, 787: 764, 788: 526, 789: 540, 790: 778, 791: 470, 792: 708, 793: 764, 794: 526, 795: 498, 796: 736, 797: 778, 798: 540, 799: 470, 800: 708, 801: 484, 802: 722, 879: 764, 880: 526}
Correct solution!
Number of lables used:  14
Time taken: 0.24 seconds
Memory used: 32.00 MB
--------------------------------------------------

Trying with at most 13 labels...
[runlim] sample:		10.0 time, 10.1 real, 52.3 MB
[runlim] sample:		20.0 time, 20.1 real, 52.8 MB
[runlim] sample:		30.0 time, 30.1 real, 53.7 MB
Cannot find solution.
No more solutions found.
Optimal number of labels used:  14
Time taken: 34.77 seconds
[runlim] end:			Thu Jan 15 02:46:02 2026
[runlim] status:		ok
[runlim] result:		0
[runlim] children:		0
[runlim] real:			34.89 seconds
[runlim] time:			34.79 seconds
[runlim] space:			62.3 MB
[runlim] samples:		348
