[runlim] version:		1.10
[runlim] time limit:		311040000 seconds
[runlim] real time limit:	900 seconds
[runlim] space limit:		8000 MB
[runlim] argv[0]:		python3
[runlim] argv[1]:		-u
[runlim] argv[2]:		main.py
[runlim] argv[3]:		scen03
[runlim] argv[4]:		tot
[runlim] argv[5]:		incremental
[runlim] argv[6]:		glucose4
[runlim] start:			Thu Jan 15 02:46:02 2026
[runlim] main pid:		112236
Solve first problem:
Solution:
{13: 254, 14: 16, 15: 254, 16: 16, 23: 142, 24: 380, 49: 310, 50: 72, 51: 16, 52: 254, 53: 338, 54: 100, 67: 156, 68: 394, 69: 254, 70: 16, 79: 254, 80: 16, 81: 268, 82: 30, 83: 680, 84: 442, 85: 352, 86: 114, 103: 268, 104: 30, 105: 254, 106: 16, 117: 750, 118: 512, 119: 708, 120: 470, 127: 142, 128: 380, 129: 310, 130: 72, 143: 666, 144: 428, 145: 254, 146: 16, 151: 764, 152: 526, 153: 694, 154: 456, 155: 652, 156: 414, 157: 30, 158: 268, 179: 156, 180: 394, 181: 380, 182: 142, 183: 736, 184: 498, 191: 366, 192: 128, 193: 296, 194: 58, 205: 254, 206: 16, 209: 142, 210: 380, 211: 58, 212: 296, 213: 254, 214: 16, 215: 296, 216: 58, 217: 296, 218: 58, 233: 750, 234: 512, 235: 338, 236: 100, 237: 380, 238: 142, 261: 254, 262: 16, 263: 352, 264: 114, 265: 324, 266: 86, 267: 254, 268: 16, 269: 254, 270: 16, 271: 254, 272: 16, 273: 324, 274: 86, 275: 324, 276: 86, 277: 268, 278: 30, 281: 366, 282: 128, 283: 296, 284: 58, 285: 366, 286: 128, 287: 254, 288: 16, 289: 254, 290: 16, 291: 324, 292: 86, 293: 380, 294: 142, 295: 324, 296: 86, 299: 366, 300: 128, 301: 282, 302: 44, 303: 680, 304: 442, 305: 352, 306: 114, 307: 30, 308: 268, 309: 338, 310: 100, 311: 254, 312: 16, 313: 254, 314: 16, 321: 254, 322: 16, 323: 254, 324: 16, 325: 666, 326: 428, 327: 338, 328: 100, 329: 254, 330: 16, 339: 352, 340: 114, 341: 44, 342: 282, 343: 44, 344: 282, 345: 394, 346: 156, 347: 324, 348: 86, 349: 680, 350: 442, 351: 30, 352: 268, 355: 44, 356: 282, 357: 268, 358: 30, 359: 666, 360: 428, 361: 338, 362: 100, 363: 268, 364: 30, 365: 380, 366: 142, 367: 310, 368: 72, 369: 128, 370: 366, 371: 254, 372: 16, 375: 282, 376: 44, 377: 666, 378: 428, 383: 338, 384: 100, 387: 366, 388: 128, 397: 394, 398: 156, 401: 114, 402: 352, 405: 114, 406: 352, 435: 366, 436: 128, 439: 310, 440: 72, 449: 100, 450: 338, 471: 254, 472: 16, 475: 338, 476: 100, 477: 268, 478: 30, 481: 352, 482: 114, 491: 310, 492: 72, 493: 268, 494: 30, 495: 254, 496: 16, 517: 268, 518: 30, 519: 338, 520: 100, 525: 282, 526: 44, 533: 282, 534: 44, 535: 254, 536: 16, 547: 324, 548: 86, 555: 128, 556: 366, 557: 666, 558: 428, 559: 58, 560: 296, 561: 380, 562: 142, 563: 666, 564: 428, 565: 114, 566: 352, 573: 268, 574: 30, 575: 114, 576: 352, 577: 366, 578: 128, 579: 352, 580: 114, 581: 352, 582: 114, 583: 666, 584: 428, 585: 338, 586: 100, 587: 254, 588: 16, 589: 366, 590: 128, 591: 352, 592: 114, 593: 100, 594: 338, 595: 296, 596: 58, 597: 268, 598: 30, 599: 142, 600: 380, 601: 282, 602: 44, 603: 268, 604: 30, 605: 268, 606: 30, 607: 352, 608: 114, 613: 100, 614: 338, 615: 282, 616: 44, 617: 268, 618: 30, 619: 352, 620: 114, 621: 338, 622: 100, 623: 338, 624: 100, 625: 268, 626: 30, 629: 282, 630: 44, 631: 268, 632: 30, 633: 282, 634: 44, 635: 268, 636: 30, 637: 254, 638: 16, 639: 268, 640: 30, 641: 380, 642: 142, 643: 338, 644: 100, 645: 296, 646: 58, 651: 352, 652: 114, 653: 254, 654: 16, 661: 254, 662: 16, 663: 394, 664: 156, 665: 366, 666: 128, 667: 268, 668: 30, 671: 254, 672: 16, 713: 268, 714: 30, 715: 254, 716: 16, 717: 394, 718: 156, 719: 324, 720: 86, 721: 254, 722: 16, 723: 254, 724: 16, 725: 254, 726: 16, 727: 254, 728: 16, 733: 268, 734: 30, 741: 268, 742: 30, 743: 44, 744: 282, 745: 268, 746: 30, 747: 324, 748: 86, 757: 338, 758: 100, 759: 268, 760: 30, 763: 268, 764: 30, 765: 254, 766: 16, 767: 296, 768: 58, 769: 268, 770: 30, 771: 338, 772: 100, 773: 254, 774: 16, 783: 268, 784: 30, 785: 254, 786: 16, 787: 268, 788: 30, 789: 338, 790: 100, 791: 268, 792: 30, 793: 338, 794: 100, 795: 268, 796: 30, 797: 352, 798: 114, 799: 282, 800: 44, 801: 268, 802: 30, 815: 338, 816: 100, 817: 268, 818: 30, 825: 282, 826: 44, 827: 324, 828: 86, 829: 254, 830: 16, 835: 44, 836: 282, 837: 268, 838: 30, 867: 352, 868: 114, 875: 310, 876: 72, 877: 282, 878: 44, 879: 324, 880: 86, 881: 268, 882: 30, 893: 268, 894: 30, 903: 254, 904: 16, 911: 254, 912: 16}
Correct solution!
Number of lables used:  38
Time taken: 0.47 seconds
Memory used: 43.78 MB
--------------------------------------------------

Trying with at most 37 labels...
Solution:
{13: 282, 14: 44, 15: 282, 16: 44, 23: 750, 24: 512, 49: 484, 50: 722, 51: 16, 52: 254, 53: 498, 54: 736, 67: 694, 68: 456, 69: 44, 70: 282, 79: 694, 80: 456, 81: 282, 82: 44, 83: 764, 84: 526, 85: 694, 86: 456, 103: 470, 104: 708, 105: 16, 106: 254, 117: 736, 118: 498, 119: 792, 120: 554, 127: 526, 128: 764, 129: 694, 130: 456, 143: 526, 144: 764, 145: 254, 146: 16, 151: 254, 152: 16, 153: 540, 154: 778, 155: 708, 156: 470, 157: 778, 158: 540, 179: 282, 180: 44, 181: 44, 182: 282, 183: 722, 184: 484, 191: 792, 192: 554, 193: 456, 194: 694, 205: 470, 206: 708, 209: 694, 210: 456, 211: 554, 212: 792, 213: 470, 214: 708, 215: 254, 216: 16, 217: 526, 218: 764, 233: 736, 234: 498, 235: 44, 236: 282, 237: 484, 238: 722, 261: 282, 262: 44, 263: 470, 264: 708, 265: 792, 266: 554, 267: 722, 268: 484, 269: 254, 270: 16, 271: 254, 272: 16, 273: 792, 274: 554, 275: 792, 276: 554, 277: 470, 278: 708, 281: 484, 282: 722, 283: 554, 284: 792, 285: 470, 286: 708, 287: 282, 288: 44, 289: 16, 290: 254, 291: 456, 292: 694, 293: 240, 294: 478, 295: 282, 296: 44, 299: 778, 300: 540, 301: 254, 302: 16, 303: 456, 304: 694, 305: 792, 306: 554, 307: 708, 308: 470, 309: 282, 310: 44, 311: 254, 312: 16, 313: 254, 314: 16, 321: 254, 322: 16, 323: 254, 324: 16, 325: 526, 326: 764, 327: 456, 328: 694, 329: 708, 330: 470, 339: 16, 340: 254, 341: 722, 342: 484, 343: 722, 344: 484, 345: 526, 346: 764, 347: 456, 348: 694, 349: 470, 350: 708, 351: 456, 352: 694, 355: 512, 356: 750, 357: 736, 358: 498, 359: 778, 360: 540, 361: 512, 362: 750, 363: 708, 364: 470, 365: 44, 366: 282, 367: 764, 368: 526, 369: 512, 370: 750, 371: 254, 372: 16, 375: 282, 376: 44, 377: 456, 378: 694, 383: 456, 384: 694, 387: 484, 388: 722, 397: 470, 398: 708, 401: 764, 402: 526, 405: 540, 406: 778, 435: 456, 436: 694, 439: 512, 440: 750, 449: 694, 450: 456, 471: 282, 472: 44, 475: 526, 476: 764, 477: 764, 478: 526, 481: 282, 482: 44, 491: 778, 492: 540, 493: 722, 494: 484, 495: 282, 496: 44, 517: 722, 518: 484, 519: 750, 520: 512, 525: 736, 526: 498, 533: 694, 534: 456, 535: 282, 536: 44, 547: 16, 548: 254, 555: 722, 556: 484, 557: 540, 558: 778, 559: 44, 560: 282, 561: 526, 562: 764, 563: 44, 564: 282, 565: 778, 566: 540, 573: 512, 574: 750, 575: 736, 576: 498, 577: 16, 578: 254, 579: 764, 580: 526, 581: 16, 582: 254, 583: 44, 584: 282, 585: 254, 586: 16, 587: 722, 588: 484, 589: 456, 590: 694, 591: 44, 592: 282, 593: 470, 594: 708, 595: 750, 596: 512, 597: 498, 598: 736, 599: 526, 600: 764, 601: 694, 602: 456, 603: 750, 604: 512, 605: 694, 606: 456, 607: 470, 608: 708, 613: 470, 614: 708, 615: 498, 616: 736, 617: 44, 618: 282, 619: 526, 620: 764, 621: 456, 622: 694, 623: 456, 624: 694, 625: 44, 626: 282, 629: 736, 630: 498, 631: 750, 632: 512, 633: 750, 634: 512, 635: 708, 636: 470, 637: 282, 638: 44, 639: 750, 640: 512, 641: 470, 642: 708, 643: 526, 644: 764, 645: 16, 646: 254, 651: 254, 652: 16, 653: 16, 654: 254, 661: 750, 662: 512, 663: 16, 664: 254, 665: 694, 666: 456, 667: 750, 668: 512, 671: 282, 672: 44, 713: 470, 714: 708, 715: 456, 716: 694, 717: 456, 718: 694, 719: 792, 720: 554, 721: 282, 722: 44, 723: 282, 724: 44, 725: 282, 726: 44, 727: 282, 728: 44, 733: 750, 734: 512, 741: 498, 742: 736, 743: 44, 744: 282, 745: 750, 746: 512, 747: 750, 748: 512, 757: 44, 758: 282, 759: 750, 760: 512, 763: 750, 764: 512, 765: 282, 766: 44, 767: 484, 768: 722, 769: 456, 770: 694, 771: 456, 772: 694, 773: 254, 774: 16, 783: 750, 784: 512, 785: 282, 786: 44, 787: 750, 788: 512, 789: 44, 790: 282, 791: 750, 792: 512, 793: 44, 794: 282, 795: 750, 796: 512, 797: 456, 798: 694, 799: 750, 800: 512, 801: 778, 802: 540, 815: 750, 816: 512, 817: 498, 818: 736, 825: 708, 826: 470, 827: 470, 828: 708, 829: 16, 830: 254, 835: 484, 836: 722, 837: 750, 838: 512, 867: 470, 868: 708, 875: 708, 876: 470, 877: 722, 878: 484, 879: 750, 880: 512, 881: 750, 882: 512, 893: 484, 894: 722, 903: 254, 904: 16, 911: 778, 912: 540}
Correct solution!
Number of lables used:  22
Time taken: 0.50 seconds
Memory used: 44.90 MB
--------------------------------------------------

Trying with at most 21 labels...
Solution:
{13: 282, 14: 44, 15: 282, 16: 44, 23: 750, 24: 512, 49: 484, 50: 722, 51: 44, 52: 282, 53: 498, 54: 736, 67: 708, 68: 470, 69: 44, 70: 282, 79: 694, 80: 456, 81: 282, 82: 44, 83: 764, 84: 526, 85: 694, 86: 456, 103: 470, 104: 708, 105: 44, 106: 282, 117: 736, 118: 498, 119: 792, 120: 554, 127: 554, 128: 792, 129: 694, 130: 456, 143: 526, 144: 764, 145: 282, 146: 44, 151: 484, 152: 722, 153: 380, 154: 142, 155: 708, 156: 470, 157: 778, 158: 540, 179: 282, 180: 44, 181: 44, 182: 282, 183: 778, 184: 540, 191: 380, 192: 142, 193: 722, 194: 484, 205: 470, 206: 708, 209: 694, 210: 456, 211: 554, 212: 792, 213: 470, 214: 708, 215: 380, 216: 142, 217: 456, 218: 694, 233: 736, 234: 498, 235: 44, 236: 282, 237: 484, 238: 722, 261: 282, 262: 44, 263: 470, 264: 708, 265: 792, 266: 554, 267: 722, 268: 484, 269: 470, 270: 708, 271: 380, 272: 142, 273: 792, 274: 554, 275: 792, 276: 554, 277: 470, 278: 708, 281: 484, 282: 722, 283: 554, 284: 792, 285: 470, 286: 708, 287: 282, 288: 44, 289: 44, 290: 282, 291: 456, 292: 694, 293: 142, 294: 380, 295: 282, 296: 44, 299: 778, 300: 540, 301: 380, 302: 142, 303: 456, 304: 694, 305: 792, 306: 554, 307: 708, 308: 470, 309: 282, 310: 44, 311: 792, 312: 554, 313: 792, 314: 554, 321: 380, 322: 142, 323: 282, 324: 44, 325: 526, 326: 764, 327: 456, 328: 694, 329: 708, 330: 470, 339: 44, 340: 282, 341: 722, 342: 484, 343: 722, 344: 484, 345: 526, 346: 764, 347: 456, 348: 694, 349: 470, 350: 708, 351: 456, 352: 694, 355: 512, 356: 750, 357: 736, 358: 498, 359: 778, 360: 540, 361: 512, 362: 750, 363: 708, 364: 470, 365: 44, 366: 282, 367: 764, 368: 526, 369: 512, 370: 750, 371: 380, 372: 142, 375: 282, 376: 44, 377: 380, 378: 142, 383: 456, 384: 694, 387: 484, 388: 722, 397: 470, 398: 708, 401: 764, 402: 526, 405: 484, 406: 722, 435: 456, 436: 694, 439: 512, 440: 750, 449: 380, 450: 142, 471: 282, 472: 44, 475: 526, 476: 764, 477: 764, 478: 526, 481: 282, 482: 44, 491: 778, 492: 540, 493: 722, 494: 484, 495: 282, 496: 44, 517: 722, 518: 484, 519: 750, 520: 512, 525: 736, 526: 498, 533: 694, 534: 456, 535: 282, 536: 44, 547: 44, 548: 282, 555: 722, 556: 484, 557: 540, 558: 778, 559: 44, 560: 282, 561: 526, 562: 764, 563: 44, 564: 282, 565: 778, 566: 540, 573: 512, 574: 750, 575: 736, 576: 498, 577: 142, 578: 380, 579: 764, 580: 526, 581: 44, 582: 282, 583: 44, 584: 282, 585: 282, 586: 44, 587: 722, 588: 484, 589: 456, 590: 694, 591: 44, 592: 282, 593: 470, 594: 708, 595: 750, 596: 512, 597: 498, 598: 736, 599: 526, 600: 764, 601: 694, 602: 456, 603: 750, 604: 512, 605: 694, 606: 456, 607: 498, 608: 736, 613: 470, 614: 708, 615: 498, 616: 736, 617: 44, 618: 282, 619: 526, 620: 764, 621: 456, 622: 694, 623: 456, 624: 694, 625: 44, 626: 282, 629: 736, 630: 498, 631: 750, 632: 512, 633: 750, 634: 512, 635: 708, 636: 470, 637: 282, 638: 44, 639: 750, 640: 512, 641: 470, 642: 708, 643: 526, 644: 764, 645: 380, 646: 142, 651: 456, 652: 694, 653: 554, 654: 792, 661: 750, 662: 512, 663: 456, 664: 694, 665: 694, 666: 456, 667: 750, 668: 512, 671: 282, 672: 44, 713: 470, 714: 708, 715: 512, 716: 750, 717: 456, 718: 694, 719: 792, 720: 554, 721: 282, 722: 44, 723: 282, 724: 44, 725: 282, 726: 44, 727: 282, 728: 44, 733: 750, 734: 512, 741: 498, 742: 736, 743: 44, 744: 282, 745: 750, 746: 512, 747: 750, 748: 512, 757: 44, 758: 282, 759: 750, 760: 512, 763: 750, 764: 512, 765: 282, 766: 44, 767: 484, 768: 722, 769: 694, 770: 456, 771: 456, 772: 694, 773: 380, 774: 142, 783: 750, 784: 512, 785: 282, 786: 44, 787: 750, 788: 512, 789: 44, 790: 282, 791: 750, 792: 512, 793: 44, 794: 282, 795: 750, 796: 512, 797: 456, 798: 694, 799: 750, 800: 512, 801: 778, 802: 540, 815: 750, 816: 512, 817: 498, 818: 736, 825: 694, 826: 456, 827: 526, 828: 764, 829: 722, 830: 484, 835: 498, 836: 736, 837: 750, 838: 512, 867: 470, 868: 708, 875: 708, 876: 470, 877: 722, 878: 484, 879: 750, 880: 512, 881: 750, 882: 512, 893: 484, 894: 722, 903: 282, 904: 44, 911: 708, 912: 470}
Correct solution!
Number of lables used:  20
Time taken: 0.52 seconds
Memory used: 45.15 MB
--------------------------------------------------

Trying with at most 19 labels...
Solution:
{13: 282, 14: 44, 15: 282, 16: 44, 23: 750, 24: 512, 49: 512, 50: 750, 51: 44, 52: 282, 53: 526, 54: 764, 67: 708, 68: 470, 69: 44, 70: 282, 79: 694, 80: 456, 81: 282, 82: 44, 83: 764, 84: 526, 85: 694, 86: 456, 103: 470, 104: 708, 105: 44, 106: 282, 117: 708, 118: 470, 119: 792, 120: 554, 127: 554, 128: 792, 129: 694, 130: 456, 143: 526, 144: 764, 145: 282, 146: 44, 151: 470, 152: 708, 153: 380, 154: 142, 155: 708, 156: 470, 157: 778, 158: 540, 179: 282, 180: 44, 181: 44, 182: 282, 183: 778, 184: 540, 191: 380, 192: 142, 193: 708, 194: 470, 205: 470, 206: 708, 209: 694, 210: 456, 211: 554, 212: 792, 213: 470, 214: 708, 215: 380, 216: 142, 217: 764, 218: 526, 233: 750, 234: 512, 235: 44, 236: 282, 237: 380, 238: 142, 261: 282, 262: 44, 263: 470, 264: 708, 265: 694, 266: 456, 267: 764, 268: 526, 269: 456, 270: 694, 271: 456, 272: 694, 273: 792, 274: 554, 275: 792, 276: 554, 277: 456, 278: 694, 281: 380, 282: 142, 283: 554, 284: 792, 285: 470, 286: 708, 287: 282, 288: 44, 289: 44, 290: 282, 291: 470, 292: 708, 293: 142, 294: 380, 295: 282, 296: 44, 299: 778, 300: 540, 301: 380, 302: 142, 303: 456, 304: 694, 305: 792, 306: 554, 307: 708, 308: 470, 309: 282, 310: 44, 311: 792, 312: 554, 313: 792, 314: 554, 321: 380, 322: 142, 323: 282, 324: 44, 325: 526, 326: 764, 327: 456, 328: 694, 329: 708, 330: 470, 339: 44, 340: 282, 341: 750, 342: 512, 343: 750, 344: 512, 345: 526, 346: 764, 347: 456, 348: 694, 349: 470, 350: 708, 351: 456, 352: 694, 355: 512, 356: 750, 357: 764, 358: 526, 359: 778, 360: 540, 361: 512, 362: 750, 363: 708, 364: 470, 365: 44, 366: 282, 367: 764, 368: 526, 369: 512, 370: 750, 371: 380, 372: 142, 375: 282, 376: 44, 377: 380, 378: 142, 383: 456, 384: 694, 387: 540, 388: 778, 397: 470, 398: 708, 401: 764, 402: 526, 405: 470, 406: 708, 435: 456, 436: 694, 439: 456, 440: 694, 449: 380, 450: 142, 471: 282, 472: 44, 475: 526, 476: 764, 477: 764, 478: 526, 481: 282, 482: 44, 491: 778, 492: 540, 493: 708, 494: 470, 495: 282, 496: 44, 517: 540, 518: 778, 519: 750, 520: 512, 525: 694, 526: 456, 533: 694, 534: 456, 535: 282, 536: 44, 547: 44, 548: 282, 555: 708, 556: 470, 557: 512, 558: 750, 559: 44, 560: 282, 561: 526, 562: 764, 563: 44, 564: 282, 565: 778, 566: 540, 573: 512, 574: 750, 575: 282, 576: 44, 577: 142, 578: 380, 579: 764, 580: 526, 581: 44, 582: 282, 583: 282, 584: 44, 585: 282, 586: 44, 587: 708, 588: 470, 589: 456, 590: 694, 591: 44, 592: 282, 593: 470, 594: 708, 595: 750, 596: 512, 597: 526, 598: 764, 599: 526, 600: 764, 601: 694, 602: 456, 603: 750, 604: 512, 605: 694, 606: 456, 607: 526, 608: 764, 613: 470, 614: 708, 615: 456, 616: 694, 617: 44, 618: 282, 619: 526, 620: 764, 621: 456, 622: 694, 623: 456, 624: 694, 625: 44, 626: 282, 629: 750, 630: 512, 631: 764, 632: 526, 633: 750, 634: 512, 635: 708, 636: 470, 637: 282, 638: 44, 639: 750, 640: 512, 641: 456, 642: 694, 643: 526, 644: 764, 645: 380, 646: 142, 651: 456, 652: 694, 653: 750, 654: 512, 661: 750, 662: 512, 663: 456, 664: 694, 665: 694, 666: 456, 667: 750, 668: 512, 671: 282, 672: 44, 713: 456, 714: 694, 715: 512, 716: 750, 717: 142, 718: 380, 719: 792, 720: 554, 721: 282, 722: 44, 723: 282, 724: 44, 725: 282, 726: 44, 727: 282, 728: 44, 733: 750, 734: 512, 741: 456, 742: 694, 743: 44, 744: 282, 745: 750, 746: 512, 747: 750, 748: 512, 757: 44, 758: 282, 759: 750, 760: 512, 763: 750, 764: 512, 765: 282, 766: 44, 767: 554, 768: 792, 769: 694, 770: 456, 771: 456, 772: 694, 773: 380, 774: 142, 783: 750, 784: 512, 785: 282, 786: 44, 787: 750, 788: 512, 789: 44, 790: 282, 791: 750, 792: 512, 793: 44, 794: 282, 795: 750, 796: 512, 797: 456, 798: 694, 799: 750, 800: 512, 801: 778, 802: 540, 815: 750, 816: 512, 817: 526, 818: 764, 825: 142, 826: 380, 827: 526, 828: 764, 829: 694, 830: 456, 835: 512, 836: 750, 837: 764, 838: 526, 867: 470, 868: 708, 875: 708, 876: 470, 877: 694, 878: 456, 879: 764, 880: 526, 881: 750, 882: 512, 893: 456, 894: 694, 903: 282, 904: 44, 911: 750, 912: 512}
Correct solution!
Number of lables used:  16
Time taken: 0.53 seconds
Memory used: 45.40 MB
--------------------------------------------------

Trying with at most 15 labels...
Solution:
{13: 282, 14: 44, 15: 282, 16: 44, 23: 750, 24: 512, 49: 512, 50: 750, 51: 44, 52: 282, 53: 554, 54: 792, 67: 792, 68: 554, 69: 44, 70: 282, 79: 694, 80: 456, 81: 282, 82: 44, 83: 380, 84: 142, 85: 792, 86: 554, 103: 456, 104: 694, 105: 44, 106: 282, 117: 694, 118: 456, 119: 792, 120: 554, 127: 554, 128: 792, 129: 694, 130: 456, 143: 540, 144: 778, 145: 282, 146: 44, 151: 456, 152: 694, 153: 540, 154: 778, 155: 282, 156: 44, 157: 778, 158: 540, 179: 282, 180: 44, 181: 44, 182: 282, 183: 380, 184: 142, 191: 380, 192: 142, 193: 750, 194: 512, 205: 44, 206: 282, 209: 666, 210: 428, 211: 554, 212: 792, 213: 44, 214: 282, 215: 380, 216: 142, 217: 428, 218: 666, 233: 750, 234: 512, 235: 44, 236: 282, 237: 380, 238: 142, 261: 282, 262: 44, 263: 554, 264: 792, 265: 792, 266: 554, 267: 694, 268: 456, 269: 694, 270: 456, 271: 694, 272: 456, 273: 792, 274: 554, 275: 792, 276: 554, 277: 694, 278: 456, 281: 554, 282: 792, 283: 142, 284: 380, 285: 750, 286: 512, 287: 282, 288: 44, 289: 44, 290: 282, 291: 554, 292: 792, 293: 142, 294: 380, 295: 512, 296: 750, 299: 750, 300: 512, 301: 380, 302: 142, 303: 694, 304: 456, 305: 792, 306: 554, 307: 666, 308: 428, 309: 44, 310: 282, 311: 792, 312: 554, 313: 792, 314: 554, 321: 282, 322: 44, 323: 282, 324: 44, 325: 540, 326: 778, 327: 456, 328: 694, 329: 694, 330: 456, 339: 792, 340: 554, 341: 792, 342: 554, 343: 792, 344: 554, 345: 380, 346: 142, 347: 456, 348: 694, 349: 428, 350: 666, 351: 540, 352: 778, 355: 512, 356: 750, 357: 778, 358: 540, 359: 666, 360: 428, 361: 512, 362: 750, 363: 778, 364: 540, 365: 44, 366: 282, 367: 694, 368: 456, 369: 750, 370: 512, 371: 380, 372: 142, 375: 282, 376: 44, 377: 694, 378: 456, 383: 456, 384: 694, 387: 512, 388: 750, 397: 456, 398: 694, 401: 750, 402: 512, 405: 778, 406: 540, 435: 456, 436: 694, 439: 554, 440: 792, 449: 666, 450: 428, 471: 282, 472: 44, 475: 512, 476: 750, 477: 428, 478: 666, 481: 282, 482: 44, 491: 778, 492: 540, 493: 666, 494: 428, 495: 282, 496: 44, 517: 540, 518: 778, 519: 750, 520: 512, 525: 694, 526: 456, 533: 282, 534: 44, 535: 694, 536: 456, 547: 44, 548: 282, 555: 428, 556: 666, 557: 512, 558: 750, 559: 44, 560: 282, 561: 512, 562: 750, 563: 44, 564: 282, 565: 456, 566: 694, 573: 512, 574: 750, 575: 694, 576: 456, 577: 554, 578: 792, 579: 792, 580: 554, 581: 44, 582: 282, 583: 282, 584: 44, 585: 282, 586: 44, 587: 380, 588: 142, 589: 456, 590: 694, 591: 44, 592: 282, 593: 540, 594: 778, 595: 778, 596: 540, 597: 142, 598: 380, 599: 142, 600: 380, 601: 750, 602: 512, 603: 750, 604: 512, 605: 142, 606: 380, 607: 540, 608: 778, 613: 540, 614: 778, 615: 456, 616: 694, 617: 44, 618: 282, 619: 512, 620: 750, 621: 456, 622: 694, 623: 456, 624: 694, 625: 44, 626: 282, 629: 778, 630: 540, 631: 750, 632: 512, 633: 750, 634: 512, 635: 778, 636: 540, 637: 282, 638: 44, 639: 750, 640: 512, 641: 44, 642: 282, 643: 428, 644: 666, 645: 380, 646: 142, 651: 512, 652: 750, 653: 792, 654: 554, 661: 750, 662: 512, 663: 456, 664: 694, 665: 694, 666: 456, 667: 750, 668: 512, 671: 282, 672: 44, 713: 694, 714: 456, 715: 380, 716: 142, 717: 142, 718: 380, 719: 792, 720: 554, 721: 282, 722: 44, 723: 282, 724: 44, 725: 554, 726: 792, 727: 554, 728: 792, 733: 778, 734: 540, 741: 792, 742: 554, 743: 282, 744: 44, 745: 778, 746: 540, 747: 750, 748: 512, 757: 44, 758: 282, 759: 750, 760: 512, 763: 750, 764: 512, 765: 282, 766: 44, 767: 554, 768: 792, 769: 694, 770: 456, 771: 554, 772: 792, 773: 380, 774: 142, 783: 778, 784: 540, 785: 282, 786: 44, 787: 750, 788: 512, 789: 44, 790: 282, 791: 750, 792: 512, 793: 44, 794: 282, 795: 750, 796: 512, 797: 456, 798: 694, 799: 750, 800: 512, 801: 142, 802: 380, 815: 778, 816: 540, 817: 694, 818: 456, 825: 666, 826: 428, 827: 540, 828: 778, 829: 778, 830: 540, 835: 380, 836: 142, 837: 750, 838: 512, 867: 540, 868: 778, 875: 380, 876: 142, 877: 694, 878: 456, 879: 750, 880: 512, 881: 750, 882: 512, 893: 456, 894: 694, 903: 282, 904: 44, 911: 750, 912: 512}
Correct solution!
Number of lables used:  14
Time taken: 0.55 seconds
Memory used: 45.40 MB
--------------------------------------------------

Trying with at most 13 labels...
[runlim] sample:		10.0 time, 10.9 real, 69.3 MB
[runlim] sample:		20.0 time, 20.9 real, 77.9 MB
[runlim] sample:		30.0 time, 30.9 real, 79.2 MB
[runlim] sample:		40.0 time, 40.9 real, 79.2 MB
[runlim] sample:		50.0 time, 50.9 real, 79.2 MB
[runlim] sample:		60.0 time, 60.9 real, 79.2 MB
[runlim] sample:		70.0 time, 70.9 real, 79.2 MB
[runlim] sample:		80.0 time, 80.9 real, 62.5 MB
[runlim] sample:		90.0 time, 90.9 real, 86.1 MB
[runlim] sample:		100.0 time, 100.9 real, 88.1 MB
[runlim] sample:		110.0 time, 110.9 real, 88.6 MB
[runlim] sample:		120.0 time, 120.9 real, 89.0 MB
[runlim] sample:		130.0 time, 130.9 real, 89.4 MB
[runlim] sample:		140.0 time, 140.9 real, 90.1 MB
[runlim] sample:		150.0 time, 150.9 real, 90.6 MB
[runlim] sample:		160.0 time, 160.9 real, 91.2 MB
[runlim] sample:		170.0 time, 170.9 real, 91.7 MB
[runlim] sample:		180.0 time, 180.9 real, 92.5 MB
[runlim] sample:		190.0 time, 190.9 real, 93.0 MB
[runlim] sample:		200.0 time, 200.9 real, 93.4 MB
[runlim] sample:		210.0 time, 210.9 real, 95.4 MB
[runlim] sample:		220.0 time, 220.9 real, 96.6 MB
[runlim] sample:		230.0 time, 230.9 real, 96.6 MB
[runlim] sample:		240.0 time, 240.9 real, 96.9 MB
[runlim] sample:		250.0 time, 250.9 real, 97.1 MB
[runlim] sample:		260.0 time, 260.9 real, 98.1 MB
[runlim] sample:		270.0 time, 270.9 real, 99.0 MB
[runlim] sample:		280.0 time, 280.9 real, 100.0 MB
[runlim] sample:		290.0 time, 290.9 real, 100.0 MB
[runlim] sample:		300.0 time, 300.9 real, 105.0 MB
[runlim] sample:		310.0 time, 310.9 real, 111.9 MB
[runlim] sample:		320.0 time, 320.9 real, 111.9 MB
[runlim] sample:		330.0 time, 330.9 real, 111.9 MB
[runlim] sample:		340.0 time, 340.9 real, 112.2 MB
[runlim] sample:		350.0 time, 350.9 real, 112.3 MB
[runlim] sample:		360.0 time, 360.9 real, 112.4 MB
[runlim] sample:		370.0 time, 370.9 real, 112.4 MB
[runlim] sample:		380.0 time, 380.9 real, 112.5 MB
[runlim] sample:		390.0 time, 390.9 real, 112.5 MB
[runlim] sample:		400.0 time, 400.9 real, 112.5 MB
[runlim] sample:		410.0 time, 410.9 real, 112.5 MB
[runlim] sample:		420.0 time, 420.9 real, 112.5 MB
[runlim] sample:		430.0 time, 430.9 real, 112.5 MB
[runlim] sample:		440.0 time, 440.9 real, 144.6 MB
[runlim] sample:		450.0 time, 450.9 real, 112.5 MB
[runlim] sample:		460.0 time, 460.9 real, 144.4 MB
[runlim] sample:		470.0 time, 470.9 real, 112.5 MB
[runlim] sample:		480.0 time, 480.9 real, 142.6 MB
[runlim] sample:		490.0 time, 490.9 real, 112.5 MB
[runlim] sample:		500.0 time, 500.9 real, 112.5 MB
[runlim] sample:		510.0 time, 510.9 real, 112.5 MB
[runlim] sample:		520.0 time, 520.9 real, 112.5 MB
[runlim] sample:		530.0 time, 530.9 real, 146.4 MB
[runlim] sample:		540.0 time, 540.9 real, 112.5 MB
[runlim] sample:		550.0 time, 550.9 real, 143.4 MB
[runlim] sample:		560.0 time, 560.9 real, 112.5 MB
[runlim] sample:		570.0 time, 570.9 real, 112.5 MB
[runlim] sample:		580.0 time, 580.9 real, 145.6 MB
[runlim] sample:		590.0 time, 590.9 real, 112.5 MB
[runlim] sample:		600.0 time, 600.9 real, 142.5 MB
[runlim] sample:		610.0 time, 610.9 real, 112.5 MB
[runlim] sample:		620.0 time, 620.9 real, 112.5 MB
[runlim] sample:		630.0 time, 630.9 real, 144.5 MB
[runlim] sample:		640.0 time, 640.9 real, 112.5 MB
[runlim] sample:		650.0 time, 650.9 real, 112.5 MB
[runlim] sample:		660.0 time, 660.9 real, 144.7 MB
[runlim] sample:		670.0 time, 670.9 real, 112.4 MB
[runlim] sample:		680.0 time, 680.9 real, 112.4 MB
[runlim] sample:		690.0 time, 690.9 real, 144.9 MB
[runlim] sample:		700.0 time, 700.9 real, 112.4 MB
[runlim] sample:		710.0 time, 710.9 real, 112.4 MB
[runlim] sample:		720.0 time, 720.9 real, 145.6 MB
[runlim] sample:		730.0 time, 730.9 real, 150.4 MB
[runlim] sample:		740.0 time, 740.9 real, 112.4 MB
[runlim] sample:		750.0 time, 750.9 real, 144.1 MB
[runlim] sample:		760.0 time, 760.9 real, 149.6 MB
[runlim] sample:		770.0 time, 770.9 real, 112.6 MB
[runlim] sample:		780.0 time, 780.9 real, 112.6 MB
[runlim] sample:		790.0 time, 790.9 real, 147.9 MB
[runlim] sample:		800.0 time, 800.9 real, 152.5 MB
[runlim] sample:		810.0 time, 810.9 real, 112.7 MB
[runlim] sample:		820.0 time, 820.9 real, 145.1 MB
[runlim] sample:		830.0 time, 830.9 real, 150.6 MB
[runlim] sample:		840.0 time, 840.9 real, 112.7 MB
[runlim] sample:		850.0 time, 850.9 real, 112.7 MB
[runlim] sample:		860.0 time, 860.9 real, 147.2 MB
[runlim] sample:		870.0 time, 870.9 real, 152.4 MB
[runlim] sample:		880.0 time, 880.9 real, 112.8 MB
[runlim] sample:		890.0 time, 890.9 real, 143.4 MB
[runlim] end:			Thu Jan 15 03:01:02 2026
[runlim] status:		out of time
[runlim] result:		2
[runlim] children:		0
[runlim] real:			900.12 seconds
[runlim] time:			899.17 seconds
[runlim] space:			153.7 MB
[runlim] samples:		8992
