[runlim] version:		1.10
[runlim] time limit:		311040000 seconds
[runlim] real time limit:	600 seconds
[runlim] space limit:		14000 MB
[runlim] argv[0]:		python3
[runlim] argv[1]:		-u
[runlim] argv[2]:		mip.py
[runlim] argv[3]:		graph13
[runlim] start:			Sat Jan 24 19:31:25 2026
[runlim] main pid:		55490
Building MIP model...
[runlim] sample:		10.0 time, 10.9 real, 35.6 MB
[runlim] sample:		20.0 time, 20.9 real, 37.9 MB
[runlim] sample:		30.0 time, 30.9 real, 40.4 MB
[runlim] sample:		40.0 time, 40.9 real, 41.5 MB
[runlim] sample:		49.9 time, 50.9 real, 44.3 MB
[runlim] sample:		59.9 time, 60.9 real, 44.8 MB
[runlim] sample:		69.9 time, 70.9 real, 44.7 MB
[runlim] sample:		79.9 time, 80.9 real, 45.8 MB
[runlim] sample:		89.9 time, 90.9 real, 46.4 MB
[runlim] sample:		99.9 time, 100.9 real, 46.8 MB
[runlim] sample:		109.9 time, 110.9 real, 49.2 MB
[runlim] sample:		119.9 time, 120.9 real, 49.6 MB
[runlim] sample:		129.9 time, 130.9 real, 49.8 MB
[runlim] sample:		139.9 time, 140.9 real, 52.7 MB
[runlim] sample:		149.9 time, 150.9 real, 53.2 MB
[runlim] sample:		159.9 time, 160.9 real, 53.4 MB
[runlim] sample:		169.9 time, 170.9 real, 53.7 MB
[runlim] sample:		179.9 time, 180.9 real, 56.6 MB
[runlim] sample:		189.8 time, 190.9 real, 57.3 MB
[runlim] sample:		199.8 time, 200.9 real, 57.7 MB
[runlim] sample:		209.8 time, 210.9 real, 58.1 MB
[runlim] sample:		219.8 time, 220.9 real, 58.2 MB
[runlim] sample:		229.8 time, 230.9 real, 58.4 MB
[runlim] sample:		239.8 time, 240.9 real, 61.7 MB
[runlim] sample:		249.8 time, 250.9 real, 62.4 MB
[runlim] sample:		259.8 time, 260.9 real, 62.9 MB
[runlim] sample:		269.8 time, 270.9 real, 63.3 MB
[runlim] sample:		279.7 time, 280.9 real, 63.4 MB
[runlim] sample:		289.7 time, 290.9 real, 63.6 MB
[runlim] sample:		299.7 time, 300.9 real, 63.8 MB
[runlim] sample:		309.7 time, 310.9 real, 63.9 MB
[runlim] sample:		319.7 time, 320.9 real, 68.2 MB
[runlim] sample:		329.7 time, 330.9 real, 68.9 MB
[runlim] sample:		339.7 time, 340.9 real, 69.3 MB
[runlim] sample:		349.6 time, 350.9 real, 69.6 MB
[runlim] sample:		359.6 time, 360.9 real, 69.7 MB
[runlim] sample:		369.6 time, 370.9 real, 69.9 MB
[runlim] sample:		379.6 time, 380.9 real, 70.2 MB
[runlim] sample:		389.6 time, 390.9 real, 70.4 MB
[runlim] sample:		399.6 time, 400.9 real, 70.4 MB
[runlim] sample:		409.6 time, 410.9 real, 70.6 MB
[runlim] sample:		419.6 time, 420.9 real, 75.4 MB
[runlim] sample:		429.6 time, 430.9 real, 76.3 MB
[runlim] sample:		439.6 time, 440.9 real, 76.7 MB
[runlim] sample:		449.5 time, 450.9 real, 77.1 MB
[runlim] sample:		459.5 time, 460.9 real, 77.4 MB
[runlim] sample:		469.5 time, 470.9 real, 77.6 MB
[runlim] sample:		479.5 time, 480.9 real, 77.7 MB
[runlim] sample:		489.5 time, 490.9 real, 78.1 MB
[runlim] sample:		499.5 time, 500.9 real, 78.2 MB
[runlim] sample:		509.5 time, 510.9 real, 78.3 MB
[runlim] sample:		519.5 time, 520.9 real, 78.3 MB
[runlim] sample:		529.5 time, 530.9 real, 78.3 MB
[runlim] sample:		539.5 time, 540.9 real, 78.3 MB
Build time: 545.59s
Solving MIP (minimizing number of labels)...
Version identifier: 22.1.1.0 | 2022-11-28 | 9160aff4d
CPXPARAM_Read_DataCheck                          1
Legacy callback                                  i
Infeasibility row 'c357':  0  = 1.
Presolve time = 0.23 sec. (132.79 ticks)

Root node processing (before b&c):
  Real time             =    0.28 sec. (186.75 ticks)
Parallel b&c, 12 threads:
  Real time             =    0.00 sec. (0.00 ticks)
  Sync time (average)   =    0.00 sec.
  Wait time (average)   =    0.00 sec.
                          ------------
Total (root+branch&cut) =    0.28 sec. (186.75 ticks)
CPLEX Error  1217: No solution exists.
No solution found.
[runlim] end:			Sat Jan 24 19:40:32 2026
[runlim] status:		ok
[runlim] result:		0
[runlim] children:		0
[runlim] real:			547.11 seconds
[runlim] time:			545.65 seconds
[runlim] space:			222.6 MB
[runlim] samples:		5462
