[runlim] version:		1.10
[runlim] time limit:		311040000 seconds
[runlim] real time limit:	600 seconds
[runlim] space limit:		14000 MB
[runlim] argv[0]:		python3
[runlim] argv[1]:		-u
[runlim] argv[2]:		mip.py
[runlim] argv[3]:		graph04
[runlim] start:			Sat Jan 24 19:06:49 2026
[runlim] main pid:		44435
Building MIP model...
[runlim] sample:		10.0 time, 10.1 real, 32.6 MB
[runlim] sample:		20.0 time, 20.1 real, 35.1 MB
[runlim] sample:		30.0 time, 30.1 real, 38.4 MB
[runlim] sample:		40.0 time, 40.1 real, 40.1 MB
[runlim] sample:		49.9 time, 50.1 real, 41.9 MB
[runlim] sample:		59.9 time, 60.1 real, 42.4 MB
[runlim] sample:		69.9 time, 70.1 real, 43.6 MB
[runlim] sample:		79.9 time, 80.1 real, 45.4 MB
[runlim] sample:		89.9 time, 90.1 real, 46.6 MB
[runlim] sample:		99.9 time, 100.1 real, 47.1 MB
[runlim] sample:		109.9 time, 110.1 real, 50.1 MB
[runlim] sample:		119.9 time, 120.1 real, 50.6 MB
[runlim] sample:		129.9 time, 130.1 real, 50.8 MB
[runlim] sample:		139.9 time, 140.1 real, 54.1 MB
[runlim] sample:		149.9 time, 150.1 real, 54.8 MB
[runlim] sample:		159.9 time, 160.1 real, 55.2 MB
[runlim] sample:		169.8 time, 170.1 real, 55.9 MB
[runlim] sample:		179.8 time, 180.1 real, 59.3 MB
[runlim] sample:		189.8 time, 190.1 real, 60.2 MB
[runlim] sample:		199.8 time, 200.1 real, 60.8 MB
[runlim] sample:		209.8 time, 210.1 real, 60.9 MB
[runlim] sample:		219.8 time, 220.1 real, 61.1 MB
[runlim] sample:		229.8 time, 230.1 real, 61.2 MB
[runlim] sample:		239.8 time, 240.1 real, 65.8 MB
[runlim] sample:		249.8 time, 250.1 real, 66.8 MB
[runlim] sample:		259.8 time, 260.1 real, 67.2 MB
[runlim] sample:		269.8 time, 270.1 real, 67.6 MB
[runlim] sample:		279.7 time, 280.1 real, 67.7 MB
[runlim] sample:		289.7 time, 290.1 real, 67.7 MB
[runlim] sample:		299.7 time, 300.1 real, 67.8 MB
Build time: 305.62s
Solving MIP (minimizing number of labels)...
Version identifier: 22.1.1.0 | 2022-11-28 | 9160aff4d
CPXPARAM_Read_DataCheck                          1
Legacy callback                                  i
Tried aggregator 2 times.
[runlim] sample:		314.1 time, 310.1 real, 385.0 MB
MIP Presolve eliminated 891364 rows and 60 columns.
MIP Presolve modified 27528 coefficients.
Aggregator did 7455 substitutions.
Reduced MIP has 22296 rows, 7439 columns, and 565206 nonzeros.
Reduced MIP has 7439 binaries, 0 generals, 0 SOSs, and 0 indicators.
Presolve time = 6.06 sec. (9509.97 ticks)
Probing fixed 172 vars, tightened 0 bounds.
Probing changed sense of 1 constraints.
Probing time = 0.03 sec. (17.78 ticks)
Tried aggregator 1 time.
Detecting symmetries...
MIP Presolve eliminated 172 rows and 185 columns.
MIP Presolve modified 3632 coefficients.
Reduced MIP has 21976 rows, 7254 columns, and 540975 nonzeros.
Reduced MIP has 7254 binaries, 0 generals, 0 SOSs, and 0 indicators.
Presolve time = 0.50 sec. (808.09 ticks)
Probing fixed 38 vars, tightened 0 bounds.
Probing time = 0.04 sec. (18.96 ticks)
Clique table members: 29570.
MIP emphasis: balance optimality and feasibility.
MIP search method: dynamic search.
Parallel mode: deterministic, using up to 12 threads.
[runlim] sample:		351.5 time, 320.1 real, 835.1 MB
[runlim] sample:		450.1 time, 330.1 real, 836.8 MB
[runlim] sample:		498.4 time, 340.1 real, 601.8 MB
Root relaxation solution time = 30.44 sec. (17524.24 ticks)

        Nodes                                         Cuts/
   Node  Left     Objective  IInf  Best Integer    Best Bound    ItCnt     Gap

*     0+    0                           44.0000        0.0000           100.00%
*     0+    0                           42.0000        0.0000           100.00%
      0     0       14.0000  2248       42.0000       14.0000    21673   66.67%

========== NEW INCUMBENT SOLUTION ==========
{1: 680, 2: 442, 3: 414, 4: 652, 5: 58, 6: 296, 7: 44, 8: 282, 9: 554, 10: 792, 11: 100, 12: 338, 13: 750, 14: 512, 15: 694, 16: 456, 17: 16, 18: 254, 19: 652, 20: 414, 21: 792, 22: 554, 23: 114, 24: 352, 25: 142, 26: 380, 27: 114, 28: 352, 29: 666, 30: 428, 31: 680, 32: 442, 33: 694, 34: 456, 35: 128, 36: 366, 37: 16, 38: 254, 39: 100, 40: 338, 41: 114, 42: 352, 43: 778, 44: 540, 45: 666, 46: 428, 47: 792, 48: 554, 49: 86, 50: 324, 51: 778, 52: 540, 53: 114, 54: 352, 55: 156, 56: 394, 57: 16, 58: 254, 59: 736, 60: 498, 61: 44, 62: 282, 63: 128, 64: 366, 65: 30, 66: 268, 67: 736, 68: 498, 69: 540, 70: 778, 71: 142, 72: 380, 73: 694, 74: 456, 75: 778, 76: 540, 77: 652, 78: 414, 79: 750, 80: 512, 81: 764, 82: 526, 83: 16, 84: 254, 85: 268, 86: 30, 87: 30, 88: 268, 89: 16, 90: 254, 91: 792, 92: 554, 93: 156, 94: 394, 95: 156, 96: 394, 97: 666, 98: 428, 99: 142, 100: 380, 101: 16, 102: 254, 103: 792, 104: 554, 105: 86, 106: 324, 107: 156, 108: 394, 109: 778, 110: 540, 111: 156, 112: 394, 113: 114, 114: 352, 115: 142, 116: 380, 117: 792, 118: 554, 119: 114, 120: 352, 121: 100, 122: 338, 123: 128, 124: 366, 125: 156, 126: 394, 127: 792, 128: 554, 129: 44, 130: 282, 131: 58, 132: 296, 133: 58, 134: 296, 135: 100, 136: 338, 137: 708, 138: 470, 139: 156, 140: 394, 141: 16, 142: 254, 143: 778, 144: 540, 145: 30, 146: 268, 147: 778, 148: 540, 149: 750, 150: 512, 151: 750, 152: 512, 153: 58, 154: 296, 155: 708, 156: 470, 157: 708, 158: 470, 159: 708, 160: 470, 161: 526, 162: 764, 163: 16, 164: 254, 165: 58, 166: 296, 167: 750, 168: 512, 169: 86, 170: 324, 171: 792, 172: 554, 173: 142, 174: 380, 175: 708, 176: 470, 177: 16, 178: 254, 179: 100, 180: 338, 181: 44, 182: 282, 183: 16, 184: 254, 185: 708, 186: 470, 187: 30, 188: 268, 189: 16, 190: 254, 191: 666, 192: 428, 193: 526, 194: 764, 195: 58, 196: 296, 197: 736, 198: 498, 199: 142, 200: 380, 201: 100, 202: 338, 203: 30, 204: 268, 205: 58, 206: 296, 207: 722, 208: 484, 209: 708, 210: 470, 211: 142, 212: 380, 213: 694, 214: 456, 215: 114, 216: 352, 217: 114, 218: 352, 219: 156, 220: 394, 221: 58, 222: 296, 223: 100, 224: 338, 225: 58, 226: 296, 227: 680, 228: 442, 229: 30, 230: 268, 231: 30, 232: 268, 233: 694, 234: 456, 235: 114, 236: 352, 237: 44, 238: 282, 239: 708, 240: 470, 241: 778, 242: 540, 243: 792, 244: 554, 245: 114, 246: 352, 247: 736, 248: 498, 249: 324, 250: 86, 251: 156, 252: 394, 253: 750, 254: 512, 255: 156, 256: 394, 257: 86, 258: 324, 259: 680, 260: 442, 261: 16, 262: 254, 263: 30, 264: 268, 265: 100, 266: 338, 267: 652, 268: 414, 269: 142, 270: 380, 271: 58, 272: 296, 273: 708, 274: 470, 275: 498, 276: 736, 277: 86, 278: 324, 279: 792, 280: 554, 281: 156, 282: 394, 283: 694, 284: 456, 285: 128, 286: 366, 287: 652, 288: 414, 289: 722, 290: 484, 291: 142, 292: 380, 293: 652, 294: 414, 295: 16, 296: 254, 297: 114, 298: 352, 299: 778, 300: 540, 301: 680, 302: 442, 303: 708, 304: 470, 305: 750, 306: 512, 307: 142, 308: 380, 309: 30, 310: 268, 311: 58, 312: 296, 313: 128, 314: 366, 315: 680, 316: 442, 317: 778, 318: 540, 319: 16, 320: 254, 321: 86, 322: 324, 323: 722, 324: 484, 325: 722, 326: 484, 327: 30, 328: 268, 329: 708, 330: 470, 331: 778, 332: 540, 333: 484, 334: 722, 335: 666, 336: 428, 337: 736, 338: 498, 339: 708, 340: 470, 341: 128, 342: 366, 343: 666, 344: 428, 345: 792, 346: 554, 347: 30, 348: 268, 349: 156, 350: 394, 351: 764, 352: 526, 353: 58, 354: 296, 355: 30, 356: 268, 357: 778, 358: 540, 359: 722, 360: 484, 361: 44, 362: 282, 363: 86, 364: 324, 365: 722, 366: 484, 367: 722, 368: 484, 369: 414, 370: 652, 371: 30, 372: 268, 373: 30, 374: 268, 375: 44, 376: 282, 377: 128, 378: 366, 379: 142, 380: 380, 381: 44, 382: 282, 383: 722, 384: 484, 385: 778, 386: 540, 387: 100, 388: 338, 389: 764, 390: 526, 391: 16, 392: 254, 393: 156, 394: 394, 395: 156, 396: 394, 397: 16, 398: 254, 399: 778, 400: 540}
Number of labels used: 42
Total time: 343.73 sec
Memory: 584.25 MB
=============================================

========== NEW INCUMBENT SOLUTION ==========
{1: 680, 2: 442, 3: 414, 4: 652, 5: 58, 6: 296, 7: 44, 8: 282, 9: 554, 10: 792, 11: 100, 12: 338, 13: 750, 14: 512, 15: 694, 16: 456, 17: 16, 18: 254, 19: 652, 20: 414, 21: 792, 22: 554, 23: 114, 24: 352, 25: 142, 26: 380, 27: 114, 28: 352, 29: 666, 30: 428, 31: 680, 32: 442, 33: 694, 34: 456, 35: 128, 36: 366, 37: 16, 38: 254, 39: 100, 40: 338, 41: 114, 42: 352, 43: 778, 44: 540, 45: 666, 46: 428, 47: 792, 48: 554, 49: 86, 50: 324, 51: 778, 52: 540, 53: 114, 54: 352, 55: 156, 56: 394, 57: 16, 58: 254, 59: 736, 60: 498, 61: 44, 62: 282, 63: 128, 64: 366, 65: 30, 66: 268, 67: 736, 68: 498, 69: 540, 70: 778, 71: 142, 72: 380, 73: 694, 74: 456, 75: 778, 76: 540, 77: 652, 78: 414, 79: 750, 80: 512, 81: 764, 82: 526, 83: 16, 84: 254, 85: 268, 86: 30, 87: 30, 88: 268, 89: 16, 90: 254, 91: 792, 92: 554, 93: 156, 94: 394, 95: 156, 96: 394, 97: 666, 98: 428, 99: 142, 100: 380, 101: 16, 102: 254, 103: 792, 104: 554, 105: 86, 106: 324, 107: 156, 108: 394, 109: 778, 110: 540, 111: 156, 112: 394, 113: 114, 114: 352, 115: 142, 116: 380, 117: 792, 118: 554, 119: 114, 120: 352, 121: 100, 122: 338, 123: 128, 124: 366, 125: 156, 126: 394, 127: 792, 128: 554, 129: 44, 130: 282, 131: 58, 132: 296, 133: 58, 134: 296, 135: 100, 136: 338, 137: 708, 138: 470, 139: 156, 140: 394, 141: 16, 142: 254, 143: 778, 144: 540, 145: 30, 146: 268, 147: 778, 148: 540, 149: 750, 150: 512, 151: 750, 152: 512, 153: 58, 154: 296, 155: 708, 156: 470, 157: 708, 158: 470, 159: 708, 160: 470, 161: 526, 162: 764, 163: 16, 164: 254, 165: 58, 166: 296, 167: 750, 168: 512, 169: 86, 170: 324, 171: 792, 172: 554, 173: 142, 174: 380, 175: 708, 176: 470, 177: 16, 178: 254, 179: 100, 180: 338, 181: 44, 182: 282, 183: 16, 184: 254, 185: 708, 186: 470, 187: 30, 188: 268, 189: 16, 190: 254, 191: 666, 192: 428, 193: 526, 194: 764, 195: 58, 196: 296, 197: 736, 198: 498, 199: 142, 200: 380, 201: 100, 202: 338, 203: 30, 204: 268, 205: 58, 206: 296, 207: 722, 208: 484, 209: 708, 210: 470, 211: 142, 212: 380, 213: 694, 214: 456, 215: 114, 216: 352, 217: 114, 218: 352, 219: 156, 220: 394, 221: 58, 222: 296, 223: 100, 224: 338, 225: 58, 226: 296, 227: 680, 228: 442, 229: 30, 230: 268, 231: 30, 232: 268, 233: 694, 234: 456, 235: 114, 236: 352, 237: 44, 238: 282, 239: 708, 240: 470, 241: 778, 242: 540, 243: 792, 244: 554, 245: 114, 246: 352, 247: 736, 248: 498, 249: 324, 250: 86, 251: 156, 252: 394, 253: 750, 254: 512, 255: 156, 256: 394, 257: 86, 258: 324, 259: 680, 260: 442, 261: 16, 262: 254, 263: 30, 264: 268, 265: 100, 266: 338, 267: 652, 268: 414, 269: 142, 270: 380, 271: 58, 272: 296, 273: 708, 274: 470, 275: 498, 276: 736, 277: 86, 278: 324, 279: 792, 280: 554, 281: 156, 282: 394, 283: 694, 284: 456, 285: 128, 286: 366, 287: 652, 288: 414, 289: 722, 290: 484, 291: 142, 292: 380, 293: 652, 294: 414, 295: 16, 296: 254, 297: 114, 298: 352, 299: 778, 300: 540, 301: 680, 302: 442, 303: 708, 304: 470, 305: 750, 306: 512, 307: 142, 308: 380, 309: 30, 310: 268, 311: 58, 312: 296, 313: 128, 314: 366, 315: 680, 316: 442, 317: 778, 318: 540, 319: 16, 320: 254, 321: 86, 322: 324, 323: 722, 324: 484, 325: 722, 326: 484, 327: 30, 328: 268, 329: 708, 330: 470, 331: 778, 332: 540, 333: 484, 334: 722, 335: 666, 336: 428, 337: 736, 338: 498, 339: 708, 340: 470, 341: 128, 342: 366, 343: 666, 344: 428, 345: 792, 346: 554, 347: 30, 348: 268, 349: 156, 350: 394, 351: 764, 352: 526, 353: 58, 354: 296, 355: 30, 356: 268, 357: 778, 358: 540, 359: 722, 360: 484, 361: 44, 362: 282, 363: 86, 364: 324, 365: 722, 366: 484, 367: 722, 368: 484, 369: 414, 370: 652, 371: 30, 372: 268, 373: 30, 374: 268, 375: 44, 376: 282, 377: 128, 378: 366, 379: 142, 380: 380, 381: 44, 382: 282, 383: 722, 384: 484, 385: 778, 386: 540, 387: 100, 388: 338, 389: 764, 390: 526, 391: 16, 392: 254, 393: 156, 394: 394, 395: 156, 396: 394, 397: 16, 398: 254, 399: 778, 400: 540}
Number of labels used: 42
Total time: 343.73 sec
Memory: 584.48 MB
=============================================
[runlim] sample:		516.9 time, 350.1 real, 650.0 MB
[runlim] sample:		536.9 time, 360.1 real, 667.7 MB
[runlim] sample:		556.9 time, 370.1 real, 690.9 MB
[runlim] sample:		576.9 time, 380.1 real, 695.9 MB
[runlim] sample:		596.9 time, 390.1 real, 696.5 MB
[runlim] sample:		616.8 time, 400.1 real, 707.0 MB
[runlim] sample:		636.8 time, 410.1 real, 708.5 MB
[runlim] sample:		656.8 time, 420.1 real, 719.5 MB
[runlim] sample:		676.8 time, 430.1 real, 722.0 MB
[runlim] sample:		696.8 time, 440.1 real, 722.7 MB
[runlim] sample:		716.8 time, 450.1 real, 753.4 MB
[runlim] sample:		736.8 time, 460.1 real, 753.7 MB
[runlim] sample:		756.8 time, 470.1 real, 753.8 MB
[runlim] sample:		776.8 time, 480.1 real, 753.8 MB
[runlim] sample:		796.8 time, 490.1 real, 753.8 MB
[runlim] sample:		816.8 time, 500.1 real, 753.8 MB
[runlim] sample:		836.7 time, 510.1 real, 753.8 MB
[runlim] sample:		856.7 time, 520.1 real, 753.8 MB
[runlim] sample:		876.7 time, 530.1 real, 753.8 MB
[runlim] sample:		896.7 time, 540.1 real, 753.8 MB
[runlim] sample:		916.7 time, 550.1 real, 756.2 MB
[runlim] sample:		936.7 time, 560.1 real, 756.2 MB
[runlim] sample:		956.7 time, 570.1 real, 756.2 MB
[runlim] sample:		976.7 time, 580.1 real, 756.3 MB
[runlim] sample:		996.7 time, 590.1 real, 756.3 MB
[runlim] end:			Sat Jan 24 19:16:49 2026
[runlim] status:		out of time
[runlim] result:		2
[runlim] children:		0
[runlim] real:			600.06 seconds
[runlim] time:			1016.47 seconds
[runlim] space:			836.8 MB
[runlim] samples:		5999
