[runlim] version:		1.10
[runlim] time limit:		311040000 seconds
[runlim] real time limit:	600 seconds
[runlim] space limit:		14000 MB
[runlim] argv[0]:		python3
[runlim] argv[1]:		-u
[runlim] argv[2]:		mip.py
[runlim] argv[3]:		scen02
[runlim] start:			Tue Jan 20 20:16:37 2026
[runlim] main pid:		214143
Building MIP model...
[runlim] sample:		10.0 time, 10.1 real, 31.1 MB
[runlim] sample:		20.0 time, 20.1 real, 35.2 MB
Build time: 20.37s
Solving MIP (minimizing number of labels)...
Version identifier: 22.1.1.0 | 2022-11-28 | 9160aff4d
CPXPARAM_Read_DataCheck                          1
Legacy callback                                  i
Tried aggregator 2 times.
MIP Presolve eliminated 185013 rows and 37 columns.
MIP Presolve modified 10342 coefficients.
Aggregator did 4002 substitutions.
Reduced MIP has 10442 rows, 4009 columns, and 112005 nonzeros.
Reduced MIP has 4009 binaries, 0 generals, 0 SOSs, and 0 indicators.
Presolve time = 0.57 sec. (588.11 ticks)
Found incumbent of value 44.000000 after 0.68 sec. (754.81 ticks)
Probing time = 0.01 sec. (2.12 ticks)
Tried aggregator 1 time.
Detecting symmetries...
Reduced MIP has 10442 rows, 4009 columns, and 112005 nonzeros.
Reduced MIP has 4009 binaries, 0 generals, 0 SOSs, and 0 indicators.
Presolve time = 0.09 sec. (113.18 ticks)
Probing time = 0.01 sec. (2.50 ticks)
Clique table members: 10442.
MIP emphasis: balance optimality and feasibility.
MIP search method: dynamic search.
Parallel mode: deterministic, using up to 12 threads.
Root relaxation solution time = 0.78 sec. (805.32 ticks)

        Nodes                                         Cuts/
   Node  Left     Objective  IInf  Best Integer    Best Bound    ItCnt     Gap

*     0+    0                           44.0000        0.0000           100.00%
*     0+    0                           16.0000        0.0000           100.00%
*     0+    0                           14.0000        0.0000           100.00%
      0     0        cutoff             14.0000       14.0000     8430    0.00%

========== NEW INCUMBENT SOLUTION ==========
{13: 156, 14: 394, 15: 44, 16: 282, 53: 428, 54: 666, 79: 694, 80: 456, 81: 540, 82: 778, 83: 156, 84: 394, 85: 778, 86: 540, 127: 666, 128: 428, 129: 44, 130: 282, 143: 428, 144: 666, 145: 428, 146: 666, 205: 456, 206: 694, 233: 456, 234: 694, 235: 778, 236: 540, 237: 456, 238: 694, 261: 666, 262: 428, 263: 666, 264: 428, 265: 156, 266: 394, 267: 694, 268: 456, 269: 394, 270: 156, 271: 394, 272: 156, 273: 282, 274: 44, 275: 282, 276: 44, 277: 394, 278: 156, 281: 44, 282: 282, 283: 44, 284: 282, 289: 456, 290: 694, 291: 778, 292: 540, 303: 282, 304: 44, 305: 428, 306: 666, 321: 156, 322: 394, 323: 694, 324: 456, 325: 694, 326: 456, 327: 156, 328: 394, 329: 694, 330: 456, 341: 694, 342: 456, 343: 694, 344: 456, 349: 282, 350: 44, 351: 44, 352: 282, 435: 282, 436: 44, 475: 666, 476: 428, 481: 694, 482: 456, 517: 778, 518: 540, 519: 428, 520: 666, 555: 778, 556: 540, 557: 666, 558: 428, 559: 44, 560: 282, 561: 666, 562: 428, 565: 128, 566: 366, 577: 156, 578: 394, 579: 156, 580: 394, 583: 666, 584: 428, 585: 428, 586: 666, 587: 44, 588: 282, 589: 394, 590: 156, 591: 540, 592: 778, 593: 128, 594: 366, 595: 694, 596: 456, 597: 694, 598: 456, 599: 128, 600: 366, 601: 666, 602: 428, 603: 540, 604: 778, 605: 694, 606: 456, 607: 694, 608: 456, 613: 44, 614: 282, 615: 540, 616: 778, 617: 282, 618: 44, 621: 282, 622: 44, 625: 456, 626: 694, 629: 694, 630: 456, 631: 666, 632: 428, 633: 666, 634: 428, 635: 694, 636: 456, 645: 282, 646: 44, 651: 666, 652: 428, 661: 694, 662: 456, 663: 428, 664: 666, 665: 498, 666: 736, 667: 666, 668: 428, 713: 394, 714: 156, 717: 282, 718: 44, 719: 366, 720: 128, 721: 778, 722: 540, 723: 428, 724: 666, 743: 44, 744: 282, 745: 694, 746: 456, 747: 694, 748: 456, 763: 778, 764: 540, 765: 428, 766: 666, 767: 778, 768: 540, 785: 156, 786: 394, 787: 282, 788: 44, 789: 456, 790: 694, 791: 128, 792: 366, 793: 694, 794: 456, 795: 282, 796: 44, 797: 666, 798: 428, 799: 456, 800: 694, 801: 366, 802: 128, 879: 456, 880: 694}
Number of labels used: 14
Total time: 21.99 sec
Memory: 199.98 MB
=============================================
      0     0        cutoff             14.0000       14.0000     8430    0.00%
Elapsed time = 1.60 sec. (1708.62 ticks, tree = 0.01 MB, solutions = 3)

Root node processing (before b&c):
  Real time             =    1.60 sec. (1708.95 ticks)
Parallel b&c, 12 threads:
  Real time             =    0.00 sec. (0.00 ticks)
  Sync time (average)   =    0.00 sec.
  Wait time (average)   =    0.00 sec.
                          ------------
Total (root+branch&cut) =    1.60 sec. (1708.95 ticks)
Solution :
{156, 394, 44, 282, 428, 666, 694, 456, 540, 778, 156, 394, 778, 540, 666, 428, 44, 282, 428, 666, 428, 666, 456, 694, 456, 694, 778, 540, 456, 694, 666, 428, 666, 428, 156, 394, 694, 456, 394, 156, 394, 156, 282, 44, 282, 44, 394, 156, 44, 282, 44, 282, 456, 694, 778, 540, 282, 44, 428, 666, 156, 394, 694, 456, 694, 456, 156, 394, 694, 456, 694, 456, 694, 456, 282, 44, 44, 282, 282, 44, 666, 428, 694, 456, 778, 540, 428, 666, 778, 540, 666, 428, 44, 282, 666, 428, 128, 366, 156, 394, 156, 394, 666, 428, 428, 666, 44, 282, 394, 156, 540, 778, 128, 366, 694, 456, 694, 456, 128, 366, 666, 428, 540, 778, 694, 456, 694, 456, 44, 282, 540, 778, 282, 44, 282, 44, 456, 694, 694, 456, 666, 428, 666, 428, 694, 456, 282, 44, 666, 428, 694, 456, 428, 666, 498, 736, 666, 428, 394, 156, 282, 44, 366, 128, 778, 540, 428, 666, 44, 282, 694, 456, 694, 456, 778, 540, 428, 666, 778, 540, 156, 394, 282, 44, 456, 694, 128, 366, 694, 456, 282, 44, 666, 428, 456, 694, 366, 128, 456, 694}
Number of labels used: 14
[runlim] end:			Tue Jan 20 20:16:59 2026
[runlim] status:		ok
[runlim] result:		0
[runlim] children:		0
[runlim] real:			22.12 seconds
[runlim] time:			25.60 seconds
[runlim] space:			193.0 MB
[runlim] samples:		220
