[runlim] version:		1.10
[runlim] time limit:		311040000 seconds
[runlim] real time limit:	600 seconds
[runlim] space limit:		14000 MB
[runlim] argv[0]:		python3
[runlim] argv[1]:		-u
[runlim] argv[2]:		mip.py
[runlim] argv[3]:		scen01
[runlim] start:			Tue Jan 20 20:06:37 2026
[runlim] main pid:		209711
Building MIP model...
[runlim] sample:		10.0 time, 10.1 real, 38.1 MB
[runlim] sample:		20.0 time, 20.1 real, 39.5 MB
[runlim] sample:		30.0 time, 30.1 real, 41.2 MB
[runlim] sample:		40.0 time, 40.1 real, 43.3 MB
[runlim] sample:		50.0 time, 50.1 real, 45.6 MB
[runlim] sample:		60.0 time, 60.1 real, 48.5 MB
[runlim] sample:		70.0 time, 70.1 real, 48.8 MB
[runlim] sample:		80.0 time, 80.1 real, 50.3 MB
[runlim] sample:		90.0 time, 90.1 real, 50.7 MB
[runlim] sample:		100.0 time, 100.1 real, 52.5 MB
[runlim] sample:		110.0 time, 110.1 real, 53.0 MB
[runlim] sample:		120.0 time, 120.1 real, 53.2 MB
[runlim] sample:		130.0 time, 130.1 real, 55.2 MB
[runlim] sample:		139.9 time, 140.1 real, 55.6 MB
[runlim] sample:		149.9 time, 150.1 real, 55.7 MB
[runlim] sample:		159.9 time, 160.1 real, 55.8 MB
[runlim] sample:		169.9 time, 170.1 real, 57.8 MB
[runlim] sample:		179.9 time, 180.1 real, 58.6 MB
[runlim] sample:		189.9 time, 190.1 real, 58.8 MB
[runlim] sample:		199.9 time, 200.1 real, 59.1 MB
[runlim] sample:		209.9 time, 210.1 real, 59.2 MB
[runlim] sample:		219.9 time, 220.1 real, 59.3 MB
[runlim] sample:		229.9 time, 230.1 real, 62.1 MB
[runlim] sample:		239.9 time, 240.1 real, 62.7 MB
[runlim] sample:		249.9 time, 250.1 real, 63.0 MB
[runlim] sample:		259.9 time, 260.1 real, 63.1 MB
[runlim] sample:		269.9 time, 270.1 real, 63.2 MB
[runlim] sample:		279.9 time, 280.1 real, 63.3 MB
[runlim] sample:		289.9 time, 290.1 real, 62.3 MB
[runlim] sample:		299.9 time, 300.1 real, 65.7 MB
[runlim] sample:		309.9 time, 310.1 real, 66.2 MB
[runlim] sample:		319.9 time, 320.1 real, 66.5 MB
[runlim] sample:		329.9 time, 330.1 real, 66.8 MB
[runlim] sample:		339.9 time, 340.1 real, 67.0 MB
[runlim] sample:		349.9 time, 350.1 real, 67.2 MB
[runlim] sample:		359.9 time, 360.1 real, 67.3 MB
[runlim] sample:		369.9 time, 370.1 real, 67.5 MB
[runlim] sample:		379.9 time, 380.1 real, 67.5 MB
[runlim] sample:		389.8 time, 390.1 real, 67.7 MB
Build time: 390.77s
Solving MIP (minimizing number of labels)...
Version identifier: 22.1.1.0 | 2022-11-28 | 9160aff4d
CPXPARAM_Read_DataCheck                          1
Legacy callback                                  i
Tried aggregator 2 times.
MIP Presolve eliminated 707056 rows and 164 columns.
MIP Presolve modified 42714 coefficients.
Aggregator did 18100 substitutions.
Reduced MIP has 43172 rows, 17984 columns, and 433476 nonzeros.
Reduced MIP has 17984 binaries, 0 generals, 0 SOSs, and 0 indicators.
Presolve time = 2.61 sec. (2306.22 ticks)
Found incumbent of value 48.000000 after 3.06 sec. (2943.62 ticks)
Probing time = 0.03 sec. (6.65 ticks)
Tried aggregator 1 time.
Detecting symmetries...
Reduced MIP has 43172 rows, 17984 columns, and 433476 nonzeros.
Reduced MIP has 17984 binaries, 0 generals, 0 SOSs, and 0 indicators.
Presolve time = 0.67 sec. (527.29 ticks)
Probing time = 0.03 sec. (6.62 ticks)
Clique table members: 43172.
MIP emphasis: balance optimality and feasibility.
MIP search method: dynamic search.
Parallel mode: deterministic, using up to 12 threads.
[runlim] sample:		425.1 time, 400.1 real, 699.9 MB
[runlim] sample:		496.3 time, 410.1 real, 635.2 MB
[runlim] sample:		526.0 time, 420.1 real, 635.2 MB
Root relaxation solution time = 28.05 sec. (15859.50 ticks)

        Nodes                                         Cuts/
   Node  Left     Objective  IInf  Best Integer    Best Bound    ItCnt     Gap

*     0+    0                           48.0000        0.0000           100.00%
*     0+    0                           26.0000        0.0000           100.00%
*     0+    0                           24.0000        0.0000           100.00%
*     0+    0                           22.0000        0.0000           100.00%
*     0+    0                           20.0000        0.0000           100.00%
      0     0       14.0000  2340       20.0000       14.0000       17   30.00%

========== NEW INCUMBENT SOLUTION ==========
{1: 526, 2: 764, 3: 380, 4: 142, 5: 156, 6: 394, 7: 296, 8: 58, 9: 394, 10: 156, 11: 30, 12: 268, 13: 296, 14: 58, 15: 394, 16: 156, 17: 100, 18: 338, 19: 764, 20: 526, 21: 100, 22: 338, 23: 100, 24: 338, 25: 338, 26: 100, 27: 750, 28: 512, 29: 526, 30: 764, 31: 268, 32: 30, 33: 652, 34: 414, 35: 268, 36: 30, 37: 296, 38: 58, 39: 526, 40: 764, 41: 58, 42: 296, 43: 442, 44: 680, 45: 142, 46: 380, 47: 268, 48: 30, 49: 526, 50: 764, 51: 156, 52: 394, 53: 58, 54: 296, 55: 296, 56: 58, 57: 394, 58: 156, 59: 100, 60: 338, 61: 296, 62: 58, 63: 442, 64: 680, 65: 764, 66: 526, 67: 680, 68: 442, 69: 750, 70: 512, 71: 338, 72: 100, 73: 156, 74: 394, 75: 764, 76: 526, 77: 30, 78: 268, 79: 156, 80: 394, 81: 100, 82: 338, 83: 338, 84: 100, 85: 512, 86: 750, 87: 394, 88: 156, 89: 338, 90: 100, 91: 338, 92: 100, 93: 58, 94: 296, 95: 30, 96: 268, 97: 156, 98: 394, 99: 296, 100: 58, 101: 338, 102: 100, 103: 100, 104: 338, 105: 156, 106: 394, 107: 512, 108: 750, 109: 296, 110: 58, 111: 338, 112: 100, 113: 30, 114: 268, 115: 338, 116: 100, 117: 296, 118: 58, 119: 394, 120: 156, 121: 30, 122: 268, 123: 100, 124: 338, 125: 100, 126: 338, 127: 764, 128: 526, 129: 58, 130: 296, 131: 58, 132: 296, 133: 526, 134: 764, 135: 296, 136: 58, 137: 100, 138: 338, 139: 30, 140: 268, 141: 380, 142: 142, 143: 268, 144: 30, 145: 268, 146: 30, 147: 156, 148: 394, 149: 58, 150: 296, 151: 526, 152: 764, 153: 680, 154: 442, 155: 268, 156: 30, 157: 156, 158: 394, 159: 156, 160: 394, 161: 268, 162: 30, 163: 156, 164: 394, 165: 156, 166: 394, 167: 750, 168: 512, 169: 58, 170: 296, 171: 100, 172: 338, 173: 296, 174: 58, 175: 156, 176: 394, 177: 296, 178: 58, 179: 30, 180: 268, 181: 394, 182: 156, 183: 380, 184: 142, 185: 268, 186: 30, 187: 58, 188: 296, 189: 394, 190: 156, 191: 512, 192: 750, 193: 100, 194: 338, 195: 156, 196: 394, 197: 100, 198: 338, 199: 30, 200: 268, 201: 338, 202: 100, 203: 100, 204: 338, 205: 338, 206: 100, 207: 30, 208: 268, 209: 58, 210: 296, 211: 58, 212: 296, 213: 394, 214: 156, 215: 764, 216: 526, 217: 338, 218: 100, 219: 526, 220: 764, 221: 100, 222: 338, 223: 394, 224: 156, 225: 156, 226: 394, 227: 512, 228: 750, 229: 394, 230: 156, 231: 58, 232: 296, 233: 338, 234: 100, 235: 30, 236: 268, 237: 100, 238: 338, 239: 296, 240: 58, 241: 764, 242: 526, 243: 268, 244: 30, 245: 750, 246: 512, 247: 100, 248: 338, 249: 100, 250: 338, 251: 478, 252: 240, 253: 442, 254: 680, 255: 58, 256: 296, 257: 512, 258: 750, 259: 394, 260: 156, 261: 58, 262: 296, 263: 156, 264: 394, 265: 296, 266: 58, 267: 750, 268: 512, 269: 156, 270: 394, 271: 156, 272: 394, 273: 156, 274: 394, 275: 156, 276: 394, 277: 526, 278: 764, 279: 338, 280: 100, 281: 296, 282: 58, 283: 394, 284: 156, 285: 512, 286: 750, 287: 338, 288: 100, 289: 156, 290: 394, 291: 58, 292: 296, 293: 380, 294: 142, 295: 30, 296: 268, 297: 394, 298: 156, 299: 380, 300: 142, 301: 750, 302: 512, 303: 58, 304: 296, 305: 442, 306: 680, 307: 394, 308: 156, 309: 142, 310: 380, 311: 750, 312: 512, 313: 750, 314: 512, 315: 100, 316: 338, 317: 156, 318: 394, 319: 58, 320: 296, 321: 394, 322: 156, 323: 268, 324: 30, 325: 58, 326: 296, 327: 680, 328: 442, 329: 394, 330: 156, 331: 442, 332: 680, 333: 338, 334: 100, 335: 100, 336: 338, 337: 156, 338: 394, 339: 512, 340: 750, 341: 750, 342: 512, 343: 750, 344: 512, 345: 58, 346: 296, 347: 526, 348: 764, 349: 764, 350: 526, 351: 100, 352: 338, 353: 380, 354: 142, 355: 380, 356: 142, 357: 58, 358: 296, 359: 30, 360: 268, 361: 338, 362: 100, 363: 442, 364: 680, 365: 338, 366: 100, 367: 750, 368: 512, 369: 750, 370: 512, 371: 394, 372: 156, 373: 512, 374: 750, 375: 268, 376: 30, 377: 30, 378: 268, 379: 526, 380: 764, 381: 58, 382: 296, 383: 764, 384: 526, 385: 58, 386: 296, 387: 296, 388: 58, 389: 156, 390: 394, 391: 30, 392: 268, 393: 296, 394: 58, 395: 100, 396: 338, 397: 338, 398: 100, 399: 58, 400: 296, 401: 338, 402: 100, 403: 512, 404: 750, 405: 100, 406: 338, 407: 394, 408: 156, 409: 526, 410: 764, 411: 296, 412: 58, 413: 268, 414: 30, 415: 58, 416: 296, 417: 512, 418: 750, 419: 142, 420: 380, 421: 156, 422: 394, 423: 30, 424: 268, 425: 100, 426: 338, 427: 100, 428: 338, 429: 156, 430: 394, 431: 156, 432: 394, 433: 512, 434: 750, 435: 526, 436: 764, 437: 156, 438: 394, 439: 100, 440: 338, 441: 268, 442: 30, 443: 512, 444: 750, 445: 156, 446: 394, 447: 338, 448: 100, 449: 512, 450: 750, 451: 58, 452: 296, 453: 394, 454: 156, 455: 156, 456: 394, 457: 268, 458: 30, 459: 100, 460: 338, 461: 512, 462: 750, 463: 296, 464: 58, 465: 296, 466: 58, 467: 268, 468: 30, 469: 58, 470: 296, 471: 156, 472: 394, 473: 680, 474: 442, 475: 100, 476: 338, 477: 526, 478: 764, 479: 442, 480: 680, 481: 512, 482: 750, 483: 764, 484: 526, 485: 58, 486: 296, 487: 156, 488: 394, 489: 750, 490: 512, 491: 526, 492: 764, 493: 268, 494: 30, 495: 58, 496: 296, 497: 296, 498: 58, 499: 58, 500: 296, 501: 338, 502: 100, 503: 142, 504: 380, 505: 512, 506: 750, 507: 30, 508: 268, 509: 156, 510: 394, 511: 680, 512: 442, 513: 100, 514: 338, 515: 156, 516: 394, 517: 268, 518: 30, 519: 380, 520: 142, 521: 100, 522: 338, 523: 268, 524: 30, 525: 338, 526: 100, 527: 526, 528: 764, 529: 156, 530: 394, 531: 58, 532: 296, 533: 296, 534: 58, 535: 338, 536: 100, 537: 100, 538: 338, 539: 156, 540: 394, 541: 338, 542: 100, 543: 750, 544: 512, 545: 156, 546: 394, 547: 394, 548: 156, 549: 100, 550: 338, 551: 156, 552: 394, 553: 268, 554: 30, 555: 268, 556: 30, 557: 380, 558: 142, 559: 30, 560: 268, 561: 680, 562: 442, 563: 750, 564: 512, 565: 750, 566: 512, 567: 100, 568: 338, 569: 30, 570: 268, 571: 512, 572: 750, 573: 380, 574: 142, 575: 380, 576: 142, 577: 156, 578: 394, 579: 156, 580: 394, 581: 268, 582: 30, 583: 338, 584: 100, 585: 338, 586: 100, 587: 156, 588: 394, 589: 750, 590: 512, 591: 750, 592: 512, 593: 58, 594: 296, 595: 268, 596: 30, 597: 526, 598: 764, 599: 338, 600: 100, 601: 296, 602: 58, 603: 338, 604: 100, 605: 512, 606: 750, 607: 750, 608: 512, 609: 512, 610: 750, 611: 100, 612: 338, 613: 30, 614: 268, 615: 750, 616: 512, 617: 338, 618: 100, 619: 100, 620: 338, 621: 58, 622: 296, 623: 764, 624: 526, 625: 268, 626: 30, 627: 512, 628: 750, 629: 100, 630: 338, 631: 750, 632: 512, 633: 30, 634: 268, 635: 338, 636: 100, 637: 296, 638: 58, 639: 512, 640: 750, 641: 100, 642: 338, 643: 58, 644: 296, 645: 394, 646: 156, 647: 30, 648: 268, 649: 338, 650: 100, 651: 156, 652: 394, 653: 156, 654: 394, 655: 750, 656: 512, 657: 296, 658: 58, 659: 156, 660: 394, 661: 58, 662: 296, 663: 394, 664: 156, 665: 750, 666: 512, 667: 268, 668: 30, 669: 512, 670: 750, 671: 394, 672: 156, 673: 100, 674: 338, 675: 30, 676: 268, 677: 750, 678: 512, 679: 58, 680: 296, 681: 268, 682: 30, 683: 338, 684: 100, 685: 58, 686: 296, 687: 338, 688: 100, 689: 512, 690: 750, 691: 30, 692: 268, 693: 100, 694: 338, 695: 156, 696: 394, 697: 100, 698: 338, 699: 394, 700: 156, 701: 394, 702: 156, 703: 394, 704: 156, 705: 58, 706: 296, 707: 394, 708: 156, 709: 512, 710: 750, 711: 296, 712: 58, 713: 526, 714: 764, 715: 156, 716: 394, 717: 142, 718: 380, 719: 58, 720: 296, 721: 268, 722: 30, 723: 338, 724: 100, 725: 338, 726: 100, 727: 338, 728: 100, 729: 512, 730: 750, 731: 268, 732: 30, 733: 512, 734: 750, 735: 100, 736: 338, 737: 58, 738: 296, 739: 750, 740: 512, 741: 58, 742: 296, 743: 100, 744: 338, 745: 58, 746: 296, 747: 296, 748: 58, 749: 100, 750: 338, 751: 100, 752: 338, 753: 58, 754: 296, 755: 268, 756: 30, 757: 268, 758: 30, 759: 750, 760: 512, 761: 338, 762: 100, 763: 268, 764: 30, 765: 156, 766: 394, 767: 442, 768: 680, 769: 58, 770: 296, 771: 156, 772: 394, 773: 30, 774: 268, 775: 296, 776: 58, 777: 652, 778: 414, 779: 296, 780: 58, 781: 296, 782: 58, 783: 30, 784: 268, 785: 394, 786: 156, 787: 526, 788: 764, 789: 338, 790: 100, 791: 58, 792: 296, 793: 338, 794: 100, 795: 268, 796: 30, 797: 512, 798: 750, 799: 100, 800: 338, 801: 268, 802: 30, 803: 58, 804: 296, 805: 338, 806: 100, 807: 30, 808: 268, 809: 394, 810: 156, 811: 100, 812: 338, 813: 30, 814: 268, 815: 100, 816: 338, 817: 296, 818: 58, 819: 58, 820: 296, 821: 338, 822: 100, 823: 512, 824: 750, 825: 442, 826: 680, 827: 652, 828: 414, 829: 338, 830: 100, 831: 156, 832: 394, 833: 156, 834: 394, 835: 30, 836: 268, 837: 100, 838: 338, 839: 296, 840: 58, 841: 156, 842: 394, 843: 58, 844: 296, 845: 156, 846: 394, 847: 750, 848: 512, 849: 338, 850: 100, 851: 512, 852: 750, 853: 296, 854: 58, 855: 30, 856: 268, 857: 380, 858: 142, 859: 268, 860: 30, 861: 526, 862: 764, 863: 526, 864: 764, 865: 100, 866: 338, 867: 296, 868: 58, 869: 30, 870: 268, 871: 156, 872: 394, 873: 58, 874: 296, 875: 58, 876: 296, 877: 100, 878: 338, 879: 100, 880: 338, 881: 526, 882: 764, 883: 296, 884: 58, 885: 100, 886: 338, 887: 30, 888: 268, 889: 268, 890: 30, 891: 526, 892: 764, 893: 338, 894: 100, 895: 58, 896: 296, 897: 750, 898: 512, 899: 338, 900: 100, 901: 750, 902: 512, 903: 156, 904: 394, 905: 58, 906: 296, 907: 680, 908: 442, 909: 142, 910: 380, 911: 394, 912: 156, 913: 100, 914: 338, 915: 394, 916: 156}
Number of labels used: 20
Total time: 422.83 sec
Memory: 640.16 MB
=============================================

========== NEW INCUMBENT SOLUTION ==========
{1: 526, 2: 764, 3: 380, 4: 142, 5: 156, 6: 394, 7: 296, 8: 58, 9: 394, 10: 156, 11: 30, 12: 268, 13: 296, 14: 58, 15: 394, 16: 156, 17: 100, 18: 338, 19: 764, 20: 526, 21: 100, 22: 338, 23: 100, 24: 338, 25: 338, 26: 100, 27: 750, 28: 512, 29: 526, 30: 764, 31: 268, 32: 30, 33: 652, 34: 414, 35: 268, 36: 30, 37: 296, 38: 58, 39: 526, 40: 764, 41: 58, 42: 296, 43: 442, 44: 680, 45: 142, 46: 380, 47: 268, 48: 30, 49: 526, 50: 764, 51: 156, 52: 394, 53: 58, 54: 296, 55: 296, 56: 58, 57: 394, 58: 156, 59: 100, 60: 338, 61: 296, 62: 58, 63: 442, 64: 680, 65: 764, 66: 526, 67: 680, 68: 442, 69: 750, 70: 512, 71: 338, 72: 100, 73: 156, 74: 394, 75: 764, 76: 526, 77: 30, 78: 268, 79: 156, 80: 394, 81: 100, 82: 338, 83: 338, 84: 100, 85: 512, 86: 750, 87: 394, 88: 156, 89: 338, 90: 100, 91: 338, 92: 100, 93: 58, 94: 296, 95: 30, 96: 268, 97: 156, 98: 394, 99: 296, 100: 58, 101: 338, 102: 100, 103: 100, 104: 338, 105: 156, 106: 394, 107: 512, 108: 750, 109: 296, 110: 58, 111: 338, 112: 100, 113: 30, 114: 268, 115: 338, 116: 100, 117: 296, 118: 58, 119: 394, 120: 156, 121: 30, 122: 268, 123: 100, 124: 338, 125: 100, 126: 338, 127: 764, 128: 526, 129: 58, 130: 296, 131: 58, 132: 296, 133: 526, 134: 764, 135: 296, 136: 58, 137: 100, 138: 338, 139: 30, 140: 268, 141: 380, 142: 142, 143: 268, 144: 30, 145: 268, 146: 30, 147: 156, 148: 394, 149: 58, 150: 296, 151: 526, 152: 764, 153: 680, 154: 442, 155: 268, 156: 30, 157: 156, 158: 394, 159: 156, 160: 394, 161: 268, 162: 30, 163: 156, 164: 394, 165: 156, 166: 394, 167: 750, 168: 512, 169: 58, 170: 296, 171: 100, 172: 338, 173: 296, 174: 58, 175: 156, 176: 394, 177: 296, 178: 58, 179: 30, 180: 268, 181: 394, 182: 156, 183: 380, 184: 142, 185: 268, 186: 30, 187: 58, 188: 296, 189: 394, 190: 156, 191: 512, 192: 750, 193: 100, 194: 338, 195: 156, 196: 394, 197: 100, 198: 338, 199: 30, 200: 268, 201: 338, 202: 100, 203: 100, 204: 338, 205: 338, 206: 100, 207: 30, 208: 268, 209: 58, 210: 296, 211: 58, 212: 296, 213: 394, 214: 156, 215: 764, 216: 526, 217: 338, 218: 100, 219: 526, 220: 764, 221: 100, 222: 338, 223: 394, 224: 156, 225: 156, 226: 394, 227: 512, 228: 750, 229: 394, 230: 156, 231: 58, 232: 296, 233: 338, 234: 100, 235: 30, 236: 268, 237: 100, 238: 338, 239: 296, 240: 58, 241: 764, 242: 526, 243: 268, 244: 30, 245: 750, 246: 512, 247: 100, 248: 338, 249: 100, 250: 338, 251: 478, 252: 240, 253: 442, 254: 680, 255: 58, 256: 296, 257: 512, 258: 750, 259: 394, 260: 156, 261: 58, 262: 296, 263: 156, 264: 394, 265: 296, 266: 58, 267: 750, 268: 512, 269: 156, 270: 394, 271: 156, 272: 394, 273: 156, 274: 394, 275: 156, 276: 394, 277: 526, 278: 764, 279: 338, 280: 100, 281: 296, 282: 58, 283: 394, 284: 156, 285: 512, 286: 750, 287: 338, 288: 100, 289: 156, 290: 394, 291: 58, 292: 296, 293: 380, 294: 142, 295: 30, 296: 268, 297: 394, 298: 156, 299: 380, 300: 142, 301: 750, 302: 512, 303: 58, 304: 296, 305: 442, 306: 680, 307: 394, 308: 156, 309: 142, 310: 380, 311: 750, 312: 512, 313: 750, 314: 512, 315: 100, 316: 338, 317: 156, 318: 394, 319: 58, 320: 296, 321: 394, 322: 156, 323: 268, 324: 30, 325: 58, 326: 296, 327: 680, 328: 442, 329: 394, 330: 156, 331: 442, 332: 680, 333: 338, 334: 100, 335: 100, 336: 338, 337: 156, 338: 394, 339: 512, 340: 750, 341: 750, 342: 512, 343: 750, 344: 512, 345: 58, 346: 296, 347: 526, 348: 764, 349: 764, 350: 526, 351: 100, 352: 338, 353: 380, 354: 142, 355: 380, 356: 142, 357: 58, 358: 296, 359: 30, 360: 268, 361: 338, 362: 100, 363: 442, 364: 680, 365: 338, 366: 100, 367: 750, 368: 512, 369: 750, 370: 512, 371: 394, 372: 156, 373: 512, 374: 750, 375: 268, 376: 30, 377: 30, 378: 268, 379: 526, 380: 764, 381: 58, 382: 296, 383: 764, 384: 526, 385: 58, 386: 296, 387: 296, 388: 58, 389: 156, 390: 394, 391: 30, 392: 268, 393: 296, 394: 58, 395: 100, 396: 338, 397: 338, 398: 100, 399: 58, 400: 296, 401: 338, 402: 100, 403: 512, 404: 750, 405: 100, 406: 338, 407: 394, 408: 156, 409: 526, 410: 764, 411: 296, 412: 58, 413: 268, 414: 30, 415: 58, 416: 296, 417: 512, 418: 750, 419: 142, 420: 380, 421: 156, 422: 394, 423: 30, 424: 268, 425: 100, 426: 338, 427: 100, 428: 338, 429: 156, 430: 394, 431: 156, 432: 394, 433: 512, 434: 750, 435: 526, 436: 764, 437: 156, 438: 394, 439: 100, 440: 338, 441: 268, 442: 30, 443: 512, 444: 750, 445: 156, 446: 394, 447: 338, 448: 100, 449: 512, 450: 750, 451: 58, 452: 296, 453: 394, 454: 156, 455: 156, 456: 394, 457: 268, 458: 30, 459: 100, 460: 338, 461: 512, 462: 750, 463: 296, 464: 58, 465: 296, 466: 58, 467: 268, 468: 30, 469: 58, 470: 296, 471: 156, 472: 394, 473: 680, 474: 442, 475: 100, 476: 338, 477: 526, 478: 764, 479: 442, 480: 680, 481: 512, 482: 750, 483: 764, 484: 526, 485: 58, 486: 296, 487: 156, 488: 394, 489: 750, 490: 512, 491: 526, 492: 764, 493: 268, 494: 30, 495: 58, 496: 296, 497: 296, 498: 58, 499: 58, 500: 296, 501: 338, 502: 100, 503: 142, 504: 380, 505: 512, 506: 750, 507: 30, 508: 268, 509: 156, 510: 394, 511: 680, 512: 442, 513: 100, 514: 338, 515: 156, 516: 394, 517: 268, 518: 30, 519: 380, 520: 142, 521: 100, 522: 338, 523: 268, 524: 30, 525: 338, 526: 100, 527: 526, 528: 764, 529: 156, 530: 394, 531: 58, 532: 296, 533: 296, 534: 58, 535: 338, 536: 100, 537: 100, 538: 338, 539: 156, 540: 394, 541: 338, 542: 100, 543: 750, 544: 512, 545: 156, 546: 394, 547: 394, 548: 156, 549: 100, 550: 338, 551: 156, 552: 394, 553: 268, 554: 30, 555: 268, 556: 30, 557: 380, 558: 142, 559: 30, 560: 268, 561: 680, 562: 442, 563: 750, 564: 512, 565: 750, 566: 512, 567: 100, 568: 338, 569: 30, 570: 268, 571: 512, 572: 750, 573: 380, 574: 142, 575: 380, 576: 142, 577: 156, 578: 394, 579: 156, 580: 394, 581: 268, 582: 30, 583: 338, 584: 100, 585: 338, 586: 100, 587: 156, 588: 394, 589: 750, 590: 512, 591: 750, 592: 512, 593: 58, 594: 296, 595: 268, 596: 30, 597: 526, 598: 764, 599: 338, 600: 100, 601: 296, 602: 58, 603: 338, 604: 100, 605: 512, 606: 750, 607: 750, 608: 512, 609: 512, 610: 750, 611: 100, 612: 338, 613: 30, 614: 268, 615: 750, 616: 512, 617: 338, 618: 100, 619: 100, 620: 338, 621: 58, 622: 296, 623: 764, 624: 526, 625: 268, 626: 30, 627: 512, 628: 750, 629: 100, 630: 338, 631: 750, 632: 512, 633: 30, 634: 268, 635: 338, 636: 100, 637: 296, 638: 58, 639: 512, 640: 750, 641: 100, 642: 338, 643: 58, 644: 296, 645: 394, 646: 156, 647: 30, 648: 268, 649: 338, 650: 100, 651: 156, 652: 394, 653: 156, 654: 394, 655: 750, 656: 512, 657: 296, 658: 58, 659: 156, 660: 394, 661: 58, 662: 296, 663: 394, 664: 156, 665: 750, 666: 512, 667: 268, 668: 30, 669: 512, 670: 750, 671: 394, 672: 156, 673: 100, 674: 338, 675: 30, 676: 268, 677: 750, 678: 512, 679: 58, 680: 296, 681: 268, 682: 30, 683: 338, 684: 100, 685: 58, 686: 296, 687: 338, 688: 100, 689: 512, 690: 750, 691: 30, 692: 268, 693: 100, 694: 338, 695: 156, 696: 394, 697: 100, 698: 338, 699: 394, 700: 156, 701: 394, 702: 156, 703: 394, 704: 156, 705: 58, 706: 296, 707: 394, 708: 156, 709: 512, 710: 750, 711: 296, 712: 58, 713: 526, 714: 764, 715: 156, 716: 394, 717: 142, 718: 380, 719: 58, 720: 296, 721: 268, 722: 30, 723: 338, 724: 100, 725: 338, 726: 100, 727: 338, 728: 100, 729: 512, 730: 750, 731: 268, 732: 30, 733: 512, 734: 750, 735: 100, 736: 338, 737: 58, 738: 296, 739: 750, 740: 512, 741: 58, 742: 296, 743: 100, 744: 338, 745: 58, 746: 296, 747: 296, 748: 58, 749: 100, 750: 338, 751: 100, 752: 338, 753: 58, 754: 296, 755: 268, 756: 30, 757: 268, 758: 30, 759: 750, 760: 512, 761: 338, 762: 100, 763: 268, 764: 30, 765: 156, 766: 394, 767: 442, 768: 680, 769: 58, 770: 296, 771: 156, 772: 394, 773: 30, 774: 268, 775: 296, 776: 58, 777: 652, 778: 414, 779: 296, 780: 58, 781: 296, 782: 58, 783: 30, 784: 268, 785: 394, 786: 156, 787: 526, 788: 764, 789: 338, 790: 100, 791: 58, 792: 296, 793: 338, 794: 100, 795: 268, 796: 30, 797: 512, 798: 750, 799: 100, 800: 338, 801: 268, 802: 30, 803: 58, 804: 296, 805: 338, 806: 100, 807: 30, 808: 268, 809: 394, 810: 156, 811: 100, 812: 338, 813: 30, 814: 268, 815: 100, 816: 338, 817: 296, 818: 58, 819: 58, 820: 296, 821: 338, 822: 100, 823: 512, 824: 750, 825: 442, 826: 680, 827: 652, 828: 414, 829: 338, 830: 100, 831: 156, 832: 394, 833: 156, 834: 394, 835: 30, 836: 268, 837: 100, 838: 338, 839: 296, 840: 58, 841: 156, 842: 394, 843: 58, 844: 296, 845: 156, 846: 394, 847: 750, 848: 512, 849: 338, 850: 100, 851: 512, 852: 750, 853: 296, 854: 58, 855: 30, 856: 268, 857: 380, 858: 142, 859: 268, 860: 30, 861: 526, 862: 764, 863: 526, 864: 764, 865: 100, 866: 338, 867: 296, 868: 58, 869: 30, 870: 268, 871: 156, 872: 394, 873: 58, 874: 296, 875: 58, 876: 296, 877: 100, 878: 338, 879: 100, 880: 338, 881: 526, 882: 764, 883: 296, 884: 58, 885: 100, 886: 338, 887: 30, 888: 268, 889: 268, 890: 30, 891: 526, 892: 764, 893: 338, 894: 100, 895: 58, 896: 296, 897: 750, 898: 512, 899: 338, 900: 100, 901: 750, 902: 512, 903: 156, 904: 394, 905: 58, 906: 296, 907: 680, 908: 442, 909: 142, 910: 380, 911: 394, 912: 156, 913: 100, 914: 338, 915: 394, 916: 156}
Number of labels used: 20
Total time: 422.84 sec
Memory: 640.17 MB
=============================================
[runlim] sample:		545.0 time, 430.1 real, 689.0 MB
[runlim] sample:		565.0 time, 440.1 real, 693.4 MB
[runlim] sample:		585.0 time, 450.1 real, 693.4 MB
[runlim] sample:		605.0 time, 460.1 real, 693.6 MB
[runlim] sample:		625.0 time, 470.1 real, 693.6 MB
[runlim] sample:		645.0 time, 480.1 real, 693.6 MB
[runlim] sample:		665.0 time, 490.1 real, 693.6 MB
[runlim] sample:		685.0 time, 500.1 real, 693.6 MB
[runlim] sample:		705.0 time, 510.1 real, 693.6 MB
[runlim] sample:		725.0 time, 520.1 real, 693.6 MB
[runlim] sample:		745.0 time, 530.1 real, 693.6 MB
[runlim] sample:		765.0 time, 540.1 real, 693.6 MB
[runlim] sample:		785.0 time, 550.1 real, 693.6 MB
[runlim] sample:		805.0 time, 560.1 real, 693.6 MB
[runlim] sample:		825.0 time, 570.1 real, 693.6 MB
[runlim] sample:		844.9 time, 580.1 real, 693.6 MB
[runlim] sample:		864.9 time, 590.1 real, 693.6 MB
[runlim] end:			Tue Jan 20 20:16:37 2026
[runlim] status:		out of time
[runlim] result:		2
[runlim] children:		0
[runlim] real:			600.06 seconds
[runlim] time:			884.74 seconds
[runlim] space:			830.0 MB
[runlim] samples:		5999
