[runlim] version:		1.10
[runlim] time limit:		311040000 seconds
[runlim] real time limit:	600 seconds
[runlim] space limit:		14000 MB
[runlim] argv[0]:		python3
[runlim] argv[1]:		-u
[runlim] argv[2]:		mip.py
[runlim] argv[3]:		scen03
[runlim] start:			Tue Jan 20 20:16:59 2026
[runlim] main pid:		214325
Building MIP model...
[runlim] sample:		10.0 time, 10.1 real, 32.9 MB
[runlim] sample:		20.0 time, 20.1 real, 35.3 MB
[runlim] sample:		30.0 time, 30.1 real, 37.6 MB
[runlim] sample:		40.0 time, 40.1 real, 39.2 MB
[runlim] sample:		49.9 time, 50.1 real, 41.0 MB
[runlim] sample:		59.9 time, 60.1 real, 44.2 MB
[runlim] sample:		69.9 time, 70.1 real, 45.0 MB
[runlim] sample:		79.9 time, 80.1 real, 47.6 MB
Build time: 80.28s
Solving MIP (minimizing number of labels)...
Version identifier: 22.1.1.0 | 2022-11-28 | 9160aff4d
CPXPARAM_Read_DataCheck                          1
Legacy callback                                  i
Tried aggregator 2 times.
MIP Presolve eliminated 376429 rows and 17 columns.
MIP Presolve modified 20658 coefficients.
Aggregator did 7946 substitutions.
Reduced MIP has 20858 rows, 7977 columns, and 222286 nonzeros.
Reduced MIP has 7977 binaries, 0 generals, 0 SOSs, and 0 indicators.
Presolve time = 1.19 sec. (1218.28 ticks)
Found incumbent of value 48.000000 after 1.40 sec. (1527.16 ticks)
Probing time = 0.01 sec. (3.94 ticks)
Tried aggregator 2 times.
Detecting symmetries...
MIP Presolve eliminated 2 rows and 1 columns.
Aggregator did 2 substitutions.
Reduced MIP has 20854 rows, 7972 columns, and 222277 nonzeros.
Reduced MIP has 7972 binaries, 0 generals, 0 SOSs, and 0 indicators.
Presolve time = 0.22 sec. (243.88 ticks)
Probing time = 0.01 sec. (4.19 ticks)
Clique table members: 20860.
MIP emphasis: balance optimality and feasibility.
MIP search method: dynamic search.
Parallel mode: deterministic, using up to 12 threads.
Root relaxation solution time = 3.56 sec. (2997.92 ticks)

        Nodes                                         Cuts/
   Node  Left     Objective  IInf  Best Integer    Best Bound    ItCnt     Gap

*     0+    0                           44.0000        0.0000           100.00%
*     0+    0                           26.0000        0.0000           100.00%
*     0+    0                           24.0000        0.0000           100.00%
*     0+    0                           22.0000        0.0000           100.00%
*     0+    0                           20.0000        0.0000           100.00%
      0     0       12.0000   679       20.0000       12.0000    10664   40.00%

========== NEW INCUMBENT SOLUTION ==========
{13: 128, 14: 366, 15: 128, 16: 366, 23: 512, 24: 750, 49: 484, 50: 722, 51: 554, 52: 792, 53: 16, 54: 254, 67: 666, 68: 428, 69: 254, 70: 16, 79: 554, 80: 792, 81: 666, 82: 428, 83: 254, 84: 16, 85: 666, 86: 428, 103: 666, 104: 428, 105: 16, 106: 254, 117: 792, 118: 554, 119: 16, 120: 254, 127: 254, 128: 16, 129: 484, 130: 722, 143: 44, 144: 282, 145: 484, 146: 722, 151: 324, 152: 86, 153: 554, 154: 792, 155: 722, 156: 484, 157: 380, 158: 142, 179: 296, 180: 58, 181: 16, 182: 254, 183: 142, 184: 380, 191: 666, 192: 428, 193: 16, 194: 254, 205: 128, 206: 366, 209: 428, 210: 666, 211: 44, 212: 282, 213: 128, 214: 366, 215: 792, 216: 554, 217: 722, 218: 484, 233: 666, 234: 428, 235: 722, 236: 484, 237: 484, 238: 722, 261: 428, 262: 666, 263: 722, 264: 484, 265: 792, 266: 554, 267: 428, 268: 666, 269: 750, 270: 512, 271: 750, 272: 512, 273: 792, 274: 554, 275: 792, 276: 554, 277: 16, 278: 254, 281: 428, 282: 666, 283: 554, 284: 792, 285: 554, 286: 792, 287: 750, 288: 512, 289: 16, 290: 254, 291: 666, 292: 428, 293: 380, 294: 142, 295: 554, 296: 792, 299: 792, 300: 554, 301: 722, 302: 484, 303: 16, 304: 254, 305: 380, 306: 142, 307: 554, 308: 792, 309: 428, 310: 666, 311: 366, 312: 128, 313: 366, 314: 128, 321: 254, 322: 16, 323: 428, 324: 666, 325: 16, 326: 254, 327: 666, 328: 428, 329: 512, 330: 750, 339: 554, 340: 792, 341: 296, 342: 58, 343: 366, 344: 128, 345: 512, 346: 750, 347: 16, 348: 254, 349: 366, 350: 128, 351: 366, 352: 128, 355: 296, 356: 58, 357: 666, 358: 428, 359: 512, 360: 750, 361: 128, 362: 366, 363: 484, 364: 722, 365: 666, 366: 428, 367: 128, 368: 366, 369: 282, 370: 44, 371: 666, 372: 428, 375: 512, 376: 750, 377: 296, 378: 58, 383: 750, 384: 512, 387: 296, 388: 58, 397: 380, 398: 142, 401: 722, 402: 484, 405: 512, 406: 750, 435: 128, 436: 366, 439: 512, 440: 750, 449: 666, 450: 428, 471: 428, 472: 666, 475: 666, 476: 428, 477: 128, 478: 366, 481: 722, 482: 484, 491: 428, 492: 666, 493: 484, 494: 722, 495: 254, 496: 16, 517: 722, 518: 484, 519: 666, 520: 428, 525: 484, 526: 722, 533: 254, 534: 16, 535: 666, 536: 428, 547: 428, 548: 666, 555: 128, 556: 366, 557: 512, 558: 750, 559: 296, 560: 58, 561: 428, 562: 666, 563: 86, 564: 324, 565: 128, 566: 366, 573: 666, 574: 428, 575: 58, 576: 296, 577: 16, 578: 254, 579: 16, 580: 254, 581: 792, 582: 554, 583: 666, 584: 428, 585: 722, 586: 484, 587: 792, 588: 554, 589: 428, 590: 666, 591: 58, 592: 296, 593: 428, 594: 666, 595: 722, 596: 484, 597: 484, 598: 722, 599: 484, 600: 722, 601: 666, 602: 428, 603: 128, 604: 366, 605: 484, 606: 722, 607: 722, 608: 484, 613: 366, 614: 128, 615: 44, 616: 282, 617: 128, 618: 366, 619: 484, 620: 722, 621: 512, 622: 750, 623: 484, 624: 722, 625: 428, 626: 666, 629: 722, 630: 484, 631: 366, 632: 128, 633: 428, 634: 666, 635: 512, 636: 750, 637: 666, 638: 428, 639: 128, 640: 366, 641: 484, 642: 722, 643: 282, 644: 44, 645: 16, 646: 254, 651: 128, 652: 366, 653: 750, 654: 512, 661: 722, 662: 484, 663: 666, 664: 428, 665: 58, 666: 296, 667: 750, 668: 512, 671: 366, 672: 128, 713: 16, 714: 254, 715: 254, 716: 16, 717: 324, 718: 86, 719: 792, 720: 554, 721: 484, 722: 722, 723: 512, 724: 750, 725: 282, 726: 44, 727: 282, 728: 44, 733: 128, 734: 366, 741: 428, 742: 666, 743: 128, 744: 366, 745: 296, 746: 58, 747: 750, 748: 512, 757: 484, 758: 722, 759: 666, 760: 428, 763: 296, 764: 58, 765: 484, 766: 722, 767: 554, 768: 792, 769: 750, 770: 512, 771: 366, 772: 128, 773: 792, 774: 554, 783: 44, 784: 282, 785: 254, 786: 16, 787: 296, 788: 58, 789: 484, 790: 722, 791: 128, 792: 366, 793: 750, 794: 512, 795: 666, 796: 428, 797: 484, 798: 722, 799: 666, 800: 428, 801: 722, 802: 484, 815: 428, 816: 666, 817: 128, 818: 366, 825: 128, 826: 366, 827: 484, 828: 722, 829: 428, 830: 666, 835: 512, 836: 750, 837: 366, 838: 128, 867: 128, 868: 366, 875: 366, 876: 128, 877: 722, 878: 484, 879: 722, 880: 484, 881: 666, 882: 428, 893: 484, 894: 722, 903: 428, 904: 666, 911: 366, 912: 128}
Number of labels used: 20
Total time: 85.59 sec
Memory: 349.58 MB
=============================================

========== NEW INCUMBENT SOLUTION ==========
{13: 128, 14: 366, 15: 128, 16: 366, 23: 512, 24: 750, 49: 484, 50: 722, 51: 554, 52: 792, 53: 16, 54: 254, 67: 666, 68: 428, 69: 254, 70: 16, 79: 554, 80: 792, 81: 666, 82: 428, 83: 254, 84: 16, 85: 666, 86: 428, 103: 666, 104: 428, 105: 16, 106: 254, 117: 792, 118: 554, 119: 16, 120: 254, 127: 254, 128: 16, 129: 484, 130: 722, 143: 44, 144: 282, 145: 484, 146: 722, 151: 324, 152: 86, 153: 554, 154: 792, 155: 722, 156: 484, 157: 380, 158: 142, 179: 296, 180: 58, 181: 16, 182: 254, 183: 142, 184: 380, 191: 666, 192: 428, 193: 16, 194: 254, 205: 128, 206: 366, 209: 428, 210: 666, 211: 44, 212: 282, 213: 128, 214: 366, 215: 792, 216: 554, 217: 722, 218: 484, 233: 666, 234: 428, 235: 722, 236: 484, 237: 484, 238: 722, 261: 428, 262: 666, 263: 722, 264: 484, 265: 792, 266: 554, 267: 428, 268: 666, 269: 750, 270: 512, 271: 750, 272: 512, 273: 792, 274: 554, 275: 792, 276: 554, 277: 16, 278: 254, 281: 428, 282: 666, 283: 554, 284: 792, 285: 554, 286: 792, 287: 750, 288: 512, 289: 16, 290: 254, 291: 666, 292: 428, 293: 380, 294: 142, 295: 554, 296: 792, 299: 792, 300: 554, 301: 722, 302: 484, 303: 16, 304: 254, 305: 380, 306: 142, 307: 554, 308: 792, 309: 428, 310: 666, 311: 366, 312: 128, 313: 366, 314: 128, 321: 254, 322: 16, 323: 428, 324: 666, 325: 16, 326: 254, 327: 666, 328: 428, 329: 512, 330: 750, 339: 554, 340: 792, 341: 296, 342: 58, 343: 366, 344: 128, 345: 512, 346: 750, 347: 16, 348: 254, 349: 366, 350: 128, 351: 366, 352: 128, 355: 296, 356: 58, 357: 666, 358: 428, 359: 512, 360: 750, 361: 128, 362: 366, 363: 484, 364: 722, 365: 666, 366: 428, 367: 128, 368: 366, 369: 282, 370: 44, 371: 666, 372: 428, 375: 512, 376: 750, 377: 296, 378: 58, 383: 750, 384: 512, 387: 296, 388: 58, 397: 380, 398: 142, 401: 722, 402: 484, 405: 512, 406: 750, 435: 128, 436: 366, 439: 512, 440: 750, 449: 666, 450: 428, 471: 428, 472: 666, 475: 666, 476: 428, 477: 128, 478: 366, 481: 722, 482: 484, 491: 428, 492: 666, 493: 484, 494: 722, 495: 254, 496: 16, 517: 722, 518: 484, 519: 666, 520: 428, 525: 484, 526: 722, 533: 254, 534: 16, 535: 666, 536: 428, 547: 428, 548: 666, 555: 128, 556: 366, 557: 512, 558: 750, 559: 296, 560: 58, 561: 428, 562: 666, 563: 86, 564: 324, 565: 128, 566: 366, 573: 666, 574: 428, 575: 58, 576: 296, 577: 16, 578: 254, 579: 16, 580: 254, 581: 792, 582: 554, 583: 666, 584: 428, 585: 722, 586: 484, 587: 792, 588: 554, 589: 428, 590: 666, 591: 58, 592: 296, 593: 428, 594: 666, 595: 722, 596: 484, 597: 484, 598: 722, 599: 484, 600: 722, 601: 666, 602: 428, 603: 128, 604: 366, 605: 484, 606: 722, 607: 722, 608: 484, 613: 366, 614: 128, 615: 44, 616: 282, 617: 128, 618: 366, 619: 484, 620: 722, 621: 512, 622: 750, 623: 484, 624: 722, 625: 428, 626: 666, 629: 722, 630: 484, 631: 366, 632: 128, 633: 428, 634: 666, 635: 512, 636: 750, 637: 666, 638: 428, 639: 128, 640: 366, 641: 484, 642: 722, 643: 282, 644: 44, 645: 16, 646: 254, 651: 128, 652: 366, 653: 750, 654: 512, 661: 722, 662: 484, 663: 666, 664: 428, 665: 58, 666: 296, 667: 750, 668: 512, 671: 366, 672: 128, 713: 16, 714: 254, 715: 254, 716: 16, 717: 324, 718: 86, 719: 792, 720: 554, 721: 484, 722: 722, 723: 512, 724: 750, 725: 282, 726: 44, 727: 282, 728: 44, 733: 128, 734: 366, 741: 428, 742: 666, 743: 128, 744: 366, 745: 296, 746: 58, 747: 750, 748: 512, 757: 484, 758: 722, 759: 666, 760: 428, 763: 296, 764: 58, 765: 484, 766: 722, 767: 554, 768: 792, 769: 750, 770: 512, 771: 366, 772: 128, 773: 792, 774: 554, 783: 44, 784: 282, 785: 254, 786: 16, 787: 296, 788: 58, 789: 484, 790: 722, 791: 128, 792: 366, 793: 750, 794: 512, 795: 666, 796: 428, 797: 484, 798: 722, 799: 666, 800: 428, 801: 722, 802: 484, 815: 428, 816: 666, 817: 128, 818: 366, 825: 128, 826: 366, 827: 484, 828: 722, 829: 428, 830: 666, 835: 512, 836: 750, 837: 366, 838: 128, 867: 128, 868: 366, 875: 366, 876: 128, 877: 722, 878: 484, 879: 722, 880: 484, 881: 666, 882: 428, 893: 484, 894: 722, 903: 428, 904: 666, 911: 366, 912: 128}
Number of labels used: 20
Total time: 85.60 sec
Memory: 349.82 MB
=============================================
[runlim] sample:		108.3 time, 90.1 real, 397.7 MB
[runlim] sample:		128.3 time, 100.1 real, 403.9 MB
[runlim] sample:		148.3 time, 110.1 real, 403.9 MB
[runlim] sample:		168.3 time, 120.1 real, 403.9 MB
[runlim] sample:		188.3 time, 130.1 real, 403.9 MB
[runlim] sample:		208.3 time, 140.1 real, 403.9 MB
*     0+    0                           18.0000       12.0000            33.33%

========== NEW INCUMBENT SOLUTION ==========
{13: 366, 14: 128, 15: 254, 16: 16, 23: 30, 24: 268, 49: 366, 50: 128, 51: 380, 52: 142, 53: 30, 54: 268, 67: 366, 68: 128, 69: 778, 70: 540, 79: 282, 80: 44, 81: 792, 82: 554, 83: 254, 84: 16, 85: 540, 86: 778, 103: 792, 104: 554, 105: 380, 106: 142, 117: 44, 118: 282, 119: 16, 120: 254, 127: 30, 128: 268, 129: 792, 130: 554, 143: 366, 144: 128, 145: 282, 146: 44, 151: 484, 152: 722, 153: 554, 154: 792, 155: 456, 156: 694, 157: 30, 158: 268, 179: 128, 180: 366, 181: 16, 182: 254, 183: 30, 184: 268, 191: 366, 192: 128, 193: 16, 194: 254, 205: 540, 206: 778, 209: 44, 210: 282, 211: 380, 212: 142, 213: 540, 214: 778, 215: 254, 216: 16, 217: 778, 218: 540, 233: 778, 234: 540, 235: 30, 236: 268, 237: 540, 238: 778, 261: 778, 262: 540, 263: 380, 264: 142, 265: 792, 266: 554, 267: 380, 268: 142, 269: 44, 270: 282, 271: 44, 272: 282, 273: 16, 274: 254, 275: 16, 276: 254, 277: 694, 278: 456, 281: 254, 282: 16, 283: 380, 284: 142, 285: 554, 286: 792, 287: 484, 288: 722, 289: 142, 290: 380, 291: 792, 292: 554, 293: 142, 294: 380, 295: 540, 296: 778, 299: 694, 300: 456, 301: 554, 302: 792, 303: 268, 304: 30, 305: 380, 306: 142, 307: 30, 308: 268, 309: 254, 310: 16, 311: 722, 312: 484, 313: 128, 314: 366, 321: 366, 322: 128, 323: 366, 324: 128, 325: 540, 326: 778, 327: 268, 328: 30, 329: 792, 330: 554, 339: 366, 340: 128, 341: 16, 342: 254, 343: 16, 344: 254, 345: 380, 346: 142, 347: 792, 348: 554, 349: 456, 350: 694, 351: 142, 352: 380, 355: 366, 356: 128, 357: 30, 358: 268, 359: 484, 360: 722, 361: 128, 362: 366, 363: 456, 364: 694, 365: 380, 366: 142, 367: 30, 368: 268, 369: 282, 370: 44, 371: 554, 372: 792, 375: 484, 376: 722, 377: 380, 378: 142, 383: 722, 384: 484, 387: 380, 388: 142, 397: 366, 398: 128, 401: 380, 402: 142, 405: 778, 406: 540, 435: 142, 436: 380, 439: 694, 440: 456, 449: 142, 450: 380, 471: 792, 472: 554, 475: 128, 476: 366, 477: 456, 478: 694, 481: 778, 482: 540, 491: 778, 492: 540, 493: 380, 494: 142, 495: 44, 496: 282, 517: 722, 518: 484, 519: 366, 520: 128, 525: 268, 526: 30, 533: 778, 534: 540, 535: 366, 536: 128, 547: 16, 548: 254, 555: 380, 556: 142, 557: 282, 558: 44, 559: 268, 560: 30, 561: 380, 562: 142, 563: 722, 564: 484, 565: 456, 566: 694, 573: 282, 574: 44, 575: 778, 576: 540, 577: 792, 578: 554, 579: 128, 580: 366, 581: 792, 582: 554, 583: 366, 584: 128, 585: 30, 586: 268, 587: 554, 588: 792, 589: 484, 590: 722, 591: 282, 592: 44, 593: 694, 594: 456, 595: 30, 596: 268, 597: 268, 598: 30, 599: 268, 600: 30, 601: 722, 602: 484, 603: 366, 604: 128, 605: 268, 606: 30, 607: 268, 608: 30, 613: 366, 614: 128, 615: 44, 616: 282, 617: 128, 618: 366, 619: 142, 620: 380, 621: 484, 622: 722, 623: 456, 624: 694, 625: 30, 626: 268, 629: 142, 630: 380, 631: 128, 632: 366, 633: 778, 634: 540, 635: 142, 636: 380, 637: 254, 638: 16, 639: 128, 640: 366, 641: 282, 642: 44, 643: 380, 644: 142, 645: 366, 646: 128, 651: 484, 652: 722, 653: 792, 654: 554, 661: 722, 662: 484, 663: 254, 664: 16, 665: 142, 666: 380, 667: 694, 668: 456, 671: 366, 672: 128, 713: 792, 714: 554, 715: 254, 716: 16, 717: 778, 718: 540, 719: 16, 720: 254, 721: 268, 722: 30, 723: 282, 724: 44, 725: 128, 726: 366, 727: 128, 728: 366, 733: 268, 734: 30, 741: 792, 742: 554, 743: 366, 744: 128, 745: 540, 746: 778, 747: 142, 748: 380, 757: 484, 758: 722, 759: 282, 760: 44, 763: 456, 764: 694, 765: 694, 766: 456, 767: 792, 768: 554, 769: 142, 770: 380, 771: 722, 772: 484, 773: 456, 774: 694, 783: 44, 784: 282, 785: 254, 786: 16, 787: 778, 788: 540, 789: 30, 790: 268, 791: 380, 792: 142, 793: 484, 794: 722, 795: 142, 796: 380, 797: 778, 798: 540, 799: 456, 800: 694, 801: 128, 802: 366, 815: 366, 816: 128, 817: 142, 818: 380, 825: 778, 826: 540, 827: 540, 828: 778, 829: 142, 830: 380, 835: 44, 836: 282, 837: 366, 838: 128, 867: 540, 868: 778, 875: 366, 876: 128, 877: 282, 878: 44, 879: 380, 880: 142, 881: 456, 882: 694, 893: 484, 894: 722, 903: 778, 904: 540, 911: 16, 912: 254}
Number of labels used: 18
Total time: 145.26 sec
Memory: 405.45 MB
=============================================
      0     0       12.0000  1179       18.0000      Cuts: 49    69452   33.33%

========== NEW INCUMBENT SOLUTION ==========
{13: 366, 14: 128, 15: 254, 16: 16, 23: 30, 24: 268, 49: 366, 50: 128, 51: 380, 52: 142, 53: 30, 54: 268, 67: 366, 68: 128, 69: 778, 70: 540, 79: 282, 80: 44, 81: 792, 82: 554, 83: 254, 84: 16, 85: 540, 86: 778, 103: 792, 104: 554, 105: 380, 106: 142, 117: 44, 118: 282, 119: 16, 120: 254, 127: 30, 128: 268, 129: 792, 130: 554, 143: 366, 144: 128, 145: 282, 146: 44, 151: 484, 152: 722, 153: 554, 154: 792, 155: 456, 156: 694, 157: 30, 158: 268, 179: 128, 180: 366, 181: 16, 182: 254, 183: 30, 184: 268, 191: 366, 192: 128, 193: 16, 194: 254, 205: 540, 206: 778, 209: 44, 210: 282, 211: 380, 212: 142, 213: 540, 214: 778, 215: 254, 216: 16, 217: 778, 218: 540, 233: 778, 234: 540, 235: 30, 236: 268, 237: 540, 238: 778, 261: 778, 262: 540, 263: 380, 264: 142, 265: 792, 266: 554, 267: 380, 268: 142, 269: 44, 270: 282, 271: 44, 272: 282, 273: 16, 274: 254, 275: 16, 276: 254, 277: 694, 278: 456, 281: 254, 282: 16, 283: 380, 284: 142, 285: 554, 286: 792, 287: 484, 288: 722, 289: 142, 290: 380, 291: 792, 292: 554, 293: 142, 294: 380, 295: 540, 296: 778, 299: 694, 300: 456, 301: 554, 302: 792, 303: 268, 304: 30, 305: 380, 306: 142, 307: 30, 308: 268, 309: 254, 310: 16, 311: 722, 312: 484, 313: 128, 314: 366, 321: 366, 322: 128, 323: 366, 324: 128, 325: 540, 326: 778, 327: 268, 328: 30, 329: 792, 330: 554, 339: 366, 340: 128, 341: 16, 342: 254, 343: 16, 344: 254, 345: 380, 346: 142, 347: 792, 348: 554, 349: 456, 350: 694, 351: 142, 352: 380, 355: 366, 356: 128, 357: 30, 358: 268, 359: 484, 360: 722, 361: 128, 362: 366, 363: 456, 364: 694, 365: 380, 366: 142, 367: 30, 368: 268, 369: 282, 370: 44, 371: 554, 372: 792, 375: 484, 376: 722, 377: 380, 378: 142, 383: 722, 384: 484, 387: 380, 388: 142, 397: 366, 398: 128, 401: 380, 402: 142, 405: 778, 406: 540, 435: 142, 436: 380, 439: 694, 440: 456, 449: 142, 450: 380, 471: 792, 472: 554, 475: 128, 476: 366, 477: 456, 478: 694, 481: 778, 482: 540, 491: 778, 492: 540, 493: 380, 494: 142, 495: 44, 496: 282, 517: 722, 518: 484, 519: 366, 520: 128, 525: 268, 526: 30, 533: 778, 534: 540, 535: 366, 536: 128, 547: 16, 548: 254, 555: 380, 556: 142, 557: 282, 558: 44, 559: 268, 560: 30, 561: 380, 562: 142, 563: 722, 564: 484, 565: 456, 566: 694, 573: 282, 574: 44, 575: 778, 576: 540, 577: 792, 578: 554, 579: 128, 580: 366, 581: 792, 582: 554, 583: 366, 584: 128, 585: 30, 586: 268, 587: 554, 588: 792, 589: 484, 590: 722, 591: 282, 592: 44, 593: 694, 594: 456, 595: 30, 596: 268, 597: 268, 598: 30, 599: 268, 600: 30, 601: 722, 602: 484, 603: 366, 604: 128, 605: 268, 606: 30, 607: 268, 608: 30, 613: 366, 614: 128, 615: 44, 616: 282, 617: 128, 618: 366, 619: 142, 620: 380, 621: 484, 622: 722, 623: 456, 624: 694, 625: 30, 626: 268, 629: 142, 630: 380, 631: 128, 632: 366, 633: 778, 634: 540, 635: 142, 636: 380, 637: 254, 638: 16, 639: 128, 640: 366, 641: 282, 642: 44, 643: 380, 644: 142, 645: 366, 646: 128, 651: 484, 652: 722, 653: 792, 654: 554, 661: 722, 662: 484, 663: 254, 664: 16, 665: 142, 666: 380, 667: 694, 668: 456, 671: 366, 672: 128, 713: 792, 714: 554, 715: 254, 716: 16, 717: 778, 718: 540, 719: 16, 720: 254, 721: 268, 722: 30, 723: 282, 724: 44, 725: 128, 726: 366, 727: 128, 728: 366, 733: 268, 734: 30, 741: 792, 742: 554, 743: 366, 744: 128, 745: 540, 746: 778, 747: 142, 748: 380, 757: 484, 758: 722, 759: 282, 760: 44, 763: 456, 764: 694, 765: 694, 766: 456, 767: 792, 768: 554, 769: 142, 770: 380, 771: 722, 772: 484, 773: 456, 774: 694, 783: 44, 784: 282, 785: 254, 786: 16, 787: 778, 788: 540, 789: 30, 790: 268, 791: 380, 792: 142, 793: 484, 794: 722, 795: 142, 796: 380, 797: 778, 798: 540, 799: 456, 800: 694, 801: 128, 802: 366, 815: 366, 816: 128, 817: 142, 818: 380, 825: 778, 826: 540, 827: 540, 828: 778, 829: 142, 830: 380, 835: 44, 836: 282, 837: 366, 838: 128, 867: 540, 868: 778, 875: 366, 876: 128, 877: 282, 878: 44, 879: 380, 880: 142, 881: 456, 882: 694, 893: 484, 894: 722, 903: 778, 904: 540, 911: 16, 912: 254}
Number of labels used: 18
Total time: 145.28 sec
Memory: 405.45 MB
=============================================
[runlim] sample:		228.3 time, 150.1 real, 415.4 MB
[runlim] sample:		248.3 time, 160.1 real, 415.8 MB
[runlim] sample:		268.3 time, 170.1 real, 415.8 MB
[runlim] sample:		288.3 time, 180.1 real, 415.8 MB
[runlim] sample:		308.3 time, 190.1 real, 415.8 MB
[runlim] sample:		328.3 time, 200.1 real, 415.8 MB
[runlim] sample:		348.3 time, 210.1 real, 415.8 MB
[runlim] sample:		368.3 time, 220.1 real, 415.8 MB

========== NEW INCUMBENT SOLUTION ==========
{13: 366, 14: 128, 15: 254, 16: 16, 23: 30, 24: 268, 49: 366, 50: 128, 51: 380, 52: 142, 53: 30, 54: 268, 67: 366, 68: 128, 69: 778, 70: 540, 79: 282, 80: 44, 81: 792, 82: 554, 83: 254, 84: 16, 85: 540, 86: 778, 103: 792, 104: 554, 105: 380, 106: 142, 117: 44, 118: 282, 119: 16, 120: 254, 127: 30, 128: 268, 129: 792, 130: 554, 143: 366, 144: 128, 145: 282, 146: 44, 151: 484, 152: 722, 153: 554, 154: 792, 155: 456, 156: 694, 157: 30, 158: 268, 179: 128, 180: 366, 181: 16, 182: 254, 183: 30, 184: 268, 191: 366, 192: 128, 193: 16, 194: 254, 205: 540, 206: 778, 209: 44, 210: 282, 211: 380, 212: 142, 213: 540, 214: 778, 215: 254, 216: 16, 217: 778, 218: 540, 233: 778, 234: 540, 235: 30, 236: 268, 237: 540, 238: 778, 261: 778, 262: 540, 263: 380, 264: 142, 265: 792, 266: 554, 267: 380, 268: 142, 269: 44, 270: 282, 271: 44, 272: 282, 273: 16, 274: 254, 275: 16, 276: 254, 277: 694, 278: 456, 281: 254, 282: 16, 283: 380, 284: 142, 285: 554, 286: 792, 287: 484, 288: 722, 289: 142, 290: 380, 291: 792, 292: 554, 293: 142, 294: 380, 295: 540, 296: 778, 299: 694, 300: 456, 301: 554, 302: 792, 303: 268, 304: 30, 305: 380, 306: 142, 307: 30, 308: 268, 309: 254, 310: 16, 311: 722, 312: 484, 313: 128, 314: 366, 321: 366, 322: 128, 323: 366, 324: 128, 325: 540, 326: 778, 327: 268, 328: 30, 329: 792, 330: 554, 339: 366, 340: 128, 341: 16, 342: 254, 343: 16, 344: 254, 345: 380, 346: 142, 347: 792, 348: 554, 349: 456, 350: 694, 351: 142, 352: 380, 355: 366, 356: 128, 357: 30, 358: 268, 359: 484, 360: 722, 361: 128, 362: 366, 363: 456, 364: 694, 365: 380, 366: 142, 367: 30, 368: 268, 369: 282, 370: 44, 371: 554, 372: 792, 375: 484, 376: 722, 377: 380, 378: 142, 383: 722, 384: 484, 387: 380, 388: 142, 397: 366, 398: 128, 401: 380, 402: 142, 405: 778, 406: 540, 435: 142, 436: 380, 439: 694, 440: 456, 449: 142, 450: 380, 471: 792, 472: 554, 475: 128, 476: 366, 477: 456, 478: 694, 481: 778, 482: 540, 491: 778, 492: 540, 493: 380, 494: 142, 495: 44, 496: 282, 517: 722, 518: 484, 519: 366, 520: 128, 525: 268, 526: 30, 533: 778, 534: 540, 535: 366, 536: 128, 547: 16, 548: 254, 555: 380, 556: 142, 557: 282, 558: 44, 559: 268, 560: 30, 561: 380, 562: 142, 563: 722, 564: 484, 565: 456, 566: 694, 573: 282, 574: 44, 575: 778, 576: 540, 577: 792, 578: 554, 579: 128, 580: 366, 581: 792, 582: 554, 583: 366, 584: 128, 585: 30, 586: 268, 587: 554, 588: 792, 589: 484, 590: 722, 591: 282, 592: 44, 593: 694, 594: 456, 595: 30, 596: 268, 597: 268, 598: 30, 599: 268, 600: 30, 601: 722, 602: 484, 603: 366, 604: 128, 605: 268, 606: 30, 607: 268, 608: 30, 613: 366, 614: 128, 615: 44, 616: 282, 617: 128, 618: 366, 619: 142, 620: 380, 621: 484, 622: 722, 623: 456, 624: 694, 625: 30, 626: 268, 629: 142, 630: 380, 631: 128, 632: 366, 633: 778, 634: 540, 635: 142, 636: 380, 637: 254, 638: 16, 639: 128, 640: 366, 641: 282, 642: 44, 643: 380, 644: 142, 645: 366, 646: 128, 651: 484, 652: 722, 653: 792, 654: 554, 661: 722, 662: 484, 663: 254, 664: 16, 665: 142, 666: 380, 667: 694, 668: 456, 671: 366, 672: 128, 713: 792, 714: 554, 715: 254, 716: 16, 717: 778, 718: 540, 719: 16, 720: 254, 721: 268, 722: 30, 723: 282, 724: 44, 725: 128, 726: 366, 727: 128, 728: 366, 733: 268, 734: 30, 741: 792, 742: 554, 743: 366, 744: 128, 745: 540, 746: 778, 747: 142, 748: 380, 757: 484, 758: 722, 759: 282, 760: 44, 763: 456, 764: 694, 765: 694, 766: 456, 767: 792, 768: 554, 769: 142, 770: 380, 771: 722, 772: 484, 773: 456, 774: 694, 783: 44, 784: 282, 785: 254, 786: 16, 787: 778, 788: 540, 789: 30, 790: 268, 791: 380, 792: 142, 793: 484, 794: 722, 795: 142, 796: 380, 797: 778, 798: 540, 799: 456, 800: 694, 801: 128, 802: 366, 815: 366, 816: 128, 817: 142, 818: 380, 825: 778, 826: 540, 827: 540, 828: 778, 829: 142, 830: 380, 835: 44, 836: 282, 837: 366, 838: 128, 867: 540, 868: 778, 875: 366, 876: 128, 877: 282, 878: 44, 879: 380, 880: 142, 881: 456, 882: 694, 893: 484, 894: 722, 903: 778, 904: 540, 911: 16, 912: 254}
Number of labels used: 18
Total time: 221.65 sec
Memory: 417.23 MB
=============================================
      0     0       12.0000  1077       18.0000      Cuts: 22   133235   33.33%

========== NEW INCUMBENT SOLUTION ==========
{13: 366, 14: 128, 15: 254, 16: 16, 23: 30, 24: 268, 49: 366, 50: 128, 51: 380, 52: 142, 53: 30, 54: 268, 67: 366, 68: 128, 69: 778, 70: 540, 79: 282, 80: 44, 81: 792, 82: 554, 83: 254, 84: 16, 85: 540, 86: 778, 103: 792, 104: 554, 105: 380, 106: 142, 117: 44, 118: 282, 119: 16, 120: 254, 127: 30, 128: 268, 129: 792, 130: 554, 143: 366, 144: 128, 145: 282, 146: 44, 151: 484, 152: 722, 153: 554, 154: 792, 155: 456, 156: 694, 157: 30, 158: 268, 179: 128, 180: 366, 181: 16, 182: 254, 183: 30, 184: 268, 191: 366, 192: 128, 193: 16, 194: 254, 205: 540, 206: 778, 209: 44, 210: 282, 211: 380, 212: 142, 213: 540, 214: 778, 215: 254, 216: 16, 217: 778, 218: 540, 233: 778, 234: 540, 235: 30, 236: 268, 237: 540, 238: 778, 261: 778, 262: 540, 263: 380, 264: 142, 265: 792, 266: 554, 267: 380, 268: 142, 269: 44, 270: 282, 271: 44, 272: 282, 273: 16, 274: 254, 275: 16, 276: 254, 277: 694, 278: 456, 281: 254, 282: 16, 283: 380, 284: 142, 285: 554, 286: 792, 287: 484, 288: 722, 289: 142, 290: 380, 291: 792, 292: 554, 293: 142, 294: 380, 295: 540, 296: 778, 299: 694, 300: 456, 301: 554, 302: 792, 303: 268, 304: 30, 305: 380, 306: 142, 307: 30, 308: 268, 309: 254, 310: 16, 311: 722, 312: 484, 313: 128, 314: 366, 321: 366, 322: 128, 323: 366, 324: 128, 325: 540, 326: 778, 327: 268, 328: 30, 329: 792, 330: 554, 339: 366, 340: 128, 341: 16, 342: 254, 343: 16, 344: 254, 345: 380, 346: 142, 347: 792, 348: 554, 349: 456, 350: 694, 351: 142, 352: 380, 355: 366, 356: 128, 357: 30, 358: 268, 359: 484, 360: 722, 361: 128, 362: 366, 363: 456, 364: 694, 365: 380, 366: 142, 367: 30, 368: 268, 369: 282, 370: 44, 371: 554, 372: 792, 375: 484, 376: 722, 377: 380, 378: 142, 383: 722, 384: 484, 387: 380, 388: 142, 397: 366, 398: 128, 401: 380, 402: 142, 405: 778, 406: 540, 435: 142, 436: 380, 439: 694, 440: 456, 449: 142, 450: 380, 471: 792, 472: 554, 475: 128, 476: 366, 477: 456, 478: 694, 481: 778, 482: 540, 491: 778, 492: 540, 493: 380, 494: 142, 495: 44, 496: 282, 517: 722, 518: 484, 519: 366, 520: 128, 525: 268, 526: 30, 533: 778, 534: 540, 535: 366, 536: 128, 547: 16, 548: 254, 555: 380, 556: 142, 557: 282, 558: 44, 559: 268, 560: 30, 561: 380, 562: 142, 563: 722, 564: 484, 565: 456, 566: 694, 573: 282, 574: 44, 575: 778, 576: 540, 577: 792, 578: 554, 579: 128, 580: 366, 581: 792, 582: 554, 583: 366, 584: 128, 585: 30, 586: 268, 587: 554, 588: 792, 589: 484, 590: 722, 591: 282, 592: 44, 593: 694, 594: 456, 595: 30, 596: 268, 597: 268, 598: 30, 599: 268, 600: 30, 601: 722, 602: 484, 603: 366, 604: 128, 605: 268, 606: 30, 607: 268, 608: 30, 613: 366, 614: 128, 615: 44, 616: 282, 617: 128, 618: 366, 619: 142, 620: 380, 621: 484, 622: 722, 623: 456, 624: 694, 625: 30, 626: 268, 629: 142, 630: 380, 631: 128, 632: 366, 633: 778, 634: 540, 635: 142, 636: 380, 637: 254, 638: 16, 639: 128, 640: 366, 641: 282, 642: 44, 643: 380, 644: 142, 645: 366, 646: 128, 651: 484, 652: 722, 653: 792, 654: 554, 661: 722, 662: 484, 663: 254, 664: 16, 665: 142, 666: 380, 667: 694, 668: 456, 671: 366, 672: 128, 713: 792, 714: 554, 715: 254, 716: 16, 717: 778, 718: 540, 719: 16, 720: 254, 721: 268, 722: 30, 723: 282, 724: 44, 725: 128, 726: 366, 727: 128, 728: 366, 733: 268, 734: 30, 741: 792, 742: 554, 743: 366, 744: 128, 745: 540, 746: 778, 747: 142, 748: 380, 757: 484, 758: 722, 759: 282, 760: 44, 763: 456, 764: 694, 765: 694, 766: 456, 767: 792, 768: 554, 769: 142, 770: 380, 771: 722, 772: 484, 773: 456, 774: 694, 783: 44, 784: 282, 785: 254, 786: 16, 787: 778, 788: 540, 789: 30, 790: 268, 791: 380, 792: 142, 793: 484, 794: 722, 795: 142, 796: 380, 797: 778, 798: 540, 799: 456, 800: 694, 801: 128, 802: 366, 815: 366, 816: 128, 817: 142, 818: 380, 825: 778, 826: 540, 827: 540, 828: 778, 829: 142, 830: 380, 835: 44, 836: 282, 837: 366, 838: 128, 867: 540, 868: 778, 875: 366, 876: 128, 877: 282, 878: 44, 879: 380, 880: 142, 881: 456, 882: 694, 893: 484, 894: 722, 903: 778, 904: 540, 911: 16, 912: 254}
Number of labels used: 18
Total time: 221.66 sec
Memory: 417.23 MB
=============================================
[runlim] sample:		388.3 time, 230.1 real, 424.5 MB
[runlim] sample:		408.3 time, 240.1 real, 424.7 MB
[runlim] sample:		428.3 time, 250.1 real, 425.4 MB
[runlim] sample:		448.3 time, 260.1 real, 425.4 MB
[runlim] sample:		468.3 time, 270.1 real, 425.4 MB
[runlim] sample:		488.3 time, 280.1 real, 425.4 MB

========== NEW INCUMBENT SOLUTION ==========
{13: 366, 14: 128, 15: 254, 16: 16, 23: 30, 24: 268, 49: 366, 50: 128, 51: 380, 52: 142, 53: 30, 54: 268, 67: 366, 68: 128, 69: 778, 70: 540, 79: 282, 80: 44, 81: 792, 82: 554, 83: 254, 84: 16, 85: 540, 86: 778, 103: 792, 104: 554, 105: 380, 106: 142, 117: 44, 118: 282, 119: 16, 120: 254, 127: 30, 128: 268, 129: 792, 130: 554, 143: 366, 144: 128, 145: 282, 146: 44, 151: 484, 152: 722, 153: 554, 154: 792, 155: 456, 156: 694, 157: 30, 158: 268, 179: 128, 180: 366, 181: 16, 182: 254, 183: 30, 184: 268, 191: 366, 192: 128, 193: 16, 194: 254, 205: 540, 206: 778, 209: 44, 210: 282, 211: 380, 212: 142, 213: 540, 214: 778, 215: 254, 216: 16, 217: 778, 218: 540, 233: 778, 234: 540, 235: 30, 236: 268, 237: 540, 238: 778, 261: 778, 262: 540, 263: 380, 264: 142, 265: 792, 266: 554, 267: 380, 268: 142, 269: 44, 270: 282, 271: 44, 272: 282, 273: 16, 274: 254, 275: 16, 276: 254, 277: 694, 278: 456, 281: 254, 282: 16, 283: 380, 284: 142, 285: 554, 286: 792, 287: 484, 288: 722, 289: 142, 290: 380, 291: 792, 292: 554, 293: 142, 294: 380, 295: 540, 296: 778, 299: 694, 300: 456, 301: 554, 302: 792, 303: 268, 304: 30, 305: 380, 306: 142, 307: 30, 308: 268, 309: 254, 310: 16, 311: 722, 312: 484, 313: 128, 314: 366, 321: 366, 322: 128, 323: 366, 324: 128, 325: 540, 326: 778, 327: 268, 328: 30, 329: 792, 330: 554, 339: 366, 340: 128, 341: 16, 342: 254, 343: 16, 344: 254, 345: 380, 346: 142, 347: 792, 348: 554, 349: 456, 350: 694, 351: 142, 352: 380, 355: 366, 356: 128, 357: 30, 358: 268, 359: 484, 360: 722, 361: 128, 362: 366, 363: 456, 364: 694, 365: 380, 366: 142, 367: 30, 368: 268, 369: 282, 370: 44, 371: 554, 372: 792, 375: 484, 376: 722, 377: 380, 378: 142, 383: 722, 384: 484, 387: 380, 388: 142, 397: 366, 398: 128, 401: 380, 402: 142, 405: 778, 406: 540, 435: 142, 436: 380, 439: 694, 440: 456, 449: 142, 450: 380, 471: 792, 472: 554, 475: 128, 476: 366, 477: 456, 478: 694, 481: 778, 482: 540, 491: 778, 492: 540, 493: 380, 494: 142, 495: 44, 496: 282, 517: 722, 518: 484, 519: 366, 520: 128, 525: 268, 526: 30, 533: 778, 534: 540, 535: 366, 536: 128, 547: 16, 548: 254, 555: 380, 556: 142, 557: 282, 558: 44, 559: 268, 560: 30, 561: 380, 562: 142, 563: 722, 564: 484, 565: 456, 566: 694, 573: 282, 574: 44, 575: 778, 576: 540, 577: 792, 578: 554, 579: 128, 580: 366, 581: 792, 582: 554, 583: 366, 584: 128, 585: 30, 586: 268, 587: 554, 588: 792, 589: 484, 590: 722, 591: 282, 592: 44, 593: 694, 594: 456, 595: 30, 596: 268, 597: 268, 598: 30, 599: 268, 600: 30, 601: 722, 602: 484, 603: 366, 604: 128, 605: 268, 606: 30, 607: 268, 608: 30, 613: 366, 614: 128, 615: 44, 616: 282, 617: 128, 618: 366, 619: 142, 620: 380, 621: 484, 622: 722, 623: 456, 624: 694, 625: 30, 626: 268, 629: 142, 630: 380, 631: 128, 632: 366, 633: 778, 634: 540, 635: 142, 636: 380, 637: 254, 638: 16, 639: 128, 640: 366, 641: 282, 642: 44, 643: 380, 644: 142, 645: 366, 646: 128, 651: 484, 652: 722, 653: 792, 654: 554, 661: 722, 662: 484, 663: 254, 664: 16, 665: 142, 666: 380, 667: 694, 668: 456, 671: 366, 672: 128, 713: 792, 714: 554, 715: 254, 716: 16, 717: 778, 718: 540, 719: 16, 720: 254, 721: 268, 722: 30, 723: 282, 724: 44, 725: 128, 726: 366, 727: 128, 728: 366, 733: 268, 734: 30, 741: 792, 742: 554, 743: 366, 744: 128, 745: 540, 746: 778, 747: 142, 748: 380, 757: 484, 758: 722, 759: 282, 760: 44, 763: 456, 764: 694, 765: 694, 766: 456, 767: 792, 768: 554, 769: 142, 770: 380, 771: 722, 772: 484, 773: 456, 774: 694, 783: 44, 784: 282, 785: 254, 786: 16, 787: 778, 788: 540, 789: 30, 790: 268, 791: 380, 792: 142, 793: 484, 794: 722, 795: 142, 796: 380, 797: 778, 798: 540, 799: 456, 800: 694, 801: 128, 802: 366, 815: 366, 816: 128, 817: 142, 818: 380, 825: 778, 826: 540, 827: 540, 828: 778, 829: 142, 830: 380, 835: 44, 836: 282, 837: 366, 838: 128, 867: 540, 868: 778, 875: 366, 876: 128, 877: 282, 878: 44, 879: 380, 880: 142, 881: 456, 882: 694, 893: 484, 894: 722, 903: 778, 904: 540, 911: 16, 912: 254}
Number of labels used: 18
Total time: 284.81 sec
Memory: 426.97 MB
=============================================
      0     0       12.0000   959       18.0000   Cliques: 24   191455   33.33%

========== NEW INCUMBENT SOLUTION ==========
{13: 366, 14: 128, 15: 254, 16: 16, 23: 30, 24: 268, 49: 366, 50: 128, 51: 380, 52: 142, 53: 30, 54: 268, 67: 366, 68: 128, 69: 778, 70: 540, 79: 282, 80: 44, 81: 792, 82: 554, 83: 254, 84: 16, 85: 540, 86: 778, 103: 792, 104: 554, 105: 380, 106: 142, 117: 44, 118: 282, 119: 16, 120: 254, 127: 30, 128: 268, 129: 792, 130: 554, 143: 366, 144: 128, 145: 282, 146: 44, 151: 484, 152: 722, 153: 554, 154: 792, 155: 456, 156: 694, 157: 30, 158: 268, 179: 128, 180: 366, 181: 16, 182: 254, 183: 30, 184: 268, 191: 366, 192: 128, 193: 16, 194: 254, 205: 540, 206: 778, 209: 44, 210: 282, 211: 380, 212: 142, 213: 540, 214: 778, 215: 254, 216: 16, 217: 778, 218: 540, 233: 778, 234: 540, 235: 30, 236: 268, 237: 540, 238: 778, 261: 778, 262: 540, 263: 380, 264: 142, 265: 792, 266: 554, 267: 380, 268: 142, 269: 44, 270: 282, 271: 44, 272: 282, 273: 16, 274: 254, 275: 16, 276: 254, 277: 694, 278: 456, 281: 254, 282: 16, 283: 380, 284: 142, 285: 554, 286: 792, 287: 484, 288: 722, 289: 142, 290: 380, 291: 792, 292: 554, 293: 142, 294: 380, 295: 540, 296: 778, 299: 694, 300: 456, 301: 554, 302: 792, 303: 268, 304: 30, 305: 380, 306: 142, 307: 30, 308: 268, 309: 254, 310: 16, 311: 722, 312: 484, 313: 128, 314: 366, 321: 366, 322: 128, 323: 366, 324: 128, 325: 540, 326: 778, 327: 268, 328: 30, 329: 792, 330: 554, 339: 366, 340: 128, 341: 16, 342: 254, 343: 16, 344: 254, 345: 380, 346: 142, 347: 792, 348: 554, 349: 456, 350: 694, 351: 142, 352: 380, 355: 366, 356: 128, 357: 30, 358: 268, 359: 484, 360: 722, 361: 128, 362: 366, 363: 456, 364: 694, 365: 380, 366: 142, 367: 30, 368: 268, 369: 282, 370: 44, 371: 554, 372: 792, 375: 484, 376: 722, 377: 380, 378: 142, 383: 722, 384: 484, 387: 380, 388: 142, 397: 366, 398: 128, 401: 380, 402: 142, 405: 778, 406: 540, 435: 142, 436: 380, 439: 694, 440: 456, 449: 142, 450: 380, 471: 792, 472: 554, 475: 128, 476: 366, 477: 456, 478: 694, 481: 778, 482: 540, 491: 778, 492: 540, 493: 380, 494: 142, 495: 44, 496: 282, 517: 722, 518: 484, 519: 366, 520: 128, 525: 268, 526: 30, 533: 778, 534: 540, 535: 366, 536: 128, 547: 16, 548: 254, 555: 380, 556: 142, 557: 282, 558: 44, 559: 268, 560: 30, 561: 380, 562: 142, 563: 722, 564: 484, 565: 456, 566: 694, 573: 282, 574: 44, 575: 778, 576: 540, 577: 792, 578: 554, 579: 128, 580: 366, 581: 792, 582: 554, 583: 366, 584: 128, 585: 30, 586: 268, 587: 554, 588: 792, 589: 484, 590: 722, 591: 282, 592: 44, 593: 694, 594: 456, 595: 30, 596: 268, 597: 268, 598: 30, 599: 268, 600: 30, 601: 722, 602: 484, 603: 366, 604: 128, 605: 268, 606: 30, 607: 268, 608: 30, 613: 366, 614: 128, 615: 44, 616: 282, 617: 128, 618: 366, 619: 142, 620: 380, 621: 484, 622: 722, 623: 456, 624: 694, 625: 30, 626: 268, 629: 142, 630: 380, 631: 128, 632: 366, 633: 778, 634: 540, 635: 142, 636: 380, 637: 254, 638: 16, 639: 128, 640: 366, 641: 282, 642: 44, 643: 380, 644: 142, 645: 366, 646: 128, 651: 484, 652: 722, 653: 792, 654: 554, 661: 722, 662: 484, 663: 254, 664: 16, 665: 142, 666: 380, 667: 694, 668: 456, 671: 366, 672: 128, 713: 792, 714: 554, 715: 254, 716: 16, 717: 778, 718: 540, 719: 16, 720: 254, 721: 268, 722: 30, 723: 282, 724: 44, 725: 128, 726: 366, 727: 128, 728: 366, 733: 268, 734: 30, 741: 792, 742: 554, 743: 366, 744: 128, 745: 540, 746: 778, 747: 142, 748: 380, 757: 484, 758: 722, 759: 282, 760: 44, 763: 456, 764: 694, 765: 694, 766: 456, 767: 792, 768: 554, 769: 142, 770: 380, 771: 722, 772: 484, 773: 456, 774: 694, 783: 44, 784: 282, 785: 254, 786: 16, 787: 778, 788: 540, 789: 30, 790: 268, 791: 380, 792: 142, 793: 484, 794: 722, 795: 142, 796: 380, 797: 778, 798: 540, 799: 456, 800: 694, 801: 128, 802: 366, 815: 366, 816: 128, 817: 142, 818: 380, 825: 778, 826: 540, 827: 540, 828: 778, 829: 142, 830: 380, 835: 44, 836: 282, 837: 366, 838: 128, 867: 540, 868: 778, 875: 366, 876: 128, 877: 282, 878: 44, 879: 380, 880: 142, 881: 456, 882: 694, 893: 484, 894: 722, 903: 778, 904: 540, 911: 16, 912: 254}
Number of labels used: 18
Total time: 284.83 sec
Memory: 426.97 MB
=============================================
[runlim] sample:		533.6 time, 290.1 real, 459.1 MB
[runlim] sample:		628.4 time, 300.1 real, 473.0 MB
[runlim] sample:		650.6 time, 310.1 real, 480.5 MB
[runlim] sample:		670.6 time, 320.1 real, 480.5 MB
[runlim] sample:		690.6 time, 330.1 real, 480.5 MB
[runlim] sample:		710.6 time, 340.1 real, 480.5 MB
[runlim] sample:		730.6 time, 350.1 real, 480.5 MB
[runlim] sample:		750.6 time, 360.1 real, 480.5 MB
[runlim] sample:		770.6 time, 370.1 real, 480.5 MB
[runlim] sample:		790.6 time, 380.1 real, 480.5 MB
*     0+    0                           14.0000       12.0000            14.29%

========== NEW INCUMBENT SOLUTION ==========
{13: 680, 14: 442, 15: 778, 16: 540, 23: 736, 24: 498, 49: 380, 50: 142, 51: 722, 52: 484, 53: 254, 54: 16, 67: 484, 68: 722, 69: 16, 70: 254, 79: 310, 80: 72, 81: 484, 82: 722, 83: 442, 84: 680, 85: 254, 86: 16, 103: 498, 104: 736, 105: 484, 106: 722, 117: 778, 118: 540, 119: 722, 120: 484, 127: 254, 128: 16, 129: 778, 130: 540, 143: 310, 144: 72, 145: 380, 146: 142, 151: 540, 152: 778, 153: 442, 154: 680, 155: 498, 156: 736, 157: 142, 158: 380, 179: 254, 180: 16, 181: 16, 182: 254, 183: 736, 184: 498, 191: 442, 192: 680, 193: 16, 194: 254, 205: 484, 206: 722, 209: 310, 210: 72, 211: 380, 212: 142, 213: 484, 214: 722, 215: 16, 216: 254, 217: 142, 218: 380, 233: 72, 234: 310, 235: 778, 236: 540, 237: 72, 238: 310, 261: 498, 262: 736, 263: 380, 264: 142, 265: 442, 266: 680, 267: 16, 268: 254, 269: 722, 270: 484, 271: 722, 272: 484, 273: 16, 274: 254, 275: 16, 276: 254, 277: 722, 278: 484, 281: 254, 282: 16, 283: 736, 284: 498, 285: 778, 286: 540, 287: 442, 288: 680, 289: 498, 290: 736, 291: 254, 292: 16, 293: 142, 294: 380, 295: 442, 296: 680, 299: 442, 300: 680, 301: 540, 302: 778, 303: 380, 304: 142, 305: 16, 306: 254, 307: 310, 308: 72, 309: 442, 310: 680, 311: 778, 312: 540, 313: 778, 314: 540, 321: 778, 322: 540, 323: 778, 324: 540, 325: 442, 326: 680, 327: 72, 328: 310, 329: 310, 330: 72, 339: 254, 340: 16, 341: 540, 342: 778, 343: 16, 344: 254, 345: 310, 346: 72, 347: 722, 348: 484, 349: 722, 350: 484, 351: 722, 352: 484, 355: 380, 356: 142, 357: 736, 358: 498, 359: 736, 360: 498, 361: 380, 362: 142, 363: 722, 364: 484, 365: 72, 366: 310, 367: 680, 368: 442, 369: 484, 370: 722, 371: 72, 372: 310, 375: 540, 376: 778, 377: 540, 378: 778, 383: 540, 384: 778, 387: 310, 388: 72, 397: 254, 398: 16, 401: 310, 402: 72, 405: 442, 406: 680, 435: 680, 436: 442, 439: 442, 440: 680, 449: 142, 450: 380, 471: 254, 472: 16, 475: 310, 476: 72, 477: 72, 478: 310, 481: 380, 482: 142, 491: 722, 492: 484, 493: 380, 494: 142, 495: 72, 496: 310, 517: 540, 518: 778, 519: 142, 520: 380, 525: 722, 526: 484, 533: 72, 534: 310, 535: 736, 536: 498, 547: 498, 548: 736, 555: 310, 556: 72, 557: 380, 558: 142, 559: 736, 560: 498, 561: 310, 562: 72, 563: 680, 564: 442, 565: 722, 566: 484, 573: 722, 574: 484, 575: 380, 576: 142, 577: 254, 578: 16, 579: 16, 580: 254, 581: 310, 582: 72, 583: 442, 584: 680, 585: 498, 586: 736, 587: 16, 588: 254, 589: 380, 590: 142, 591: 142, 592: 380, 593: 722, 594: 484, 595: 310, 596: 72, 597: 680, 598: 442, 599: 722, 600: 484, 601: 442, 602: 680, 603: 72, 604: 310, 605: 778, 606: 540, 607: 380, 608: 142, 613: 778, 614: 540, 615: 442, 616: 680, 617: 540, 618: 778, 619: 72, 620: 310, 621: 680, 622: 442, 623: 484, 624: 722, 625: 498, 626: 736, 629: 778, 630: 540, 631: 142, 632: 380, 633: 442, 634: 680, 635: 142, 636: 380, 637: 72, 638: 310, 639: 736, 640: 498, 641: 72, 642: 310, 643: 484, 644: 722, 645: 142, 646: 380, 651: 380, 652: 142, 653: 72, 654: 310, 661: 72, 662: 310, 663: 72, 664: 310, 665: 498, 666: 736, 667: 254, 668: 16, 671: 72, 672: 310, 713: 722, 714: 484, 715: 16, 716: 254, 717: 736, 718: 498, 719: 16, 720: 254, 721: 380, 722: 142, 723: 380, 724: 142, 725: 16, 726: 254, 727: 16, 728: 254, 733: 142, 734: 380, 741: 142, 742: 380, 743: 498, 744: 736, 745: 380, 746: 142, 747: 380, 748: 142, 757: 498, 758: 736, 759: 778, 760: 540, 763: 722, 764: 484, 765: 722, 766: 484, 767: 72, 768: 310, 769: 380, 770: 142, 771: 680, 772: 442, 773: 736, 774: 498, 783: 498, 784: 736, 785: 254, 786: 16, 787: 736, 788: 498, 789: 380, 790: 142, 791: 498, 792: 736, 793: 142, 794: 380, 795: 310, 796: 72, 797: 736, 798: 498, 799: 484, 800: 722, 801: 498, 802: 736, 815: 310, 816: 72, 817: 142, 818: 380, 825: 380, 826: 142, 827: 72, 828: 310, 829: 16, 830: 254, 835: 778, 836: 540, 837: 72, 838: 310, 867: 72, 868: 310, 875: 498, 876: 736, 877: 540, 878: 778, 879: 380, 880: 142, 881: 142, 882: 380, 893: 540, 894: 778, 903: 310, 904: 72, 911: 722, 912: 484}
Number of labels used: 14
Total time: 381.96 sec
Memory: 482.02 MB
=============================================
      0     0       12.0000   944       14.0000      Cuts: 26   260971   14.29%

========== NEW INCUMBENT SOLUTION ==========
{13: 680, 14: 442, 15: 778, 16: 540, 23: 736, 24: 498, 49: 380, 50: 142, 51: 722, 52: 484, 53: 254, 54: 16, 67: 484, 68: 722, 69: 16, 70: 254, 79: 310, 80: 72, 81: 484, 82: 722, 83: 442, 84: 680, 85: 254, 86: 16, 103: 498, 104: 736, 105: 484, 106: 722, 117: 778, 118: 540, 119: 722, 120: 484, 127: 254, 128: 16, 129: 778, 130: 540, 143: 310, 144: 72, 145: 380, 146: 142, 151: 540, 152: 778, 153: 442, 154: 680, 155: 498, 156: 736, 157: 142, 158: 380, 179: 254, 180: 16, 181: 16, 182: 254, 183: 736, 184: 498, 191: 442, 192: 680, 193: 16, 194: 254, 205: 484, 206: 722, 209: 310, 210: 72, 211: 380, 212: 142, 213: 484, 214: 722, 215: 16, 216: 254, 217: 142, 218: 380, 233: 72, 234: 310, 235: 778, 236: 540, 237: 72, 238: 310, 261: 498, 262: 736, 263: 380, 264: 142, 265: 442, 266: 680, 267: 16, 268: 254, 269: 722, 270: 484, 271: 722, 272: 484, 273: 16, 274: 254, 275: 16, 276: 254, 277: 722, 278: 484, 281: 254, 282: 16, 283: 736, 284: 498, 285: 778, 286: 540, 287: 442, 288: 680, 289: 498, 290: 736, 291: 254, 292: 16, 293: 142, 294: 380, 295: 442, 296: 680, 299: 442, 300: 680, 301: 540, 302: 778, 303: 380, 304: 142, 305: 16, 306: 254, 307: 310, 308: 72, 309: 442, 310: 680, 311: 778, 312: 540, 313: 778, 314: 540, 321: 778, 322: 540, 323: 778, 324: 540, 325: 442, 326: 680, 327: 72, 328: 310, 329: 310, 330: 72, 339: 254, 340: 16, 341: 540, 342: 778, 343: 16, 344: 254, 345: 310, 346: 72, 347: 722, 348: 484, 349: 722, 350: 484, 351: 722, 352: 484, 355: 380, 356: 142, 357: 736, 358: 498, 359: 736, 360: 498, 361: 380, 362: 142, 363: 722, 364: 484, 365: 72, 366: 310, 367: 680, 368: 442, 369: 484, 370: 722, 371: 72, 372: 310, 375: 540, 376: 778, 377: 540, 378: 778, 383: 540, 384: 778, 387: 310, 388: 72, 397: 254, 398: 16, 401: 310, 402: 72, 405: 442, 406: 680, 435: 680, 436: 442, 439: 442, 440: 680, 449: 142, 450: 380, 471: 254, 472: 16, 475: 310, 476: 72, 477: 72, 478: 310, 481: 380, 482: 142, 491: 722, 492: 484, 493: 380, 494: 142, 495: 72, 496: 310, 517: 540, 518: 778, 519: 142, 520: 380, 525: 722, 526: 484, 533: 72, 534: 310, 535: 736, 536: 498, 547: 498, 548: 736, 555: 310, 556: 72, 557: 380, 558: 142, 559: 736, 560: 498, 561: 310, 562: 72, 563: 680, 564: 442, 565: 722, 566: 484, 573: 722, 574: 484, 575: 380, 576: 142, 577: 254, 578: 16, 579: 16, 580: 254, 581: 310, 582: 72, 583: 442, 584: 680, 585: 498, 586: 736, 587: 16, 588: 254, 589: 380, 590: 142, 591: 142, 592: 380, 593: 722, 594: 484, 595: 310, 596: 72, 597: 680, 598: 442, 599: 722, 600: 484, 601: 442, 602: 680, 603: 72, 604: 310, 605: 778, 606: 540, 607: 380, 608: 142, 613: 778, 614: 540, 615: 442, 616: 680, 617: 540, 618: 778, 619: 72, 620: 310, 621: 680, 622: 442, 623: 484, 624: 722, 625: 498, 626: 736, 629: 778, 630: 540, 631: 142, 632: 380, 633: 442, 634: 680, 635: 142, 636: 380, 637: 72, 638: 310, 639: 736, 640: 498, 641: 72, 642: 310, 643: 484, 644: 722, 645: 142, 646: 380, 651: 380, 652: 142, 653: 72, 654: 310, 661: 72, 662: 310, 663: 72, 664: 310, 665: 498, 666: 736, 667: 254, 668: 16, 671: 72, 672: 310, 713: 722, 714: 484, 715: 16, 716: 254, 717: 736, 718: 498, 719: 16, 720: 254, 721: 380, 722: 142, 723: 380, 724: 142, 725: 16, 726: 254, 727: 16, 728: 254, 733: 142, 734: 380, 741: 142, 742: 380, 743: 498, 744: 736, 745: 380, 746: 142, 747: 380, 748: 142, 757: 498, 758: 736, 759: 778, 760: 540, 763: 722, 764: 484, 765: 722, 766: 484, 767: 72, 768: 310, 769: 380, 770: 142, 771: 680, 772: 442, 773: 736, 774: 498, 783: 498, 784: 736, 785: 254, 786: 16, 787: 736, 788: 498, 789: 380, 790: 142, 791: 498, 792: 736, 793: 142, 794: 380, 795: 310, 796: 72, 797: 736, 798: 498, 799: 484, 800: 722, 801: 498, 802: 736, 815: 310, 816: 72, 817: 142, 818: 380, 825: 380, 826: 142, 827: 72, 828: 310, 829: 16, 830: 254, 835: 778, 836: 540, 837: 72, 838: 310, 867: 72, 868: 310, 875: 498, 876: 736, 877: 540, 878: 778, 879: 380, 880: 142, 881: 142, 882: 380, 893: 540, 894: 778, 903: 310, 904: 72, 911: 722, 912: 484}
Number of labels used: 14
Total time: 381.98 sec
Memory: 482.02 MB
=============================================
[runlim] sample:		810.6 time, 390.1 real, 480.5 MB
[runlim] sample:		830.6 time, 400.1 real, 480.5 MB
[runlim] sample:		850.6 time, 410.1 real, 480.5 MB
[runlim] sample:		870.6 time, 420.1 real, 480.5 MB
[runlim] sample:		890.6 time, 430.1 real, 480.5 MB
[runlim] sample:		910.6 time, 440.1 real, 480.5 MB

========== NEW INCUMBENT SOLUTION ==========
{13: 680, 14: 442, 15: 778, 16: 540, 23: 736, 24: 498, 49: 380, 50: 142, 51: 722, 52: 484, 53: 254, 54: 16, 67: 484, 68: 722, 69: 16, 70: 254, 79: 310, 80: 72, 81: 484, 82: 722, 83: 442, 84: 680, 85: 254, 86: 16, 103: 498, 104: 736, 105: 484, 106: 722, 117: 778, 118: 540, 119: 722, 120: 484, 127: 254, 128: 16, 129: 778, 130: 540, 143: 310, 144: 72, 145: 380, 146: 142, 151: 540, 152: 778, 153: 442, 154: 680, 155: 498, 156: 736, 157: 142, 158: 380, 179: 254, 180: 16, 181: 16, 182: 254, 183: 736, 184: 498, 191: 442, 192: 680, 193: 16, 194: 254, 205: 484, 206: 722, 209: 310, 210: 72, 211: 380, 212: 142, 213: 484, 214: 722, 215: 16, 216: 254, 217: 142, 218: 380, 233: 72, 234: 310, 235: 778, 236: 540, 237: 72, 238: 310, 261: 498, 262: 736, 263: 380, 264: 142, 265: 442, 266: 680, 267: 16, 268: 254, 269: 722, 270: 484, 271: 722, 272: 484, 273: 16, 274: 254, 275: 16, 276: 254, 277: 722, 278: 484, 281: 254, 282: 16, 283: 736, 284: 498, 285: 778, 286: 540, 287: 442, 288: 680, 289: 498, 290: 736, 291: 254, 292: 16, 293: 142, 294: 380, 295: 442, 296: 680, 299: 442, 300: 680, 301: 540, 302: 778, 303: 380, 304: 142, 305: 16, 306: 254, 307: 310, 308: 72, 309: 442, 310: 680, 311: 778, 312: 540, 313: 778, 314: 540, 321: 778, 322: 540, 323: 778, 324: 540, 325: 442, 326: 680, 327: 72, 328: 310, 329: 310, 330: 72, 339: 254, 340: 16, 341: 540, 342: 778, 343: 16, 344: 254, 345: 310, 346: 72, 347: 722, 348: 484, 349: 722, 350: 484, 351: 722, 352: 484, 355: 380, 356: 142, 357: 736, 358: 498, 359: 736, 360: 498, 361: 380, 362: 142, 363: 722, 364: 484, 365: 72, 366: 310, 367: 680, 368: 442, 369: 484, 370: 722, 371: 72, 372: 310, 375: 540, 376: 778, 377: 540, 378: 778, 383: 540, 384: 778, 387: 310, 388: 72, 397: 254, 398: 16, 401: 310, 402: 72, 405: 442, 406: 680, 435: 680, 436: 442, 439: 442, 440: 680, 449: 142, 450: 380, 471: 254, 472: 16, 475: 310, 476: 72, 477: 72, 478: 310, 481: 380, 482: 142, 491: 722, 492: 484, 493: 380, 494: 142, 495: 72, 496: 310, 517: 540, 518: 778, 519: 142, 520: 380, 525: 722, 526: 484, 533: 72, 534: 310, 535: 736, 536: 498, 547: 498, 548: 736, 555: 310, 556: 72, 557: 380, 558: 142, 559: 736, 560: 498, 561: 310, 562: 72, 563: 680, 564: 442, 565: 722, 566: 484, 573: 722, 574: 484, 575: 380, 576: 142, 577: 254, 578: 16, 579: 16, 580: 254, 581: 310, 582: 72, 583: 442, 584: 680, 585: 498, 586: 736, 587: 16, 588: 254, 589: 380, 590: 142, 591: 142, 592: 380, 593: 722, 594: 484, 595: 310, 596: 72, 597: 680, 598: 442, 599: 722, 600: 484, 601: 442, 602: 680, 603: 72, 604: 310, 605: 778, 606: 540, 607: 380, 608: 142, 613: 778, 614: 540, 615: 442, 616: 680, 617: 540, 618: 778, 619: 72, 620: 310, 621: 680, 622: 442, 623: 484, 624: 722, 625: 498, 626: 736, 629: 778, 630: 540, 631: 142, 632: 380, 633: 442, 634: 680, 635: 142, 636: 380, 637: 72, 638: 310, 639: 736, 640: 498, 641: 72, 642: 310, 643: 484, 644: 722, 645: 142, 646: 380, 651: 380, 652: 142, 653: 72, 654: 310, 661: 72, 662: 310, 663: 72, 664: 310, 665: 498, 666: 736, 667: 254, 668: 16, 671: 72, 672: 310, 713: 722, 714: 484, 715: 16, 716: 254, 717: 736, 718: 498, 719: 16, 720: 254, 721: 380, 722: 142, 723: 380, 724: 142, 725: 16, 726: 254, 727: 16, 728: 254, 733: 142, 734: 380, 741: 142, 742: 380, 743: 498, 744: 736, 745: 380, 746: 142, 747: 380, 748: 142, 757: 498, 758: 736, 759: 778, 760: 540, 763: 722, 764: 484, 765: 722, 766: 484, 767: 72, 768: 310, 769: 380, 770: 142, 771: 680, 772: 442, 773: 736, 774: 498, 783: 498, 784: 736, 785: 254, 786: 16, 787: 736, 788: 498, 789: 380, 790: 142, 791: 498, 792: 736, 793: 142, 794: 380, 795: 310, 796: 72, 797: 736, 798: 498, 799: 484, 800: 722, 801: 498, 802: 736, 815: 310, 816: 72, 817: 142, 818: 380, 825: 380, 826: 142, 827: 72, 828: 310, 829: 16, 830: 254, 835: 778, 836: 540, 837: 72, 838: 310, 867: 72, 868: 310, 875: 498, 876: 736, 877: 540, 878: 778, 879: 380, 880: 142, 881: 142, 882: 380, 893: 540, 894: 778, 903: 310, 904: 72, 911: 722, 912: 484}
Number of labels used: 14
Total time: 442.29 sec
Memory: 482.04 MB
=============================================
      0     0       12.0000   874       14.0000      Cuts: 59   321927   14.29%

========== NEW INCUMBENT SOLUTION ==========
{13: 680, 14: 442, 15: 778, 16: 540, 23: 736, 24: 498, 49: 380, 50: 142, 51: 722, 52: 484, 53: 254, 54: 16, 67: 484, 68: 722, 69: 16, 70: 254, 79: 310, 80: 72, 81: 484, 82: 722, 83: 442, 84: 680, 85: 254, 86: 16, 103: 498, 104: 736, 105: 484, 106: 722, 117: 778, 118: 540, 119: 722, 120: 484, 127: 254, 128: 16, 129: 778, 130: 540, 143: 310, 144: 72, 145: 380, 146: 142, 151: 540, 152: 778, 153: 442, 154: 680, 155: 498, 156: 736, 157: 142, 158: 380, 179: 254, 180: 16, 181: 16, 182: 254, 183: 736, 184: 498, 191: 442, 192: 680, 193: 16, 194: 254, 205: 484, 206: 722, 209: 310, 210: 72, 211: 380, 212: 142, 213: 484, 214: 722, 215: 16, 216: 254, 217: 142, 218: 380, 233: 72, 234: 310, 235: 778, 236: 540, 237: 72, 238: 310, 261: 498, 262: 736, 263: 380, 264: 142, 265: 442, 266: 680, 267: 16, 268: 254, 269: 722, 270: 484, 271: 722, 272: 484, 273: 16, 274: 254, 275: 16, 276: 254, 277: 722, 278: 484, 281: 254, 282: 16, 283: 736, 284: 498, 285: 778, 286: 540, 287: 442, 288: 680, 289: 498, 290: 736, 291: 254, 292: 16, 293: 142, 294: 380, 295: 442, 296: 680, 299: 442, 300: 680, 301: 540, 302: 778, 303: 380, 304: 142, 305: 16, 306: 254, 307: 310, 308: 72, 309: 442, 310: 680, 311: 778, 312: 540, 313: 778, 314: 540, 321: 778, 322: 540, 323: 778, 324: 540, 325: 442, 326: 680, 327: 72, 328: 310, 329: 310, 330: 72, 339: 254, 340: 16, 341: 540, 342: 778, 343: 16, 344: 254, 345: 310, 346: 72, 347: 722, 348: 484, 349: 722, 350: 484, 351: 722, 352: 484, 355: 380, 356: 142, 357: 736, 358: 498, 359: 736, 360: 498, 361: 380, 362: 142, 363: 722, 364: 484, 365: 72, 366: 310, 367: 680, 368: 442, 369: 484, 370: 722, 371: 72, 372: 310, 375: 540, 376: 778, 377: 540, 378: 778, 383: 540, 384: 778, 387: 310, 388: 72, 397: 254, 398: 16, 401: 310, 402: 72, 405: 442, 406: 680, 435: 680, 436: 442, 439: 442, 440: 680, 449: 142, 450: 380, 471: 254, 472: 16, 475: 310, 476: 72, 477: 72, 478: 310, 481: 380, 482: 142, 491: 722, 492: 484, 493: 380, 494: 142, 495: 72, 496: 310, 517: 540, 518: 778, 519: 142, 520: 380, 525: 722, 526: 484, 533: 72, 534: 310, 535: 736, 536: 498, 547: 498, 548: 736, 555: 310, 556: 72, 557: 380, 558: 142, 559: 736, 560: 498, 561: 310, 562: 72, 563: 680, 564: 442, 565: 722, 566: 484, 573: 722, 574: 484, 575: 380, 576: 142, 577: 254, 578: 16, 579: 16, 580: 254, 581: 310, 582: 72, 583: 442, 584: 680, 585: 498, 586: 736, 587: 16, 588: 254, 589: 380, 590: 142, 591: 142, 592: 380, 593: 722, 594: 484, 595: 310, 596: 72, 597: 680, 598: 442, 599: 722, 600: 484, 601: 442, 602: 680, 603: 72, 604: 310, 605: 778, 606: 540, 607: 380, 608: 142, 613: 778, 614: 540, 615: 442, 616: 680, 617: 540, 618: 778, 619: 72, 620: 310, 621: 680, 622: 442, 623: 484, 624: 722, 625: 498, 626: 736, 629: 778, 630: 540, 631: 142, 632: 380, 633: 442, 634: 680, 635: 142, 636: 380, 637: 72, 638: 310, 639: 736, 640: 498, 641: 72, 642: 310, 643: 484, 644: 722, 645: 142, 646: 380, 651: 380, 652: 142, 653: 72, 654: 310, 661: 72, 662: 310, 663: 72, 664: 310, 665: 498, 666: 736, 667: 254, 668: 16, 671: 72, 672: 310, 713: 722, 714: 484, 715: 16, 716: 254, 717: 736, 718: 498, 719: 16, 720: 254, 721: 380, 722: 142, 723: 380, 724: 142, 725: 16, 726: 254, 727: 16, 728: 254, 733: 142, 734: 380, 741: 142, 742: 380, 743: 498, 744: 736, 745: 380, 746: 142, 747: 380, 748: 142, 757: 498, 758: 736, 759: 778, 760: 540, 763: 722, 764: 484, 765: 722, 766: 484, 767: 72, 768: 310, 769: 380, 770: 142, 771: 680, 772: 442, 773: 736, 774: 498, 783: 498, 784: 736, 785: 254, 786: 16, 787: 736, 788: 498, 789: 380, 790: 142, 791: 498, 792: 736, 793: 142, 794: 380, 795: 310, 796: 72, 797: 736, 798: 498, 799: 484, 800: 722, 801: 498, 802: 736, 815: 310, 816: 72, 817: 142, 818: 380, 825: 380, 826: 142, 827: 72, 828: 310, 829: 16, 830: 254, 835: 778, 836: 540, 837: 72, 838: 310, 867: 72, 868: 310, 875: 498, 876: 736, 877: 540, 878: 778, 879: 380, 880: 142, 881: 142, 882: 380, 893: 540, 894: 778, 903: 310, 904: 72, 911: 722, 912: 484}
Number of labels used: 14
Total time: 442.30 sec
Memory: 482.04 MB
=============================================
Detecting symmetries...
[runlim] sample:		930.6 time, 450.1 real, 481.9 MB
[runlim] sample:		950.5 time, 460.1 real, 481.9 MB
[runlim] sample:		970.5 time, 470.1 real, 481.9 MB
[runlim] sample:		990.5 time, 480.1 real, 481.9 MB
[runlim] sample:		1010.5 time, 490.1 real, 481.9 MB
[runlim] sample:		1030.5 time, 500.1 real, 481.9 MB

========== NEW INCUMBENT SOLUTION ==========
{13: 680, 14: 442, 15: 778, 16: 540, 23: 736, 24: 498, 49: 380, 50: 142, 51: 722, 52: 484, 53: 254, 54: 16, 67: 484, 68: 722, 69: 16, 70: 254, 79: 310, 80: 72, 81: 484, 82: 722, 83: 442, 84: 680, 85: 254, 86: 16, 103: 498, 104: 736, 105: 484, 106: 722, 117: 778, 118: 540, 119: 722, 120: 484, 127: 254, 128: 16, 129: 778, 130: 540, 143: 310, 144: 72, 145: 380, 146: 142, 151: 540, 152: 778, 153: 442, 154: 680, 155: 498, 156: 736, 157: 142, 158: 380, 179: 254, 180: 16, 181: 16, 182: 254, 183: 736, 184: 498, 191: 442, 192: 680, 193: 16, 194: 254, 205: 484, 206: 722, 209: 310, 210: 72, 211: 380, 212: 142, 213: 484, 214: 722, 215: 16, 216: 254, 217: 142, 218: 380, 233: 72, 234: 310, 235: 778, 236: 540, 237: 72, 238: 310, 261: 498, 262: 736, 263: 380, 264: 142, 265: 442, 266: 680, 267: 16, 268: 254, 269: 722, 270: 484, 271: 722, 272: 484, 273: 16, 274: 254, 275: 16, 276: 254, 277: 722, 278: 484, 281: 254, 282: 16, 283: 736, 284: 498, 285: 778, 286: 540, 287: 442, 288: 680, 289: 498, 290: 736, 291: 254, 292: 16, 293: 142, 294: 380, 295: 442, 296: 680, 299: 442, 300: 680, 301: 540, 302: 778, 303: 380, 304: 142, 305: 16, 306: 254, 307: 310, 308: 72, 309: 442, 310: 680, 311: 778, 312: 540, 313: 778, 314: 540, 321: 778, 322: 540, 323: 778, 324: 540, 325: 442, 326: 680, 327: 72, 328: 310, 329: 310, 330: 72, 339: 254, 340: 16, 341: 540, 342: 778, 343: 16, 344: 254, 345: 310, 346: 72, 347: 722, 348: 484, 349: 722, 350: 484, 351: 722, 352: 484, 355: 380, 356: 142, 357: 736, 358: 498, 359: 736, 360: 498, 361: 380, 362: 142, 363: 722, 364: 484, 365: 72, 366: 310, 367: 680, 368: 442, 369: 484, 370: 722, 371: 72, 372: 310, 375: 540, 376: 778, 377: 540, 378: 778, 383: 540, 384: 778, 387: 310, 388: 72, 397: 254, 398: 16, 401: 310, 402: 72, 405: 442, 406: 680, 435: 680, 436: 442, 439: 442, 440: 680, 449: 142, 450: 380, 471: 254, 472: 16, 475: 310, 476: 72, 477: 72, 478: 310, 481: 380, 482: 142, 491: 722, 492: 484, 493: 380, 494: 142, 495: 72, 496: 310, 517: 540, 518: 778, 519: 142, 520: 380, 525: 722, 526: 484, 533: 72, 534: 310, 535: 736, 536: 498, 547: 498, 548: 736, 555: 310, 556: 72, 557: 380, 558: 142, 559: 736, 560: 498, 561: 310, 562: 72, 563: 680, 564: 442, 565: 722, 566: 484, 573: 722, 574: 484, 575: 380, 576: 142, 577: 254, 578: 16, 579: 16, 580: 254, 581: 310, 582: 72, 583: 442, 584: 680, 585: 498, 586: 736, 587: 16, 588: 254, 589: 380, 590: 142, 591: 142, 592: 380, 593: 722, 594: 484, 595: 310, 596: 72, 597: 680, 598: 442, 599: 722, 600: 484, 601: 442, 602: 680, 603: 72, 604: 310, 605: 778, 606: 540, 607: 380, 608: 142, 613: 778, 614: 540, 615: 442, 616: 680, 617: 540, 618: 778, 619: 72, 620: 310, 621: 680, 622: 442, 623: 484, 624: 722, 625: 498, 626: 736, 629: 778, 630: 540, 631: 142, 632: 380, 633: 442, 634: 680, 635: 142, 636: 380, 637: 72, 638: 310, 639: 736, 640: 498, 641: 72, 642: 310, 643: 484, 644: 722, 645: 142, 646: 380, 651: 380, 652: 142, 653: 72, 654: 310, 661: 72, 662: 310, 663: 72, 664: 310, 665: 498, 666: 736, 667: 254, 668: 16, 671: 72, 672: 310, 713: 722, 714: 484, 715: 16, 716: 254, 717: 736, 718: 498, 719: 16, 720: 254, 721: 380, 722: 142, 723: 380, 724: 142, 725: 16, 726: 254, 727: 16, 728: 254, 733: 142, 734: 380, 741: 142, 742: 380, 743: 498, 744: 736, 745: 380, 746: 142, 747: 380, 748: 142, 757: 498, 758: 736, 759: 778, 760: 540, 763: 722, 764: 484, 765: 722, 766: 484, 767: 72, 768: 310, 769: 380, 770: 142, 771: 680, 772: 442, 773: 736, 774: 498, 783: 498, 784: 736, 785: 254, 786: 16, 787: 736, 788: 498, 789: 380, 790: 142, 791: 498, 792: 736, 793: 142, 794: 380, 795: 310, 796: 72, 797: 736, 798: 498, 799: 484, 800: 722, 801: 498, 802: 736, 815: 310, 816: 72, 817: 142, 818: 380, 825: 380, 826: 142, 827: 72, 828: 310, 829: 16, 830: 254, 835: 778, 836: 540, 837: 72, 838: 310, 867: 72, 868: 310, 875: 498, 876: 736, 877: 540, 878: 778, 879: 380, 880: 142, 881: 142, 882: 380, 893: 540, 894: 778, 903: 310, 904: 72, 911: 722, 912: 484}
Number of labels used: 14
Total time: 509.17 sec
Memory: 483.30 MB
=============================================
      0     0       12.0000  1102       14.0000     Cuts: 415   383419   14.29%

========== NEW INCUMBENT SOLUTION ==========
{13: 680, 14: 442, 15: 778, 16: 540, 23: 736, 24: 498, 49: 380, 50: 142, 51: 722, 52: 484, 53: 254, 54: 16, 67: 484, 68: 722, 69: 16, 70: 254, 79: 310, 80: 72, 81: 484, 82: 722, 83: 442, 84: 680, 85: 254, 86: 16, 103: 498, 104: 736, 105: 484, 106: 722, 117: 778, 118: 540, 119: 722, 120: 484, 127: 254, 128: 16, 129: 778, 130: 540, 143: 310, 144: 72, 145: 380, 146: 142, 151: 540, 152: 778, 153: 442, 154: 680, 155: 498, 156: 736, 157: 142, 158: 380, 179: 254, 180: 16, 181: 16, 182: 254, 183: 736, 184: 498, 191: 442, 192: 680, 193: 16, 194: 254, 205: 484, 206: 722, 209: 310, 210: 72, 211: 380, 212: 142, 213: 484, 214: 722, 215: 16, 216: 254, 217: 142, 218: 380, 233: 72, 234: 310, 235: 778, 236: 540, 237: 72, 238: 310, 261: 498, 262: 736, 263: 380, 264: 142, 265: 442, 266: 680, 267: 16, 268: 254, 269: 722, 270: 484, 271: 722, 272: 484, 273: 16, 274: 254, 275: 16, 276: 254, 277: 722, 278: 484, 281: 254, 282: 16, 283: 736, 284: 498, 285: 778, 286: 540, 287: 442, 288: 680, 289: 498, 290: 736, 291: 254, 292: 16, 293: 142, 294: 380, 295: 442, 296: 680, 299: 442, 300: 680, 301: 540, 302: 778, 303: 380, 304: 142, 305: 16, 306: 254, 307: 310, 308: 72, 309: 442, 310: 680, 311: 778, 312: 540, 313: 778, 314: 540, 321: 778, 322: 540, 323: 778, 324: 540, 325: 442, 326: 680, 327: 72, 328: 310, 329: 310, 330: 72, 339: 254, 340: 16, 341: 540, 342: 778, 343: 16, 344: 254, 345: 310, 346: 72, 347: 722, 348: 484, 349: 722, 350: 484, 351: 722, 352: 484, 355: 380, 356: 142, 357: 736, 358: 498, 359: 736, 360: 498, 361: 380, 362: 142, 363: 722, 364: 484, 365: 72, 366: 310, 367: 680, 368: 442, 369: 484, 370: 722, 371: 72, 372: 310, 375: 540, 376: 778, 377: 540, 378: 778, 383: 540, 384: 778, 387: 310, 388: 72, 397: 254, 398: 16, 401: 310, 402: 72, 405: 442, 406: 680, 435: 680, 436: 442, 439: 442, 440: 680, 449: 142, 450: 380, 471: 254, 472: 16, 475: 310, 476: 72, 477: 72, 478: 310, 481: 380, 482: 142, 491: 722, 492: 484, 493: 380, 494: 142, 495: 72, 496: 310, 517: 540, 518: 778, 519: 142, 520: 380, 525: 722, 526: 484, 533: 72, 534: 310, 535: 736, 536: 498, 547: 498, 548: 736, 555: 310, 556: 72, 557: 380, 558: 142, 559: 736, 560: 498, 561: 310, 562: 72, 563: 680, 564: 442, 565: 722, 566: 484, 573: 722, 574: 484, 575: 380, 576: 142, 577: 254, 578: 16, 579: 16, 580: 254, 581: 310, 582: 72, 583: 442, 584: 680, 585: 498, 586: 736, 587: 16, 588: 254, 589: 380, 590: 142, 591: 142, 592: 380, 593: 722, 594: 484, 595: 310, 596: 72, 597: 680, 598: 442, 599: 722, 600: 484, 601: 442, 602: 680, 603: 72, 604: 310, 605: 778, 606: 540, 607: 380, 608: 142, 613: 778, 614: 540, 615: 442, 616: 680, 617: 540, 618: 778, 619: 72, 620: 310, 621: 680, 622: 442, 623: 484, 624: 722, 625: 498, 626: 736, 629: 778, 630: 540, 631: 142, 632: 380, 633: 442, 634: 680, 635: 142, 636: 380, 637: 72, 638: 310, 639: 736, 640: 498, 641: 72, 642: 310, 643: 484, 644: 722, 645: 142, 646: 380, 651: 380, 652: 142, 653: 72, 654: 310, 661: 72, 662: 310, 663: 72, 664: 310, 665: 498, 666: 736, 667: 254, 668: 16, 671: 72, 672: 310, 713: 722, 714: 484, 715: 16, 716: 254, 717: 736, 718: 498, 719: 16, 720: 254, 721: 380, 722: 142, 723: 380, 724: 142, 725: 16, 726: 254, 727: 16, 728: 254, 733: 142, 734: 380, 741: 142, 742: 380, 743: 498, 744: 736, 745: 380, 746: 142, 747: 380, 748: 142, 757: 498, 758: 736, 759: 778, 760: 540, 763: 722, 764: 484, 765: 722, 766: 484, 767: 72, 768: 310, 769: 380, 770: 142, 771: 680, 772: 442, 773: 736, 774: 498, 783: 498, 784: 736, 785: 254, 786: 16, 787: 736, 788: 498, 789: 380, 790: 142, 791: 498, 792: 736, 793: 142, 794: 380, 795: 310, 796: 72, 797: 736, 798: 498, 799: 484, 800: 722, 801: 498, 802: 736, 815: 310, 816: 72, 817: 142, 818: 380, 825: 380, 826: 142, 827: 72, 828: 310, 829: 16, 830: 254, 835: 778, 836: 540, 837: 72, 838: 310, 867: 72, 868: 310, 875: 498, 876: 736, 877: 540, 878: 778, 879: 380, 880: 142, 881: 142, 882: 380, 893: 540, 894: 778, 903: 310, 904: 72, 911: 722, 912: 484}
Number of labels used: 14
Total time: 509.19 sec
Memory: 483.30 MB
=============================================
[runlim] sample:		1050.5 time, 510.1 real, 481.9 MB
[runlim] sample:		1070.5 time, 520.1 real, 482.0 MB
[runlim] sample:		1090.5 time, 530.1 real, 482.0 MB
[runlim] sample:		1110.5 time, 540.1 real, 482.0 MB
Heuristic still looking.
[runlim] sample:		1130.5 time, 550.1 real, 482.0 MB
Heuristic still looking.
[runlim] sample:		1150.5 time, 560.1 real, 482.0 MB
[runlim] sample:		1194.0 time, 570.1 real, 485.1 MB
Detecting symmetries...

========== NEW INCUMBENT SOLUTION ==========
{13: 680, 14: 442, 15: 778, 16: 540, 23: 736, 24: 498, 49: 380, 50: 142, 51: 722, 52: 484, 53: 254, 54: 16, 67: 484, 68: 722, 69: 16, 70: 254, 79: 310, 80: 72, 81: 484, 82: 722, 83: 442, 84: 680, 85: 254, 86: 16, 103: 498, 104: 736, 105: 484, 106: 722, 117: 778, 118: 540, 119: 722, 120: 484, 127: 254, 128: 16, 129: 778, 130: 540, 143: 310, 144: 72, 145: 380, 146: 142, 151: 540, 152: 778, 153: 442, 154: 680, 155: 498, 156: 736, 157: 142, 158: 380, 179: 254, 180: 16, 181: 16, 182: 254, 183: 736, 184: 498, 191: 442, 192: 680, 193: 16, 194: 254, 205: 484, 206: 722, 209: 310, 210: 72, 211: 380, 212: 142, 213: 484, 214: 722, 215: 16, 216: 254, 217: 142, 218: 380, 233: 72, 234: 310, 235: 778, 236: 540, 237: 72, 238: 310, 261: 498, 262: 736, 263: 380, 264: 142, 265: 442, 266: 680, 267: 16, 268: 254, 269: 722, 270: 484, 271: 722, 272: 484, 273: 16, 274: 254, 275: 16, 276: 254, 277: 722, 278: 484, 281: 254, 282: 16, 283: 736, 284: 498, 285: 778, 286: 540, 287: 442, 288: 680, 289: 498, 290: 736, 291: 254, 292: 16, 293: 142, 294: 380, 295: 442, 296: 680, 299: 442, 300: 680, 301: 540, 302: 778, 303: 380, 304: 142, 305: 16, 306: 254, 307: 310, 308: 72, 309: 442, 310: 680, 311: 778, 312: 540, 313: 778, 314: 540, 321: 778, 322: 540, 323: 778, 324: 540, 325: 442, 326: 680, 327: 72, 328: 310, 329: 310, 330: 72, 339: 254, 340: 16, 341: 540, 342: 778, 343: 16, 344: 254, 345: 310, 346: 72, 347: 722, 348: 484, 349: 722, 350: 484, 351: 722, 352: 484, 355: 380, 356: 142, 357: 736, 358: 498, 359: 736, 360: 498, 361: 380, 362: 142, 363: 722, 364: 484, 365: 72, 366: 310, 367: 680, 368: 442, 369: 484, 370: 722, 371: 72, 372: 310, 375: 540, 376: 778, 377: 540, 378: 778, 383: 540, 384: 778, 387: 310, 388: 72, 397: 254, 398: 16, 401: 310, 402: 72, 405: 442, 406: 680, 435: 680, 436: 442, 439: 442, 440: 680, 449: 142, 450: 380, 471: 254, 472: 16, 475: 310, 476: 72, 477: 72, 478: 310, 481: 380, 482: 142, 491: 722, 492: 484, 493: 380, 494: 142, 495: 72, 496: 310, 517: 540, 518: 778, 519: 142, 520: 380, 525: 722, 526: 484, 533: 72, 534: 310, 535: 736, 536: 498, 547: 498, 548: 736, 555: 310, 556: 72, 557: 380, 558: 142, 559: 736, 560: 498, 561: 310, 562: 72, 563: 680, 564: 442, 565: 722, 566: 484, 573: 722, 574: 484, 575: 380, 576: 142, 577: 254, 578: 16, 579: 16, 580: 254, 581: 310, 582: 72, 583: 442, 584: 680, 585: 498, 586: 736, 587: 16, 588: 254, 589: 380, 590: 142, 591: 142, 592: 380, 593: 722, 594: 484, 595: 310, 596: 72, 597: 680, 598: 442, 599: 722, 600: 484, 601: 442, 602: 680, 603: 72, 604: 310, 605: 778, 606: 540, 607: 380, 608: 142, 613: 778, 614: 540, 615: 442, 616: 680, 617: 540, 618: 778, 619: 72, 620: 310, 621: 680, 622: 442, 623: 484, 624: 722, 625: 498, 626: 736, 629: 778, 630: 540, 631: 142, 632: 380, 633: 442, 634: 680, 635: 142, 636: 380, 637: 72, 638: 310, 639: 736, 640: 498, 641: 72, 642: 310, 643: 484, 644: 722, 645: 142, 646: 380, 651: 380, 652: 142, 653: 72, 654: 310, 661: 72, 662: 310, 663: 72, 664: 310, 665: 498, 666: 736, 667: 254, 668: 16, 671: 72, 672: 310, 713: 722, 714: 484, 715: 16, 716: 254, 717: 736, 718: 498, 719: 16, 720: 254, 721: 380, 722: 142, 723: 380, 724: 142, 725: 16, 726: 254, 727: 16, 728: 254, 733: 142, 734: 380, 741: 142, 742: 380, 743: 498, 744: 736, 745: 380, 746: 142, 747: 380, 748: 142, 757: 498, 758: 736, 759: 778, 760: 540, 763: 722, 764: 484, 765: 722, 766: 484, 767: 72, 768: 310, 769: 380, 770: 142, 771: 680, 772: 442, 773: 736, 774: 498, 783: 498, 784: 736, 785: 254, 786: 16, 787: 736, 788: 498, 789: 380, 790: 142, 791: 498, 792: 736, 793: 142, 794: 380, 795: 310, 796: 72, 797: 736, 798: 498, 799: 484, 800: 722, 801: 498, 802: 736, 815: 310, 816: 72, 817: 142, 818: 380, 825: 380, 826: 142, 827: 72, 828: 310, 829: 16, 830: 254, 835: 778, 836: 540, 837: 72, 838: 310, 867: 72, 868: 310, 875: 498, 876: 736, 877: 540, 878: 778, 879: 380, 880: 142, 881: 142, 882: 380, 893: 540, 894: 778, 903: 310, 904: 72, 911: 722, 912: 484}
Number of labels used: 14
Total time: 572.53 sec
Memory: 501.69 MB
=============================================
      0     2       12.0000  1102       14.0000       12.0000   383419   14.29%
Elapsed time = 492.26 sec. (604934.05 ticks, tree = 0.02 MB, solutions = 8)

========== NEW INCUMBENT SOLUTION ==========
{13: 680, 14: 442, 15: 778, 16: 540, 23: 736, 24: 498, 49: 380, 50: 142, 51: 722, 52: 484, 53: 254, 54: 16, 67: 484, 68: 722, 69: 16, 70: 254, 79: 310, 80: 72, 81: 484, 82: 722, 83: 442, 84: 680, 85: 254, 86: 16, 103: 498, 104: 736, 105: 484, 106: 722, 117: 778, 118: 540, 119: 722, 120: 484, 127: 254, 128: 16, 129: 778, 130: 540, 143: 310, 144: 72, 145: 380, 146: 142, 151: 540, 152: 778, 153: 442, 154: 680, 155: 498, 156: 736, 157: 142, 158: 380, 179: 254, 180: 16, 181: 16, 182: 254, 183: 736, 184: 498, 191: 442, 192: 680, 193: 16, 194: 254, 205: 484, 206: 722, 209: 310, 210: 72, 211: 380, 212: 142, 213: 484, 214: 722, 215: 16, 216: 254, 217: 142, 218: 380, 233: 72, 234: 310, 235: 778, 236: 540, 237: 72, 238: 310, 261: 498, 262: 736, 263: 380, 264: 142, 265: 442, 266: 680, 267: 16, 268: 254, 269: 722, 270: 484, 271: 722, 272: 484, 273: 16, 274: 254, 275: 16, 276: 254, 277: 722, 278: 484, 281: 254, 282: 16, 283: 736, 284: 498, 285: 778, 286: 540, 287: 442, 288: 680, 289: 498, 290: 736, 291: 254, 292: 16, 293: 142, 294: 380, 295: 442, 296: 680, 299: 442, 300: 680, 301: 540, 302: 778, 303: 380, 304: 142, 305: 16, 306: 254, 307: 310, 308: 72, 309: 442, 310: 680, 311: 778, 312: 540, 313: 778, 314: 540, 321: 778, 322: 540, 323: 778, 324: 540, 325: 442, 326: 680, 327: 72, 328: 310, 329: 310, 330: 72, 339: 254, 340: 16, 341: 540, 342: 778, 343: 16, 344: 254, 345: 310, 346: 72, 347: 722, 348: 484, 349: 722, 350: 484, 351: 722, 352: 484, 355: 380, 356: 142, 357: 736, 358: 498, 359: 736, 360: 498, 361: 380, 362: 142, 363: 722, 364: 484, 365: 72, 366: 310, 367: 680, 368: 442, 369: 484, 370: 722, 371: 72, 372: 310, 375: 540, 376: 778, 377: 540, 378: 778, 383: 540, 384: 778, 387: 310, 388: 72, 397: 254, 398: 16, 401: 310, 402: 72, 405: 442, 406: 680, 435: 680, 436: 442, 439: 442, 440: 680, 449: 142, 450: 380, 471: 254, 472: 16, 475: 310, 476: 72, 477: 72, 478: 310, 481: 380, 482: 142, 491: 722, 492: 484, 493: 380, 494: 142, 495: 72, 496: 310, 517: 540, 518: 778, 519: 142, 520: 380, 525: 722, 526: 484, 533: 72, 534: 310, 535: 736, 536: 498, 547: 498, 548: 736, 555: 310, 556: 72, 557: 380, 558: 142, 559: 736, 560: 498, 561: 310, 562: 72, 563: 680, 564: 442, 565: 722, 566: 484, 573: 722, 574: 484, 575: 380, 576: 142, 577: 254, 578: 16, 579: 16, 580: 254, 581: 310, 582: 72, 583: 442, 584: 680, 585: 498, 586: 736, 587: 16, 588: 254, 589: 380, 590: 142, 591: 142, 592: 380, 593: 722, 594: 484, 595: 310, 596: 72, 597: 680, 598: 442, 599: 722, 600: 484, 601: 442, 602: 680, 603: 72, 604: 310, 605: 778, 606: 540, 607: 380, 608: 142, 613: 778, 614: 540, 615: 442, 616: 680, 617: 540, 618: 778, 619: 72, 620: 310, 621: 680, 622: 442, 623: 484, 624: 722, 625: 498, 626: 736, 629: 778, 630: 540, 631: 142, 632: 380, 633: 442, 634: 680, 635: 142, 636: 380, 637: 72, 638: 310, 639: 736, 640: 498, 641: 72, 642: 310, 643: 484, 644: 722, 645: 142, 646: 380, 651: 380, 652: 142, 653: 72, 654: 310, 661: 72, 662: 310, 663: 72, 664: 310, 665: 498, 666: 736, 667: 254, 668: 16, 671: 72, 672: 310, 713: 722, 714: 484, 715: 16, 716: 254, 717: 736, 718: 498, 719: 16, 720: 254, 721: 380, 722: 142, 723: 380, 724: 142, 725: 16, 726: 254, 727: 16, 728: 254, 733: 142, 734: 380, 741: 142, 742: 380, 743: 498, 744: 736, 745: 380, 746: 142, 747: 380, 748: 142, 757: 498, 758: 736, 759: 778, 760: 540, 763: 722, 764: 484, 765: 722, 766: 484, 767: 72, 768: 310, 769: 380, 770: 142, 771: 680, 772: 442, 773: 736, 774: 498, 783: 498, 784: 736, 785: 254, 786: 16, 787: 736, 788: 498, 789: 380, 790: 142, 791: 498, 792: 736, 793: 142, 794: 380, 795: 310, 796: 72, 797: 736, 798: 498, 799: 484, 800: 722, 801: 498, 802: 736, 815: 310, 816: 72, 817: 142, 818: 380, 825: 380, 826: 142, 827: 72, 828: 310, 829: 16, 830: 254, 835: 778, 836: 540, 837: 72, 838: 310, 867: 72, 868: 310, 875: 498, 876: 736, 877: 540, 878: 778, 879: 380, 880: 142, 881: 142, 882: 380, 893: 540, 894: 778, 903: 310, 904: 72, 911: 722, 912: 484}
Number of labels used: 14
Total time: 572.58 sec
Memory: 501.69 MB
=============================================
      1     3       12.0000   774       14.0000       12.0000   395435   14.29%

========== NEW INCUMBENT SOLUTION ==========
{13: 680, 14: 442, 15: 778, 16: 540, 23: 736, 24: 498, 49: 380, 50: 142, 51: 722, 52: 484, 53: 254, 54: 16, 67: 484, 68: 722, 69: 16, 70: 254, 79: 310, 80: 72, 81: 484, 82: 722, 83: 442, 84: 680, 85: 254, 86: 16, 103: 498, 104: 736, 105: 484, 106: 722, 117: 778, 118: 540, 119: 722, 120: 484, 127: 254, 128: 16, 129: 778, 130: 540, 143: 310, 144: 72, 145: 380, 146: 142, 151: 540, 152: 778, 153: 442, 154: 680, 155: 498, 156: 736, 157: 142, 158: 380, 179: 254, 180: 16, 181: 16, 182: 254, 183: 736, 184: 498, 191: 442, 192: 680, 193: 16, 194: 254, 205: 484, 206: 722, 209: 310, 210: 72, 211: 380, 212: 142, 213: 484, 214: 722, 215: 16, 216: 254, 217: 142, 218: 380, 233: 72, 234: 310, 235: 778, 236: 540, 237: 72, 238: 310, 261: 498, 262: 736, 263: 380, 264: 142, 265: 442, 266: 680, 267: 16, 268: 254, 269: 722, 270: 484, 271: 722, 272: 484, 273: 16, 274: 254, 275: 16, 276: 254, 277: 722, 278: 484, 281: 254, 282: 16, 283: 736, 284: 498, 285: 778, 286: 540, 287: 442, 288: 680, 289: 498, 290: 736, 291: 254, 292: 16, 293: 142, 294: 380, 295: 442, 296: 680, 299: 442, 300: 680, 301: 540, 302: 778, 303: 380, 304: 142, 305: 16, 306: 254, 307: 310, 308: 72, 309: 442, 310: 680, 311: 778, 312: 540, 313: 778, 314: 540, 321: 778, 322: 540, 323: 778, 324: 540, 325: 442, 326: 680, 327: 72, 328: 310, 329: 310, 330: 72, 339: 254, 340: 16, 341: 540, 342: 778, 343: 16, 344: 254, 345: 310, 346: 72, 347: 722, 348: 484, 349: 722, 350: 484, 351: 722, 352: 484, 355: 380, 356: 142, 357: 736, 358: 498, 359: 736, 360: 498, 361: 380, 362: 142, 363: 722, 364: 484, 365: 72, 366: 310, 367: 680, 368: 442, 369: 484, 370: 722, 371: 72, 372: 310, 375: 540, 376: 778, 377: 540, 378: 778, 383: 540, 384: 778, 387: 310, 388: 72, 397: 254, 398: 16, 401: 310, 402: 72, 405: 442, 406: 680, 435: 680, 436: 442, 439: 442, 440: 680, 449: 142, 450: 380, 471: 254, 472: 16, 475: 310, 476: 72, 477: 72, 478: 310, 481: 380, 482: 142, 491: 722, 492: 484, 493: 380, 494: 142, 495: 72, 496: 310, 517: 540, 518: 778, 519: 142, 520: 380, 525: 722, 526: 484, 533: 72, 534: 310, 535: 736, 536: 498, 547: 498, 548: 736, 555: 310, 556: 72, 557: 380, 558: 142, 559: 736, 560: 498, 561: 310, 562: 72, 563: 680, 564: 442, 565: 722, 566: 484, 573: 722, 574: 484, 575: 380, 576: 142, 577: 254, 578: 16, 579: 16, 580: 254, 581: 310, 582: 72, 583: 442, 584: 680, 585: 498, 586: 736, 587: 16, 588: 254, 589: 380, 590: 142, 591: 142, 592: 380, 593: 722, 594: 484, 595: 310, 596: 72, 597: 680, 598: 442, 599: 722, 600: 484, 601: 442, 602: 680, 603: 72, 604: 310, 605: 778, 606: 540, 607: 380, 608: 142, 613: 778, 614: 540, 615: 442, 616: 680, 617: 540, 618: 778, 619: 72, 620: 310, 621: 680, 622: 442, 623: 484, 624: 722, 625: 498, 626: 736, 629: 778, 630: 540, 631: 142, 632: 380, 633: 442, 634: 680, 635: 142, 636: 380, 637: 72, 638: 310, 639: 736, 640: 498, 641: 72, 642: 310, 643: 484, 644: 722, 645: 142, 646: 380, 651: 380, 652: 142, 653: 72, 654: 310, 661: 72, 662: 310, 663: 72, 664: 310, 665: 498, 666: 736, 667: 254, 668: 16, 671: 72, 672: 310, 713: 722, 714: 484, 715: 16, 716: 254, 717: 736, 718: 498, 719: 16, 720: 254, 721: 380, 722: 142, 723: 380, 724: 142, 725: 16, 726: 254, 727: 16, 728: 254, 733: 142, 734: 380, 741: 142, 742: 380, 743: 498, 744: 736, 745: 380, 746: 142, 747: 380, 748: 142, 757: 498, 758: 736, 759: 778, 760: 540, 763: 722, 764: 484, 765: 722, 766: 484, 767: 72, 768: 310, 769: 380, 770: 142, 771: 680, 772: 442, 773: 736, 774: 498, 783: 498, 784: 736, 785: 254, 786: 16, 787: 736, 788: 498, 789: 380, 790: 142, 791: 498, 792: 736, 793: 142, 794: 380, 795: 310, 796: 72, 797: 736, 798: 498, 799: 484, 800: 722, 801: 498, 802: 736, 815: 310, 816: 72, 817: 142, 818: 380, 825: 380, 826: 142, 827: 72, 828: 310, 829: 16, 830: 254, 835: 778, 836: 540, 837: 72, 838: 310, 867: 72, 868: 310, 875: 498, 876: 736, 877: 540, 878: 778, 879: 380, 880: 142, 881: 142, 882: 380, 893: 540, 894: 778, 903: 310, 904: 72, 911: 722, 912: 484}
Number of labels used: 14
Total time: 576.85 sec
Memory: 508.73 MB
=============================================
      2     4       12.0000   675       14.0000       12.0000   402822   14.29%

========== NEW INCUMBENT SOLUTION ==========
{13: 680, 14: 442, 15: 778, 16: 540, 23: 736, 24: 498, 49: 380, 50: 142, 51: 722, 52: 484, 53: 254, 54: 16, 67: 484, 68: 722, 69: 16, 70: 254, 79: 310, 80: 72, 81: 484, 82: 722, 83: 442, 84: 680, 85: 254, 86: 16, 103: 498, 104: 736, 105: 484, 106: 722, 117: 778, 118: 540, 119: 722, 120: 484, 127: 254, 128: 16, 129: 778, 130: 540, 143: 310, 144: 72, 145: 380, 146: 142, 151: 540, 152: 778, 153: 442, 154: 680, 155: 498, 156: 736, 157: 142, 158: 380, 179: 254, 180: 16, 181: 16, 182: 254, 183: 736, 184: 498, 191: 442, 192: 680, 193: 16, 194: 254, 205: 484, 206: 722, 209: 310, 210: 72, 211: 380, 212: 142, 213: 484, 214: 722, 215: 16, 216: 254, 217: 142, 218: 380, 233: 72, 234: 310, 235: 778, 236: 540, 237: 72, 238: 310, 261: 498, 262: 736, 263: 380, 264: 142, 265: 442, 266: 680, 267: 16, 268: 254, 269: 722, 270: 484, 271: 722, 272: 484, 273: 16, 274: 254, 275: 16, 276: 254, 277: 722, 278: 484, 281: 254, 282: 16, 283: 736, 284: 498, 285: 778, 286: 540, 287: 442, 288: 680, 289: 498, 290: 736, 291: 254, 292: 16, 293: 142, 294: 380, 295: 442, 296: 680, 299: 442, 300: 680, 301: 540, 302: 778, 303: 380, 304: 142, 305: 16, 306: 254, 307: 310, 308: 72, 309: 442, 310: 680, 311: 778, 312: 540, 313: 778, 314: 540, 321: 778, 322: 540, 323: 778, 324: 540, 325: 442, 326: 680, 327: 72, 328: 310, 329: 310, 330: 72, 339: 254, 340: 16, 341: 540, 342: 778, 343: 16, 344: 254, 345: 310, 346: 72, 347: 722, 348: 484, 349: 722, 350: 484, 351: 722, 352: 484, 355: 380, 356: 142, 357: 736, 358: 498, 359: 736, 360: 498, 361: 380, 362: 142, 363: 722, 364: 484, 365: 72, 366: 310, 367: 680, 368: 442, 369: 484, 370: 722, 371: 72, 372: 310, 375: 540, 376: 778, 377: 540, 378: 778, 383: 540, 384: 778, 387: 310, 388: 72, 397: 254, 398: 16, 401: 310, 402: 72, 405: 442, 406: 680, 435: 680, 436: 442, 439: 442, 440: 680, 449: 142, 450: 380, 471: 254, 472: 16, 475: 310, 476: 72, 477: 72, 478: 310, 481: 380, 482: 142, 491: 722, 492: 484, 493: 380, 494: 142, 495: 72, 496: 310, 517: 540, 518: 778, 519: 142, 520: 380, 525: 722, 526: 484, 533: 72, 534: 310, 535: 736, 536: 498, 547: 498, 548: 736, 555: 310, 556: 72, 557: 380, 558: 142, 559: 736, 560: 498, 561: 310, 562: 72, 563: 680, 564: 442, 565: 722, 566: 484, 573: 722, 574: 484, 575: 380, 576: 142, 577: 254, 578: 16, 579: 16, 580: 254, 581: 310, 582: 72, 583: 442, 584: 680, 585: 498, 586: 736, 587: 16, 588: 254, 589: 380, 590: 142, 591: 142, 592: 380, 593: 722, 594: 484, 595: 310, 596: 72, 597: 680, 598: 442, 599: 722, 600: 484, 601: 442, 602: 680, 603: 72, 604: 310, 605: 778, 606: 540, 607: 380, 608: 142, 613: 778, 614: 540, 615: 442, 616: 680, 617: 540, 618: 778, 619: 72, 620: 310, 621: 680, 622: 442, 623: 484, 624: 722, 625: 498, 626: 736, 629: 778, 630: 540, 631: 142, 632: 380, 633: 442, 634: 680, 635: 142, 636: 380, 637: 72, 638: 310, 639: 736, 640: 498, 641: 72, 642: 310, 643: 484, 644: 722, 645: 142, 646: 380, 651: 380, 652: 142, 653: 72, 654: 310, 661: 72, 662: 310, 663: 72, 664: 310, 665: 498, 666: 736, 667: 254, 668: 16, 671: 72, 672: 310, 713: 722, 714: 484, 715: 16, 716: 254, 717: 736, 718: 498, 719: 16, 720: 254, 721: 380, 722: 142, 723: 380, 724: 142, 725: 16, 726: 254, 727: 16, 728: 254, 733: 142, 734: 380, 741: 142, 742: 380, 743: 498, 744: 736, 745: 380, 746: 142, 747: 380, 748: 142, 757: 498, 758: 736, 759: 778, 760: 540, 763: 722, 764: 484, 765: 722, 766: 484, 767: 72, 768: 310, 769: 380, 770: 142, 771: 680, 772: 442, 773: 736, 774: 498, 783: 498, 784: 736, 785: 254, 786: 16, 787: 736, 788: 498, 789: 380, 790: 142, 791: 498, 792: 736, 793: 142, 794: 380, 795: 310, 796: 72, 797: 736, 798: 498, 799: 484, 800: 722, 801: 498, 802: 736, 815: 310, 816: 72, 817: 142, 818: 380, 825: 380, 826: 142, 827: 72, 828: 310, 829: 16, 830: 254, 835: 778, 836: 540, 837: 72, 838: 310, 867: 72, 868: 310, 875: 498, 876: 736, 877: 540, 878: 778, 879: 380, 880: 142, 881: 142, 882: 380, 893: 540, 894: 778, 903: 310, 904: 72, 911: 722, 912: 484}
Number of labels used: 14
Total time: 579.25 sec
Memory: 511.62 MB
=============================================
[runlim] sample:		1223.0 time, 580.1 real, 511.6 MB

========== NEW INCUMBENT SOLUTION ==========
{13: 680, 14: 442, 15: 778, 16: 540, 23: 736, 24: 498, 49: 380, 50: 142, 51: 722, 52: 484, 53: 254, 54: 16, 67: 484, 68: 722, 69: 16, 70: 254, 79: 310, 80: 72, 81: 484, 82: 722, 83: 442, 84: 680, 85: 254, 86: 16, 103: 498, 104: 736, 105: 484, 106: 722, 117: 778, 118: 540, 119: 722, 120: 484, 127: 254, 128: 16, 129: 778, 130: 540, 143: 310, 144: 72, 145: 380, 146: 142, 151: 540, 152: 778, 153: 442, 154: 680, 155: 498, 156: 736, 157: 142, 158: 380, 179: 254, 180: 16, 181: 16, 182: 254, 183: 736, 184: 498, 191: 442, 192: 680, 193: 16, 194: 254, 205: 484, 206: 722, 209: 310, 210: 72, 211: 380, 212: 142, 213: 484, 214: 722, 215: 16, 216: 254, 217: 142, 218: 380, 233: 72, 234: 310, 235: 778, 236: 540, 237: 72, 238: 310, 261: 498, 262: 736, 263: 380, 264: 142, 265: 442, 266: 680, 267: 16, 268: 254, 269: 722, 270: 484, 271: 722, 272: 484, 273: 16, 274: 254, 275: 16, 276: 254, 277: 722, 278: 484, 281: 254, 282: 16, 283: 736, 284: 498, 285: 778, 286: 540, 287: 442, 288: 680, 289: 498, 290: 736, 291: 254, 292: 16, 293: 142, 294: 380, 295: 442, 296: 680, 299: 442, 300: 680, 301: 540, 302: 778, 303: 380, 304: 142, 305: 16, 306: 254, 307: 310, 308: 72, 309: 442, 310: 680, 311: 778, 312: 540, 313: 778, 314: 540, 321: 778, 322: 540, 323: 778, 324: 540, 325: 442, 326: 680, 327: 72, 328: 310, 329: 310, 330: 72, 339: 254, 340: 16, 341: 540, 342: 778, 343: 16, 344: 254, 345: 310, 346: 72, 347: 722, 348: 484, 349: 722, 350: 484, 351: 722, 352: 484, 355: 380, 356: 142, 357: 736, 358: 498, 359: 736, 360: 498, 361: 380, 362: 142, 363: 722, 364: 484, 365: 72, 366: 310, 367: 680, 368: 442, 369: 484, 370: 722, 371: 72, 372: 310, 375: 540, 376: 778, 377: 540, 378: 778, 383: 540, 384: 778, 387: 310, 388: 72, 397: 254, 398: 16, 401: 310, 402: 72, 405: 442, 406: 680, 435: 680, 436: 442, 439: 442, 440: 680, 449: 142, 450: 380, 471: 254, 472: 16, 475: 310, 476: 72, 477: 72, 478: 310, 481: 380, 482: 142, 491: 722, 492: 484, 493: 380, 494: 142, 495: 72, 496: 310, 517: 540, 518: 778, 519: 142, 520: 380, 525: 722, 526: 484, 533: 72, 534: 310, 535: 736, 536: 498, 547: 498, 548: 736, 555: 310, 556: 72, 557: 380, 558: 142, 559: 736, 560: 498, 561: 310, 562: 72, 563: 680, 564: 442, 565: 722, 566: 484, 573: 722, 574: 484, 575: 380, 576: 142, 577: 254, 578: 16, 579: 16, 580: 254, 581: 310, 582: 72, 583: 442, 584: 680, 585: 498, 586: 736, 587: 16, 588: 254, 589: 380, 590: 142, 591: 142, 592: 380, 593: 722, 594: 484, 595: 310, 596: 72, 597: 680, 598: 442, 599: 722, 600: 484, 601: 442, 602: 680, 603: 72, 604: 310, 605: 778, 606: 540, 607: 380, 608: 142, 613: 778, 614: 540, 615: 442, 616: 680, 617: 540, 618: 778, 619: 72, 620: 310, 621: 680, 622: 442, 623: 484, 624: 722, 625: 498, 626: 736, 629: 778, 630: 540, 631: 142, 632: 380, 633: 442, 634: 680, 635: 142, 636: 380, 637: 72, 638: 310, 639: 736, 640: 498, 641: 72, 642: 310, 643: 484, 644: 722, 645: 142, 646: 380, 651: 380, 652: 142, 653: 72, 654: 310, 661: 72, 662: 310, 663: 72, 664: 310, 665: 498, 666: 736, 667: 254, 668: 16, 671: 72, 672: 310, 713: 722, 714: 484, 715: 16, 716: 254, 717: 736, 718: 498, 719: 16, 720: 254, 721: 380, 722: 142, 723: 380, 724: 142, 725: 16, 726: 254, 727: 16, 728: 254, 733: 142, 734: 380, 741: 142, 742: 380, 743: 498, 744: 736, 745: 380, 746: 142, 747: 380, 748: 142, 757: 498, 758: 736, 759: 778, 760: 540, 763: 722, 764: 484, 765: 722, 766: 484, 767: 72, 768: 310, 769: 380, 770: 142, 771: 680, 772: 442, 773: 736, 774: 498, 783: 498, 784: 736, 785: 254, 786: 16, 787: 736, 788: 498, 789: 380, 790: 142, 791: 498, 792: 736, 793: 142, 794: 380, 795: 310, 796: 72, 797: 736, 798: 498, 799: 484, 800: 722, 801: 498, 802: 736, 815: 310, 816: 72, 817: 142, 818: 380, 825: 380, 826: 142, 827: 72, 828: 310, 829: 16, 830: 254, 835: 778, 836: 540, 837: 72, 838: 310, 867: 72, 868: 310, 875: 498, 876: 736, 877: 540, 878: 778, 879: 380, 880: 142, 881: 142, 882: 380, 893: 540, 894: 778, 903: 310, 904: 72, 911: 722, 912: 484}
Number of labels used: 14
Total time: 580.65 sec
Memory: 514.00 MB
=============================================
      3     5       12.0000   657       14.0000       12.0000   406944   14.29%

========== NEW INCUMBENT SOLUTION ==========
{13: 680, 14: 442, 15: 778, 16: 540, 23: 736, 24: 498, 49: 380, 50: 142, 51: 722, 52: 484, 53: 254, 54: 16, 67: 484, 68: 722, 69: 16, 70: 254, 79: 310, 80: 72, 81: 484, 82: 722, 83: 442, 84: 680, 85: 254, 86: 16, 103: 498, 104: 736, 105: 484, 106: 722, 117: 778, 118: 540, 119: 722, 120: 484, 127: 254, 128: 16, 129: 778, 130: 540, 143: 310, 144: 72, 145: 380, 146: 142, 151: 540, 152: 778, 153: 442, 154: 680, 155: 498, 156: 736, 157: 142, 158: 380, 179: 254, 180: 16, 181: 16, 182: 254, 183: 736, 184: 498, 191: 442, 192: 680, 193: 16, 194: 254, 205: 484, 206: 722, 209: 310, 210: 72, 211: 380, 212: 142, 213: 484, 214: 722, 215: 16, 216: 254, 217: 142, 218: 380, 233: 72, 234: 310, 235: 778, 236: 540, 237: 72, 238: 310, 261: 498, 262: 736, 263: 380, 264: 142, 265: 442, 266: 680, 267: 16, 268: 254, 269: 722, 270: 484, 271: 722, 272: 484, 273: 16, 274: 254, 275: 16, 276: 254, 277: 722, 278: 484, 281: 254, 282: 16, 283: 736, 284: 498, 285: 778, 286: 540, 287: 442, 288: 680, 289: 498, 290: 736, 291: 254, 292: 16, 293: 142, 294: 380, 295: 442, 296: 680, 299: 442, 300: 680, 301: 540, 302: 778, 303: 380, 304: 142, 305: 16, 306: 254, 307: 310, 308: 72, 309: 442, 310: 680, 311: 778, 312: 540, 313: 778, 314: 540, 321: 778, 322: 540, 323: 778, 324: 540, 325: 442, 326: 680, 327: 72, 328: 310, 329: 310, 330: 72, 339: 254, 340: 16, 341: 540, 342: 778, 343: 16, 344: 254, 345: 310, 346: 72, 347: 722, 348: 484, 349: 722, 350: 484, 351: 722, 352: 484, 355: 380, 356: 142, 357: 736, 358: 498, 359: 736, 360: 498, 361: 380, 362: 142, 363: 722, 364: 484, 365: 72, 366: 310, 367: 680, 368: 442, 369: 484, 370: 722, 371: 72, 372: 310, 375: 540, 376: 778, 377: 540, 378: 778, 383: 540, 384: 778, 387: 310, 388: 72, 397: 254, 398: 16, 401: 310, 402: 72, 405: 442, 406: 680, 435: 680, 436: 442, 439: 442, 440: 680, 449: 142, 450: 380, 471: 254, 472: 16, 475: 310, 476: 72, 477: 72, 478: 310, 481: 380, 482: 142, 491: 722, 492: 484, 493: 380, 494: 142, 495: 72, 496: 310, 517: 540, 518: 778, 519: 142, 520: 380, 525: 722, 526: 484, 533: 72, 534: 310, 535: 736, 536: 498, 547: 498, 548: 736, 555: 310, 556: 72, 557: 380, 558: 142, 559: 736, 560: 498, 561: 310, 562: 72, 563: 680, 564: 442, 565: 722, 566: 484, 573: 722, 574: 484, 575: 380, 576: 142, 577: 254, 578: 16, 579: 16, 580: 254, 581: 310, 582: 72, 583: 442, 584: 680, 585: 498, 586: 736, 587: 16, 588: 254, 589: 380, 590: 142, 591: 142, 592: 380, 593: 722, 594: 484, 595: 310, 596: 72, 597: 680, 598: 442, 599: 722, 600: 484, 601: 442, 602: 680, 603: 72, 604: 310, 605: 778, 606: 540, 607: 380, 608: 142, 613: 778, 614: 540, 615: 442, 616: 680, 617: 540, 618: 778, 619: 72, 620: 310, 621: 680, 622: 442, 623: 484, 624: 722, 625: 498, 626: 736, 629: 778, 630: 540, 631: 142, 632: 380, 633: 442, 634: 680, 635: 142, 636: 380, 637: 72, 638: 310, 639: 736, 640: 498, 641: 72, 642: 310, 643: 484, 644: 722, 645: 142, 646: 380, 651: 380, 652: 142, 653: 72, 654: 310, 661: 72, 662: 310, 663: 72, 664: 310, 665: 498, 666: 736, 667: 254, 668: 16, 671: 72, 672: 310, 713: 722, 714: 484, 715: 16, 716: 254, 717: 736, 718: 498, 719: 16, 720: 254, 721: 380, 722: 142, 723: 380, 724: 142, 725: 16, 726: 254, 727: 16, 728: 254, 733: 142, 734: 380, 741: 142, 742: 380, 743: 498, 744: 736, 745: 380, 746: 142, 747: 380, 748: 142, 757: 498, 758: 736, 759: 778, 760: 540, 763: 722, 764: 484, 765: 722, 766: 484, 767: 72, 768: 310, 769: 380, 770: 142, 771: 680, 772: 442, 773: 736, 774: 498, 783: 498, 784: 736, 785: 254, 786: 16, 787: 736, 788: 498, 789: 380, 790: 142, 791: 498, 792: 736, 793: 142, 794: 380, 795: 310, 796: 72, 797: 736, 798: 498, 799: 484, 800: 722, 801: 498, 802: 736, 815: 310, 816: 72, 817: 142, 818: 380, 825: 380, 826: 142, 827: 72, 828: 310, 829: 16, 830: 254, 835: 778, 836: 540, 837: 72, 838: 310, 867: 72, 868: 310, 875: 498, 876: 736, 877: 540, 878: 778, 879: 380, 880: 142, 881: 142, 882: 380, 893: 540, 894: 778, 903: 310, 904: 72, 911: 722, 912: 484}
Number of labels used: 14
Total time: 580.75 sec
Memory: 528.58 MB
=============================================

========== NEW INCUMBENT SOLUTION ==========
{13: 680, 14: 442, 15: 778, 16: 540, 23: 736, 24: 498, 49: 380, 50: 142, 51: 722, 52: 484, 53: 254, 54: 16, 67: 484, 68: 722, 69: 16, 70: 254, 79: 310, 80: 72, 81: 484, 82: 722, 83: 442, 84: 680, 85: 254, 86: 16, 103: 498, 104: 736, 105: 484, 106: 722, 117: 778, 118: 540, 119: 722, 120: 484, 127: 254, 128: 16, 129: 778, 130: 540, 143: 310, 144: 72, 145: 380, 146: 142, 151: 540, 152: 778, 153: 442, 154: 680, 155: 498, 156: 736, 157: 142, 158: 380, 179: 254, 180: 16, 181: 16, 182: 254, 183: 736, 184: 498, 191: 442, 192: 680, 193: 16, 194: 254, 205: 484, 206: 722, 209: 310, 210: 72, 211: 380, 212: 142, 213: 484, 214: 722, 215: 16, 216: 254, 217: 142, 218: 380, 233: 72, 234: 310, 235: 778, 236: 540, 237: 72, 238: 310, 261: 498, 262: 736, 263: 380, 264: 142, 265: 442, 266: 680, 267: 16, 268: 254, 269: 722, 270: 484, 271: 722, 272: 484, 273: 16, 274: 254, 275: 16, 276: 254, 277: 722, 278: 484, 281: 254, 282: 16, 283: 736, 284: 498, 285: 778, 286: 540, 287: 442, 288: 680, 289: 498, 290: 736, 291: 254, 292: 16, 293: 142, 294: 380, 295: 442, 296: 680, 299: 442, 300: 680, 301: 540, 302: 778, 303: 380, 304: 142, 305: 16, 306: 254, 307: 310, 308: 72, 309: 442, 310: 680, 311: 778, 312: 540, 313: 778, 314: 540, 321: 778, 322: 540, 323: 778, 324: 540, 325: 442, 326: 680, 327: 72, 328: 310, 329: 310, 330: 72, 339: 254, 340: 16, 341: 540, 342: 778, 343: 16, 344: 254, 345: 310, 346: 72, 347: 722, 348: 484, 349: 722, 350: 484, 351: 722, 352: 484, 355: 380, 356: 142, 357: 736, 358: 498, 359: 736, 360: 498, 361: 380, 362: 142, 363: 722, 364: 484, 365: 72, 366: 310, 367: 680, 368: 442, 369: 484, 370: 722, 371: 72, 372: 310, 375: 540, 376: 778, 377: 540, 378: 778, 383: 540, 384: 778, 387: 310, 388: 72, 397: 254, 398: 16, 401: 310, 402: 72, 405: 442, 406: 680, 435: 680, 436: 442, 439: 442, 440: 680, 449: 142, 450: 380, 471: 254, 472: 16, 475: 310, 476: 72, 477: 72, 478: 310, 481: 380, 482: 142, 491: 722, 492: 484, 493: 380, 494: 142, 495: 72, 496: 310, 517: 540, 518: 778, 519: 142, 520: 380, 525: 722, 526: 484, 533: 72, 534: 310, 535: 736, 536: 498, 547: 498, 548: 736, 555: 310, 556: 72, 557: 380, 558: 142, 559: 736, 560: 498, 561: 310, 562: 72, 563: 680, 564: 442, 565: 722, 566: 484, 573: 722, 574: 484, 575: 380, 576: 142, 577: 254, 578: 16, 579: 16, 580: 254, 581: 310, 582: 72, 583: 442, 584: 680, 585: 498, 586: 736, 587: 16, 588: 254, 589: 380, 590: 142, 591: 142, 592: 380, 593: 722, 594: 484, 595: 310, 596: 72, 597: 680, 598: 442, 599: 722, 600: 484, 601: 442, 602: 680, 603: 72, 604: 310, 605: 778, 606: 540, 607: 380, 608: 142, 613: 778, 614: 540, 615: 442, 616: 680, 617: 540, 618: 778, 619: 72, 620: 310, 621: 680, 622: 442, 623: 484, 624: 722, 625: 498, 626: 736, 629: 778, 630: 540, 631: 142, 632: 380, 633: 442, 634: 680, 635: 142, 636: 380, 637: 72, 638: 310, 639: 736, 640: 498, 641: 72, 642: 310, 643: 484, 644: 722, 645: 142, 646: 380, 651: 380, 652: 142, 653: 72, 654: 310, 661: 72, 662: 310, 663: 72, 664: 310, 665: 498, 666: 736, 667: 254, 668: 16, 671: 72, 672: 310, 713: 722, 714: 484, 715: 16, 716: 254, 717: 736, 718: 498, 719: 16, 720: 254, 721: 380, 722: 142, 723: 380, 724: 142, 725: 16, 726: 254, 727: 16, 728: 254, 733: 142, 734: 380, 741: 142, 742: 380, 743: 498, 744: 736, 745: 380, 746: 142, 747: 380, 748: 142, 757: 498, 758: 736, 759: 778, 760: 540, 763: 722, 764: 484, 765: 722, 766: 484, 767: 72, 768: 310, 769: 380, 770: 142, 771: 680, 772: 442, 773: 736, 774: 498, 783: 498, 784: 736, 785: 254, 786: 16, 787: 736, 788: 498, 789: 380, 790: 142, 791: 498, 792: 736, 793: 142, 794: 380, 795: 310, 796: 72, 797: 736, 798: 498, 799: 484, 800: 722, 801: 498, 802: 736, 815: 310, 816: 72, 817: 142, 818: 380, 825: 380, 826: 142, 827: 72, 828: 310, 829: 16, 830: 254, 835: 778, 836: 540, 837: 72, 838: 310, 867: 72, 868: 310, 875: 498, 876: 736, 877: 540, 878: 778, 879: 380, 880: 142, 881: 142, 882: 380, 893: 540, 894: 778, 903: 310, 904: 72, 911: 722, 912: 484}
Number of labels used: 14
Total time: 580.98 sec
Memory: 554.06 MB
=============================================

========== NEW INCUMBENT SOLUTION ==========
{13: 680, 14: 442, 15: 778, 16: 540, 23: 736, 24: 498, 49: 380, 50: 142, 51: 722, 52: 484, 53: 254, 54: 16, 67: 484, 68: 722, 69: 16, 70: 254, 79: 310, 80: 72, 81: 484, 82: 722, 83: 442, 84: 680, 85: 254, 86: 16, 103: 498, 104: 736, 105: 484, 106: 722, 117: 778, 118: 540, 119: 722, 120: 484, 127: 254, 128: 16, 129: 778, 130: 540, 143: 310, 144: 72, 145: 380, 146: 142, 151: 540, 152: 778, 153: 442, 154: 680, 155: 498, 156: 736, 157: 142, 158: 380, 179: 254, 180: 16, 181: 16, 182: 254, 183: 736, 184: 498, 191: 442, 192: 680, 193: 16, 194: 254, 205: 484, 206: 722, 209: 310, 210: 72, 211: 380, 212: 142, 213: 484, 214: 722, 215: 16, 216: 254, 217: 142, 218: 380, 233: 72, 234: 310, 235: 778, 236: 540, 237: 72, 238: 310, 261: 498, 262: 736, 263: 380, 264: 142, 265: 442, 266: 680, 267: 16, 268: 254, 269: 722, 270: 484, 271: 722, 272: 484, 273: 16, 274: 254, 275: 16, 276: 254, 277: 722, 278: 484, 281: 254, 282: 16, 283: 736, 284: 498, 285: 778, 286: 540, 287: 442, 288: 680, 289: 498, 290: 736, 291: 254, 292: 16, 293: 142, 294: 380, 295: 442, 296: 680, 299: 442, 300: 680, 301: 540, 302: 778, 303: 380, 304: 142, 305: 16, 306: 254, 307: 310, 308: 72, 309: 442, 310: 680, 311: 778, 312: 540, 313: 778, 314: 540, 321: 778, 322: 540, 323: 778, 324: 540, 325: 442, 326: 680, 327: 72, 328: 310, 329: 310, 330: 72, 339: 254, 340: 16, 341: 540, 342: 778, 343: 16, 344: 254, 345: 310, 346: 72, 347: 722, 348: 484, 349: 722, 350: 484, 351: 722, 352: 484, 355: 380, 356: 142, 357: 736, 358: 498, 359: 736, 360: 498, 361: 380, 362: 142, 363: 722, 364: 484, 365: 72, 366: 310, 367: 680, 368: 442, 369: 484, 370: 722, 371: 72, 372: 310, 375: 540, 376: 778, 377: 540, 378: 778, 383: 540, 384: 778, 387: 310, 388: 72, 397: 254, 398: 16, 401: 310, 402: 72, 405: 442, 406: 680, 435: 680, 436: 442, 439: 442, 440: 680, 449: 142, 450: 380, 471: 254, 472: 16, 475: 310, 476: 72, 477: 72, 478: 310, 481: 380, 482: 142, 491: 722, 492: 484, 493: 380, 494: 142, 495: 72, 496: 310, 517: 540, 518: 778, 519: 142, 520: 380, 525: 722, 526: 484, 533: 72, 534: 310, 535: 736, 536: 498, 547: 498, 548: 736, 555: 310, 556: 72, 557: 380, 558: 142, 559: 736, 560: 498, 561: 310, 562: 72, 563: 680, 564: 442, 565: 722, 566: 484, 573: 722, 574: 484, 575: 380, 576: 142, 577: 254, 578: 16, 579: 16, 580: 254, 581: 310, 582: 72, 583: 442, 584: 680, 585: 498, 586: 736, 587: 16, 588: 254, 589: 380, 590: 142, 591: 142, 592: 380, 593: 722, 594: 484, 595: 310, 596: 72, 597: 680, 598: 442, 599: 722, 600: 484, 601: 442, 602: 680, 603: 72, 604: 310, 605: 778, 606: 540, 607: 380, 608: 142, 613: 778, 614: 540, 615: 442, 616: 680, 617: 540, 618: 778, 619: 72, 620: 310, 621: 680, 622: 442, 623: 484, 624: 722, 625: 498, 626: 736, 629: 778, 630: 540, 631: 142, 632: 380, 633: 442, 634: 680, 635: 142, 636: 380, 637: 72, 638: 310, 639: 736, 640: 498, 641: 72, 642: 310, 643: 484, 644: 722, 645: 142, 646: 380, 651: 380, 652: 142, 653: 72, 654: 310, 661: 72, 662: 310, 663: 72, 664: 310, 665: 498, 666: 736, 667: 254, 668: 16, 671: 72, 672: 310, 713: 722, 714: 484, 715: 16, 716: 254, 717: 736, 718: 498, 719: 16, 720: 254, 721: 380, 722: 142, 723: 380, 724: 142, 725: 16, 726: 254, 727: 16, 728: 254, 733: 142, 734: 380, 741: 142, 742: 380, 743: 498, 744: 736, 745: 380, 746: 142, 747: 380, 748: 142, 757: 498, 758: 736, 759: 778, 760: 540, 763: 722, 764: 484, 765: 722, 766: 484, 767: 72, 768: 310, 769: 380, 770: 142, 771: 680, 772: 442, 773: 736, 774: 498, 783: 498, 784: 736, 785: 254, 786: 16, 787: 736, 788: 498, 789: 380, 790: 142, 791: 498, 792: 736, 793: 142, 794: 380, 795: 310, 796: 72, 797: 736, 798: 498, 799: 484, 800: 722, 801: 498, 802: 736, 815: 310, 816: 72, 817: 142, 818: 380, 825: 380, 826: 142, 827: 72, 828: 310, 829: 16, 830: 254, 835: 778, 836: 540, 837: 72, 838: 310, 867: 72, 868: 310, 875: 498, 876: 736, 877: 540, 878: 778, 879: 380, 880: 142, 881: 142, 882: 380, 893: 540, 894: 778, 903: 310, 904: 72, 911: 722, 912: 484}
Number of labels used: 14
Total time: 581.68 sec
Memory: 573.62 MB
=============================================
[runlim] sample:		1298.9 time, 590.1 real, 610.0 MB
      6     8       12.0000   639       14.0000       12.0000   407924   14.29%
[runlim] end:			Tue Jan 20 20:26:59 2026
[runlim] status:		out of time
[runlim] result:		2
[runlim] children:		0
[runlim] real:			600.07 seconds
[runlim] time:			1378.02 seconds
[runlim] space:			618.0 MB
[runlim] samples:		5999
