[runlim] version:		1.10
[runlim] time limit:		311040000 seconds
[runlim] real time limit:	600 seconds
[runlim] space limit:		14000 MB
[runlim] argv[0]:		python3
[runlim] argv[1]:		-u
[runlim] argv[2]:		mip.py
[runlim] argv[3]:		scen04
[runlim] start:			Tue Jan 20 20:26:59 2026
[runlim] main pid:		218783
Building MIP model...
[runlim] sample:		10.0 time, 10.1 real, 32.6 MB
[runlim] sample:		20.0 time, 20.1 real, 35.2 MB
[runlim] sample:		30.0 time, 30.1 real, 35.6 MB
[runlim] sample:		40.0 time, 40.1 real, 37.8 MB
[runlim] sample:		50.0 time, 50.1 real, 39.5 MB
[runlim] sample:		60.0 time, 60.1 real, 41.4 MB
[runlim] sample:		70.0 time, 70.1 real, 43.4 MB
[runlim] sample:		80.0 time, 80.1 real, 43.9 MB
[runlim] sample:		89.9 time, 90.1 real, 46.3 MB
[runlim] sample:		99.9 time, 100.1 real, 47.0 MB
[runlim] sample:		109.9 time, 110.1 real, 47.3 MB
[runlim] sample:		119.9 time, 120.1 real, 50.0 MB
[runlim] sample:		129.9 time, 130.1 real, 50.6 MB
[runlim] sample:		139.9 time, 140.1 real, 50.8 MB
[runlim] sample:		149.9 time, 150.1 real, 53.6 MB
[runlim] sample:		159.9 time, 160.1 real, 54.5 MB
[runlim] sample:		169.9 time, 170.1 real, 55.0 MB
[runlim] sample:		179.9 time, 180.1 real, 55.3 MB
[runlim] sample:		189.9 time, 190.1 real, 55.4 MB
[runlim] sample:		199.9 time, 200.1 real, 59.0 MB
[runlim] sample:		209.9 time, 210.1 real, 59.8 MB
[runlim] sample:		219.9 time, 220.1 real, 60.1 MB
[runlim] sample:		229.9 time, 230.1 real, 60.4 MB
Build time: 236.65s
Solving MIP (minimizing number of labels)...
Version identifier: 22.1.1.0 | 2022-11-28 | 9160aff4d
CPXPARAM_Read_DataCheck                          1
Legacy callback                                  i
Tried aggregator 3 times.
MIP Presolve eliminated 731692 rows and 13302 columns.
MIP Presolve modified 154783 coefficients.
Aggregator did 2303 substitutions.
Reduced MIP has 914 rows, 271 columns, and 3357 nonzeros.
Reduced MIP has 271 binaries, 0 generals, 0 SOSs, and 0 indicators.
Presolve time = 1.87 sec. (4582.34 ticks)
Found incumbent of value 46.000000 after 1.90 sec. (4621.40 ticks)

Root node processing (before b&c):
  Real time             =    1.90 sec. (4621.89 ticks)
Parallel b&c, 12 threads:
  Real time             =    0.00 sec. (0.00 ticks)
  Sync time (average)   =    0.00 sec.
  Wait time (average)   =    0.00 sec.
                          ------------
Total (root+branch&cut) =    1.90 sec. (4621.89 ticks)
Solution :
{708, 470, 268, 30, 750, 512, 16, 254, 16, 254, 268, 30, 128, 366, 750, 512, 44, 282, 366, 128, 778, 540, 442, 680, 16, 254, 652, 414, 526, 764, 296, 58, 470, 708, 128, 366, 16, 254, 30, 268, 708, 470, 156, 394, 652, 414, 86, 324, 380, 142, 30, 268, 778, 540, 72, 310, 156, 394, 142, 380, 540, 778, 142, 380, 394, 156, 722, 484, 554, 792, 296, 58, 652, 414, 554, 792, 554, 792, 142, 380, 114, 352, 142, 380, 44, 282, 652, 414, 526, 764, 296, 58, 156, 394, 86, 324, 470, 708, 282, 44, 512, 750, 652, 414, 254, 16, 526, 764, 470, 708, 86, 324, 324, 86, 792, 554, 268, 30, 142, 380, 764, 526, 16, 254, 72, 310, 694, 456, 414, 652, 764, 526, 652, 414, 30, 268, 310, 72, 792, 554, 72, 310, 72, 310, 498, 736, 792, 554, 554, 792, 394, 156, 736, 498, 414, 652, 512, 750, 170, 408, 554, 792, 30, 268, 540, 778, 380, 142, 44, 282, 456, 694, 792, 554, 394, 156, 708, 470, 470, 708, 666, 428, 254, 16, 394, 156, 254, 16, 156, 394, 156, 394, 380, 142, 366, 128, 750, 512, 792, 554, 512, 750, 764, 526, 526, 764, 540, 778, 394, 156, 114, 352, 456, 694, 30, 268, 30, 268, 58, 296, 512, 750, 282, 44, 268, 30, 498, 736, 366, 128, 428, 666, 764, 526, 282, 44, 750, 512, 680, 442, 778, 540, 540, 778, 30, 268, 366, 128, 338, 100, 428, 666, 268, 30, 694, 456, 128, 366, 778, 540, 366, 128, 694, 456, 442, 680, 282, 44, 456, 694, 268, 30, 526, 764, 352, 114, 540, 778, 680, 442, 338, 100, 114, 352, 442, 680, 750, 512, 666, 428, 778, 540, 156, 394, 652, 414, 750, 512, 44, 282, 352, 114, 540, 778, 282, 44, 142, 380, 456, 694, 254, 16, 778, 540, 456, 694, 540, 778, 484, 722, 540, 778, 694, 456, 540, 778, 540, 778, 680, 442, 30, 268, 380, 142, 128, 366, 268, 30, 352, 114, 722, 484, 296, 58, 366, 128, 254, 16, 428, 666, 708, 470, 778, 540, 338, 100, 414, 652, 338, 100, 310, 72, 16, 254, 156, 394, 666, 428, 380, 142, 456, 694, 268, 30, 366, 128, 142, 380, 694, 456, 338, 100, 750, 512, 30, 268, 428, 666, 722, 484, 792, 554, 428, 666, 554, 792, 680, 442, 764, 526, 394, 156, 680, 442, 764, 526, 128, 366, 352, 114, 526, 764, 540, 778, 778, 540, 114, 352, 680, 442, 526, 764, 526, 764, 128, 366, 540, 778, 470, 708, 30, 268, 142, 380, 778, 540, 484, 722, 366, 128, 268, 30, 666, 428, 30, 268, 428, 666, 128, 366, 268, 30, 310, 72, 44, 282, 86, 324, 254, 16, 484, 722, 456, 694, 652, 414, 338, 100, 16, 254, 394, 156, 366, 128, 526, 764, 72, 310, 142, 380, 512, 750, 142, 380, 498, 736, 58, 296, 708, 470, 114, 352, 498, 736, 100, 338, 722, 484, 72, 310, 156, 394, 72, 310, 72, 310, 708, 470, 394, 156, 792, 554, 750, 512, 540, 778, 540, 778, 722, 484, 540, 778, 268, 30, 666, 428, 792, 554, 30, 268, 30, 268, 708, 470, 268, 30, 128, 366, 512, 750, 428, 666, 498, 736, 268, 30, 30, 268, 540, 778, 652, 414, 324, 86, 666, 428, 394, 156, 652, 414, 268, 30, 268, 30, 72, 310, 30, 268, 764, 526, 268, 30, 526, 764, 666, 428, 268, 30, 694, 456, 778, 540, 540, 778, 456, 694, 114, 352, 254, 16, 540, 778, 142, 380, 470, 708, 324, 86, 666, 428, 750, 512, 282, 44, 512, 750, 16, 254, 254, 16, 456, 694, 114, 352, 540, 778, 554, 792, 254, 16, 750, 512, 254, 16, 414, 652, 456, 694, 778, 540, 792, 554, 442, 680, 338, 100, 428, 666, 114, 352, 554, 792, 128, 366, 764, 526, 540, 778, 44, 282, 58, 296, 268, 30, 666, 428, 470, 708, 540, 778, 44, 282, 268, 30, 380, 142, 58, 296, 722, 484, 16, 254, 254, 16, 268, 30, 442, 680, 16, 254}
Number of labels used: 46
[runlim] end:			Tue Jan 20 20:30:57 2026
[runlim] status:		ok
[runlim] result:		0
[runlim] children:		0
[runlim] real:			238.73 seconds
[runlim] time:			238.45 seconds
[runlim] space:			219.1 MB
[runlim] samples:		2386
