[runlim] version:		1.10
[runlim] time limit:		311040000 seconds
[runlim] real time limit:	900 seconds
[runlim] space limit:		8000 MB
[runlim] argv[0]:		python3
[runlim] argv[1]:		-u
[runlim] argv[2]:		main.py
[runlim] argv[3]:		graph02
[runlim] argv[4]:		nsc
[runlim] argv[5]:		incremental
[runlim] argv[6]:		glucose4
[runlim] start:			Thu Jan 15 01:10:00 2026
[runlim] main pid:		76553
Solve first problem:
Solution:
{1: 666, 2: 428, 3: 100, 4: 338, 5: 268, 6: 30, 7: 324, 8: 86, 9: 652, 10: 414, 11: 394, 12: 156, 13: 694, 14: 456, 15: 310, 16: 72, 17: 282, 18: 44, 19: 296, 20: 58, 21: 142, 22: 380, 23: 366, 24: 128, 25: 268, 26: 30, 27: 324, 28: 86, 29: 156, 30: 394, 31: 114, 32: 352, 33: 380, 34: 142, 35: 666, 36: 428, 37: 86, 38: 324, 39: 380, 40: 142, 41: 324, 42: 86, 43: 254, 44: 16, 45: 680, 46: 442, 47: 338, 48: 100, 49: 310, 50: 72, 51: 44, 52: 282, 53: 380, 54: 142, 55: 296, 56: 58, 57: 666, 58: 428, 59: 310, 60: 72, 61: 128, 62: 366, 63: 310, 64: 72, 65: 30, 66: 268, 67: 652, 68: 414, 69: 254, 70: 16, 71: 380, 72: 142, 73: 16, 74: 254, 75: 254, 76: 16, 77: 394, 78: 156, 79: 282, 80: 44, 81: 310, 82: 72, 83: 156, 84: 394, 85: 694, 86: 456, 87: 86, 88: 324, 89: 156, 90: 394, 91: 268, 92: 30, 93: 324, 94: 86, 95: 666, 96: 428, 97: 128, 98: 366, 99: 310, 100: 72, 101: 324, 102: 86, 103: 380, 104: 142, 105: 16, 106: 254, 107: 352, 108: 114, 109: 282, 110: 44, 111: 296, 112: 58, 113: 30, 114: 268, 115: 338, 116: 100, 117: 114, 118: 352, 119: 380, 120: 142, 121: 338, 122: 100, 123: 324, 124: 86, 125: 268, 126: 30, 127: 338, 128: 100, 129: 380, 130: 142, 131: 324, 132: 86, 133: 680, 134: 442, 135: 380, 136: 142, 137: 324, 138: 86, 139: 282, 140: 44, 141: 352, 142: 114, 143: 680, 144: 442, 145: 282, 146: 44, 147: 352, 148: 114, 149: 58, 150: 296, 151: 338, 152: 100, 153: 254, 154: 16, 155: 380, 156: 142, 157: 652, 158: 414, 159: 310, 160: 72, 161: 708, 162: 470, 163: 380, 164: 142, 165: 352, 166: 114, 167: 310, 168: 72, 169: 324, 170: 86, 171: 338, 172: 100, 173: 296, 174: 58, 175: 680, 176: 442, 177: 156, 178: 394, 179: 380, 180: 142, 181: 268, 182: 30, 183: 694, 184: 456, 185: 282, 186: 44, 187: 652, 188: 414, 189: 380, 190: 142, 191: 680, 192: 442, 193: 128, 194: 366, 195: 324, 196: 86, 197: 296, 198: 58, 199: 310, 200: 72, 201: 156, 202: 394, 203: 268, 204: 30, 205: 324, 206: 86, 207: 338, 208: 100, 209: 310, 210: 72, 211: 268, 212: 30, 213: 478, 214: 240, 215: 366, 216: 128, 217: 254, 218: 16, 219: 268, 220: 30, 221: 352, 222: 114, 223: 324, 224: 86, 225: 254, 226: 16, 227: 408, 228: 170, 229: 310, 230: 72, 231: 16, 232: 254, 233: 366, 234: 128, 235: 282, 236: 44, 237: 268, 238: 30, 239: 338, 240: 100, 241: 296, 242: 58, 243: 338, 244: 100, 245: 666, 246: 428, 247: 380, 248: 142, 249: 324, 250: 86, 251: 16, 252: 254, 253: 58, 254: 296, 255: 380, 256: 142, 257: 310, 258: 72, 259: 380, 260: 142, 261: 254, 262: 16, 263: 380, 264: 142, 265: 380, 266: 142, 267: 44, 268: 282, 269: 282, 270: 44, 271: 268, 272: 30, 273: 296, 274: 58, 275: 254, 276: 16, 277: 310, 278: 72, 279: 666, 280: 428, 281: 366, 282: 128, 283: 268, 284: 30, 285: 380, 286: 142, 287: 254, 288: 16, 289: 324, 290: 86, 291: 380, 292: 142, 293: 380, 294: 142, 295: 338, 296: 100, 297: 380, 298: 142, 299: 408, 300: 170, 301: 282, 302: 44, 303: 652, 304: 414, 305: 268, 306: 30, 307: 296, 308: 58, 309: 380, 310: 142, 311: 380, 312: 142, 313: 380, 314: 142, 315: 296, 316: 58, 317: 408, 318: 170, 319: 310, 320: 72, 321: 380, 322: 142, 323: 338, 324: 100, 325: 310, 326: 72, 327: 282, 328: 44, 329: 268, 330: 30, 331: 268, 332: 30, 333: 268, 334: 30, 335: 254, 336: 16, 337: 282, 338: 44, 339: 380, 340: 142, 341: 296, 342: 58, 343: 254, 344: 16, 345: 310, 346: 72, 347: 310, 348: 72, 349: 380, 350: 142, 351: 380, 352: 142, 353: 254, 354: 16, 355: 268, 356: 30, 357: 324, 358: 86, 359: 338, 360: 100, 361: 338, 362: 100, 363: 268, 364: 30, 365: 268, 366: 30, 367: 254, 368: 16, 369: 282, 370: 44, 371: 254, 372: 16, 373: 324, 374: 86, 375: 254, 376: 16, 377: 254, 378: 16, 379: 282, 380: 44, 381: 268, 382: 30, 383: 254, 384: 16, 385: 268, 386: 30, 387: 268, 388: 30, 389: 254, 390: 16, 391: 254, 392: 16, 393: 254, 394: 16, 395: 268, 396: 30, 397: 324, 398: 86, 399: 268, 400: 30}
Correct solution!
Number of lables used:  36
Time taken: 0.34 seconds
Memory used: 39.02 MB
--------------------------------------------------

Trying with at most 35 labels...
Solution:
{1: 156, 2: 394, 3: 16, 4: 254, 5: 338, 6: 100, 7: 254, 8: 16, 9: 44, 10: 282, 11: 86, 12: 324, 13: 282, 14: 44, 15: 338, 16: 100, 17: 100, 18: 338, 19: 366, 20: 128, 21: 366, 22: 128, 23: 128, 24: 366, 25: 72, 26: 310, 27: 394, 28: 156, 29: 394, 30: 156, 31: 100, 32: 338, 33: 324, 34: 86, 35: 310, 36: 72, 37: 254, 38: 16, 39: 16, 40: 254, 41: 254, 42: 16, 43: 86, 44: 324, 45: 44, 46: 282, 47: 128, 48: 366, 49: 72, 50: 310, 51: 72, 52: 310, 53: 408, 54: 170, 55: 254, 56: 16, 57: 394, 58: 156, 59: 44, 60: 282, 61: 394, 62: 156, 63: 366, 64: 128, 65: 324, 66: 86, 67: 100, 68: 338, 69: 282, 70: 44, 71: 408, 72: 170, 73: 366, 74: 128, 75: 394, 76: 156, 77: 282, 78: 44, 79: 282, 80: 44, 81: 310, 82: 72, 83: 156, 84: 394, 85: 44, 86: 282, 87: 156, 88: 394, 89: 156, 90: 394, 91: 86, 92: 324, 93: 86, 94: 324, 95: 156, 96: 394, 97: 128, 98: 366, 99: 310, 100: 72, 101: 310, 102: 72, 103: 310, 104: 72, 105: 16, 106: 254, 107: 44, 108: 282, 109: 366, 110: 128, 111: 86, 112: 324, 113: 366, 114: 128, 115: 254, 116: 16, 117: 394, 118: 156, 119: 170, 120: 408, 121: 324, 122: 86, 123: 366, 124: 128, 125: 366, 126: 128, 127: 338, 128: 100, 129: 478, 130: 240, 131: 16, 132: 254, 133: 72, 134: 310, 135: 408, 136: 170, 137: 394, 138: 156, 139: 394, 140: 156, 141: 310, 142: 72, 143: 324, 144: 86, 145: 310, 146: 72, 147: 366, 148: 128, 149: 128, 150: 366, 151: 100, 152: 338, 153: 324, 154: 86, 155: 408, 156: 170, 157: 16, 158: 254, 159: 16, 160: 254, 161: 128, 162: 366, 163: 408, 164: 170, 165: 128, 166: 366, 167: 72, 168: 310, 169: 338, 170: 100, 171: 282, 172: 44, 173: 72, 174: 310, 175: 338, 176: 100, 177: 394, 178: 156, 179: 170, 180: 408, 181: 338, 182: 100, 183: 324, 184: 86, 185: 338, 186: 100, 187: 100, 188: 338, 189: 478, 190: 240, 191: 86, 192: 324, 193: 394, 194: 156, 195: 128, 196: 366, 197: 366, 198: 128, 199: 282, 200: 44, 201: 366, 202: 128, 203: 100, 204: 338, 205: 72, 206: 310, 207: 156, 208: 394, 209: 310, 210: 72, 211: 338, 212: 100, 213: 170, 214: 408, 215: 310, 216: 72, 217: 254, 218: 16, 219: 282, 220: 44, 221: 282, 222: 44, 223: 86, 224: 324, 225: 282, 226: 44, 227: 408, 228: 170, 229: 156, 230: 394, 231: 44, 232: 282, 233: 44, 234: 282, 235: 338, 236: 100, 237: 324, 238: 86, 239: 86, 240: 324, 241: 156, 242: 394, 243: 394, 244: 156, 245: 310, 246: 72, 247: 408, 248: 170, 249: 128, 250: 366, 251: 86, 252: 324, 253: 254, 254: 16, 255: 408, 256: 170, 257: 44, 258: 282, 259: 240, 260: 478, 261: 310, 262: 72, 263: 408, 264: 170, 265: 478, 266: 240, 267: 366, 268: 128, 269: 338, 270: 100, 271: 324, 272: 86, 273: 86, 274: 324, 275: 254, 276: 16, 277: 310, 278: 72, 279: 72, 280: 310, 281: 72, 282: 310, 283: 282, 284: 44, 285: 240, 286: 478, 287: 394, 288: 156, 289: 156, 290: 394, 291: 408, 292: 170, 293: 478, 294: 240, 295: 72, 296: 310, 297: 408, 298: 170, 299: 240, 300: 478, 301: 100, 302: 338, 303: 394, 304: 156, 305: 310, 306: 72, 307: 324, 308: 86, 309: 478, 310: 240, 311: 478, 312: 240, 313: 408, 314: 170, 315: 394, 316: 156, 317: 408, 318: 170, 319: 366, 320: 128, 321: 394, 322: 156, 323: 100, 324: 338, 325: 44, 326: 282, 327: 394, 328: 156, 329: 366, 330: 128, 331: 44, 332: 282, 333: 394, 334: 156, 335: 282, 336: 44, 337: 282, 338: 44, 339: 478, 340: 240, 341: 324, 342: 86, 343: 16, 344: 254, 345: 366, 346: 128, 347: 72, 348: 310, 349: 478, 350: 240, 351: 170, 352: 408, 353: 254, 354: 16, 355: 128, 356: 366, 357: 394, 358: 156, 359: 44, 360: 282, 361: 254, 362: 16, 363: 324, 364: 86, 365: 282, 366: 44, 367: 44, 368: 282, 369: 44, 370: 282, 371: 254, 372: 16, 373: 282, 374: 44, 375: 156, 376: 394, 377: 254, 378: 16, 379: 324, 380: 86, 381: 86, 382: 324, 383: 254, 384: 16, 385: 282, 386: 44, 387: 282, 388: 44, 389: 254, 390: 16, 391: 282, 392: 44, 393: 254, 394: 16, 395: 282, 396: 44, 397: 156, 398: 394, 399: 338, 400: 100}
Correct solution!
Number of lables used:  18
Time taken: 0.37 seconds
Memory used: 40.27 MB
--------------------------------------------------

Trying with at most 17 labels...
Solution:
{1: 156, 2: 394, 3: 254, 4: 16, 5: 338, 6: 100, 7: 282, 8: 44, 9: 44, 10: 282, 11: 394, 12: 156, 13: 282, 14: 44, 15: 338, 16: 100, 17: 100, 18: 338, 19: 16, 20: 254, 21: 366, 22: 128, 23: 128, 24: 366, 25: 86, 26: 324, 27: 394, 28: 156, 29: 394, 30: 156, 31: 100, 32: 338, 33: 324, 34: 86, 35: 310, 36: 72, 37: 254, 38: 16, 39: 86, 40: 324, 41: 254, 42: 16, 43: 86, 44: 324, 45: 44, 46: 282, 47: 100, 48: 338, 49: 72, 50: 310, 51: 44, 52: 282, 53: 478, 54: 240, 55: 254, 56: 16, 57: 394, 58: 156, 59: 44, 60: 282, 61: 394, 62: 156, 63: 366, 64: 128, 65: 324, 66: 86, 67: 394, 68: 156, 69: 324, 70: 86, 71: 240, 72: 478, 73: 366, 74: 128, 75: 394, 76: 156, 77: 254, 78: 16, 79: 394, 80: 156, 81: 310, 82: 72, 83: 156, 84: 394, 85: 86, 86: 324, 87: 394, 88: 156, 89: 156, 90: 394, 91: 86, 92: 324, 93: 72, 94: 310, 95: 72, 96: 310, 97: 156, 98: 394, 99: 324, 100: 86, 101: 310, 102: 72, 103: 366, 104: 128, 105: 44, 106: 282, 107: 44, 108: 282, 109: 366, 110: 128, 111: 86, 112: 324, 113: 366, 114: 128, 115: 254, 116: 16, 117: 282, 118: 44, 119: 478, 120: 240, 121: 282, 122: 44, 123: 366, 124: 128, 125: 366, 126: 128, 127: 338, 128: 100, 129: 478, 130: 240, 131: 16, 132: 254, 133: 72, 134: 310, 135: 240, 136: 478, 137: 394, 138: 156, 139: 44, 140: 282, 141: 310, 142: 72, 143: 324, 144: 86, 145: 282, 146: 44, 147: 366, 148: 128, 149: 16, 150: 254, 151: 366, 152: 128, 153: 324, 154: 86, 155: 478, 156: 240, 157: 16, 158: 254, 159: 16, 160: 254, 161: 156, 162: 394, 163: 478, 164: 240, 165: 254, 166: 16, 167: 310, 168: 72, 169: 338, 170: 100, 171: 282, 172: 44, 173: 72, 174: 310, 175: 72, 176: 310, 177: 366, 178: 128, 179: 478, 180: 240, 181: 338, 182: 100, 183: 100, 184: 338, 185: 338, 186: 100, 187: 100, 188: 338, 189: 478, 190: 240, 191: 86, 192: 324, 193: 366, 194: 128, 195: 128, 196: 366, 197: 366, 198: 128, 199: 254, 200: 16, 201: 366, 202: 128, 203: 310, 204: 72, 205: 156, 206: 394, 207: 156, 208: 394, 209: 310, 210: 72, 211: 338, 212: 100, 213: 240, 214: 478, 215: 254, 216: 16, 217: 254, 218: 16, 219: 282, 220: 44, 221: 324, 222: 86, 223: 394, 224: 156, 225: 282, 226: 44, 227: 478, 228: 240, 229: 128, 230: 366, 231: 366, 232: 128, 233: 44, 234: 282, 235: 128, 236: 366, 237: 86, 238: 324, 239: 394, 240: 156, 241: 72, 242: 310, 243: 394, 244: 156, 245: 86, 246: 324, 247: 478, 248: 240, 249: 366, 250: 128, 251: 86, 252: 324, 253: 254, 254: 16, 255: 240, 256: 478, 257: 72, 258: 310, 259: 240, 260: 478, 261: 282, 262: 44, 263: 478, 264: 240, 265: 478, 266: 240, 267: 366, 268: 128, 269: 338, 270: 100, 271: 324, 272: 86, 273: 128, 274: 366, 275: 254, 276: 16, 277: 310, 278: 72, 279: 72, 280: 310, 281: 86, 282: 324, 283: 282, 284: 44, 285: 240, 286: 478, 287: 366, 288: 128, 289: 156, 290: 394, 291: 478, 292: 240, 293: 478, 294: 240, 295: 72, 296: 310, 297: 478, 298: 240, 299: 240, 300: 478, 301: 44, 302: 282, 303: 254, 304: 16, 305: 310, 306: 72, 307: 366, 308: 128, 309: 478, 310: 240, 311: 240, 312: 478, 313: 478, 314: 240, 315: 394, 316: 156, 317: 240, 318: 478, 319: 338, 320: 100, 321: 128, 322: 366, 323: 156, 324: 394, 325: 44, 326: 282, 327: 86, 328: 324, 329: 310, 330: 72, 331: 44, 332: 282, 333: 156, 334: 394, 335: 282, 336: 44, 337: 282, 338: 44, 339: 478, 340: 240, 341: 100, 342: 338, 343: 128, 344: 366, 345: 338, 346: 100, 347: 282, 348: 44, 349: 240, 350: 478, 351: 478, 352: 240, 353: 338, 354: 100, 355: 100, 356: 338, 357: 366, 358: 128, 359: 366, 360: 128, 361: 282, 362: 44, 363: 338, 364: 100, 365: 72, 366: 310, 367: 44, 368: 282, 369: 44, 370: 282, 371: 16, 372: 254, 373: 282, 374: 44, 375: 128, 376: 366, 377: 86, 378: 324, 379: 282, 380: 44, 381: 86, 382: 324, 383: 282, 384: 44, 385: 282, 386: 44, 387: 310, 388: 72, 389: 254, 390: 16, 391: 282, 392: 44, 393: 282, 394: 44, 395: 282, 396: 44, 397: 394, 398: 156, 399: 338, 400: 100}
Correct solution!
Number of lables used:  16
Time taken: 0.38 seconds
Memory used: 40.52 MB
--------------------------------------------------

Trying with at most 15 labels...
Solution:
{1: 44, 2: 282, 3: 128, 4: 366, 5: 254, 6: 16, 7: 282, 8: 44, 9: 156, 10: 394, 11: 254, 12: 16, 13: 44, 14: 282, 15: 324, 16: 86, 17: 156, 18: 394, 19: 16, 20: 254, 21: 366, 22: 128, 23: 128, 24: 366, 25: 100, 26: 338, 27: 394, 28: 156, 29: 44, 30: 282, 31: 16, 32: 254, 33: 324, 34: 86, 35: 324, 36: 86, 37: 254, 38: 16, 39: 100, 40: 338, 41: 254, 42: 16, 43: 86, 44: 324, 45: 44, 46: 282, 47: 156, 48: 394, 49: 44, 50: 282, 51: 282, 52: 44, 53: 478, 54: 240, 55: 254, 56: 16, 57: 394, 58: 156, 59: 282, 60: 44, 61: 156, 62: 394, 63: 366, 64: 128, 65: 338, 66: 100, 67: 100, 68: 338, 69: 86, 70: 324, 71: 240, 72: 478, 73: 366, 74: 128, 75: 338, 76: 100, 77: 254, 78: 16, 79: 366, 80: 128, 81: 324, 82: 86, 83: 128, 84: 366, 85: 100, 86: 338, 87: 394, 88: 156, 89: 282, 90: 44, 91: 86, 92: 324, 93: 44, 94: 282, 95: 44, 96: 282, 97: 156, 98: 394, 99: 324, 100: 86, 101: 338, 102: 100, 103: 394, 104: 156, 105: 254, 106: 16, 107: 366, 108: 128, 109: 282, 110: 44, 111: 86, 112: 324, 113: 338, 114: 100, 115: 324, 116: 86, 117: 254, 118: 16, 119: 478, 120: 240, 121: 282, 122: 44, 123: 394, 124: 156, 125: 366, 126: 128, 127: 128, 128: 366, 129: 478, 130: 240, 131: 128, 132: 366, 133: 254, 134: 16, 135: 240, 136: 478, 137: 394, 138: 156, 139: 394, 140: 156, 141: 86, 142: 324, 143: 44, 144: 282, 145: 324, 146: 86, 147: 156, 148: 394, 149: 254, 150: 16, 151: 156, 152: 394, 153: 394, 154: 156, 155: 478, 156: 240, 157: 16, 158: 254, 159: 16, 160: 254, 161: 100, 162: 338, 163: 478, 164: 240, 165: 254, 166: 16, 167: 324, 168: 86, 169: 338, 170: 100, 171: 324, 172: 86, 173: 44, 174: 282, 175: 86, 176: 324, 177: 366, 178: 128, 179: 478, 180: 240, 181: 338, 182: 100, 183: 100, 184: 338, 185: 366, 186: 128, 187: 100, 188: 338, 189: 478, 190: 240, 191: 128, 192: 366, 193: 366, 194: 128, 195: 128, 196: 366, 197: 366, 198: 128, 199: 254, 200: 16, 201: 254, 202: 16, 203: 324, 204: 86, 205: 44, 206: 282, 207: 156, 208: 394, 209: 254, 210: 16, 211: 128, 212: 366, 213: 478, 214: 240, 215: 16, 216: 254, 217: 282, 218: 44, 219: 282, 220: 44, 221: 282, 222: 44, 223: 338, 224: 100, 225: 282, 226: 44, 227: 478, 228: 240, 229: 128, 230: 366, 231: 366, 232: 128, 233: 128, 234: 366, 235: 366, 236: 128, 237: 86, 238: 324, 239: 156, 240: 394, 241: 128, 242: 366, 243: 366, 244: 128, 245: 86, 246: 324, 247: 478, 248: 240, 249: 86, 250: 324, 251: 394, 252: 156, 253: 324, 254: 86, 255: 240, 256: 478, 257: 100, 258: 338, 259: 240, 260: 478, 261: 282, 262: 44, 263: 478, 264: 240, 265: 478, 266: 240, 267: 86, 268: 324, 269: 338, 270: 100, 271: 394, 272: 156, 273: 86, 274: 324, 275: 254, 276: 16, 277: 324, 278: 86, 279: 44, 280: 282, 281: 282, 282: 44, 283: 282, 284: 44, 285: 478, 286: 240, 287: 366, 288: 128, 289: 128, 290: 366, 291: 478, 292: 240, 293: 478, 294: 240, 295: 324, 296: 86, 297: 478, 298: 240, 299: 240, 300: 478, 301: 156, 302: 394, 303: 254, 304: 16, 305: 394, 306: 156, 307: 156, 308: 394, 309: 478, 310: 240, 311: 478, 312: 240, 313: 478, 314: 240, 315: 366, 316: 128, 317: 478, 318: 240, 319: 44, 320: 282, 321: 100, 322: 338, 323: 156, 324: 394, 325: 324, 326: 86, 327: 366, 328: 128, 329: 324, 330: 86, 331: 156, 332: 394, 333: 156, 334: 394, 335: 338, 336: 100, 337: 324, 338: 86, 339: 478, 340: 240, 341: 156, 342: 394, 343: 128, 344: 366, 345: 282, 346: 44, 347: 282, 348: 44, 349: 240, 350: 478, 351: 240, 352: 478, 353: 394, 354: 156, 355: 394, 356: 156, 357: 254, 358: 16, 359: 366, 360: 128, 361: 282, 362: 44, 363: 128, 364: 366, 365: 156, 366: 394, 367: 128, 368: 366, 369: 86, 370: 324, 371: 338, 372: 100, 373: 282, 374: 44, 375: 128, 376: 366, 377: 128, 378: 366, 379: 44, 380: 282, 381: 86, 382: 324, 383: 338, 384: 100, 385: 86, 386: 324, 387: 338, 388: 100, 389: 100, 390: 338, 391: 86, 392: 324, 393: 324, 394: 86, 395: 128, 396: 366, 397: 254, 398: 16, 399: 338, 400: 100}
Correct solution!
Number of lables used:  14
Time taken: 0.41 seconds
Memory used: 40.65 MB
--------------------------------------------------

Trying with at most 13 labels...
[runlim] sample:		10.0 time, 10.9 real, 59.6 MB
[runlim] sample:		20.0 time, 20.9 real, 62.1 MB
[runlim] sample:		30.0 time, 30.9 real, 73.7 MB
Cannot find solution.
No more solutions found.
Optimal number of labels used:  14
Time taken: 36.85 seconds
[runlim] end:			Thu Jan 15 01:10:37 2026
[runlim] status:		ok
[runlim] result:		0
[runlim] children:		0
[runlim] real:			37.83 seconds
[runlim] time:			36.88 seconds
[runlim] space:			73.7 MB
[runlim] samples:		369
