[runlim] version:		1.10
[runlim] time limit:		311040000 seconds
[runlim] real time limit:	900 seconds
[runlim] space limit:		8000 MB
[runlim] argv[0]:		python3
[runlim] argv[1]:		-u
[runlim] argv[2]:		main.py
[runlim] argv[3]:		scen03
[runlim] argv[4]:		nsc
[runlim] argv[5]:		incremental
[runlim] argv[6]:		glucose4
[runlim] start:			Thu Jan 15 01:02:28 2026
[runlim] main pid:		73703
Solve first problem:
Solution:
{13: 254, 14: 16, 15: 254, 16: 16, 23: 142, 24: 380, 49: 310, 50: 72, 51: 16, 52: 254, 53: 338, 54: 100, 67: 156, 68: 394, 69: 254, 70: 16, 79: 254, 80: 16, 81: 268, 82: 30, 83: 680, 84: 442, 85: 352, 86: 114, 103: 268, 104: 30, 105: 254, 106: 16, 117: 750, 118: 512, 119: 708, 120: 470, 127: 142, 128: 380, 129: 310, 130: 72, 143: 666, 144: 428, 145: 254, 146: 16, 151: 764, 152: 526, 153: 694, 154: 456, 155: 652, 156: 414, 157: 30, 158: 268, 179: 156, 180: 394, 181: 380, 182: 142, 183: 736, 184: 498, 191: 366, 192: 128, 193: 296, 194: 58, 205: 254, 206: 16, 209: 142, 210: 380, 211: 58, 212: 296, 213: 254, 214: 16, 215: 296, 216: 58, 217: 296, 218: 58, 233: 750, 234: 512, 235: 338, 236: 100, 237: 380, 238: 142, 261: 254, 262: 16, 263: 352, 264: 114, 265: 324, 266: 86, 267: 254, 268: 16, 269: 254, 270: 16, 271: 254, 272: 16, 273: 324, 274: 86, 275: 324, 276: 86, 277: 268, 278: 30, 281: 366, 282: 128, 283: 296, 284: 58, 285: 366, 286: 128, 287: 254, 288: 16, 289: 254, 290: 16, 291: 324, 292: 86, 293: 380, 294: 142, 295: 324, 296: 86, 299: 366, 300: 128, 301: 282, 302: 44, 303: 680, 304: 442, 305: 352, 306: 114, 307: 30, 308: 268, 309: 338, 310: 100, 311: 254, 312: 16, 313: 254, 314: 16, 321: 254, 322: 16, 323: 254, 324: 16, 325: 666, 326: 428, 327: 338, 328: 100, 329: 254, 330: 16, 339: 352, 340: 114, 341: 44, 342: 282, 343: 44, 344: 282, 345: 394, 346: 156, 347: 324, 348: 86, 349: 680, 350: 442, 351: 30, 352: 268, 355: 44, 356: 282, 357: 268, 358: 30, 359: 666, 360: 428, 361: 338, 362: 100, 363: 268, 364: 30, 365: 380, 366: 142, 367: 310, 368: 72, 369: 128, 370: 366, 371: 254, 372: 16, 375: 282, 376: 44, 377: 666, 378: 428, 383: 338, 384: 100, 387: 366, 388: 128, 397: 394, 398: 156, 401: 114, 402: 352, 405: 114, 406: 352, 435: 366, 436: 128, 439: 310, 440: 72, 449: 100, 450: 338, 471: 254, 472: 16, 475: 338, 476: 100, 477: 268, 478: 30, 481: 352, 482: 114, 491: 310, 492: 72, 493: 268, 494: 30, 495: 254, 496: 16, 517: 268, 518: 30, 519: 338, 520: 100, 525: 282, 526: 44, 533: 282, 534: 44, 535: 254, 536: 16, 547: 324, 548: 86, 555: 128, 556: 366, 557: 666, 558: 428, 559: 58, 560: 296, 561: 380, 562: 142, 563: 666, 564: 428, 565: 114, 566: 352, 573: 268, 574: 30, 575: 114, 576: 352, 577: 366, 578: 128, 579: 352, 580: 114, 581: 352, 582: 114, 583: 666, 584: 428, 585: 338, 586: 100, 587: 254, 588: 16, 589: 366, 590: 128, 591: 352, 592: 114, 593: 100, 594: 338, 595: 296, 596: 58, 597: 268, 598: 30, 599: 142, 600: 380, 601: 282, 602: 44, 603: 268, 604: 30, 605: 268, 606: 30, 607: 352, 608: 114, 613: 100, 614: 338, 615: 282, 616: 44, 617: 268, 618: 30, 619: 352, 620: 114, 621: 338, 622: 100, 623: 338, 624: 100, 625: 268, 626: 30, 629: 282, 630: 44, 631: 268, 632: 30, 633: 282, 634: 44, 635: 268, 636: 30, 637: 254, 638: 16, 639: 268, 640: 30, 641: 380, 642: 142, 643: 338, 644: 100, 645: 296, 646: 58, 651: 352, 652: 114, 653: 254, 654: 16, 661: 254, 662: 16, 663: 394, 664: 156, 665: 366, 666: 128, 667: 268, 668: 30, 671: 254, 672: 16, 713: 268, 714: 30, 715: 254, 716: 16, 717: 394, 718: 156, 719: 324, 720: 86, 721: 254, 722: 16, 723: 254, 724: 16, 725: 254, 726: 16, 727: 254, 728: 16, 733: 268, 734: 30, 741: 268, 742: 30, 743: 44, 744: 282, 745: 268, 746: 30, 747: 324, 748: 86, 757: 338, 758: 100, 759: 268, 760: 30, 763: 268, 764: 30, 765: 254, 766: 16, 767: 296, 768: 58, 769: 268, 770: 30, 771: 338, 772: 100, 773: 254, 774: 16, 783: 268, 784: 30, 785: 254, 786: 16, 787: 268, 788: 30, 789: 338, 790: 100, 791: 268, 792: 30, 793: 338, 794: 100, 795: 268, 796: 30, 797: 352, 798: 114, 799: 282, 800: 44, 801: 268, 802: 30, 815: 338, 816: 100, 817: 268, 818: 30, 825: 282, 826: 44, 827: 324, 828: 86, 829: 254, 830: 16, 835: 44, 836: 282, 837: 268, 838: 30, 867: 352, 868: 114, 875: 310, 876: 72, 877: 282, 878: 44, 879: 324, 880: 86, 881: 268, 882: 30, 893: 268, 894: 30, 903: 254, 904: 16, 911: 254, 912: 16}
Correct solution!
Number of lables used:  38
Time taken: 0.45 seconds
Memory used: 43.65 MB
--------------------------------------------------

Trying with at most 37 labels...
Solution:
{13: 254, 14: 16, 15: 652, 16: 414, 23: 324, 24: 86, 49: 394, 50: 156, 51: 414, 52: 652, 53: 16, 54: 254, 67: 750, 68: 512, 69: 156, 70: 394, 79: 156, 80: 394, 81: 324, 82: 86, 83: 526, 84: 764, 85: 394, 86: 156, 103: 394, 104: 156, 105: 324, 106: 86, 117: 156, 118: 394, 119: 652, 120: 414, 127: 86, 128: 324, 129: 736, 130: 498, 143: 764, 144: 526, 145: 254, 146: 16, 151: 498, 152: 736, 153: 156, 154: 394, 155: 156, 156: 394, 157: 526, 158: 764, 179: 254, 180: 16, 181: 254, 182: 16, 183: 554, 184: 792, 191: 512, 192: 750, 193: 394, 194: 156, 205: 652, 206: 414, 209: 324, 210: 86, 211: 750, 212: 512, 213: 652, 214: 414, 215: 16, 216: 254, 217: 540, 218: 778, 233: 540, 234: 778, 235: 86, 236: 324, 237: 86, 238: 324, 261: 324, 262: 86, 263: 394, 264: 156, 265: 414, 266: 652, 267: 750, 268: 512, 269: 254, 270: 16, 271: 254, 272: 16, 273: 414, 274: 652, 275: 414, 276: 652, 277: 394, 278: 156, 281: 414, 282: 652, 283: 750, 284: 512, 285: 254, 286: 16, 287: 324, 288: 86, 289: 254, 290: 16, 291: 394, 292: 156, 293: 408, 294: 170, 295: 394, 296: 156, 299: 554, 300: 792, 301: 156, 302: 394, 303: 512, 304: 750, 305: 652, 306: 414, 307: 16, 308: 254, 309: 156, 310: 394, 311: 778, 312: 540, 313: 736, 314: 498, 321: 254, 322: 16, 323: 254, 324: 16, 325: 414, 326: 652, 327: 792, 328: 554, 329: 652, 330: 414, 339: 16, 340: 254, 341: 498, 342: 736, 343: 498, 344: 736, 345: 750, 346: 512, 347: 414, 348: 652, 349: 736, 350: 498, 351: 498, 352: 736, 355: 540, 356: 778, 357: 86, 358: 324, 359: 750, 360: 512, 361: 736, 362: 498, 363: 324, 364: 86, 365: 526, 366: 764, 367: 736, 368: 498, 369: 778, 370: 540, 371: 254, 372: 16, 375: 324, 376: 86, 377: 86, 378: 324, 383: 498, 384: 736, 387: 512, 388: 750, 397: 414, 398: 652, 401: 778, 402: 540, 405: 750, 406: 512, 435: 512, 436: 750, 439: 324, 440: 86, 449: 778, 450: 540, 471: 324, 472: 86, 475: 526, 476: 764, 477: 498, 478: 736, 481: 498, 482: 736, 491: 778, 492: 540, 493: 736, 494: 498, 495: 324, 496: 86, 517: 324, 518: 86, 519: 86, 520: 324, 525: 736, 526: 498, 533: 652, 534: 414, 535: 324, 536: 86, 547: 254, 548: 16, 555: 86, 556: 324, 557: 736, 558: 498, 559: 86, 560: 324, 561: 778, 562: 540, 563: 736, 564: 498, 565: 778, 566: 540, 573: 736, 574: 498, 575: 778, 576: 540, 577: 652, 578: 414, 579: 16, 580: 254, 581: 394, 582: 156, 583: 778, 584: 540, 585: 324, 586: 86, 587: 652, 588: 414, 589: 736, 590: 498, 591: 764, 592: 526, 593: 86, 594: 324, 595: 86, 596: 324, 597: 764, 598: 526, 599: 324, 600: 86, 601: 512, 602: 750, 603: 736, 604: 498, 605: 736, 606: 498, 607: 764, 608: 526, 613: 750, 614: 512, 615: 498, 616: 736, 617: 540, 618: 778, 619: 540, 620: 778, 621: 324, 622: 86, 623: 750, 624: 512, 625: 736, 626: 498, 629: 324, 630: 86, 631: 736, 632: 498, 633: 324, 634: 86, 635: 498, 636: 736, 637: 254, 638: 16, 639: 324, 640: 86, 641: 324, 642: 86, 643: 526, 644: 764, 645: 394, 646: 156, 651: 254, 652: 16, 653: 16, 654: 254, 661: 324, 662: 86, 663: 394, 664: 156, 665: 554, 666: 792, 667: 254, 668: 16, 671: 324, 672: 86, 713: 394, 714: 156, 715: 254, 716: 16, 717: 498, 718: 736, 719: 394, 720: 156, 721: 324, 722: 86, 723: 324, 724: 86, 725: 324, 726: 86, 727: 324, 728: 86, 733: 324, 734: 86, 741: 394, 742: 156, 743: 750, 744: 512, 745: 736, 746: 498, 747: 498, 748: 736, 757: 86, 758: 324, 759: 736, 760: 498, 763: 324, 764: 86, 765: 324, 766: 86, 767: 156, 768: 394, 769: 86, 770: 324, 771: 394, 772: 156, 773: 324, 774: 86, 783: 324, 784: 86, 785: 652, 786: 414, 787: 512, 788: 750, 789: 736, 790: 498, 791: 86, 792: 324, 793: 736, 794: 498, 795: 86, 796: 324, 797: 736, 798: 498, 799: 324, 800: 86, 801: 512, 802: 750, 815: 86, 816: 324, 817: 750, 818: 512, 825: 86, 826: 324, 827: 652, 828: 414, 829: 16, 830: 254, 835: 540, 836: 778, 837: 324, 838: 86, 867: 540, 868: 778, 875: 778, 876: 540, 877: 736, 878: 498, 879: 736, 880: 498, 881: 324, 882: 86, 893: 324, 894: 86, 903: 324, 904: 86, 911: 750, 912: 512}
Correct solution!
Number of lables used:  20
Time taken: 0.49 seconds
Memory used: 45.02 MB
--------------------------------------------------

Trying with at most 19 labels...
Solution:
{13: 254, 14: 16, 15: 254, 16: 16, 23: 324, 24: 86, 49: 394, 50: 156, 51: 792, 52: 554, 53: 16, 54: 254, 67: 750, 68: 512, 69: 156, 70: 394, 79: 156, 80: 394, 81: 324, 82: 86, 83: 526, 84: 764, 85: 394, 86: 156, 103: 394, 104: 156, 105: 324, 106: 86, 117: 394, 118: 156, 119: 792, 120: 554, 127: 324, 128: 86, 129: 792, 130: 554, 143: 778, 144: 540, 145: 324, 146: 86, 151: 484, 152: 722, 153: 156, 154: 394, 155: 156, 156: 394, 157: 526, 158: 764, 179: 254, 180: 16, 181: 254, 182: 16, 183: 512, 184: 750, 191: 512, 192: 750, 193: 394, 194: 156, 205: 512, 206: 750, 209: 324, 210: 86, 211: 764, 212: 526, 213: 540, 214: 778, 215: 792, 216: 554, 217: 540, 218: 778, 233: 512, 234: 750, 235: 86, 236: 324, 237: 86, 238: 324, 261: 324, 262: 86, 263: 394, 264: 156, 265: 156, 266: 394, 267: 764, 268: 526, 269: 156, 270: 394, 271: 156, 272: 394, 273: 554, 274: 792, 275: 554, 276: 792, 277: 156, 278: 394, 281: 254, 282: 16, 283: 764, 284: 526, 285: 554, 286: 792, 287: 394, 288: 156, 289: 254, 290: 16, 291: 512, 292: 750, 293: 478, 294: 240, 295: 394, 296: 156, 299: 554, 300: 792, 301: 156, 302: 394, 303: 16, 304: 254, 305: 512, 306: 750, 307: 16, 308: 254, 309: 156, 310: 394, 311: 778, 312: 540, 313: 778, 314: 540, 321: 254, 322: 16, 323: 254, 324: 16, 325: 750, 326: 512, 327: 16, 328: 254, 329: 156, 330: 394, 339: 86, 340: 324, 341: 512, 342: 750, 343: 554, 344: 792, 345: 778, 346: 540, 347: 254, 348: 16, 349: 778, 350: 540, 351: 512, 352: 750, 355: 540, 356: 778, 357: 86, 358: 324, 359: 750, 360: 512, 361: 750, 362: 512, 363: 324, 364: 86, 365: 484, 366: 722, 367: 764, 368: 526, 369: 764, 370: 526, 371: 254, 372: 16, 375: 324, 376: 86, 377: 722, 378: 484, 383: 526, 384: 764, 387: 512, 388: 750, 397: 540, 398: 778, 401: 764, 402: 526, 405: 86, 406: 324, 435: 512, 436: 750, 439: 156, 440: 394, 449: 778, 450: 540, 471: 394, 472: 156, 475: 526, 476: 764, 477: 540, 478: 778, 481: 484, 482: 722, 491: 778, 492: 540, 493: 722, 494: 484, 495: 324, 496: 86, 517: 324, 518: 86, 519: 86, 520: 324, 525: 750, 526: 512, 533: 722, 534: 484, 535: 324, 536: 86, 547: 254, 548: 16, 555: 86, 556: 324, 557: 778, 558: 540, 559: 86, 560: 324, 561: 750, 562: 512, 563: 722, 564: 484, 565: 778, 566: 540, 573: 750, 574: 512, 575: 750, 576: 512, 577: 394, 578: 156, 579: 16, 580: 254, 581: 394, 582: 156, 583: 750, 584: 512, 585: 324, 586: 86, 587: 394, 588: 156, 589: 750, 590: 512, 591: 764, 592: 526, 593: 86, 594: 324, 595: 86, 596: 324, 597: 764, 598: 526, 599: 324, 600: 86, 601: 512, 602: 750, 603: 750, 604: 512, 605: 86, 606: 324, 607: 764, 608: 526, 613: 750, 614: 512, 615: 484, 616: 722, 617: 540, 618: 778, 619: 526, 620: 764, 621: 722, 622: 484, 623: 540, 624: 778, 625: 512, 626: 750, 629: 86, 630: 324, 631: 722, 632: 484, 633: 324, 634: 86, 635: 484, 636: 722, 637: 254, 638: 16, 639: 324, 640: 86, 641: 324, 642: 86, 643: 526, 644: 764, 645: 86, 646: 324, 651: 254, 652: 16, 653: 16, 654: 254, 661: 254, 662: 16, 663: 394, 664: 156, 665: 484, 666: 722, 667: 254, 668: 16, 671: 86, 672: 324, 713: 156, 714: 394, 715: 16, 716: 254, 717: 16, 718: 254, 719: 156, 720: 394, 721: 324, 722: 86, 723: 324, 724: 86, 725: 324, 726: 86, 727: 324, 728: 86, 733: 324, 734: 86, 741: 792, 742: 554, 743: 764, 744: 526, 745: 764, 746: 526, 747: 540, 748: 778, 757: 86, 758: 324, 759: 722, 760: 484, 763: 324, 764: 86, 765: 324, 766: 86, 767: 156, 768: 394, 769: 324, 770: 86, 771: 394, 772: 156, 773: 324, 774: 86, 783: 324, 784: 86, 785: 16, 786: 254, 787: 512, 788: 750, 789: 722, 790: 484, 791: 86, 792: 324, 793: 722, 794: 484, 795: 86, 796: 324, 797: 750, 798: 512, 799: 484, 800: 722, 801: 86, 802: 324, 815: 86, 816: 324, 817: 778, 818: 540, 825: 324, 826: 86, 827: 526, 828: 764, 829: 16, 830: 254, 835: 540, 836: 778, 837: 324, 838: 86, 867: 540, 868: 778, 875: 778, 876: 540, 877: 750, 878: 512, 879: 764, 880: 526, 881: 324, 882: 86, 893: 324, 894: 86, 903: 324, 904: 86, 911: 324, 912: 86}
Correct solution!
Number of lables used:  18
Time taken: 0.50 seconds
Memory used: 45.27 MB
--------------------------------------------------

Trying with at most 17 labels...
Solution:
{13: 380, 14: 142, 15: 380, 16: 142, 23: 324, 24: 86, 49: 380, 50: 142, 51: 792, 52: 554, 53: 428, 54: 666, 67: 750, 68: 512, 69: 142, 70: 380, 79: 380, 80: 142, 81: 324, 82: 86, 83: 554, 84: 792, 85: 666, 86: 428, 103: 666, 104: 428, 105: 324, 106: 86, 117: 708, 118: 470, 119: 792, 120: 554, 127: 666, 128: 428, 129: 792, 130: 554, 143: 778, 144: 540, 145: 324, 146: 86, 151: 470, 152: 708, 153: 324, 154: 86, 155: 512, 156: 750, 157: 428, 158: 666, 179: 142, 180: 380, 181: 380, 182: 142, 183: 778, 184: 540, 191: 554, 192: 792, 193: 470, 194: 708, 205: 380, 206: 142, 209: 750, 210: 512, 211: 680, 212: 442, 213: 380, 214: 142, 215: 540, 216: 778, 217: 512, 218: 750, 233: 142, 234: 380, 235: 86, 236: 324, 237: 86, 238: 324, 261: 324, 262: 86, 263: 680, 264: 442, 265: 778, 266: 540, 267: 708, 268: 470, 269: 680, 270: 442, 271: 554, 272: 792, 273: 142, 274: 380, 275: 142, 276: 380, 277: 666, 278: 428, 281: 792, 282: 554, 283: 708, 284: 470, 285: 554, 286: 792, 287: 380, 288: 142, 289: 380, 290: 142, 291: 512, 292: 750, 293: 380, 294: 142, 295: 428, 296: 666, 299: 554, 300: 792, 301: 470, 302: 708, 303: 442, 304: 680, 305: 512, 306: 750, 307: 324, 308: 86, 309: 142, 310: 380, 311: 708, 312: 470, 313: 708, 314: 470, 321: 380, 322: 142, 323: 380, 324: 142, 325: 666, 326: 428, 327: 554, 328: 792, 329: 380, 330: 142, 339: 86, 340: 324, 341: 554, 342: 792, 343: 554, 344: 792, 345: 778, 346: 540, 347: 142, 348: 380, 349: 442, 350: 680, 351: 708, 352: 470, 355: 680, 356: 442, 357: 86, 358: 324, 359: 324, 360: 86, 361: 708, 362: 470, 363: 380, 364: 142, 365: 708, 366: 470, 367: 428, 368: 666, 369: 86, 370: 324, 371: 666, 372: 428, 375: 142, 376: 380, 377: 708, 378: 470, 383: 708, 384: 470, 387: 680, 388: 442, 397: 540, 398: 778, 401: 666, 402: 428, 405: 666, 406: 428, 435: 142, 436: 380, 439: 428, 440: 666, 449: 750, 450: 512, 471: 380, 472: 142, 475: 666, 476: 428, 477: 442, 478: 680, 481: 708, 482: 470, 491: 778, 492: 540, 493: 708, 494: 470, 495: 380, 496: 142, 517: 324, 518: 86, 519: 86, 520: 324, 525: 750, 526: 512, 533: 750, 534: 512, 535: 324, 536: 86, 547: 666, 548: 428, 555: 778, 556: 540, 557: 778, 558: 540, 559: 86, 560: 324, 561: 380, 562: 142, 563: 750, 564: 512, 565: 680, 566: 442, 573: 750, 574: 512, 575: 680, 576: 442, 577: 142, 578: 380, 579: 380, 580: 142, 581: 142, 582: 380, 583: 324, 584: 86, 585: 324, 586: 86, 587: 380, 588: 142, 589: 750, 590: 512, 591: 324, 592: 86, 593: 380, 594: 142, 595: 86, 596: 324, 597: 680, 598: 442, 599: 324, 600: 86, 601: 470, 602: 708, 603: 750, 604: 512, 605: 324, 606: 86, 607: 666, 608: 428, 613: 380, 614: 142, 615: 512, 616: 750, 617: 470, 618: 708, 619: 442, 620: 680, 621: 778, 622: 540, 623: 512, 624: 750, 625: 86, 626: 324, 629: 86, 630: 324, 631: 708, 632: 470, 633: 442, 634: 680, 635: 540, 636: 778, 637: 380, 638: 142, 639: 324, 640: 86, 641: 380, 642: 142, 643: 512, 644: 750, 645: 86, 646: 324, 651: 324, 652: 86, 653: 324, 654: 86, 661: 380, 662: 142, 663: 324, 664: 86, 665: 470, 666: 708, 667: 666, 668: 428, 671: 86, 672: 324, 713: 666, 714: 428, 715: 324, 716: 86, 717: 708, 718: 470, 719: 142, 720: 380, 721: 324, 722: 86, 723: 324, 724: 86, 725: 324, 726: 86, 727: 324, 728: 86, 733: 324, 734: 86, 741: 792, 742: 554, 743: 708, 744: 470, 745: 708, 746: 470, 747: 540, 748: 778, 757: 86, 758: 324, 759: 708, 760: 470, 763: 86, 764: 324, 765: 324, 766: 86, 767: 750, 768: 512, 769: 666, 770: 428, 771: 142, 772: 380, 773: 324, 774: 86, 783: 324, 784: 86, 785: 324, 786: 86, 787: 442, 788: 680, 789: 708, 790: 470, 791: 86, 792: 324, 793: 708, 794: 470, 795: 86, 796: 324, 797: 708, 798: 470, 799: 86, 800: 324, 801: 708, 802: 470, 815: 86, 816: 324, 817: 708, 818: 470, 825: 86, 826: 324, 827: 442, 828: 680, 829: 380, 830: 142, 835: 442, 836: 680, 837: 324, 838: 86, 867: 442, 868: 680, 875: 680, 876: 442, 877: 708, 878: 470, 879: 708, 880: 470, 881: 324, 882: 86, 893: 324, 894: 86, 903: 324, 904: 86, 911: 86, 912: 324}
Correct solution!
Number of lables used:  16
Time taken: 0.82 seconds
Memory used: 46.19 MB
--------------------------------------------------

Trying with at most 15 labels...
Solution:
{13: 142, 14: 380, 15: 72, 16: 310, 23: 142, 24: 380, 49: 380, 50: 142, 51: 736, 52: 498, 53: 414, 54: 652, 67: 736, 68: 498, 69: 310, 70: 72, 79: 680, 80: 442, 81: 380, 82: 142, 83: 498, 84: 736, 85: 310, 86: 72, 103: 680, 104: 442, 105: 72, 106: 310, 117: 708, 118: 470, 119: 778, 120: 540, 127: 470, 128: 708, 129: 778, 130: 540, 143: 142, 144: 380, 145: 778, 146: 540, 151: 380, 152: 142, 153: 498, 154: 736, 155: 652, 156: 414, 157: 540, 158: 778, 179: 72, 180: 310, 181: 310, 182: 72, 183: 652, 184: 414, 191: 652, 192: 414, 193: 540, 194: 778, 205: 680, 206: 442, 209: 470, 210: 708, 211: 540, 212: 778, 213: 680, 214: 442, 215: 652, 216: 414, 217: 680, 218: 442, 233: 680, 234: 442, 235: 142, 236: 380, 237: 380, 238: 142, 261: 72, 262: 310, 263: 778, 264: 540, 265: 778, 266: 540, 267: 708, 268: 470, 269: 652, 270: 414, 271: 652, 272: 414, 273: 72, 274: 310, 275: 72, 276: 310, 277: 652, 278: 414, 281: 310, 282: 72, 283: 708, 284: 470, 285: 736, 286: 498, 287: 72, 288: 310, 289: 72, 290: 310, 291: 498, 292: 736, 293: 380, 294: 142, 295: 470, 296: 708, 299: 380, 300: 142, 301: 736, 302: 498, 303: 778, 304: 540, 305: 680, 306: 442, 307: 778, 308: 540, 309: 72, 310: 310, 311: 380, 312: 142, 313: 708, 314: 470, 321: 142, 322: 380, 323: 142, 324: 380, 325: 736, 326: 498, 327: 142, 328: 380, 329: 72, 330: 310, 339: 72, 340: 310, 341: 72, 342: 310, 343: 72, 344: 310, 345: 442, 346: 680, 347: 380, 348: 142, 349: 72, 350: 310, 351: 708, 352: 470, 355: 708, 356: 470, 357: 310, 358: 72, 359: 442, 360: 680, 361: 708, 362: 470, 363: 72, 364: 310, 365: 778, 366: 540, 367: 380, 368: 142, 369: 442, 370: 680, 371: 142, 372: 380, 375: 72, 376: 310, 377: 498, 378: 736, 383: 708, 384: 470, 387: 72, 388: 310, 397: 498, 398: 736, 401: 680, 402: 442, 405: 470, 406: 708, 435: 680, 436: 442, 439: 470, 440: 708, 449: 380, 450: 142, 471: 72, 472: 310, 475: 72, 476: 310, 477: 142, 478: 380, 481: 142, 482: 380, 491: 778, 492: 540, 493: 680, 494: 442, 495: 72, 496: 310, 517: 142, 518: 380, 519: 142, 520: 380, 525: 736, 526: 498, 533: 498, 534: 736, 535: 72, 536: 310, 547: 652, 548: 414, 555: 778, 556: 540, 557: 708, 558: 470, 559: 142, 560: 380, 561: 442, 562: 680, 563: 142, 564: 380, 565: 778, 566: 540, 573: 736, 574: 498, 575: 380, 576: 142, 577: 414, 578: 652, 579: 72, 580: 310, 581: 142, 582: 380, 583: 380, 584: 142, 585: 680, 586: 442, 587: 72, 588: 310, 589: 736, 590: 498, 591: 380, 592: 142, 593: 540, 594: 778, 595: 142, 596: 380, 597: 680, 598: 442, 599: 680, 600: 442, 601: 470, 602: 708, 603: 736, 604: 498, 605: 142, 606: 380, 607: 680, 608: 442, 613: 142, 614: 380, 615: 540, 616: 778, 617: 470, 618: 708, 619: 442, 620: 680, 621: 470, 622: 708, 623: 778, 624: 540, 625: 680, 626: 442, 629: 310, 630: 72, 631: 680, 632: 442, 633: 442, 634: 680, 635: 72, 636: 310, 637: 380, 638: 142, 639: 680, 640: 442, 641: 540, 642: 778, 643: 442, 644: 680, 645: 142, 646: 380, 651: 380, 652: 142, 653: 708, 654: 470, 661: 652, 662: 414, 663: 380, 664: 142, 665: 414, 666: 652, 667: 72, 668: 310, 671: 310, 672: 72, 713: 652, 714: 414, 715: 72, 716: 310, 717: 708, 718: 470, 719: 72, 720: 310, 721: 778, 722: 540, 723: 778, 724: 540, 725: 736, 726: 498, 727: 310, 728: 72, 733: 380, 734: 142, 741: 540, 742: 778, 743: 72, 744: 310, 745: 142, 746: 380, 747: 442, 748: 680, 757: 442, 758: 680, 759: 708, 760: 470, 763: 442, 764: 680, 765: 708, 766: 470, 767: 736, 768: 498, 769: 708, 770: 470, 771: 470, 772: 708, 773: 414, 774: 652, 783: 778, 784: 540, 785: 310, 786: 72, 787: 72, 788: 310, 789: 778, 790: 540, 791: 680, 792: 442, 793: 142, 794: 380, 795: 442, 796: 680, 797: 708, 798: 470, 799: 442, 800: 680, 801: 778, 802: 540, 815: 680, 816: 442, 817: 778, 818: 540, 825: 736, 826: 498, 827: 442, 828: 680, 829: 310, 830: 72, 835: 442, 836: 680, 837: 310, 838: 72, 867: 442, 868: 680, 875: 680, 876: 442, 877: 380, 878: 142, 879: 708, 880: 470, 881: 72, 882: 310, 893: 380, 894: 142, 903: 380, 904: 142, 911: 736, 912: 498}
Correct solution!
Number of lables used:  14
Time taken: 1.13 seconds
Memory used: 47.32 MB
--------------------------------------------------

Trying with at most 13 labels...
[runlim] sample:		10.0 time, 10.3 real, 71.4 MB
[runlim] sample:		20.0 time, 20.3 real, 81.3 MB
[runlim] sample:		30.0 time, 30.3 real, 81.3 MB
[runlim] sample:		40.0 time, 40.3 real, 81.3 MB
[runlim] sample:		50.0 time, 50.3 real, 81.3 MB
[runlim] sample:		60.0 time, 60.3 real, 81.3 MB
[runlim] sample:		70.0 time, 70.3 real, 81.3 MB
[runlim] sample:		80.0 time, 80.3 real, 64.7 MB
[runlim] sample:		90.0 time, 90.3 real, 86.9 MB
[runlim] sample:		100.0 time, 100.3 real, 89.8 MB
[runlim] sample:		110.0 time, 110.3 real, 90.7 MB
[runlim] sample:		120.0 time, 120.3 real, 91.5 MB
[runlim] sample:		130.0 time, 130.3 real, 92.3 MB
[runlim] sample:		140.0 time, 140.3 real, 92.9 MB
[runlim] sample:		150.0 time, 150.3 real, 92.9 MB
[runlim] sample:		160.0 time, 160.3 real, 93.2 MB
[runlim] sample:		170.0 time, 170.3 real, 93.4 MB
[runlim] sample:		180.0 time, 180.3 real, 94.0 MB
[runlim] sample:		190.0 time, 190.3 real, 94.3 MB
Cannot find solution.
No more solutions found.
Optimal number of labels used:  14
Time taken: 192.21 seconds
[runlim] end:			Thu Jan 15 01:05:40 2026
[runlim] status:		ok
[runlim] result:		0
[runlim] children:		0
[runlim] real:			192.63 seconds
[runlim] time:			192.19 seconds
[runlim] space:			97.5 MB
[runlim] samples:		1922
