[runlim] version:		1.10
[runlim] time limit:		311040000 seconds
[runlim] real time limit:	900 seconds
[runlim] space limit:		8000 MB
[runlim] argv[0]:		python3
[runlim] argv[1]:		-u
[runlim] argv[2]:		main.py
[runlim] argv[3]:		scen02
[runlim] argv[4]:		nsc
[runlim] argv[5]:		incremental
[runlim] argv[6]:		glucose4
[runlim] start:			Thu Jan 15 01:02:07 2026
[runlim] main pid:		73551
Solve first problem:
Solution:
{13: 268, 14: 30, 15: 268, 16: 30, 53: 268, 54: 30, 79: 254, 80: 16, 81: 268, 82: 30, 83: 680, 84: 442, 85: 352, 86: 114, 127: 352, 128: 114, 129: 254, 130: 16, 143: 254, 144: 16, 145: 254, 146: 16, 205: 254, 206: 16, 233: 666, 234: 428, 235: 338, 236: 100, 237: 352, 238: 114, 261: 254, 262: 16, 263: 352, 264: 114, 265: 338, 266: 100, 267: 254, 268: 16, 269: 352, 270: 114, 271: 352, 272: 114, 273: 44, 274: 282, 275: 44, 276: 282, 277: 352, 278: 114, 281: 268, 282: 30, 283: 282, 284: 44, 289: 254, 290: 16, 291: 324, 292: 86, 303: 666, 304: 428, 305: 338, 306: 100, 321: 156, 322: 394, 323: 254, 324: 16, 325: 666, 326: 428, 327: 338, 328: 100, 329: 254, 330: 16, 341: 30, 342: 268, 343: 30, 344: 268, 349: 338, 350: 100, 351: 30, 352: 268, 435: 296, 436: 58, 475: 282, 476: 44, 481: 268, 482: 30, 517: 268, 518: 30, 519: 338, 520: 100, 555: 128, 556: 366, 557: 666, 558: 428, 559: 58, 560: 296, 561: 366, 562: 128, 565: 100, 566: 338, 577: 324, 578: 86, 579: 352, 580: 114, 583: 666, 584: 428, 585: 324, 586: 86, 587: 254, 588: 16, 589: 366, 590: 128, 591: 352, 592: 114, 593: 114, 594: 352, 595: 296, 596: 58, 597: 268, 598: 30, 599: 142, 600: 380, 601: 282, 602: 44, 603: 268, 604: 30, 605: 268, 606: 30, 607: 338, 608: 100, 613: 100, 614: 338, 615: 282, 616: 44, 617: 268, 618: 30, 621: 338, 622: 100, 625: 268, 626: 30, 629: 282, 630: 44, 631: 268, 632: 30, 633: 282, 634: 44, 635: 268, 636: 30, 645: 296, 646: 58, 651: 254, 652: 16, 661: 254, 662: 16, 663: 394, 664: 156, 665: 366, 666: 128, 667: 254, 668: 16, 713: 352, 714: 114, 717: 44, 718: 282, 719: 394, 720: 156, 721: 324, 722: 86, 723: 254, 724: 16, 743: 44, 744: 282, 745: 268, 746: 30, 747: 324, 748: 86, 763: 268, 764: 30, 765: 254, 766: 16, 767: 296, 768: 58, 785: 254, 786: 16, 787: 268, 788: 30, 789: 338, 790: 100, 791: 268, 792: 30, 793: 338, 794: 100, 795: 268, 796: 30, 797: 352, 798: 114, 799: 282, 800: 44, 801: 268, 802: 30, 879: 268, 880: 30}
Correct solution!
Number of lables used:  24
Time taken: 0.21 seconds
Memory used: 31.01 MB
--------------------------------------------------

Trying with at most 23 labels...
Solution:
{13: 652, 14: 414, 15: 652, 16: 414, 53: 652, 54: 414, 79: 72, 80: 310, 81: 652, 82: 414, 83: 540, 84: 778, 85: 338, 86: 100, 127: 142, 128: 380, 129: 310, 130: 72, 143: 792, 144: 554, 145: 778, 146: 540, 205: 100, 206: 338, 233: 72, 234: 310, 235: 778, 236: 540, 237: 764, 238: 526, 261: 100, 262: 338, 263: 652, 264: 414, 265: 442, 266: 680, 267: 380, 268: 142, 269: 540, 270: 778, 271: 554, 272: 792, 273: 380, 274: 142, 275: 380, 276: 142, 277: 366, 278: 128, 281: 764, 282: 526, 283: 680, 284: 442, 289: 666, 290: 428, 291: 310, 292: 72, 303: 72, 304: 310, 305: 142, 306: 380, 321: 338, 322: 100, 323: 694, 324: 456, 325: 128, 326: 366, 327: 666, 328: 428, 329: 128, 330: 366, 341: 142, 342: 380, 343: 142, 344: 380, 349: 456, 350: 694, 351: 666, 352: 428, 435: 778, 436: 540, 475: 310, 476: 72, 481: 142, 482: 380, 517: 338, 518: 100, 519: 310, 520: 72, 555: 456, 556: 694, 557: 666, 558: 428, 559: 540, 560: 778, 561: 540, 562: 778, 565: 442, 566: 680, 577: 554, 578: 792, 579: 366, 580: 128, 583: 100, 584: 338, 585: 652, 586: 414, 587: 338, 588: 100, 589: 310, 590: 72, 591: 442, 592: 680, 593: 142, 594: 380, 595: 778, 596: 540, 597: 694, 598: 456, 599: 680, 600: 442, 601: 694, 602: 456, 603: 310, 604: 72, 605: 72, 606: 310, 607: 526, 608: 764, 613: 680, 614: 442, 615: 666, 616: 428, 617: 366, 618: 128, 621: 380, 622: 142, 625: 72, 626: 310, 629: 442, 630: 680, 631: 456, 632: 694, 633: 456, 634: 694, 635: 72, 636: 310, 645: 366, 646: 128, 651: 72, 652: 310, 661: 310, 662: 72, 663: 652, 664: 414, 665: 764, 666: 526, 667: 310, 668: 72, 713: 366, 714: 128, 717: 380, 718: 142, 719: 310, 720: 72, 721: 694, 722: 456, 723: 778, 724: 540, 743: 778, 744: 540, 745: 526, 746: 764, 747: 526, 748: 764, 763: 310, 764: 72, 765: 652, 766: 414, 767: 554, 768: 792, 785: 764, 786: 526, 787: 778, 788: 540, 789: 526, 790: 764, 791: 778, 792: 540, 793: 526, 794: 764, 795: 778, 796: 540, 797: 526, 798: 764, 799: 778, 800: 540, 801: 764, 802: 526, 879: 338, 880: 100}
Correct solution!
Number of lables used:  22
Time taken: 0.23 seconds
Memory used: 32.01 MB
--------------------------------------------------

Trying with at most 21 labels...
Solution:
{13: 652, 14: 414, 15: 652, 16: 414, 53: 652, 54: 414, 79: 72, 80: 310, 81: 652, 82: 414, 83: 456, 84: 694, 85: 338, 86: 100, 127: 142, 128: 380, 129: 310, 130: 72, 143: 792, 144: 554, 145: 778, 146: 540, 205: 100, 206: 338, 233: 72, 234: 310, 235: 778, 236: 540, 237: 764, 238: 526, 261: 100, 262: 338, 263: 652, 264: 414, 265: 456, 266: 694, 267: 380, 268: 142, 269: 540, 270: 778, 271: 554, 272: 792, 273: 380, 274: 142, 275: 380, 276: 142, 277: 366, 278: 128, 281: 764, 282: 526, 283: 338, 284: 100, 289: 666, 290: 428, 291: 310, 292: 72, 303: 72, 304: 310, 305: 142, 306: 380, 321: 142, 322: 380, 323: 72, 324: 310, 325: 128, 326: 366, 327: 666, 328: 428, 329: 338, 330: 100, 341: 142, 342: 380, 343: 142, 344: 380, 349: 456, 350: 694, 351: 666, 352: 428, 435: 778, 436: 540, 475: 310, 476: 72, 481: 142, 482: 380, 517: 338, 518: 100, 519: 310, 520: 72, 555: 456, 556: 694, 557: 666, 558: 428, 559: 540, 560: 778, 561: 540, 562: 778, 565: 456, 566: 694, 577: 554, 578: 792, 579: 366, 580: 128, 583: 100, 584: 338, 585: 652, 586: 414, 587: 338, 588: 100, 589: 310, 590: 72, 591: 366, 592: 128, 593: 142, 594: 380, 595: 778, 596: 540, 597: 694, 598: 456, 599: 694, 600: 456, 601: 666, 602: 428, 603: 310, 604: 72, 605: 72, 606: 310, 607: 526, 608: 764, 613: 540, 614: 778, 615: 666, 616: 428, 617: 366, 618: 128, 621: 380, 622: 142, 625: 72, 626: 310, 629: 428, 630: 666, 631: 456, 632: 694, 633: 456, 634: 694, 635: 72, 636: 310, 645: 366, 646: 128, 651: 72, 652: 310, 661: 310, 662: 72, 663: 652, 664: 414, 665: 764, 666: 526, 667: 310, 668: 72, 713: 366, 714: 128, 717: 380, 718: 142, 719: 310, 720: 72, 721: 694, 722: 456, 723: 778, 724: 540, 743: 778, 744: 540, 745: 526, 746: 764, 747: 428, 748: 666, 763: 310, 764: 72, 765: 652, 766: 414, 767: 554, 768: 792, 785: 652, 786: 414, 787: 778, 788: 540, 789: 526, 790: 764, 791: 778, 792: 540, 793: 526, 794: 764, 795: 778, 796: 540, 797: 526, 798: 764, 799: 778, 800: 540, 801: 764, 802: 526, 879: 338, 880: 100}
Correct solution!
Number of lables used:  20
Time taken: 0.23 seconds
Memory used: 32.01 MB
--------------------------------------------------

Trying with at most 19 labels...
Solution:
{13: 792, 14: 554, 15: 792, 16: 554, 53: 666, 54: 428, 79: 72, 80: 310, 81: 428, 82: 666, 83: 456, 84: 694, 85: 366, 86: 128, 127: 142, 128: 380, 129: 310, 130: 72, 143: 792, 144: 554, 145: 778, 146: 540, 205: 100, 206: 338, 233: 72, 234: 310, 235: 778, 236: 540, 237: 764, 238: 526, 261: 100, 262: 338, 263: 694, 264: 456, 265: 456, 266: 694, 267: 380, 268: 142, 269: 540, 270: 778, 271: 554, 272: 792, 273: 380, 274: 142, 275: 380, 276: 142, 277: 366, 278: 128, 281: 764, 282: 526, 283: 338, 284: 100, 289: 666, 290: 428, 291: 310, 292: 72, 303: 72, 304: 310, 305: 142, 306: 380, 321: 142, 322: 380, 323: 72, 324: 310, 325: 128, 326: 366, 327: 666, 328: 428, 329: 338, 330: 100, 341: 142, 342: 380, 343: 142, 344: 380, 349: 456, 350: 694, 351: 666, 352: 428, 435: 778, 436: 540, 475: 310, 476: 72, 481: 142, 482: 380, 517: 338, 518: 100, 519: 310, 520: 72, 555: 456, 556: 694, 557: 666, 558: 428, 559: 540, 560: 778, 561: 540, 562: 778, 565: 428, 566: 666, 577: 554, 578: 792, 579: 366, 580: 128, 583: 100, 584: 338, 585: 128, 586: 366, 587: 338, 588: 100, 589: 310, 590: 72, 591: 366, 592: 128, 593: 142, 594: 380, 595: 778, 596: 540, 597: 128, 598: 366, 599: 778, 600: 540, 601: 764, 602: 526, 603: 310, 604: 72, 605: 72, 606: 310, 607: 526, 608: 764, 613: 100, 614: 338, 615: 666, 616: 428, 617: 366, 618: 128, 621: 380, 622: 142, 625: 72, 626: 310, 629: 366, 630: 128, 631: 428, 632: 666, 633: 764, 634: 526, 635: 72, 636: 310, 645: 366, 646: 128, 651: 72, 652: 310, 661: 310, 662: 72, 663: 142, 664: 380, 665: 526, 666: 764, 667: 310, 668: 72, 713: 366, 714: 128, 717: 380, 718: 142, 719: 310, 720: 72, 721: 694, 722: 456, 723: 778, 724: 540, 743: 778, 744: 540, 745: 526, 746: 764, 747: 428, 748: 666, 763: 310, 764: 72, 765: 526, 766: 764, 767: 694, 768: 456, 785: 540, 786: 778, 787: 778, 788: 540, 789: 526, 790: 764, 791: 778, 792: 540, 793: 526, 794: 764, 795: 778, 796: 540, 797: 526, 798: 764, 799: 778, 800: 540, 801: 764, 802: 526, 879: 338, 880: 100}
Correct solution!
Number of lables used:  18
Time taken: 0.24 seconds
Memory used: 32.14 MB
--------------------------------------------------

Trying with at most 17 labels...
Solution:
{13: 792, 14: 554, 15: 792, 16: 554, 53: 666, 54: 428, 79: 72, 80: 310, 81: 428, 82: 666, 83: 792, 84: 554, 85: 366, 86: 128, 127: 142, 128: 380, 129: 310, 130: 72, 143: 792, 144: 554, 145: 778, 146: 540, 205: 366, 206: 128, 233: 72, 234: 310, 235: 778, 236: 540, 237: 764, 238: 526, 261: 128, 262: 366, 263: 764, 264: 526, 265: 470, 266: 708, 267: 380, 268: 142, 269: 540, 270: 778, 271: 554, 272: 792, 273: 470, 274: 708, 275: 470, 276: 708, 277: 366, 278: 128, 281: 764, 282: 526, 283: 764, 284: 526, 289: 666, 290: 428, 291: 310, 292: 72, 303: 72, 304: 310, 305: 142, 306: 380, 321: 142, 322: 380, 323: 72, 324: 310, 325: 128, 326: 366, 327: 666, 328: 428, 329: 380, 330: 142, 341: 142, 342: 380, 343: 142, 344: 380, 349: 428, 350: 666, 351: 666, 352: 428, 435: 778, 436: 540, 475: 310, 476: 72, 481: 142, 482: 380, 517: 366, 518: 128, 519: 310, 520: 72, 555: 666, 556: 428, 557: 666, 558: 428, 559: 540, 560: 778, 561: 540, 562: 778, 565: 428, 566: 666, 577: 554, 578: 792, 579: 366, 580: 128, 583: 72, 584: 310, 585: 128, 586: 366, 587: 72, 588: 310, 589: 310, 590: 72, 591: 366, 592: 128, 593: 142, 594: 380, 595: 778, 596: 540, 597: 128, 598: 366, 599: 778, 600: 540, 601: 764, 602: 526, 603: 310, 604: 72, 605: 72, 606: 310, 607: 526, 608: 764, 613: 72, 614: 310, 615: 666, 616: 428, 617: 366, 618: 128, 621: 380, 622: 142, 625: 72, 626: 310, 629: 366, 630: 128, 631: 428, 632: 666, 633: 764, 634: 526, 635: 72, 636: 310, 645: 366, 646: 128, 651: 72, 652: 310, 661: 310, 662: 72, 663: 142, 664: 380, 665: 526, 666: 764, 667: 310, 668: 72, 713: 366, 714: 128, 717: 470, 718: 708, 719: 380, 720: 142, 721: 310, 722: 72, 723: 778, 724: 540, 743: 778, 744: 540, 745: 526, 746: 764, 747: 428, 748: 666, 763: 310, 764: 72, 765: 526, 766: 764, 767: 708, 768: 470, 785: 540, 786: 778, 787: 778, 788: 540, 789: 526, 790: 764, 791: 778, 792: 540, 793: 526, 794: 764, 795: 778, 796: 540, 797: 526, 798: 764, 799: 778, 800: 540, 801: 764, 802: 526, 879: 310, 880: 72}
Correct solution!
Number of lables used:  16
Time taken: 0.24 seconds
Memory used: 32.14 MB
--------------------------------------------------

Trying with at most 15 labels...
Solution:
{13: 72, 14: 310, 15: 792, 16: 554, 53: 680, 54: 442, 79: 72, 80: 310, 81: 380, 82: 142, 83: 792, 84: 554, 85: 310, 86: 72, 127: 680, 128: 442, 129: 310, 130: 72, 143: 792, 144: 554, 145: 764, 146: 526, 205: 366, 206: 128, 233: 72, 234: 310, 235: 764, 236: 526, 237: 764, 238: 526, 261: 680, 262: 442, 263: 764, 264: 526, 265: 680, 266: 442, 267: 764, 268: 526, 269: 554, 270: 792, 271: 554, 272: 792, 273: 380, 274: 142, 275: 380, 276: 142, 277: 366, 278: 128, 281: 736, 282: 498, 283: 736, 284: 498, 289: 142, 290: 380, 291: 310, 292: 72, 303: 72, 304: 310, 305: 142, 306: 380, 321: 72, 322: 310, 323: 142, 324: 380, 325: 72, 326: 310, 327: 142, 328: 380, 329: 736, 330: 498, 341: 142, 342: 380, 343: 142, 344: 380, 349: 442, 350: 680, 351: 142, 352: 380, 435: 764, 436: 526, 475: 310, 476: 72, 481: 142, 482: 380, 517: 366, 518: 128, 519: 310, 520: 72, 555: 736, 556: 498, 557: 680, 558: 442, 559: 142, 560: 380, 561: 526, 562: 764, 565: 680, 566: 442, 577: 554, 578: 792, 579: 380, 580: 142, 583: 72, 584: 310, 585: 128, 586: 366, 587: 72, 588: 310, 589: 310, 590: 72, 591: 366, 592: 128, 593: 72, 594: 310, 595: 736, 596: 498, 597: 128, 598: 366, 599: 128, 600: 366, 601: 764, 602: 526, 603: 310, 604: 72, 605: 72, 606: 310, 607: 526, 608: 764, 613: 142, 614: 380, 615: 380, 616: 142, 617: 366, 618: 128, 621: 442, 622: 680, 625: 72, 626: 310, 629: 380, 630: 142, 631: 764, 632: 526, 633: 764, 634: 526, 635: 72, 636: 310, 645: 366, 646: 128, 651: 72, 652: 310, 661: 310, 662: 72, 663: 142, 664: 380, 665: 526, 666: 764, 667: 310, 668: 72, 713: 366, 714: 128, 717: 380, 718: 142, 719: 442, 720: 680, 721: 310, 722: 72, 723: 764, 724: 526, 743: 736, 744: 498, 745: 526, 746: 764, 747: 442, 748: 680, 763: 366, 764: 128, 765: 526, 766: 764, 767: 736, 768: 498, 785: 792, 786: 554, 787: 310, 788: 72, 789: 442, 790: 680, 791: 764, 792: 526, 793: 442, 794: 680, 795: 764, 796: 526, 797: 442, 798: 680, 799: 764, 800: 526, 801: 142, 802: 380, 879: 310, 880: 72}
Correct solution!
Number of lables used:  14
Time taken: 0.26 seconds
Memory used: 32.26 MB
--------------------------------------------------

Trying with at most 13 labels...
[runlim] sample:		10.0 time, 10.7 real, 52.6 MB
[runlim] sample:		20.0 time, 20.7 real, 53.3 MB
Cannot find solution.
No more solutions found.
Optimal number of labels used:  14
Time taken: 20.60 seconds
[runlim] end:			Thu Jan 15 01:02:28 2026
[runlim] status:		ok
[runlim] result:		0
[runlim] children:		0
[runlim] real:			21.34 seconds
[runlim] time:			20.59 seconds
[runlim] space:			53.3 MB
[runlim] samples:		206
