[runlim] version:		1.10
[runlim] time limit:		311040000 seconds
[runlim] real time limit:	900 seconds
[runlim] space limit:		8000 MB
[runlim] argv[0]:		python3
[runlim] argv[1]:		-u
[runlim] argv[2]:		main.py
[runlim] argv[3]:		graph01
[runlim] argv[4]:		nsc_full
[runlim] argv[5]:		assumptions
[runlim] argv[6]:		glucose4
[runlim] start:			Thu Jan 15 05:57:49 2026
[runlim] main pid:		183528
Solve first problem:
Solution:
{1: 296, 2: 58, 3: 652, 4: 414, 5: 16, 6: 254, 7: 380, 8: 142, 9: 380, 10: 142, 11: 778, 12: 540, 13: 338, 14: 100, 15: 296, 16: 58, 17: 652, 18: 414, 19: 394, 20: 156, 21: 296, 22: 58, 23: 478, 24: 240, 25: 310, 26: 72, 27: 114, 28: 352, 29: 296, 30: 58, 31: 268, 32: 30, 33: 352, 34: 114, 35: 310, 36: 72, 37: 338, 38: 100, 39: 324, 40: 86, 41: 282, 42: 44, 43: 778, 44: 540, 45: 254, 46: 16, 47: 72, 48: 310, 49: 282, 50: 44, 51: 394, 52: 156, 53: 310, 54: 72, 55: 86, 56: 324, 57: 16, 58: 254, 59: 778, 60: 540, 61: 254, 62: 16, 63: 352, 64: 114, 65: 254, 66: 16, 67: 296, 68: 58, 69: 254, 70: 16, 71: 324, 72: 86, 73: 380, 74: 142, 75: 268, 76: 30, 77: 750, 78: 512, 79: 310, 80: 72, 81: 254, 82: 16, 83: 268, 84: 30, 85: 324, 86: 86, 87: 680, 88: 442, 89: 338, 90: 100, 91: 652, 92: 414, 93: 254, 94: 16, 95: 44, 96: 282, 97: 478, 98: 240, 99: 30, 100: 268, 101: 380, 102: 142, 103: 282, 104: 44, 105: 352, 106: 114, 107: 296, 108: 58, 109: 296, 110: 58, 111: 380, 112: 142, 113: 268, 114: 30, 115: 114, 116: 352, 117: 254, 118: 16, 119: 296, 120: 58, 121: 380, 122: 142, 123: 380, 124: 142, 125: 254, 126: 16, 127: 296, 128: 58, 129: 338, 130: 100, 131: 268, 132: 30, 133: 694, 134: 456, 135: 478, 136: 240, 137: 282, 138: 44, 139: 296, 140: 58, 141: 324, 142: 86, 143: 324, 144: 86, 145: 268, 146: 30, 147: 254, 148: 16, 149: 324, 150: 86, 151: 652, 152: 414, 153: 254, 154: 16, 155: 324, 156: 86, 157: 268, 158: 30, 159: 268, 160: 30, 161: 394, 162: 156, 163: 296, 164: 58, 165: 352, 166: 114, 167: 366, 168: 128, 169: 254, 170: 16, 171: 268, 172: 30, 173: 254, 174: 16, 175: 324, 176: 86, 177: 254, 178: 16, 179: 282, 180: 44, 181: 652, 182: 414, 183: 268, 184: 30, 185: 324, 186: 86, 187: 268, 188: 30, 189: 254, 190: 16, 191: 310, 192: 72, 193: 380, 194: 142, 195: 268, 196: 30, 197: 254, 198: 16, 199: 254, 200: 16}
Correct solution!
Number of lables used:  34
Time taken: 0.15 seconds
Memory used: 28.81 MB
--------------------------------------------------

Trying with at most 33 labels...
Solution:
{1: 268, 2: 30, 3: 652, 4: 414, 5: 72, 6: 310, 7: 408, 8: 170, 9: 170, 10: 408, 11: 750, 12: 512, 13: 156, 14: 394, 15: 268, 16: 30, 17: 268, 18: 30, 19: 268, 20: 30, 21: 652, 22: 414, 23: 408, 24: 170, 25: 540, 26: 778, 27: 72, 28: 310, 29: 694, 30: 456, 31: 310, 32: 72, 33: 414, 34: 652, 35: 512, 36: 750, 37: 156, 38: 394, 39: 30, 40: 268, 41: 680, 42: 442, 43: 540, 44: 778, 45: 394, 46: 156, 47: 456, 48: 694, 49: 484, 50: 722, 51: 30, 52: 268, 53: 778, 54: 540, 55: 268, 56: 30, 57: 30, 58: 268, 59: 394, 60: 156, 61: 156, 62: 394, 63: 30, 64: 268, 65: 394, 66: 156, 67: 442, 68: 680, 69: 268, 70: 30, 71: 414, 72: 652, 73: 408, 74: 170, 75: 694, 76: 456, 77: 484, 78: 722, 79: 652, 80: 414, 81: 30, 82: 268, 83: 310, 84: 72, 85: 694, 86: 456, 87: 652, 88: 414, 89: 30, 90: 268, 91: 156, 92: 394, 93: 366, 94: 128, 95: 540, 96: 778, 97: 408, 98: 170, 99: 414, 100: 652, 101: 694, 102: 456, 103: 394, 104: 156, 105: 366, 106: 128, 107: 394, 108: 156, 109: 156, 110: 394, 111: 268, 112: 30, 113: 30, 114: 268, 115: 666, 116: 428, 117: 394, 118: 156, 119: 394, 120: 156, 121: 478, 122: 240, 123: 408, 124: 170, 125: 30, 126: 268, 127: 484, 128: 722, 129: 778, 130: 540, 131: 268, 132: 30, 133: 30, 134: 268, 135: 240, 136: 478, 137: 394, 138: 156, 139: 394, 140: 156, 141: 30, 142: 268, 143: 652, 144: 414, 145: 694, 146: 456, 147: 128, 148: 366, 149: 72, 150: 310, 151: 128, 152: 366, 153: 694, 154: 456, 155: 722, 156: 484, 157: 722, 158: 484, 159: 750, 160: 512, 161: 764, 162: 526, 163: 394, 164: 156, 165: 792, 166: 554, 167: 310, 168: 72, 169: 156, 170: 394, 171: 394, 172: 156, 173: 652, 174: 414, 175: 268, 176: 30, 177: 268, 178: 30, 179: 394, 180: 156, 181: 456, 182: 694, 183: 526, 184: 764, 185: 414, 186: 652, 187: 268, 188: 30, 189: 652, 190: 414, 191: 694, 192: 456, 193: 240, 194: 478, 195: 394, 196: 156, 197: 268, 198: 30, 199: 394, 200: 156}
Correct solution!
Number of lables used:  30
Time taken: 0.17 seconds
Memory used: 29.81 MB
--------------------------------------------------

Trying with at most 29 labels...
Solution:
{1: 268, 2: 30, 3: 652, 4: 414, 5: 72, 6: 310, 7: 408, 8: 170, 9: 170, 10: 408, 11: 750, 12: 512, 13: 156, 14: 394, 15: 268, 16: 30, 17: 268, 18: 30, 19: 268, 20: 30, 21: 652, 22: 414, 23: 408, 24: 170, 25: 540, 26: 778, 27: 72, 28: 310, 29: 694, 30: 456, 31: 310, 32: 72, 33: 414, 34: 652, 35: 512, 36: 750, 37: 156, 38: 394, 39: 30, 40: 268, 41: 680, 42: 442, 43: 540, 44: 778, 45: 394, 46: 156, 47: 456, 48: 694, 49: 484, 50: 722, 51: 30, 52: 268, 53: 778, 54: 540, 55: 268, 56: 30, 57: 30, 58: 268, 59: 394, 60: 156, 61: 156, 62: 394, 63: 30, 64: 268, 65: 394, 66: 156, 67: 442, 68: 680, 69: 268, 70: 30, 71: 414, 72: 652, 73: 408, 74: 170, 75: 694, 76: 456, 77: 484, 78: 722, 79: 652, 80: 414, 81: 30, 82: 268, 83: 310, 84: 72, 85: 694, 86: 456, 87: 652, 88: 414, 89: 30, 90: 268, 91: 156, 92: 394, 93: 366, 94: 128, 95: 540, 96: 778, 97: 408, 98: 170, 99: 414, 100: 652, 101: 694, 102: 456, 103: 394, 104: 156, 105: 366, 106: 128, 107: 394, 108: 156, 109: 156, 110: 394, 111: 268, 112: 30, 113: 30, 114: 268, 115: 310, 116: 72, 117: 394, 118: 156, 119: 394, 120: 156, 121: 478, 122: 240, 123: 408, 124: 170, 125: 30, 126: 268, 127: 484, 128: 722, 129: 778, 130: 540, 131: 268, 132: 30, 133: 30, 134: 268, 135: 240, 136: 478, 137: 394, 138: 156, 139: 394, 140: 156, 141: 30, 142: 268, 143: 652, 144: 414, 145: 694, 146: 456, 147: 128, 148: 366, 149: 72, 150: 310, 151: 128, 152: 366, 153: 694, 154: 456, 155: 722, 156: 484, 157: 722, 158: 484, 159: 750, 160: 512, 161: 764, 162: 526, 163: 394, 164: 156, 165: 792, 166: 554, 167: 310, 168: 72, 169: 156, 170: 394, 171: 394, 172: 156, 173: 652, 174: 414, 175: 268, 176: 30, 177: 268, 178: 30, 179: 394, 180: 156, 181: 456, 182: 694, 183: 526, 184: 764, 185: 414, 186: 652, 187: 268, 188: 30, 189: 652, 190: 414, 191: 694, 192: 456, 193: 240, 194: 478, 195: 394, 196: 156, 197: 268, 198: 30, 199: 394, 200: 156}
Correct solution!
Number of lables used:  28
Time taken: 0.18 seconds
Memory used: 29.81 MB
--------------------------------------------------

Trying with at most 27 labels...
Solution:
{1: 268, 2: 30, 3: 652, 4: 414, 5: 72, 6: 310, 7: 408, 8: 170, 9: 170, 10: 408, 11: 778, 12: 540, 13: 156, 14: 394, 15: 268, 16: 30, 17: 268, 18: 30, 19: 268, 20: 30, 21: 652, 22: 414, 23: 408, 24: 170, 25: 554, 26: 792, 27: 72, 28: 310, 29: 694, 30: 456, 31: 310, 32: 72, 33: 414, 34: 652, 35: 512, 36: 750, 37: 156, 38: 394, 39: 30, 40: 268, 41: 652, 42: 414, 43: 540, 44: 778, 45: 394, 46: 156, 47: 456, 48: 694, 49: 512, 50: 750, 51: 30, 52: 268, 53: 778, 54: 540, 55: 268, 56: 30, 57: 30, 58: 268, 59: 394, 60: 156, 61: 156, 62: 394, 63: 30, 64: 268, 65: 394, 66: 156, 67: 722, 68: 484, 69: 268, 70: 30, 71: 414, 72: 652, 73: 408, 74: 170, 75: 694, 76: 456, 77: 366, 78: 128, 79: 652, 80: 414, 81: 30, 82: 268, 83: 310, 84: 72, 85: 694, 86: 456, 87: 652, 88: 414, 89: 30, 90: 268, 91: 156, 92: 394, 93: 366, 94: 128, 95: 554, 96: 792, 97: 408, 98: 170, 99: 414, 100: 652, 101: 694, 102: 456, 103: 394, 104: 156, 105: 366, 106: 128, 107: 394, 108: 156, 109: 156, 110: 394, 111: 268, 112: 30, 113: 30, 114: 268, 115: 310, 116: 72, 117: 394, 118: 156, 119: 394, 120: 156, 121: 478, 122: 240, 123: 408, 124: 170, 125: 30, 126: 268, 127: 484, 128: 722, 129: 778, 130: 540, 131: 268, 132: 30, 133: 30, 134: 268, 135: 240, 136: 478, 137: 394, 138: 156, 139: 394, 140: 156, 141: 30, 142: 268, 143: 652, 144: 414, 145: 694, 146: 456, 147: 128, 148: 366, 149: 72, 150: 310, 151: 128, 152: 366, 153: 694, 154: 456, 155: 750, 156: 512, 157: 722, 158: 484, 159: 512, 160: 750, 161: 778, 162: 540, 163: 394, 164: 156, 165: 792, 166: 554, 167: 310, 168: 72, 169: 156, 170: 394, 171: 394, 172: 156, 173: 652, 174: 414, 175: 268, 176: 30, 177: 268, 178: 30, 179: 394, 180: 156, 181: 456, 182: 694, 183: 512, 184: 750, 185: 414, 186: 652, 187: 268, 188: 30, 189: 652, 190: 414, 191: 694, 192: 456, 193: 240, 194: 478, 195: 394, 196: 156, 197: 268, 198: 30, 199: 394, 200: 156}
Correct solution!
Number of lables used:  24
Time taken: 0.18 seconds
Memory used: 29.81 MB
--------------------------------------------------

Trying with at most 23 labels...
Solution:
{1: 268, 2: 30, 3: 792, 4: 554, 5: 268, 6: 30, 7: 240, 8: 478, 9: 240, 10: 478, 11: 778, 12: 540, 13: 114, 14: 352, 15: 268, 16: 30, 17: 268, 18: 30, 19: 268, 20: 30, 21: 722, 22: 484, 23: 240, 24: 478, 25: 554, 26: 792, 27: 86, 28: 324, 29: 694, 30: 456, 31: 652, 32: 414, 33: 414, 34: 652, 35: 484, 36: 722, 37: 722, 38: 484, 39: 30, 40: 268, 41: 652, 42: 414, 43: 540, 44: 778, 45: 380, 46: 142, 47: 512, 48: 750, 49: 484, 50: 722, 51: 30, 52: 268, 53: 778, 54: 540, 55: 324, 56: 86, 57: 86, 58: 324, 59: 380, 60: 142, 61: 86, 62: 324, 63: 30, 64: 268, 65: 380, 66: 142, 67: 722, 68: 484, 69: 268, 70: 30, 71: 414, 72: 652, 73: 478, 74: 240, 75: 694, 76: 456, 77: 86, 78: 324, 79: 694, 80: 456, 81: 30, 82: 268, 83: 484, 84: 722, 85: 792, 86: 554, 87: 652, 88: 414, 89: 414, 90: 652, 91: 324, 92: 86, 93: 456, 94: 694, 95: 554, 96: 792, 97: 142, 98: 380, 99: 414, 100: 652, 101: 694, 102: 456, 103: 414, 104: 652, 105: 352, 106: 114, 107: 324, 108: 86, 109: 86, 110: 324, 111: 268, 112: 30, 113: 30, 114: 268, 115: 512, 116: 750, 117: 30, 118: 268, 119: 414, 120: 652, 121: 380, 122: 142, 123: 142, 124: 380, 125: 86, 126: 324, 127: 512, 128: 750, 129: 778, 130: 540, 131: 268, 132: 30, 133: 30, 134: 268, 135: 478, 136: 240, 137: 414, 138: 652, 139: 352, 140: 114, 141: 30, 142: 268, 143: 484, 144: 722, 145: 694, 146: 456, 147: 652, 148: 414, 149: 652, 150: 414, 151: 30, 152: 268, 153: 694, 154: 456, 155: 750, 156: 512, 157: 722, 158: 484, 159: 512, 160: 750, 161: 778, 162: 540, 163: 414, 164: 652, 165: 792, 166: 554, 167: 352, 168: 114, 169: 142, 170: 380, 171: 324, 172: 86, 173: 652, 174: 414, 175: 268, 176: 30, 177: 268, 178: 30, 179: 456, 180: 694, 181: 456, 182: 694, 183: 512, 184: 750, 185: 414, 186: 652, 187: 268, 188: 30, 189: 722, 190: 484, 191: 694, 192: 456, 193: 240, 194: 478, 195: 512, 196: 750, 197: 142, 198: 380, 199: 414, 200: 652}
Correct solution!
Number of lables used:  22
Time taken: 0.19 seconds
Memory used: 29.94 MB
--------------------------------------------------

Trying with at most 21 labels...
Solution:
{1: 268, 2: 30, 3: 652, 4: 414, 5: 268, 6: 30, 7: 240, 8: 478, 9: 240, 10: 478, 11: 324, 12: 86, 13: 114, 14: 352, 15: 268, 16: 30, 17: 268, 18: 30, 19: 268, 20: 30, 21: 722, 22: 484, 23: 240, 24: 478, 25: 540, 26: 778, 27: 114, 28: 352, 29: 694, 30: 456, 31: 30, 32: 268, 33: 414, 34: 652, 35: 484, 36: 722, 37: 722, 38: 484, 39: 30, 40: 268, 41: 652, 42: 414, 43: 540, 44: 778, 45: 380, 46: 142, 47: 512, 48: 750, 49: 484, 50: 722, 51: 30, 52: 268, 53: 778, 54: 540, 55: 324, 56: 86, 57: 86, 58: 324, 59: 380, 60: 142, 61: 86, 62: 324, 63: 30, 64: 268, 65: 380, 66: 142, 67: 722, 68: 484, 69: 268, 70: 30, 71: 414, 72: 652, 73: 478, 74: 240, 75: 694, 76: 456, 77: 114, 78: 352, 79: 694, 80: 456, 81: 30, 82: 268, 83: 484, 84: 722, 85: 778, 86: 540, 87: 652, 88: 414, 89: 414, 90: 652, 91: 324, 92: 86, 93: 456, 94: 694, 95: 540, 96: 778, 97: 142, 98: 380, 99: 414, 100: 652, 101: 694, 102: 456, 103: 414, 104: 652, 105: 352, 106: 114, 107: 324, 108: 86, 109: 86, 110: 324, 111: 268, 112: 30, 113: 30, 114: 268, 115: 750, 116: 512, 117: 30, 118: 268, 119: 414, 120: 652, 121: 380, 122: 142, 123: 142, 124: 380, 125: 86, 126: 324, 127: 512, 128: 750, 129: 778, 130: 540, 131: 268, 132: 30, 133: 30, 134: 268, 135: 478, 136: 240, 137: 414, 138: 652, 139: 352, 140: 114, 141: 30, 142: 268, 143: 484, 144: 722, 145: 694, 146: 456, 147: 652, 148: 414, 149: 652, 150: 414, 151: 30, 152: 268, 153: 694, 154: 456, 155: 750, 156: 512, 157: 722, 158: 484, 159: 512, 160: 750, 161: 324, 162: 86, 163: 414, 164: 652, 165: 778, 166: 540, 167: 352, 168: 114, 169: 142, 170: 380, 171: 324, 172: 86, 173: 652, 174: 414, 175: 268, 176: 30, 177: 268, 178: 30, 179: 456, 180: 694, 181: 456, 182: 694, 183: 512, 184: 750, 185: 414, 186: 652, 187: 268, 188: 30, 189: 722, 190: 484, 191: 694, 192: 456, 193: 240, 194: 478, 195: 512, 196: 750, 197: 142, 198: 380, 199: 414, 200: 652}
Correct solution!
Number of lables used:  20
Time taken: 0.19 seconds
Memory used: 29.94 MB
--------------------------------------------------

Trying with at most 19 labels...
Solution:
{1: 736, 2: 498, 3: 736, 4: 498, 5: 268, 6: 30, 7: 240, 8: 478, 9: 142, 10: 380, 11: 414, 12: 652, 13: 652, 14: 414, 15: 268, 16: 30, 17: 380, 18: 142, 19: 30, 20: 268, 21: 778, 22: 540, 23: 142, 24: 380, 25: 540, 26: 778, 27: 282, 28: 44, 29: 652, 30: 414, 31: 30, 32: 268, 33: 652, 34: 414, 35: 680, 36: 442, 37: 694, 38: 456, 39: 30, 40: 268, 41: 778, 42: 540, 43: 540, 44: 778, 45: 380, 46: 142, 47: 456, 48: 694, 49: 778, 50: 540, 51: 30, 52: 268, 53: 736, 54: 498, 55: 30, 56: 268, 57: 30, 58: 268, 59: 380, 60: 142, 61: 380, 62: 142, 63: 30, 64: 268, 65: 380, 66: 142, 67: 282, 68: 44, 69: 282, 70: 44, 71: 442, 72: 680, 73: 380, 74: 142, 75: 694, 76: 456, 77: 142, 78: 380, 79: 44, 80: 282, 81: 30, 82: 268, 83: 456, 84: 694, 85: 736, 86: 498, 87: 652, 88: 414, 89: 778, 90: 540, 91: 456, 92: 694, 93: 456, 94: 694, 95: 442, 96: 680, 97: 240, 98: 478, 99: 652, 100: 414, 101: 414, 102: 652, 103: 736, 104: 498, 105: 442, 106: 680, 107: 380, 108: 142, 109: 44, 110: 282, 111: 282, 112: 44, 113: 30, 114: 268, 115: 30, 116: 268, 117: 30, 118: 268, 119: 414, 120: 652, 121: 478, 122: 240, 123: 142, 124: 380, 125: 142, 126: 380, 127: 498, 128: 736, 129: 736, 130: 498, 131: 380, 132: 142, 133: 456, 134: 694, 135: 478, 136: 240, 137: 414, 138: 652, 139: 282, 140: 44, 141: 30, 142: 268, 143: 778, 144: 540, 145: 694, 146: 456, 147: 680, 148: 442, 149: 498, 150: 736, 151: 44, 152: 282, 153: 498, 154: 736, 155: 380, 156: 142, 157: 380, 158: 142, 159: 142, 160: 380, 161: 498, 162: 736, 163: 414, 164: 652, 165: 736, 166: 498, 167: 540, 168: 778, 169: 44, 170: 282, 171: 380, 172: 142, 173: 652, 174: 414, 175: 30, 176: 268, 177: 142, 178: 380, 179: 680, 180: 442, 181: 778, 182: 540, 183: 442, 184: 680, 185: 414, 186: 652, 187: 268, 188: 30, 189: 680, 190: 442, 191: 694, 192: 456, 193: 240, 194: 478, 195: 498, 196: 736, 197: 142, 198: 380, 199: 442, 200: 680}
Correct solution!
Number of lables used:  18
Time taken: 0.24 seconds
Memory used: 30.31 MB
--------------------------------------------------

Trying with at most 17 labels...
[runlim] sample:		10.0 time, 10.2 real, 48.0 MB
[runlim] sample:		20.0 time, 20.2 real, 51.5 MB
[runlim] sample:		30.0 time, 30.2 real, 58.0 MB
[runlim] sample:		40.0 time, 40.2 real, 59.8 MB
[runlim] sample:		50.0 time, 50.2 real, 72.0 MB
[runlim] sample:		60.0 time, 60.2 real, 72.9 MB
[runlim] sample:		70.0 time, 70.2 real, 74.0 MB
[runlim] sample:		80.0 time, 80.2 real, 74.6 MB
[runlim] sample:		90.0 time, 90.2 real, 74.9 MB
[runlim] sample:		100.0 time, 100.2 real, 93.0 MB
[runlim] sample:		110.0 time, 110.2 real, 93.0 MB
[runlim] sample:		120.0 time, 120.2 real, 93.0 MB
[runlim] sample:		130.0 time, 130.2 real, 93.0 MB
[runlim] sample:		140.0 time, 140.2 real, 93.0 MB
[runlim] sample:		150.0 time, 150.2 real, 93.0 MB
[runlim] sample:		160.0 time, 160.2 real, 93.0 MB
[runlim] sample:		170.0 time, 170.2 real, 93.0 MB
[runlim] sample:		180.0 time, 180.2 real, 93.0 MB
[runlim] sample:		190.0 time, 190.2 real, 93.0 MB
[runlim] sample:		200.0 time, 200.2 real, 93.0 MB
[runlim] sample:		210.0 time, 210.2 real, 93.0 MB
[runlim] sample:		220.0 time, 220.2 real, 93.0 MB
[runlim] sample:		230.0 time, 230.2 real, 93.0 MB
[runlim] sample:		240.0 time, 240.2 real, 93.0 MB
[runlim] sample:		250.0 time, 250.2 real, 93.0 MB
[runlim] sample:		260.0 time, 260.2 real, 94.2 MB
[runlim] sample:		270.0 time, 270.2 real, 94.2 MB
[runlim] sample:		280.0 time, 280.2 real, 94.5 MB
[runlim] sample:		290.0 time, 290.2 real, 95.0 MB
[runlim] sample:		300.0 time, 300.2 real, 95.0 MB
[runlim] sample:		310.0 time, 310.2 real, 97.5 MB
[runlim] sample:		320.0 time, 320.2 real, 97.5 MB
[runlim] sample:		330.0 time, 330.2 real, 97.5 MB
[runlim] sample:		340.0 time, 340.2 real, 98.8 MB
Cannot find solution.
No more solutions found.
Optimal number of labels used:  18
Time taken: 349.71 seconds
[runlim] end:			Thu Jan 15 06:03:38 2026
[runlim] status:		ok
[runlim] result:		0
[runlim] children:		0
[runlim] real:			349.97 seconds
[runlim] time:			349.68 seconds
[runlim] space:			98.8 MB
[runlim] samples:		3497
