[runlim] version:		1.10
[runlim] time limit:		311040000 seconds
[runlim] real time limit:	900 seconds
[runlim] space limit:		8000 MB
[runlim] argv[0]:		python3
[runlim] argv[1]:		-u
[runlim] argv[2]:		main.py
[runlim] argv[3]:		scen03
[runlim] argv[4]:		nsc_full
[runlim] argv[5]:		assumptions
[runlim] argv[6]:		glucose4
[runlim] start:			Thu Jan 15 05:53:23 2026
[runlim] main pid:		181872
Solve first problem:
Solution:
{13: 254, 14: 16, 15: 254, 16: 16, 23: 142, 24: 380, 49: 310, 50: 72, 51: 16, 52: 254, 53: 338, 54: 100, 67: 156, 68: 394, 69: 254, 70: 16, 79: 254, 80: 16, 81: 268, 82: 30, 83: 680, 84: 442, 85: 352, 86: 114, 103: 268, 104: 30, 105: 254, 106: 16, 117: 750, 118: 512, 119: 708, 120: 470, 127: 142, 128: 380, 129: 310, 130: 72, 143: 666, 144: 428, 145: 254, 146: 16, 151: 764, 152: 526, 153: 694, 154: 456, 155: 652, 156: 414, 157: 30, 158: 268, 179: 156, 180: 394, 181: 380, 182: 142, 183: 736, 184: 498, 191: 366, 192: 128, 193: 296, 194: 58, 205: 254, 206: 16, 209: 142, 210: 380, 211: 58, 212: 296, 213: 254, 214: 16, 215: 296, 216: 58, 217: 296, 218: 58, 233: 750, 234: 512, 235: 338, 236: 100, 237: 380, 238: 142, 261: 254, 262: 16, 263: 352, 264: 114, 265: 324, 266: 86, 267: 254, 268: 16, 269: 254, 270: 16, 271: 254, 272: 16, 273: 324, 274: 86, 275: 324, 276: 86, 277: 268, 278: 30, 281: 366, 282: 128, 283: 296, 284: 58, 285: 366, 286: 128, 287: 254, 288: 16, 289: 254, 290: 16, 291: 324, 292: 86, 293: 380, 294: 142, 295: 324, 296: 86, 299: 366, 300: 128, 301: 282, 302: 44, 303: 680, 304: 442, 305: 352, 306: 114, 307: 30, 308: 268, 309: 338, 310: 100, 311: 254, 312: 16, 313: 254, 314: 16, 321: 254, 322: 16, 323: 254, 324: 16, 325: 666, 326: 428, 327: 338, 328: 100, 329: 254, 330: 16, 339: 352, 340: 114, 341: 44, 342: 282, 343: 44, 344: 282, 345: 394, 346: 156, 347: 324, 348: 86, 349: 680, 350: 442, 351: 30, 352: 268, 355: 44, 356: 282, 357: 268, 358: 30, 359: 666, 360: 428, 361: 338, 362: 100, 363: 268, 364: 30, 365: 380, 366: 142, 367: 310, 368: 72, 369: 128, 370: 366, 371: 254, 372: 16, 375: 282, 376: 44, 377: 666, 378: 428, 383: 338, 384: 100, 387: 366, 388: 128, 397: 394, 398: 156, 401: 114, 402: 352, 405: 114, 406: 352, 435: 366, 436: 128, 439: 310, 440: 72, 449: 100, 450: 338, 471: 254, 472: 16, 475: 338, 476: 100, 477: 268, 478: 30, 481: 352, 482: 114, 491: 310, 492: 72, 493: 268, 494: 30, 495: 254, 496: 16, 517: 268, 518: 30, 519: 338, 520: 100, 525: 282, 526: 44, 533: 282, 534: 44, 535: 254, 536: 16, 547: 324, 548: 86, 555: 128, 556: 366, 557: 666, 558: 428, 559: 58, 560: 296, 561: 380, 562: 142, 563: 666, 564: 428, 565: 114, 566: 352, 573: 268, 574: 30, 575: 114, 576: 352, 577: 366, 578: 128, 579: 352, 580: 114, 581: 352, 582: 114, 583: 666, 584: 428, 585: 338, 586: 100, 587: 254, 588: 16, 589: 366, 590: 128, 591: 352, 592: 114, 593: 100, 594: 338, 595: 296, 596: 58, 597: 268, 598: 30, 599: 142, 600: 380, 601: 282, 602: 44, 603: 268, 604: 30, 605: 268, 606: 30, 607: 352, 608: 114, 613: 100, 614: 338, 615: 282, 616: 44, 617: 268, 618: 30, 619: 352, 620: 114, 621: 338, 622: 100, 623: 338, 624: 100, 625: 268, 626: 30, 629: 282, 630: 44, 631: 268, 632: 30, 633: 282, 634: 44, 635: 268, 636: 30, 637: 254, 638: 16, 639: 268, 640: 30, 641: 380, 642: 142, 643: 338, 644: 100, 645: 296, 646: 58, 651: 352, 652: 114, 653: 254, 654: 16, 661: 254, 662: 16, 663: 394, 664: 156, 665: 366, 666: 128, 667: 268, 668: 30, 671: 254, 672: 16, 713: 268, 714: 30, 715: 254, 716: 16, 717: 394, 718: 156, 719: 324, 720: 86, 721: 254, 722: 16, 723: 254, 724: 16, 725: 254, 726: 16, 727: 254, 728: 16, 733: 268, 734: 30, 741: 268, 742: 30, 743: 44, 744: 282, 745: 268, 746: 30, 747: 324, 748: 86, 757: 338, 758: 100, 759: 268, 760: 30, 763: 268, 764: 30, 765: 254, 766: 16, 767: 296, 768: 58, 769: 268, 770: 30, 771: 338, 772: 100, 773: 254, 774: 16, 783: 268, 784: 30, 785: 254, 786: 16, 787: 268, 788: 30, 789: 338, 790: 100, 791: 268, 792: 30, 793: 338, 794: 100, 795: 268, 796: 30, 797: 352, 798: 114, 799: 282, 800: 44, 801: 268, 802: 30, 815: 338, 816: 100, 817: 268, 818: 30, 825: 282, 826: 44, 827: 324, 828: 86, 829: 254, 830: 16, 835: 44, 836: 282, 837: 268, 838: 30, 867: 352, 868: 114, 875: 310, 876: 72, 877: 282, 878: 44, 879: 324, 880: 86, 881: 268, 882: 30, 893: 268, 894: 30, 903: 254, 904: 16, 911: 254, 912: 16}
Correct solution!
Number of lables used:  38
Time taken: 0.45 seconds
Memory used: 43.04 MB
--------------------------------------------------

Trying with at most 37 labels...
Solution:
{13: 254, 14: 16, 15: 254, 16: 16, 23: 324, 24: 86, 49: 156, 50: 394, 51: 652, 52: 414, 53: 254, 54: 16, 67: 156, 68: 394, 69: 86, 70: 324, 79: 156, 80: 394, 81: 324, 82: 86, 83: 394, 84: 156, 85: 526, 86: 764, 103: 394, 104: 156, 105: 86, 106: 324, 117: 16, 118: 254, 119: 652, 120: 414, 127: 394, 128: 156, 129: 16, 130: 254, 143: 540, 144: 778, 145: 254, 146: 16, 151: 254, 152: 16, 153: 778, 154: 540, 155: 750, 156: 512, 157: 394, 158: 156, 179: 394, 180: 156, 181: 394, 182: 156, 183: 792, 184: 554, 191: 156, 192: 394, 193: 736, 194: 498, 205: 498, 206: 736, 209: 86, 210: 324, 211: 414, 212: 652, 213: 498, 214: 736, 215: 254, 216: 16, 217: 736, 218: 498, 233: 526, 234: 764, 235: 498, 236: 736, 237: 86, 238: 324, 261: 16, 262: 254, 263: 414, 264: 652, 265: 414, 266: 652, 267: 254, 268: 16, 269: 254, 270: 16, 271: 254, 272: 16, 273: 394, 274: 156, 275: 394, 276: 156, 277: 414, 278: 652, 281: 394, 282: 156, 283: 512, 284: 750, 285: 652, 286: 414, 287: 324, 288: 86, 289: 16, 290: 254, 291: 156, 292: 394, 293: 408, 294: 170, 295: 750, 296: 512, 299: 254, 300: 16, 301: 512, 302: 750, 303: 554, 304: 792, 305: 156, 306: 394, 307: 86, 308: 324, 309: 498, 310: 736, 311: 254, 312: 16, 313: 652, 314: 414, 321: 750, 322: 512, 323: 254, 324: 16, 325: 394, 326: 156, 327: 526, 328: 764, 329: 652, 330: 414, 339: 16, 340: 254, 341: 764, 342: 526, 343: 736, 344: 498, 345: 652, 346: 414, 347: 540, 348: 778, 349: 736, 350: 498, 351: 86, 352: 324, 355: 512, 356: 750, 357: 86, 358: 324, 359: 778, 360: 540, 361: 736, 362: 498, 363: 86, 364: 324, 365: 498, 366: 736, 367: 764, 368: 526, 369: 540, 370: 778, 371: 254, 372: 16, 375: 86, 376: 324, 377: 324, 378: 86, 383: 324, 384: 86, 387: 526, 388: 764, 397: 414, 398: 652, 401: 86, 402: 324, 405: 498, 406: 736, 435: 526, 436: 764, 439: 512, 440: 750, 449: 86, 450: 324, 471: 156, 472: 394, 475: 512, 476: 750, 477: 750, 478: 512, 481: 498, 482: 736, 491: 778, 492: 540, 493: 736, 494: 498, 495: 324, 496: 86, 517: 324, 518: 86, 519: 86, 520: 324, 525: 764, 526: 526, 533: 394, 534: 156, 535: 324, 536: 86, 547: 394, 548: 156, 555: 86, 556: 324, 557: 736, 558: 498, 559: 750, 560: 512, 561: 764, 562: 526, 563: 498, 564: 736, 565: 778, 566: 540, 573: 86, 574: 324, 575: 512, 576: 750, 577: 652, 578: 414, 579: 394, 580: 156, 581: 254, 582: 16, 583: 540, 584: 778, 585: 324, 586: 86, 587: 736, 588: 498, 589: 764, 590: 526, 591: 750, 592: 512, 593: 86, 594: 324, 595: 512, 596: 750, 597: 750, 598: 512, 599: 324, 600: 86, 601: 498, 602: 736, 603: 86, 604: 324, 605: 324, 606: 86, 607: 512, 608: 750, 613: 778, 614: 540, 615: 512, 616: 750, 617: 324, 618: 86, 619: 324, 620: 86, 621: 778, 622: 540, 623: 512, 624: 750, 625: 324, 626: 86, 629: 324, 630: 86, 631: 736, 632: 498, 633: 736, 634: 498, 635: 86, 636: 324, 637: 324, 638: 86, 639: 736, 640: 498, 641: 324, 642: 86, 643: 736, 644: 498, 645: 394, 646: 156, 651: 254, 652: 16, 653: 16, 654: 254, 661: 324, 662: 86, 663: 394, 664: 156, 665: 554, 666: 792, 667: 156, 668: 394, 671: 324, 672: 86, 713: 414, 714: 652, 715: 394, 716: 156, 717: 736, 718: 498, 719: 394, 720: 156, 721: 324, 722: 86, 723: 324, 724: 86, 725: 324, 726: 86, 727: 324, 728: 86, 733: 736, 734: 498, 741: 652, 742: 414, 743: 86, 744: 324, 745: 764, 746: 526, 747: 498, 748: 736, 757: 736, 758: 498, 759: 86, 760: 324, 763: 736, 764: 498, 765: 324, 766: 86, 767: 156, 768: 394, 769: 324, 770: 86, 771: 394, 772: 156, 773: 324, 774: 86, 783: 324, 784: 86, 785: 652, 786: 414, 787: 736, 788: 498, 789: 86, 790: 324, 791: 736, 792: 498, 793: 86, 794: 324, 795: 736, 796: 498, 797: 86, 798: 324, 799: 498, 800: 736, 801: 86, 802: 324, 815: 764, 816: 526, 817: 512, 818: 750, 825: 540, 826: 778, 827: 498, 828: 736, 829: 324, 830: 86, 835: 512, 836: 750, 837: 324, 838: 86, 867: 512, 868: 750, 875: 750, 876: 512, 877: 86, 878: 324, 879: 736, 880: 498, 881: 736, 882: 498, 893: 86, 894: 324, 903: 324, 904: 86, 911: 778, 912: 540}
Correct solution!
Number of lables used:  20
Time taken: 0.50 seconds
Memory used: 44.66 MB
--------------------------------------------------

Trying with at most 19 labels...
Solution:
{13: 254, 14: 16, 15: 254, 16: 16, 23: 324, 24: 86, 49: 156, 50: 394, 51: 652, 52: 414, 53: 254, 54: 16, 67: 156, 68: 394, 69: 86, 70: 324, 79: 156, 80: 394, 81: 324, 82: 86, 83: 394, 84: 156, 85: 526, 86: 764, 103: 394, 104: 156, 105: 86, 106: 324, 117: 16, 118: 254, 119: 652, 120: 414, 127: 394, 128: 156, 129: 16, 130: 254, 143: 540, 144: 778, 145: 254, 146: 16, 151: 254, 152: 16, 153: 778, 154: 540, 155: 750, 156: 512, 157: 394, 158: 156, 179: 394, 180: 156, 181: 394, 182: 156, 183: 526, 184: 764, 191: 156, 192: 394, 193: 540, 194: 778, 205: 498, 206: 736, 209: 86, 210: 324, 211: 414, 212: 652, 213: 498, 214: 736, 215: 254, 216: 16, 217: 324, 218: 86, 233: 526, 234: 764, 235: 498, 236: 736, 237: 86, 238: 324, 261: 16, 262: 254, 263: 414, 264: 652, 265: 414, 266: 652, 267: 254, 268: 16, 269: 254, 270: 16, 271: 254, 272: 16, 273: 394, 274: 156, 275: 394, 276: 156, 277: 414, 278: 652, 281: 394, 282: 156, 283: 512, 284: 750, 285: 652, 286: 414, 287: 324, 288: 86, 289: 16, 290: 254, 291: 156, 292: 394, 293: 240, 294: 478, 295: 394, 296: 156, 299: 254, 300: 16, 301: 512, 302: 750, 303: 540, 304: 778, 305: 156, 306: 394, 307: 86, 308: 324, 309: 498, 310: 736, 311: 254, 312: 16, 313: 652, 314: 414, 321: 750, 322: 512, 323: 254, 324: 16, 325: 394, 326: 156, 327: 526, 328: 764, 329: 652, 330: 414, 339: 16, 340: 254, 341: 764, 342: 526, 343: 736, 344: 498, 345: 652, 346: 414, 347: 540, 348: 778, 349: 736, 350: 498, 351: 86, 352: 324, 355: 512, 356: 750, 357: 86, 358: 324, 359: 778, 360: 540, 361: 736, 362: 498, 363: 86, 364: 324, 365: 498, 366: 736, 367: 764, 368: 526, 369: 778, 370: 540, 371: 254, 372: 16, 375: 86, 376: 324, 377: 736, 378: 498, 383: 324, 384: 86, 387: 526, 388: 764, 397: 414, 398: 652, 401: 86, 402: 324, 405: 324, 406: 86, 435: 526, 436: 764, 439: 512, 440: 750, 449: 778, 450: 540, 471: 156, 472: 394, 475: 512, 476: 750, 477: 512, 478: 750, 481: 498, 482: 736, 491: 778, 492: 540, 493: 736, 494: 498, 495: 324, 496: 86, 517: 324, 518: 86, 519: 86, 520: 324, 525: 764, 526: 526, 533: 394, 534: 156, 535: 324, 536: 86, 547: 394, 548: 156, 555: 86, 556: 324, 557: 736, 558: 498, 559: 750, 560: 512, 561: 764, 562: 526, 563: 498, 564: 736, 565: 778, 566: 540, 573: 86, 574: 324, 575: 512, 576: 750, 577: 652, 578: 414, 579: 394, 580: 156, 581: 254, 582: 16, 583: 540, 584: 778, 585: 324, 586: 86, 587: 736, 588: 498, 589: 764, 590: 526, 591: 750, 592: 512, 593: 86, 594: 324, 595: 512, 596: 750, 597: 750, 598: 512, 599: 324, 600: 86, 601: 498, 602: 736, 603: 86, 604: 324, 605: 324, 606: 86, 607: 512, 608: 750, 613: 778, 614: 540, 615: 512, 616: 750, 617: 324, 618: 86, 619: 324, 620: 86, 621: 778, 622: 540, 623: 512, 624: 750, 625: 324, 626: 86, 629: 324, 630: 86, 631: 736, 632: 498, 633: 736, 634: 498, 635: 86, 636: 324, 637: 324, 638: 86, 639: 736, 640: 498, 641: 324, 642: 86, 643: 736, 644: 498, 645: 394, 646: 156, 651: 254, 652: 16, 653: 16, 654: 254, 661: 324, 662: 86, 663: 394, 664: 156, 665: 414, 666: 652, 667: 156, 668: 394, 671: 324, 672: 86, 713: 414, 714: 652, 715: 750, 716: 512, 717: 736, 718: 498, 719: 394, 720: 156, 721: 324, 722: 86, 723: 324, 724: 86, 725: 324, 726: 86, 727: 324, 728: 86, 733: 736, 734: 498, 741: 652, 742: 414, 743: 86, 744: 324, 745: 764, 746: 526, 747: 498, 748: 736, 757: 736, 758: 498, 759: 86, 760: 324, 763: 736, 764: 498, 765: 324, 766: 86, 767: 156, 768: 394, 769: 86, 770: 324, 771: 394, 772: 156, 773: 254, 774: 16, 783: 324, 784: 86, 785: 16, 786: 254, 787: 736, 788: 498, 789: 86, 790: 324, 791: 736, 792: 498, 793: 86, 794: 324, 795: 736, 796: 498, 797: 86, 798: 324, 799: 498, 800: 736, 801: 86, 802: 324, 815: 540, 816: 778, 817: 750, 818: 512, 825: 540, 826: 778, 827: 652, 828: 414, 829: 324, 830: 86, 835: 512, 836: 750, 837: 324, 838: 86, 867: 512, 868: 750, 875: 750, 876: 512, 877: 86, 878: 324, 879: 736, 880: 498, 881: 736, 882: 498, 893: 86, 894: 324, 903: 324, 904: 86, 911: 736, 912: 498}
Correct solution!
Number of lables used:  18
Time taken: 0.52 seconds
Memory used: 44.91 MB
--------------------------------------------------

Trying with at most 17 labels...
Solution:
{13: 254, 14: 16, 15: 254, 16: 16, 23: 324, 24: 86, 49: 498, 50: 736, 51: 156, 52: 394, 53: 254, 54: 16, 67: 156, 68: 394, 69: 86, 70: 324, 79: 736, 80: 498, 81: 324, 82: 86, 83: 394, 84: 156, 85: 526, 86: 764, 103: 394, 104: 156, 105: 86, 106: 324, 117: 16, 118: 254, 119: 156, 120: 394, 127: 394, 128: 156, 129: 16, 130: 254, 143: 254, 144: 16, 145: 142, 146: 380, 151: 254, 152: 16, 153: 778, 154: 540, 155: 498, 156: 736, 157: 16, 158: 254, 179: 380, 180: 142, 181: 156, 182: 394, 183: 526, 184: 764, 191: 156, 192: 394, 193: 540, 194: 778, 205: 526, 206: 764, 209: 736, 210: 498, 211: 394, 212: 156, 213: 324, 214: 86, 215: 254, 216: 16, 217: 324, 218: 86, 233: 526, 234: 764, 235: 498, 236: 736, 237: 86, 238: 324, 261: 16, 262: 254, 263: 498, 264: 736, 265: 498, 266: 736, 267: 254, 268: 16, 269: 16, 270: 254, 271: 16, 272: 254, 273: 394, 274: 156, 275: 394, 276: 156, 277: 750, 278: 512, 281: 156, 282: 394, 283: 736, 284: 498, 285: 156, 286: 394, 287: 324, 288: 86, 289: 16, 290: 254, 291: 156, 292: 394, 293: 380, 294: 142, 295: 394, 296: 156, 299: 254, 300: 16, 301: 512, 302: 750, 303: 540, 304: 778, 305: 142, 306: 380, 307: 86, 308: 324, 309: 498, 310: 736, 311: 254, 312: 16, 313: 254, 314: 16, 321: 750, 322: 512, 323: 254, 324: 16, 325: 156, 326: 394, 327: 526, 328: 764, 329: 764, 330: 526, 339: 86, 340: 324, 341: 394, 342: 156, 343: 540, 344: 778, 345: 142, 346: 380, 347: 750, 348: 512, 349: 736, 350: 498, 351: 86, 352: 324, 355: 512, 356: 750, 357: 86, 358: 324, 359: 778, 360: 540, 361: 736, 362: 498, 363: 86, 364: 324, 365: 498, 366: 736, 367: 764, 368: 526, 369: 778, 370: 540, 371: 254, 372: 16, 375: 86, 376: 324, 377: 736, 378: 498, 383: 324, 384: 86, 387: 526, 388: 764, 397: 540, 398: 778, 401: 86, 402: 324, 405: 324, 406: 86, 435: 526, 436: 764, 439: 512, 440: 750, 449: 778, 450: 540, 471: 156, 472: 394, 475: 512, 476: 750, 477: 512, 478: 750, 481: 498, 482: 736, 491: 778, 492: 540, 493: 736, 494: 498, 495: 324, 496: 86, 517: 324, 518: 86, 519: 86, 520: 324, 525: 764, 526: 526, 533: 394, 534: 156, 535: 324, 536: 86, 547: 394, 548: 156, 555: 526, 556: 764, 557: 86, 558: 324, 559: 750, 560: 512, 561: 764, 562: 526, 563: 498, 564: 736, 565: 778, 566: 540, 573: 86, 574: 324, 575: 512, 576: 750, 577: 380, 578: 142, 579: 394, 580: 156, 581: 254, 582: 16, 583: 540, 584: 778, 585: 512, 586: 750, 587: 736, 588: 498, 589: 764, 590: 526, 591: 750, 592: 512, 593: 142, 594: 380, 595: 512, 596: 750, 597: 750, 598: 512, 599: 736, 600: 498, 601: 498, 602: 736, 603: 86, 604: 324, 605: 324, 606: 86, 607: 142, 608: 380, 613: 778, 614: 540, 615: 512, 616: 750, 617: 324, 618: 86, 619: 324, 620: 86, 621: 778, 622: 540, 623: 512, 624: 750, 625: 324, 626: 86, 629: 324, 630: 86, 631: 736, 632: 498, 633: 736, 634: 498, 635: 86, 636: 324, 637: 324, 638: 86, 639: 736, 640: 498, 641: 324, 642: 86, 643: 736, 644: 498, 645: 394, 646: 156, 651: 254, 652: 16, 653: 16, 654: 254, 661: 324, 662: 86, 663: 394, 664: 156, 665: 526, 666: 764, 667: 142, 668: 380, 671: 86, 672: 324, 713: 86, 714: 324, 715: 750, 716: 512, 717: 736, 718: 498, 719: 394, 720: 156, 721: 142, 722: 380, 723: 142, 724: 380, 725: 324, 726: 86, 727: 324, 728: 86, 733: 736, 734: 498, 741: 380, 742: 142, 743: 86, 744: 324, 745: 380, 746: 142, 747: 498, 748: 736, 757: 764, 758: 526, 759: 498, 760: 736, 763: 778, 764: 540, 765: 324, 766: 86, 767: 156, 768: 394, 769: 778, 770: 540, 771: 394, 772: 156, 773: 254, 774: 16, 783: 324, 784: 86, 785: 16, 786: 254, 787: 324, 788: 86, 789: 142, 790: 380, 791: 736, 792: 498, 793: 86, 794: 324, 795: 736, 796: 498, 797: 86, 798: 324, 799: 498, 800: 736, 801: 86, 802: 324, 815: 540, 816: 778, 817: 750, 818: 512, 825: 540, 826: 778, 827: 156, 828: 394, 829: 324, 830: 86, 835: 512, 836: 750, 837: 324, 838: 86, 867: 512, 868: 750, 875: 750, 876: 512, 877: 86, 878: 324, 879: 142, 880: 380, 881: 736, 882: 498, 893: 86, 894: 324, 903: 324, 904: 86, 911: 736, 912: 498}
Correct solution!
Number of lables used:  16
Time taken: 0.53 seconds
Memory used: 45.04 MB
--------------------------------------------------

Trying with at most 15 labels...
Solution:
{13: 254, 14: 16, 15: 254, 16: 16, 23: 324, 24: 86, 49: 498, 50: 736, 51: 156, 52: 394, 53: 254, 54: 16, 67: 156, 68: 394, 69: 86, 70: 324, 79: 736, 80: 498, 81: 324, 82: 86, 83: 394, 84: 156, 85: 526, 86: 764, 103: 394, 104: 156, 105: 86, 106: 324, 117: 16, 118: 254, 119: 156, 120: 394, 127: 394, 128: 156, 129: 86, 130: 324, 143: 254, 144: 16, 145: 142, 146: 380, 151: 254, 152: 16, 153: 736, 154: 498, 155: 498, 156: 736, 157: 16, 158: 254, 179: 380, 180: 142, 181: 156, 182: 394, 183: 526, 184: 764, 191: 156, 192: 394, 193: 540, 194: 778, 205: 254, 206: 16, 209: 394, 210: 156, 211: 778, 212: 540, 213: 254, 214: 16, 215: 254, 216: 16, 217: 540, 218: 778, 233: 142, 234: 380, 235: 526, 236: 764, 237: 86, 238: 324, 261: 16, 262: 254, 263: 498, 264: 736, 265: 526, 266: 764, 267: 254, 268: 16, 269: 16, 270: 254, 271: 16, 272: 254, 273: 394, 274: 156, 275: 394, 276: 156, 277: 86, 278: 324, 281: 156, 282: 394, 283: 736, 284: 498, 285: 526, 286: 764, 287: 324, 288: 86, 289: 16, 290: 254, 291: 156, 292: 394, 293: 380, 294: 142, 295: 394, 296: 156, 299: 324, 300: 86, 301: 526, 302: 764, 303: 540, 304: 778, 305: 156, 306: 394, 307: 86, 308: 324, 309: 498, 310: 736, 311: 254, 312: 16, 313: 254, 314: 16, 321: 764, 322: 526, 323: 254, 324: 16, 325: 156, 326: 394, 327: 526, 328: 764, 329: 778, 330: 540, 339: 86, 340: 324, 341: 394, 342: 156, 343: 540, 344: 778, 345: 142, 346: 380, 347: 764, 348: 526, 349: 778, 350: 540, 351: 498, 352: 736, 355: 380, 356: 142, 357: 86, 358: 324, 359: 778, 360: 540, 361: 736, 362: 498, 363: 86, 364: 324, 365: 498, 366: 736, 367: 764, 368: 526, 369: 778, 370: 540, 371: 254, 372: 16, 375: 86, 376: 324, 377: 736, 378: 498, 383: 324, 384: 86, 387: 526, 388: 764, 397: 540, 398: 778, 401: 86, 402: 324, 405: 324, 406: 86, 435: 540, 436: 778, 439: 498, 440: 736, 449: 778, 450: 540, 471: 156, 472: 394, 475: 526, 476: 764, 477: 142, 478: 380, 481: 498, 482: 736, 491: 778, 492: 540, 493: 736, 494: 498, 495: 324, 496: 86, 517: 324, 518: 86, 519: 86, 520: 324, 525: 764, 526: 526, 533: 394, 534: 156, 535: 324, 536: 86, 547: 394, 548: 156, 555: 526, 556: 764, 557: 86, 558: 324, 559: 736, 560: 498, 561: 380, 562: 142, 563: 498, 564: 736, 565: 764, 566: 526, 573: 86, 574: 324, 575: 526, 576: 764, 577: 394, 578: 156, 579: 394, 580: 156, 581: 254, 582: 16, 583: 540, 584: 778, 585: 498, 586: 736, 587: 778, 588: 540, 589: 764, 590: 526, 591: 764, 592: 526, 593: 142, 594: 380, 595: 540, 596: 778, 597: 764, 598: 526, 599: 736, 600: 498, 601: 142, 602: 380, 603: 86, 604: 324, 605: 324, 606: 86, 607: 142, 608: 380, 613: 736, 614: 498, 615: 736, 616: 498, 617: 324, 618: 86, 619: 324, 620: 86, 621: 736, 622: 498, 623: 540, 624: 778, 625: 324, 626: 86, 629: 324, 630: 86, 631: 736, 632: 498, 633: 142, 634: 380, 635: 86, 636: 324, 637: 324, 638: 86, 639: 736, 640: 498, 641: 324, 642: 86, 643: 778, 644: 540, 645: 394, 646: 156, 651: 254, 652: 16, 653: 254, 654: 16, 661: 324, 662: 86, 663: 394, 664: 156, 665: 540, 666: 778, 667: 142, 668: 380, 671: 254, 672: 16, 713: 86, 714: 324, 715: 736, 716: 498, 717: 736, 718: 498, 719: 394, 720: 156, 721: 142, 722: 380, 723: 142, 724: 380, 725: 324, 726: 86, 727: 324, 728: 86, 733: 736, 734: 498, 741: 254, 742: 16, 743: 86, 744: 324, 745: 380, 746: 142, 747: 540, 748: 778, 757: 764, 758: 526, 759: 498, 760: 736, 763: 778, 764: 540, 765: 324, 766: 86, 767: 156, 768: 394, 769: 778, 770: 540, 771: 394, 772: 156, 773: 380, 774: 142, 783: 324, 784: 86, 785: 16, 786: 254, 787: 324, 788: 86, 789: 142, 790: 380, 791: 736, 792: 498, 793: 86, 794: 324, 795: 736, 796: 498, 797: 86, 798: 324, 799: 498, 800: 736, 801: 86, 802: 324, 815: 540, 816: 778, 817: 736, 818: 498, 825: 540, 826: 778, 827: 156, 828: 394, 829: 324, 830: 86, 835: 526, 836: 764, 837: 324, 838: 86, 867: 526, 868: 764, 875: 736, 876: 498, 877: 86, 878: 324, 879: 142, 880: 380, 881: 736, 882: 498, 893: 86, 894: 324, 903: 324, 904: 86, 911: 324, 912: 86}
Correct solution!
Number of lables used:  14
Time taken: 0.55 seconds
Memory used: 45.16 MB
--------------------------------------------------

Trying with at most 13 labels...
[runlim] sample:		10.0 time, 10.7 real, 69.2 MB
[runlim] sample:		20.0 time, 20.7 real, 78.9 MB
[runlim] sample:		30.0 time, 30.7 real, 78.9 MB
[runlim] sample:		40.0 time, 40.7 real, 78.9 MB
[runlim] sample:		50.0 time, 50.7 real, 78.9 MB
[runlim] sample:		60.0 time, 60.7 real, 78.9 MB
[runlim] sample:		70.0 time, 70.7 real, 78.9 MB
[runlim] sample:		80.0 time, 80.7 real, 81.9 MB
[runlim] sample:		90.0 time, 90.7 real, 87.0 MB
[runlim] sample:		100.0 time, 100.7 real, 87.7 MB
[runlim] sample:		110.0 time, 110.7 real, 88.4 MB
[runlim] sample:		120.0 time, 120.7 real, 89.3 MB
[runlim] sample:		130.0 time, 130.7 real, 89.5 MB
[runlim] sample:		140.0 time, 140.7 real, 90.2 MB
[runlim] sample:		150.0 time, 150.7 real, 91.0 MB
[runlim] sample:		160.0 time, 160.7 real, 92.3 MB
[runlim] sample:		170.0 time, 170.7 real, 92.9 MB
[runlim] sample:		180.0 time, 180.7 real, 93.0 MB
[runlim] sample:		190.0 time, 190.7 real, 93.9 MB
[runlim] sample:		200.0 time, 200.7 real, 95.9 MB
[runlim] sample:		210.0 time, 210.7 real, 96.5 MB
[runlim] sample:		220.0 time, 220.7 real, 96.5 MB
[runlim] sample:		230.0 time, 230.7 real, 96.8 MB
[runlim] sample:		240.0 time, 240.7 real, 97.4 MB
Cannot find solution.
No more solutions found.
Optimal number of labels used:  14
Time taken: 241.22 seconds
[runlim] end:			Thu Jan 15 05:57:24 2026
[runlim] status:		ok
[runlim] result:		0
[runlim] children:		0
[runlim] real:			241.98 seconds
[runlim] time:			241.17 seconds
[runlim] space:			97.4 MB
[runlim] samples:		2412
