[runlim] version:		1.10
[runlim] time limit:		311040000 seconds
[runlim] real time limit:	900 seconds
[runlim] space limit:		8000 MB
[runlim] argv[0]:		python3
[runlim] argv[1]:		-u
[runlim] argv[2]:		main.py
[runlim] argv[3]:		graph01
[runlim] argv[4]:		sc_full
[runlim] argv[5]:		incremental
[runlim] argv[6]:		cadical195
[runlim] start:			Thu Jan 15 05:34:22 2026
[runlim] main pid:		174756
Solve first problem:
Solution:
{1: 30, 2: 268, 3: 16, 4: 254, 5: 16, 6: 254, 7: 142, 8: 380, 9: 142, 10: 380, 11: 16, 12: 254, 13: 30, 14: 268, 15: 58, 16: 296, 17: 16, 18: 254, 19: 16, 20: 254, 21: 44, 22: 282, 23: 142, 24: 380, 25: 72, 26: 310, 27: 352, 28: 114, 29: 16, 30: 254, 31: 72, 32: 310, 33: 114, 34: 352, 35: 72, 36: 310, 37: 16, 38: 254, 39: 16, 40: 254, 41: 72, 42: 310, 43: 86, 44: 324, 45: 58, 46: 296, 47: 16, 48: 254, 49: 72, 50: 310, 51: 86, 52: 324, 53: 30, 54: 268, 55: 58, 56: 296, 57: 58, 58: 296, 59: 16, 60: 254, 61: 128, 62: 366, 63: 86, 64: 324, 65: 16, 66: 254, 67: 58, 68: 296, 69: 44, 70: 282, 71: 30, 72: 268, 73: 142, 74: 380, 75: 86, 76: 324, 77: 30, 78: 268, 79: 16, 80: 254, 81: 72, 82: 310, 83: 58, 84: 296, 85: 72, 86: 310, 87: 114, 88: 352, 89: 58, 90: 296, 91: 156, 92: 394, 93: 16, 94: 254, 95: 72, 96: 310, 97: 408, 98: 170, 99: 86, 100: 324, 101: 30, 102: 268, 103: 16, 104: 254, 105: 142, 106: 380, 107: 44, 108: 282, 109: 16, 110: 254, 111: 86, 112: 324, 113: 44, 114: 282, 115: 114, 116: 352, 117: 114, 118: 352, 119: 100, 120: 338, 121: 408, 122: 170, 123: 142, 124: 380, 125: 58, 126: 296, 127: 30, 128: 268, 129: 114, 130: 352, 131: 30, 132: 268, 133: 366, 134: 128, 135: 170, 136: 408, 137: 30, 138: 268, 139: 16, 140: 254, 141: 30, 142: 268, 143: 44, 144: 282, 145: 86, 146: 324, 147: 366, 148: 128, 149: 428, 150: 666, 151: 86, 152: 324, 153: 142, 154: 380, 155: 156, 156: 394, 157: 338, 158: 100, 159: 484, 160: 722, 161: 296, 162: 58, 163: 268, 164: 30, 165: 456, 166: 694, 167: 44, 168: 282, 169: 100, 170: 338, 171: 72, 172: 310, 173: 114, 174: 352, 175: 442, 176: 680, 177: 16, 178: 254, 179: 44, 180: 282, 181: 16, 182: 254, 183: 142, 184: 380, 185: 414, 186: 652, 187: 128, 188: 366, 189: 30, 190: 268, 191: 414, 192: 652, 193: 170, 194: 408, 195: 100, 196: 338, 197: 58, 198: 296, 199: 72, 200: 310}
Correct solution!
Number of lables used:  34
Time taken: 0.16 seconds
Memory used: 35.26 MB
--------------------------------------------------

Trying with at most 33 labels...
Solution:
{1: 30, 2: 268, 3: 268, 4: 30, 5: 254, 6: 16, 7: 142, 8: 380, 9: 170, 10: 408, 11: 694, 12: 456, 13: 100, 14: 338, 15: 142, 16: 380, 17: 268, 18: 30, 19: 30, 20: 268, 21: 694, 22: 456, 23: 170, 24: 408, 25: 310, 26: 72, 27: 282, 28: 44, 29: 324, 30: 86, 31: 44, 32: 282, 33: 86, 34: 324, 35: 380, 36: 142, 37: 30, 38: 268, 39: 16, 40: 254, 41: 86, 42: 324, 43: 456, 44: 694, 45: 100, 46: 338, 47: 310, 48: 72, 49: 86, 50: 324, 51: 380, 52: 142, 53: 380, 54: 142, 55: 30, 56: 268, 57: 254, 58: 16, 59: 16, 60: 254, 61: 86, 62: 324, 63: 86, 64: 324, 65: 30, 66: 268, 67: 86, 68: 324, 69: 296, 70: 58, 71: 268, 72: 30, 73: 408, 74: 170, 75: 100, 76: 338, 77: 380, 78: 142, 79: 16, 80: 254, 81: 72, 82: 310, 83: 380, 84: 142, 85: 30, 86: 268, 87: 86, 88: 324, 89: 44, 90: 282, 91: 254, 92: 16, 93: 380, 94: 142, 95: 100, 96: 338, 97: 408, 98: 170, 99: 30, 100: 268, 101: 666, 102: 428, 103: 100, 104: 338, 105: 380, 106: 142, 107: 44, 108: 282, 109: 44, 110: 282, 111: 100, 112: 338, 113: 100, 114: 338, 115: 44, 116: 282, 117: 100, 118: 338, 119: 58, 120: 296, 121: 380, 122: 142, 123: 380, 124: 142, 125: 30, 126: 268, 127: 666, 128: 428, 129: 44, 130: 282, 131: 100, 132: 338, 133: 296, 134: 58, 135: 408, 136: 170, 137: 338, 138: 100, 139: 30, 140: 268, 141: 380, 142: 142, 143: 72, 144: 310, 145: 142, 146: 380, 147: 16, 148: 254, 149: 44, 150: 282, 151: 142, 152: 380, 153: 44, 154: 282, 155: 58, 156: 296, 157: 100, 158: 338, 159: 100, 160: 338, 161: 666, 162: 428, 163: 380, 164: 142, 165: 666, 166: 428, 167: 44, 168: 282, 169: 86, 170: 324, 171: 58, 172: 296, 173: 72, 174: 310, 175: 324, 176: 86, 177: 100, 178: 338, 179: 100, 180: 338, 181: 456, 182: 694, 183: 72, 184: 310, 185: 254, 186: 16, 187: 86, 188: 324, 189: 72, 190: 310, 191: 456, 192: 694, 193: 170, 194: 408, 195: 58, 196: 296, 197: 72, 198: 310, 199: 72, 200: 310}
Correct solution!
Number of lables used:  22
Time taken: 0.19 seconds
Memory used: 37.13 MB
--------------------------------------------------

Trying with at most 21 labels...
Solution:
{1: 30, 2: 268, 3: 352, 4: 114, 5: 310, 6: 72, 7: 408, 8: 170, 9: 170, 10: 408, 11: 470, 12: 708, 13: 142, 14: 380, 15: 114, 16: 352, 17: 352, 18: 114, 19: 352, 20: 114, 21: 680, 22: 442, 23: 380, 24: 142, 25: 254, 26: 16, 27: 310, 28: 72, 29: 268, 30: 30, 31: 16, 32: 254, 33: 30, 34: 268, 35: 666, 36: 428, 37: 142, 38: 380, 39: 352, 40: 114, 41: 72, 42: 310, 43: 142, 44: 380, 45: 72, 46: 310, 47: 268, 48: 30, 49: 666, 50: 428, 51: 338, 52: 100, 53: 268, 54: 30, 55: 114, 56: 352, 57: 30, 58: 268, 59: 100, 60: 338, 61: 72, 62: 310, 63: 16, 64: 254, 65: 380, 66: 142, 67: 470, 68: 708, 69: 268, 70: 30, 71: 470, 72: 708, 73: 408, 74: 170, 75: 114, 76: 352, 77: 310, 78: 72, 79: 16, 80: 254, 81: 72, 82: 310, 83: 380, 84: 142, 85: 708, 86: 470, 87: 254, 88: 16, 89: 16, 90: 254, 91: 72, 92: 310, 93: 352, 94: 114, 95: 352, 96: 114, 97: 170, 98: 408, 99: 380, 100: 142, 101: 666, 102: 428, 103: 100, 104: 338, 105: 442, 106: 680, 107: 380, 108: 142, 109: 16, 110: 254, 111: 100, 112: 338, 113: 100, 114: 338, 115: 30, 116: 268, 117: 72, 118: 310, 119: 30, 120: 268, 121: 170, 122: 408, 123: 170, 124: 408, 125: 30, 126: 268, 127: 428, 128: 666, 129: 380, 130: 142, 131: 100, 132: 338, 133: 380, 134: 142, 135: 408, 136: 170, 137: 338, 138: 100, 139: 30, 140: 268, 141: 680, 142: 442, 143: 72, 144: 310, 145: 666, 146: 428, 147: 338, 148: 100, 149: 338, 150: 100, 151: 142, 152: 380, 153: 380, 154: 142, 155: 30, 156: 268, 157: 100, 158: 338, 159: 30, 160: 268, 161: 708, 162: 470, 163: 338, 164: 100, 165: 666, 166: 428, 167: 72, 168: 310, 169: 338, 170: 100, 171: 380, 172: 142, 173: 72, 174: 310, 175: 268, 176: 30, 177: 100, 178: 338, 179: 100, 180: 338, 181: 428, 182: 666, 183: 268, 184: 30, 185: 254, 186: 16, 187: 72, 188: 310, 189: 30, 190: 268, 191: 708, 192: 470, 193: 170, 194: 408, 195: 72, 196: 310, 197: 30, 198: 268, 199: 72, 200: 310}
Correct solution!
Number of lables used:  20
Time taken: 0.21 seconds
Memory used: 37.33 MB
--------------------------------------------------

Trying with at most 19 labels...
Solution:
{1: 380, 2: 142, 3: 30, 4: 268, 5: 310, 6: 72, 7: 380, 8: 142, 9: 142, 10: 380, 11: 72, 12: 310, 13: 736, 14: 498, 15: 680, 16: 442, 17: 380, 18: 142, 19: 30, 20: 268, 21: 736, 22: 498, 23: 142, 24: 380, 25: 792, 26: 554, 27: 736, 28: 498, 29: 268, 30: 30, 31: 72, 32: 310, 33: 414, 34: 652, 35: 652, 36: 414, 37: 380, 38: 142, 39: 310, 40: 72, 41: 30, 42: 268, 43: 736, 44: 498, 45: 310, 46: 72, 47: 380, 48: 142, 49: 142, 50: 380, 51: 268, 52: 30, 53: 380, 54: 142, 55: 414, 56: 652, 57: 652, 58: 414, 59: 380, 60: 142, 61: 380, 62: 142, 63: 652, 64: 414, 65: 380, 66: 142, 67: 764, 68: 526, 69: 310, 70: 72, 71: 792, 72: 554, 73: 478, 74: 240, 75: 680, 76: 442, 77: 142, 78: 380, 79: 380, 80: 142, 81: 72, 82: 310, 83: 380, 84: 142, 85: 680, 86: 442, 87: 764, 88: 526, 89: 142, 90: 380, 91: 554, 92: 792, 93: 268, 94: 30, 95: 764, 96: 526, 97: 240, 98: 478, 99: 652, 100: 414, 101: 414, 102: 652, 103: 30, 104: 268, 105: 380, 106: 142, 107: 380, 108: 142, 109: 380, 110: 142, 111: 72, 112: 310, 113: 72, 114: 310, 115: 442, 116: 680, 117: 72, 118: 310, 119: 30, 120: 268, 121: 240, 122: 478, 123: 240, 124: 478, 125: 652, 126: 414, 127: 764, 128: 526, 129: 380, 130: 142, 131: 72, 132: 310, 133: 268, 134: 30, 135: 478, 136: 240, 137: 310, 138: 72, 139: 30, 140: 268, 141: 680, 142: 442, 143: 72, 144: 310, 145: 72, 146: 310, 147: 30, 148: 268, 149: 72, 150: 310, 151: 310, 152: 72, 153: 380, 154: 142, 155: 380, 156: 142, 157: 72, 158: 310, 159: 442, 160: 680, 161: 554, 162: 792, 163: 310, 164: 72, 165: 554, 166: 792, 167: 268, 168: 30, 169: 310, 170: 72, 171: 380, 172: 142, 173: 380, 174: 142, 175: 652, 176: 414, 177: 72, 178: 310, 179: 30, 180: 268, 181: 652, 182: 414, 183: 680, 184: 442, 185: 736, 186: 498, 187: 72, 188: 310, 189: 380, 190: 142, 191: 736, 192: 498, 193: 240, 194: 478, 195: 72, 196: 310, 197: 30, 198: 268, 199: 652, 200: 414}
Correct solution!
Number of lables used:  18
Time taken: 0.23 seconds
Memory used: 37.33 MB
--------------------------------------------------

Trying with at most 17 labels...
[runlim] sample:		10.0 time, 10.9 real, 56.4 MB
[runlim] sample:		20.0 time, 20.9 real, 50.6 MB
[runlim] sample:		30.0 time, 30.9 real, 61.6 MB
[runlim] sample:		40.0 time, 40.9 real, 57.4 MB
[runlim] sample:		50.0 time, 50.9 real, 52.9 MB
Cannot find solution.
No more solutions found.
Optimal number of labels used:  18
Time taken: 57.57 seconds
[runlim] end:			Thu Jan 15 05:35:20 2026
[runlim] status:		ok
[runlim] result:		0
[runlim] children:		0
[runlim] real:			58.57 seconds
[runlim] time:			57.59 seconds
[runlim] space:			68.4 MB
[runlim] samples:		576
