[runlim] version:		1.10
[runlim] time limit:		311040000 seconds
[runlim] real time limit:	900 seconds
[runlim] space limit:		8000 MB
[runlim] argv[0]:		python3
[runlim] argv[1]:		-u
[runlim] argv[2]:		main.py
[runlim] argv[3]:		graph11
[runlim] argv[4]:		sc_full
[runlim] argv[5]:		incremental
[runlim] argv[6]:		cadical195
[runlim] start:			Thu Jan 15 14:08:19 2026
[runlim] main pid:		330710
Solve first problem:
Cannot find solution.
[runlim] end:			Thu Jan 15 14:08:19 2026
[runlim] status:		ok
[runlim] result:		0
[runlim] children:		0
[runlim] real:			0.95 seconds
[runlim] time:			0.40 seconds
[runlim] space:			39.4 MB
[runlim] samples:		4
