[runlim] version:		1.10
[runlim] time limit:		311040000 seconds
[runlim] real time limit:	900 seconds
[runlim] space limit:		8000 MB
[runlim] argv[0]:		python3
[runlim] argv[1]:		-u
[runlim] argv[2]:		main.py
[runlim] argv[3]:		TUD200.1
[runlim] argv[4]:		sc_full
[runlim] argv[5]:		incremental
[runlim] argv[6]:		cadical195
[runlim] start:			Thu Jan 15 14:08:22 2026
[runlim] main pid:		330767
Solve first problem:
Solution:
{1: 366, 2: 128, 3: 652, 4: 414, 5: 366, 6: 128, 7: 442, 8: 680, 9: 128, 10: 366, 11: 44, 12: 282, 13: 792, 14: 554, 15: 414, 16: 652, 17: 156, 18: 394, 19: 498, 20: 736, 21: 470, 22: 708, 23: 792, 24: 554, 25: 484, 26: 722, 27: 128, 28: 366, 29: 142, 30: 380, 31: 156, 32: 394, 33: 554, 34: 792, 35: 456, 36: 694, 37: 128, 38: 366, 39: 268, 40: 30, 41: 526, 42: 764, 43: 142, 44: 380, 45: 442, 46: 680, 47: 792, 48: 554, 49: 470, 50: 708, 51: 58, 52: 296, 53: 142, 54: 380, 55: 86, 56: 324, 57: 72, 58: 310, 59: 540, 60: 778, 61: 512, 62: 750, 63: 414, 64: 652, 65: 16, 66: 254, 67: 414, 68: 652, 69: 680, 70: 442, 71: 268, 72: 30, 73: 456, 74: 694, 75: 512, 76: 750, 77: 540, 78: 778, 79: 792, 80: 554, 81: 554, 82: 792, 83: 428, 84: 666, 85: 736, 86: 498, 87: 778, 88: 540, 89: 44, 90: 282, 91: 540, 92: 778, 93: 16, 94: 254, 95: 352, 96: 114, 97: 540, 98: 778, 99: 142, 100: 380, 101: 380, 102: 142, 103: 540, 104: 778, 105: 156, 106: 394, 107: 380, 108: 142, 109: 694, 110: 456, 111: 722, 112: 484, 113: 414, 114: 652, 115: 470, 116: 708, 117: 526, 118: 764, 119: 100, 120: 338, 121: 456, 122: 694, 123: 156, 124: 394, 125: 310, 126: 72, 127: 72, 128: 310, 129: 408, 130: 170, 131: 380, 132: 142, 133: 554, 134: 792, 135: 554, 136: 792, 137: 456, 138: 694, 139: 442, 140: 680, 141: 380, 142: 142, 143: 540, 144: 778, 145: 554, 146: 792, 147: 254, 148: 16, 149: 554, 150: 792, 151: 72, 152: 310, 153: 498, 154: 736, 155: 554, 156: 792, 157: 554, 158: 792, 159: 498, 160: 736, 161: 554, 162: 792, 163: 526, 164: 764, 165: 100, 166: 338, 167: 526, 168: 764, 169: 554, 170: 792, 171: 498, 172: 736, 173: 540, 174: 778, 175: 526, 176: 764, 177: 666, 178: 428, 179: 498, 180: 736, 181: 554, 182: 792, 183: 526, 184: 764, 185: 156, 186: 394, 187: 156, 188: 394, 189: 484, 190: 722, 191: 428, 192: 666, 193: 484, 194: 722, 195: 554, 196: 792, 197: 484, 198: 722, 199: 540, 200: 778}
Correct solution!
Number of lables used:  46
Time taken: 0.22 seconds
Memory used: 38.50 MB
--------------------------------------------------

Trying with at most 45 labels...
Solution:
{1: 666, 2: 428, 3: 142, 4: 380, 5: 352, 6: 114, 7: 16, 8: 254, 9: 254, 10: 16, 11: 324, 12: 86, 13: 86, 14: 324, 15: 156, 16: 394, 17: 394, 18: 156, 19: 44, 20: 282, 21: 86, 22: 324, 23: 428, 24: 666, 25: 16, 26: 254, 27: 680, 28: 442, 29: 352, 30: 114, 31: 680, 32: 442, 33: 414, 34: 652, 35: 16, 36: 254, 37: 282, 38: 44, 39: 156, 40: 394, 41: 652, 42: 414, 43: 16, 44: 254, 45: 156, 46: 394, 47: 680, 48: 442, 49: 414, 50: 652, 51: 282, 52: 44, 53: 16, 54: 254, 55: 652, 56: 414, 57: 380, 58: 142, 59: 254, 60: 16, 61: 352, 62: 114, 63: 680, 64: 442, 65: 652, 66: 414, 67: 44, 68: 282, 69: 86, 70: 324, 71: 142, 72: 380, 73: 86, 74: 324, 75: 652, 76: 414, 77: 254, 78: 16, 79: 30, 80: 268, 81: 156, 82: 394, 83: 156, 84: 394, 85: 16, 86: 254, 87: 394, 88: 156, 89: 324, 90: 86, 91: 666, 92: 428, 93: 394, 94: 156, 95: 324, 96: 86, 97: 142, 98: 380, 99: 114, 100: 352, 101: 324, 102: 86, 103: 86, 104: 324, 105: 282, 106: 44, 107: 428, 108: 666, 109: 268, 110: 30, 111: 666, 112: 428, 113: 666, 114: 428, 115: 352, 116: 114, 117: 156, 118: 394, 119: 428, 120: 666, 121: 268, 122: 30, 123: 114, 124: 352, 125: 44, 126: 282, 127: 30, 128: 268, 129: 142, 130: 380, 131: 282, 132: 44, 133: 414, 134: 652, 135: 142, 136: 380, 137: 114, 138: 352, 139: 142, 140: 380, 141: 324, 142: 86, 143: 268, 144: 30, 145: 44, 146: 282, 147: 16, 148: 254, 149: 680, 150: 442, 151: 44, 152: 282, 153: 324, 154: 86, 155: 394, 156: 156, 157: 44, 158: 282, 159: 666, 160: 428, 161: 666, 162: 428, 163: 254, 164: 16, 165: 86, 166: 324, 167: 380, 168: 142, 169: 394, 170: 156, 171: 442, 172: 680, 173: 652, 174: 414, 175: 394, 176: 156, 177: 352, 178: 114, 179: 44, 180: 282, 181: 666, 182: 428, 183: 666, 184: 428, 185: 254, 186: 16, 187: 268, 188: 30, 189: 414, 190: 652, 191: 414, 192: 652, 193: 30, 194: 268, 195: 30, 196: 268, 197: 414, 198: 652, 199: 86, 200: 324}
Correct solution!
Number of lables used:  20
Time taken: 0.25 seconds
Memory used: 40.02 MB
--------------------------------------------------

Trying with at most 19 labels...
Solution:
{1: 652, 2: 414, 3: 142, 4: 380, 5: 352, 6: 114, 7: 16, 8: 254, 9: 254, 10: 16, 11: 324, 12: 86, 13: 86, 14: 324, 15: 156, 16: 394, 17: 394, 18: 156, 19: 44, 20: 282, 21: 86, 22: 324, 23: 442, 24: 680, 25: 16, 26: 254, 27: 680, 28: 442, 29: 352, 30: 114, 31: 324, 32: 86, 33: 414, 34: 652, 35: 394, 36: 156, 37: 282, 38: 44, 39: 156, 40: 394, 41: 652, 42: 414, 43: 16, 44: 254, 45: 156, 46: 394, 47: 680, 48: 442, 49: 414, 50: 652, 51: 282, 52: 44, 53: 16, 54: 254, 55: 652, 56: 414, 57: 380, 58: 142, 59: 254, 60: 16, 61: 352, 62: 114, 63: 680, 64: 442, 65: 652, 66: 414, 67: 44, 68: 282, 69: 254, 70: 16, 71: 142, 72: 380, 73: 86, 74: 324, 75: 680, 76: 442, 77: 254, 78: 16, 79: 442, 80: 680, 81: 156, 82: 394, 83: 156, 84: 394, 85: 16, 86: 254, 87: 394, 88: 156, 89: 324, 90: 86, 91: 680, 92: 442, 93: 394, 94: 156, 95: 324, 96: 86, 97: 142, 98: 380, 99: 114, 100: 352, 101: 324, 102: 86, 103: 86, 104: 324, 105: 282, 106: 44, 107: 414, 108: 652, 109: 268, 110: 30, 111: 44, 112: 282, 113: 652, 114: 414, 115: 352, 116: 114, 117: 44, 118: 282, 119: 442, 120: 680, 121: 268, 122: 30, 123: 114, 124: 352, 125: 44, 126: 282, 127: 30, 128: 268, 129: 142, 130: 380, 131: 282, 132: 44, 133: 414, 134: 652, 135: 142, 136: 380, 137: 114, 138: 352, 139: 142, 140: 380, 141: 324, 142: 86, 143: 268, 144: 30, 145: 44, 146: 282, 147: 16, 148: 254, 149: 680, 150: 442, 151: 44, 152: 282, 153: 324, 154: 86, 155: 394, 156: 156, 157: 44, 158: 282, 159: 680, 160: 442, 161: 652, 162: 414, 163: 254, 164: 16, 165: 86, 166: 324, 167: 380, 168: 142, 169: 394, 170: 156, 171: 442, 172: 680, 173: 652, 174: 414, 175: 394, 176: 156, 177: 352, 178: 114, 179: 44, 180: 282, 181: 652, 182: 414, 183: 680, 184: 442, 185: 254, 186: 16, 187: 268, 188: 30, 189: 414, 190: 652, 191: 414, 192: 652, 193: 30, 194: 268, 195: 30, 196: 268, 197: 414, 198: 652, 199: 86, 200: 324}
Correct solution!
Number of lables used:  18
Time taken: 0.26 seconds
Memory used: 40.14 MB
--------------------------------------------------

Trying with at most 17 labels...
Solution:
{1: 142, 2: 380, 3: 352, 4: 114, 5: 16, 6: 254, 7: 442, 8: 680, 9: 16, 10: 254, 11: 16, 12: 254, 13: 652, 14: 414, 15: 86, 16: 324, 17: 680, 18: 442, 19: 16, 20: 254, 21: 352, 22: 114, 23: 652, 24: 414, 25: 652, 26: 414, 27: 16, 28: 254, 29: 470, 30: 708, 31: 680, 32: 442, 33: 414, 34: 652, 35: 442, 36: 680, 37: 16, 38: 254, 39: 16, 40: 254, 41: 442, 42: 680, 43: 16, 44: 254, 45: 708, 46: 470, 47: 652, 48: 414, 49: 414, 50: 652, 51: 142, 52: 380, 53: 142, 54: 380, 55: 86, 56: 324, 57: 352, 58: 114, 59: 394, 60: 156, 61: 114, 62: 352, 63: 708, 64: 470, 65: 680, 66: 442, 67: 352, 68: 114, 69: 86, 70: 324, 71: 254, 72: 16, 73: 708, 74: 470, 75: 156, 76: 394, 77: 86, 78: 324, 79: 86, 80: 324, 81: 156, 82: 394, 83: 142, 84: 380, 85: 254, 86: 16, 87: 16, 88: 254, 89: 324, 90: 86, 91: 324, 92: 86, 93: 708, 94: 470, 95: 352, 96: 114, 97: 86, 98: 324, 99: 652, 100: 414, 101: 324, 102: 86, 103: 470, 104: 708, 105: 16, 106: 254, 107: 380, 108: 142, 109: 394, 110: 156, 111: 680, 112: 442, 113: 380, 114: 142, 115: 680, 116: 442, 117: 380, 118: 142, 119: 652, 120: 414, 121: 708, 122: 470, 123: 156, 124: 394, 125: 86, 126: 324, 127: 708, 128: 470, 129: 142, 130: 380, 131: 86, 132: 324, 133: 414, 134: 652, 135: 394, 136: 156, 137: 708, 138: 470, 139: 324, 140: 86, 141: 324, 142: 86, 143: 414, 144: 652, 145: 680, 146: 442, 147: 254, 148: 16, 149: 414, 150: 652, 151: 86, 152: 324, 153: 380, 154: 142, 155: 680, 156: 442, 157: 254, 158: 16, 159: 16, 160: 254, 161: 652, 162: 414, 163: 470, 164: 708, 165: 680, 166: 442, 167: 394, 168: 156, 169: 442, 170: 680, 171: 652, 172: 414, 173: 680, 174: 442, 175: 352, 176: 114, 177: 86, 178: 324, 179: 156, 180: 394, 181: 142, 182: 380, 183: 414, 184: 652, 185: 254, 186: 16, 187: 324, 188: 86, 189: 708, 190: 470, 191: 414, 192: 652, 193: 708, 194: 470, 195: 86, 196: 324, 197: 708, 198: 470, 199: 114, 200: 352}
Correct solution!
Number of lables used:  16
Time taken: 0.27 seconds
Memory used: 40.14 MB
--------------------------------------------------

Trying with at most 15 labels...
Solution:
{1: 86, 2: 324, 3: 156, 4: 394, 5: 708, 6: 470, 7: 442, 8: 680, 9: 86, 10: 324, 11: 16, 12: 254, 13: 708, 14: 470, 15: 16, 16: 254, 17: 394, 18: 156, 19: 16, 20: 254, 21: 282, 22: 44, 23: 254, 24: 16, 25: 156, 26: 394, 27: 680, 28: 442, 29: 44, 30: 282, 31: 142, 32: 380, 33: 708, 34: 470, 35: 16, 36: 254, 37: 708, 38: 470, 39: 380, 40: 142, 41: 16, 42: 254, 43: 16, 44: 254, 45: 470, 46: 708, 47: 44, 48: 282, 49: 156, 50: 394, 51: 44, 52: 282, 53: 680, 54: 442, 55: 86, 56: 324, 57: 394, 58: 156, 59: 394, 60: 156, 61: 44, 62: 282, 63: 16, 64: 254, 65: 16, 66: 254, 67: 16, 68: 254, 69: 86, 70: 324, 71: 254, 72: 16, 73: 86, 74: 324, 75: 156, 76: 394, 77: 86, 78: 324, 79: 254, 80: 16, 81: 86, 82: 324, 83: 142, 84: 380, 85: 16, 86: 254, 87: 16, 88: 254, 89: 380, 90: 142, 91: 86, 92: 324, 93: 680, 94: 442, 95: 44, 96: 282, 97: 394, 98: 156, 99: 44, 100: 282, 101: 470, 102: 708, 103: 44, 104: 282, 105: 324, 106: 86, 107: 254, 108: 16, 109: 680, 110: 442, 111: 442, 112: 680, 113: 380, 114: 142, 115: 680, 116: 442, 117: 86, 118: 324, 119: 442, 120: 680, 121: 142, 122: 380, 123: 44, 124: 282, 125: 680, 126: 442, 127: 680, 128: 442, 129: 380, 130: 142, 131: 86, 132: 324, 133: 708, 134: 470, 135: 708, 136: 470, 137: 142, 138: 380, 139: 324, 140: 86, 141: 324, 142: 86, 143: 470, 144: 708, 145: 680, 146: 442, 147: 708, 148: 470, 149: 708, 150: 470, 151: 680, 152: 442, 153: 380, 154: 142, 155: 680, 156: 442, 157: 708, 158: 470, 159: 442, 160: 680, 161: 142, 162: 380, 163: 470, 164: 708, 165: 708, 166: 470, 167: 442, 168: 680, 169: 442, 170: 680, 171: 708, 172: 470, 173: 16, 174: 254, 175: 324, 176: 86, 177: 86, 178: 324, 179: 16, 180: 254, 181: 142, 182: 380, 183: 394, 184: 156, 185: 254, 186: 16, 187: 380, 188: 142, 189: 142, 190: 380, 191: 708, 192: 470, 193: 680, 194: 442, 195: 44, 196: 282, 197: 680, 198: 442, 199: 86, 200: 324}
Correct solution!
Number of lables used:  14
Time taken: 0.30 seconds
Memory used: 40.18 MB
--------------------------------------------------

Trying with at most 13 labels...
Solution:
{1: 86, 2: 324, 3: 86, 4: 324, 5: 680, 6: 442, 7: 498, 8: 736, 9: 86, 10: 324, 11: 156, 12: 394, 13: 736, 14: 498, 15: 16, 16: 254, 17: 736, 18: 498, 19: 16, 20: 254, 21: 86, 22: 324, 23: 736, 24: 498, 25: 156, 26: 394, 27: 156, 28: 394, 29: 16, 30: 254, 31: 498, 32: 736, 33: 680, 34: 442, 35: 442, 36: 680, 37: 442, 38: 680, 39: 394, 40: 156, 41: 156, 42: 394, 43: 16, 44: 254, 45: 442, 46: 680, 47: 16, 48: 254, 49: 16, 50: 254, 51: 324, 52: 86, 53: 254, 54: 16, 55: 254, 56: 16, 57: 394, 58: 156, 59: 380, 60: 142, 61: 498, 62: 736, 63: 16, 64: 254, 65: 16, 66: 254, 67: 16, 68: 254, 69: 86, 70: 324, 71: 254, 72: 16, 73: 86, 74: 324, 75: 142, 76: 380, 77: 736, 78: 498, 79: 156, 80: 394, 81: 156, 82: 394, 83: 142, 84: 380, 85: 16, 86: 254, 87: 16, 88: 254, 89: 498, 90: 736, 91: 142, 92: 380, 93: 680, 94: 442, 95: 442, 96: 680, 97: 394, 98: 156, 99: 394, 100: 156, 101: 498, 102: 736, 103: 442, 104: 680, 105: 86, 106: 324, 107: 324, 108: 86, 109: 498, 110: 736, 111: 442, 112: 680, 113: 380, 114: 142, 115: 680, 116: 442, 117: 86, 118: 324, 119: 442, 120: 680, 121: 142, 122: 380, 123: 498, 124: 736, 125: 736, 126: 498, 127: 680, 128: 442, 129: 380, 130: 142, 131: 86, 132: 324, 133: 442, 134: 680, 135: 156, 136: 394, 137: 142, 138: 380, 139: 380, 140: 142, 141: 324, 142: 86, 143: 442, 144: 680, 145: 736, 146: 498, 147: 680, 148: 442, 149: 680, 150: 442, 151: 736, 152: 498, 153: 142, 154: 380, 155: 680, 156: 442, 157: 498, 158: 736, 159: 86, 160: 324, 161: 142, 162: 380, 163: 254, 164: 16, 165: 736, 166: 498, 167: 442, 168: 680, 169: 498, 170: 736, 171: 736, 172: 498, 173: 86, 174: 324, 175: 86, 176: 324, 177: 86, 178: 324, 179: 16, 180: 254, 181: 156, 182: 394, 183: 498, 184: 736, 185: 16, 186: 254, 187: 156, 188: 394, 189: 254, 190: 16, 191: 16, 192: 254, 193: 736, 194: 498, 195: 156, 196: 394, 197: 680, 198: 442, 199: 142, 200: 380}
Correct solution!
Number of lables used:  12
Time taken: 0.31 seconds
Memory used: 40.18 MB
--------------------------------------------------

Trying with at most 11 labels...
Cannot find solution.
No more solutions found.
Optimal number of labels used:  12
Time taken: 4.56 seconds
[runlim] end:			Thu Jan 15 14:08:26 2026
[runlim] status:		ok
[runlim] result:		0
[runlim] children:		0
[runlim] real:			4.99 seconds
[runlim] time:			4.53 seconds
[runlim] space:			64.7 MB
[runlim] samples:		46
