[runlim] version:		1.10
[runlim] time limit:		311040000 seconds
[runlim] real time limit:	600 seconds
[runlim] space limit:		8000 MB
[runlim] argv[0]:		python3
[runlim] argv[1]:		-u
[runlim] argv[2]:		pairwise.py
[runlim] argv[3]:		graph02
[runlim] start:			Fri Dec 12 18:07:38 2025
[runlim] main pid:		86842
Solve first problem:
Solution:
{666, 428, 100, 338, 268, 30, 324, 86, 652, 414, 394, 156, 694, 456, 310, 72, 282, 44, 296, 58, 142, 380, 366, 128, 268, 30, 324, 86, 156, 394, 114, 352, 380, 142, 666, 428, 86, 324, 380, 142, 324, 86, 254, 16, 680, 442, 338, 100, 310, 72, 44, 282, 380, 142, 296, 58, 666, 428, 310, 72, 128, 366, 310, 72, 30, 268, 652, 414, 254, 16, 380, 142, 16, 254, 254, 16, 394, 156, 282, 44, 310, 72, 156, 394, 694, 456, 86, 324, 156, 394, 268, 30, 324, 86, 666, 428, 128, 366, 310, 72, 324, 86, 380, 142, 16, 254, 352, 114, 282, 44, 296, 58, 30, 268, 338, 100, 114, 352, 380, 142, 338, 100, 324, 86, 268, 30, 338, 100, 380, 142, 324, 86, 680, 442, 380, 142, 324, 86, 282, 44, 352, 114, 680, 442, 282, 44, 352, 114, 58, 296, 338, 100, 254, 16, 380, 142, 652, 414, 310, 72, 708, 470, 380, 142, 352, 114, 310, 72, 324, 86, 338, 100, 296, 58, 680, 442, 156, 394, 380, 142, 268, 30, 694, 456, 282, 44, 652, 414, 380, 142, 680, 442, 128, 366, 324, 86, 296, 58, 310, 72, 156, 394, 268, 30, 324, 86, 338, 100, 310, 72, 268, 30, 478, 240, 366, 128, 254, 16, 268, 30, 352, 114, 324, 86, 254, 16, 408, 170, 310, 72, 16, 254, 366, 128, 282, 44, 268, 30, 338, 100, 296, 58, 338, 100, 666, 428, 380, 142, 324, 86, 16, 254, 58, 296, 380, 142, 310, 72, 380, 142, 254, 16, 380, 142, 380, 142, 44, 282, 282, 44, 268, 30, 296, 58, 254, 16, 310, 72, 666, 428, 366, 128, 268, 30, 380, 142, 254, 16, 324, 86, 380, 142, 380, 142, 338, 100, 380, 142, 408, 170, 282, 44, 652, 414, 268, 30, 296, 58, 380, 142, 380, 142, 380, 142, 296, 58, 408, 170, 310, 72, 380, 142, 338, 100, 310, 72, 282, 44, 268, 30, 268, 30, 268, 30, 254, 16, 282, 44, 380, 142, 296, 58, 254, 16, 310, 72, 310, 72, 380, 142, 380, 142, 254, 16, 268, 30, 324, 86, 338, 100, 338, 100, 268, 30, 268, 30, 254, 16, 282, 44, 254, 16, 324, 86, 254, 16, 254, 16, 282, 44, 268, 30, 254, 16, 268, 30, 268, 30, 254, 16, 254, 16, 254, 16, 268, 30, 324, 86, 268, 30}
Correct solution!
Number of lables used:  36
Total time: 0.41 seconds
Memory used: 44.97 MB
--------------------------------------------------

Trying with at most 35 labels...
Solution:
{512, 750, 512, 750, 694, 456, 324, 86, 254, 16, 666, 428, 254, 16, 456, 694, 254, 16, 296, 58, 512, 750, 540, 778, 296, 58, 428, 666, 428, 666, 428, 666, 512, 750, 666, 428, 428, 666, 512, 750, 142, 380, 338, 100, 428, 666, 750, 512, 338, 100, 666, 428, 380, 142, 296, 58, 666, 428, 380, 142, 694, 456, 694, 456, 778, 540, 750, 512, 86, 324, 142, 380, 428, 666, 750, 512, 428, 666, 694, 456, 540, 778, 380, 142, 750, 512, 142, 380, 428, 666, 778, 540, 666, 428, 540, 778, 512, 750, 540, 778, 750, 512, 142, 380, 58, 296, 666, 428, 86, 324, 324, 86, 100, 338, 750, 512, 428, 666, 478, 240, 296, 58, 324, 86, 694, 456, 456, 694, 478, 240, 324, 86, 428, 666, 240, 478, 324, 86, 142, 380, 142, 380, 338, 100, 324, 86, 540, 778, 428, 666, 324, 86, 254, 16, 478, 240, 142, 380, 324, 86, 428, 666, 240, 478, 254, 16, 142, 380, 666, 428, 100, 338, 142, 380, 540, 778, 778, 540, 478, 240, 338, 100, 58, 296, 778, 540, 142, 380, 380, 142, 100, 338, 324, 86, 694, 456, 100, 338, 338, 100, 694, 456, 324, 86, 86, 324, 338, 100, 16, 254, 666, 428, 380, 142, 666, 428, 750, 512, 296, 58, 666, 428, 142, 380, 142, 380, 240, 478, 456, 694, 16, 254, 142, 380, 380, 142, 338, 100, 750, 512, 540, 778, 58, 296, 86, 324, 478, 240, 86, 324, 512, 750, 142, 380, 240, 478, 324, 86, 478, 240, 254, 16, 478, 240, 478, 240, 512, 750, 750, 512, 338, 100, 540, 778, 254, 16, 324, 86, 540, 778, 666, 428, 142, 380, 478, 240, 540, 778, 324, 86, 478, 240, 478, 240, 778, 540, 478, 240, 478, 240, 324, 86, 254, 16, 324, 86, 324, 86, 478, 240, 240, 478, 240, 478, 666, 428, 240, 478, 778, 540, 254, 16, 338, 100, 750, 512, 142, 380, 750, 512, 750, 512, 142, 380, 254, 16, 324, 86, 478, 240, 324, 86, 778, 540, 86, 324, 86, 324, 478, 240, 478, 240, 778, 540, 666, 428, 16, 254, 512, 750, 540, 778, 142, 380, 512, 750, 254, 16, 142, 380, 16, 254, 666, 428, 254, 16, 254, 16, 666, 428, 324, 86, 254, 16, 338, 100, 100, 338, 254, 16, 254, 16, 254, 16, 750, 512, 666, 428, 778, 540}
Number of lables used:  20
Total time: 0.57 seconds
Memory used: 46.47 MB
--------------------------------------------------

Trying with at most 19 labels...
Solution:
{512, 750, 512, 750, 694, 456, 324, 86, 254, 16, 666, 428, 254, 16, 456, 694, 380, 142, 100, 338, 512, 750, 540, 778, 540, 778, 428, 666, 428, 666, 428, 666, 512, 750, 666, 428, 428, 666, 512, 750, 254, 16, 338, 100, 428, 666, 750, 512, 338, 100, 666, 428, 380, 142, 512, 750, 666, 428, 380, 142, 694, 456, 694, 456, 778, 540, 750, 512, 86, 324, 142, 380, 428, 666, 750, 512, 428, 666, 694, 456, 540, 778, 380, 142, 750, 512, 142, 380, 428, 666, 778, 540, 666, 428, 540, 778, 512, 750, 540, 778, 778, 540, 142, 380, 750, 512, 666, 428, 86, 324, 324, 86, 100, 338, 750, 512, 428, 666, 142, 380, 778, 540, 324, 86, 694, 456, 456, 694, 478, 240, 324, 86, 428, 666, 142, 380, 324, 86, 142, 380, 540, 778, 338, 100, 324, 86, 540, 778, 428, 666, 324, 86, 254, 16, 240, 478, 142, 380, 324, 86, 428, 666, 478, 240, 254, 16, 456, 694, 666, 428, 100, 338, 142, 380, 540, 778, 778, 540, 478, 240, 338, 100, 86, 324, 778, 540, 142, 380, 380, 142, 100, 338, 324, 86, 694, 456, 100, 338, 338, 100, 694, 456, 324, 86, 86, 324, 338, 100, 16, 254, 666, 428, 380, 142, 666, 428, 750, 512, 694, 456, 666, 428, 142, 380, 142, 380, 380, 142, 456, 694, 16, 254, 142, 380, 380, 142, 338, 100, 750, 512, 540, 778, 750, 512, 100, 338, 478, 240, 86, 324, 512, 750, 142, 380, 142, 380, 324, 86, 240, 478, 254, 16, 240, 478, 478, 240, 512, 750, 750, 512, 338, 100, 540, 778, 380, 142, 324, 86, 540, 778, 666, 428, 142, 380, 478, 240, 540, 778, 324, 86, 142, 380, 142, 380, 778, 540, 478, 240, 478, 240, 324, 86, 254, 16, 324, 86, 324, 86, 478, 240, 240, 478, 240, 478, 666, 428, 240, 478, 778, 540, 254, 16, 338, 100, 540, 778, 142, 380, 750, 512, 750, 512, 142, 380, 254, 16, 324, 86, 240, 478, 324, 86, 778, 540, 86, 324, 86, 324, 478, 240, 380, 142, 778, 540, 666, 428, 16, 254, 512, 750, 540, 778, 142, 380, 512, 750, 254, 16, 694, 456, 16, 254, 666, 428, 254, 16, 254, 16, 666, 428, 324, 86, 254, 16, 338, 100, 100, 338, 254, 16, 254, 16, 254, 16, 750, 512, 666, 428, 778, 540}
Number of lables used:  18
Total time: 0.57 seconds
Memory used: 46.47 MB
--------------------------------------------------

Trying with at most 17 labels...
Solution:
{254, 16, 16, 254, 456, 694, 324, 86, 708, 470, 86, 324, 254, 16, 254, 16, 254, 16, 16, 254, 666, 428, 16, 254, 456, 694, 708, 470, 142, 380, 324, 86, 324, 86, 428, 666, 324, 86, 456, 694, 708, 470, 324, 86, 428, 666, 470, 708, 86, 324, 666, 428, 380, 142, 666, 428, 456, 694, 380, 142, 456, 694, 380, 142, 296, 58, 428, 666, 86, 324, 142, 380, 324, 86, 694, 456, 86, 324, 428, 666, 694, 456, 470, 708, 254, 16, 380, 142, 666, 428, 324, 86, 324, 86, 428, 666, 470, 708, 324, 86, 324, 86, 142, 380, 666, 428, 142, 380, 666, 428, 324, 86, 380, 142, 666, 428, 456, 694, 380, 142, 86, 324, 666, 428, 86, 324, 708, 470, 380, 142, 470, 708, 282, 44, 380, 142, 694, 456, 428, 666, 86, 324, 324, 86, 666, 428, 456, 694, 456, 694, 44, 282, 254, 16, 380, 142, 708, 470, 324, 86, 58, 296, 142, 380, 58, 296, 282, 44, 456, 694, 282, 44, 142, 380, 58, 296, 666, 428, 142, 380, 694, 456, 44, 282, 456, 694, 58, 296, 380, 142, 666, 428, 470, 708, 86, 324, 254, 16, 254, 16, 666, 428, 142, 380, 16, 254, 708, 470, 142, 380, 708, 470, 380, 142, 282, 44, 456, 694, 428, 666, 86, 324, 324, 86, 428, 666, 380, 142, 44, 282, 254, 16, 470, 708, 694, 456, 428, 666, 666, 428, 296, 58, 428, 666, 86, 324, 142, 380, 324, 86, 16, 254, 86, 324, 142, 380, 324, 86, 142, 380, 142, 380, 142, 380, 142, 380, 254, 16, 694, 456, 86, 324, 44, 282, 694, 456, 282, 44, 708, 470, 428, 666, 282, 44, 380, 142, 58, 296, 16, 254, 142, 380, 142, 380, 380, 142, 142, 380, 142, 380, 86, 324, 254, 16, 470, 708, 380, 142, 142, 380, 142, 380, 142, 380, 694, 456, 142, 380, 694, 456, 142, 380, 324, 86, 666, 428, 708, 470, 428, 666, 694, 456, 708, 470, 44, 282, 324, 86, 142, 380, 456, 694, 708, 470, 86, 324, 428, 666, 380, 142, 142, 380, 456, 694, 470, 708, 254, 16, 456, 694, 428, 666, 694, 456, 666, 428, 58, 296, 58, 296, 324, 86, 380, 142, 254, 16, 86, 324, 58, 296, 324, 86, 456, 694, 428, 666, 666, 428, 470, 708, 666, 428, 470, 708, 44, 282, 254, 16, 666, 428}
Number of lables used:  16
Total time: 0.59 seconds
Memory used: 46.97 MB
--------------------------------------------------

Trying with at most 15 labels...
Solution:
{338, 100, 16, 254, 44, 282, 324, 86, 666, 428, 86, 324, 254, 16, 324, 86, 254, 16, 16, 254, 16, 254, 16, 254, 100, 338, 708, 470, 254, 16, 324, 86, 324, 86, 324, 86, 324, 86, 470, 708, 708, 470, 142, 380, 282, 44, 666, 428, 86, 324, 666, 428, 380, 142, 338, 100, 428, 666, 380, 142, 44, 282, 380, 142, 338, 100, 428, 666, 44, 282, 142, 380, 708, 470, 282, 44, 470, 708, 86, 324, 282, 44, 470, 708, 470, 708, 380, 142, 338, 100, 324, 86, 324, 86, 428, 666, 100, 338, 666, 428, 708, 470, 142, 380, 666, 428, 142, 380, 666, 428, 324, 86, 380, 142, 666, 428, 470, 708, 380, 142, 86, 324, 666, 428, 86, 324, 708, 470, 380, 142, 470, 708, 324, 86, 380, 142, 666, 428, 428, 666, 86, 324, 324, 86, 666, 428, 142, 380, 16, 254, 86, 324, 254, 16, 380, 142, 470, 708, 708, 470, 16, 254, 142, 380, 666, 428, 324, 86, 470, 708, 282, 44, 142, 380, 282, 44, 666, 428, 142, 380, 44, 282, 100, 338, 428, 666, 666, 428, 380, 142, 666, 428, 470, 708, 86, 324, 254, 16, 254, 16, 16, 254, 142, 380, 16, 254, 86, 324, 282, 44, 708, 470, 380, 142, 282, 44, 470, 708, 428, 666, 86, 324, 470, 708, 16, 254, 380, 142, 44, 282, 282, 44, 282, 44, 708, 470, 428, 666, 338, 100, 324, 86, 428, 666, 86, 324, 380, 142, 470, 708, 100, 338, 44, 282, 380, 142, 44, 282, 380, 142, 338, 100, 142, 380, 142, 380, 16, 254, 380, 142, 86, 324, 44, 282, 16, 254, 428, 666, 338, 100, 338, 100, 338, 100, 142, 380, 86, 324, 16, 254, 142, 380, 142, 380, 380, 142, 142, 380, 380, 142, 282, 44, 254, 16, 470, 708, 380, 142, 142, 380, 142, 380, 142, 380, 708, 470, 142, 380, 666, 428, 142, 380, 282, 44, 666, 428, 324, 86, 428, 666, 324, 86, 470, 708, 666, 428, 324, 86, 142, 380, 44, 282, 254, 16, 86, 324, 428, 666, 380, 142, 380, 142, 100, 338, 100, 338, 470, 708, 86, 324, 428, 666, 380, 142, 100, 338, 44, 282, 44, 282, 254, 16, 470, 708, 254, 16, 86, 324, 428, 666, 324, 86, 282, 44, 428, 666, 338, 100, 254, 16, 666, 428, 254, 16, 44, 282, 708, 470, 142, 380}
Number of lables used:  14
Total time: 0.60 seconds
Memory used: 46.97 MB
--------------------------------------------------

Trying with at most 13 labels...
[runlim] sample:		9.6 time, 8.9 real, 96.2 MB
[runlim] sample:		19.3 time, 18.9 real, 95.7 MB
[runlim] sample:		28.9 time, 28.9 real, 96.1 MB
[runlim] sample:		38.6 time, 37.8 real, 97.7 MB
[runlim] sample:		48.2 time, 47.8 real, 98.7 MB
[runlim] sample:		57.9 time, 57.8 real, 99.2 MB
[runlim] sample:		67.5 time, 66.6 real, 99.8 MB
[runlim] sample:		77.2 time, 76.6 real, 100.3 MB
[runlim] sample:		86.8 time, 86.6 real, 100.3 MB
[runlim] sample:		96.4 time, 96.6 real, 103.4 MB
[runlim] sample:		106.1 time, 105.5 real, 114.6 MB
[runlim] sample:		115.7 time, 115.5 real, 114.8 MB
[runlim] sample:		125.3 time, 125.5 real, 114.8 MB
[runlim] sample:		135.1 time, 135.5 real, 115.1 MB
[runlim] sample:		144.8 time, 145.5 real, 115.1 MB
[runlim] sample:		154.5 time, 154.0 real, 133.4 MB
[runlim] sample:		164.2 time, 164.0 real, 134.8 MB
[runlim] sample:		173.8 time, 174.0 real, 134.9 MB
[runlim] sample:		183.5 time, 182.9 real, 134.9 MB
[runlim] sample:		193.1 time, 192.9 real, 134.9 MB
[runlim] sample:		202.8 time, 202.9 real, 134.9 MB
[runlim] sample:		212.4 time, 211.8 real, 134.9 MB
[runlim] sample:		222.1 time, 221.8 real, 134.9 MB
[runlim] sample:		231.8 time, 231.8 real, 134.9 MB
[runlim] sample:		241.4 time, 240.7 real, 134.9 MB
[runlim] sample:		251.1 time, 250.7 real, 134.9 MB
[runlim] sample:		260.8 time, 260.7 real, 134.9 MB
[runlim] sample:		270.4 time, 270.7 real, 134.9 MB
[runlim] sample:		280.1 time, 279.5 real, 134.9 MB
[runlim] sample:		289.7 time, 289.5 real, 134.9 MB
[runlim] sample:		299.3 time, 299.5 real, 134.9 MB
[runlim] sample:		309.0 time, 308.4 real, 135.1 MB
[runlim] sample:		318.6 time, 318.4 real, 135.3 MB
[runlim] sample:		328.3 time, 328.4 real, 93.4 MB
[runlim] sample:		337.9 time, 337.2 real, 88.8 MB
[runlim] sample:		347.6 time, 347.2 real, 88.9 MB
[runlim] sample:		357.2 time, 357.2 real, 89.7 MB
[runlim] sample:		366.9 time, 366.1 real, 90.1 MB
[runlim] sample:		376.5 time, 376.1 real, 90.5 MB
[runlim] sample:		386.2 time, 386.1 real, 90.8 MB
[runlim] sample:		395.9 time, 396.1 real, 130.7 MB
[runlim] sample:		405.5 time, 405.0 real, 131.2 MB
[runlim] sample:		415.1 time, 415.0 real, 129.6 MB
[runlim] sample:		424.8 time, 425.0 real, 128.7 MB
[runlim] sample:		434.5 time, 433.9 real, 130.4 MB
[runlim] sample:		444.1 time, 443.9 real, 128.1 MB
[runlim] sample:		453.8 time, 453.9 real, 126.3 MB
[runlim] sample:		463.4 time, 462.8 real, 123.4 MB
[runlim] sample:		473.1 time, 472.8 real, 92.9 MB
[runlim] sample:		482.7 time, 482.8 real, 135.4 MB
[runlim] sample:		492.4 time, 491.7 real, 131.0 MB
[runlim] sample:		502.1 time, 501.7 real, 127.5 MB
[runlim] sample:		511.7 time, 511.7 real, 93.7 MB
[runlim] sample:		521.4 time, 521.7 real, 136.4 MB
[runlim] sample:		531.0 time, 530.5 real, 131.5 MB
[runlim] sample:		540.6 time, 540.5 real, 126.8 MB
[runlim] sample:		550.3 time, 550.5 real, 138.8 MB
[runlim] sample:		560.0 time, 559.4 real, 134.3 MB
[runlim] sample:		569.6 time, 569.4 real, 132.3 MB
[runlim] sample:		579.3 time, 579.4 real, 126.2 MB
[runlim] sample:		588.9 time, 588.3 real, 139.7 MB
[runlim] sample:		598.6 time, 598.3 real, 135.4 MB
[runlim] end:			Fri Dec 12 18:17:38 2025
[runlim] status:		out of time
[runlim] result:		2
[runlim] children:		0
[runlim] real:			600.12 seconds
[runlim] time:			600.32 seconds
[runlim] space:			141.9 MB
[runlim] samples:		6218
