[runlim] version:		1.10
[runlim] time limit:		311040000 seconds
[runlim] real time limit:	600 seconds
[runlim] space limit:		8000 MB
[runlim] argv[0]:		python3
[runlim] argv[1]:		-u
[runlim] argv[2]:		pairwise.py
[runlim] argv[3]:		graph01
[runlim] start:			Fri Dec 12 17:57:38 2025
[runlim] main pid:		83222
Solve first problem:
Solution:
{296, 58, 652, 414, 16, 254, 380, 142, 380, 142, 778, 540, 338, 100, 296, 58, 652, 414, 394, 156, 296, 58, 478, 240, 310, 72, 114, 352, 296, 58, 268, 30, 352, 114, 310, 72, 338, 100, 324, 86, 282, 44, 778, 540, 254, 16, 72, 310, 282, 44, 394, 156, 310, 72, 86, 324, 16, 254, 778, 540, 254, 16, 352, 114, 254, 16, 296, 58, 254, 16, 324, 86, 380, 142, 268, 30, 750, 512, 310, 72, 254, 16, 268, 30, 324, 86, 680, 442, 338, 100, 652, 414, 254, 16, 44, 282, 478, 240, 30, 268, 380, 142, 282, 44, 352, 114, 296, 58, 296, 58, 380, 142, 268, 30, 114, 352, 254, 16, 296, 58, 380, 142, 380, 142, 254, 16, 296, 58, 338, 100, 268, 30, 694, 456, 478, 240, 282, 44, 296, 58, 324, 86, 324, 86, 268, 30, 254, 16, 324, 86, 652, 414, 254, 16, 324, 86, 268, 30, 268, 30, 394, 156, 296, 58, 352, 114, 366, 128, 254, 16, 268, 30, 254, 16, 324, 86, 254, 16, 282, 44, 652, 414, 268, 30, 324, 86, 268, 30, 254, 16, 310, 72, 380, 142, 268, 30, 254, 16, 254, 16}
Correct solution!
Number of lables used:  34
Total time: 0.18 seconds
Memory used: 31.05 MB
--------------------------------------------------

Trying with at most 33 labels...
Solution:
{708, 470, 58, 296, 708, 470, 170, 408, 240, 478, 694, 456, 282, 44, 86, 324, 708, 470, 30, 268, 456, 694, 170, 408, 268, 30, 128, 366, 58, 296, 338, 100, 268, 30, 694, 456, 456, 694, 30, 268, 30, 268, 282, 44, 44, 282, 128, 366, 310, 72, 58, 296, 72, 310, 324, 86, 708, 470, 366, 128, 324, 86, 30, 268, 128, 366, 338, 100, 86, 324, 86, 324, 408, 170, 282, 44, 694, 456, 338, 100, 310, 72, 470, 708, 338, 100, 708, 470, 694, 456, 470, 708, 268, 30, 86, 324, 170, 408, 324, 86, 58, 296, 338, 100, 456, 694, 324, 86, 296, 58, 282, 44, 268, 30, 44, 282, 268, 30, 296, 58, 478, 240, 170, 408, 296, 58, 100, 338, 310, 72, 282, 44, 366, 128, 408, 170, 694, 456, 366, 128, 470, 708, 296, 58, 296, 58, 310, 72, 128, 366, 694, 456, 694, 456, 338, 100, 694, 456, 324, 86, 338, 100, 694, 456, 338, 100, 310, 72, 30, 268, 366, 128, 128, 366, 58, 296, 268, 30, 282, 44, 708, 470, 268, 30, 296, 58, 268, 30, 86, 324, 44, 282, 408, 170, 338, 100, 268, 30, 268, 30}
Number of lables used:  22
Total time: 0.33 seconds
Memory used: 32.43 MB
--------------------------------------------------

Trying with at most 21 labels...
Solution:
{708, 470, 58, 296, 708, 470, 170, 408, 408, 170, 708, 470, 282, 44, 708, 470, 708, 470, 30, 268, 456, 694, 170, 408, 268, 30, 128, 366, 58, 296, 338, 100, 268, 30, 694, 456, 456, 694, 30, 268, 30, 268, 282, 44, 44, 282, 456, 694, 380, 142, 58, 296, 72, 310, 142, 380, 708, 470, 366, 128, 470, 708, 30, 268, 128, 366, 310, 72, 470, 708, 470, 708, 408, 170, 282, 44, 366, 128, 338, 100, 310, 72, 100, 338, 338, 100, 708, 470, 694, 456, 470, 708, 268, 30, 44, 282, 170, 408, 380, 142, 58, 296, 338, 100, 456, 694, 694, 456, 338, 100, 282, 44, 268, 30, 456, 694, 268, 30, 456, 694, 380, 142, 170, 408, 296, 58, 100, 338, 310, 72, 282, 44, 58, 296, 408, 170, 694, 456, 366, 128, 470, 708, 296, 58, 296, 58, 310, 72, 128, 366, 694, 456, 694, 456, 366, 128, 128, 366, 338, 100, 100, 338, 380, 142, 338, 100, 310, 72, 30, 268, 366, 128, 310, 72, 58, 296, 268, 30, 282, 44, 380, 142, 268, 30, 708, 470, 268, 30, 128, 366, 44, 282, 170, 408, 338, 100, 268, 30, 268, 30}
Number of lables used:  20
Total time: 0.33 seconds
Memory used: 32.43 MB
--------------------------------------------------

Trying with at most 19 labels...
Solution:
{708, 470, 58, 296, 708, 470, 170, 408, 408, 170, 456, 694, 282, 44, 708, 470, 708, 470, 282, 44, 456, 694, 170, 408, 268, 30, 128, 366, 470, 708, 338, 100, 268, 30, 694, 456, 456, 694, 30, 268, 30, 268, 128, 366, 44, 282, 456, 694, 100, 338, 58, 296, 338, 100, 142, 380, 708, 470, 58, 296, 470, 708, 708, 470, 296, 58, 142, 380, 470, 708, 470, 708, 408, 170, 282, 44, 366, 128, 338, 100, 128, 366, 100, 338, 30, 268, 470, 708, 694, 456, 58, 296, 268, 30, 44, 282, 170, 408, 58, 296, 470, 708, 456, 694, 694, 456, 380, 142, 338, 100, 282, 44, 268, 30, 456, 694, 268, 30, 456, 694, 380, 142, 170, 408, 296, 58, 100, 338, 100, 338, 708, 470, 58, 296, 408, 170, 694, 456, 366, 128, 470, 708, 282, 44, 470, 708, 470, 708, 268, 30, 128, 366, 694, 456, 366, 128, 296, 58, 338, 100, 100, 338, 380, 142, 44, 282, 30, 268, 30, 268, 366, 128, 282, 44, 58, 296, 268, 30, 708, 470, 380, 142, 456, 694, 708, 470, 268, 30, 128, 366, 338, 100, 170, 408, 142, 380, 268, 30, 268, 30}
Number of lables used:  18
Total time: 0.33 seconds
Memory used: 32.43 MB
--------------------------------------------------

Trying with at most 17 labels...
[runlim] sample:		9.6 time, 11.0 real, 64.0 MB
[runlim] sample:		19.3 time, 19.8 real, 67.0 MB
[runlim] sample:		28.9 time, 29.8 real, 95.6 MB
[runlim] sample:		38.5 time, 39.8 real, 96.9 MB
[runlim] sample:		48.2 time, 48.6 real, 98.1 MB
[runlim] sample:		57.8 time, 58.6 real, 99.6 MB
[runlim] sample:		67.5 time, 68.6 real, 101.1 MB
[runlim] sample:		77.1 time, 77.5 real, 102.9 MB
[runlim] sample:		86.7 time, 87.5 real, 103.2 MB
[runlim] sample:		96.3 time, 97.5 real, 104.6 MB
[runlim] sample:		106.0 time, 106.3 real, 104.6 MB
[runlim] sample:		115.7 time, 116.3 real, 104.6 MB
[runlim] sample:		125.3 time, 126.3 real, 104.6 MB
[runlim] sample:		135.0 time, 136.3 real, 104.6 MB
[runlim] sample:		144.6 time, 145.1 real, 104.6 MB
[runlim] sample:		154.2 time, 155.1 real, 138.2 MB
[runlim] sample:		163.9 time, 165.1 real, 104.6 MB
[runlim] sample:		173.5 time, 174.0 real, 138.6 MB
[runlim] sample:		183.2 time, 184.0 real, 104.6 MB
[runlim] sample:		192.8 time, 194.0 real, 138.4 MB
[runlim] sample:		202.4 time, 202.8 real, 104.6 MB
[runlim] sample:		212.1 time, 212.8 real, 104.6 MB
[runlim] sample:		221.7 time, 222.8 real, 136.1 MB
[runlim] sample:		231.4 time, 232.8 real, 139.4 MB
[runlim] sample:		241.0 time, 242.8 real, 140.8 MB
[runlim] sample:		250.7 time, 251.1 real, 142.4 MB
[runlim] sample:		260.3 time, 261.1 real, 142.1 MB
[runlim] sample:		270.0 time, 271.1 real, 142.2 MB
[runlim] sample:		279.6 time, 280.0 real, 143.8 MB
[runlim] sample:		289.3 time, 290.0 real, 143.3 MB
[runlim] sample:		298.9 time, 300.0 real, 144.6 MB
[runlim] sample:		308.5 time, 308.8 real, 143.8 MB
[runlim] sample:		318.2 time, 318.8 real, 142.5 MB
[runlim] sample:		327.8 time, 328.8 real, 142.8 MB
[runlim] sample:		337.5 time, 338.8 real, 142.2 MB
[runlim] sample:		347.1 time, 347.7 real, 139.0 MB
[runlim] sample:		356.8 time, 357.7 real, 138.0 MB
[runlim] sample:		366.4 time, 367.7 real, 135.8 MB
[runlim] sample:		376.0 time, 377.7 real, 104.5 MB
[runlim] sample:		385.7 time, 386.0 real, 148.0 MB
[runlim] sample:		395.4 time, 396.0 real, 142.4 MB
[runlim] sample:		405.0 time, 406.0 real, 138.5 MB
[runlim] sample:		414.6 time, 416.0 real, 104.5 MB
[runlim] sample:		424.3 time, 424.9 real, 148.5 MB
[runlim] sample:		433.9 time, 434.9 real, 146.0 MB
[runlim] sample:		443.6 time, 444.9 real, 142.6 MB
[runlim] sample:		453.2 time, 453.7 real, 135.8 MB
[runlim] sample:		462.9 time, 463.7 real, 104.5 MB
[runlim] sample:		472.5 time, 473.7 real, 147.3 MB
[runlim] sample:		482.2 time, 482.5 real, 141.8 MB
[runlim] sample:		491.8 time, 492.5 real, 134.5 MB
[runlim] sample:		501.4 time, 502.5 real, 147.8 MB
[runlim] sample:		511.1 time, 511.4 real, 140.9 MB
[runlim] sample:		520.7 time, 521.4 real, 104.6 MB
[runlim] sample:		530.4 time, 531.4 real, 150.2 MB
[runlim] sample:		540.0 time, 541.4 real, 144.0 MB
[runlim] sample:		549.7 time, 550.2 real, 135.9 MB
[runlim] sample:		559.3 time, 560.2 real, 148.6 MB
[runlim] sample:		569.0 time, 570.2 real, 135.6 MB
[runlim] sample:		578.6 time, 579.1 real, 149.7 MB
[runlim] sample:		588.2 time, 589.1 real, 140.2 MB
[runlim] sample:		597.9 time, 599.1 real, 104.6 MB
[runlim] end:			Fri Dec 12 18:07:38 2025
[runlim] status:		out of time
[runlim] result:		2
[runlim] children:		0
[runlim] real:			600.09 seconds
[runlim] time:			598.85 seconds
[runlim] space:			155.4 MB
[runlim] samples:		6210
