[runlim] version:		1.10
[runlim] time limit:		311040000 seconds
[runlim] real time limit:	600 seconds
[runlim] space limit:		8000 MB
[runlim] argv[0]:		python3
[runlim] argv[1]:		-u
[runlim] argv[2]:		pairwise.py
[runlim] argv[3]:		graph08
[runlim] start:			Fri Dec 12 18:24:45 2025
[runlim] main pid:		92000
Solve first problem:
Solution:
{324, 86, 652, 414, 86, 324, 366, 128, 366, 128, 380, 142, 380, 142, 652, 414, 652, 414, 352, 114, 380, 142, 380, 142, 128, 366, 30, 268, 310, 72, 652, 414, 254, 16, 142, 380, 478, 240, 652, 414, 792, 554, 352, 114, 310, 72, 324, 86, 86, 324, 408, 170, 30, 268, 338, 100, 652, 414, 366, 128, 352, 114, 394, 156, 114, 352, 352, 114, 254, 16, 352, 114, 652, 414, 338, 100, 254, 16, 694, 456, 792, 554, 324, 86, 282, 44, 142, 380, 338, 100, 380, 142, 58, 296, 268, 30, 86, 324, 324, 86, 296, 58, 86, 324, 296, 58, 254, 16, 750, 512, 282, 44, 254, 16, 254, 16, 380, 142, 254, 16, 666, 428, 296, 58, 380, 142, 338, 100, 142, 380, 282, 44, 380, 142, 296, 58, 478, 240, 296, 58, 100, 338, 58, 296, 394, 156, 72, 310, 764, 526, 324, 86, 16, 254, 708, 470, 282, 44, 722, 484, 310, 72, 296, 58, 338, 100, 512, 750, 114, 352, 156, 394, 114, 352, 352, 114, 58, 296, 680, 442, 282, 44, 254, 16, 652, 414, 268, 30, 254, 16, 128, 366, 792, 554, 778, 540, 254, 16, 324, 86, 296, 58, 324, 86, 296, 58, 764, 526, 254, 16, 666, 428, 764, 526, 778, 540, 142, 380, 736, 498, 352, 114, 310, 72, 394, 156, 86, 324, 310, 72, 338, 100, 722, 484, 366, 128, 680, 442, 324, 86, 268, 30, 254, 16, 366, 128, 156, 394, 310, 72, 254, 16, 478, 240, 352, 114, 296, 58, 680, 442, 484, 722, 394, 156, 268, 30, 352, 114, 338, 100, 324, 86, 296, 58, 394, 156, 268, 30, 652, 414, 380, 142, 268, 30, 114, 352, 338, 100, 366, 128, 394, 156, 338, 100, 764, 526, 156, 394, 324, 86, 352, 114, 680, 442, 324, 86, 254, 16, 30, 268, 366, 128, 380, 142, 666, 428, 254, 16, 380, 142, 142, 380, 268, 30, 366, 128, 310, 72, 324, 86, 380, 142, 778, 540, 58, 296, 170, 408, 268, 30, 380, 142, 380, 142, 324, 86, 268, 30, 764, 526, 254, 16, 310, 72, 296, 58, 324, 86, 380, 142, 30, 268, 310, 72, 254, 16, 254, 16, 296, 58, 380, 142, 170, 408, 254, 16, 666, 428, 268, 30, 128, 366, 254, 16, 380, 142, 708, 470, 680, 442, 296, 58, 680, 442, 324, 86, 296, 58, 296, 58, 708, 470, 268, 30, 254, 16, 296, 58, 296, 58, 268, 30, 652, 414, 366, 128, 366, 128, 296, 58, 380, 142, 750, 512, 268, 30, 310, 72, 324, 86, 254, 16, 114, 352, 338, 100, 310, 72, 708, 470, 268, 30, 254, 16, 156, 394, 764, 526, 310, 72, 324, 86, 310, 72, 268, 30, 268, 30, 324, 86, 268, 30, 296, 58, 282, 44, 310, 72, 268, 30, 268, 30, 478, 240, 268, 30, 380, 142, 254, 16, 708, 470, 666, 428, 296, 58, 338, 100, 352, 114, 310, 72, 296, 58, 254, 16, 666, 428, 324, 86, 736, 498, 282, 44, 142, 380, 310, 72, 282, 44, 708, 470, 296, 58, 254, 16, 394, 156, 296, 58, 366, 128, 254, 16, 254, 16, 666, 428, 352, 114, 282, 44, 408, 170, 268, 30, 86, 324, 254, 16, 268, 30, 394, 156, 366, 128, 254, 16, 268, 30, 268, 30, 324, 86, 324, 86, 254, 16, 268, 30, 254, 16, 366, 128, 694, 456, 282, 44, 268, 30, 268, 30, 324, 86, 296, 58, 338, 100, 282, 44, 324, 86, 254, 16, 254, 16, 380, 142, 366, 128, 380, 142, 268, 30, 254, 16, 310, 72, 338, 100, 352, 114, 268, 30, 310, 72, 254, 16, 268, 30, 254, 16, 268, 30, 380, 142, 408, 170, 666, 428, 366, 128, 254, 16, 380, 142, 324, 86, 296, 58, 338, 100, 268, 30, 296, 58, 282, 44, 338, 100, 282, 44, 254, 16, 338, 100, 254, 16, 254, 16, 268, 30, 282, 44, 268, 30, 282, 44, 324, 86, 310, 72, 268, 30, 254, 16, 282, 44, 268, 30, 254, 16, 268, 30, 254, 16, 296, 58, 254, 16}
Correct solution!
Number of lables used:  48
Total time: 0.74 seconds
Memory used: 68.05 MB
--------------------------------------------------

Trying with at most 47 labels...
Solution:
{366, 128, 338, 100, 128, 366, 366, 128, 128, 366, 170, 408, 408, 170, 652, 414, 470, 708, 708, 470, 540, 778, 44, 282, 128, 366, 44, 282, 652, 414, 554, 792, 282, 44, 470, 708, 478, 240, 792, 554, 554, 792, 338, 100, 540, 778, 708, 470, 44, 282, 408, 170, 128, 366, 366, 128, 526, 764, 792, 554, 764, 526, 764, 526, 16, 254, 764, 526, 750, 512, 44, 282, 792, 554, 652, 414, 366, 128, 778, 540, 44, 282, 366, 128, 414, 652, 44, 282, 778, 540, 554, 792, 58, 296, 366, 128, 414, 652, 778, 540, 792, 554, 338, 100, 58, 296, 128, 366, 750, 512, 764, 526, 282, 44, 750, 512, 170, 408, 394, 156, 44, 282, 394, 156, 394, 156, 470, 708, 170, 408, 128, 366, 652, 414, 338, 100, 240, 478, 100, 338, 366, 128, 100, 338, 100, 338, 750, 512, 652, 414, 282, 44, 652, 414, 708, 470, 366, 128, 296, 58, 512, 750, 554, 792, 792, 554, 296, 58, 652, 414, 652, 414, 540, 778, 470, 708, 652, 414, 778, 540, 338, 100, 296, 58, 792, 554, 750, 512, 414, 652, 778, 540, 128, 366, 414, 652, 296, 58, 512, 750, 58, 296, 100, 338, 792, 554, 764, 526, 512, 750, 778, 540, 764, 526, 366, 128, 708, 470, 512, 750, 470, 708, 708, 470, 470, 708, 338, 100, 58, 296, 296, 58, 282, 44, 540, 778, 58, 296, 554, 792, 764, 526, 296, 58, 338, 100, 282, 44, 554, 792, 58, 296, 478, 240, 100, 338, 708, 470, 764, 526, 296, 58, 792, 554, 540, 778, 764, 526, 750, 512, 338, 100, 512, 750, 338, 100, 750, 512, 652, 414, 44, 282, 750, 512, 128, 366, 470, 708, 366, 128, 100, 338, 708, 470, 540, 778, 414, 652, 554, 792, 526, 764, 394, 156, 338, 100, 778, 540, 554, 792, 366, 128, 408, 170, 554, 792, 778, 540, 408, 170, 708, 470, 764, 526, 554, 792, 778, 540, 296, 58, 478, 240, 282, 44, 512, 750, 170, 408, 708, 470, 366, 128, 170, 408, 100, 338, 282, 44, 652, 414, 156, 394, 44, 282, 128, 366, 282, 44, 478, 240, 470, 708, 526, 764, 296, 58, 526, 764, 128, 366, 408, 170, 170, 408, 58, 296, 708, 470, 58, 296, 128, 366, 512, 750, 540, 778, 708, 470, 526, 764, 282, 44, 58, 296, 282, 44, 778, 540, 44, 282, 792, 554, 708, 470, 366, 128, 414, 652, 128, 366, 792, 554, 778, 540, 792, 554, 366, 128, 366, 128, 170, 408, 338, 100, 470, 708, 366, 128, 58, 296, 296, 58, 750, 512, 750, 512, 366, 128, 58, 296, 470, 708, 282, 44, 512, 750, 44, 282, 128, 366, 652, 414, 44, 282, 366, 128, 338, 100, 708, 470, 338, 100, 652, 414, 296, 58, 652, 414, 254, 16, 540, 778, 478, 240, 282, 44, 408, 170, 652, 414, 44, 282, 128, 366, 792, 554, 708, 470, 296, 58, 366, 128, 282, 44, 282, 44, 470, 708, 338, 100, 414, 652, 282, 44, 652, 414, 366, 128, 652, 414, 554, 792, 792, 554, 296, 58, 470, 708, 652, 414, 338, 100, 296, 58, 128, 366, 44, 282, 750, 512, 296, 58, 478, 240, 778, 540, 652, 414, 282, 44, 778, 540, 750, 512, 366, 128, 526, 764, 338, 100, 282, 44, 470, 708, 58, 296, 282, 44, 338, 100, 296, 58, 282, 44, 526, 764, 282, 44, 282, 44, 282, 44, 282, 44, 366, 128, 44, 282, 366, 128, 58, 296, 792, 554, 58, 296, 408, 170, 652, 414, 296, 58, 554, 792, 470, 708, 526, 764, 526, 764, 750, 512, 366, 128, 764, 526, 282, 44, 708, 470, 366, 128, 296, 58, 408, 170, 478, 240, 554, 792, 764, 526, 414, 652, 478, 240, 366, 128, 750, 512, 100, 338, 296, 58, 128, 366, 652, 414, 414, 652, 128, 366, 470, 708, 366, 128, 44, 282, 554, 792, 778, 540, 414, 652, 652, 414, 366, 128, 366, 128, 366, 128, 296, 58, 366, 128, 282, 44, 282, 44, 282, 44, 708, 470, 708, 470, 366, 128, 282, 44}
Number of lables used:  28
Total time: 0.37 seconds
Memory used: 70.05 MB
--------------------------------------------------

Trying with at most 27 labels...
Solution:
{366, 128, 708, 470, 128, 366, 366, 128, 128, 366, 240, 478, 380, 142, 652, 414, 470, 708, 708, 470, 540, 778, 44, 282, 100, 338, 100, 338, 652, 414, 554, 792, 282, 44, 470, 708, 478, 240, 792, 554, 554, 792, 338, 100, 540, 778, 414, 652, 44, 282, 240, 478, 128, 366, 366, 128, 526, 764, 792, 554, 764, 526, 764, 526, 16, 254, 764, 526, 128, 366, 44, 282, 792, 554, 652, 414, 366, 128, 778, 540, 44, 282, 652, 414, 414, 652, 44, 282, 778, 540, 554, 792, 338, 100, 366, 128, 414, 652, 778, 540, 792, 554, 58, 296, 792, 554, 128, 366, 540, 778, 764, 526, 282, 44, 380, 142, 478, 240, 394, 156, 44, 282, 394, 156, 394, 156, 470, 708, 380, 142, 128, 366, 652, 414, 338, 100, 380, 142, 540, 778, 366, 128, 554, 792, 100, 338, 470, 708, 652, 414, 282, 44, 652, 414, 380, 142, 366, 128, 296, 58, 282, 44, 554, 792, 792, 554, 526, 764, 708, 470, 708, 470, 540, 778, 470, 708, 652, 414, 778, 540, 338, 100, 296, 58, 282, 44, 540, 778, 414, 652, 778, 540, 414, 652, 414, 652, 296, 58, 366, 128, 380, 142, 100, 338, 792, 554, 764, 526, 652, 414, 708, 470, 764, 526, 338, 100, 708, 470, 380, 142, 470, 708, 708, 470, 338, 100, 338, 100, 58, 296, 296, 58, 282, 44, 540, 778, 58, 296, 708, 470, 764, 526, 296, 58, 526, 764, 282, 44, 554, 792, 58, 296, 142, 380, 100, 338, 708, 470, 764, 526, 296, 58, 792, 554, 540, 778, 764, 526, 394, 156, 338, 100, 128, 366, 338, 100, 540, 778, 652, 414, 44, 282, 526, 764, 128, 366, 708, 470, 366, 128, 100, 338, 708, 470, 540, 778, 414, 652, 554, 792, 526, 764, 394, 156, 338, 100, 778, 540, 394, 156, 366, 128, 380, 142, 554, 792, 778, 540, 142, 380, 708, 470, 764, 526, 554, 792, 778, 540, 296, 58, 478, 240, 296, 58, 142, 380, 478, 240, 708, 470, 366, 128, 240, 478, 100, 338, 792, 554, 58, 296, 156, 394, 338, 100, 128, 366, 470, 708, 478, 240, 708, 470, 526, 764, 58, 296, 526, 764, 128, 366, 478, 240, 478, 240, 58, 296, 708, 470, 58, 296, 526, 764, 44, 282, 540, 778, 708, 470, 526, 764, 282, 44, 58, 296, 282, 44, 778, 540, 44, 282, 470, 708, 708, 470, 708, 470, 414, 652, 128, 366, 792, 554, 778, 540, 792, 554, 366, 128, 142, 380, 142, 380, 792, 554, 156, 394, 366, 128, 156, 394, 296, 58, 778, 540, 156, 394, 708, 470, 58, 296, 470, 708, 282, 44, 526, 764, 44, 282, 540, 778, 652, 414, 16, 254, 366, 128, 338, 100, 44, 282, 366, 128, 652, 414, 764, 526, 792, 554, 254, 16, 540, 778, 478, 240, 282, 44, 478, 240, 282, 44, 414, 652, 44, 282, 792, 554, 708, 470, 296, 58, 366, 128, 282, 44, 282, 44, 470, 708, 414, 652, 296, 58, 554, 792, 652, 414, 366, 128, 652, 414, 100, 338, 792, 554, 296, 58, 470, 708, 792, 554, 338, 100, 254, 16, 708, 470, 44, 282, 156, 394, 296, 58, 142, 380, 778, 540, 16, 254, 282, 44, 778, 540, 44, 282, 44, 282, 526, 764, 338, 100, 282, 44, 470, 708, 58, 296, 282, 44, 338, 100, 296, 58, 128, 366, 526, 764, 128, 366, 338, 100, 282, 44, 414, 652, 366, 128, 44, 282, 366, 128, 58, 296, 792, 554, 16, 254, 142, 380, 652, 414, 652, 414, 554, 792, 470, 708, 708, 470, 764, 526, 470, 708, 366, 128, 764, 526, 282, 44, 708, 470, 366, 128, 296, 58, 478, 240, 478, 240, 652, 414, 764, 526, 254, 16, 240, 478, 16, 254, 778, 540, 100, 338, 296, 58, 100, 338, 254, 16, 652, 414, 16, 254, 16, 254, 366, 128, 44, 282, 380, 142, 778, 540, 414, 652, 652, 414, 764, 526, 366, 128, 366, 128, 296, 58, 366, 128, 128, 366, 282, 44, 282, 44, 708, 470, 708, 470, 100, 338, 282, 44}
Number of lables used:  26
Total time: 0.38 seconds
Memory used: 70.05 MB
--------------------------------------------------

Trying with at most 25 labels...
Solution:
{366, 128, 708, 470, 128, 366, 366, 128, 128, 366, 240, 478, 380, 142, 652, 414, 470, 708, 708, 470, 414, 652, 44, 282, 100, 338, 100, 338, 652, 414, 554, 792, 282, 44, 470, 708, 478, 240, 792, 554, 554, 792, 338, 100, 380, 142, 414, 652, 44, 282, 240, 478, 128, 366, 366, 128, 526, 764, 792, 554, 764, 526, 764, 526, 16, 254, 764, 526, 128, 366, 44, 282, 100, 338, 652, 414, 366, 128, 792, 554, 44, 282, 652, 414, 414, 652, 44, 282, 16, 254, 554, 792, 338, 100, 366, 128, 414, 652, 156, 394, 792, 554, 58, 296, 792, 554, 128, 366, 554, 792, 338, 100, 282, 44, 380, 142, 478, 240, 394, 156, 44, 282, 394, 156, 394, 156, 526, 764, 380, 142, 128, 366, 652, 414, 338, 100, 380, 142, 526, 764, 366, 128, 554, 792, 100, 338, 470, 708, 652, 414, 282, 44, 554, 792, 380, 142, 366, 128, 296, 58, 282, 44, 554, 792, 792, 554, 526, 764, 708, 470, 394, 156, 414, 652, 470, 708, 652, 414, 58, 296, 338, 100, 296, 58, 282, 44, 708, 470, 414, 652, 44, 282, 414, 652, 652, 414, 296, 58, 366, 128, 554, 792, 100, 338, 380, 142, 764, 526, 652, 414, 708, 470, 792, 554, 338, 100, 792, 554, 380, 142, 470, 708, 708, 470, 338, 100, 338, 100, 58, 296, 296, 58, 282, 44, 16, 254, 58, 296, 708, 470, 764, 526, 296, 58, 526, 764, 282, 44, 554, 792, 58, 296, 142, 380, 100, 338, 554, 792, 764, 526, 296, 58, 792, 554, 764, 526, 764, 526, 526, 764, 338, 100, 128, 366, 338, 100, 338, 100, 652, 414, 44, 282, 526, 764, 128, 366, 708, 470, 366, 128, 470, 708, 708, 470, 792, 554, 414, 652, 554, 792, 526, 764, 708, 470, 792, 554, 792, 554, 394, 156, 366, 128, 380, 142, 554, 792, 414, 652, 142, 380, 652, 414, 764, 526, 554, 792, 652, 414, 296, 58, 142, 380, 296, 58, 142, 380, 478, 240, 708, 470, 366, 128, 240, 478, 100, 338, 792, 554, 58, 296, 156, 394, 338, 100, 128, 366, 470, 708, 478, 240, 708, 470, 526, 764, 58, 296, 526, 764, 708, 470, 478, 240, 478, 240, 58, 296, 708, 470, 58, 296, 526, 764, 44, 282, 554, 792, 708, 470, 100, 338, 282, 44, 58, 296, 282, 44, 526, 764, 44, 282, 470, 708, 470, 708, 708, 470, 414, 652, 128, 366, 792, 554, 792, 554, 792, 554, 366, 128, 142, 380, 142, 380, 792, 554, 156, 394, 366, 128, 156, 394, 296, 58, 764, 526, 156, 394, 708, 470, 58, 296, 470, 708, 282, 44, 526, 764, 44, 282, 708, 470, 652, 414, 16, 254, 366, 128, 338, 100, 44, 282, 366, 128, 652, 414, 58, 296, 792, 554, 254, 16, 100, 338, 478, 240, 282, 44, 478, 240, 282, 44, 414, 652, 44, 282, 792, 554, 44, 282, 296, 58, 366, 128, 282, 44, 282, 44, 470, 708, 414, 652, 296, 58, 338, 100, 652, 414, 366, 128, 652, 414, 100, 338, 792, 554, 296, 58, 470, 708, 792, 554, 338, 100, 254, 16, 708, 470, 44, 282, 156, 394, 296, 58, 142, 380, 470, 708, 16, 254, 282, 44, 792, 554, 44, 282, 44, 282, 526, 764, 338, 100, 282, 44, 470, 708, 58, 296, 282, 44, 338, 100, 296, 58, 128, 366, 526, 764, 128, 366, 338, 100, 282, 44, 414, 652, 366, 128, 44, 282, 366, 128, 58, 296, 470, 708, 16, 254, 142, 380, 394, 156, 652, 414, 554, 792, 526, 764, 708, 470, 764, 526, 470, 708, 366, 128, 652, 414, 282, 44, 708, 470, 366, 128, 296, 58, 478, 240, 478, 240, 652, 414, 764, 526, 254, 16, 240, 478, 16, 254, 764, 526, 100, 338, 296, 58, 100, 338, 254, 16, 652, 414, 16, 254, 16, 254, 366, 128, 44, 282, 380, 142, 764, 526, 414, 652, 652, 414, 764, 526, 366, 128, 366, 128, 296, 58, 366, 128, 128, 366, 282, 44, 282, 44, 708, 470, 708, 470, 100, 338, 282, 44}
Number of lables used:  24
Total time: 0.38 seconds
Memory used: 70.05 MB
--------------------------------------------------

Trying with at most 23 labels...
Solution:
{366, 128, 708, 470, 128, 366, 366, 128, 128, 366, 240, 478, 380, 142, 652, 414, 470, 708, 708, 470, 708, 470, 44, 282, 100, 338, 100, 338, 652, 414, 554, 792, 282, 44, 470, 708, 478, 240, 792, 554, 58, 296, 338, 100, 380, 142, 414, 652, 44, 282, 240, 478, 128, 366, 366, 128, 526, 764, 792, 554, 764, 526, 764, 526, 526, 764, 764, 526, 652, 414, 44, 282, 100, 338, 652, 414, 366, 128, 792, 554, 44, 282, 652, 414, 414, 652, 44, 282, 58, 296, 554, 792, 470, 708, 366, 128, 414, 652, 156, 394, 792, 554, 58, 296, 792, 554, 128, 366, 554, 792, 338, 100, 282, 44, 380, 142, 478, 240, 394, 156, 44, 282, 394, 156, 394, 156, 526, 764, 380, 142, 128, 366, 652, 414, 338, 100, 380, 142, 380, 142, 156, 394, 554, 792, 100, 338, 470, 708, 652, 414, 282, 44, 554, 792, 380, 142, 366, 128, 296, 58, 282, 44, 554, 792, 792, 554, 296, 58, 708, 470, 394, 156, 414, 652, 470, 708, 652, 414, 470, 708, 652, 414, 296, 58, 414, 652, 708, 470, 414, 652, 44, 282, 282, 44, 652, 414, 44, 282, 366, 128, 554, 792, 100, 338, 380, 142, 764, 526, 652, 414, 764, 526, 792, 554, 338, 100, 792, 554, 380, 142, 470, 708, 708, 470, 338, 100, 296, 58, 470, 708, 282, 44, 282, 44, 44, 282, 58, 296, 708, 470, 764, 526, 296, 58, 526, 764, 282, 44, 554, 792, 58, 296, 142, 380, 100, 338, 554, 792, 764, 526, 296, 58, 792, 554, 764, 526, 764, 526, 526, 764, 338, 100, 128, 366, 338, 100, 338, 100, 652, 414, 44, 282, 526, 764, 128, 366, 470, 708, 366, 128, 470, 708, 708, 470, 792, 554, 414, 652, 554, 792, 526, 764, 708, 470, 792, 554, 792, 554, 394, 156, 366, 128, 380, 142, 554, 792, 414, 652, 142, 380, 652, 414, 764, 526, 554, 792, 652, 414, 296, 58, 142, 380, 100, 338, 142, 380, 240, 478, 708, 470, 366, 128, 240, 478, 100, 338, 792, 554, 58, 296, 156, 394, 338, 100, 128, 366, 470, 708, 478, 240, 708, 470, 526, 764, 58, 296, 526, 764, 708, 470, 478, 240, 478, 240, 394, 156, 708, 470, 58, 296, 526, 764, 44, 282, 414, 652, 156, 394, 100, 338, 282, 44, 58, 296, 156, 394, 526, 764, 282, 44, 470, 708, 470, 708, 708, 470, 792, 554, 128, 366, 792, 554, 792, 554, 792, 554, 708, 470, 380, 142, 142, 380, 792, 554, 156, 394, 366, 128, 554, 792, 296, 58, 764, 526, 156, 394, 156, 394, 58, 296, 470, 708, 282, 44, 554, 792, 44, 282, 708, 470, 652, 414, 44, 282, 366, 128, 338, 100, 44, 282, 366, 128, 652, 414, 58, 296, 156, 394, 764, 526, 100, 338, 478, 240, 526, 764, 478, 240, 338, 100, 282, 44, 44, 282, 792, 554, 44, 282, 296, 58, 366, 128, 282, 44, 282, 44, 470, 708, 414, 652, 366, 128, 338, 100, 792, 554, 366, 128, 652, 414, 100, 338, 414, 652, 296, 58, 470, 708, 792, 554, 338, 100, 470, 708, 708, 470, 44, 282, 156, 394, 296, 58, 142, 380, 470, 708, 708, 470, 282, 44, 554, 792, 44, 282, 44, 282, 526, 764, 338, 100, 282, 44, 470, 708, 58, 296, 792, 554, 338, 100, 296, 58, 128, 366, 526, 764, 128, 366, 338, 100, 282, 44, 652, 414, 366, 128, 44, 282, 366, 128, 58, 296, 470, 708, 282, 44, 142, 380, 156, 394, 652, 414, 554, 792, 526, 764, 708, 470, 764, 526, 470, 708, 366, 128, 652, 414, 282, 44, 708, 470, 366, 128, 296, 58, 478, 240, 478, 240, 652, 414, 128, 366, 338, 100, 240, 478, 296, 58, 764, 526, 100, 338, 296, 58, 100, 338, 44, 282, 652, 414, 764, 526, 792, 554, 366, 128, 44, 282, 380, 142, 764, 526, 414, 652, 394, 156, 764, 526, 366, 128, 366, 128, 296, 58, 338, 100, 128, 366, 44, 282, 366, 128, 708, 470, 58, 296, 100, 338, 282, 44}
Number of lables used:  22
Total time: 0.39 seconds
Memory used: 70.05 MB
--------------------------------------------------

Trying with at most 21 labels...
Solution:
{380, 142, 708, 470, 156, 394, 338, 100, 394, 156, 240, 478, 380, 142, 652, 414, 470, 708, 708, 470, 708, 470, 44, 282, 100, 338, 380, 142, 554, 792, 554, 792, 282, 44, 470, 708, 478, 240, 792, 554, 58, 296, 338, 100, 380, 142, 414, 652, 142, 380, 240, 478, 296, 58, 764, 526, 526, 764, 792, 554, 764, 526, 142, 380, 414, 652, 792, 554, 652, 414, 470, 708, 100, 338, 652, 414, 470, 708, 792, 554, 44, 282, 652, 414, 414, 652, 44, 282, 58, 296, 100, 338, 470, 708, 708, 470, 414, 652, 156, 394, 792, 554, 58, 296, 764, 526, 58, 296, 282, 44, 338, 100, 792, 554, 764, 526, 478, 240, 394, 156, 44, 282, 394, 156, 394, 156, 526, 764, 380, 142, 652, 414, 652, 414, 338, 100, 380, 142, 380, 142, 156, 394, 554, 792, 100, 338, 470, 708, 652, 414, 282, 44, 554, 792, 380, 142, 100, 338, 296, 58, 282, 44, 554, 792, 792, 554, 296, 58, 414, 652, 394, 156, 414, 652, 470, 708, 652, 414, 470, 708, 652, 414, 296, 58, 414, 652, 708, 470, 414, 652, 44, 282, 282, 44, 652, 414, 44, 282, 44, 282, 554, 792, 100, 338, 380, 142, 764, 526, 652, 414, 764, 526, 470, 708, 338, 100, 58, 296, 380, 142, 470, 708, 708, 470, 708, 470, 296, 58, 470, 708, 282, 44, 338, 100, 44, 282, 58, 296, 708, 470, 764, 526, 296, 58, 526, 764, 282, 44, 554, 792, 58, 296, 142, 380, 100, 338, 554, 792, 526, 764, 338, 100, 792, 554, 296, 58, 764, 526, 526, 764, 338, 100, 708, 470, 338, 100, 338, 100, 652, 414, 44, 282, 100, 338, 156, 394, 414, 652, 380, 142, 470, 708, 708, 470, 792, 554, 414, 652, 554, 792, 526, 764, 470, 708, 792, 554, 792, 554, 394, 156, 764, 526, 380, 142, 764, 526, 414, 652, 142, 380, 652, 414, 764, 526, 554, 792, 652, 414, 296, 58, 142, 380, 100, 338, 142, 380, 240, 478, 526, 764, 554, 792, 240, 478, 44, 282, 792, 554, 792, 554, 156, 394, 338, 100, 156, 394, 470, 708, 478, 240, 708, 470, 526, 764, 764, 526, 526, 764, 470, 708, 478, 240, 478, 240, 394, 156, 708, 470, 58, 296, 526, 764, 44, 282, 414, 652, 156, 394, 394, 156, 282, 44, 142, 380, 156, 394, 526, 764, 282, 44, 58, 296, 470, 708, 708, 470, 792, 554, 338, 100, 792, 554, 792, 554, 764, 526, 708, 470, 380, 142, 142, 380, 792, 554, 526, 764, 526, 764, 708, 470, 296, 58, 764, 526, 156, 394, 156, 394, 792, 554, 470, 708, 282, 44, 554, 792, 44, 282, 708, 470, 652, 414, 44, 282, 380, 142, 338, 100, 44, 282, 526, 764, 652, 414, 58, 296, 156, 394, 764, 526, 100, 338, 478, 240, 526, 764, 478, 240, 338, 100, 282, 44, 100, 338, 792, 554, 380, 142, 296, 58, 58, 296, 282, 44, 282, 44, 470, 708, 414, 652, 470, 708, 338, 100, 792, 554, 394, 156, 652, 414, 100, 338, 554, 792, 296, 58, 470, 708, 792, 554, 338, 100, 470, 708, 44, 282, 44, 282, 156, 394, 296, 58, 142, 380, 470, 708, 708, 470, 282, 44, 554, 792, 44, 282, 44, 282, 708, 470, 100, 338, 282, 44, 470, 708, 58, 296, 792, 554, 338, 100, 296, 58, 470, 708, 526, 764, 44, 282, 338, 100, 296, 58, 652, 414, 526, 764, 44, 282, 380, 142, 58, 296, 296, 58, 282, 44, 478, 240, 156, 394, 652, 414, 554, 792, 526, 764, 414, 652, 142, 380, 470, 708, 526, 764, 652, 414, 282, 44, 708, 470, 792, 554, 296, 58, 478, 240, 478, 240, 652, 414, 652, 414, 338, 100, 240, 478, 296, 58, 764, 526, 100, 338, 296, 58, 100, 338, 44, 282, 652, 414, 764, 526, 792, 554, 764, 526, 44, 282, 380, 142, 282, 44, 414, 652, 394, 156, 764, 526, 764, 526, 380, 142, 296, 58, 338, 100, 142, 380, 44, 282, 792, 554, 708, 470, 792, 554, 100, 338, 282, 44}
Number of lables used:  20
Total time: 0.40 seconds
Memory used: 70.05 MB
--------------------------------------------------

Trying with at most 19 labels...
Solution:
{380, 142, 708, 470, 442, 680, 338, 100, 142, 380, 142, 380, 380, 142, 764, 526, 44, 282, 708, 470, 708, 470, 44, 282, 100, 338, 142, 380, 554, 792, 554, 792, 554, 792, 470, 708, 240, 478, 792, 554, 58, 296, 338, 100, 380, 142, 58, 296, 142, 380, 478, 240, 708, 470, 58, 296, 708, 470, 792, 554, 764, 526, 380, 142, 442, 680, 100, 338, 442, 680, 470, 708, 100, 338, 58, 296, 680, 442, 282, 44, 442, 680, 442, 680, 680, 442, 44, 282, 380, 142, 100, 338, 142, 380, 708, 470, 442, 680, 680, 442, 296, 58, 680, 442, 764, 526, 526, 764, 44, 282, 442, 680, 792, 554, 58, 296, 380, 142, 442, 680, 44, 282, 338, 100, 554, 792, 526, 764, 380, 142, 764, 526, 470, 708, 282, 44, 478, 240, 764, 526, 380, 142, 554, 792, 100, 338, 680, 442, 764, 526, 282, 44, 554, 792, 470, 708, 296, 58, 526, 764, 282, 44, 554, 792, 442, 680, 296, 58, 554, 792, 680, 442, 58, 296, 470, 708, 100, 338, 470, 708, 44, 282, 764, 526, 442, 680, 526, 764, 338, 100, 380, 142, 282, 44, 680, 442, 380, 142, 44, 282, 554, 792, 100, 338, 380, 142, 526, 764, 442, 680, 282, 44, 470, 708, 708, 470, 44, 282, 100, 338, 764, 526, 708, 470, 708, 470, 296, 58, 470, 708, 282, 44, 554, 792, 44, 282, 680, 442, 708, 470, 764, 526, 58, 296, 680, 442, 282, 44, 554, 792, 142, 380, 142, 380, 100, 338, 44, 282, 526, 764, 764, 526, 792, 554, 442, 680, 680, 442, 526, 764, 442, 680, 442, 680, 296, 58, 338, 100, 338, 100, 44, 282, 100, 338, 470, 708, 442, 680, 380, 142, 470, 708, 708, 470, 680, 442, 470, 708, 554, 792, 526, 764, 470, 708, 792, 554, 792, 554, 554, 792, 764, 526, 142, 380, 296, 58, 44, 282, 142, 380, 554, 792, 764, 526, 554, 792, 338, 100, 296, 58, 142, 380, 442, 680, 764, 526, 240, 478, 526, 764, 554, 792, 240, 478, 442, 680, 792, 554, 792, 554, 296, 58, 338, 100, 282, 44, 470, 708, 380, 142, 764, 526, 526, 764, 442, 680, 526, 764, 470, 708, 142, 380, 142, 380, 442, 680, 708, 470, 442, 680, 296, 58, 44, 282, 100, 338, 708, 470, 526, 764, 282, 44, 100, 338, 380, 142, 526, 764, 554, 792, 296, 58, 470, 708, 282, 44, 44, 282, 44, 282, 792, 554, 554, 792, 100, 338, 708, 470, 442, 680, 142, 380, 338, 100, 526, 764, 526, 764, 142, 380, 442, 680, 380, 142, 380, 142, 526, 764, 442, 680, 470, 708, 282, 44, 526, 764, 44, 282, 708, 470, 442, 680, 44, 282, 380, 142, 338, 100, 526, 764, 526, 764, 764, 526, 58, 296, 708, 470, 282, 44, 100, 338, 478, 240, 526, 764, 240, 478, 58, 296, 680, 442, 100, 338, 792, 554, 380, 142, 296, 58, 338, 100, 282, 44, 100, 338, 470, 708, 442, 680, 470, 708, 338, 100, 338, 100, 380, 142, 792, 554, 100, 338, 380, 142, 44, 282, 470, 708, 792, 554, 380, 142, 142, 380, 44, 282, 764, 526, 554, 792, 680, 442, 478, 240, 470, 708, 554, 792, 282, 44, 554, 792, 44, 282, 44, 282, 44, 282, 58, 296, 526, 764, 470, 708, 58, 296, 470, 708, 338, 100, 282, 44, 470, 708, 764, 526, 44, 282, 338, 100, 296, 58, 442, 680, 526, 764, 44, 282, 380, 142, 338, 100, 554, 792, 792, 554, 478, 240, 142, 380, 442, 680, 554, 792, 526, 764, 792, 554, 142, 380, 526, 764, 526, 764, 100, 338, 282, 44, 708, 470, 792, 554, 100, 338, 380, 142, 478, 240, 792, 554, 282, 44, 338, 100, 240, 478, 296, 58, 142, 380, 100, 338, 338, 100, 680, 442, 44, 282, 708, 470, 764, 526, 792, 554, 764, 526, 282, 44, 296, 58, 282, 44, 442, 680, 526, 764, 764, 526, 764, 526, 442, 680, 680, 442, 338, 100, 142, 380, 282, 44, 792, 554, 708, 470, 792, 554, 100, 338, 282, 44}
Number of lables used:  18
Total time: 0.41 seconds
Memory used: 70.30 MB
--------------------------------------------------

Trying with at most 17 labels...
[runlim] sample:		9.8 time, 9.6 real, 113.3 MB
[runlim] sample:		19.5 time, 19.6 real, 143.6 MB
[runlim] sample:		29.3 time, 29.6 real, 151.2 MB
[runlim] sample:		39.1 time, 38.8 real, 151.5 MB
[runlim] sample:		48.7 time, 48.8 real, 113.2 MB
[runlim] sample:		58.5 time, 58.8 real, 148.9 MB
[runlim] sample:		68.4 time, 68.0 real, 156.9 MB
[runlim] sample:		78.0 time, 78.0 real, 158.9 MB
[runlim] sample:		87.8 time, 88.0 real, 160.2 MB
[runlim] sample:		97.6 time, 97.2 real, 159.5 MB
[runlim] sample:		107.2 time, 107.3 real, 153.7 MB
[runlim] sample:		116.9 time, 117.2 real, 202.4 MB
[runlim] sample:		126.8 time, 127.2 real, 170.9 MB
[runlim] sample:		136.6 time, 136.4 real, 168.6 MB
[runlim] sample:		146.3 time, 146.4 real, 159.4 MB
[runlim] sample:		156.1 time, 156.4 real, 177.0 MB
[runlim] sample:		165.9 time, 165.6 real, 166.3 MB
[runlim] sample:		175.6 time, 175.6 real, 183.3 MB
[runlim] sample:		185.4 time, 185.6 real, 171.3 MB
[runlim] sample:		195.2 time, 194.9 real, 156.9 MB
[runlim] sample:		204.9 time, 204.9 real, 177.0 MB
[runlim] sample:		214.6 time, 214.9 real, 160.3 MB
[runlim] sample:		224.4 time, 224.1 real, 180.7 MB
[runlim] sample:		234.2 time, 234.1 real, 159.5 MB
[runlim] sample:		243.9 time, 244.1 real, 178.5 MB
[runlim] sample:		253.7 time, 254.1 real, 157.0 MB
[runlim] sample:		263.5 time, 264.1 real, 177.6 MB
[runlim] sample:		273.3 time, 273.0 real, 157.9 MB
[runlim] sample:		283.0 time, 283.0 real, 180.1 MB
[runlim] sample:		292.8 time, 293.0 real, 157.9 MB
[runlim] sample:		302.5 time, 302.2 real, 177.9 MB
[runlim] sample:		312.2 time, 312.2 real, 192.5 MB
[runlim] sample:		322.0 time, 322.2 real, 167.8 MB
[runlim] sample:		331.6 time, 332.2 real, 184.4 MB
[runlim] sample:		341.4 time, 341.3 real, 197.6 MB
[runlim] sample:		351.2 time, 351.3 real, 171.3 MB
[runlim] sample:		360.9 time, 361.3 real, 192.9 MB
[runlim] sample:		370.7 time, 370.5 real, 166.2 MB
[runlim] sample:		380.4 time, 380.5 real, 185.8 MB
[runlim] sample:		390.2 time, 390.5 real, 201.6 MB
[runlim] sample:		399.9 time, 399.7 real, 174.5 MB
[runlim] sample:		409.6 time, 409.7 real, 190.6 MB
[runlim] sample:		419.3 time, 419.7 real, 204.7 MB
[runlim] sample:		429.1 time, 428.7 real, 174.0 MB
[runlim] sample:		438.8 time, 438.7 real, 192.4 MB
[runlim] sample:		448.5 time, 448.7 real, 206.2 MB
[runlim] sample:		458.2 time, 458.7 real, 176.5 MB
[runlim] sample:		468.0 time, 467.8 real, 191.8 MB
[runlim] sample:		477.6 time, 477.8 real, 206.0 MB
[runlim] sample:		487.2 time, 487.8 real, 172.8 MB
[runlim] sample:		497.0 time, 496.8 real, 189.1 MB
[runlim] sample:		506.8 time, 506.8 real, 201.8 MB
[runlim] sample:		516.5 time, 516.8 real, 211.6 MB
[runlim] sample:		526.2 time, 526.0 real, 172.2 MB
[runlim] sample:		536.0 time, 536.0 real, 190.9 MB
[runlim] sample:		545.7 time, 546.0 real, 210.8 MB
[runlim] sample:		555.5 time, 556.0 real, 176.8 MB
[runlim] sample:		565.2 time, 566.0 real, 193.2 MB
[runlim] sample:		574.9 time, 574.8 real, 206.2 MB
[runlim] sample:		584.7 time, 584.8 real, 163.3 MB
[runlim] sample:		594.4 time, 594.8 real, 181.3 MB
[runlim] end:			Fri Dec 12 18:34:45 2025
[runlim] status:		out of time
[runlim] result:		2
[runlim] children:		0
[runlim] real:			600.07 seconds
[runlim] time:			599.58 seconds
[runlim] space:			258.0 MB
[runlim] samples:		6153
