[runlim] version:		1.10
[runlim] time limit:		311040000 seconds
[runlim] real time limit:	600 seconds
[runlim] space limit:		8000 MB
[runlim] argv[0]:		python3
[runlim] argv[1]:		-u
[runlim] argv[2]:		pairwise.py
[runlim] argv[3]:		scen11
[runlim] start:			Fri Dec 12 19:15:16 2025
[runlim] main pid:		110299
Solve first problem:
Solution:
{652, 414, 128, 366, 254, 16, 268, 30, 652, 414, 142, 380, 142, 380, 352, 114, 680, 442, 338, 100, 44, 282, 16, 254, 694, 456, 156, 394, 282, 44, 352, 114, 44, 282, 680, 442, 352, 114, 652, 414, 86, 324, 254, 16, 394, 156, 282, 44, 268, 30, 254, 16, 268, 30, 128, 366, 750, 512, 142, 380, 310, 72, 540, 778, 652, 414, 428, 666, 736, 498, 114, 352, 44, 282, 128, 366, 268, 30, 352, 114, 142, 380, 380, 142, 394, 156, 324, 86, 254, 16, 268, 30, 352, 114, 338, 100, 254, 16, 282, 44, 324, 86, 128, 366, 58, 296, 254, 16, 296, 58, 296, 58, 254, 16, 338, 100, 750, 512, 338, 100, 72, 310, 324, 86, 254, 16, 254, 16, 352, 114, 352, 114, 254, 16, 16, 254, 380, 142, 456, 694, 792, 554, 484, 722, 394, 156, 498, 736, 282, 44, 16, 254, 254, 16, 254, 16, 324, 86, 408, 170, 324, 86, 254, 16, 352, 114, 282, 44, 722, 484, 394, 156, 338, 100, 86, 324, 128, 366, 254, 16, 324, 86, 254, 16, 156, 394, 254, 16, 666, 428, 338, 100, 254, 16, 666, 428, 338, 100, 394, 156, 254, 16, 694, 456, 30, 268, 100, 338, 722, 484, 394, 156, 680, 442, 30, 268, 750, 512, 44, 282, 268, 30, 666, 428, 338, 100, 268, 30, 380, 142, 310, 72, 680, 442, 310, 72, 142, 380, 282, 44, 666, 428, 736, 498, 352, 114, 380, 142, 666, 428, 366, 128, 352, 114, 338, 100, 128, 366, 44, 282, 394, 156, 380, 142, 708, 470, 366, 128, 114, 352, 268, 30, 324, 86, 338, 100, 338, 100, 268, 30, 352, 114, 366, 128, 366, 128, 338, 100, 254, 16, 100, 338, 254, 16, 16, 254, 380, 142, 310, 72, 268, 30, 114, 352, 296, 58, 268, 30, 128, 366, 254, 16, 114, 352, 338, 100, 338, 100, 352, 114, 352, 114, 254, 16, 268, 30, 310, 72, 268, 30, 254, 16, 366, 128, 268, 30, 338, 100, 338, 100, 296, 58, 268, 30, 254, 16, 282, 44, 254, 16, 310, 72, 254, 16, 268, 30, 310, 72, 254, 16, 338, 100, 254, 16, 254, 16, 254, 16, 128, 366, 666, 428, 58, 296, 380, 142, 666, 428, 114, 352, 44, 282, 352, 114, 338, 100, 268, 30, 114, 352, 366, 128, 352, 114, 352, 114, 666, 428, 338, 100, 254, 16, 366, 128, 352, 114, 114, 352, 296, 58, 268, 30, 142, 380, 282, 44, 268, 30, 268, 30, 338, 100, 254, 16, 366, 128, 100, 338, 282, 44, 268, 30, 352, 114, 338, 100, 338, 100, 268, 30, 352, 114, 282, 44, 268, 30, 282, 44, 268, 30, 282, 44, 268, 30, 380, 142, 338, 100, 296, 58, 338, 100, 254, 16, 254, 16, 394, 156, 366, 128, 268, 30, 254, 16, 114, 352, 338, 100, 268, 30, 338, 100, 268, 30, 338, 100, 268, 30, 338, 100, 268, 30, 268, 30, 254, 16, 324, 86, 352, 114, 254, 16, 44, 282, 394, 156, 324, 86, 254, 16, 324, 86, 254, 16, 310, 72, 268, 30, 268, 30, 310, 72, 268, 30, 268, 30, 268, 30, 44, 282, 268, 30, 324, 86, 268, 30, 338, 100, 268, 30, 268, 30, 338, 100, 268, 30, 268, 30, 268, 30, 254, 16, 296, 58, 268, 30, 338, 100, 254, 16, 338, 100, 268, 30, 254, 16, 268, 30, 338, 100, 268, 30, 338, 100, 268, 30, 352, 114, 282, 44, 268, 30, 268, 30, 338, 100, 268, 30, 254, 16, 338, 100, 268, 30, 338, 100, 268, 30, 338, 100, 268, 30, 114, 352, 282, 44, 324, 86, 254, 16, 254, 16, 30, 268, 282, 44, 44, 282, 268, 30, 128, 366, 114, 352, 338, 100, 324, 86, 338, 100, 352, 114, 352, 114, 268, 30, 352, 114, 254, 16, 16, 254, 338, 100, 282, 44, 324, 86, 268, 30, 282, 44, 380, 142, 338, 100, 324, 86, 282, 44, 268, 30, 268, 30, 268, 30, 338, 100, 268, 30, 254, 16, 254, 16, 254, 16, 268, 30, 254, 16}
Correct solution!
Number of lables used:  44
Total time: 0.89 seconds
Memory used: 76.94 MB
--------------------------------------------------

Trying with at most 43 labels...
Solution:
{652, 414, 142, 380, 554, 792, 268, 30, 778, 540, 540, 778, 722, 484, 540, 778, 778, 540, 694, 456, 44, 282, 86, 324, 722, 484, 652, 414, 282, 44, 722, 484, 44, 282, 554, 792, 352, 114, 652, 414, 456, 694, 254, 16, 394, 156, 352, 114, 268, 30, 254, 16, 268, 30, 156, 394, 652, 414, 694, 456, 338, 100, 540, 778, 652, 414, 456, 694, 540, 778, 540, 778, 456, 694, 484, 722, 268, 30, 30, 268, 142, 380, 380, 142, 554, 792, 324, 86, 254, 16, 268, 30, 352, 114, 778, 540, 254, 16, 324, 86, 338, 100, 156, 394, 86, 324, 254, 16, 652, 414, 338, 100, 254, 16, 338, 100, 540, 778, 338, 100, 694, 456, 324, 86, 114, 352, 254, 16, 352, 114, 352, 114, 254, 16, 414, 652, 254, 16, 456, 694, 792, 554, 484, 722, 30, 268, 156, 394, 554, 792, 16, 254, 254, 16, 254, 16, 324, 86, 142, 380, 324, 86, 254, 16, 352, 114, 282, 44, 722, 484, 792, 554, 778, 540, 86, 324, 114, 352, 254, 16, 352, 114, 254, 16, 652, 414, 254, 16, 722, 484, 338, 100, 254, 16, 694, 456, 352, 114, 394, 156, 254, 16, 554, 792, 30, 268, 380, 142, 722, 484, 100, 338, 380, 142, 30, 268, 380, 142, 142, 380, 268, 30, 778, 540, 338, 100, 694, 456, 30, 268, 324, 86, 778, 540, 324, 86, 142, 380, 282, 44, 694, 456, 778, 540, 352, 114, 694, 456, 114, 352, 380, 142, 352, 114, 44, 282, 142, 380, 44, 282, 394, 156, 394, 156, 778, 540, 694, 456, 114, 352, 268, 30, 324, 86, 352, 114, 338, 100, 268, 30, 352, 114, 540, 778, 394, 156, 338, 100, 254, 16, 100, 338, 254, 16, 16, 254, 694, 456, 324, 86, 268, 30, 114, 352, 142, 380, 268, 30, 778, 540, 254, 16, 268, 30, 380, 142, 484, 722, 694, 456, 352, 114, 254, 16, 268, 30, 324, 86, 268, 30, 254, 16, 380, 142, 268, 30, 338, 100, 338, 100, 324, 86, 268, 30, 254, 16, 282, 44, 254, 16, 324, 86, 254, 16, 324, 86, 324, 86, 254, 16, 338, 100, 254, 16, 254, 16, 254, 16, 30, 268, 722, 484, 86, 324, 456, 694, 694, 456, 114, 352, 44, 282, 352, 114, 338, 100, 268, 30, 722, 484, 792, 554, 352, 114, 16, 254, 114, 352, 338, 100, 254, 16, 394, 156, 352, 114, 114, 352, 324, 86, 268, 30, 694, 456, 282, 44, 268, 30, 268, 30, 484, 722, 254, 16, 380, 142, 778, 540, 282, 44, 268, 30, 352, 114, 338, 100, 338, 100, 268, 30, 352, 114, 282, 44, 268, 30, 282, 44, 268, 30, 282, 44, 268, 30, 380, 142, 338, 100, 324, 86, 338, 100, 254, 16, 254, 16, 16, 254, 394, 156, 268, 30, 254, 16, 114, 352, 338, 100, 268, 30, 338, 100, 268, 30, 338, 100, 268, 30, 338, 100, 268, 30, 268, 30, 254, 16, 324, 86, 282, 44, 254, 16, 394, 156, 324, 86, 114, 352, 254, 16, 324, 86, 254, 16, 324, 86, 268, 30, 268, 30, 324, 86, 268, 30, 268, 30, 268, 30, 44, 282, 268, 30, 338, 100, 268, 30, 338, 100, 268, 30, 268, 30, 338, 100, 268, 30, 268, 30, 268, 30, 254, 16, 324, 86, 268, 30, 338, 100, 254, 16, 338, 100, 268, 30, 254, 16, 114, 352, 338, 100, 268, 30, 338, 100, 268, 30, 352, 114, 282, 44, 268, 30, 268, 30, 338, 100, 268, 30, 254, 16, 338, 100, 268, 30, 338, 100, 268, 30, 338, 100, 268, 30, 114, 352, 282, 44, 324, 86, 254, 16, 254, 16, 30, 268, 282, 44, 44, 282, 268, 30, 142, 380, 114, 352, 338, 100, 324, 86, 338, 100, 352, 114, 352, 114, 268, 30, 352, 114, 254, 16, 16, 254, 338, 100, 282, 44, 324, 86, 268, 30, 282, 44, 380, 142, 338, 100, 324, 86, 282, 44, 268, 30, 268, 30, 268, 30, 338, 100, 268, 30, 254, 16, 254, 16, 254, 16, 268, 30, 254, 16}
Number of lables used:  26
Total time: 1.11 seconds
Memory used: 79.69 MB
--------------------------------------------------

Trying with at most 25 labels...
Solution:
{652, 414, 142, 380, 554, 792, 268, 30, 778, 540, 540, 778, 722, 484, 540, 778, 778, 540, 694, 456, 44, 282, 86, 324, 722, 484, 652, 414, 282, 44, 722, 484, 44, 282, 554, 792, 394, 156, 554, 792, 456, 694, 254, 16, 394, 156, 352, 114, 268, 30, 254, 16, 268, 30, 156, 394, 652, 414, 554, 792, 652, 414, 540, 778, 652, 414, 456, 694, 540, 778, 540, 778, 456, 694, 484, 722, 268, 30, 30, 268, 142, 380, 380, 142, 554, 792, 324, 86, 254, 16, 268, 30, 352, 114, 778, 540, 456, 694, 324, 86, 694, 456, 156, 394, 86, 324, 254, 16, 554, 792, 114, 352, 254, 16, 352, 114, 540, 778, 352, 114, 694, 456, 324, 86, 114, 352, 254, 16, 352, 114, 380, 142, 254, 16, 414, 652, 254, 16, 456, 694, 792, 554, 484, 722, 30, 268, 156, 394, 554, 792, 16, 254, 254, 16, 254, 16, 324, 86, 142, 380, 324, 86, 254, 16, 352, 114, 282, 44, 722, 484, 792, 554, 778, 540, 86, 324, 114, 352, 254, 16, 352, 114, 254, 16, 652, 414, 254, 16, 722, 484, 394, 156, 254, 16, 694, 456, 352, 114, 394, 156, 254, 16, 554, 792, 30, 268, 380, 142, 722, 484, 114, 352, 44, 282, 30, 268, 380, 142, 142, 380, 268, 30, 778, 540, 352, 114, 694, 456, 30, 268, 324, 86, 778, 540, 324, 86, 142, 380, 282, 44, 694, 456, 778, 540, 694, 456, 694, 456, 114, 352, 380, 142, 352, 114, 44, 282, 142, 380, 44, 282, 394, 156, 394, 156, 778, 540, 694, 456, 282, 44, 268, 30, 324, 86, 352, 114, 694, 456, 268, 30, 380, 142, 540, 778, 394, 156, 456, 694, 254, 16, 114, 352, 254, 16, 16, 254, 694, 456, 324, 86, 268, 30, 114, 352, 142, 380, 268, 30, 694, 456, 254, 16, 268, 30, 380, 142, 484, 722, 694, 456, 694, 456, 254, 16, 268, 30, 324, 86, 268, 30, 254, 16, 380, 142, 268, 30, 352, 114, 694, 456, 324, 86, 268, 30, 254, 16, 282, 44, 254, 16, 324, 86, 254, 16, 324, 86, 324, 86, 254, 16, 352, 114, 254, 16, 254, 16, 254, 16, 30, 268, 722, 484, 86, 324, 456, 694, 694, 456, 142, 380, 44, 282, 380, 142, 352, 114, 268, 30, 694, 456, 792, 554, 792, 554, 16, 254, 114, 352, 352, 114, 254, 16, 394, 156, 114, 352, 114, 352, 324, 86, 268, 30, 694, 456, 282, 44, 268, 30, 268, 30, 484, 722, 254, 16, 456, 694, 778, 540, 282, 44, 268, 30, 352, 114, 86, 324, 352, 114, 268, 30, 380, 142, 282, 44, 268, 30, 282, 44, 268, 30, 282, 44, 268, 30, 484, 722, 380, 142, 324, 86, 352, 114, 254, 16, 254, 16, 16, 254, 394, 156, 268, 30, 254, 16, 142, 380, 352, 114, 268, 30, 352, 114, 268, 30, 352, 114, 268, 30, 352, 114, 268, 30, 268, 30, 254, 16, 324, 86, 282, 44, 254, 16, 394, 156, 324, 86, 114, 352, 254, 16, 324, 86, 254, 16, 324, 86, 268, 30, 268, 30, 324, 86, 268, 30, 268, 30, 268, 30, 44, 282, 268, 30, 352, 114, 268, 30, 352, 114, 268, 30, 268, 30, 44, 282, 268, 30, 268, 30, 268, 30, 254, 16, 324, 86, 268, 30, 352, 114, 254, 16, 352, 114, 268, 30, 254, 16, 114, 352, 380, 142, 268, 30, 380, 142, 268, 30, 352, 114, 282, 44, 268, 30, 268, 30, 352, 114, 268, 30, 254, 16, 352, 114, 268, 30, 352, 114, 268, 30, 352, 114, 268, 30, 114, 352, 282, 44, 324, 86, 254, 16, 254, 16, 30, 268, 282, 44, 44, 282, 268, 30, 142, 380, 156, 394, 352, 114, 324, 86, 484, 722, 16, 254, 352, 114, 268, 30, 352, 114, 254, 16, 16, 254, 694, 456, 282, 44, 324, 86, 268, 30, 282, 44, 484, 722, 380, 142, 324, 86, 282, 44, 268, 30, 268, 30, 268, 30, 352, 114, 268, 30, 254, 16, 254, 16, 254, 16, 268, 30, 254, 16}
Number of lables used:  24
Total time: 1.12 seconds
Memory used: 79.69 MB
--------------------------------------------------

Trying with at most 23 labels...
Solution:
{394, 156, 352, 114, 778, 540, 324, 86, 708, 470, 722, 484, 484, 722, 792, 554, 142, 380, 16, 254, 394, 156, 414, 652, 394, 156, 554, 792, 380, 142, 352, 114, 792, 554, 792, 554, 414, 652, 352, 114, 778, 540, 114, 352, 484, 722, 16, 254, 352, 114, 44, 282, 142, 380, 16, 254, 414, 652, 142, 380, 16, 254, 778, 540, 282, 44, 792, 554, 114, 352, 708, 470, 792, 554, 394, 156, 16, 254, 470, 708, 324, 86, 86, 324, 470, 708, 324, 86, 114, 352, 652, 414, 324, 86, 352, 114, 484, 722, 792, 554, 792, 554, 16, 254, 722, 484, 282, 44, 554, 792, 380, 142, 16, 254, 778, 540, 282, 44, 484, 722, 86, 324, 44, 282, 380, 142, 554, 792, 652, 414, 540, 778, 414, 652, 540, 778, 470, 708, 414, 652, 484, 722, 394, 156, 394, 156, 722, 484, 792, 554, 722, 484, 254, 16, 540, 778, 16, 254, 142, 380, 778, 540, 156, 394, 352, 114, 414, 652, 394, 156, 254, 16, 254, 16, 414, 652, 722, 484, 792, 554, 114, 352, 708, 470, 254, 16, 554, 792, 708, 470, 156, 394, 708, 470, 554, 792, 652, 414, 652, 414, 484, 722, 86, 324, 16, 254, 142, 380, 414, 652, 540, 778, 722, 484, 324, 86, 324, 86, 778, 540, 778, 540, 484, 722, 86, 324, 380, 142, 708, 470, 324, 86, 352, 114, 254, 16, 484, 722, 540, 778, 778, 540, 470, 708, 142, 380, 86, 324, 114, 352, 778, 540, 156, 394, 86, 324, 352, 114, 142, 380, 792, 554, 114, 352, 44, 282, 114, 352, 380, 142, 722, 484, 114, 352, 722, 484, 324, 86, 722, 484, 540, 778, 778, 540, 142, 380, 114, 352, 722, 484, 722, 484, 254, 16, 652, 414, 380, 142, 778, 540, 722, 484, 142, 380, 324, 86, 722, 484, 540, 778, 254, 16, 722, 484, 708, 470, 484, 722, 540, 778, 722, 484, 44, 282, 86, 324, 282, 44, 324, 86, 484, 722, 44, 282, 540, 778, 352, 114, 86, 324, 540, 778, 114, 352, 44, 282, 380, 142, 282, 44, 282, 44, 554, 792, 778, 540, 254, 16, 282, 44, 394, 156, 484, 722, 254, 16, 44, 282, 142, 380, 282, 44, 142, 380, 86, 324, 484, 722, 484, 722, 114, 352, 722, 484, 282, 44, 142, 380, 778, 540, 16, 254, 394, 156, 778, 540, 114, 352, 44, 282, 142, 380, 44, 282, 142, 380, 380, 142, 722, 484, 540, 778, 722, 484, 352, 114, 352, 114, 114, 352, 44, 282, 778, 540, 722, 484, 324, 86, 722, 484, 324, 86, 142, 380, 778, 540, 114, 352, 44, 282, 142, 380, 484, 722, 86, 324, 778, 540, 324, 86, 352, 114, 324, 86, 142, 380, 86, 324, 324, 86, 254, 16, 254, 16, 254, 16, 254, 16, 114, 352, 394, 156, 324, 86, 540, 778, 352, 114, 86, 324, 352, 114, 86, 324, 352, 114, 86, 324, 352, 114, 86, 324, 414, 652, 254, 16, 324, 86, 324, 86, 254, 16, 16, 254, 554, 792, 352, 114, 708, 470, 156, 394, 254, 16, 484, 722, 282, 44, 282, 44, 722, 484, 324, 86, 324, 86, 394, 156, 282, 44, 540, 778, 778, 540, 540, 778, 778, 540, 324, 86, 324, 86, 722, 484, 324, 86, 722, 484, 352, 114, 254, 16, 652, 414, 44, 282, 394, 156, 254, 16, 324, 86, 324, 86, 254, 16, 778, 540, 114, 352, 324, 86, 142, 380, 722, 484, 114, 352, 324, 86, 352, 114, 722, 484, 380, 142, 86, 324, 254, 16, 352, 114, 722, 484, 114, 352, 380, 142, 114, 352, 324, 86, 142, 380, 540, 778, 114, 352, 352, 114, 254, 16, 114, 352, 324, 86, 722, 484, 352, 114, 792, 554, 652, 414, 722, 484, 394, 156, 352, 114, 254, 16, 254, 16, 484, 722, 86, 324, 324, 86, 282, 44, 484, 722, 282, 44, 540, 778, 778, 540, 44, 282, 44, 282, 778, 540, 540, 778, 44, 282, 114, 352, 282, 44, 484, 722, 114, 352, 540, 778, 324, 86, 652, 414, 778, 540, 142, 380, 114, 352}
Number of lables used:  22
Total time: 1.80 seconds
Memory used: 91.69 MB
--------------------------------------------------

Trying with at most 21 labels...
[runlim] sample:		9.7 time, 9.6 real, 104.5 MB
[runlim] sample:		19.4 time, 19.6 real, 105.7 MB
[runlim] sample:		29.0 time, 29.6 real, 116.3 MB
[runlim] sample:		38.7 time, 38.5 real, 112.0 MB
[runlim] sample:		48.4 time, 48.5 real, 123.6 MB
[runlim] sample:		58.1 time, 58.5 real, 128.0 MB
[runlim] sample:		67.7 time, 67.5 real, 128.6 MB
[runlim] sample:		77.4 time, 77.5 real, 122.9 MB
[runlim] sample:		87.1 time, 87.5 real, 125.5 MB
[runlim] sample:		96.7 time, 96.4 real, 131.5 MB
[runlim] sample:		106.5 time, 106.4 real, 137.9 MB
[runlim] sample:		116.1 time, 116.4 real, 129.6 MB
[runlim] sample:		125.8 time, 126.4 real, 136.6 MB
[runlim] sample:		135.4 time, 135.4 real, 148.4 MB
[runlim] sample:		145.1 time, 145.4 real, 122.4 MB
[runlim] sample:		154.8 time, 155.4 real, 140.3 MB
[runlim] sample:		164.5 time, 164.3 real, 156.8 MB
[runlim] sample:		174.2 time, 174.3 real, 146.8 MB
[runlim] sample:		183.9 time, 184.3 real, 157.4 MB
[runlim] sample:		193.5 time, 193.3 real, 165.0 MB
[runlim] sample:		203.2 time, 203.3 real, 168.3 MB
[runlim] sample:		212.9 time, 213.3 real, 148.4 MB
[runlim] sample:		222.6 time, 222.3 real, 151.6 MB
[runlim] sample:		232.2 time, 232.3 real, 154.1 MB
[runlim] sample:		241.9 time, 242.3 real, 158.2 MB
[runlim] sample:		251.6 time, 252.3 real, 159.9 MB
[runlim] sample:		261.3 time, 261.2 real, 161.5 MB
[runlim] sample:		271.0 time, 271.2 real, 158.0 MB
[runlim] sample:		280.6 time, 281.2 real, 187.4 MB
[runlim] sample:		290.3 time, 290.2 real, 185.3 MB
[runlim] sample:		300.0 time, 300.2 real, 183.1 MB
[runlim] sample:		309.6 time, 310.2 real, 177.8 MB
[runlim] sample:		319.3 time, 319.1 real, 171.0 MB
[runlim] sample:		329.0 time, 329.1 real, 197.1 MB
[runlim] sample:		338.7 time, 339.1 real, 191.6 MB
[runlim] sample:		348.4 time, 348.1 real, 185.7 MB
[runlim] sample:		358.1 time, 358.1 real, 177.3 MB
[runlim] sample:		367.7 time, 368.1 real, 201.4 MB
[runlim] sample:		377.4 time, 378.1 real, 194.8 MB
[runlim] sample:		387.1 time, 387.1 real, 184.8 MB
[runlim] sample:		396.8 time, 397.1 real, 206.8 MB
[runlim] sample:		406.4 time, 407.1 real, 195.1 MB
[runlim] sample:		416.1 time, 416.0 real, 184.1 MB
[runlim] sample:		425.8 time, 426.0 real, 206.8 MB
[runlim] sample:		435.4 time, 436.0 real, 193.8 MB
[runlim] sample:		445.1 time, 444.9 real, 178.4 MB
[runlim] sample:		454.8 time, 454.9 real, 205.1 MB
[runlim] sample:		464.5 time, 465.0 real, 193.3 MB
[runlim] sample:		474.1 time, 473.9 real, 214.8 MB
[runlim] sample:		483.8 time, 483.9 real, 199.4 MB
[runlim] sample:		493.5 time, 493.9 real, 181.8 MB
[runlim] sample:		503.1 time, 503.9 real, 207.2 MB
[runlim] sample:		512.8 time, 512.8 real, 190.7 MB
[runlim] sample:		522.5 time, 522.8 real, 213.6 MB
[runlim] sample:		532.1 time, 532.8 real, 197.5 MB
[runlim] sample:		541.9 time, 542.8 real, 218.4 MB
[runlim] sample:		551.7 time, 551.5 real, 201.8 MB
[runlim] sample:		561.4 time, 561.5 real, 221.4 MB
[runlim] sample:		571.0 time, 571.5 real, 205.0 MB
[runlim] sample:		580.7 time, 581.5 real, 223.2 MB
[runlim] sample:		590.4 time, 590.4 real, 205.6 MB
[runlim] end:			Fri Dec 12 19:25:16 2025
[runlim] status:		out of time
[runlim] result:		2
[runlim] children:		0
[runlim] real:			600.10 seconds
[runlim] time:			599.80 seconds
[runlim] space:			289.5 MB
[runlim] samples:		6197
