[runlim] version:		1.10
[runlim] time limit:		311040000 seconds
[runlim] real time limit:	600 seconds
[runlim] space limit:		8000 MB
[runlim] argv[0]:		python3
[runlim] argv[1]:		-u
[runlim] argv[2]:		pairwise.py
[runlim] argv[3]:		scen03
[runlim] start:			Fri Dec 12 19:05:14 2025
[runlim] main pid:		106654
Solve first problem:
Solution:
{254, 16, 156, 394, 142, 380, 310, 72, 16, 254, 338, 100, 156, 394, 254, 16, 254, 16, 268, 30, 680, 442, 352, 114, 268, 30, 254, 16, 750, 512, 708, 470, 142, 380, 310, 72, 666, 428, 254, 16, 764, 526, 694, 456, 652, 414, 30, 268, 156, 394, 394, 156, 736, 498, 366, 128, 296, 58, 254, 16, 142, 380, 58, 296, 254, 16, 296, 58, 296, 58, 750, 512, 338, 100, 380, 142, 254, 16, 352, 114, 324, 86, 254, 16, 254, 16, 254, 16, 324, 86, 324, 86, 268, 30, 366, 128, 296, 58, 366, 128, 254, 16, 254, 16, 324, 86, 380, 142, 324, 86, 366, 128, 282, 44, 680, 442, 352, 114, 30, 268, 338, 100, 254, 16, 254, 16, 254, 16, 254, 16, 666, 428, 338, 100, 254, 16, 352, 114, 44, 282, 44, 282, 394, 156, 324, 86, 680, 442, 30, 268, 44, 282, 268, 30, 666, 428, 338, 100, 268, 30, 380, 142, 310, 72, 128, 366, 254, 16, 282, 44, 666, 428, 338, 100, 366, 128, 394, 156, 114, 352, 114, 352, 366, 128, 310, 72, 100, 338, 254, 16, 338, 100, 268, 30, 352, 114, 310, 72, 268, 30, 254, 16, 268, 30, 338, 100, 282, 44, 282, 44, 254, 16, 324, 86, 128, 366, 666, 428, 58, 296, 380, 142, 666, 428, 114, 352, 268, 30, 114, 352, 366, 128, 352, 114, 352, 114, 666, 428, 338, 100, 254, 16, 366, 128, 352, 114, 100, 338, 296, 58, 268, 30, 142, 380, 282, 44, 268, 30, 268, 30, 352, 114, 100, 338, 282, 44, 268, 30, 352, 114, 338, 100, 338, 100, 268, 30, 282, 44, 268, 30, 282, 44, 268, 30, 254, 16, 268, 30, 380, 142, 338, 100, 296, 58, 352, 114, 254, 16, 254, 16, 394, 156, 366, 128, 268, 30, 254, 16, 268, 30, 254, 16, 394, 156, 324, 86, 254, 16, 254, 16, 254, 16, 254, 16, 268, 30, 268, 30, 44, 282, 268, 30, 324, 86, 338, 100, 268, 30, 268, 30, 254, 16, 296, 58, 268, 30, 338, 100, 254, 16, 268, 30, 254, 16, 268, 30, 338, 100, 268, 30, 338, 100, 268, 30, 352, 114, 282, 44, 268, 30, 338, 100, 268, 30, 282, 44, 324, 86, 254, 16, 44, 282, 268, 30, 352, 114, 310, 72, 282, 44, 324, 86, 268, 30, 268, 30, 254, 16, 254, 16}
Correct solution!
Number of lables used:  38
Total time: 0.58 seconds
Memory used: 55.10 MB
--------------------------------------------------

Trying with at most 37 labels...
Solution:
{736, 498, 736, 498, 310, 72, 254, 16, 156, 394, 736, 498, 16, 254, 554, 792, 764, 526, 86, 324, 394, 156, 764, 526, 764, 526, 736, 498, 16, 254, 394, 156, 156, 394, 736, 498, 764, 526, 72, 310, 254, 16, 498, 736, 156, 394, 72, 310, 86, 324, 394, 156, 792, 554, 540, 778, 156, 394, 750, 512, 156, 394, 72, 310, 750, 512, 72, 310, 526, 764, 540, 778, 86, 324, 778, 540, 764, 526, 750, 512, 526, 764, 394, 156, 498, 736, 498, 736, 394, 156, 394, 156, 16, 254, 736, 498, 394, 156, 16, 254, 498, 736, 72, 310, 526, 764, 478, 240, 156, 394, 254, 16, 736, 498, 394, 156, 764, 526, 554, 792, 86, 324, 764, 526, 764, 526, 86, 324, 86, 324, 394, 156, 792, 554, 156, 394, 764, 526, 540, 778, 498, 736, 792, 554, 324, 86, 750, 512, 72, 310, 540, 778, 310, 72, 750, 512, 540, 778, 764, 526, 498, 736, 324, 86, 526, 764, 394, 156, 72, 310, 310, 72, 86, 324, 498, 736, 16, 254, 72, 310, 512, 750, 498, 736, 764, 526, 498, 736, 554, 792, 86, 324, 86, 324, 526, 764, 778, 540, 736, 498, 310, 72, 310, 72, 310, 72, 324, 86, 156, 394, 16, 254, 394, 156, 764, 526, 764, 526, 750, 512, 778, 540, 778, 540, 736, 498, 324, 86, 750, 512, 394, 156, 394, 156, 394, 156, 310, 72, 86, 324, 254, 16, 394, 156, 764, 526, 736, 498, 540, 778, 750, 512, 750, 512, 324, 86, 72, 310, 324, 86, 540, 778, 324, 86, 764, 526, 310, 72, 310, 72, 736, 498, 736, 498, 310, 72, 324, 86, 310, 72, 324, 86, 310, 72, 254, 16, 310, 72, 540, 778, 310, 72, 310, 72, 394, 156, 498, 736, 254, 16, 394, 156, 394, 156, 86, 324, 324, 86, 16, 254, 498, 736, 554, 792, 394, 156, 72, 310, 72, 310, 254, 16, 254, 16, 310, 72, 540, 778, 736, 498, 310, 72, 72, 310, 736, 498, 86, 324, 310, 72, 254, 16, 792, 554, 498, 736, 394, 156, 310, 72, 310, 72, 254, 16, 736, 498, 72, 310, 736, 498, 72, 310, 736, 498, 72, 310, 736, 498, 310, 72, 764, 526, 86, 324, 736, 498, 310, 72, 324, 86, 764, 526, 310, 72, 778, 540, 526, 764, 310, 72, 540, 778, 526, 764, 310, 72, 394, 156, 540, 778}
Number of lables used:  20
Total time: 0.76 seconds
Memory used: 56.97 MB
--------------------------------------------------

Trying with at most 19 labels...
Solution:
{736, 498, 736, 498, 310, 72, 254, 16, 156, 394, 736, 498, 16, 254, 554, 792, 764, 526, 750, 512, 394, 156, 764, 526, 764, 526, 736, 498, 16, 254, 736, 498, 310, 72, 526, 764, 764, 526, 72, 310, 512, 750, 380, 142, 156, 394, 72, 310, 156, 394, 394, 156, 792, 554, 540, 778, 156, 394, 498, 736, 254, 16, 764, 526, 540, 778, 72, 310, 72, 310, 540, 778, 142, 380, 778, 540, 764, 526, 750, 512, 554, 792, 394, 156, 498, 736, 498, 736, 394, 156, 394, 156, 16, 254, 736, 498, 394, 156, 16, 254, 498, 736, 72, 310, 526, 764, 142, 380, 142, 380, 72, 310, 142, 380, 156, 394, 764, 526, 512, 750, 792, 554, 764, 526, 764, 526, 142, 380, 72, 310, 394, 156, 792, 554, 156, 394, 764, 526, 540, 778, 512, 750, 380, 142, 736, 498, 750, 512, 72, 310, 540, 778, 310, 72, 750, 512, 540, 778, 764, 526, 498, 736, 142, 380, 540, 778, 498, 736, 142, 380, 526, 764, 526, 764, 498, 736, 16, 254, 72, 310, 498, 736, 498, 736, 254, 16, 512, 750, 554, 792, 142, 380, 310, 72, 526, 764, 778, 540, 736, 498, 310, 72, 310, 72, 310, 72, 142, 380, 764, 526, 16, 254, 394, 156, 764, 526, 764, 526, 750, 512, 778, 540, 778, 540, 736, 498, 142, 380, 750, 512, 394, 156, 394, 156, 394, 156, 310, 72, 526, 764, 254, 16, 394, 156, 764, 526, 736, 498, 540, 778, 750, 512, 750, 512, 380, 142, 72, 310, 142, 380, 540, 778, 142, 380, 750, 512, 310, 72, 310, 72, 736, 498, 736, 498, 310, 72, 778, 540, 310, 72, 750, 512, 310, 72, 254, 16, 310, 72, 540, 778, 310, 72, 310, 72, 394, 156, 142, 380, 254, 16, 394, 156, 394, 156, 156, 394, 16, 254, 16, 254, 498, 736, 554, 792, 394, 156, 72, 310, 72, 310, 254, 16, 254, 16, 310, 72, 310, 72, 736, 498, 310, 72, 72, 310, 736, 498, 380, 142, 310, 72, 254, 16, 792, 554, 380, 142, 394, 156, 254, 16, 310, 72, 254, 16, 736, 498, 72, 310, 736, 498, 72, 310, 736, 498, 72, 310, 736, 498, 310, 72, 764, 526, 310, 72, 142, 380, 736, 498, 750, 512, 764, 526, 310, 72, 778, 540, 526, 764, 310, 72, 540, 778, 526, 764, 310, 72, 394, 156, 540, 778}
Number of lables used:  18
Total time: 0.76 seconds
Memory used: 56.97 MB
--------------------------------------------------

Trying with at most 17 labels...
Solution:
{254, 16, 310, 72, 310, 72, 254, 16, 380, 142, 498, 736, 142, 380, 484, 722, 142, 380, 778, 540, 540, 778, 380, 142, 778, 540, 484, 722, 254, 16, 722, 484, 310, 72, 778, 540, 72, 310, 736, 498, 540, 778, 16, 254, 142, 380, 498, 736, 310, 72, 380, 142, 736, 498, 694, 456, 254, 16, 484, 722, 142, 380, 694, 456, 44, 282, 16, 254, 456, 694, 540, 778, 380, 142, 44, 282, 694, 456, 44, 282, 16, 254, 484, 722, 44, 282, 484, 722, 142, 380, 142, 380, 16, 254, 142, 380, 694, 456, 16, 254, 540, 778, 72, 310, 16, 254, 380, 142, 484, 722, 16, 254, 540, 778, 72, 310, 498, 736, 44, 282, 484, 722, 540, 778, 540, 778, 254, 16, 456, 694, 778, 540, 380, 142, 736, 498, 254, 16, 484, 722, 484, 722, 694, 456, 778, 540, 694, 456, 72, 310, 736, 498, 310, 72, 44, 282, 44, 282, 142, 380, 310, 72, 540, 778, 456, 694, 498, 736, 310, 72, 540, 778, 736, 498, 44, 282, 16, 254, 694, 456, 44, 282, 44, 282, 694, 456, 540, 778, 498, 736, 736, 498, 722, 484, 694, 456, 778, 540, 736, 498, 310, 72, 282, 44, 310, 72, 484, 722, 484, 722, 16, 254, 778, 540, 736, 498, 282, 44, 736, 498, 778, 540, 778, 540, 142, 380, 44, 282, 282, 44, 722, 484, 44, 282, 44, 282, 310, 72, 540, 778, 254, 16, 16, 254, 142, 380, 484, 722, 484, 722, 540, 778, 540, 778, 282, 44, 72, 310, 282, 44, 456, 694, 456, 694, 540, 778, 380, 142, 456, 694, 736, 498, 484, 722, 310, 72, 72, 310, 380, 142, 282, 44, 310, 72, 254, 16, 310, 72, 142, 380, 456, 694, 44, 282, 736, 498, 142, 380, 254, 16, 142, 380, 142, 380, 310, 72, 44, 282, 16, 254, 44, 282, 540, 778, 142, 380, 736, 498, 736, 498, 44, 282, 16, 254, 310, 72, 72, 310, 694, 456, 310, 72, 72, 310, 142, 380, 498, 736, 498, 736, 254, 16, 498, 736, 282, 44, 736, 498, 254, 16, 310, 72, 254, 16, 142, 380, 72, 310, 484, 722, 72, 310, 736, 498, 72, 310, 722, 484, 310, 72, 282, 44, 540, 778, 282, 44, 722, 484, 380, 142, 72, 310, 142, 380, 498, 736, 498, 736, 310, 72, 282, 44, 778, 540, 310, 72, 778, 540, 282, 44}
Number of lables used:  16
Total time: 0.77 seconds
Memory used: 57.10 MB
--------------------------------------------------

Trying with at most 15 labels...
Solution:
{254, 16, 380, 142, 456, 694, 254, 16, 484, 722, 540, 778, 142, 380, 254, 16, 142, 380, 778, 540, 540, 778, 380, 142, 778, 540, 484, 722, 694, 456, 722, 484, 484, 722, 44, 282, 778, 540, 16, 254, 540, 778, 282, 44, 778, 540, 128, 366, 254, 16, 16, 254, 142, 380, 16, 254, 540, 778, 540, 778, 456, 694, 366, 128, 540, 778, 16, 254, 128, 366, 540, 778, 380, 142, 282, 44, 694, 456, 44, 282, 16, 254, 484, 722, 128, 366, 128, 366, 142, 380, 142, 380, 128, 366, 142, 380, 694, 456, 142, 380, 540, 778, 694, 456, 16, 254, 380, 142, 484, 722, 282, 44, 142, 380, 456, 694, 540, 778, 44, 282, 484, 722, 540, 778, 366, 128, 254, 16, 254, 16, 778, 540, 380, 142, 694, 456, 254, 16, 282, 44, 282, 44, 380, 142, 456, 694, 142, 380, 540, 778, 366, 128, 282, 44, 44, 282, 142, 380, 456, 694, 380, 142, 540, 778, 282, 44, 254, 16, 456, 694, 694, 456, 722, 484, 44, 282, 16, 254, 366, 128, 540, 778, 44, 282, 778, 540, 366, 128, 722, 484, 540, 778, 128, 366, 694, 456, 282, 44, 778, 540, 44, 282, 44, 282, 694, 456, 484, 722, 380, 142, 16, 254, 778, 540, 44, 282, 282, 44, 694, 456, 778, 540, 778, 540, 142, 380, 44, 282, 540, 778, 722, 484, 44, 282, 44, 282, 778, 540, 540, 778, 254, 16, 16, 254, 282, 44, 380, 142, 484, 722, 540, 778, 778, 540, 282, 44, 44, 282, 282, 44, 456, 694, 456, 694, 694, 456, 380, 142, 128, 366, 694, 456, 484, 722, 366, 128, 142, 380, 540, 778, 366, 128, 540, 778, 254, 16, 366, 128, 142, 380, 456, 694, 44, 282, 366, 128, 44, 282, 254, 16, 142, 380, 128, 366, 16, 254, 254, 16, 128, 366, 44, 282, 484, 722, 142, 380, 16, 254, 16, 254, 44, 282, 16, 254, 366, 128, 128, 366, 694, 456, 456, 694, 366, 128, 142, 380, 366, 128, 484, 722, 254, 16, 722, 484, 282, 44, 540, 778, 282, 44, 366, 128, 254, 16, 142, 380, 366, 128, 694, 456, 366, 128, 456, 694, 778, 540, 380, 142, 366, 128, 282, 44, 540, 778, 44, 282, 722, 484, 128, 366, 540, 778, 142, 380, 380, 142, 366, 128, 778, 540, 282, 44, 44, 282, 366, 128, 778, 540, 282, 44}
Number of lables used:  14
Total time: 0.78 seconds
Memory used: 57.22 MB
--------------------------------------------------

Trying with at most 13 labels...
[runlim] sample:		9.7 time, 10.1 real, 108.2 MB
[runlim] sample:		19.4 time, 20.1 real, 116.3 MB
[runlim] sample:		29.0 time, 29.0 real, 118.7 MB
[runlim] sample:		38.7 time, 39.0 real, 121.8 MB
[runlim] sample:		48.3 time, 49.0 real, 142.0 MB
[runlim] sample:		58.0 time, 57.9 real, 142.0 MB
[runlim] sample:		67.8 time, 67.9 real, 142.0 MB
[runlim] sample:		77.4 time, 77.9 real, 142.0 MB
[runlim] sample:		87.1 time, 87.9 real, 142.0 MB
[runlim] sample:		96.8 time, 96.9 real, 142.0 MB
[runlim] sample:		106.5 time, 106.9 real, 142.0 MB
[runlim] sample:		116.2 time, 116.9 real, 142.0 MB
[runlim] sample:		125.8 time, 125.9 real, 142.0 MB
[runlim] sample:		135.5 time, 135.9 real, 142.0 MB
[runlim] sample:		145.2 time, 145.9 real, 142.0 MB
[runlim] sample:		154.9 time, 154.9 real, 142.0 MB
[runlim] sample:		164.6 time, 164.9 real, 142.0 MB
[runlim] sample:		174.3 time, 174.9 real, 142.0 MB
[runlim] sample:		184.0 time, 183.9 real, 142.0 MB
[runlim] sample:		193.7 time, 193.9 real, 142.0 MB
[runlim] sample:		203.4 time, 203.9 real, 142.0 MB
[runlim] sample:		213.1 time, 213.9 real, 142.0 MB
[runlim] sample:		222.7 time, 222.9 real, 142.0 MB
[runlim] sample:		232.4 time, 232.9 real, 142.0 MB
[runlim] sample:		242.1 time, 242.9 real, 101.8 MB
[runlim] sample:		251.8 time, 251.9 real, 100.9 MB
[runlim] sample:		261.5 time, 261.9 real, 99.3 MB
[runlim] sample:		271.2 time, 271.9 real, 99.0 MB
[runlim] sample:		280.9 time, 280.9 real, 97.5 MB
[runlim] sample:		290.5 time, 290.9 real, 110.5 MB
[runlim] sample:		300.2 time, 300.9 real, 107.7 MB
[runlim] sample:		309.9 time, 309.9 real, 105.6 MB
[runlim] sample:		319.6 time, 319.9 real, 102.8 MB
[runlim] sample:		329.3 time, 329.9 real, 98.9 MB
[runlim] sample:		338.9 time, 338.8 real, 112.0 MB
[runlim] sample:		348.6 time, 348.8 real, 110.5 MB
[runlim] sample:		358.3 time, 358.8 real, 108.8 MB
[runlim] sample:		368.0 time, 368.8 real, 106.8 MB
[runlim] sample:		377.7 time, 377.8 real, 103.4 MB
[runlim] sample:		387.4 time, 387.8 real, 99.2 MB
[runlim] sample:		397.1 time, 397.8 real, 113.4 MB
[runlim] sample:		406.7 time, 407.8 real, 108.7 MB
[runlim] sample:		416.4 time, 416.3 real, 105.0 MB
[runlim] sample:		426.1 time, 426.3 real, 100.0 MB
[runlim] sample:		435.8 time, 436.3 real, 114.0 MB
[runlim] sample:		445.5 time, 446.3 real, 109.4 MB
[runlim] sample:		455.2 time, 455.3 real, 104.0 MB
[runlim] sample:		464.8 time, 465.3 real, 116.1 MB
[runlim] sample:		474.5 time, 475.3 real, 110.6 MB
[runlim] sample:		484.2 time, 484.2 real, 102.8 MB
[runlim] sample:		493.9 time, 494.3 real, 115.3 MB
[runlim] sample:		503.6 time, 504.3 real, 108.3 MB
[runlim] sample:		513.2 time, 513.2 real, 118.5 MB
[runlim] sample:		522.9 time, 523.2 real, 112.5 MB
[runlim] sample:		532.6 time, 533.2 real, 105.5 MB
[runlim] sample:		542.3 time, 542.2 real, 117.3 MB
[runlim] sample:		552.0 time, 552.2 real, 110.2 MB
[runlim] sample:		561.7 time, 562.2 real, 121.7 MB
[runlim] sample:		571.3 time, 572.2 real, 115.1 MB
[runlim] sample:		581.0 time, 581.1 real, 106.4 MB
[runlim] sample:		590.7 time, 591.1 real, 118.3 MB
[runlim] end:			Fri Dec 12 19:15:14 2025
[runlim] status:		out of time
[runlim] result:		2
[runlim] children:		0
[runlim] real:			600.06 seconds
[runlim] time:			599.33 seconds
[runlim] space:			158.6 MB
[runlim] samples:		6189
