[runlim] version:		1.10
[runlim] time limit:		311040000 seconds
[runlim] real time limit:	600 seconds
[runlim] space limit:		8000 MB
[runlim] argv[0]:		python3
[runlim] argv[1]:		-u
[runlim] argv[2]:		pairwise.py
[runlim] argv[3]:		scen01
[runlim] start:			Fri Dec 12 18:45:14 2025
[runlim] main pid:		99419
Solve first problem:
Solution:
{652, 414, 736, 498, 268, 30, 128, 366, 254, 16, 366, 128, 254, 16, 254, 16, 156, 394, 764, 526, 142, 380, 142, 380, 352, 114, 352, 114, 414, 652, 268, 30, 554, 792, 708, 470, 352, 114, 442, 680, 142, 380, 736, 498, 352, 114, 652, 414, 310, 72, 16, 254, 338, 100, 366, 128, 324, 86, 310, 72, 254, 16, 324, 86, 254, 16, 722, 484, 652, 414, 282, 44, 254, 16, 366, 128, 352, 114, 254, 16, 268, 30, 680, 442, 352, 114, 652, 414, 310, 72, 366, 128, 254, 16, 296, 58, 282, 44, 680, 442, 394, 156, 282, 44, 254, 16, 268, 30, 352, 114, 394, 156, 268, 30, 310, 72, 750, 512, 722, 484, 282, 44, 254, 16, 128, 366, 142, 380, 310, 72, 380, 142, 282, 44, 44, 282, 338, 100, 268, 30, 408, 170, 324, 86, 324, 86, 666, 428, 128, 366, 708, 470, 366, 128, 652, 414, 44, 282, 338, 100, 268, 30, 268, 30, 268, 30, 282, 44, 324, 86, 352, 114, 324, 86, 666, 428, 394, 156, 142, 380, 394, 156, 694, 456, 324, 86, 254, 16, 282, 44, 366, 128, 296, 58, 338, 100, 254, 16, 282, 44, 352, 114, 254, 16, 254, 16, 296, 58, 58, 296, 58, 296, 254, 16, 296, 58, 296, 58, 254, 16, 268, 30, 282, 44, 254, 16, 268, 30, 324, 86, 338, 100, 666, 428, 338, 100, 694, 456, 254, 16, 352, 114, 352, 114, 338, 100, 268, 30, 268, 30, 380, 142, 254, 16, 324, 86, 282, 44, 254, 16, 254, 16, 352, 114, 324, 86, 254, 16, 352, 114, 352, 114, 44, 282, 44, 282, 352, 114, 394, 156, 282, 44, 282, 44, 366, 128, 254, 16, 254, 16, 324, 86, 408, 170, 254, 16, 254, 16, 366, 128, 282, 44, 680, 442, 352, 114, 30, 268, 338, 100, 254, 16, 254, 16, 254, 16, 324, 86, 254, 16, 254, 16, 254, 16, 666, 428, 338, 100, 254, 16, 666, 428, 338, 100, 394, 156, 254, 16, 352, 114, 30, 268, 30, 268, 394, 156, 324, 86, 380, 142, 30, 268, 736, 498, 44, 282, 268, 30, 666, 428, 338, 100, 268, 30, 380, 142, 310, 72, 142, 380, 310, 72, 142, 380, 282, 44, 86, 324, 736, 498, 352, 114, 380, 142, 666, 428, 366, 128, 352, 114, 338, 100, 128, 366, 44, 282, 394, 156, 380, 142, 114, 352, 366, 128, 114, 352, 254, 16, 268, 30, 324, 86, 338, 100, 338, 100, 268, 30, 352, 114, 352, 114, 310, 72, 310, 72, 310, 72, 268, 30, 268, 30, 268, 30, 366, 128, 254, 16, 366, 128, 338, 100, 254, 16, 310, 72, 254, 16, 100, 338, 254, 16, 254, 16, 16, 254, 380, 142, 310, 72, 268, 30, 114, 352, 296, 58, 268, 30, 128, 366, 254, 16, 114, 352, 338, 100, 268, 30, 352, 114, 352, 114, 352, 114, 254, 16, 254, 16, 268, 30, 310, 72, 268, 30, 268, 30, 338, 100, 324, 86, 30, 268, 254, 16, 142, 380, 338, 100, 254, 16, 338, 100, 268, 30, 366, 128, 268, 30, 338, 100, 268, 30, 338, 100, 296, 58, 268, 30, 254, 16, 254, 16, 282, 44, 254, 16, 310, 72, 254, 16, 268, 30, 310, 72, 254, 16, 338, 100, 254, 16, 254, 16, 254, 16, 128, 366, 666, 428, 58, 296, 352, 114, 666, 428, 114, 352, 44, 282, 352, 114, 338, 100, 268, 30, 114, 352, 366, 128, 352, 114, 352, 114, 666, 428, 338, 100, 254, 16, 366, 128, 352, 114, 114, 352, 296, 58, 268, 30, 142, 380, 282, 44, 268, 30, 268, 30, 338, 100, 254, 16, 366, 128, 100, 338, 282, 44, 268, 30, 352, 114, 338, 100, 338, 100, 268, 30, 352, 114, 282, 44, 268, 30, 282, 44, 268, 30, 282, 44, 268, 30, 380, 142, 338, 100, 268, 30, 268, 30, 254, 16, 254, 16, 254, 16, 338, 100, 324, 86, 254, 16, 254, 16, 394, 156, 366, 128, 268, 30, 254, 16, 254, 16, 324, 86, 254, 16, 114, 352, 338, 100, 268, 30, 338, 100, 268, 30, 338, 100, 268, 30, 338, 100, 268, 30, 310, 72, 254, 16, 254, 16, 254, 16, 268, 30, 254, 16, 268, 30, 254, 16, 324, 86, 352, 114, 254, 16, 44, 282, 394, 156, 324, 86, 254, 16, 254, 16, 254, 16, 310, 72, 268, 30, 268, 30, 310, 72, 268, 30, 268, 30, 268, 30, 44, 282, 268, 30, 324, 86, 268, 30, 338, 100, 268, 30, 268, 30, 338, 100, 268, 30, 268, 30, 268, 30, 254, 16, 296, 58, 268, 30, 338, 100, 254, 16, 338, 100, 254, 16, 254, 16, 254, 16, 268, 30, 254, 16, 268, 30, 338, 100, 268, 30, 338, 100, 268, 30, 352, 114, 282, 44, 268, 30, 268, 30, 338, 100, 268, 30, 254, 16, 338, 100, 268, 30, 338, 100, 268, 30, 338, 100, 268, 30, 114, 352, 282, 44, 324, 86, 254, 16, 254, 16, 254, 16, 380, 142, 282, 44, 44, 282, 268, 30, 128, 366, 114, 352, 338, 100, 324, 86, 30, 268, 338, 100, 268, 30, 254, 16, 338, 100, 352, 114, 352, 114, 268, 30, 352, 114, 254, 16, 16, 254, 254, 16, 324, 86, 282, 44, 310, 72, 268, 30, 282, 44, 380, 142, 338, 100, 324, 86, 282, 44, 268, 30, 268, 30, 268, 30, 338, 100, 268, 30, 254, 16, 254, 16, 268, 30, 254, 16, 254, 16, 268, 30, 254, 16}
Correct solution!
Number of lables used:  44
Total time: 0.13 seconds
Memory used: 93.97 MB
--------------------------------------------------

Trying with at most 43 labels...
Solution:
{652, 414, 764, 526, 708, 470, 498, 736, 86, 324, 526, 764, 414, 652, 414, 652, 652, 414, 652, 414, 58, 296, 708, 470, 526, 764, 470, 708, 414, 652, 526, 764, 296, 58, 736, 498, 352, 114, 414, 652, 86, 324, 498, 736, 352, 114, 86, 324, 708, 470, 58, 296, 394, 156, 310, 72, 652, 414, 86, 324, 352, 114, 708, 470, 324, 86, 156, 394, 58, 296, 708, 470, 324, 86, 764, 526, 366, 128, 128, 366, 526, 764, 736, 498, 652, 414, 652, 414, 736, 498, 498, 736, 414, 652, 296, 58, 310, 72, 324, 86, 310, 72, 414, 652, 72, 310, 282, 44, 72, 310, 652, 414, 282, 44, 296, 58, 652, 414, 72, 310, 338, 100, 324, 86, 114, 352, 338, 100, 498, 736, 394, 156, 282, 44, 764, 526, 296, 58, 394, 156, 478, 240, 764, 526, 764, 526, 394, 156, 296, 58, 414, 652, 352, 114, 652, 414, 86, 324, 114, 352, 652, 414, 100, 338, 100, 338, 414, 652, 526, 764, 352, 114, 324, 86, 708, 470, 128, 366, 58, 296, 86, 324, 470, 708, 114, 352, 296, 58, 764, 526, 414, 652, 764, 526, 44, 282, 652, 414, 156, 394, 352, 114, 526, 764, 652, 414, 156, 394, 498, 736, 498, 736, 652, 414, 338, 100, 764, 526, 764, 526, 310, 72, 128, 366, 114, 352, 296, 58, 44, 282, 526, 764, 764, 526, 352, 114, 282, 44, 72, 310, 114, 352, 652, 414, 72, 310, 324, 86, 736, 498, 408, 170, 100, 338, 470, 708, 470, 708, 470, 708, 414, 652, 708, 470, 414, 652, 296, 58, 58, 296, 652, 414, 652, 414, 156, 394, 652, 414, 764, 526, 296, 58, 282, 44, 310, 72, 338, 100, 414, 652, 72, 310, 478, 240, 394, 156, 764, 526, 282, 44, 764, 526, 708, 470, 366, 128, 44, 282, 736, 498, 128, 366, 652, 414, 282, 44, 352, 114, 282, 44, 414, 652, 414, 652, 736, 498, 394, 156, 414, 652, 764, 526, 394, 156, 366, 128, 296, 58, 708, 470, 72, 310, 72, 310, 394, 156, 736, 498, 470, 708, 708, 470, 352, 114, 58, 296, 44, 282, 366, 128, 352, 114, 282, 44, 86, 324, 352, 114, 736, 498, 338, 100, 352, 114, 366, 128, 366, 128, 338, 100, 470, 708, 736, 498, 44, 282, 708, 470, 394, 156, 72, 310, 736, 498, 86, 324, 736, 498, 394, 156, 44, 282, 86, 324, 764, 526, 338, 100, 282, 44, 764, 526, 526, 764, 470, 708, 366, 128, 498, 736, 652, 414, 366, 128, 44, 282, 394, 156, 394, 156, 338, 100, 282, 44, 736, 498, 352, 114, 498, 736, 470, 708, 282, 44, 736, 498, 282, 44, 114, 352, 72, 310, 310, 72, 128, 366, 764, 526, 44, 282, 100, 338, 526, 764, 58, 296, 128, 366, 526, 764, 414, 652, 708, 470, 708, 470, 58, 296, 470, 708, 58, 296, 100, 338, 128, 366, 352, 114, 470, 708, 764, 526, 72, 310, 128, 366, 708, 470, 72, 310, 296, 58, 764, 526, 498, 736, 72, 310, 526, 764, 708, 470, 282, 44, 764, 526, 100, 338, 72, 310, 72, 310, 310, 72, 352, 114, 708, 470, 128, 366, 366, 128, 764, 526, 652, 414, 114, 352, 708, 470, 156, 394, 708, 470, 324, 86, 394, 156, 282, 44, 764, 526, 128, 366, 498, 736, 470, 708, 100, 338, 498, 736, 736, 498, 736, 498, 86, 324, 352, 114, 338, 100, 736, 498, 526, 764, 128, 366, 128, 366, 394, 156, 526, 764, 394, 156, 324, 86, 86, 324, 498, 736, 338, 100, 338, 100, 498, 736, 526, 764, 324, 86, 310, 72, 310, 72, 338, 100, 310, 72, 736, 498, 526, 764, 736, 498, 310, 72, 282, 44, 100, 338, 736, 498, 310, 72, 338, 100, 764, 526, 86, 324, 324, 86, 310, 72, 324, 86, 310, 72, 736, 498, 338, 100, 324, 86, 764, 526, 310, 72, 310, 72, 100, 338, 128, 366, 156, 394, 100, 338, 310, 72, 394, 156, 156, 394, 156, 394, 352, 114, 310, 72, 652, 414, 100, 338, 764, 526, 352, 114, 72, 310, 352, 114, 72, 310, 352, 114, 764, 526, 114, 352, 310, 72, 366, 128, 310, 72, 310, 72, 310, 72, 128, 366, 310, 72, 310, 72, 72, 310, 72, 310, 652, 414, 310, 72, 156, 394, 72, 310, 764, 526, 352, 114, 310, 72, 310, 72, 526, 764, 310, 72, 310, 72, 352, 114, 310, 72, 310, 72, 338, 100, 764, 526, 310, 72, 114, 352, 128, 366, 526, 764, 366, 128, 310, 72, 114, 352, 310, 72, 310, 72, 310, 72, 310, 72, 366, 128, 352, 114, 652, 414, 310, 72, 72, 310, 310, 72, 764, 526, 72, 310, 128, 366, 310, 72, 72, 310, 352, 114, 72, 310, 352, 114, 764, 526, 72, 310, 352, 114, 310, 72, 128, 366, 352, 114, 128, 366, 72, 310, 352, 114, 72, 310, 764, 526, 310, 72, 352, 114, 764, 526, 296, 58, 128, 366, 526, 764, 156, 394, 156, 394, 310, 72, 526, 764, 128, 366, 414, 652, 764, 526, 652, 414, 58, 296, 526, 764, 394, 156, 72, 310, 526, 764, 352, 114, 310, 72, 114, 352, 128, 366, 366, 128, 310, 72, 128, 366, 114, 352, 764, 526, 310, 72, 764, 526, 352, 114, 72, 310, 310, 72, 114, 352, 296, 58, 352, 114, 352, 114, 526, 764, 470, 708, 736, 498, 72, 310, 114, 352, 282, 44, 352, 114, 352, 114, 498, 736, 352, 114, 156, 394, 352, 114, 352, 114}
Number of lables used:  28
Total time: 0.38 seconds
Memory used: 97.09 MB
--------------------------------------------------

Trying with at most 27 labels...
Solution:
{442, 680, 652, 414, 708, 470, 498, 736, 86, 324, 526, 764, 114, 352, 114, 352, 526, 764, 526, 764, 30, 268, 708, 470, 526, 764, 470, 708, 30, 268, 526, 764, 352, 114, 680, 442, 652, 414, 414, 652, 764, 526, 498, 736, 114, 352, 324, 86, 708, 470, 680, 442, 652, 414, 352, 114, 652, 414, 86, 324, 352, 114, 708, 470, 324, 86, 30, 268, 414, 652, 708, 470, 324, 86, 764, 526, 680, 442, 680, 442, 526, 764, 736, 498, 114, 352, 296, 58, 736, 498, 498, 736, 764, 526, 680, 442, 296, 58, 352, 114, 764, 526, 708, 470, 680, 442, 282, 44, 58, 296, 44, 282, 282, 44, 498, 736, 114, 352, 652, 414, 680, 442, 324, 86, 736, 498, 680, 442, 86, 324, 680, 442, 44, 282, 764, 526, 282, 44, 352, 114, 478, 240, 764, 526, 736, 498, 442, 680, 282, 44, 352, 114, 282, 44, 470, 708, 58, 296, 114, 352, 680, 442, 498, 736, 442, 680, 652, 414, 414, 652, 352, 114, 324, 86, 708, 470, 114, 352, 30, 268, 86, 324, 736, 498, 114, 352, 470, 708, 652, 414, 296, 58, 764, 526, 44, 282, 498, 736, 282, 44, 498, 736, 526, 764, 296, 58, 86, 324, 470, 708, 470, 708, 296, 58, 680, 442, 526, 764, 764, 526, 324, 86, 652, 414, 114, 352, 680, 442, 44, 282, 526, 764, 352, 114, 498, 736, 708, 470, 652, 414, 114, 352, 58, 296, 652, 414, 324, 86, 470, 708, 408, 170, 58, 296, 470, 708, 470, 708, 470, 708, 114, 352, 708, 470, 498, 736, 44, 282, 414, 652, 324, 86, 268, 30, 268, 30, 722, 484, 764, 526, 86, 324, 114, 352, 652, 414, 86, 324, 352, 114, 498, 736, 408, 170, 680, 442, 764, 526, 282, 44, 736, 498, 324, 86, 764, 526, 44, 282, 680, 442, 114, 352, 114, 352, 282, 44, 352, 114, 282, 44, 58, 296, 114, 352, 736, 498, 86, 324, 414, 652, 764, 526, 652, 414, 680, 442, 58, 296, 44, 282, 442, 680, 442, 680, 652, 414, 736, 498, 282, 44, 282, 44, 352, 114, 58, 296, 44, 282, 352, 114, 352, 114, 282, 44, 86, 324, 470, 708, 526, 764, 86, 324, 352, 114, 680, 442, 442, 680, 442, 680, 470, 708, 736, 498, 44, 282, 708, 470, 708, 470, 44, 282, 736, 498, 58, 296, 736, 498, 296, 58, 708, 470, 86, 324, 282, 44, 526, 764, 282, 44, 764, 526, 526, 764, 470, 708, 680, 442, 498, 736, 498, 736, 680, 442, 44, 282, 324, 86, 680, 442, 680, 442, 282, 44, 736, 498, 296, 58, 282, 44, 470, 708, 282, 44, 736, 498, 282, 44, 526, 764, 680, 442, 352, 114, 736, 498, 764, 526, 44, 282, 114, 352, 526, 764, 296, 58, 680, 442, 526, 764, 114, 352, 708, 470, 708, 470, 708, 470, 470, 708, 30, 268, 736, 498, 86, 324, 352, 114, 470, 708, 764, 526, 44, 282, 324, 86, 324, 86, 652, 414, 498, 736, 30, 268, 44, 282, 652, 414, 526, 764, 30, 268, 114, 352, 764, 526, 30, 268, 352, 114, 498, 736, 764, 526, 352, 114, 708, 470, 680, 442, 680, 442, 498, 736, 680, 442, 114, 352, 708, 470, 680, 442, 708, 470, 324, 86, 652, 414, 282, 44, 764, 526, 470, 708, 498, 736, 470, 708, 708, 470, 498, 736, 764, 526, 736, 498, 86, 324, 352, 114, 282, 44, 736, 498, 498, 736, 414, 652, 282, 44, 680, 442, 526, 764, 470, 708, 324, 86, 86, 324, 498, 736, 30, 268, 680, 442, 498, 736, 526, 764, 324, 86, 442, 680, 526, 764, 44, 282, 44, 282, 736, 498, 526, 764, 526, 764, 352, 114, 324, 86, 470, 708, 736, 498, 680, 442, 86, 324, 764, 526, 736, 498, 58, 296, 442, 680, 324, 86, 470, 708, 764, 526, 708, 470, 58, 296, 324, 86, 282, 44, 352, 114, 352, 114, 708, 470, 352, 114, 30, 268, 324, 86, 414, 652, 282, 44, 86, 324, 352, 114, 352, 114, 324, 86, 526, 764, 764, 526, 352, 114, 736, 498, 352, 114, 44, 282, 352, 114, 764, 526, 114, 352, 526, 764, 470, 708, 282, 44, 526, 764, 282, 44, 442, 680, 296, 58, 526, 764, 652, 414, 470, 708, 722, 484, 324, 86, 268, 30, 352, 114, 764, 526, 44, 282, 282, 44, 352, 114, 526, 764, 324, 86, 296, 58, 352, 114, 498, 736, 352, 114, 352, 114, 44, 282, 352, 114, 708, 470, 114, 352, 526, 764, 268, 30, 736, 498, 114, 352, 470, 708, 296, 58, 526, 764, 268, 30, 414, 652, 470, 708, 764, 526, 268, 30, 296, 58, 526, 764, 708, 470, 708, 470, 352, 114, 114, 352, 268, 30, 352, 114, 268, 30, 352, 114, 764, 526, 442, 680, 352, 114, 764, 526, 442, 680, 352, 114, 736, 498, 764, 526, 352, 114, 442, 680, 764, 526, 58, 296, 708, 470, 526, 764, 268, 30, 44, 282, 652, 414, 86, 324, 324, 86, 736, 498, 526, 764, 352, 114, 352, 114, 764, 526, 282, 44, 268, 30, 526, 764, 86, 324, 114, 352, 44, 282, 352, 114, 470, 708, 114, 352, 470, 708, 652, 414, 442, 680, 268, 30, 736, 498, 764, 526, 708, 470, 764, 526, 352, 114, 114, 352, 526, 764, 114, 352, 736, 498, 352, 114, 352, 114, 526, 764, 470, 708, 736, 498, 30, 268, 114, 352, 282, 44, 442, 680, 352, 114, 30, 268, 30, 268, 470, 708, 736, 498, 352, 114}
Number of lables used:  26
Total time: 0.40 seconds
Memory used: 97.09 MB
--------------------------------------------------

Trying with at most 25 labels...
Solution:
{442, 680, 652, 414, 708, 470, 498, 736, 86, 324, 526, 764, 114, 352, 114, 352, 526, 764, 526, 764, 30, 268, 708, 470, 526, 764, 470, 708, 30, 268, 526, 764, 352, 114, 680, 442, 652, 414, 414, 652, 764, 526, 498, 736, 114, 352, 324, 86, 708, 470, 680, 442, 652, 414, 352, 114, 652, 414, 86, 324, 352, 114, 708, 470, 324, 86, 30, 268, 414, 652, 708, 470, 324, 86, 764, 526, 680, 442, 680, 442, 526, 764, 736, 498, 114, 352, 296, 58, 736, 498, 498, 736, 764, 526, 680, 442, 296, 58, 352, 114, 764, 526, 708, 470, 680, 442, 282, 44, 58, 296, 44, 282, 282, 44, 498, 736, 114, 352, 652, 414, 680, 442, 324, 86, 736, 498, 680, 442, 86, 324, 680, 442, 44, 282, 764, 526, 282, 44, 352, 114, 478, 240, 764, 526, 736, 498, 442, 680, 282, 44, 352, 114, 282, 44, 470, 708, 58, 296, 114, 352, 680, 442, 498, 736, 442, 680, 652, 414, 414, 652, 352, 114, 324, 86, 708, 470, 114, 352, 30, 268, 86, 324, 736, 498, 114, 352, 470, 708, 652, 414, 296, 58, 764, 526, 44, 282, 498, 736, 282, 44, 498, 736, 526, 764, 296, 58, 86, 324, 470, 708, 470, 708, 296, 58, 680, 442, 526, 764, 764, 526, 324, 86, 652, 414, 114, 352, 680, 442, 44, 282, 526, 764, 352, 114, 498, 736, 708, 470, 652, 414, 114, 352, 58, 296, 652, 414, 324, 86, 470, 708, 408, 170, 58, 296, 470, 708, 470, 708, 470, 708, 114, 352, 708, 470, 498, 736, 44, 282, 324, 86, 324, 86, 268, 30, 268, 30, 652, 414, 764, 526, 86, 324, 114, 352, 652, 414, 86, 324, 352, 114, 498, 736, 408, 170, 680, 442, 764, 526, 282, 44, 736, 498, 324, 86, 764, 526, 44, 282, 680, 442, 114, 352, 114, 352, 282, 44, 352, 114, 282, 44, 58, 296, 114, 352, 736, 498, 86, 324, 414, 652, 764, 526, 652, 414, 680, 442, 58, 296, 44, 282, 442, 680, 442, 680, 652, 414, 736, 498, 282, 44, 282, 44, 352, 114, 58, 296, 44, 282, 352, 114, 352, 114, 282, 44, 86, 324, 470, 708, 526, 764, 86, 324, 352, 114, 680, 442, 442, 680, 442, 680, 470, 708, 736, 498, 44, 282, 708, 470, 708, 470, 44, 282, 736, 498, 58, 296, 736, 498, 296, 58, 708, 470, 86, 324, 282, 44, 526, 764, 282, 44, 764, 526, 526, 764, 470, 708, 680, 442, 498, 736, 498, 736, 680, 442, 44, 282, 324, 86, 680, 442, 680, 442, 282, 44, 736, 498, 296, 58, 282, 44, 470, 708, 282, 44, 736, 498, 282, 44, 526, 764, 680, 442, 352, 114, 736, 498, 764, 526, 44, 282, 114, 352, 526, 764, 296, 58, 680, 442, 526, 764, 114, 352, 708, 470, 708, 470, 708, 470, 470, 708, 30, 268, 736, 498, 86, 324, 352, 114, 470, 708, 764, 526, 44, 282, 324, 86, 324, 86, 652, 414, 498, 736, 30, 268, 44, 282, 652, 414, 526, 764, 30, 268, 114, 352, 764, 526, 30, 268, 352, 114, 498, 736, 764, 526, 352, 114, 708, 470, 680, 442, 680, 442, 498, 736, 680, 442, 114, 352, 708, 470, 680, 442, 708, 470, 324, 86, 652, 414, 282, 44, 764, 526, 470, 708, 498, 736, 470, 708, 708, 470, 498, 736, 764, 526, 736, 498, 86, 324, 352, 114, 282, 44, 736, 498, 498, 736, 414, 652, 282, 44, 680, 442, 526, 764, 470, 708, 324, 86, 86, 324, 498, 736, 30, 268, 680, 442, 498, 736, 526, 764, 324, 86, 442, 680, 526, 764, 44, 282, 44, 282, 736, 498, 526, 764, 526, 764, 352, 114, 324, 86, 470, 708, 736, 498, 680, 442, 86, 324, 764, 526, 736, 498, 58, 296, 442, 680, 324, 86, 470, 708, 764, 526, 708, 470, 58, 296, 324, 86, 282, 44, 352, 114, 352, 114, 708, 470, 352, 114, 30, 268, 324, 86, 414, 652, 282, 44, 86, 324, 352, 114, 352, 114, 324, 86, 526, 764, 764, 526, 352, 114, 736, 498, 352, 114, 44, 282, 352, 114, 764, 526, 114, 352, 526, 764, 470, 708, 282, 44, 526, 764, 282, 44, 442, 680, 296, 58, 526, 764, 652, 414, 470, 708, 708, 470, 324, 86, 268, 30, 352, 114, 764, 526, 44, 282, 282, 44, 352, 114, 526, 764, 324, 86, 296, 58, 352, 114, 498, 736, 352, 114, 352, 114, 44, 282, 352, 114, 708, 470, 114, 352, 526, 764, 268, 30, 736, 498, 114, 352, 470, 708, 296, 58, 526, 764, 268, 30, 414, 652, 470, 708, 764, 526, 268, 30, 296, 58, 526, 764, 708, 470, 708, 470, 352, 114, 114, 352, 268, 30, 352, 114, 268, 30, 352, 114, 764, 526, 442, 680, 352, 114, 764, 526, 442, 680, 352, 114, 736, 498, 764, 526, 352, 114, 442, 680, 764, 526, 58, 296, 708, 470, 526, 764, 268, 30, 44, 282, 652, 414, 86, 324, 324, 86, 736, 498, 526, 764, 352, 114, 352, 114, 764, 526, 282, 44, 268, 30, 526, 764, 86, 324, 114, 352, 44, 282, 352, 114, 470, 708, 114, 352, 470, 708, 652, 414, 442, 680, 268, 30, 736, 498, 764, 526, 708, 470, 764, 526, 352, 114, 114, 352, 526, 764, 114, 352, 736, 498, 352, 114, 352, 114, 526, 764, 470, 708, 736, 498, 30, 268, 114, 352, 282, 44, 442, 680, 352, 114, 30, 268, 30, 268, 470, 708, 736, 498, 352, 114}
Number of lables used:  24
Total time: 0.40 seconds
Memory used: 97.09 MB
--------------------------------------------------

Trying with at most 23 labels...
Solution:
{498, 736, 296, 58, 708, 470, 736, 498, 86, 324, 498, 736, 114, 352, 114, 352, 142, 380, 498, 736, 142, 380, 352, 114, 324, 86, 470, 708, 708, 470, 296, 58, 352, 114, 498, 736, 324, 86, 142, 380, 268, 30, 58, 296, 470, 708, 324, 86, 114, 352, 470, 708, 296, 58, 352, 114, 268, 30, 86, 324, 352, 114, 296, 58, 736, 498, 30, 268, 142, 380, 708, 470, 708, 470, 324, 86, 296, 58, 30, 268, 708, 470, 736, 498, 114, 352, 296, 58, 736, 498, 498, 736, 30, 268, 352, 114, 58, 296, 352, 114, 380, 142, 708, 470, 736, 498, 44, 282, 58, 296, 44, 282, 282, 44, 498, 736, 114, 352, 86, 324, 324, 86, 736, 498, 142, 380, 142, 380, 470, 708, 498, 736, 268, 30, 44, 282, 736, 498, 324, 86, 408, 170, 282, 44, 282, 44, 282, 44, 708, 470, 352, 114, 282, 44, 470, 708, 58, 296, 114, 352, 708, 470, 498, 736, 498, 736, 268, 30, 114, 352, 470, 708, 324, 86, 708, 470, 114, 352, 268, 30, 324, 86, 736, 498, 114, 352, 470, 708, 470, 708, 296, 58, 470, 708, 44, 282, 498, 736, 282, 44, 470, 708, 44, 282, 296, 58, 86, 324, 470, 708, 470, 708, 296, 58, 114, 352, 296, 58, 142, 380, 324, 86, 142, 380, 114, 352, 736, 498, 44, 282, 380, 142, 470, 708, 498, 736, 352, 114, 352, 114, 498, 736, 498, 736, 352, 114, 142, 380, 142, 380, 380, 142, 58, 296, 470, 708, 30, 268, 470, 708, 114, 352, 708, 470, 498, 736, 44, 282, 324, 86, 324, 86, 708, 470, 736, 498, 708, 470, 86, 324, 296, 58, 296, 58, 380, 142, 86, 324, 352, 114, 498, 736, 408, 170, 268, 30, 736, 498, 282, 44, 736, 498, 324, 86, 708, 470, 44, 282, 736, 498, 114, 352, 114, 352, 282, 44, 352, 114, 282, 44, 30, 268, 30, 268, 736, 498, 86, 324, 352, 114, 268, 30, 352, 114, 324, 86, 58, 296, 114, 352, 30, 268, 30, 268, 282, 44, 736, 498, 282, 44, 282, 44, 324, 86, 58, 296, 44, 282, 380, 142, 352, 114, 282, 44, 86, 324, 470, 708, 470, 708, 86, 324, 352, 114, 498, 736, 114, 352, 352, 114, 470, 708, 736, 498, 44, 282, 708, 470, 708, 470, 498, 736, 736, 498, 30, 268, 736, 498, 296, 58, 44, 282, 282, 44, 58, 296, 380, 142, 282, 44, 380, 142, 268, 30, 470, 708, 380, 142, 498, 736, 498, 736, 380, 142, 44, 282, 324, 86, 736, 498, 498, 736, 282, 44, 736, 498, 352, 114, 58, 296, 470, 708, 282, 44, 736, 498, 58, 296, 470, 708, 282, 44, 352, 114, 736, 498, 30, 268, 352, 114, 296, 58, 142, 380, 44, 282, 736, 498, 380, 142, 114, 352, 708, 470, 708, 470, 282, 44, 470, 708, 30, 268, 324, 86, 86, 324, 352, 114, 470, 708, 296, 58, 498, 736, 324, 86, 324, 86, 352, 114, 380, 142, 470, 708, 44, 282, 708, 470, 498, 736, 470, 708, 114, 352, 268, 30, 30, 268, 352, 114, 498, 736, 58, 296, 736, 498, 708, 470, 296, 58, 282, 44, 498, 736, 324, 86, 114, 352, 708, 470, 114, 352, 708, 470, 324, 86, 114, 352, 282, 44, 30, 268, 470, 708, 142, 380, 470, 708, 708, 470, 352, 114, 708, 470, 736, 498, 86, 324, 352, 114, 282, 44, 736, 498, 498, 736, 736, 498, 282, 44, 708, 470, 30, 268, 470, 708, 324, 86, 86, 324, 380, 142, 30, 268, 708, 470, 498, 736, 58, 296, 324, 86, 352, 114, 30, 268, 44, 282, 44, 282, 736, 498, 380, 142, 708, 470, 352, 114, 268, 30, 324, 86, 736, 498, 708, 470, 86, 324, 30, 268, 736, 498, 708, 470, 296, 58, 324, 86, 268, 30, 708, 470, 296, 58, 58, 296, 736, 498, 282, 44, 352, 114, 498, 736, 708, 470, 352, 114, 30, 268, 324, 86, 324, 86, 282, 44, 30, 268, 352, 114, 352, 114, 324, 86, 708, 470, 44, 282, 352, 114, 736, 498, 352, 114, 44, 282, 352, 114, 30, 268, 114, 352, 736, 498, 470, 708, 282, 44, 324, 86, 282, 44, 268, 30, 296, 58, 114, 352, 352, 114, 470, 708, 708, 470, 324, 86, 736, 498, 352, 114, 282, 44, 142, 380, 352, 114, 352, 114, 380, 142, 324, 86, 296, 58, 352, 114, 498, 736, 352, 114, 30, 268, 44, 282, 352, 114, 708, 470, 114, 352, 142, 380, 268, 30, 736, 498, 114, 352, 470, 708, 296, 58, 296, 58, 268, 30, 86, 324, 142, 380, 86, 324, 470, 708, 296, 58, 30, 268, 268, 30, 268, 30, 352, 114, 58, 296, 268, 30, 352, 114, 268, 30, 352, 114, 30, 268, 498, 736, 352, 114, 30, 268, 470, 708, 352, 114, 736, 498, 282, 44, 352, 114, 708, 470, 282, 44, 58, 296, 708, 470, 352, 114, 268, 30, 142, 380, 380, 142, 44, 282, 114, 352, 736, 498, 470, 708, 352, 114, 352, 114, 30, 268, 282, 44, 268, 30, 142, 380, 86, 324, 114, 352, 44, 282, 352, 114, 470, 708, 114, 352, 114, 352, 30, 268, 736, 498, 268, 30, 736, 498, 86, 324, 708, 470, 268, 30, 498, 736, 114, 352, 114, 352, 114, 352, 736, 498, 352, 114, 352, 114, 44, 282, 380, 142, 736, 498, 30, 268, 708, 470, 282, 44, 498, 736, 708, 470, 30, 268, 44, 282, 282, 44, 736, 498, 352, 114}
Number of lables used:  18
Total time: 0.42 seconds
Memory used: 97.09 MB
--------------------------------------------------

Trying with at most 17 labels...
Solution:
{498, 736, 296, 58, 708, 470, 736, 498, 86, 324, 498, 736, 380, 142, 498, 736, 142, 380, 498, 736, 142, 380, 352, 114, 324, 86, 470, 708, 736, 498, 296, 58, 58, 296, 470, 708, 142, 380, 324, 86, 736, 498, 30, 268, 470, 708, 324, 86, 114, 352, 470, 708, 296, 58, 352, 114, 268, 30, 86, 324, 352, 114, 114, 352, 324, 86, 30, 268, 142, 380, 708, 470, 114, 352, 708, 470, 380, 142, 30, 268, 708, 470, 736, 498, 114, 352, 296, 58, 352, 114, 498, 736, 380, 142, 352, 114, 58, 296, 352, 114, 470, 708, 708, 470, 736, 498, 30, 268, 58, 296, 380, 142, 498, 736, 498, 736, 380, 142, 324, 86, 498, 736, 268, 30, 142, 380, 470, 708, 380, 142, 498, 736, 268, 30, 470, 708, 268, 30, 736, 498, 478, 240, 470, 708, 470, 708, 736, 498, 380, 142, 470, 708, 142, 380, 470, 708, 114, 352, 498, 736, 380, 142, 498, 736, 498, 736, 324, 86, 114, 352, 470, 708, 324, 86, 708, 470, 114, 352, 268, 30, 268, 30, 736, 498, 114, 352, 470, 708, 296, 58, 296, 58, 470, 708, 58, 296, 498, 736, 30, 268, 470, 708, 352, 114, 324, 86, 86, 324, 58, 296, 58, 296, 324, 86, 114, 352, 296, 58, 142, 380, 324, 86, 142, 380, 114, 352, 736, 498, 470, 708, 380, 142, 114, 352, 498, 736, 352, 114, 352, 114, 470, 708, 30, 268, 58, 296, 708, 470, 324, 86, 380, 142, 324, 86, 470, 708, 268, 30, 470, 708, 114, 352, 708, 470, 380, 142, 736, 498, 470, 708, 296, 58, 352, 114, 352, 114, 498, 736, 86, 324, 296, 58, 296, 58, 380, 142, 86, 324, 352, 114, 498, 736, 478, 240, 86, 324, 736, 498, 352, 114, 736, 498, 324, 86, 708, 470, 142, 380, 736, 498, 708, 470, 708, 470, 114, 352, 352, 114, 268, 30, 380, 142, 498, 736, 736, 498, 86, 324, 736, 498, 268, 30, 352, 114, 324, 86, 58, 296, 142, 380, 30, 268, 30, 268, 296, 58, 736, 498, 470, 708, 296, 58, 324, 86, 58, 296, 498, 736, 380, 142, 352, 114, 498, 736, 86, 324, 470, 708, 470, 708, 86, 324, 352, 114, 498, 736, 86, 324, 324, 86, 470, 708, 736, 498, 498, 736, 708, 470, 708, 470, 324, 86, 736, 498, 58, 296, 736, 498, 296, 58, 352, 114, 498, 736, 142, 380, 380, 142, 352, 114, 380, 142, 268, 30, 470, 708, 380, 142, 498, 736, 498, 736, 380, 142, 296, 58, 324, 86, 736, 498, 498, 736, 30, 268, 736, 498, 352, 114, 58, 296, 470, 708, 296, 58, 736, 498, 58, 296, 470, 708, 86, 324, 352, 114, 114, 352, 30, 268, 352, 114, 296, 58, 142, 380, 470, 708, 86, 324, 380, 142, 114, 352, 708, 470, 708, 470, 352, 114, 268, 30, 30, 268, 324, 86, 86, 324, 352, 114, 470, 708, 296, 58, 498, 736, 324, 86, 352, 114, 736, 498, 380, 142, 142, 380, 30, 268, 708, 470, 498, 736, 142, 380, 58, 296, 268, 30, 30, 268, 352, 114, 498, 736, 58, 296, 736, 498, 708, 470, 296, 58, 86, 324, 498, 736, 324, 86, 114, 352, 708, 470, 114, 352, 708, 470, 58, 296, 114, 352, 380, 142, 30, 268, 58, 296, 142, 380, 470, 708, 470, 708, 498, 736, 708, 470, 114, 352, 86, 324, 352, 114, 324, 86, 736, 498, 324, 86, 296, 58, 296, 58, 708, 470, 86, 324, 470, 708, 30, 268, 736, 498, 380, 142, 30, 268, 380, 142, 498, 736, 268, 30, 324, 86, 352, 114, 30, 268, 498, 736, 296, 58, 736, 498, 380, 142, 142, 380, 58, 296, 114, 352, 324, 86, 736, 498, 708, 470, 86, 324, 30, 268, 736, 498, 708, 470, 296, 58, 324, 86, 268, 30, 114, 352, 58, 296, 58, 296, 296, 58, 708, 470, 352, 114, 498, 736, 736, 498, 708, 470, 86, 324, 324, 86, 324, 86, 114, 352, 268, 30, 352, 114, 380, 142, 86, 324, 708, 470, 708, 470, 352, 114, 736, 498, 352, 114, 498, 736, 352, 114, 30, 268, 114, 352, 736, 498, 470, 708, 296, 58, 324, 86, 736, 498, 268, 30, 296, 58, 114, 352, 352, 114, 470, 708, 498, 736, 142, 380, 352, 114, 268, 30, 470, 708, 142, 380, 30, 268, 30, 268, 380, 142, 324, 86, 296, 58, 352, 114, 498, 736, 352, 114, 58, 296, 268, 30, 142, 380, 708, 470, 114, 352, 142, 380, 268, 30, 736, 498, 114, 352, 470, 708, 296, 58, 380, 142, 268, 30, 296, 58, 142, 380, 86, 324, 470, 708, 296, 58, 30, 268, 352, 114, 352, 114, 352, 114, 380, 142, 268, 30, 352, 114, 268, 30, 352, 114, 30, 268, 498, 736, 352, 114, 30, 268, 470, 708, 352, 114, 736, 498, 708, 470, 352, 114, 708, 470, 296, 58, 142, 380, 708, 470, 352, 114, 268, 30, 296, 58, 114, 352, 352, 114, 114, 352, 736, 498, 470, 708, 352, 114, 352, 114, 736, 498, 58, 296, 30, 268, 142, 380, 498, 736, 708, 470, 58, 296, 498, 736, 352, 114, 114, 352, 114, 352, 30, 268, 736, 498, 268, 30, 708, 470, 86, 324, 708, 470, 268, 30, 498, 736, 114, 352, 114, 352, 114, 352, 736, 498, 352, 114, 352, 114, 736, 498, 380, 142, 736, 498, 30, 268, 708, 470, 268, 30, 498, 736, 708, 470, 30, 268, 114, 352, 324, 86, 736, 498, 352, 114}
Number of lables used:  16
Total time: 0.44 seconds
Memory used: 97.22 MB
--------------------------------------------------

Trying with at most 15 labels...
[runlim] sample:		9.7 time, 9.4 real, 112.1 MB
[runlim] sample:		19.3 time, 19.4 real, 109.8 MB
[runlim] sample:		29.0 time, 29.4 real, 115.9 MB
[runlim] sample:		38.7 time, 38.4 real, 118.6 MB
[runlim] sample:		48.4 time, 48.4 real, 121.5 MB
[runlim] sample:		58.2 time, 58.4 real, 122.4 MB
[runlim] sample:		67.9 time, 67.5 real, 121.5 MB
[runlim] sample:		77.6 time, 77.5 real, 119.7 MB
[runlim] sample:		87.3 time, 87.5 real, 117.4 MB
[runlim] sample:		97.0 time, 96.5 real, 129.8 MB
[runlim] sample:		106.7 time, 106.5 real, 125.2 MB
[runlim] sample:		116.4 time, 116.5 real, 119.3 MB
[runlim] sample:		126.1 time, 126.5 real, 122.7 MB
[runlim] sample:		135.8 time, 136.5 real, 124.6 MB
[runlim] sample:		145.5 time, 145.1 real, 127.1 MB
[runlim] sample:		155.2 time, 155.1 real, 127.6 MB
[runlim] sample:		165.0 time, 165.1 real, 128.0 MB
[runlim] sample:		174.7 time, 174.2 real, 129.3 MB
[runlim] sample:		184.4 time, 184.2 real, 129.7 MB
[runlim] sample:		194.1 time, 194.2 real, 129.7 MB
[runlim] sample:		203.8 time, 204.2 real, 128.5 MB
[runlim] sample:		213.5 time, 213.2 real, 127.0 MB
[runlim] sample:		223.2 time, 223.2 real, 126.5 MB
[runlim] sample:		232.9 time, 233.2 real, 124.7 MB
[runlim] sample:		242.6 time, 243.2 real, 133.3 MB
[runlim] sample:		252.3 time, 251.8 real, 131.1 MB
[runlim] sample:		262.1 time, 261.8 real, 128.0 MB
[runlim] sample:		271.8 time, 271.8 real, 123.6 MB
[runlim] sample:		281.5 time, 281.8 real, 132.8 MB
[runlim] sample:		291.2 time, 291.0 real, 129.4 MB
[runlim] sample:		300.9 time, 301.0 real, 124.8 MB
[runlim] sample:		310.7 time, 311.0 real, 135.3 MB
[runlim] sample:		320.4 time, 320.0 real, 131.1 MB
[runlim] sample:		330.1 time, 330.0 real, 125.7 MB
[runlim] sample:		339.8 time, 340.0 real, 135.1 MB
[runlim] sample:		349.5 time, 349.1 real, 129.1 MB
[runlim] sample:		359.2 time, 359.1 real, 138.2 MB
[runlim] sample:		368.9 time, 369.1 real, 132.3 MB
[runlim] sample:		378.7 time, 378.2 real, 139.7 MB
[runlim] sample:		388.4 time, 388.2 real, 133.4 MB
[runlim] sample:		398.1 time, 398.2 real, 141.2 MB
[runlim] sample:		407.8 time, 408.2 real, 136.1 MB
[runlim] sample:		417.5 time, 417.2 real, 128.5 MB
[runlim] sample:		427.2 time, 427.2 real, 137.0 MB
[runlim] sample:		436.9 time, 437.2 real, 127.9 MB
[runlim] sample:		446.6 time, 446.3 real, 136.4 MB
[runlim] sample:		456.3 time, 456.3 real, 128.6 MB
[runlim] sample:		466.0 time, 466.3 real, 137.2 MB
[runlim] sample:		475.7 time, 476.3 real, 128.7 MB
[runlim] sample:		485.6 time, 486.3 real, 139.1 MB
[runlim] sample:		495.3 time, 495.0 real, 131.0 MB
[runlim] sample:		505.0 time, 505.0 real, 139.7 MB
[runlim] sample:		514.7 time, 515.0 real, 130.4 MB
[runlim] sample:		524.4 time, 524.1 real, 138.5 MB
[runlim] sample:		534.1 time, 534.1 real, 146.1 MB
[runlim] sample:		543.8 time, 544.1 real, 138.0 MB
[runlim] sample:		553.5 time, 553.1 real, 145.7 MB
[runlim] sample:		563.2 time, 563.1 real, 138.4 MB
[runlim] sample:		573.0 time, 573.1 real, 145.5 MB
[runlim] sample:		582.7 time, 582.2 real, 137.2 MB
[runlim] sample:		592.4 time, 592.2 real, 144.1 MB
[runlim] end:			Fri Dec 12 18:55:14 2025
[runlim] status:		out of time
[runlim] result:		2
[runlim] children:		0
[runlim] real:			600.12 seconds
[runlim] time:			600.06 seconds
[runlim] space:			180.6 MB
[runlim] samples:		6179
