[runlim] version:		1.10
[runlim] time limit:		311040000 seconds
[runlim] real time limit:	600 seconds
[runlim] space limit:		8000 MB
[runlim] argv[0]:		python3
[runlim] argv[1]:		-u
[runlim] argv[2]:		pairwise.py
[runlim] argv[3]:		scen04
[runlim] start:			Fri Dec 12 19:15:14 2025
[runlim] main pid:		110262
Solve first problem:
Solution:
{694, 456, 268, 30, 736, 498, 16, 254, 16, 254, 268, 30, 30, 268, 764, 526, 128, 366, 366, 128, 792, 554, 442, 680, 30, 268, 666, 428, 526, 764, 254, 16, 470, 708, 114, 352, 16, 254, 16, 254, 708, 470, 156, 394, 652, 414, 86, 324, 380, 142, 30, 268, 778, 540, 72, 310, 156, 394, 142, 380, 540, 778, 142, 380, 380, 142, 722, 484, 554, 792, 254, 16, 666, 428, 554, 792, 554, 792, 142, 380, 114, 352, 142, 380, 44, 282, 554, 792, 254, 16, 254, 16, 114, 352, 30, 268, 414, 652, 310, 72, 540, 778, 652, 414, 254, 16, 498, 736, 470, 708, 86, 324, 282, 44, 86, 324, 282, 44, 680, 442, 764, 526, 114, 352, 30, 268, 722, 484, 414, 652, 778, 540, 680, 442, 58, 296, 310, 72, 792, 554, 72, 310, 44, 282, 498, 736, 778, 540, 554, 792, 394, 156, 778, 540, 414, 652, 512, 750, 170, 408, 554, 792, 16, 254, 526, 764, 380, 142, 30, 268, 442, 680, 792, 554, 394, 156, 708, 470, 470, 708, 652, 414, 254, 16, 394, 156, 254, 16, 142, 380, 156, 394, 352, 114, 366, 128, 750, 512, 764, 526, 512, 750, 764, 526, 554, 792, 554, 792, 352, 114, 86, 324, 456, 694, 44, 282, 44, 282, 44, 282, 526, 764, 268, 30, 366, 128, 526, 764, 352, 114, 428, 666, 750, 512, 268, 30, 750, 512, 680, 442, 778, 540, 540, 778, 30, 268, 324, 86, 352, 114, 428, 666, 254, 16, 694, 456, 142, 380, 778, 540, 366, 128, 708, 470, 442, 680, 282, 44, 442, 680, 268, 30, 456, 694, 352, 114, 540, 778, 778, 540, 380, 142, 128, 366, 456, 694, 30, 268, 554, 792, 778, 540, 652, 414, 666, 428, 722, 484, 44, 282, 366, 128, 540, 778, 268, 30, 128, 366, 470, 708, 380, 142, 778, 540, 456, 694, 526, 764, 484, 722, 526, 764, 666, 428, 526, 764, 540, 778, 666, 428, 44, 282, 394, 156, 114, 352, 338, 100, 352, 114, 764, 526, 282, 44, 254, 16, 324, 86, 456, 694, 680, 442, 792, 554, 338, 100, 414, 652, 324, 86, 282, 44, 58, 296, 156, 394, 666, 428, 380, 142, 456, 694, 282, 44, 380, 142, 142, 380, 694, 456, 268, 30, 778, 540, 30, 268, 428, 666, 736, 498, 792, 554, 414, 652, 554, 792, 694, 456, 764, 526, 380, 142, 652, 414, 764, 526, 128, 366, 352, 114, 512, 750, 526, 764, 778, 540, 128, 366, 764, 526, 540, 778, 526, 764, 128, 366, 540, 778, 484, 722, 30, 268, 142, 380, 778, 540, 470, 708, 268, 30, 268, 30, 666, 428, 44, 282, 428, 666, 128, 366, 254, 16, 296, 58, 30, 268, 100, 338, 268, 30, 512, 750, 456, 694, 540, 778, 352, 114, 16, 254, 394, 156, 366, 128, 498, 736, 128, 366, 736, 498, 296, 58, 512, 750, 268, 30, 778, 540, 58, 296, 722, 484, 554, 792, 254, 16, 652, 414, 44, 282, 156, 394, 44, 282, 72, 310, 708, 470, 394, 156, 792, 554, 778, 540, 540, 778, 540, 778, 750, 512, 540, 778, 268, 30, 666, 428, 778, 540, 44, 282, 58, 296, 708, 470, 526, 764, 142, 380, 526, 764, 442, 680, 498, 736, 310, 72, 44, 282, 526, 764, 652, 414, 324, 86, 680, 442, 394, 156, 666, 428, 324, 86, 268, 30, 72, 310, 58, 296, 722, 484, 310, 72, 540, 778, 708, 470, 366, 128, 680, 442, 764, 526, 540, 778, 442, 680, 128, 366, 254, 16, 498, 736, 114, 352, 498, 736, 324, 86, 694, 456, 764, 526, 268, 30, 512, 750, 16, 254, 254, 16, 512, 750, 142, 380, 512, 750, 310, 72, 554, 792, 16, 254, 526, 764, 324, 86, 338, 100, 778, 540, 778, 540, 414, 652, 338, 100, 442, 680, 652, 414, 554, 792, 114, 352, 778, 540, 526, 764, 128, 366, 30, 268, 268, 30, 666, 428, 456, 694, 526, 764, 100, 338, 366, 128, 366, 128, 44, 282, 708, 470, 30, 268, 268, 30, 268, 30, 498, 736, 16, 254}
Correct solution!
Number of lables used:  46
Total time: 2.11 seconds
Memory used: 159.05 MB
--------------------------------------------------

Trying with at most 45 labels...
Solution:
{694, 456, 268, 30, 736, 498, 16, 254, 16, 254, 268, 30, 30, 268, 764, 526, 30, 268, 366, 128, 792, 554, 442, 680, 30, 268, 666, 428, 526, 764, 254, 16, 470, 708, 114, 352, 16, 254, 16, 254, 708, 470, 156, 394, 652, 414, 86, 324, 380, 142, 30, 268, 778, 540, 72, 310, 156, 394, 156, 394, 540, 778, 142, 380, 394, 156, 722, 484, 554, 792, 254, 16, 666, 428, 540, 778, 540, 778, 142, 380, 114, 352, 128, 366, 44, 282, 554, 792, 254, 16, 254, 16, 114, 352, 30, 268, 414, 652, 310, 72, 512, 750, 652, 414, 254, 16, 512, 750, 470, 708, 86, 324, 282, 44, 86, 324, 282, 44, 680, 442, 764, 526, 72, 310, 30, 268, 764, 526, 414, 652, 778, 540, 680, 442, 44, 282, 282, 44, 792, 554, 72, 310, 72, 310, 498, 736, 778, 540, 554, 792, 394, 156, 778, 540, 428, 666, 526, 764, 170, 408, 554, 792, 750, 512, 526, 764, 380, 142, 30, 268, 442, 680, 792, 554, 394, 156, 708, 470, 484, 722, 652, 414, 254, 16, 394, 156, 254, 16, 142, 380, 142, 380, 352, 114, 352, 114, 736, 498, 764, 526, 526, 764, 764, 526, 554, 792, 554, 792, 352, 114, 86, 324, 456, 694, 44, 282, 30, 268, 44, 282, 526, 764, 268, 30, 366, 128, 526, 764, 352, 114, 428, 666, 750, 512, 268, 30, 736, 498, 680, 442, 778, 540, 526, 764, 30, 268, 352, 114, 324, 86, 442, 680, 254, 16, 680, 442, 114, 352, 778, 540, 366, 128, 694, 456, 442, 680, 268, 30, 428, 666, 268, 30, 456, 694, 366, 128, 540, 778, 778, 540, 380, 142, 114, 352, 456, 694, 778, 540, 554, 792, 778, 540, 156, 394, 652, 414, 722, 484, 44, 282, 366, 128, 540, 778, 268, 30, 128, 366, 470, 708, 380, 142, 778, 540, 456, 694, 540, 778, 470, 708, 526, 764, 666, 428, 526, 764, 540, 778, 666, 428, 44, 282, 380, 142, 114, 352, 380, 142, 352, 114, 764, 526, 282, 44, 254, 16, 324, 86, 456, 694, 694, 456, 778, 540, 324, 86, 414, 652, 352, 114, 268, 30, 30, 268, 142, 380, 652, 414, 380, 142, 456, 694, 282, 44, 380, 142, 142, 380, 694, 456, 310, 72, 778, 540, 30, 268, 428, 666, 722, 484, 792, 554, 414, 652, 554, 792, 694, 456, 764, 526, 380, 142, 652, 414, 764, 526, 128, 366, 352, 114, 512, 750, 540, 778, 778, 540, 128, 366, 764, 526, 540, 778, 526, 764, 128, 366, 540, 778, 470, 708, 30, 268, 142, 380, 778, 540, 470, 708, 268, 30, 268, 30, 666, 428, 44, 282, 428, 666, 128, 366, 254, 16, 324, 86, 30, 268, 72, 310, 268, 30, 526, 764, 470, 708, 540, 778, 352, 114, 16, 254, 394, 156, 366, 128, 498, 736, 128, 366, 736, 498, 282, 44, 736, 498, 268, 30, 778, 540, 86, 324, 778, 540, 554, 792, 254, 16, 652, 414, 72, 310, 156, 394, 72, 310, 72, 310, 708, 470, 394, 156, 792, 554, 778, 540, 540, 778, 540, 778, 778, 540, 470, 708, 282, 44, 666, 428, 792, 554, 44, 282, 30, 268, 708, 470, 268, 30, 142, 380, 540, 778, 428, 666, 498, 736, 310, 72, 44, 282, 526, 764, 652, 414, 324, 86, 680, 442, 394, 156, 680, 442, 324, 86, 268, 30, 72, 310, 30, 268, 750, 512, 310, 72, 540, 778, 708, 470, 366, 128, 680, 442, 764, 526, 540, 778, 442, 680, 128, 366, 254, 16, 498, 736, 114, 352, 498, 736, 324, 86, 694, 456, 764, 526, 268, 30, 512, 750, 16, 254, 254, 16, 512, 750, 142, 380, 540, 778, 456, 694, 254, 16, 764, 526, 282, 44, 456, 694, 470, 708, 778, 540, 778, 540, 414, 652, 324, 86, 442, 680, 142, 380, 554, 792, 114, 352, 778, 540, 526, 764, 128, 366, 30, 268, 268, 30, 666, 428, 456, 694, 526, 764, 30, 268, 366, 128, 366, 128, 44, 282, 708, 470, 30, 268, 268, 30, 268, 30, 484, 722, 16, 254}
Number of lables used:  42
Total time: 2.36 seconds
Memory used: 161.68 MB
--------------------------------------------------

Trying with at most 41 labels...
Solution:
{694, 456, 254, 16, 722, 484, 16, 254, 16, 254, 324, 86, 142, 380, 750, 512, 16, 254, 366, 128, 792, 554, 414, 652, 44, 282, 666, 428, 526, 764, 282, 44, 456, 694, 114, 352, 16, 254, 16, 254, 708, 470, 156, 394, 652, 414, 86, 324, 380, 142, 30, 268, 778, 540, 72, 310, 156, 394, 156, 394, 526, 764, 142, 380, 394, 156, 722, 484, 554, 792, 254, 16, 666, 428, 554, 792, 554, 792, 128, 366, 114, 352, 156, 394, 44, 282, 554, 792, 254, 16, 254, 16, 128, 366, 16, 254, 414, 652, 310, 72, 526, 764, 652, 414, 268, 30, 526, 764, 470, 708, 86, 324, 254, 16, 86, 324, 282, 44, 680, 442, 764, 526, 86, 324, 72, 310, 764, 526, 414, 652, 778, 540, 666, 428, 44, 282, 282, 44, 792, 554, 72, 310, 72, 310, 526, 764, 792, 554, 554, 792, 394, 156, 778, 540, 428, 666, 526, 764, 170, 408, 554, 792, 44, 282, 554, 792, 380, 142, 30, 268, 456, 694, 792, 554, 394, 156, 708, 470, 484, 722, 652, 414, 268, 30, 394, 156, 254, 16, 142, 380, 142, 380, 352, 114, 352, 114, 750, 512, 764, 526, 540, 778, 764, 526, 540, 778, 540, 778, 352, 114, 86, 324, 456, 694, 44, 282, 30, 268, 44, 282, 526, 764, 268, 30, 366, 128, 526, 764, 352, 114, 428, 666, 764, 526, 282, 44, 750, 512, 694, 456, 778, 540, 540, 778, 44, 282, 324, 86, 324, 86, 442, 680, 254, 16, 694, 456, 114, 352, 778, 540, 366, 128, 694, 456, 442, 680, 268, 30, 456, 694, 310, 72, 456, 694, 366, 128, 526, 764, 708, 470, 366, 128, 114, 352, 456, 694, 764, 526, 694, 456, 778, 540, 156, 394, 652, 414, 722, 484, 44, 282, 366, 128, 540, 778, 282, 44, 142, 380, 442, 680, 380, 142, 778, 540, 456, 694, 540, 778, 470, 708, 526, 764, 652, 414, 526, 764, 540, 778, 680, 442, 44, 282, 352, 114, 114, 352, 380, 142, 366, 128, 722, 484, 282, 44, 254, 16, 324, 86, 456, 694, 694, 456, 792, 554, 324, 86, 414, 652, 352, 114, 268, 30, 16, 254, 142, 380, 666, 428, 380, 142, 456, 694, 282, 44, 380, 142, 142, 380, 694, 456, 268, 30, 764, 526, 30, 268, 428, 666, 722, 484, 792, 554, 442, 680, 540, 778, 694, 456, 764, 526, 380, 142, 652, 414, 764, 526, 128, 366, 352, 114, 526, 764, 540, 778, 778, 540, 128, 366, 764, 526, 540, 778, 540, 778, 142, 380, 540, 778, 470, 708, 30, 268, 142, 380, 778, 540, 484, 722, 380, 142, 268, 30, 666, 428, 44, 282, 428, 666, 128, 366, 268, 30, 310, 72, 30, 268, 72, 310, 282, 44, 512, 750, 456, 694, 540, 778, 352, 114, 16, 254, 394, 156, 394, 156, 484, 722, 30, 268, 750, 512, 282, 44, 540, 778, 310, 72, 778, 540, 86, 324, 778, 540, 512, 750, 72, 310, 652, 414, 72, 310, 142, 380, 72, 310, 72, 310, 708, 470, 394, 156, 792, 554, 778, 540, 540, 778, 540, 778, 764, 526, 540, 778, 282, 44, 666, 428, 792, 554, 44, 282, 30, 268, 708, 470, 282, 44, 142, 380, 540, 778, 428, 666, 540, 778, 268, 30, 30, 268, 526, 764, 652, 414, 324, 86, 680, 442, 394, 156, 666, 428, 268, 30, 268, 30, 72, 310, 30, 268, 750, 512, 366, 128, 526, 764, 694, 456, 282, 44, 708, 470, 778, 540, 540, 778, 456, 694, 128, 366, 268, 30, 484, 722, 114, 352, 484, 722, 352, 114, 694, 456, 764, 526, 268, 30, 512, 750, 16, 254, 254, 16, 512, 750, 142, 380, 512, 750, 456, 694, 254, 16, 764, 526, 282, 44, 442, 680, 456, 694, 750, 512, 764, 526, 428, 666, 324, 86, 470, 708, 142, 380, 540, 778, 128, 366, 778, 540, 540, 778, 86, 324, 114, 352, 282, 44, 666, 428, 442, 680, 526, 764, 86, 324, 380, 142, 380, 142, 72, 310, 708, 470, 30, 268, 268, 30, 268, 30, 428, 666, 16, 254}
Number of lables used:  40
Total time: 2.41 seconds
Memory used: 161.80 MB
--------------------------------------------------

Trying with at most 39 labels...
Cannot find solution.
No more solutions found.
Optimal number of labels used:  40
[runlim] end:			Fri Dec 12 19:15:16 2025
[runlim] status:		ok
[runlim] result:		0
[runlim] children:		0
[runlim] real:			2.54 seconds
[runlim] time:			2.31 seconds
[runlim] space:			161.3 MB
[runlim] samples:		24
