[runlim] version:		1.10
[runlim] time limit:		311040000 seconds
[runlim] real time limit:	600 seconds
[runlim] space limit:		8000 MB
[runlim] argv[0]:		python3
[runlim] argv[1]:		-u
[runlim] argv[2]:		temp.py
[runlim] argv[3]:		graph01
[runlim] start:			Sat Dec 27 14:51:25 2025
[runlim] main pid:		21689
Solve first problem:
Solution:
{1: 296, 2: 58, 3: 652, 4: 414, 5: 16, 6: 254, 7: 380, 8: 142, 9: 380, 10: 142, 11: 778, 12: 540, 13: 338, 14: 100, 15: 296, 16: 58, 17: 652, 18: 414, 19: 394, 20: 156, 21: 296, 22: 58, 23: 478, 24: 240, 25: 310, 26: 72, 27: 114, 28: 352, 29: 296, 30: 58, 31: 268, 32: 30, 33: 352, 34: 114, 35: 310, 36: 72, 37: 338, 38: 100, 39: 324, 40: 86, 41: 282, 42: 44, 43: 778, 44: 540, 45: 254, 46: 16, 47: 72, 48: 310, 49: 282, 50: 44, 51: 394, 52: 156, 53: 310, 54: 72, 55: 86, 56: 324, 57: 16, 58: 254, 59: 778, 60: 540, 61: 254, 62: 16, 63: 352, 64: 114, 65: 254, 66: 16, 67: 296, 68: 58, 69: 254, 70: 16, 71: 324, 72: 86, 73: 380, 74: 142, 75: 268, 76: 30, 77: 750, 78: 512, 79: 310, 80: 72, 81: 254, 82: 16, 83: 268, 84: 30, 85: 324, 86: 86, 87: 680, 88: 442, 89: 338, 90: 100, 91: 652, 92: 414, 93: 254, 94: 16, 95: 44, 96: 282, 97: 478, 98: 240, 99: 30, 100: 268, 101: 380, 102: 142, 103: 282, 104: 44, 105: 352, 106: 114, 107: 296, 108: 58, 109: 296, 110: 58, 111: 380, 112: 142, 113: 268, 114: 30, 115: 114, 116: 352, 117: 254, 118: 16, 119: 296, 120: 58, 121: 380, 122: 142, 123: 380, 124: 142, 125: 254, 126: 16, 127: 296, 128: 58, 129: 338, 130: 100, 131: 268, 132: 30, 133: 694, 134: 456, 135: 478, 136: 240, 137: 282, 138: 44, 139: 296, 140: 58, 141: 324, 142: 86, 143: 324, 144: 86, 145: 268, 146: 30, 147: 254, 148: 16, 149: 324, 150: 86, 151: 652, 152: 414, 153: 254, 154: 16, 155: 324, 156: 86, 157: 268, 158: 30, 159: 268, 160: 30, 161: 394, 162: 156, 163: 296, 164: 58, 165: 352, 166: 114, 167: 366, 168: 128, 169: 254, 170: 16, 171: 268, 172: 30, 173: 254, 174: 16, 175: 324, 176: 86, 177: 254, 178: 16, 179: 282, 180: 44, 181: 652, 182: 414, 183: 268, 184: 30, 185: 324, 186: 86, 187: 268, 188: 30, 189: 254, 190: 16, 191: 310, 192: 72, 193: 380, 194: 142, 195: 268, 196: 30, 197: 254, 198: 16, 199: 254, 200: 16}
Correct solution!
Number of lables used:  34
Time taken: 0.18 seconds
Memory used: 44.63 MB

Solving with at most 33 labels...
Solution:
{1: 296, 2: 58, 3: 652, 4: 414, 5: 16, 6: 254, 7: 380, 8: 142, 9: 380, 10: 142, 11: 778, 12: 540, 13: 338, 14: 100, 15: 296, 16: 58, 17: 652, 18: 414, 19: 394, 20: 156, 21: 296, 22: 58, 23: 478, 24: 240, 25: 310, 26: 72, 27: 114, 28: 352, 29: 296, 30: 58, 31: 268, 32: 30, 33: 352, 34: 114, 35: 310, 36: 72, 37: 338, 38: 100, 39: 324, 40: 86, 41: 282, 42: 44, 43: 778, 44: 540, 45: 254, 46: 16, 47: 72, 48: 310, 49: 282, 50: 44, 51: 394, 52: 156, 53: 310, 54: 72, 55: 86, 56: 324, 57: 16, 58: 254, 59: 778, 60: 540, 61: 254, 62: 16, 63: 352, 64: 114, 65: 254, 66: 16, 67: 296, 68: 58, 69: 254, 70: 16, 71: 324, 72: 86, 73: 380, 74: 142, 75: 268, 76: 30, 77: 750, 78: 512, 79: 310, 80: 72, 81: 254, 82: 16, 83: 268, 84: 30, 85: 324, 86: 86, 87: 680, 88: 442, 89: 338, 90: 100, 91: 652, 92: 414, 93: 254, 94: 16, 95: 44, 96: 282, 97: 478, 98: 240, 99: 30, 100: 268, 101: 380, 102: 142, 103: 282, 104: 44, 105: 352, 106: 114, 107: 296, 108: 58, 109: 296, 110: 58, 111: 380, 112: 142, 113: 268, 114: 30, 115: 114, 116: 352, 117: 254, 118: 16, 119: 296, 120: 58, 121: 380, 122: 142, 123: 380, 124: 142, 125: 254, 126: 16, 127: 296, 128: 58, 129: 338, 130: 100, 131: 268, 132: 30, 133: 694, 134: 456, 135: 478, 136: 240, 137: 282, 138: 44, 139: 296, 140: 58, 141: 324, 142: 86, 143: 324, 144: 86, 145: 268, 146: 30, 147: 254, 148: 16, 149: 324, 150: 86, 151: 652, 152: 414, 153: 254, 154: 16, 155: 324, 156: 86, 157: 268, 158: 30, 159: 268, 160: 30, 161: 394, 162: 156, 163: 296, 164: 58, 165: 352, 166: 114, 167: 366, 168: 128, 169: 254, 170: 16, 171: 268, 172: 30, 173: 254, 174: 16, 175: 324, 176: 86, 177: 254, 178: 16, 179: 282, 180: 44, 181: 652, 182: 414, 183: 268, 184: 30, 185: 324, 186: 86, 187: 268, 188: 30, 189: 254, 190: 16, 191: 310, 192: 72, 193: 380, 194: 142, 195: 268, 196: 30, 197: 254, 198: 16, 199: 254, 200: 16}
Correct solution!
Number of lables used:  34
Time taken: 0.21 seconds
Memory used: 45.88 MB

Solving with at most 33 labels...
Solution:
{1: 470, 2: 708, 3: 708, 4: 470, 5: 114, 6: 352, 7: 478, 8: 240, 9: 478, 10: 240, 11: 778, 12: 540, 13: 380, 14: 142, 15: 708, 16: 470, 17: 708, 18: 470, 19: 114, 20: 352, 21: 58, 22: 296, 23: 240, 24: 478, 25: 764, 26: 526, 27: 680, 28: 442, 29: 380, 30: 142, 31: 296, 32: 58, 33: 142, 34: 380, 35: 142, 36: 380, 37: 380, 38: 142, 39: 44, 40: 282, 41: 282, 42: 44, 43: 526, 44: 764, 45: 296, 46: 58, 47: 666, 48: 428, 49: 470, 50: 708, 51: 282, 52: 44, 53: 282, 54: 44, 55: 470, 56: 708, 57: 708, 58: 470, 59: 750, 60: 512, 61: 352, 62: 114, 63: 708, 64: 470, 65: 352, 66: 114, 67: 58, 68: 296, 69: 296, 70: 58, 71: 708, 72: 470, 73: 142, 74: 380, 75: 58, 76: 296, 77: 750, 78: 512, 79: 58, 80: 296, 81: 58, 82: 296, 83: 352, 84: 114, 85: 380, 86: 142, 87: 58, 88: 296, 89: 44, 90: 282, 91: 666, 92: 428, 93: 44, 94: 282, 95: 680, 96: 442, 97: 142, 98: 380, 99: 470, 100: 708, 101: 750, 102: 512, 103: 296, 104: 58, 105: 680, 106: 442, 107: 380, 108: 142, 109: 296, 110: 58, 111: 296, 112: 58, 113: 352, 114: 114, 115: 44, 116: 282, 117: 352, 118: 114, 119: 58, 120: 296, 121: 142, 122: 380, 123: 240, 124: 478, 125: 114, 126: 352, 127: 352, 128: 114, 129: 282, 130: 44, 131: 352, 132: 114, 133: 666, 134: 428, 135: 240, 136: 478, 137: 58, 138: 296, 139: 296, 140: 58, 141: 708, 142: 470, 143: 380, 144: 142, 145: 352, 146: 114, 147: 282, 148: 44, 149: 708, 150: 470, 151: 456, 152: 694, 153: 352, 154: 114, 155: 352, 156: 114, 157: 352, 158: 114, 159: 44, 160: 282, 161: 296, 162: 58, 163: 352, 164: 114, 165: 792, 166: 554, 167: 114, 168: 352, 169: 352, 170: 114, 171: 44, 172: 282, 173: 442, 174: 680, 175: 470, 176: 708, 177: 352, 178: 114, 179: 142, 180: 380, 181: 380, 182: 142, 183: 736, 184: 498, 185: 470, 186: 708, 187: 722, 188: 484, 189: 58, 190: 296, 191: 666, 192: 428, 193: 240, 194: 478, 195: 44, 196: 282, 197: 470, 198: 708, 199: 282, 200: 44}
Correct solution!
Number of lables used:  30
Time taken: 0.28 seconds
Memory used: 46.66 MB

Solving with at most 29 labels...
Solution:
{1: 414, 2: 652, 3: 652, 4: 414, 5: 86, 6: 324, 7: 142, 8: 380, 9: 142, 10: 380, 11: 268, 12: 30, 13: 268, 14: 30, 15: 296, 16: 58, 17: 792, 18: 554, 19: 254, 20: 16, 21: 338, 22: 100, 23: 142, 24: 380, 25: 16, 26: 254, 27: 324, 28: 86, 29: 296, 30: 58, 31: 352, 32: 114, 33: 86, 34: 324, 35: 324, 36: 86, 37: 338, 38: 100, 39: 296, 40: 58, 41: 114, 42: 352, 43: 512, 44: 750, 45: 268, 46: 30, 47: 16, 48: 254, 49: 722, 50: 484, 51: 352, 52: 114, 53: 694, 54: 456, 55: 792, 56: 554, 57: 86, 58: 324, 59: 456, 60: 694, 61: 380, 62: 142, 63: 142, 64: 380, 65: 652, 66: 414, 67: 352, 68: 114, 69: 338, 70: 100, 71: 86, 72: 324, 73: 142, 74: 380, 75: 750, 76: 512, 77: 456, 78: 694, 79: 380, 80: 142, 81: 352, 82: 114, 83: 652, 84: 414, 85: 86, 86: 324, 87: 16, 88: 254, 89: 254, 90: 16, 91: 30, 92: 268, 93: 16, 94: 254, 95: 296, 96: 58, 97: 380, 98: 142, 99: 86, 100: 324, 101: 652, 102: 414, 103: 652, 104: 414, 105: 296, 106: 58, 107: 142, 108: 380, 109: 380, 110: 142, 111: 352, 112: 114, 113: 652, 114: 414, 115: 338, 116: 100, 117: 380, 118: 142, 119: 380, 120: 142, 121: 408, 122: 170, 123: 142, 124: 380, 125: 114, 126: 352, 127: 722, 128: 484, 129: 722, 130: 484, 131: 750, 132: 512, 133: 750, 134: 512, 135: 380, 136: 142, 137: 652, 138: 414, 139: 338, 140: 100, 141: 652, 142: 414, 143: 58, 144: 296, 145: 296, 146: 58, 147: 338, 148: 100, 149: 694, 150: 456, 151: 114, 152: 352, 153: 380, 154: 142, 155: 652, 156: 414, 157: 652, 158: 414, 159: 484, 160: 722, 161: 652, 162: 414, 163: 652, 164: 414, 165: 652, 166: 414, 167: 750, 168: 512, 169: 324, 170: 86, 171: 114, 172: 352, 173: 380, 174: 142, 175: 652, 176: 414, 177: 142, 178: 380, 179: 114, 180: 352, 181: 268, 182: 30, 183: 484, 184: 722, 185: 792, 186: 554, 187: 456, 188: 694, 189: 652, 190: 414, 191: 58, 192: 296, 193: 380, 194: 142, 195: 352, 196: 114, 197: 254, 198: 16, 199: 254, 200: 16}
Correct solution!
Number of lables used:  26
Time taken: 0.42 seconds
Memory used: 48.53 MB

Solving with at most 25 labels...
Solution:
{1: 30, 2: 268, 3: 526, 4: 764, 5: 30, 6: 268, 7: 408, 8: 170, 9: 478, 10: 240, 11: 114, 12: 352, 13: 324, 14: 86, 15: 114, 16: 352, 17: 30, 18: 268, 19: 352, 20: 114, 21: 254, 22: 16, 23: 408, 24: 170, 25: 526, 26: 764, 27: 16, 28: 254, 29: 268, 30: 30, 31: 380, 32: 142, 33: 680, 34: 442, 35: 268, 36: 30, 37: 380, 38: 142, 39: 268, 40: 30, 41: 722, 42: 484, 43: 128, 44: 366, 45: 128, 46: 366, 47: 16, 48: 254, 49: 694, 50: 456, 51: 380, 52: 142, 53: 86, 54: 324, 55: 268, 56: 30, 57: 30, 58: 268, 59: 456, 60: 694, 61: 366, 62: 128, 63: 114, 64: 352, 65: 16, 66: 254, 67: 142, 68: 380, 69: 352, 70: 114, 71: 30, 72: 268, 73: 408, 74: 170, 75: 380, 76: 142, 77: 484, 78: 722, 79: 30, 80: 268, 81: 352, 82: 114, 83: 694, 84: 456, 85: 442, 86: 680, 87: 86, 88: 324, 89: 268, 90: 30, 91: 484, 92: 722, 93: 30, 94: 268, 95: 442, 96: 680, 97: 170, 98: 408, 99: 114, 100: 352, 101: 456, 102: 694, 103: 324, 104: 86, 105: 268, 106: 30, 107: 142, 108: 380, 109: 366, 110: 128, 111: 352, 112: 114, 113: 694, 114: 456, 115: 16, 116: 254, 117: 366, 118: 128, 119: 366, 120: 128, 121: 478, 122: 240, 123: 170, 124: 408, 125: 114, 126: 352, 127: 456, 128: 694, 129: 128, 130: 366, 131: 30, 132: 268, 133: 268, 134: 30, 135: 408, 136: 170, 137: 694, 138: 456, 139: 366, 140: 128, 141: 114, 142: 352, 143: 16, 144: 254, 145: 114, 146: 352, 147: 128, 148: 366, 149: 324, 150: 86, 151: 114, 152: 352, 153: 366, 154: 128, 155: 694, 156: 456, 157: 722, 158: 484, 159: 526, 160: 764, 161: 142, 162: 380, 163: 694, 164: 456, 165: 380, 166: 142, 167: 484, 168: 722, 169: 114, 170: 352, 171: 694, 172: 456, 173: 86, 174: 324, 175: 268, 176: 30, 177: 442, 178: 680, 179: 484, 180: 722, 181: 526, 182: 764, 183: 442, 184: 680, 185: 324, 186: 86, 187: 456, 188: 694, 189: 324, 190: 86, 191: 764, 192: 526, 193: 170, 194: 408, 195: 128, 196: 366, 197: 86, 198: 324, 199: 722, 200: 484}
Correct solution!
Number of lables used:  24
Time taken: 0.51 seconds
Memory used: 48.78 MB

Solving with at most 23 labels...
Solution:
{1: 792, 2: 554, 3: 16, 4: 254, 5: 652, 6: 414, 7: 240, 8: 478, 9: 408, 10: 170, 11: 792, 12: 554, 13: 652, 14: 414, 15: 792, 16: 554, 17: 554, 18: 792, 19: 254, 20: 16, 21: 254, 22: 16, 23: 240, 24: 478, 25: 764, 26: 526, 27: 16, 28: 254, 29: 44, 30: 282, 31: 282, 32: 44, 33: 736, 34: 498, 35: 680, 36: 442, 37: 282, 38: 44, 39: 44, 40: 282, 41: 680, 42: 442, 43: 442, 44: 680, 45: 254, 46: 16, 47: 282, 48: 44, 49: 694, 50: 456, 51: 16, 52: 254, 53: 652, 54: 414, 55: 736, 56: 498, 57: 254, 58: 16, 59: 652, 60: 414, 61: 16, 62: 254, 63: 652, 64: 414, 65: 254, 66: 16, 67: 428, 68: 666, 69: 44, 70: 282, 71: 554, 72: 792, 73: 478, 74: 240, 75: 666, 76: 428, 77: 666, 78: 428, 79: 282, 80: 44, 81: 282, 82: 44, 83: 694, 84: 456, 85: 282, 86: 44, 87: 792, 88: 554, 89: 16, 90: 254, 91: 792, 92: 554, 93: 282, 94: 44, 95: 526, 96: 764, 97: 240, 98: 478, 99: 764, 100: 526, 101: 694, 102: 456, 103: 254, 104: 16, 105: 498, 106: 736, 107: 652, 108: 414, 109: 254, 110: 16, 111: 254, 112: 16, 113: 694, 114: 456, 115: 254, 116: 16, 117: 282, 118: 44, 119: 254, 120: 16, 121: 408, 122: 170, 123: 170, 124: 408, 125: 16, 126: 254, 127: 694, 128: 456, 129: 764, 130: 526, 131: 44, 132: 282, 133: 498, 134: 736, 135: 240, 136: 478, 137: 694, 138: 456, 139: 652, 140: 414, 141: 764, 142: 526, 143: 282, 144: 44, 145: 680, 146: 442, 147: 282, 148: 44, 149: 526, 150: 764, 151: 764, 152: 526, 153: 282, 154: 44, 155: 694, 156: 456, 157: 694, 158: 456, 159: 414, 160: 652, 161: 456, 162: 694, 163: 694, 164: 456, 165: 694, 166: 456, 167: 680, 168: 442, 169: 44, 170: 282, 171: 694, 172: 456, 173: 282, 174: 44, 175: 736, 176: 498, 177: 282, 178: 44, 179: 736, 180: 498, 181: 414, 182: 652, 183: 282, 184: 44, 185: 792, 186: 554, 187: 694, 188: 456, 189: 694, 190: 456, 191: 254, 192: 16, 193: 240, 194: 478, 195: 652, 196: 414, 197: 254, 198: 16, 199: 652, 200: 414}
Correct solution!
Number of lables used:  22
Time taken: 0.57 seconds
Memory used: 49.28 MB

Solving with at most 21 labels...
Solution:
{1: 498, 2: 736, 3: 442, 4: 680, 5: 282, 6: 44, 7: 240, 8: 478, 9: 142, 10: 380, 11: 414, 12: 652, 13: 380, 14: 142, 15: 652, 16: 414, 17: 380, 18: 142, 19: 296, 20: 58, 21: 44, 22: 282, 23: 380, 24: 142, 25: 750, 26: 512, 27: 282, 28: 44, 29: 44, 30: 282, 31: 44, 32: 282, 33: 736, 34: 498, 35: 58, 36: 296, 37: 296, 38: 58, 39: 44, 40: 282, 41: 680, 42: 442, 43: 44, 44: 282, 45: 296, 46: 58, 47: 736, 48: 498, 49: 44, 50: 282, 51: 296, 52: 58, 53: 680, 54: 442, 55: 498, 56: 736, 57: 680, 58: 442, 59: 58, 60: 296, 61: 380, 62: 142, 63: 652, 64: 414, 65: 380, 66: 142, 67: 526, 68: 764, 69: 296, 70: 58, 71: 58, 72: 296, 73: 478, 74: 240, 75: 680, 76: 442, 77: 58, 78: 296, 79: 736, 80: 498, 81: 296, 82: 58, 83: 680, 84: 442, 85: 680, 86: 442, 87: 680, 88: 442, 89: 44, 90: 282, 91: 142, 92: 380, 93: 296, 94: 58, 95: 498, 96: 736, 97: 478, 98: 240, 99: 380, 100: 142, 101: 750, 102: 512, 103: 764, 104: 526, 105: 498, 106: 736, 107: 414, 108: 652, 109: 380, 110: 142, 111: 142, 112: 380, 113: 414, 114: 652, 115: 764, 116: 526, 117: 296, 118: 58, 119: 380, 120: 142, 121: 478, 122: 240, 123: 142, 124: 380, 125: 142, 126: 380, 127: 764, 128: 526, 129: 282, 130: 44, 131: 296, 132: 58, 133: 512, 134: 750, 135: 240, 136: 478, 137: 680, 138: 442, 139: 296, 140: 58, 141: 764, 142: 526, 143: 296, 144: 58, 145: 680, 146: 442, 147: 296, 148: 58, 149: 442, 150: 680, 151: 652, 152: 414, 153: 296, 154: 58, 155: 652, 156: 414, 157: 512, 158: 750, 159: 652, 160: 414, 161: 652, 162: 414, 163: 142, 164: 380, 165: 526, 166: 764, 167: 512, 168: 750, 169: 44, 170: 282, 171: 414, 172: 652, 173: 442, 174: 680, 175: 736, 176: 498, 177: 282, 178: 44, 179: 764, 180: 526, 181: 442, 182: 680, 183: 44, 184: 282, 185: 380, 186: 142, 187: 750, 188: 512, 189: 512, 190: 750, 191: 380, 192: 142, 193: 240, 194: 478, 195: 652, 196: 414, 197: 282, 198: 44, 199: 680, 200: 442}
Correct solution!
Number of lables used:  18
Time taken: 0.66 seconds
Memory used: 49.53 MB

Solving with at most 17 labels...
[runlim] sample:		9.2 time, 10.2 real, 66.6 MB
[runlim] sample:		18.6 time, 20.2 real, 69.8 MB
[runlim] sample:		28.0 time, 28.1 real, 76.3 MB
[runlim] sample:		37.3 time, 38.1 real, 77.1 MB
[runlim] sample:		46.6 time, 48.1 real, 80.9 MB
[runlim] sample:		56.1 time, 55.9 real, 93.1 MB
[runlim] sample:		65.5 time, 65.9 real, 94.7 MB
[runlim] sample:		74.8 time, 75.9 real, 111.6 MB
[runlim] sample:		84.1 time, 84.0 real, 69.7 MB
[runlim] sample:		93.5 time, 94.0 real, 95.7 MB
[runlim] sample:		102.8 time, 104.0 real, 96.8 MB
[runlim] sample:		112.2 time, 114.0 real, 97.4 MB
[runlim] sample:		121.6 time, 121.9 real, 98.1 MB
[runlim] sample:		130.8 time, 131.9 real, 98.7 MB
[runlim] sample:		140.2 time, 141.9 real, 99.3 MB
[runlim] sample:		149.7 time, 149.8 real, 99.3 MB
[runlim] sample:		159.0 time, 159.8 real, 99.7 MB
[runlim] sample:		168.3 time, 169.8 real, 100.3 MB
[runlim] sample:		177.8 time, 177.7 real, 101.2 MB
[runlim] sample:		187.1 time, 187.7 real, 101.7 MB
[runlim] sample:		196.3 time, 197.7 real, 102.1 MB
[runlim] sample:		205.7 time, 205.5 real, 102.1 MB
[runlim] sample:		215.1 time, 215.5 real, 102.2 MB
[runlim] sample:		224.4 time, 225.5 real, 102.2 MB
[runlim] sample:		233.8 time, 235.5 real, 121.7 MB
[runlim] sample:		243.2 time, 243.5 real, 122.9 MB
[runlim] sample:		252.5 time, 253.5 real, 122.9 MB
[runlim] sample:		261.8 time, 263.5 real, 123.3 MB
[runlim] sample:		271.3 time, 271.4 real, 123.3 MB
[runlim] sample:		280.5 time, 281.4 real, 123.3 MB
[runlim] sample:		289.9 time, 291.4 real, 123.3 MB
[runlim] sample:		299.3 time, 299.3 real, 123.3 MB
[runlim] sample:		308.7 time, 309.3 real, 123.3 MB
[runlim] sample:		318.0 time, 319.3 real, 123.3 MB
[runlim] sample:		327.3 time, 327.2 real, 153.8 MB
[runlim] sample:		336.7 time, 337.2 real, 123.3 MB
[runlim] sample:		346.0 time, 347.2 real, 123.3 MB
[runlim] sample:		355.3 time, 357.2 real, 123.3 MB
[runlim] sample:		364.6 time, 365.0 real, 123.3 MB
[runlim] sample:		374.1 time, 375.0 real, 154.0 MB
[runlim] sample:		383.4 time, 385.0 real, 123.3 MB
[runlim] sample:		392.7 time, 392.9 real, 155.4 MB
[runlim] sample:		402.0 time, 402.9 real, 123.2 MB
[runlim] sample:		411.3 time, 412.9 real, 123.2 MB
[runlim] sample:		420.8 time, 420.7 real, 155.0 MB
[runlim] sample:		430.2 time, 430.7 real, 123.3 MB
[runlim] sample:		439.6 time, 440.7 real, 123.3 MB
[runlim] sample:		449.2 time, 449.0 real, 123.2 MB
[runlim] sample:		458.7 time, 459.0 real, 123.2 MB
[runlim] sample:		468.6 time, 469.0 real, 123.2 MB
[runlim] sample:		478.6 time, 479.0 real, 123.2 MB
[runlim] sample:		488.2 time, 488.3 real, 123.2 MB
[runlim] sample:		498.0 time, 498.3 real, 123.2 MB
[runlim] sample:		508.1 time, 508.3 real, 123.2 MB
[runlim] sample:		517.9 time, 517.8 real, 123.2 MB
[runlim] sample:		527.8 time, 527.8 real, 123.2 MB
[runlim] sample:		537.6 time, 537.8 real, 123.2 MB
[runlim] sample:		547.8 time, 547.8 real, 159.2 MB
[runlim] sample:		558.2 time, 557.8 real, 123.3 MB
[runlim] sample:		567.9 time, 567.8 real, 157.4 MB
[runlim] sample:		577.8 time, 577.8 real, 123.3 MB
[runlim] sample:		588.0 time, 587.8 real, 157.3 MB
[runlim] sample:		598.0 time, 597.8 real, 123.3 MB
[runlim] end:			Sat Dec 27 15:01:25 2025
[runlim] status:		out of time
[runlim] result:		2
[runlim] children:		0
[runlim] real:			600.04 seconds
[runlim] time:			600.06 seconds
[runlim] space:			161.9 MB
[runlim] samples:		6322
