[runlim] version:		1.10
[runlim] time limit:		311040000 seconds
[runlim] real time limit:	600 seconds
[runlim] space limit:		8000 MB
[runlim] argv[0]:		python3
[runlim] argv[1]:		-u
[runlim] argv[2]:		temp.py
[runlim] argv[3]:		scen02
[runlim] start:			Sat Dec 27 15:34:06 2025
[runlim] main pid:		36264
Solve first problem:
Solution:
{13: 268, 14: 30, 15: 268, 16: 30, 53: 268, 54: 30, 79: 254, 80: 16, 81: 268, 82: 30, 83: 680, 84: 442, 85: 352, 86: 114, 127: 352, 128: 114, 129: 254, 130: 16, 143: 254, 144: 16, 145: 254, 146: 16, 205: 254, 206: 16, 233: 666, 234: 428, 235: 338, 236: 100, 237: 352, 238: 114, 261: 254, 262: 16, 263: 352, 264: 114, 265: 338, 266: 100, 267: 254, 268: 16, 269: 352, 270: 114, 271: 352, 272: 114, 273: 44, 274: 282, 275: 44, 276: 282, 277: 352, 278: 114, 281: 268, 282: 30, 283: 282, 284: 44, 289: 254, 290: 16, 291: 324, 292: 86, 303: 666, 304: 428, 305: 338, 306: 100, 321: 156, 322: 394, 323: 254, 324: 16, 325: 666, 326: 428, 327: 338, 328: 100, 329: 254, 330: 16, 341: 30, 342: 268, 343: 30, 344: 268, 349: 338, 350: 100, 351: 30, 352: 268, 435: 296, 436: 58, 475: 282, 476: 44, 481: 268, 482: 30, 517: 268, 518: 30, 519: 338, 520: 100, 555: 128, 556: 366, 557: 666, 558: 428, 559: 58, 560: 296, 561: 366, 562: 128, 565: 100, 566: 338, 577: 324, 578: 86, 579: 352, 580: 114, 583: 666, 584: 428, 585: 324, 586: 86, 587: 254, 588: 16, 589: 366, 590: 128, 591: 352, 592: 114, 593: 114, 594: 352, 595: 296, 596: 58, 597: 268, 598: 30, 599: 142, 600: 380, 601: 282, 602: 44, 603: 268, 604: 30, 605: 268, 606: 30, 607: 338, 608: 100, 613: 100, 614: 338, 615: 282, 616: 44, 617: 268, 618: 30, 621: 338, 622: 100, 625: 268, 626: 30, 629: 282, 630: 44, 631: 268, 632: 30, 633: 282, 634: 44, 635: 268, 636: 30, 645: 296, 646: 58, 651: 254, 652: 16, 661: 254, 662: 16, 663: 394, 664: 156, 665: 366, 666: 128, 667: 254, 668: 16, 713: 352, 714: 114, 717: 44, 718: 282, 719: 394, 720: 156, 721: 324, 722: 86, 723: 254, 724: 16, 743: 44, 744: 282, 745: 268, 746: 30, 747: 324, 748: 86, 763: 268, 764: 30, 765: 254, 766: 16, 767: 296, 768: 58, 785: 254, 786: 16, 787: 268, 788: 30, 789: 338, 790: 100, 791: 268, 792: 30, 793: 338, 794: 100, 795: 268, 796: 30, 797: 352, 798: 114, 799: 282, 800: 44, 801: 268, 802: 30, 879: 268, 880: 30}
Correct solution!
Number of lables used:  24
Time taken: 0.22 seconds
Memory used: 52.34 MB

Solving with at most 23 labels...
Solution:
{13: 268, 14: 30, 15: 268, 16: 30, 53: 268, 54: 30, 79: 254, 80: 16, 81: 268, 82: 30, 83: 680, 84: 442, 85: 352, 86: 114, 127: 352, 128: 114, 129: 254, 130: 16, 143: 254, 144: 16, 145: 254, 146: 16, 205: 254, 206: 16, 233: 666, 234: 428, 235: 338, 236: 100, 237: 352, 238: 114, 261: 254, 262: 16, 263: 352, 264: 114, 265: 338, 266: 100, 267: 254, 268: 16, 269: 352, 270: 114, 271: 352, 272: 114, 273: 44, 274: 282, 275: 44, 276: 282, 277: 352, 278: 114, 281: 268, 282: 30, 283: 282, 284: 44, 289: 254, 290: 16, 291: 324, 292: 86, 303: 666, 304: 428, 305: 338, 306: 100, 321: 156, 322: 394, 323: 254, 324: 16, 325: 666, 326: 428, 327: 338, 328: 100, 329: 254, 330: 16, 341: 30, 342: 268, 343: 30, 344: 268, 349: 338, 350: 100, 351: 30, 352: 268, 435: 296, 436: 58, 475: 282, 476: 44, 481: 268, 482: 30, 517: 268, 518: 30, 519: 338, 520: 100, 555: 128, 556: 366, 557: 666, 558: 428, 559: 58, 560: 296, 561: 366, 562: 128, 565: 100, 566: 338, 577: 324, 578: 86, 579: 352, 580: 114, 583: 666, 584: 428, 585: 324, 586: 86, 587: 254, 588: 16, 589: 366, 590: 128, 591: 352, 592: 114, 593: 114, 594: 352, 595: 296, 596: 58, 597: 268, 598: 30, 599: 142, 600: 380, 601: 282, 602: 44, 603: 268, 604: 30, 605: 268, 606: 30, 607: 338, 608: 100, 613: 100, 614: 338, 615: 282, 616: 44, 617: 268, 618: 30, 621: 338, 622: 100, 625: 268, 626: 30, 629: 282, 630: 44, 631: 268, 632: 30, 633: 282, 634: 44, 635: 268, 636: 30, 645: 296, 646: 58, 651: 254, 652: 16, 661: 254, 662: 16, 663: 394, 664: 156, 665: 366, 666: 128, 667: 254, 668: 16, 713: 352, 714: 114, 717: 44, 718: 282, 719: 394, 720: 156, 721: 324, 722: 86, 723: 254, 724: 16, 743: 44, 744: 282, 745: 268, 746: 30, 747: 324, 748: 86, 763: 268, 764: 30, 765: 254, 766: 16, 767: 296, 768: 58, 785: 254, 786: 16, 787: 268, 788: 30, 789: 338, 790: 100, 791: 268, 792: 30, 793: 338, 794: 100, 795: 268, 796: 30, 797: 352, 798: 114, 799: 282, 800: 44, 801: 268, 802: 30, 879: 268, 880: 30}
Correct solution!
Number of lables used:  24
Time taken: 0.25 seconds
Memory used: 54.21 MB

Solving with at most 23 labels...
Solution:
{13: 526, 14: 764, 15: 526, 16: 764, 53: 338, 54: 100, 79: 708, 80: 470, 81: 338, 82: 100, 83: 792, 84: 554, 85: 722, 86: 484, 127: 338, 128: 100, 129: 526, 130: 764, 143: 540, 144: 778, 145: 540, 146: 778, 205: 722, 206: 484, 233: 526, 234: 764, 235: 470, 236: 708, 237: 100, 238: 338, 261: 708, 262: 470, 263: 484, 264: 722, 265: 554, 266: 792, 267: 484, 268: 722, 269: 736, 270: 498, 271: 736, 272: 498, 273: 722, 274: 484, 275: 722, 276: 484, 277: 338, 278: 100, 281: 554, 282: 792, 283: 512, 284: 750, 289: 708, 290: 470, 291: 338, 292: 100, 303: 554, 304: 792, 305: 484, 306: 722, 321: 470, 322: 708, 323: 540, 324: 778, 325: 100, 326: 338, 327: 470, 328: 708, 329: 708, 330: 470, 341: 722, 342: 484, 343: 722, 344: 484, 349: 778, 350: 540, 351: 100, 352: 338, 435: 722, 436: 484, 475: 708, 476: 470, 481: 338, 482: 100, 517: 708, 518: 470, 519: 338, 520: 100, 555: 512, 556: 750, 557: 498, 558: 736, 559: 708, 560: 470, 561: 338, 562: 100, 565: 722, 566: 484, 577: 792, 578: 554, 579: 338, 580: 100, 583: 526, 584: 764, 585: 498, 586: 736, 587: 554, 588: 792, 589: 540, 590: 778, 591: 750, 592: 512, 593: 484, 594: 722, 595: 470, 596: 708, 597: 526, 598: 764, 599: 512, 600: 750, 601: 512, 602: 750, 603: 338, 604: 100, 605: 722, 606: 484, 607: 338, 608: 100, 613: 512, 614: 750, 615: 708, 616: 470, 617: 338, 618: 100, 621: 778, 622: 540, 625: 484, 626: 722, 629: 722, 630: 484, 631: 708, 632: 470, 633: 722, 634: 484, 635: 100, 636: 338, 645: 100, 646: 338, 651: 708, 652: 470, 661: 526, 662: 764, 663: 338, 664: 100, 665: 792, 666: 554, 667: 338, 668: 100, 713: 338, 714: 100, 717: 722, 718: 484, 719: 792, 720: 554, 721: 470, 722: 708, 723: 540, 724: 778, 743: 512, 744: 750, 745: 708, 746: 470, 747: 764, 748: 526, 763: 764, 764: 526, 765: 338, 766: 100, 767: 100, 768: 338, 785: 470, 786: 708, 787: 470, 788: 708, 789: 722, 790: 484, 791: 470, 792: 708, 793: 764, 794: 526, 795: 338, 796: 100, 797: 722, 798: 484, 799: 470, 800: 708, 801: 484, 802: 722, 879: 100, 880: 338}
Correct solution!
Number of lables used:  16
Time taken: 0.33 seconds
Memory used: 55.12 MB

Solving with at most 15 labels...
Solution:
{13: 736, 14: 498, 15: 708, 16: 470, 53: 156, 54: 394, 79: 722, 80: 484, 81: 394, 82: 156, 83: 484, 84: 722, 85: 156, 86: 394, 127: 750, 128: 512, 129: 394, 130: 156, 143: 778, 144: 540, 145: 778, 146: 540, 205: 394, 206: 156, 233: 484, 234: 722, 235: 498, 236: 736, 237: 750, 238: 512, 261: 394, 262: 156, 263: 708, 264: 470, 265: 414, 266: 652, 267: 750, 268: 512, 269: 498, 270: 736, 271: 498, 272: 736, 273: 512, 274: 750, 275: 512, 276: 750, 277: 394, 278: 156, 281: 722, 282: 484, 283: 736, 284: 498, 289: 708, 290: 470, 291: 394, 292: 156, 303: 722, 304: 484, 305: 394, 306: 156, 321: 736, 322: 498, 323: 652, 324: 414, 325: 722, 326: 484, 327: 394, 328: 156, 329: 394, 330: 156, 341: 484, 342: 722, 343: 484, 344: 722, 349: 778, 350: 540, 351: 484, 352: 722, 435: 708, 436: 470, 475: 722, 476: 484, 481: 750, 482: 512, 517: 470, 518: 708, 519: 484, 520: 722, 555: 722, 556: 484, 557: 778, 558: 540, 559: 484, 560: 722, 561: 736, 562: 498, 565: 512, 566: 750, 577: 394, 578: 156, 579: 394, 580: 156, 583: 778, 584: 540, 585: 652, 586: 414, 587: 394, 588: 156, 589: 394, 590: 156, 591: 708, 592: 470, 593: 750, 594: 512, 595: 722, 596: 484, 597: 708, 598: 470, 599: 750, 600: 512, 601: 736, 602: 498, 603: 736, 604: 498, 605: 708, 606: 470, 607: 470, 608: 708, 613: 736, 614: 498, 615: 736, 616: 498, 617: 708, 618: 470, 621: 778, 622: 540, 625: 484, 626: 722, 629: 512, 630: 750, 631: 484, 632: 722, 633: 736, 634: 498, 635: 708, 636: 470, 645: 394, 646: 156, 651: 394, 652: 156, 661: 722, 662: 484, 663: 394, 664: 156, 665: 484, 666: 722, 667: 394, 668: 156, 713: 394, 714: 156, 717: 512, 718: 750, 719: 414, 720: 652, 721: 708, 722: 470, 723: 778, 724: 540, 743: 736, 744: 498, 745: 498, 746: 736, 747: 540, 748: 778, 763: 512, 764: 750, 765: 750, 766: 512, 767: 156, 768: 394, 785: 652, 786: 414, 787: 778, 788: 540, 789: 708, 790: 470, 791: 498, 792: 736, 793: 722, 794: 484, 795: 498, 796: 736, 797: 722, 798: 484, 799: 470, 800: 708, 801: 512, 802: 750, 879: 708, 880: 470}
Correct solution!
Number of lables used:  14
Time taken: 0.41 seconds
Memory used: 55.75 MB

Solving with at most 13 labels...
[runlim] sample:		10.0 time, 10.1 real, 72.4 MB
Cannot find solution.
Time taken: 18.95 seconds
[runlim] end:			Sat Dec 27 15:34:25 2025
[runlim] status:		ok
[runlim] result:		0
[runlim] children:		0
[runlim] real:			19.10 seconds
[runlim] time:			18.98 seconds
[runlim] space:			76.6 MB
[runlim] samples:		190
