[runlim] version:		1.10
[runlim] time limit:		311040000 seconds
[runlim] real time limit:	900 seconds
[runlim] space limit:		8000 MB
[runlim] argv[0]:		python3
[runlim] argv[1]:		-u
[runlim] argv[2]:		main.py
[runlim] argv[3]:		graph02
[runlim] argv[4]:		nsc_full
[runlim] argv[5]:		incremental
[runlim] argv[6]:		glucose4
[runlim] start:			Thu Jan 15 06:52:25 2026
[runlim] main pid:		204238
Solve first problem:
Solution:
{1: 666, 2: 428, 3: 100, 4: 338, 5: 268, 6: 30, 7: 324, 8: 86, 9: 652, 10: 414, 11: 394, 12: 156, 13: 694, 14: 456, 15: 310, 16: 72, 17: 282, 18: 44, 19: 296, 20: 58, 21: 142, 22: 380, 23: 366, 24: 128, 25: 268, 26: 30, 27: 324, 28: 86, 29: 156, 30: 394, 31: 114, 32: 352, 33: 380, 34: 142, 35: 666, 36: 428, 37: 86, 38: 324, 39: 380, 40: 142, 41: 324, 42: 86, 43: 254, 44: 16, 45: 680, 46: 442, 47: 338, 48: 100, 49: 310, 50: 72, 51: 44, 52: 282, 53: 380, 54: 142, 55: 296, 56: 58, 57: 666, 58: 428, 59: 310, 60: 72, 61: 128, 62: 366, 63: 310, 64: 72, 65: 30, 66: 268, 67: 652, 68: 414, 69: 254, 70: 16, 71: 380, 72: 142, 73: 16, 74: 254, 75: 254, 76: 16, 77: 394, 78: 156, 79: 282, 80: 44, 81: 310, 82: 72, 83: 156, 84: 394, 85: 694, 86: 456, 87: 86, 88: 324, 89: 156, 90: 394, 91: 268, 92: 30, 93: 324, 94: 86, 95: 666, 96: 428, 97: 128, 98: 366, 99: 310, 100: 72, 101: 324, 102: 86, 103: 380, 104: 142, 105: 16, 106: 254, 107: 352, 108: 114, 109: 282, 110: 44, 111: 296, 112: 58, 113: 30, 114: 268, 115: 338, 116: 100, 117: 114, 118: 352, 119: 380, 120: 142, 121: 338, 122: 100, 123: 324, 124: 86, 125: 268, 126: 30, 127: 338, 128: 100, 129: 380, 130: 142, 131: 324, 132: 86, 133: 680, 134: 442, 135: 380, 136: 142, 137: 324, 138: 86, 139: 282, 140: 44, 141: 352, 142: 114, 143: 680, 144: 442, 145: 282, 146: 44, 147: 352, 148: 114, 149: 58, 150: 296, 151: 338, 152: 100, 153: 254, 154: 16, 155: 380, 156: 142, 157: 652, 158: 414, 159: 310, 160: 72, 161: 708, 162: 470, 163: 380, 164: 142, 165: 352, 166: 114, 167: 310, 168: 72, 169: 324, 170: 86, 171: 338, 172: 100, 173: 296, 174: 58, 175: 680, 176: 442, 177: 156, 178: 394, 179: 380, 180: 142, 181: 268, 182: 30, 183: 694, 184: 456, 185: 282, 186: 44, 187: 652, 188: 414, 189: 380, 190: 142, 191: 680, 192: 442, 193: 128, 194: 366, 195: 324, 196: 86, 197: 296, 198: 58, 199: 310, 200: 72, 201: 156, 202: 394, 203: 268, 204: 30, 205: 324, 206: 86, 207: 338, 208: 100, 209: 310, 210: 72, 211: 268, 212: 30, 213: 478, 214: 240, 215: 366, 216: 128, 217: 254, 218: 16, 219: 268, 220: 30, 221: 352, 222: 114, 223: 324, 224: 86, 225: 254, 226: 16, 227: 408, 228: 170, 229: 310, 230: 72, 231: 16, 232: 254, 233: 366, 234: 128, 235: 282, 236: 44, 237: 268, 238: 30, 239: 338, 240: 100, 241: 296, 242: 58, 243: 338, 244: 100, 245: 666, 246: 428, 247: 380, 248: 142, 249: 324, 250: 86, 251: 16, 252: 254, 253: 58, 254: 296, 255: 380, 256: 142, 257: 310, 258: 72, 259: 380, 260: 142, 261: 254, 262: 16, 263: 380, 264: 142, 265: 380, 266: 142, 267: 44, 268: 282, 269: 282, 270: 44, 271: 268, 272: 30, 273: 296, 274: 58, 275: 254, 276: 16, 277: 310, 278: 72, 279: 666, 280: 428, 281: 366, 282: 128, 283: 268, 284: 30, 285: 380, 286: 142, 287: 254, 288: 16, 289: 324, 290: 86, 291: 380, 292: 142, 293: 380, 294: 142, 295: 338, 296: 100, 297: 380, 298: 142, 299: 408, 300: 170, 301: 282, 302: 44, 303: 652, 304: 414, 305: 268, 306: 30, 307: 296, 308: 58, 309: 380, 310: 142, 311: 380, 312: 142, 313: 380, 314: 142, 315: 296, 316: 58, 317: 408, 318: 170, 319: 310, 320: 72, 321: 380, 322: 142, 323: 338, 324: 100, 325: 310, 326: 72, 327: 282, 328: 44, 329: 268, 330: 30, 331: 268, 332: 30, 333: 268, 334: 30, 335: 254, 336: 16, 337: 282, 338: 44, 339: 380, 340: 142, 341: 296, 342: 58, 343: 254, 344: 16, 345: 310, 346: 72, 347: 310, 348: 72, 349: 380, 350: 142, 351: 380, 352: 142, 353: 254, 354: 16, 355: 268, 356: 30, 357: 324, 358: 86, 359: 338, 360: 100, 361: 338, 362: 100, 363: 268, 364: 30, 365: 268, 366: 30, 367: 254, 368: 16, 369: 282, 370: 44, 371: 254, 372: 16, 373: 324, 374: 86, 375: 254, 376: 16, 377: 254, 378: 16, 379: 282, 380: 44, 381: 268, 382: 30, 383: 254, 384: 16, 385: 268, 386: 30, 387: 268, 388: 30, 389: 254, 390: 16, 391: 254, 392: 16, 393: 254, 394: 16, 395: 268, 396: 30, 397: 324, 398: 86, 399: 268, 400: 30}
Correct solution!
Number of lables used:  36
Time taken: 0.35 seconds
Memory used: 39.03 MB
--------------------------------------------------

Trying with at most 35 labels...
Solution:
{1: 282, 2: 44, 3: 16, 4: 254, 5: 282, 6: 44, 7: 394, 8: 156, 9: 44, 10: 282, 11: 324, 12: 86, 13: 282, 14: 44, 15: 366, 16: 128, 17: 254, 18: 16, 19: 254, 20: 16, 21: 156, 22: 394, 23: 324, 24: 86, 25: 310, 26: 72, 27: 394, 28: 156, 29: 394, 30: 156, 31: 366, 32: 128, 33: 324, 34: 86, 35: 324, 36: 86, 37: 44, 38: 282, 39: 366, 40: 128, 41: 366, 42: 128, 43: 86, 44: 324, 45: 44, 46: 282, 47: 254, 48: 16, 49: 366, 50: 128, 51: 156, 52: 394, 53: 408, 54: 170, 55: 254, 56: 16, 57: 72, 58: 310, 59: 310, 60: 72, 61: 394, 62: 156, 63: 128, 64: 366, 65: 310, 66: 72, 67: 100, 68: 338, 69: 282, 70: 44, 71: 478, 72: 240, 73: 128, 74: 366, 75: 366, 76: 128, 77: 100, 78: 338, 79: 128, 80: 366, 81: 254, 82: 16, 83: 156, 84: 394, 85: 100, 86: 338, 87: 394, 88: 156, 89: 394, 90: 156, 91: 86, 92: 324, 93: 366, 94: 128, 95: 72, 96: 310, 97: 128, 98: 366, 99: 324, 100: 86, 101: 338, 102: 100, 103: 338, 104: 100, 105: 44, 106: 282, 107: 100, 108: 338, 109: 100, 110: 338, 111: 86, 112: 324, 113: 44, 114: 282, 115: 156, 116: 394, 117: 366, 118: 128, 119: 170, 120: 408, 121: 324, 122: 86, 123: 324, 124: 86, 125: 324, 126: 86, 127: 338, 128: 100, 129: 478, 130: 240, 131: 366, 132: 128, 133: 72, 134: 310, 135: 408, 136: 170, 137: 394, 138: 156, 139: 310, 140: 72, 141: 366, 142: 128, 143: 324, 144: 86, 145: 282, 146: 44, 147: 310, 148: 72, 149: 72, 150: 310, 151: 72, 152: 310, 153: 324, 154: 86, 155: 408, 156: 170, 157: 254, 158: 16, 159: 310, 160: 72, 161: 100, 162: 338, 163: 170, 164: 408, 165: 254, 166: 16, 167: 72, 168: 310, 169: 324, 170: 86, 171: 394, 172: 156, 173: 338, 174: 100, 175: 338, 176: 100, 177: 156, 178: 394, 179: 408, 180: 170, 181: 338, 182: 100, 183: 394, 184: 156, 185: 100, 186: 338, 187: 44, 188: 282, 189: 478, 190: 240, 191: 310, 192: 72, 193: 394, 194: 156, 195: 72, 196: 310, 197: 254, 198: 16, 199: 254, 200: 16, 201: 254, 202: 16, 203: 100, 204: 338, 205: 86, 206: 324, 207: 338, 208: 100, 209: 310, 210: 72, 211: 282, 212: 44, 213: 170, 214: 408, 215: 310, 216: 72, 217: 254, 218: 16, 219: 282, 220: 44, 221: 366, 222: 128, 223: 86, 224: 324, 225: 282, 226: 44, 227: 408, 228: 170, 229: 156, 230: 394, 231: 16, 232: 254, 233: 366, 234: 128, 235: 338, 236: 100, 237: 282, 238: 44, 239: 86, 240: 324, 241: 324, 242: 86, 243: 86, 244: 324, 245: 366, 246: 128, 247: 408, 248: 170, 249: 128, 250: 366, 251: 16, 252: 254, 253: 128, 254: 366, 255: 240, 256: 478, 257: 366, 258: 128, 259: 240, 260: 478, 261: 254, 262: 16, 263: 478, 264: 240, 265: 478, 266: 240, 267: 72, 268: 310, 269: 338, 270: 100, 271: 156, 272: 394, 273: 72, 274: 310, 275: 254, 276: 16, 277: 310, 278: 72, 279: 282, 280: 44, 281: 366, 282: 128, 283: 394, 284: 156, 285: 478, 286: 240, 287: 282, 288: 44, 289: 394, 290: 156, 291: 408, 292: 170, 293: 408, 294: 170, 295: 366, 296: 128, 297: 478, 298: 240, 299: 240, 300: 478, 301: 44, 302: 282, 303: 394, 304: 156, 305: 366, 306: 128, 307: 156, 308: 394, 309: 478, 310: 240, 311: 478, 312: 240, 313: 408, 314: 170, 315: 282, 316: 44, 317: 240, 318: 478, 319: 366, 320: 128, 321: 254, 322: 16, 323: 394, 324: 156, 325: 128, 326: 366, 327: 394, 328: 156, 329: 44, 330: 282, 331: 324, 332: 86, 333: 324, 334: 86, 335: 282, 336: 44, 337: 282, 338: 44, 339: 478, 340: 240, 341: 100, 342: 338, 343: 366, 344: 128, 345: 324, 346: 86, 347: 72, 348: 310, 349: 478, 350: 240, 351: 170, 352: 408, 353: 16, 354: 254, 355: 128, 356: 366, 357: 394, 358: 156, 359: 44, 360: 282, 361: 282, 362: 44, 363: 366, 364: 128, 365: 156, 366: 394, 367: 72, 368: 310, 369: 44, 370: 282, 371: 254, 372: 16, 373: 282, 374: 44, 375: 254, 376: 16, 377: 254, 378: 16, 379: 324, 380: 86, 381: 86, 382: 324, 383: 254, 384: 16, 385: 282, 386: 44, 387: 282, 388: 44, 389: 254, 390: 16, 391: 282, 392: 44, 393: 254, 394: 16, 395: 282, 396: 44, 397: 156, 398: 394, 399: 338, 400: 100}
Correct solution!
Number of lables used:  18
Time taken: 0.38 seconds
Memory used: 40.40 MB
--------------------------------------------------

Trying with at most 17 labels...
Solution:
{1: 282, 2: 44, 3: 128, 4: 366, 5: 86, 6: 324, 7: 394, 8: 156, 9: 44, 10: 282, 11: 324, 12: 86, 13: 282, 14: 44, 15: 366, 16: 128, 17: 254, 18: 16, 19: 254, 20: 16, 21: 128, 22: 366, 23: 324, 24: 86, 25: 310, 26: 72, 27: 394, 28: 156, 29: 394, 30: 156, 31: 366, 32: 128, 33: 324, 34: 86, 35: 324, 36: 86, 37: 44, 38: 282, 39: 366, 40: 128, 41: 366, 42: 128, 43: 86, 44: 324, 45: 44, 46: 282, 47: 254, 48: 16, 49: 338, 50: 100, 51: 338, 52: 100, 53: 478, 54: 240, 55: 254, 56: 16, 57: 72, 58: 310, 59: 310, 60: 72, 61: 394, 62: 156, 63: 128, 64: 366, 65: 310, 66: 72, 67: 156, 68: 394, 69: 282, 70: 44, 71: 478, 72: 240, 73: 128, 74: 366, 75: 366, 76: 128, 77: 100, 78: 338, 79: 128, 80: 366, 81: 254, 82: 16, 83: 156, 84: 394, 85: 100, 86: 338, 87: 394, 88: 156, 89: 394, 90: 156, 91: 86, 92: 324, 93: 366, 94: 128, 95: 72, 96: 310, 97: 128, 98: 366, 99: 282, 100: 44, 101: 394, 102: 156, 103: 338, 104: 100, 105: 44, 106: 282, 107: 44, 108: 282, 109: 100, 110: 338, 111: 86, 112: 324, 113: 44, 114: 282, 115: 156, 116: 394, 117: 394, 118: 156, 119: 478, 120: 240, 121: 324, 122: 86, 123: 44, 124: 282, 125: 338, 126: 100, 127: 338, 128: 100, 129: 478, 130: 240, 131: 254, 132: 16, 133: 86, 134: 324, 135: 478, 136: 240, 137: 394, 138: 156, 139: 310, 140: 72, 141: 366, 142: 128, 143: 338, 144: 100, 145: 282, 146: 44, 147: 310, 148: 72, 149: 254, 150: 16, 151: 72, 152: 310, 153: 324, 154: 86, 155: 478, 156: 240, 157: 254, 158: 16, 159: 310, 160: 72, 161: 282, 162: 44, 163: 478, 164: 240, 165: 254, 166: 16, 167: 72, 168: 310, 169: 338, 170: 100, 171: 394, 172: 156, 173: 338, 174: 100, 175: 338, 176: 100, 177: 156, 178: 394, 179: 240, 180: 478, 181: 366, 182: 128, 183: 338, 184: 100, 185: 100, 186: 338, 187: 310, 188: 72, 189: 478, 190: 240, 191: 310, 192: 72, 193: 156, 194: 394, 195: 338, 196: 100, 197: 254, 198: 16, 199: 254, 200: 16, 201: 16, 202: 254, 203: 100, 204: 338, 205: 282, 206: 44, 207: 394, 208: 156, 209: 310, 210: 72, 211: 324, 212: 86, 213: 240, 214: 478, 215: 310, 216: 72, 217: 16, 218: 254, 219: 282, 220: 44, 221: 366, 222: 128, 223: 86, 224: 324, 225: 282, 226: 44, 227: 478, 228: 240, 229: 156, 230: 394, 231: 128, 232: 366, 233: 366, 234: 128, 235: 338, 236: 100, 237: 282, 238: 44, 239: 100, 240: 338, 241: 324, 242: 86, 243: 86, 244: 324, 245: 324, 246: 86, 247: 478, 248: 240, 249: 128, 250: 366, 251: 16, 252: 254, 253: 128, 254: 366, 255: 240, 256: 478, 257: 366, 258: 128, 259: 240, 260: 478, 261: 254, 262: 16, 263: 478, 264: 240, 265: 240, 266: 478, 267: 72, 268: 310, 269: 338, 270: 100, 271: 156, 272: 394, 273: 324, 274: 86, 275: 254, 276: 16, 277: 310, 278: 72, 279: 324, 280: 86, 281: 366, 282: 128, 283: 394, 284: 156, 285: 240, 286: 478, 287: 72, 288: 310, 289: 72, 290: 310, 291: 478, 292: 240, 293: 478, 294: 240, 295: 366, 296: 128, 297: 478, 298: 240, 299: 240, 300: 478, 301: 44, 302: 282, 303: 394, 304: 156, 305: 366, 306: 128, 307: 128, 308: 366, 309: 240, 310: 478, 311: 478, 312: 240, 313: 478, 314: 240, 315: 282, 316: 44, 317: 240, 318: 478, 319: 128, 320: 366, 321: 254, 322: 16, 323: 394, 324: 156, 325: 44, 326: 282, 327: 338, 328: 100, 329: 44, 330: 282, 331: 338, 332: 100, 333: 394, 334: 156, 335: 282, 336: 44, 337: 282, 338: 44, 339: 478, 340: 240, 341: 44, 342: 282, 343: 366, 344: 128, 345: 324, 346: 86, 347: 72, 348: 310, 349: 478, 350: 240, 351: 240, 352: 478, 353: 16, 354: 254, 355: 128, 356: 366, 357: 394, 358: 156, 359: 44, 360: 282, 361: 44, 362: 282, 363: 366, 364: 128, 365: 128, 366: 366, 367: 72, 368: 310, 369: 282, 370: 44, 371: 16, 372: 254, 373: 282, 374: 44, 375: 254, 376: 16, 377: 100, 378: 338, 379: 394, 380: 156, 381: 86, 382: 324, 383: 254, 384: 16, 385: 282, 386: 44, 387: 366, 388: 128, 389: 254, 390: 16, 391: 254, 392: 16, 393: 254, 394: 16, 395: 44, 396: 282, 397: 156, 398: 394, 399: 338, 400: 100}
Correct solution!
Number of lables used:  16
Time taken: 0.40 seconds
Memory used: 40.65 MB
--------------------------------------------------

Trying with at most 15 labels...
Solution:
{1: 282, 2: 44, 3: 680, 4: 442, 5: 100, 6: 338, 7: 394, 8: 156, 9: 44, 10: 282, 11: 324, 12: 86, 13: 282, 14: 44, 15: 44, 16: 282, 17: 254, 18: 16, 19: 254, 20: 16, 21: 16, 22: 254, 23: 324, 24: 86, 25: 338, 26: 100, 27: 394, 28: 156, 29: 282, 30: 44, 31: 16, 32: 254, 33: 324, 34: 86, 35: 324, 36: 86, 37: 44, 38: 282, 39: 394, 40: 156, 41: 394, 42: 156, 43: 86, 44: 324, 45: 282, 46: 44, 47: 254, 48: 16, 49: 338, 50: 100, 51: 338, 52: 100, 53: 478, 54: 240, 55: 254, 56: 16, 57: 86, 58: 324, 59: 324, 60: 86, 61: 324, 62: 86, 63: 324, 64: 86, 65: 282, 66: 44, 67: 156, 68: 394, 69: 282, 70: 44, 71: 478, 72: 240, 73: 156, 74: 394, 75: 394, 76: 156, 77: 100, 78: 338, 79: 100, 80: 338, 81: 254, 82: 16, 83: 156, 84: 394, 85: 156, 86: 394, 87: 394, 88: 156, 89: 282, 90: 44, 91: 156, 92: 394, 93: 44, 94: 282, 95: 156, 96: 394, 97: 100, 98: 338, 99: 156, 100: 394, 101: 394, 102: 156, 103: 338, 104: 100, 105: 86, 106: 324, 107: 44, 108: 282, 109: 100, 110: 338, 111: 324, 112: 86, 113: 86, 114: 324, 115: 394, 116: 156, 117: 394, 118: 156, 119: 478, 120: 240, 121: 324, 122: 86, 123: 44, 124: 282, 125: 338, 126: 100, 127: 338, 128: 100, 129: 478, 130: 240, 131: 254, 132: 16, 133: 86, 134: 324, 135: 478, 136: 240, 137: 394, 138: 156, 139: 44, 140: 282, 141: 338, 142: 100, 143: 338, 144: 100, 145: 282, 146: 44, 147: 394, 148: 156, 149: 254, 150: 16, 151: 100, 152: 338, 153: 324, 154: 86, 155: 478, 156: 240, 157: 254, 158: 16, 159: 324, 160: 86, 161: 282, 162: 44, 163: 478, 164: 240, 165: 680, 166: 442, 167: 86, 168: 324, 169: 100, 170: 338, 171: 394, 172: 156, 173: 338, 174: 100, 175: 16, 176: 254, 177: 156, 178: 394, 179: 240, 180: 478, 181: 338, 182: 100, 183: 338, 184: 100, 185: 100, 186: 338, 187: 282, 188: 44, 189: 478, 190: 240, 191: 324, 192: 86, 193: 156, 194: 394, 195: 338, 196: 100, 197: 254, 198: 16, 199: 254, 200: 16, 201: 16, 202: 254, 203: 100, 204: 338, 205: 254, 206: 16, 207: 394, 208: 156, 209: 254, 210: 16, 211: 324, 212: 86, 213: 240, 214: 478, 215: 254, 216: 16, 217: 44, 218: 282, 219: 282, 220: 44, 221: 394, 222: 156, 223: 394, 224: 156, 225: 282, 226: 44, 227: 478, 228: 240, 229: 156, 230: 394, 231: 680, 232: 442, 233: 680, 234: 442, 235: 338, 236: 100, 237: 282, 238: 44, 239: 100, 240: 338, 241: 324, 242: 86, 243: 100, 244: 338, 245: 324, 246: 86, 247: 478, 248: 240, 249: 680, 250: 442, 251: 16, 252: 254, 253: 254, 254: 16, 255: 240, 256: 478, 257: 338, 258: 100, 259: 240, 260: 478, 261: 254, 262: 16, 263: 478, 264: 240, 265: 240, 266: 478, 267: 442, 268: 680, 269: 338, 270: 100, 271: 156, 272: 394, 273: 442, 274: 680, 275: 254, 276: 16, 277: 86, 278: 324, 279: 442, 280: 680, 281: 338, 282: 100, 283: 156, 284: 394, 285: 240, 286: 478, 287: 44, 288: 282, 289: 86, 290: 324, 291: 478, 292: 240, 293: 240, 294: 478, 295: 282, 296: 44, 297: 478, 298: 240, 299: 240, 300: 478, 301: 338, 302: 100, 303: 100, 304: 338, 305: 394, 306: 156, 307: 86, 308: 324, 309: 478, 310: 240, 311: 240, 312: 478, 313: 478, 314: 240, 315: 442, 316: 680, 317: 240, 318: 478, 319: 442, 320: 680, 321: 254, 322: 16, 323: 394, 324: 156, 325: 44, 326: 282, 327: 100, 328: 338, 329: 44, 330: 282, 331: 338, 332: 100, 333: 394, 334: 156, 335: 282, 336: 44, 337: 282, 338: 44, 339: 478, 340: 240, 341: 282, 342: 44, 343: 254, 344: 16, 345: 324, 346: 86, 347: 86, 348: 324, 349: 478, 350: 240, 351: 240, 352: 478, 353: 86, 354: 324, 355: 442, 356: 680, 357: 394, 358: 156, 359: 44, 360: 282, 361: 44, 362: 282, 363: 324, 364: 86, 365: 100, 366: 338, 367: 254, 368: 16, 369: 44, 370: 282, 371: 16, 372: 254, 373: 282, 374: 44, 375: 44, 376: 282, 377: 86, 378: 324, 379: 394, 380: 156, 381: 86, 382: 324, 383: 254, 384: 16, 385: 282, 386: 44, 387: 324, 388: 86, 389: 254, 390: 16, 391: 16, 392: 254, 393: 254, 394: 16, 395: 44, 396: 282, 397: 156, 398: 394, 399: 338, 400: 100}
Correct solution!
Number of lables used:  14
Time taken: 0.41 seconds
Memory used: 40.65 MB
--------------------------------------------------

Trying with at most 13 labels...
[runlim] sample:		10.0 time, 10.5 real, 59.8 MB
[runlim] sample:		20.0 time, 20.5 real, 61.5 MB
[runlim] sample:		30.0 time, 30.5 real, 73.8 MB
Cannot find solution.
No more solutions found.
Optimal number of labels used:  14
Time taken: 38.99 seconds
[runlim] end:			Thu Jan 15 06:53:04 2026
[runlim] status:		ok
[runlim] result:		0
[runlim] children:		0
[runlim] real:			39.51 seconds
[runlim] time:			38.99 seconds
[runlim] space:			73.8 MB
[runlim] samples:		390
