[runlim] version:		1.10
[runlim] time limit:		311040000 seconds
[runlim] real time limit:	900 seconds
[runlim] space limit:		8000 MB
[runlim] argv[0]:		python3
[runlim] argv[1]:		-u
[runlim] argv[2]:		main.py
[runlim] argv[3]:		graph01
[runlim] argv[4]:		nsc_full
[runlim] argv[5]:		incremental
[runlim] argv[6]:		glucose4
[runlim] start:			Thu Jan 15 06:48:29 2026
[runlim] main pid:		202814
Solve first problem:
Solution:
{1: 296, 2: 58, 3: 652, 4: 414, 5: 16, 6: 254, 7: 380, 8: 142, 9: 380, 10: 142, 11: 778, 12: 540, 13: 338, 14: 100, 15: 296, 16: 58, 17: 652, 18: 414, 19: 394, 20: 156, 21: 296, 22: 58, 23: 478, 24: 240, 25: 310, 26: 72, 27: 114, 28: 352, 29: 296, 30: 58, 31: 268, 32: 30, 33: 352, 34: 114, 35: 310, 36: 72, 37: 338, 38: 100, 39: 324, 40: 86, 41: 282, 42: 44, 43: 778, 44: 540, 45: 254, 46: 16, 47: 72, 48: 310, 49: 282, 50: 44, 51: 394, 52: 156, 53: 310, 54: 72, 55: 86, 56: 324, 57: 16, 58: 254, 59: 778, 60: 540, 61: 254, 62: 16, 63: 352, 64: 114, 65: 254, 66: 16, 67: 296, 68: 58, 69: 254, 70: 16, 71: 324, 72: 86, 73: 380, 74: 142, 75: 268, 76: 30, 77: 750, 78: 512, 79: 310, 80: 72, 81: 254, 82: 16, 83: 268, 84: 30, 85: 324, 86: 86, 87: 680, 88: 442, 89: 338, 90: 100, 91: 652, 92: 414, 93: 254, 94: 16, 95: 44, 96: 282, 97: 478, 98: 240, 99: 30, 100: 268, 101: 380, 102: 142, 103: 282, 104: 44, 105: 352, 106: 114, 107: 296, 108: 58, 109: 296, 110: 58, 111: 380, 112: 142, 113: 268, 114: 30, 115: 114, 116: 352, 117: 254, 118: 16, 119: 296, 120: 58, 121: 380, 122: 142, 123: 380, 124: 142, 125: 254, 126: 16, 127: 296, 128: 58, 129: 338, 130: 100, 131: 268, 132: 30, 133: 694, 134: 456, 135: 478, 136: 240, 137: 282, 138: 44, 139: 296, 140: 58, 141: 324, 142: 86, 143: 324, 144: 86, 145: 268, 146: 30, 147: 254, 148: 16, 149: 324, 150: 86, 151: 652, 152: 414, 153: 254, 154: 16, 155: 324, 156: 86, 157: 268, 158: 30, 159: 268, 160: 30, 161: 394, 162: 156, 163: 296, 164: 58, 165: 352, 166: 114, 167: 366, 168: 128, 169: 254, 170: 16, 171: 268, 172: 30, 173: 254, 174: 16, 175: 324, 176: 86, 177: 254, 178: 16, 179: 282, 180: 44, 181: 652, 182: 414, 183: 268, 184: 30, 185: 324, 186: 86, 187: 268, 188: 30, 189: 254, 190: 16, 191: 310, 192: 72, 193: 380, 194: 142, 195: 268, 196: 30, 197: 254, 198: 16, 199: 254, 200: 16}
Correct solution!
Number of lables used:  34
Time taken: 0.15 seconds
Memory used: 28.83 MB
--------------------------------------------------

Trying with at most 33 labels...
Solution:
{1: 268, 2: 30, 3: 652, 4: 414, 5: 72, 6: 310, 7: 408, 8: 170, 9: 170, 10: 408, 11: 750, 12: 512, 13: 156, 14: 394, 15: 268, 16: 30, 17: 268, 18: 30, 19: 268, 20: 30, 21: 652, 22: 414, 23: 408, 24: 170, 25: 540, 26: 778, 27: 72, 28: 310, 29: 694, 30: 456, 31: 310, 32: 72, 33: 414, 34: 652, 35: 512, 36: 750, 37: 156, 38: 394, 39: 30, 40: 268, 41: 652, 42: 414, 43: 540, 44: 778, 45: 394, 46: 156, 47: 456, 48: 694, 49: 484, 50: 722, 51: 30, 52: 268, 53: 778, 54: 540, 55: 268, 56: 30, 57: 30, 58: 268, 59: 394, 60: 156, 61: 156, 62: 394, 63: 30, 64: 268, 65: 394, 66: 156, 67: 442, 68: 680, 69: 268, 70: 30, 71: 414, 72: 652, 73: 408, 74: 170, 75: 694, 76: 456, 77: 484, 78: 722, 79: 652, 80: 414, 81: 30, 82: 268, 83: 310, 84: 72, 85: 694, 86: 456, 87: 652, 88: 414, 89: 30, 90: 268, 91: 156, 92: 394, 93: 366, 94: 128, 95: 540, 96: 778, 97: 408, 98: 170, 99: 414, 100: 652, 101: 694, 102: 456, 103: 394, 104: 156, 105: 366, 106: 128, 107: 394, 108: 156, 109: 156, 110: 394, 111: 268, 112: 30, 113: 30, 114: 268, 115: 666, 116: 428, 117: 394, 118: 156, 119: 394, 120: 156, 121: 478, 122: 240, 123: 408, 124: 170, 125: 30, 126: 268, 127: 484, 128: 722, 129: 778, 130: 540, 131: 268, 132: 30, 133: 30, 134: 268, 135: 240, 136: 478, 137: 394, 138: 156, 139: 394, 140: 156, 141: 30, 142: 268, 143: 652, 144: 414, 145: 694, 146: 456, 147: 128, 148: 366, 149: 72, 150: 310, 151: 128, 152: 366, 153: 694, 154: 456, 155: 722, 156: 484, 157: 722, 158: 484, 159: 750, 160: 512, 161: 764, 162: 526, 163: 394, 164: 156, 165: 792, 166: 554, 167: 310, 168: 72, 169: 156, 170: 394, 171: 394, 172: 156, 173: 652, 174: 414, 175: 268, 176: 30, 177: 268, 178: 30, 179: 394, 180: 156, 181: 456, 182: 694, 183: 526, 184: 764, 185: 414, 186: 652, 187: 268, 188: 30, 189: 652, 190: 414, 191: 694, 192: 456, 193: 240, 194: 478, 195: 394, 196: 156, 197: 268, 198: 30, 199: 394, 200: 156}
Correct solution!
Number of lables used:  30
Time taken: 0.17 seconds
Memory used: 29.95 MB
--------------------------------------------------

Trying with at most 29 labels...
Solution:
{1: 268, 2: 30, 3: 652, 4: 414, 5: 72, 6: 310, 7: 408, 8: 170, 9: 170, 10: 408, 11: 750, 12: 512, 13: 156, 14: 394, 15: 268, 16: 30, 17: 268, 18: 30, 19: 268, 20: 30, 21: 652, 22: 414, 23: 408, 24: 170, 25: 540, 26: 778, 27: 72, 28: 310, 29: 694, 30: 456, 31: 310, 32: 72, 33: 414, 34: 652, 35: 512, 36: 750, 37: 156, 38: 394, 39: 30, 40: 268, 41: 652, 42: 414, 43: 540, 44: 778, 45: 394, 46: 156, 47: 456, 48: 694, 49: 484, 50: 722, 51: 30, 52: 268, 53: 778, 54: 540, 55: 268, 56: 30, 57: 30, 58: 268, 59: 394, 60: 156, 61: 156, 62: 394, 63: 30, 64: 268, 65: 394, 66: 156, 67: 442, 68: 680, 69: 268, 70: 30, 71: 414, 72: 652, 73: 408, 74: 170, 75: 694, 76: 456, 77: 484, 78: 722, 79: 652, 80: 414, 81: 30, 82: 268, 83: 310, 84: 72, 85: 694, 86: 456, 87: 652, 88: 414, 89: 30, 90: 268, 91: 156, 92: 394, 93: 366, 94: 128, 95: 540, 96: 778, 97: 408, 98: 170, 99: 414, 100: 652, 101: 694, 102: 456, 103: 394, 104: 156, 105: 366, 106: 128, 107: 394, 108: 156, 109: 156, 110: 394, 111: 268, 112: 30, 113: 30, 114: 268, 115: 310, 116: 72, 117: 394, 118: 156, 119: 394, 120: 156, 121: 478, 122: 240, 123: 408, 124: 170, 125: 30, 126: 268, 127: 484, 128: 722, 129: 778, 130: 540, 131: 268, 132: 30, 133: 30, 134: 268, 135: 240, 136: 478, 137: 394, 138: 156, 139: 394, 140: 156, 141: 30, 142: 268, 143: 652, 144: 414, 145: 694, 146: 456, 147: 128, 148: 366, 149: 72, 150: 310, 151: 128, 152: 366, 153: 694, 154: 456, 155: 722, 156: 484, 157: 722, 158: 484, 159: 750, 160: 512, 161: 764, 162: 526, 163: 394, 164: 156, 165: 792, 166: 554, 167: 310, 168: 72, 169: 156, 170: 394, 171: 394, 172: 156, 173: 652, 174: 414, 175: 268, 176: 30, 177: 268, 178: 30, 179: 394, 180: 156, 181: 456, 182: 694, 183: 526, 184: 764, 185: 414, 186: 652, 187: 268, 188: 30, 189: 652, 190: 414, 191: 694, 192: 456, 193: 240, 194: 478, 195: 394, 196: 156, 197: 268, 198: 30, 199: 394, 200: 156}
Correct solution!
Number of lables used:  28
Time taken: 0.17 seconds
Memory used: 29.95 MB
--------------------------------------------------

Trying with at most 27 labels...
Solution:
{1: 268, 2: 30, 3: 652, 4: 414, 5: 72, 6: 310, 7: 408, 8: 170, 9: 170, 10: 408, 11: 778, 12: 540, 13: 156, 14: 394, 15: 268, 16: 30, 17: 268, 18: 30, 19: 268, 20: 30, 21: 652, 22: 414, 23: 408, 24: 170, 25: 554, 26: 792, 27: 72, 28: 310, 29: 694, 30: 456, 31: 310, 32: 72, 33: 414, 34: 652, 35: 512, 36: 750, 37: 156, 38: 394, 39: 30, 40: 268, 41: 652, 42: 414, 43: 540, 44: 778, 45: 394, 46: 156, 47: 456, 48: 694, 49: 484, 50: 722, 51: 30, 52: 268, 53: 778, 54: 540, 55: 268, 56: 30, 57: 30, 58: 268, 59: 394, 60: 156, 61: 156, 62: 394, 63: 30, 64: 268, 65: 394, 66: 156, 67: 722, 68: 484, 69: 268, 70: 30, 71: 414, 72: 652, 73: 408, 74: 170, 75: 694, 76: 456, 77: 366, 78: 128, 79: 652, 80: 414, 81: 30, 82: 268, 83: 310, 84: 72, 85: 694, 86: 456, 87: 652, 88: 414, 89: 30, 90: 268, 91: 156, 92: 394, 93: 366, 94: 128, 95: 554, 96: 792, 97: 408, 98: 170, 99: 414, 100: 652, 101: 694, 102: 456, 103: 394, 104: 156, 105: 366, 106: 128, 107: 394, 108: 156, 109: 156, 110: 394, 111: 268, 112: 30, 113: 30, 114: 268, 115: 310, 116: 72, 117: 394, 118: 156, 119: 394, 120: 156, 121: 478, 122: 240, 123: 408, 124: 170, 125: 30, 126: 268, 127: 484, 128: 722, 129: 778, 130: 540, 131: 268, 132: 30, 133: 30, 134: 268, 135: 240, 136: 478, 137: 394, 138: 156, 139: 394, 140: 156, 141: 30, 142: 268, 143: 652, 144: 414, 145: 694, 146: 456, 147: 128, 148: 366, 149: 72, 150: 310, 151: 128, 152: 366, 153: 694, 154: 456, 155: 722, 156: 484, 157: 722, 158: 484, 159: 512, 160: 750, 161: 778, 162: 540, 163: 394, 164: 156, 165: 792, 166: 554, 167: 310, 168: 72, 169: 156, 170: 394, 171: 394, 172: 156, 173: 652, 174: 414, 175: 268, 176: 30, 177: 268, 178: 30, 179: 394, 180: 156, 181: 456, 182: 694, 183: 512, 184: 750, 185: 414, 186: 652, 187: 268, 188: 30, 189: 652, 190: 414, 191: 694, 192: 456, 193: 240, 194: 478, 195: 394, 196: 156, 197: 268, 198: 30, 199: 394, 200: 156}
Correct solution!
Number of lables used:  24
Time taken: 0.18 seconds
Memory used: 29.95 MB
--------------------------------------------------

Trying with at most 23 labels...
Solution:
{1: 268, 2: 30, 3: 652, 4: 414, 5: 86, 6: 324, 7: 478, 8: 240, 9: 142, 10: 380, 11: 778, 12: 540, 13: 30, 14: 268, 15: 554, 16: 792, 17: 268, 18: 30, 19: 268, 20: 30, 21: 694, 22: 456, 23: 240, 24: 478, 25: 554, 26: 792, 27: 484, 28: 722, 29: 694, 30: 456, 31: 268, 32: 30, 33: 414, 34: 652, 35: 540, 36: 778, 37: 694, 38: 456, 39: 30, 40: 268, 41: 750, 42: 512, 43: 540, 44: 778, 45: 380, 46: 142, 47: 456, 48: 694, 49: 484, 50: 722, 51: 86, 52: 324, 53: 792, 54: 554, 55: 114, 56: 352, 57: 414, 58: 652, 59: 380, 60: 142, 61: 324, 62: 86, 63: 652, 64: 414, 65: 324, 66: 86, 67: 722, 68: 484, 69: 86, 70: 324, 71: 414, 72: 652, 73: 478, 74: 240, 75: 694, 76: 456, 77: 86, 78: 324, 79: 652, 80: 414, 81: 30, 82: 268, 83: 268, 84: 30, 85: 268, 86: 30, 87: 652, 88: 414, 89: 30, 90: 268, 91: 324, 92: 86, 93: 142, 94: 380, 95: 554, 96: 792, 97: 142, 98: 380, 99: 414, 100: 652, 101: 694, 102: 456, 103: 414, 104: 652, 105: 352, 106: 114, 107: 324, 108: 86, 109: 694, 110: 456, 111: 268, 112: 30, 113: 30, 114: 268, 115: 512, 116: 750, 117: 86, 118: 324, 119: 414, 120: 652, 121: 380, 122: 142, 123: 142, 124: 380, 125: 86, 126: 324, 127: 512, 128: 750, 129: 694, 130: 456, 131: 268, 132: 30, 133: 30, 134: 268, 135: 478, 136: 240, 137: 456, 138: 694, 139: 86, 140: 324, 141: 30, 142: 268, 143: 540, 144: 778, 145: 722, 146: 484, 147: 652, 148: 414, 149: 652, 150: 414, 151: 86, 152: 324, 153: 694, 154: 456, 155: 722, 156: 484, 157: 750, 158: 512, 159: 512, 160: 750, 161: 778, 162: 540, 163: 414, 164: 652, 165: 792, 166: 554, 167: 30, 168: 268, 169: 142, 170: 380, 171: 456, 172: 694, 173: 652, 174: 414, 175: 268, 176: 30, 177: 268, 178: 30, 179: 30, 180: 268, 181: 456, 182: 694, 183: 512, 184: 750, 185: 414, 186: 652, 187: 86, 188: 324, 189: 694, 190: 456, 191: 694, 192: 456, 193: 240, 194: 478, 195: 114, 196: 352, 197: 268, 198: 30, 199: 456, 200: 694}
Correct solution!
Number of lables used:  22
Time taken: 0.18 seconds
Memory used: 30.08 MB
--------------------------------------------------

Trying with at most 21 labels...
Solution:
{1: 58, 2: 296, 3: 30, 4: 268, 5: 114, 6: 352, 7: 170, 8: 408, 9: 142, 10: 380, 11: 778, 12: 540, 13: 44, 14: 282, 15: 380, 16: 142, 17: 380, 18: 142, 19: 296, 20: 58, 21: 296, 22: 58, 23: 408, 24: 170, 25: 282, 26: 44, 27: 352, 28: 114, 29: 652, 30: 414, 31: 282, 32: 44, 33: 652, 34: 414, 35: 540, 36: 778, 37: 652, 38: 414, 39: 30, 40: 268, 41: 750, 42: 512, 43: 540, 44: 778, 45: 380, 46: 142, 47: 414, 48: 652, 49: 484, 50: 722, 51: 282, 52: 44, 53: 652, 54: 414, 55: 30, 56: 268, 57: 142, 58: 380, 59: 750, 60: 512, 61: 352, 62: 114, 63: 142, 64: 380, 65: 352, 66: 114, 67: 44, 68: 282, 69: 58, 70: 296, 71: 652, 72: 414, 73: 380, 74: 142, 75: 722, 76: 484, 77: 114, 78: 352, 79: 58, 80: 296, 81: 30, 82: 268, 83: 380, 84: 142, 85: 268, 86: 30, 87: 652, 88: 414, 89: 282, 90: 44, 91: 722, 92: 484, 93: 58, 94: 296, 95: 540, 96: 778, 97: 142, 98: 380, 99: 142, 100: 380, 101: 30, 102: 268, 103: 652, 104: 414, 105: 352, 106: 114, 107: 352, 108: 114, 109: 652, 110: 414, 111: 282, 112: 44, 113: 30, 114: 268, 115: 44, 116: 282, 117: 58, 118: 296, 119: 414, 120: 652, 121: 142, 122: 380, 123: 142, 124: 380, 125: 58, 126: 296, 127: 296, 128: 58, 129: 44, 130: 282, 131: 352, 132: 114, 133: 512, 134: 750, 135: 380, 136: 142, 137: 414, 138: 652, 139: 58, 140: 296, 141: 30, 142: 268, 143: 778, 144: 540, 145: 722, 146: 484, 147: 750, 148: 512, 149: 414, 150: 652, 151: 114, 152: 352, 153: 142, 154: 380, 155: 722, 156: 484, 157: 750, 158: 512, 159: 750, 160: 512, 161: 484, 162: 722, 163: 352, 164: 114, 165: 58, 166: 296, 167: 44, 168: 282, 169: 58, 170: 296, 171: 352, 172: 114, 173: 414, 174: 652, 175: 268, 176: 30, 177: 30, 178: 268, 179: 30, 180: 268, 181: 142, 182: 380, 183: 778, 184: 540, 185: 268, 186: 30, 187: 114, 188: 352, 189: 142, 190: 380, 191: 484, 192: 722, 193: 408, 194: 170, 195: 114, 196: 352, 197: 142, 198: 380, 199: 778, 200: 540}
Correct solution!
Number of lables used:  20
Time taken: 0.19 seconds
Memory used: 30.08 MB
--------------------------------------------------

Trying with at most 19 labels...
Solution:
{1: 470, 2: 708, 3: 652, 4: 414, 5: 470, 6: 708, 7: 380, 8: 142, 9: 142, 10: 380, 11: 30, 12: 268, 13: 44, 14: 282, 15: 380, 16: 142, 17: 380, 18: 142, 19: 30, 20: 268, 21: 282, 22: 44, 23: 380, 24: 142, 25: 282, 26: 44, 27: 338, 28: 100, 29: 652, 30: 414, 31: 282, 32: 44, 33: 764, 34: 526, 35: 708, 36: 470, 37: 666, 38: 428, 39: 30, 40: 268, 41: 764, 42: 526, 43: 282, 44: 44, 45: 380, 46: 142, 47: 414, 48: 652, 49: 142, 50: 380, 51: 282, 52: 44, 53: 652, 54: 414, 55: 652, 56: 414, 57: 142, 58: 380, 59: 100, 60: 338, 61: 380, 62: 142, 63: 652, 64: 414, 65: 142, 66: 380, 67: 428, 68: 666, 69: 30, 70: 268, 71: 652, 72: 414, 73: 380, 74: 142, 75: 428, 76: 666, 77: 708, 78: 470, 79: 44, 80: 282, 81: 30, 82: 268, 83: 380, 84: 142, 85: 44, 86: 282, 87: 708, 88: 470, 89: 282, 90: 44, 91: 708, 92: 470, 93: 30, 94: 268, 95: 268, 96: 30, 97: 478, 98: 240, 99: 142, 100: 380, 101: 652, 102: 414, 103: 380, 104: 142, 105: 380, 106: 142, 107: 380, 108: 142, 109: 652, 110: 414, 111: 282, 112: 44, 113: 30, 114: 268, 115: 666, 116: 428, 117: 30, 118: 268, 119: 414, 120: 652, 121: 240, 122: 478, 123: 478, 124: 240, 125: 142, 126: 380, 127: 470, 128: 708, 129: 44, 130: 282, 131: 380, 132: 142, 133: 100, 134: 338, 135: 240, 136: 478, 137: 414, 138: 652, 139: 30, 140: 268, 141: 30, 142: 268, 143: 428, 144: 666, 145: 708, 146: 470, 147: 526, 148: 764, 149: 338, 150: 100, 151: 666, 152: 428, 153: 142, 154: 380, 155: 708, 156: 470, 157: 708, 158: 470, 159: 764, 160: 526, 161: 414, 162: 652, 163: 282, 164: 44, 165: 268, 166: 30, 167: 282, 168: 44, 169: 282, 170: 44, 171: 380, 172: 142, 173: 380, 174: 142, 175: 652, 176: 414, 177: 30, 178: 268, 179: 30, 180: 268, 181: 142, 182: 380, 183: 764, 184: 526, 185: 764, 186: 526, 187: 100, 188: 338, 189: 142, 190: 380, 191: 380, 192: 142, 193: 478, 194: 240, 195: 30, 196: 268, 197: 142, 198: 380, 199: 414, 200: 652}
Correct solution!
Number of lables used:  18
Time taken: 0.21 seconds
Memory used: 30.20 MB
--------------------------------------------------

Trying with at most 17 labels...
[runlim] sample:		10.0 time, 10.1 real, 48.0 MB
[runlim] sample:		20.0 time, 20.1 real, 51.5 MB
[runlim] sample:		30.0 time, 30.1 real, 57.8 MB
[runlim] sample:		40.0 time, 40.1 real, 58.7 MB
[runlim] sample:		50.0 time, 50.1 real, 59.8 MB
[runlim] sample:		60.0 time, 60.1 real, 72.1 MB
[runlim] sample:		70.0 time, 70.1 real, 73.1 MB
[runlim] sample:		80.0 time, 80.1 real, 74.1 MB
[runlim] sample:		90.0 time, 90.1 real, 74.3 MB
[runlim] sample:		100.0 time, 100.1 real, 75.1 MB
[runlim] sample:		110.0 time, 110.1 real, 90.2 MB
[runlim] sample:		120.0 time, 120.1 real, 93.4 MB
[runlim] sample:		130.0 time, 130.1 real, 95.0 MB
[runlim] sample:		140.0 time, 140.1 real, 77.0 MB
[runlim] sample:		150.0 time, 150.1 real, 85.0 MB
[runlim] sample:		160.0 time, 160.1 real, 85.4 MB
[runlim] sample:		170.0 time, 170.1 real, 85.6 MB
[runlim] sample:		180.0 time, 180.1 real, 86.1 MB
[runlim] sample:		190.0 time, 190.1 real, 86.1 MB
[runlim] sample:		200.0 time, 200.1 real, 86.4 MB
[runlim] sample:		210.0 time, 210.1 real, 86.8 MB
[runlim] sample:		220.0 time, 220.1 real, 87.0 MB
[runlim] sample:		230.0 time, 230.1 real, 87.0 MB
Cannot find solution.
No more solutions found.
Optimal number of labels used:  18
Time taken: 236.30 seconds
[runlim] end:			Thu Jan 15 06:52:25 2026
[runlim] status:		ok
[runlim] result:		0
[runlim] children:		0
[runlim] real:			236.46 seconds
[runlim] time:			236.28 seconds
[runlim] space:			95.0 MB
[runlim] samples:		2363
