[runlim] version:		1.10
[runlim] time limit:		311040000 seconds
[runlim] real time limit:	900 seconds
[runlim] space limit:		8000 MB
[runlim] argv[0]:		python3
[runlim] argv[1]:		-u
[runlim] argv[2]:		main.py
[runlim] argv[3]:		scen02
[runlim] argv[4]:		nsc_full
[runlim] argv[5]:		incremental
[runlim] argv[6]:		glucose4
[runlim] start:			Thu Jan 15 06:44:30 2026
[runlim] main pid:		201240
Solve first problem:
Solution:
{13: 268, 14: 30, 15: 268, 16: 30, 53: 268, 54: 30, 79: 254, 80: 16, 81: 268, 82: 30, 83: 680, 84: 442, 85: 352, 86: 114, 127: 352, 128: 114, 129: 254, 130: 16, 143: 254, 144: 16, 145: 254, 146: 16, 205: 254, 206: 16, 233: 666, 234: 428, 235: 338, 236: 100, 237: 352, 238: 114, 261: 254, 262: 16, 263: 352, 264: 114, 265: 338, 266: 100, 267: 254, 268: 16, 269: 352, 270: 114, 271: 352, 272: 114, 273: 44, 274: 282, 275: 44, 276: 282, 277: 352, 278: 114, 281: 268, 282: 30, 283: 282, 284: 44, 289: 254, 290: 16, 291: 324, 292: 86, 303: 666, 304: 428, 305: 338, 306: 100, 321: 156, 322: 394, 323: 254, 324: 16, 325: 666, 326: 428, 327: 338, 328: 100, 329: 254, 330: 16, 341: 30, 342: 268, 343: 30, 344: 268, 349: 338, 350: 100, 351: 30, 352: 268, 435: 296, 436: 58, 475: 282, 476: 44, 481: 268, 482: 30, 517: 268, 518: 30, 519: 338, 520: 100, 555: 128, 556: 366, 557: 666, 558: 428, 559: 58, 560: 296, 561: 366, 562: 128, 565: 100, 566: 338, 577: 324, 578: 86, 579: 352, 580: 114, 583: 666, 584: 428, 585: 324, 586: 86, 587: 254, 588: 16, 589: 366, 590: 128, 591: 352, 592: 114, 593: 114, 594: 352, 595: 296, 596: 58, 597: 268, 598: 30, 599: 142, 600: 380, 601: 282, 602: 44, 603: 268, 604: 30, 605: 268, 606: 30, 607: 338, 608: 100, 613: 100, 614: 338, 615: 282, 616: 44, 617: 268, 618: 30, 621: 338, 622: 100, 625: 268, 626: 30, 629: 282, 630: 44, 631: 268, 632: 30, 633: 282, 634: 44, 635: 268, 636: 30, 645: 296, 646: 58, 651: 254, 652: 16, 661: 254, 662: 16, 663: 394, 664: 156, 665: 366, 666: 128, 667: 254, 668: 16, 713: 352, 714: 114, 717: 44, 718: 282, 719: 394, 720: 156, 721: 324, 722: 86, 723: 254, 724: 16, 743: 44, 744: 282, 745: 268, 746: 30, 747: 324, 748: 86, 763: 268, 764: 30, 765: 254, 766: 16, 767: 296, 768: 58, 785: 254, 786: 16, 787: 268, 788: 30, 789: 338, 790: 100, 791: 268, 792: 30, 793: 338, 794: 100, 795: 268, 796: 30, 797: 352, 798: 114, 799: 282, 800: 44, 801: 268, 802: 30, 879: 268, 880: 30}
Correct solution!
Number of lables used:  24
Time taken: 0.21 seconds
Memory used: 31.29 MB
--------------------------------------------------

Trying with at most 23 labels...
Solution:
{13: 540, 14: 778, 15: 156, 16: 394, 53: 394, 54: 156, 79: 86, 80: 324, 81: 156, 82: 394, 83: 736, 84: 498, 85: 394, 86: 156, 127: 652, 128: 414, 129: 324, 130: 86, 143: 86, 144: 324, 145: 86, 146: 324, 205: 324, 206: 86, 233: 86, 234: 324, 235: 778, 236: 540, 237: 526, 238: 764, 261: 86, 262: 324, 263: 652, 264: 414, 265: 540, 266: 778, 267: 414, 268: 652, 269: 498, 270: 736, 271: 414, 272: 652, 273: 554, 274: 792, 275: 554, 276: 792, 277: 414, 278: 652, 281: 750, 282: 512, 283: 750, 284: 512, 289: 394, 290: 156, 291: 86, 292: 324, 303: 540, 304: 778, 305: 394, 306: 156, 321: 540, 322: 778, 323: 652, 324: 414, 325: 512, 326: 750, 327: 156, 328: 394, 329: 394, 330: 156, 341: 156, 342: 394, 343: 156, 344: 394, 349: 498, 350: 736, 351: 86, 352: 324, 435: 778, 436: 540, 475: 736, 476: 498, 481: 324, 482: 86, 517: 86, 518: 324, 519: 86, 520: 324, 555: 750, 556: 512, 557: 86, 558: 324, 559: 764, 560: 526, 561: 540, 562: 778, 565: 778, 566: 540, 577: 554, 578: 792, 579: 394, 580: 156, 583: 324, 584: 86, 585: 394, 586: 156, 587: 86, 588: 324, 589: 394, 590: 156, 591: 512, 592: 750, 593: 540, 594: 778, 595: 324, 596: 86, 597: 526, 598: 764, 599: 526, 600: 764, 601: 498, 602: 736, 603: 324, 604: 86, 605: 86, 606: 324, 607: 526, 608: 764, 613: 512, 614: 750, 615: 750, 616: 512, 617: 736, 618: 498, 621: 498, 622: 736, 625: 324, 626: 86, 629: 750, 630: 512, 631: 86, 632: 324, 633: 526, 634: 764, 635: 86, 636: 324, 645: 394, 646: 156, 651: 394, 652: 156, 661: 324, 662: 86, 663: 394, 664: 156, 665: 792, 666: 554, 667: 324, 668: 86, 713: 414, 714: 652, 717: 554, 718: 792, 719: 394, 720: 156, 721: 764, 722: 526, 723: 86, 724: 324, 743: 498, 744: 736, 745: 750, 746: 512, 747: 764, 748: 526, 763: 324, 764: 86, 765: 86, 766: 324, 767: 498, 768: 736, 785: 652, 786: 414, 787: 86, 788: 324, 789: 750, 790: 512, 791: 86, 792: 324, 793: 750, 794: 512, 795: 86, 796: 324, 797: 736, 798: 498, 799: 324, 800: 86, 801: 764, 802: 526, 879: 324, 880: 86}
Correct solution!
Number of lables used:  16
Time taken: 0.23 seconds
Memory used: 32.29 MB
--------------------------------------------------

Trying with at most 15 labels...
Solution:
{13: 554, 14: 792, 15: 512, 16: 750, 53: 86, 54: 324, 79: 100, 80: 338, 81: 86, 82: 324, 83: 736, 84: 498, 85: 16, 86: 254, 127: 736, 128: 498, 129: 324, 130: 86, 143: 498, 144: 736, 145: 512, 146: 750, 205: 324, 206: 86, 233: 764, 234: 526, 235: 338, 236: 100, 237: 526, 238: 764, 261: 86, 262: 324, 263: 526, 264: 764, 265: 526, 266: 764, 267: 86, 268: 324, 269: 254, 270: 16, 271: 254, 272: 16, 273: 100, 274: 338, 275: 100, 276: 338, 277: 254, 278: 16, 281: 338, 282: 100, 283: 526, 284: 764, 289: 100, 290: 338, 291: 86, 292: 324, 303: 512, 304: 750, 305: 338, 306: 100, 321: 554, 322: 792, 323: 100, 324: 338, 325: 512, 326: 750, 327: 100, 328: 338, 329: 338, 330: 100, 341: 100, 342: 338, 343: 100, 344: 338, 349: 512, 350: 750, 351: 764, 352: 526, 435: 764, 436: 526, 475: 736, 476: 498, 481: 324, 482: 86, 517: 86, 518: 324, 519: 86, 520: 324, 555: 526, 556: 764, 557: 86, 558: 324, 559: 736, 560: 498, 561: 86, 562: 324, 565: 764, 566: 526, 577: 254, 578: 16, 579: 100, 580: 338, 583: 512, 584: 750, 585: 324, 586: 86, 587: 100, 588: 338, 589: 736, 590: 498, 591: 498, 592: 736, 593: 526, 594: 764, 595: 324, 596: 86, 597: 512, 598: 750, 599: 526, 600: 764, 601: 512, 602: 750, 603: 100, 604: 338, 605: 512, 606: 750, 607: 324, 608: 86, 613: 100, 614: 338, 615: 100, 616: 338, 617: 512, 618: 750, 621: 512, 622: 750, 625: 324, 626: 86, 629: 750, 630: 512, 631: 86, 632: 324, 633: 512, 634: 750, 635: 86, 636: 324, 645: 100, 646: 338, 651: 324, 652: 86, 661: 324, 662: 86, 663: 512, 664: 750, 665: 736, 666: 498, 667: 324, 668: 86, 713: 254, 714: 16, 717: 100, 718: 338, 719: 792, 720: 554, 721: 324, 722: 86, 723: 512, 724: 750, 743: 498, 744: 736, 745: 750, 746: 512, 747: 764, 748: 526, 763: 324, 764: 86, 765: 86, 766: 324, 767: 16, 768: 254, 785: 554, 786: 792, 787: 100, 788: 338, 789: 750, 790: 512, 791: 86, 792: 324, 793: 750, 794: 512, 795: 86, 796: 324, 797: 526, 798: 764, 799: 750, 800: 512, 801: 338, 802: 100, 879: 324, 880: 86}
Correct solution!
Number of lables used:  14
Time taken: 0.24 seconds
Memory used: 32.41 MB
--------------------------------------------------

Trying with at most 13 labels...
[runlim] sample:		10.0 time, 10.0 real, 49.7 MB
Cannot find solution.
No more solutions found.
Optimal number of labels used:  14
Time taken: 17.98 seconds
[runlim] end:			Thu Jan 15 06:44:48 2026
[runlim] status:		ok
[runlim] result:		0
[runlim] children:		0
[runlim] real:			18.07 seconds
[runlim] time:			17.99 seconds
[runlim] space:			51.8 MB
[runlim] samples:		180
