[runlim] version:		1.10
[runlim] time limit:		311040000 seconds
[runlim] real time limit:	900 seconds
[runlim] space limit:		8000 MB
[runlim] argv[0]:		python3
[runlim] argv[1]:		-u
[runlim] argv[2]:		main.py
[runlim] argv[3]:		scen03
[runlim] argv[4]:		nsc_full
[runlim] argv[5]:		incremental
[runlim] argv[6]:		glucose4
[runlim] start:			Thu Jan 15 06:44:48 2026
[runlim] main pid:		201386
Solve first problem:
Solution:
{13: 254, 14: 16, 15: 254, 16: 16, 23: 142, 24: 380, 49: 310, 50: 72, 51: 16, 52: 254, 53: 338, 54: 100, 67: 156, 68: 394, 69: 254, 70: 16, 79: 254, 80: 16, 81: 268, 82: 30, 83: 680, 84: 442, 85: 352, 86: 114, 103: 268, 104: 30, 105: 254, 106: 16, 117: 750, 118: 512, 119: 708, 120: 470, 127: 142, 128: 380, 129: 310, 130: 72, 143: 666, 144: 428, 145: 254, 146: 16, 151: 764, 152: 526, 153: 694, 154: 456, 155: 652, 156: 414, 157: 30, 158: 268, 179: 156, 180: 394, 181: 380, 182: 142, 183: 736, 184: 498, 191: 366, 192: 128, 193: 296, 194: 58, 205: 254, 206: 16, 209: 142, 210: 380, 211: 58, 212: 296, 213: 254, 214: 16, 215: 296, 216: 58, 217: 296, 218: 58, 233: 750, 234: 512, 235: 338, 236: 100, 237: 380, 238: 142, 261: 254, 262: 16, 263: 352, 264: 114, 265: 324, 266: 86, 267: 254, 268: 16, 269: 254, 270: 16, 271: 254, 272: 16, 273: 324, 274: 86, 275: 324, 276: 86, 277: 268, 278: 30, 281: 366, 282: 128, 283: 296, 284: 58, 285: 366, 286: 128, 287: 254, 288: 16, 289: 254, 290: 16, 291: 324, 292: 86, 293: 380, 294: 142, 295: 324, 296: 86, 299: 366, 300: 128, 301: 282, 302: 44, 303: 680, 304: 442, 305: 352, 306: 114, 307: 30, 308: 268, 309: 338, 310: 100, 311: 254, 312: 16, 313: 254, 314: 16, 321: 254, 322: 16, 323: 254, 324: 16, 325: 666, 326: 428, 327: 338, 328: 100, 329: 254, 330: 16, 339: 352, 340: 114, 341: 44, 342: 282, 343: 44, 344: 282, 345: 394, 346: 156, 347: 324, 348: 86, 349: 680, 350: 442, 351: 30, 352: 268, 355: 44, 356: 282, 357: 268, 358: 30, 359: 666, 360: 428, 361: 338, 362: 100, 363: 268, 364: 30, 365: 380, 366: 142, 367: 310, 368: 72, 369: 128, 370: 366, 371: 254, 372: 16, 375: 282, 376: 44, 377: 666, 378: 428, 383: 338, 384: 100, 387: 366, 388: 128, 397: 394, 398: 156, 401: 114, 402: 352, 405: 114, 406: 352, 435: 366, 436: 128, 439: 310, 440: 72, 449: 100, 450: 338, 471: 254, 472: 16, 475: 338, 476: 100, 477: 268, 478: 30, 481: 352, 482: 114, 491: 310, 492: 72, 493: 268, 494: 30, 495: 254, 496: 16, 517: 268, 518: 30, 519: 338, 520: 100, 525: 282, 526: 44, 533: 282, 534: 44, 535: 254, 536: 16, 547: 324, 548: 86, 555: 128, 556: 366, 557: 666, 558: 428, 559: 58, 560: 296, 561: 380, 562: 142, 563: 666, 564: 428, 565: 114, 566: 352, 573: 268, 574: 30, 575: 114, 576: 352, 577: 366, 578: 128, 579: 352, 580: 114, 581: 352, 582: 114, 583: 666, 584: 428, 585: 338, 586: 100, 587: 254, 588: 16, 589: 366, 590: 128, 591: 352, 592: 114, 593: 100, 594: 338, 595: 296, 596: 58, 597: 268, 598: 30, 599: 142, 600: 380, 601: 282, 602: 44, 603: 268, 604: 30, 605: 268, 606: 30, 607: 352, 608: 114, 613: 100, 614: 338, 615: 282, 616: 44, 617: 268, 618: 30, 619: 352, 620: 114, 621: 338, 622: 100, 623: 338, 624: 100, 625: 268, 626: 30, 629: 282, 630: 44, 631: 268, 632: 30, 633: 282, 634: 44, 635: 268, 636: 30, 637: 254, 638: 16, 639: 268, 640: 30, 641: 380, 642: 142, 643: 338, 644: 100, 645: 296, 646: 58, 651: 352, 652: 114, 653: 254, 654: 16, 661: 254, 662: 16, 663: 394, 664: 156, 665: 366, 666: 128, 667: 268, 668: 30, 671: 254, 672: 16, 713: 268, 714: 30, 715: 254, 716: 16, 717: 394, 718: 156, 719: 324, 720: 86, 721: 254, 722: 16, 723: 254, 724: 16, 725: 254, 726: 16, 727: 254, 728: 16, 733: 268, 734: 30, 741: 268, 742: 30, 743: 44, 744: 282, 745: 268, 746: 30, 747: 324, 748: 86, 757: 338, 758: 100, 759: 268, 760: 30, 763: 268, 764: 30, 765: 254, 766: 16, 767: 296, 768: 58, 769: 268, 770: 30, 771: 338, 772: 100, 773: 254, 774: 16, 783: 268, 784: 30, 785: 254, 786: 16, 787: 268, 788: 30, 789: 338, 790: 100, 791: 268, 792: 30, 793: 338, 794: 100, 795: 268, 796: 30, 797: 352, 798: 114, 799: 282, 800: 44, 801: 268, 802: 30, 815: 338, 816: 100, 817: 268, 818: 30, 825: 282, 826: 44, 827: 324, 828: 86, 829: 254, 830: 16, 835: 44, 836: 282, 837: 268, 838: 30, 867: 352, 868: 114, 875: 310, 876: 72, 877: 282, 878: 44, 879: 324, 880: 86, 881: 268, 882: 30, 893: 268, 894: 30, 903: 254, 904: 16, 911: 254, 912: 16}
Correct solution!
Number of lables used:  38
Time taken: 0.44 seconds
Memory used: 43.11 MB
--------------------------------------------------

Trying with at most 37 labels...
Solution:
{13: 254, 14: 16, 15: 254, 16: 16, 23: 324, 24: 86, 49: 324, 50: 86, 51: 652, 52: 414, 53: 156, 54: 394, 67: 156, 68: 394, 69: 16, 70: 254, 79: 16, 80: 254, 81: 324, 82: 86, 83: 512, 84: 750, 85: 394, 86: 156, 103: 394, 104: 156, 105: 16, 106: 254, 117: 512, 118: 750, 119: 156, 120: 394, 127: 394, 128: 156, 129: 778, 130: 540, 143: 512, 144: 750, 145: 254, 146: 16, 151: 792, 152: 554, 153: 722, 154: 484, 155: 736, 156: 498, 157: 394, 158: 156, 179: 16, 180: 254, 181: 156, 182: 394, 183: 652, 184: 414, 191: 156, 192: 394, 193: 484, 194: 722, 205: 554, 206: 792, 209: 394, 210: 156, 211: 324, 212: 86, 213: 254, 214: 16, 215: 254, 216: 16, 217: 764, 218: 526, 233: 498, 234: 736, 235: 484, 236: 722, 237: 722, 238: 484, 261: 16, 262: 254, 263: 394, 264: 156, 265: 414, 266: 652, 267: 254, 268: 16, 269: 254, 270: 16, 271: 254, 272: 16, 273: 792, 274: 554, 275: 792, 276: 554, 277: 414, 278: 652, 281: 394, 282: 156, 283: 498, 284: 736, 285: 16, 286: 254, 287: 324, 288: 86, 289: 254, 290: 16, 291: 86, 292: 324, 293: 408, 294: 170, 295: 394, 296: 156, 299: 652, 300: 414, 301: 722, 302: 484, 303: 156, 304: 394, 305: 750, 306: 512, 307: 722, 308: 484, 309: 652, 310: 414, 311: 254, 312: 16, 313: 254, 314: 16, 321: 254, 322: 16, 323: 254, 324: 16, 325: 414, 326: 652, 327: 792, 328: 554, 329: 652, 330: 414, 339: 16, 340: 254, 341: 764, 342: 526, 343: 722, 344: 484, 345: 652, 346: 414, 347: 512, 348: 750, 349: 750, 350: 512, 351: 86, 352: 324, 355: 512, 356: 750, 357: 86, 358: 324, 359: 722, 360: 484, 361: 722, 362: 484, 363: 324, 364: 86, 365: 526, 366: 764, 367: 736, 368: 498, 369: 498, 370: 736, 371: 254, 372: 16, 375: 526, 376: 764, 377: 512, 378: 750, 383: 484, 384: 722, 387: 498, 388: 736, 397: 414, 398: 652, 401: 540, 402: 778, 405: 540, 406: 778, 435: 512, 436: 750, 439: 484, 440: 722, 449: 324, 450: 86, 471: 254, 472: 16, 475: 498, 476: 736, 477: 324, 478: 86, 481: 484, 482: 722, 491: 778, 492: 540, 493: 736, 494: 498, 495: 254, 496: 16, 517: 484, 518: 722, 519: 86, 520: 324, 525: 722, 526: 484, 533: 414, 534: 652, 535: 86, 536: 324, 547: 16, 548: 254, 555: 86, 556: 324, 557: 86, 558: 324, 559: 736, 560: 498, 561: 722, 562: 484, 563: 324, 564: 86, 565: 778, 566: 540, 573: 86, 574: 324, 575: 526, 576: 764, 577: 652, 578: 414, 579: 16, 580: 254, 581: 156, 582: 394, 583: 526, 584: 764, 585: 324, 586: 86, 587: 722, 588: 484, 589: 414, 590: 652, 591: 764, 592: 526, 593: 722, 594: 484, 595: 86, 596: 324, 597: 736, 598: 498, 599: 484, 600: 722, 601: 484, 602: 722, 603: 86, 604: 324, 605: 324, 606: 86, 607: 540, 608: 778, 613: 722, 614: 484, 615: 324, 616: 86, 617: 498, 618: 736, 619: 764, 620: 526, 621: 778, 622: 540, 623: 722, 624: 484, 625: 324, 626: 86, 629: 722, 630: 484, 631: 86, 632: 324, 633: 736, 634: 498, 635: 86, 636: 324, 637: 254, 638: 16, 639: 324, 640: 86, 641: 778, 642: 540, 643: 86, 644: 324, 645: 394, 646: 156, 651: 324, 652: 86, 653: 86, 654: 324, 661: 324, 662: 86, 663: 254, 664: 16, 665: 554, 666: 792, 667: 498, 668: 736, 671: 324, 672: 86, 713: 414, 714: 652, 715: 254, 716: 16, 717: 722, 718: 484, 719: 394, 720: 156, 721: 324, 722: 86, 723: 324, 724: 86, 725: 324, 726: 86, 727: 324, 728: 86, 733: 324, 734: 86, 741: 484, 742: 722, 743: 778, 744: 540, 745: 736, 746: 498, 747: 498, 748: 736, 757: 736, 758: 498, 759: 86, 760: 324, 763: 324, 764: 86, 765: 324, 766: 86, 767: 156, 768: 394, 769: 736, 770: 498, 771: 394, 772: 156, 773: 324, 774: 86, 783: 324, 784: 86, 785: 652, 786: 414, 787: 736, 788: 498, 789: 86, 790: 324, 791: 736, 792: 498, 793: 86, 794: 324, 795: 736, 796: 498, 797: 86, 798: 324, 799: 484, 800: 722, 801: 86, 802: 324, 815: 722, 816: 484, 817: 512, 818: 750, 825: 484, 826: 722, 827: 156, 828: 394, 829: 254, 830: 16, 835: 722, 836: 484, 837: 324, 838: 86, 867: 778, 868: 540, 875: 498, 876: 736, 877: 484, 878: 722, 879: 324, 880: 86, 881: 324, 882: 86, 893: 86, 894: 324, 903: 394, 904: 156, 911: 540, 912: 778}
Correct solution!
Number of lables used:  22
Time taken: 0.49 seconds
Memory used: 44.73 MB
--------------------------------------------------

Trying with at most 21 labels...
Solution:
{13: 254, 14: 16, 15: 254, 16: 16, 23: 324, 24: 86, 49: 324, 50: 86, 51: 652, 52: 414, 53: 156, 54: 394, 67: 156, 68: 394, 69: 16, 70: 254, 79: 16, 80: 254, 81: 324, 82: 86, 83: 512, 84: 750, 85: 394, 86: 156, 103: 394, 104: 156, 105: 16, 106: 254, 117: 512, 118: 750, 119: 156, 120: 394, 127: 394, 128: 156, 129: 778, 130: 540, 143: 512, 144: 750, 145: 254, 146: 16, 151: 652, 152: 414, 153: 512, 154: 750, 155: 736, 156: 498, 157: 394, 158: 156, 179: 16, 180: 254, 181: 156, 182: 394, 183: 498, 184: 736, 191: 156, 192: 394, 193: 484, 194: 722, 205: 778, 206: 540, 209: 394, 210: 156, 211: 324, 212: 86, 213: 764, 214: 526, 215: 254, 216: 16, 217: 86, 218: 324, 233: 498, 234: 736, 235: 484, 236: 722, 237: 722, 238: 484, 261: 16, 262: 254, 263: 394, 264: 156, 265: 414, 266: 652, 267: 254, 268: 16, 269: 254, 270: 16, 271: 254, 272: 16, 273: 394, 274: 156, 275: 394, 276: 156, 277: 414, 278: 652, 281: 394, 282: 156, 283: 498, 284: 736, 285: 16, 286: 254, 287: 324, 288: 86, 289: 254, 290: 16, 291: 86, 292: 324, 293: 240, 294: 478, 295: 540, 296: 778, 299: 652, 300: 414, 301: 722, 302: 484, 303: 156, 304: 394, 305: 750, 306: 512, 307: 484, 308: 722, 309: 736, 310: 498, 311: 652, 312: 414, 313: 778, 314: 540, 321: 254, 322: 16, 323: 254, 324: 16, 325: 414, 326: 652, 327: 778, 328: 540, 329: 652, 330: 414, 339: 16, 340: 254, 341: 764, 342: 526, 343: 722, 344: 484, 345: 652, 346: 414, 347: 512, 348: 750, 349: 750, 350: 512, 351: 86, 352: 324, 355: 526, 356: 764, 357: 86, 358: 324, 359: 736, 360: 498, 361: 722, 362: 484, 363: 86, 364: 324, 365: 512, 366: 750, 367: 722, 368: 484, 369: 722, 370: 484, 371: 254, 372: 16, 375: 86, 376: 324, 377: 778, 378: 540, 383: 484, 384: 722, 387: 498, 388: 736, 397: 414, 398: 652, 401: 540, 402: 778, 405: 86, 406: 324, 435: 526, 436: 764, 439: 414, 440: 652, 449: 778, 450: 540, 471: 254, 472: 16, 475: 512, 476: 750, 477: 526, 478: 764, 481: 484, 482: 722, 491: 778, 492: 540, 493: 736, 494: 498, 495: 254, 496: 16, 517: 484, 518: 722, 519: 86, 520: 324, 525: 722, 526: 484, 533: 414, 534: 652, 535: 86, 536: 324, 547: 16, 548: 254, 555: 86, 556: 324, 557: 86, 558: 324, 559: 736, 560: 498, 561: 722, 562: 484, 563: 324, 564: 86, 565: 764, 566: 526, 573: 86, 574: 324, 575: 736, 576: 498, 577: 652, 578: 414, 579: 16, 580: 254, 581: 156, 582: 394, 583: 526, 584: 764, 585: 324, 586: 86, 587: 722, 588: 484, 589: 414, 590: 652, 591: 764, 592: 526, 593: 722, 594: 484, 595: 86, 596: 324, 597: 736, 598: 498, 599: 484, 600: 722, 601: 484, 602: 722, 603: 86, 604: 324, 605: 324, 606: 86, 607: 540, 608: 778, 613: 722, 614: 484, 615: 324, 616: 86, 617: 498, 618: 736, 619: 778, 620: 540, 621: 778, 622: 540, 623: 722, 624: 484, 625: 324, 626: 86, 629: 722, 630: 484, 631: 86, 632: 324, 633: 736, 634: 498, 635: 86, 636: 324, 637: 254, 638: 16, 639: 324, 640: 86, 641: 324, 642: 86, 643: 484, 644: 722, 645: 394, 646: 156, 651: 324, 652: 86, 653: 254, 654: 16, 661: 324, 662: 86, 663: 254, 664: 16, 665: 394, 666: 156, 667: 16, 668: 254, 671: 324, 672: 86, 713: 414, 714: 652, 715: 254, 716: 16, 717: 722, 718: 484, 719: 394, 720: 156, 721: 324, 722: 86, 723: 324, 724: 86, 725: 324, 726: 86, 727: 324, 728: 86, 733: 324, 734: 86, 741: 16, 742: 254, 743: 764, 744: 526, 745: 736, 746: 498, 747: 498, 748: 736, 757: 736, 758: 498, 759: 86, 760: 324, 763: 324, 764: 86, 765: 324, 766: 86, 767: 540, 768: 778, 769: 540, 770: 778, 771: 394, 772: 156, 773: 652, 774: 414, 783: 324, 784: 86, 785: 652, 786: 414, 787: 736, 788: 498, 789: 86, 790: 324, 791: 736, 792: 498, 793: 86, 794: 324, 795: 736, 796: 498, 797: 86, 798: 324, 799: 484, 800: 722, 801: 86, 802: 324, 815: 324, 816: 86, 817: 778, 818: 540, 825: 484, 826: 722, 827: 526, 828: 764, 829: 254, 830: 16, 835: 722, 836: 484, 837: 324, 838: 86, 867: 778, 868: 540, 875: 498, 876: 736, 877: 484, 878: 722, 879: 324, 880: 86, 881: 324, 882: 86, 893: 86, 894: 324, 903: 394, 904: 156, 911: 722, 912: 484}
Correct solution!
Number of lables used:  20
Time taken: 0.50 seconds
Memory used: 44.98 MB
--------------------------------------------------

Trying with at most 19 labels...
Solution:
{13: 30, 14: 268, 15: 30, 16: 268, 23: 324, 24: 86, 49: 30, 50: 268, 51: 652, 52: 414, 53: 86, 54: 324, 67: 414, 68: 652, 69: 30, 70: 268, 79: 268, 80: 30, 81: 324, 82: 86, 83: 512, 84: 750, 85: 268, 86: 30, 103: 652, 104: 414, 105: 324, 106: 86, 117: 512, 118: 750, 119: 268, 120: 30, 127: 86, 128: 324, 129: 778, 130: 540, 143: 428, 144: 666, 145: 86, 146: 324, 151: 652, 152: 414, 153: 512, 154: 750, 155: 736, 156: 498, 157: 324, 158: 86, 179: 86, 180: 324, 181: 268, 182: 30, 183: 498, 184: 736, 191: 268, 192: 30, 193: 484, 194: 722, 205: 736, 206: 498, 209: 30, 210: 268, 211: 540, 212: 778, 213: 722, 214: 484, 215: 722, 216: 484, 217: 428, 218: 666, 233: 484, 234: 722, 235: 498, 236: 736, 237: 722, 238: 484, 261: 30, 262: 268, 263: 324, 264: 86, 265: 414, 266: 652, 267: 268, 268: 30, 269: 414, 270: 652, 271: 750, 272: 512, 273: 268, 274: 30, 275: 268, 276: 30, 277: 414, 278: 652, 281: 30, 282: 268, 283: 778, 284: 540, 285: 30, 286: 268, 287: 324, 288: 86, 289: 30, 290: 268, 291: 86, 292: 324, 293: 240, 294: 478, 295: 540, 296: 778, 299: 666, 300: 428, 301: 750, 302: 512, 303: 652, 304: 414, 305: 778, 306: 540, 307: 484, 308: 722, 309: 736, 310: 498, 311: 778, 312: 540, 313: 778, 314: 540, 321: 30, 322: 268, 323: 30, 324: 268, 325: 268, 326: 30, 327: 778, 328: 540, 329: 652, 330: 414, 339: 268, 340: 30, 341: 268, 342: 30, 343: 268, 344: 30, 345: 652, 346: 414, 347: 512, 348: 750, 349: 750, 350: 512, 351: 86, 352: 324, 355: 666, 356: 428, 357: 86, 358: 324, 359: 736, 360: 498, 361: 722, 362: 484, 363: 86, 364: 324, 365: 512, 366: 750, 367: 30, 368: 268, 369: 722, 370: 484, 371: 268, 372: 30, 375: 324, 376: 86, 377: 778, 378: 540, 383: 484, 384: 722, 387: 498, 388: 736, 397: 484, 398: 722, 401: 540, 402: 778, 405: 86, 406: 324, 435: 498, 436: 736, 439: 414, 440: 652, 449: 778, 450: 540, 471: 268, 472: 30, 475: 512, 476: 750, 477: 428, 478: 666, 481: 540, 482: 778, 491: 778, 492: 540, 493: 736, 494: 498, 495: 722, 496: 484, 517: 484, 518: 722, 519: 86, 520: 324, 525: 722, 526: 484, 533: 414, 534: 652, 535: 86, 536: 324, 547: 30, 548: 268, 555: 666, 556: 428, 557: 86, 558: 324, 559: 736, 560: 498, 561: 722, 562: 484, 563: 324, 564: 86, 565: 778, 566: 540, 573: 86, 574: 324, 575: 736, 576: 498, 577: 652, 578: 414, 579: 30, 580: 268, 581: 414, 582: 652, 583: 86, 584: 324, 585: 324, 586: 86, 587: 722, 588: 484, 589: 414, 590: 652, 591: 736, 592: 498, 593: 722, 594: 484, 595: 86, 596: 324, 597: 736, 598: 498, 599: 484, 600: 722, 601: 484, 602: 722, 603: 324, 604: 86, 605: 324, 606: 86, 607: 540, 608: 778, 613: 722, 614: 484, 615: 666, 616: 428, 617: 750, 618: 512, 619: 778, 620: 540, 621: 778, 622: 540, 623: 722, 624: 484, 625: 324, 626: 86, 629: 722, 630: 484, 631: 86, 632: 324, 633: 722, 634: 484, 635: 86, 636: 324, 637: 268, 638: 30, 639: 324, 640: 86, 641: 324, 642: 86, 643: 484, 644: 722, 645: 324, 646: 86, 651: 736, 652: 498, 653: 414, 654: 652, 661: 268, 662: 30, 663: 324, 664: 86, 665: 414, 666: 652, 667: 414, 668: 652, 671: 324, 672: 86, 713: 750, 714: 512, 715: 268, 716: 30, 717: 736, 718: 498, 719: 268, 720: 30, 721: 86, 722: 324, 723: 86, 724: 324, 725: 30, 726: 268, 727: 30, 728: 268, 733: 324, 734: 86, 741: 652, 742: 414, 743: 750, 744: 512, 745: 736, 746: 498, 747: 498, 748: 736, 757: 736, 758: 498, 759: 86, 760: 324, 763: 484, 764: 722, 765: 86, 766: 324, 767: 512, 768: 750, 769: 540, 770: 778, 771: 414, 772: 652, 773: 324, 774: 86, 783: 324, 784: 86, 785: 666, 786: 428, 787: 736, 788: 498, 789: 86, 790: 324, 791: 736, 792: 498, 793: 86, 794: 324, 795: 736, 796: 498, 797: 86, 798: 324, 799: 484, 800: 722, 801: 86, 802: 324, 815: 324, 816: 86, 817: 778, 818: 540, 825: 484, 826: 722, 827: 268, 828: 30, 829: 428, 830: 666, 835: 722, 836: 484, 837: 324, 838: 86, 867: 778, 868: 540, 875: 498, 876: 736, 877: 484, 878: 722, 879: 86, 880: 324, 881: 498, 882: 736, 893: 86, 894: 324, 903: 652, 904: 414, 911: 722, 912: 484}
Correct solution!
Number of lables used:  18
Time taken: 0.51 seconds
Memory used: 44.98 MB
--------------------------------------------------

Trying with at most 17 labels...
Solution:
{13: 30, 14: 268, 15: 30, 16: 268, 23: 324, 24: 86, 49: 30, 50: 268, 51: 666, 52: 428, 53: 86, 54: 324, 67: 428, 68: 666, 69: 30, 70: 268, 79: 268, 80: 30, 81: 324, 82: 86, 83: 512, 84: 750, 85: 324, 86: 86, 103: 666, 104: 428, 105: 324, 106: 86, 117: 512, 118: 750, 119: 268, 120: 30, 127: 86, 128: 324, 129: 778, 130: 540, 143: 428, 144: 666, 145: 86, 146: 324, 151: 142, 152: 380, 153: 512, 154: 750, 155: 736, 156: 498, 157: 324, 158: 86, 179: 86, 180: 324, 181: 268, 182: 30, 183: 498, 184: 736, 191: 268, 192: 30, 193: 498, 194: 736, 205: 736, 206: 498, 209: 30, 210: 268, 211: 540, 212: 778, 213: 722, 214: 484, 215: 722, 216: 484, 217: 428, 218: 666, 233: 484, 234: 722, 235: 498, 236: 736, 237: 722, 238: 484, 261: 30, 262: 268, 263: 324, 264: 86, 265: 428, 266: 666, 267: 268, 268: 30, 269: 750, 270: 512, 271: 750, 272: 512, 273: 268, 274: 30, 275: 268, 276: 30, 277: 750, 278: 512, 281: 30, 282: 268, 283: 778, 284: 540, 285: 30, 286: 268, 287: 324, 288: 86, 289: 30, 290: 268, 291: 86, 292: 324, 293: 142, 294: 380, 295: 268, 296: 30, 299: 666, 300: 428, 301: 750, 302: 512, 303: 142, 304: 380, 305: 778, 306: 540, 307: 484, 308: 722, 309: 736, 310: 498, 311: 324, 312: 86, 313: 324, 314: 86, 321: 30, 322: 268, 323: 30, 324: 268, 325: 268, 326: 30, 327: 778, 328: 540, 329: 750, 330: 512, 339: 268, 340: 30, 341: 268, 342: 30, 343: 268, 344: 30, 345: 666, 346: 428, 347: 540, 348: 778, 349: 750, 350: 512, 351: 86, 352: 324, 355: 666, 356: 428, 357: 86, 358: 324, 359: 736, 360: 498, 361: 722, 362: 484, 363: 86, 364: 324, 365: 512, 366: 750, 367: 30, 368: 268, 369: 722, 370: 484, 371: 268, 372: 30, 375: 324, 376: 86, 377: 778, 378: 540, 383: 484, 384: 722, 387: 498, 388: 736, 397: 666, 398: 428, 401: 540, 402: 778, 405: 380, 406: 142, 435: 498, 436: 736, 439: 666, 440: 428, 449: 778, 450: 540, 471: 268, 472: 30, 475: 512, 476: 750, 477: 512, 478: 750, 481: 540, 482: 778, 491: 778, 492: 540, 493: 736, 494: 498, 495: 722, 496: 484, 517: 484, 518: 722, 519: 86, 520: 324, 525: 722, 526: 484, 533: 428, 534: 666, 535: 86, 536: 324, 547: 30, 548: 268, 555: 666, 556: 428, 557: 86, 558: 324, 559: 736, 560: 498, 561: 722, 562: 484, 563: 324, 564: 86, 565: 778, 566: 540, 573: 86, 574: 324, 575: 736, 576: 498, 577: 666, 578: 428, 579: 30, 580: 268, 581: 428, 582: 666, 583: 86, 584: 324, 585: 324, 586: 86, 587: 722, 588: 484, 589: 484, 590: 722, 591: 736, 592: 498, 593: 722, 594: 484, 595: 86, 596: 324, 597: 736, 598: 498, 599: 540, 600: 778, 601: 484, 602: 722, 603: 324, 604: 86, 605: 324, 606: 86, 607: 540, 608: 778, 613: 722, 614: 484, 615: 666, 616: 428, 617: 750, 618: 512, 619: 778, 620: 540, 621: 778, 622: 540, 623: 722, 624: 484, 625: 324, 626: 86, 629: 722, 630: 484, 631: 86, 632: 324, 633: 722, 634: 484, 635: 86, 636: 324, 637: 268, 638: 30, 639: 324, 640: 86, 641: 540, 642: 778, 643: 484, 644: 722, 645: 324, 646: 86, 651: 736, 652: 498, 653: 484, 654: 722, 661: 268, 662: 30, 663: 324, 664: 86, 665: 428, 666: 666, 667: 380, 668: 142, 671: 268, 672: 30, 713: 750, 714: 512, 715: 498, 716: 736, 717: 736, 718: 498, 719: 268, 720: 30, 721: 86, 722: 324, 723: 86, 724: 324, 725: 30, 726: 268, 727: 30, 728: 268, 733: 324, 734: 86, 741: 428, 742: 666, 743: 750, 744: 512, 745: 736, 746: 498, 747: 498, 748: 736, 757: 736, 758: 498, 759: 86, 760: 324, 763: 484, 764: 722, 765: 30, 766: 268, 767: 512, 768: 750, 769: 540, 770: 778, 771: 484, 772: 722, 773: 324, 774: 86, 783: 324, 784: 86, 785: 30, 786: 268, 787: 736, 788: 498, 789: 86, 790: 324, 791: 736, 792: 498, 793: 86, 794: 324, 795: 736, 796: 498, 797: 86, 798: 324, 799: 484, 800: 722, 801: 86, 802: 324, 815: 324, 816: 86, 817: 778, 818: 540, 825: 484, 826: 722, 827: 268, 828: 30, 829: 428, 830: 666, 835: 722, 836: 484, 837: 324, 838: 86, 867: 778, 868: 540, 875: 498, 876: 736, 877: 484, 878: 722, 879: 86, 880: 324, 881: 498, 882: 736, 893: 86, 894: 324, 903: 722, 904: 484, 911: 722, 912: 484}
Correct solution!
Number of lables used:  16
Time taken: 0.52 seconds
Memory used: 45.23 MB
--------------------------------------------------

Trying with at most 15 labels...
Solution:
{13: 30, 14: 268, 15: 30, 16: 268, 23: 324, 24: 86, 49: 30, 50: 268, 51: 666, 52: 428, 53: 86, 54: 324, 67: 428, 68: 666, 69: 30, 70: 268, 79: 268, 80: 30, 81: 324, 82: 86, 83: 428, 84: 666, 85: 324, 86: 86, 103: 778, 104: 540, 105: 324, 106: 86, 117: 498, 118: 736, 119: 324, 120: 86, 127: 86, 128: 324, 129: 778, 130: 540, 143: 736, 144: 498, 145: 86, 146: 324, 151: 142, 152: 380, 153: 498, 154: 736, 155: 736, 156: 498, 157: 324, 158: 86, 179: 30, 180: 268, 181: 268, 182: 30, 183: 484, 184: 722, 191: 268, 192: 30, 193: 498, 194: 736, 205: 722, 206: 484, 209: 540, 210: 778, 211: 428, 212: 666, 213: 268, 214: 30, 215: 142, 216: 380, 217: 778, 218: 540, 233: 498, 234: 736, 235: 484, 236: 722, 237: 722, 238: 484, 261: 30, 262: 268, 263: 324, 264: 86, 265: 540, 266: 778, 267: 268, 268: 30, 269: 428, 270: 666, 271: 428, 272: 666, 273: 268, 274: 30, 275: 268, 276: 30, 277: 428, 278: 666, 281: 30, 282: 268, 283: 778, 284: 540, 285: 30, 286: 268, 287: 324, 288: 86, 289: 30, 290: 268, 291: 86, 292: 324, 293: 142, 294: 380, 295: 268, 296: 30, 299: 324, 300: 86, 301: 736, 302: 498, 303: 666, 304: 428, 305: 778, 306: 540, 307: 484, 308: 722, 309: 736, 310: 498, 311: 324, 312: 86, 313: 324, 314: 86, 321: 30, 322: 268, 323: 30, 324: 268, 325: 268, 326: 30, 327: 778, 328: 540, 329: 666, 330: 428, 339: 268, 340: 30, 341: 268, 342: 30, 343: 268, 344: 30, 345: 666, 346: 428, 347: 540, 348: 778, 349: 268, 350: 30, 351: 86, 352: 324, 355: 736, 356: 498, 357: 86, 358: 324, 359: 666, 360: 428, 361: 722, 362: 484, 363: 86, 364: 324, 365: 778, 366: 540, 367: 30, 368: 268, 369: 736, 370: 498, 371: 268, 372: 30, 375: 428, 376: 666, 377: 86, 378: 324, 383: 484, 384: 722, 387: 498, 388: 736, 397: 666, 398: 428, 401: 428, 402: 666, 405: 666, 406: 428, 435: 498, 436: 736, 439: 380, 440: 142, 449: 778, 450: 540, 471: 268, 472: 30, 475: 484, 476: 722, 477: 380, 478: 142, 481: 540, 482: 778, 491: 778, 492: 540, 493: 736, 494: 498, 495: 722, 496: 484, 517: 484, 518: 722, 519: 86, 520: 324, 525: 722, 526: 484, 533: 428, 534: 666, 535: 86, 536: 324, 547: 30, 548: 268, 555: 778, 556: 540, 557: 86, 558: 324, 559: 736, 560: 498, 561: 736, 562: 498, 563: 268, 564: 30, 565: 778, 566: 540, 573: 86, 574: 324, 575: 268, 576: 30, 577: 666, 578: 428, 579: 30, 580: 268, 581: 428, 582: 666, 583: 86, 584: 324, 585: 324, 586: 86, 587: 722, 588: 484, 589: 428, 590: 666, 591: 722, 592: 484, 593: 722, 594: 484, 595: 86, 596: 324, 597: 736, 598: 498, 599: 736, 600: 498, 601: 484, 602: 722, 603: 324, 604: 86, 605: 324, 606: 86, 607: 498, 608: 736, 613: 722, 614: 484, 615: 540, 616: 778, 617: 498, 618: 736, 619: 666, 620: 428, 621: 778, 622: 540, 623: 722, 624: 484, 625: 324, 626: 86, 629: 722, 630: 484, 631: 86, 632: 324, 633: 736, 634: 498, 635: 86, 636: 324, 637: 268, 638: 30, 639: 324, 640: 86, 641: 540, 642: 778, 643: 484, 644: 722, 645: 324, 646: 86, 651: 736, 652: 498, 653: 428, 654: 666, 661: 268, 662: 30, 663: 324, 664: 86, 665: 540, 666: 778, 667: 380, 668: 142, 671: 268, 672: 30, 713: 428, 714: 666, 715: 498, 716: 736, 717: 484, 718: 722, 719: 268, 720: 30, 721: 86, 722: 324, 723: 86, 724: 324, 725: 30, 726: 268, 727: 30, 728: 268, 733: 324, 734: 86, 741: 778, 742: 540, 743: 736, 744: 498, 745: 30, 746: 268, 747: 540, 748: 778, 757: 736, 758: 498, 759: 142, 760: 380, 763: 484, 764: 722, 765: 30, 766: 268, 767: 428, 768: 666, 769: 498, 770: 736, 771: 484, 772: 722, 773: 324, 774: 86, 783: 324, 784: 86, 785: 30, 786: 268, 787: 666, 788: 428, 789: 86, 790: 324, 791: 736, 792: 498, 793: 86, 794: 324, 795: 736, 796: 498, 797: 86, 798: 324, 799: 484, 800: 722, 801: 86, 802: 324, 815: 324, 816: 86, 817: 778, 818: 540, 825: 540, 826: 778, 827: 324, 828: 86, 829: 666, 830: 428, 835: 722, 836: 484, 837: 324, 838: 86, 867: 778, 868: 540, 875: 498, 876: 736, 877: 484, 878: 722, 879: 86, 880: 324, 881: 498, 882: 736, 893: 86, 894: 324, 903: 722, 904: 484, 911: 428, 912: 666}
Correct solution!
Number of lables used:  14
Time taken: 0.54 seconds
Memory used: 45.23 MB
--------------------------------------------------

Trying with at most 13 labels...
[runlim] sample:		10.0 time, 10.1 real, 68.3 MB
[runlim] sample:		20.0 time, 20.1 real, 59.9 MB
[runlim] sample:		30.0 time, 30.1 real, 73.8 MB
[runlim] sample:		40.0 time, 40.1 real, 75.1 MB
[runlim] sample:		50.0 time, 50.1 real, 75.9 MB
[runlim] sample:		60.0 time, 60.1 real, 77.0 MB
[runlim] sample:		70.0 time, 70.1 real, 77.9 MB
[runlim] sample:		80.0 time, 80.1 real, 78.6 MB
[runlim] sample:		90.0 time, 90.1 real, 90.1 MB
[runlim] sample:		100.0 time, 100.1 real, 96.9 MB
[runlim] sample:		110.0 time, 110.1 real, 65.4 MB
[runlim] sample:		120.0 time, 120.1 real, 87.8 MB
[runlim] sample:		130.0 time, 130.1 real, 89.0 MB
[runlim] sample:		140.0 time, 140.1 real, 89.8 MB
[runlim] sample:		150.0 time, 150.1 real, 90.8 MB
[runlim] sample:		160.0 time, 160.1 real, 91.2 MB
[runlim] sample:		170.0 time, 170.1 real, 91.8 MB
[runlim] sample:		180.0 time, 180.1 real, 92.4 MB
[runlim] sample:		190.0 time, 190.1 real, 92.9 MB
Cannot find solution.
No more solutions found.
Optimal number of labels used:  14
Time taken: 197.14 seconds
[runlim] end:			Thu Jan 15 06:48:05 2026
[runlim] status:		ok
[runlim] result:		0
[runlim] children:		0
[runlim] real:			197.28 seconds
[runlim] time:			197.18 seconds
[runlim] space:			99.1 MB
[runlim] samples:		1972
