[runlim] version:		1.10
[runlim] time limit:		311040000 seconds
[runlim] real time limit:	600 seconds
[runlim] space limit:		14000 MB
[runlim] argv[0]:		python3
[runlim] argv[1]:		-u
[runlim] argv[2]:		main.py
[runlim] argv[3]:		graph10
[runlim] start:			Sat Jan 24 18:25:47 2026
[runlim] main pid:		26846
Building Gurobi model...
Set parameter WLSAccessID
Set parameter WLSSecret
Set parameter LicenseID to value 2663665
Academic license 2663665 - for non-commercial use only - registered to tu___@vnu.edu.vn
[runlim] sample:		10.0 time, 10.9 real, 454.8 MB
Build time used: 11.19 sec
Solving...
[runlim] sample:		41.9 time, 20.9 real, 1362.4 MB
[runlim] sample:		92.0 time, 30.9 real, 1426.3 MB
[runlim] sample:		136.1 time, 40.9 real, 1477.2 MB
[runlim] sample:		156.4 time, 50.9 real, 1478.0 MB
[runlim] sample:		176.7 time, 60.9 real, 1454.3 MB
[runlim] sample:		198.3 time, 70.9 real, 1616.8 MB
{1: 16, 2: 254, 3: 708, 4: 470, 5: 708, 6: 470, 7: 764, 8: 526, 9: 708, 10: 470, 11: 792, 12: 554, 13: 100, 14: 338, 15: 100, 16: 338, 17: 114, 18: 352, 19: 30, 20: 268, 21: 114, 22: 352, 23: 694, 24: 456, 25: 114, 26: 352, 27: 708, 28: 470, 29: 750, 30: 512, 31: 156, 32: 394, 33: 44, 34: 282, 35: 666, 36: 428, 37: 44, 38: 282, 39: 30, 40: 268, 41: 792, 42: 554, 43: 792, 44: 554, 45: 680, 46: 442, 47: 736, 48: 498, 49: 100, 50: 338, 51: 16, 52: 254, 53: 680, 54: 442, 55: 44, 56: 282, 57: 16, 58: 254, 59: 16, 60: 254, 61: 16, 62: 254, 63: 72, 64: 310, 65: 736, 66: 498, 67: 142, 68: 380, 69: 764, 70: 526, 71: 100, 72: 338, 73: 86, 74: 324, 75: 128, 76: 366, 77: 128, 78: 366, 79: 16, 80: 254, 81: 72, 82: 310, 83: 666, 84: 428, 85: 72, 86: 310, 87: 142, 88: 380, 89: 156, 90: 394, 91: 114, 92: 352, 93: 680, 94: 442, 95: 100, 96: 338, 97: 750, 98: 512, 99: 778, 100: 540, 101: 156, 102: 394, 103: 778, 104: 540, 105: 16, 106: 254, 107: 708, 108: 470, 109: 680, 110: 442, 111: 736, 112: 498, 113: 778, 114: 540, 115: 722, 116: 484, 117: 792, 118: 554, 119: 722, 120: 484, 121: 680, 122: 442, 123: 722, 124: 484, 125: 694, 126: 456, 127: 128, 128: 366, 129: 30, 130: 268, 131: 72, 132: 310, 133: 680, 134: 442, 135: 72, 136: 310, 137: 156, 138: 394, 139: 16, 140: 254, 141: 764, 142: 526, 143: 694, 144: 456, 145: 128, 146: 366, 147: 778, 148: 540, 149: 792, 150: 554, 151: 778, 152: 540, 153: 16, 154: 254, 155: 16, 156: 254, 157: 778, 158: 540, 159: 58, 160: 296, 161: 142, 162: 380, 163: 16, 164: 254, 165: 156, 166: 394, 167: 666, 168: 428, 169: 792, 170: 554, 171: 16, 172: 254, 173: 86, 174: 324, 175: 142, 176: 380, 177: 764, 178: 526, 179: 58, 180: 296, 181: 652, 182: 414, 183: 652, 184: 414, 185: 156, 186: 394, 187: 16, 188: 254, 189: 736, 190: 498, 191: 44, 192: 282, 193: 680, 194: 442, 195: 44, 196: 282, 197: 16, 198: 254, 199: 680, 200: 442, 201: 142, 202: 380, 203: 58, 204: 296, 205: 142, 206: 380, 207: 764, 208: 526, 209: 30, 210: 268, 211: 114, 212: 352, 213: 652, 214: 414, 215: 652, 216: 414, 217: 44, 218: 282, 219: 708, 220: 470, 221: 156, 222: 394, 223: 652, 224: 414, 225: 58, 226: 296, 227: 792, 228: 554, 229: 736, 230: 498, 231: 764, 232: 526, 233: 694, 234: 456, 235: 30, 236: 268, 237: 680, 238: 442, 239: 722, 240: 484, 241: 16, 242: 254, 243: 142, 244: 380, 245: 680, 246: 442, 247: 666, 248: 428, 249: 666, 250: 428, 251: 30, 252: 268, 253: 142, 254: 380, 255: 764, 256: 526, 257: 128, 258: 366, 259: 778, 260: 540, 261: 16, 262: 254, 263: 750, 264: 512, 265: 100, 266: 338, 267: 792, 268: 554, 269: 792, 270: 554, 271: 722, 272: 484, 273: 16, 274: 254, 275: 722, 276: 484, 277: 666, 278: 428, 279: 114, 280: 352, 281: 86, 282: 324, 283: 778, 284: 540, 285: 680, 286: 442, 287: 764, 288: 526, 289: 708, 290: 470, 291: 310, 292: 72, 293: 722, 294: 484, 295: 792, 296: 554, 297: 750, 298: 512, 299: 666, 300: 428, 301: 16, 302: 254, 303: 778, 304: 540, 305: 778, 306: 540, 307: 16, 308: 254, 309: 72, 310: 310, 311: 128, 312: 366, 313: 100, 314: 338, 315: 156, 316: 394, 317: 778, 318: 540, 319: 736, 320: 498, 321: 30, 322: 268, 323: 72, 324: 310, 325: 666, 326: 428, 327: 666, 328: 428, 329: 16, 330: 254, 331: 44, 332: 282, 333: 694, 334: 456, 335: 44, 336: 282, 337: 722, 338: 484, 339: 666, 340: 428, 341: 750, 342: 512, 343: 156, 344: 394, 345: 792, 346: 554, 347: 16, 348: 254, 349: 44, 350: 282, 351: 666, 352: 428, 353: 114, 354: 352, 355: 778, 356: 540, 357: 778, 358: 540, 359: 86, 360: 324, 361: 100, 362: 338, 363: 30, 364: 268, 365: 128, 366: 366, 367: 764, 368: 526, 369: 694, 370: 456, 371: 764, 372: 526, 373: 72, 374: 310, 375: 694, 376: 456, 377: 156, 378: 394, 379: 736, 380: 498, 381: 708, 382: 470, 383: 652, 384: 414, 385: 708, 386: 470, 387: 778, 388: 540, 389: 58, 390: 296, 391: 722, 392: 484, 393: 792, 394: 554, 395: 16, 396: 254, 397: 764, 398: 526, 399: 694, 400: 456, 401: 666, 402: 428, 403: 708, 404: 470, 405: 792, 406: 554, 407: 792, 408: 554, 409: 666, 410: 428, 411: 680, 412: 442, 413: 44, 414: 282, 415: 708, 416: 470, 417: 86, 418: 324, 419: 296, 420: 58, 421: 652, 422: 414, 423: 778, 424: 540, 425: 72, 426: 310, 427: 142, 428: 380, 429: 86, 430: 324, 431: 750, 432: 512, 433: 666, 434: 428, 435: 722, 436: 484, 437: 142, 438: 380, 439: 44, 440: 282, 441: 736, 442: 498, 443: 680, 444: 442, 445: 44, 446: 282, 447: 100, 448: 338, 449: 764, 450: 526, 451: 666, 452: 428, 453: 142, 454: 380, 455: 778, 456: 540, 457: 142, 458: 380, 459: 100, 460: 338, 461: 16, 462: 254, 463: 30, 464: 268, 465: 114, 466: 352, 467: 694, 468: 456, 469: 16, 470: 254, 471: 722, 472: 484, 473: 114, 474: 352, 475: 86, 476: 324, 477: 764, 478: 526, 479: 792, 480: 554, 481: 736, 482: 498, 483: 792, 484: 554, 485: 100, 486: 338, 487: 86, 488: 324, 489: 16, 490: 254, 491: 666, 492: 428, 493: 128, 494: 366, 495: 86, 496: 324, 497: 16, 498: 254, 499: 722, 500: 484, 501: 680, 502: 442, 503: 156, 504: 394, 505: 142, 506: 380, 507: 72, 508: 310, 509: 16, 510: 254, 511: 156, 512: 394, 513: 778, 514: 540, 515: 16, 516: 254, 517: 722, 518: 484, 519: 142, 520: 380, 521: 72, 522: 310, 523: 792, 524: 554, 525: 708, 526: 470, 527: 156, 528: 394, 529: 792, 530: 554, 531: 722, 532: 484, 533: 156, 534: 394, 535: 666, 536: 428, 537: 16, 538: 254, 539: 680, 540: 442, 541: 750, 542: 512, 543: 680, 544: 442, 545: 16, 546: 254, 547: 778, 548: 540, 549: 128, 550: 366, 551: 736, 552: 498, 553: 778, 554: 540, 555: 86, 556: 324, 557: 44, 558: 282, 559: 764, 560: 526, 561: 764, 562: 526, 563: 156, 564: 394, 565: 30, 566: 268, 567: 680, 568: 442, 569: 30, 570: 268, 571: 142, 572: 380, 573: 708, 574: 470, 575: 666, 576: 428, 577: 666, 578: 428, 579: 736, 580: 498, 581: 100, 582: 338, 583: 142, 584: 380, 585: 694, 586: 456, 587: 16, 588: 254, 589: 764, 590: 526, 591: 666, 592: 428, 593: 792, 594: 554, 595: 128, 596: 366, 597: 792, 598: 554, 599: 792, 600: 554, 601: 792, 602: 554, 603: 778, 604: 540, 605: 736, 606: 498, 607: 792, 608: 554, 609: 16, 610: 254, 611: 156, 612: 394, 613: 680, 614: 442, 615: 750, 616: 512, 617: 30, 618: 268, 619: 750, 620: 512, 621: 750, 622: 512, 623: 114, 624: 352, 625: 694, 626: 456, 627: 114, 628: 352, 629: 72, 630: 310, 631: 30, 632: 268, 633: 86, 634: 324, 635: 694, 636: 456, 637: 792, 638: 554, 639: 30, 640: 268, 641: 778, 642: 540, 643: 792, 644: 554, 645: 750, 646: 512, 647: 142, 648: 380, 649: 778, 650: 540, 651: 72, 652: 310, 653: 30, 654: 268, 655: 30, 656: 268, 657: 86, 658: 324, 659: 666, 660: 428, 661: 778, 662: 540, 663: 764, 664: 526, 665: 736, 666: 498, 667: 680, 668: 442, 669: 30, 670: 268, 671: 44, 672: 282, 673: 128, 674: 366, 675: 666, 676: 428, 677: 16, 678: 254, 679: 792, 680: 554}

Number of labels used: 44
Total time used: 70.22 sec
Memory used: 1772.89 MB
================================
[runlim] sample:		248.4 time, 80.9 real, 1985.4 MB
[runlim] sample:		298.5 time, 90.9 real, 1982.7 MB
[runlim] sample:		339.3 time, 100.9 real, 2002.3 MB
[runlim] sample:		379.5 time, 110.9 real, 2004.3 MB
[runlim] sample:		419.6 time, 120.9 real, 2024.7 MB
[runlim] sample:		459.8 time, 130.9 real, 2040.8 MB
[runlim] sample:		500.0 time, 140.9 real, 2041.0 MB
[runlim] sample:		540.2 time, 150.9 real, 2041.2 MB
[runlim] sample:		580.4 time, 160.9 real, 2041.6 MB
[runlim] sample:		620.6 time, 170.9 real, 2038.8 MB
[runlim] sample:		660.8 time, 180.9 real, 2128.6 MB
[runlim] sample:		701.0 time, 190.9 real, 2297.6 MB
[runlim] sample:		741.2 time, 200.9 real, 2195.9 MB
[runlim] sample:		773.8 time, 210.9 real, 2265.1 MB
[runlim] sample:		809.7 time, 220.9 real, 2278.0 MB
[runlim] sample:		849.6 time, 230.9 real, 2278.0 MB
[runlim] sample:		882.7 time, 240.9 real, 2335.6 MB
[runlim] sample:		922.9 time, 250.9 real, 2297.3 MB
[runlim] sample:		963.0 time, 260.9 real, 2298.0 MB
[runlim] sample:		1003.2 time, 270.9 real, 2325.4 MB
[runlim] sample:		1043.4 time, 280.9 real, 2325.8 MB
[runlim] sample:		1083.6 time, 290.9 real, 2267.6 MB
[runlim] sample:		1123.8 time, 300.9 real, 2243.4 MB
[runlim] sample:		1164.0 time, 310.9 real, 2243.9 MB
[runlim] sample:		1204.2 time, 320.9 real, 2305.2 MB
[runlim] sample:		1244.4 time, 330.9 real, 2305.9 MB
[runlim] sample:		1284.5 time, 340.9 real, 2306.2 MB
[runlim] sample:		1324.8 time, 350.9 real, 2306.8 MB
[runlim] sample:		1364.9 time, 360.9 real, 2307.1 MB
[runlim] sample:		1405.2 time, 370.9 real, 2308.2 MB
[runlim] sample:		1445.3 time, 380.9 real, 2308.3 MB
[runlim] sample:		1485.5 time, 390.9 real, 2308.3 MB
[runlim] sample:		1525.8 time, 400.9 real, 2322.2 MB
[runlim] sample:		1566.0 time, 410.9 real, 2322.4 MB
[runlim] sample:		1606.2 time, 420.9 real, 2322.8 MB
[runlim] sample:		1646.4 time, 430.9 real, 2323.9 MB
[runlim] sample:		1686.6 time, 440.9 real, 2324.6 MB
[runlim] sample:		1726.8 time, 450.9 real, 2324.9 MB
[runlim] sample:		1767.0 time, 460.9 real, 2326.6 MB
[runlim] sample:		1807.2 time, 470.9 real, 2327.0 MB
[runlim] sample:		1847.4 time, 480.9 real, 2327.1 MB
[runlim] sample:		1887.6 time, 490.9 real, 2325.8 MB
[runlim] sample:		1927.8 time, 500.9 real, 2326.6 MB
[runlim] sample:		1968.0 time, 510.9 real, 2347.4 MB
[runlim] sample:		2008.3 time, 520.9 real, 2269.2 MB
[runlim] sample:		2048.5 time, 530.9 real, 2269.9 MB
[runlim] sample:		2088.7 time, 540.9 real, 2252.0 MB
[runlim] sample:		2128.9 time, 550.9 real, 2283.4 MB
[runlim] sample:		2169.1 time, 560.9 real, 2283.6 MB
[runlim] sample:		2209.3 time, 570.9 real, 2283.9 MB
[runlim] sample:		2249.5 time, 580.9 real, 2283.9 MB
[runlim] sample:		2289.7 time, 590.9 real, 2284.1 MB
[runlim] end:			Sat Jan 24 18:35:47 2026
[runlim] status:		out of time
[runlim] result:		2
[runlim] children:		0
[runlim] real:			600.14 seconds
[runlim] time:			2326.44 seconds
[runlim] space:			2422.7 MB
[runlim] samples:		5992
