[runlim] version:		1.10
[runlim] time limit:		311040000 seconds
[runlim] real time limit:	900 seconds
[runlim] space limit:		8000 MB
[runlim] argv[0]:		python3
[runlim] argv[1]:		-u
[runlim] argv[2]:		main.py
[runlim] argv[3]:		graph03
[runlim] start:			Thu Jan 15 12:24:31 2026
[runlim] main pid:		293714
Building Gurobi model...
Set parameter WLSAccessID
Set parameter WLSSecret
Set parameter LicenseID to value 2663665
Academic license 2663665 - for non-commercial use only - registered to tu___@vnu.edu.vn
Build time used: 4.40 sec
Solving...
{1: 708, 2: 470, 3: 666, 4: 428, 5: 254, 6: 16, 7: 666, 8: 428, 9: 666, 10: 428, 11: 666, 12: 428, 13: 86, 14: 324, 15: 114, 16: 352, 17: 114, 18: 352, 19: 750, 20: 512, 21: 16, 22: 254, 23: 114, 24: 352, 25: 708, 26: 470, 27: 708, 28: 470, 29: 694, 30: 456, 31: 128, 32: 366, 33: 764, 34: 526, 35: 666, 36: 428, 37: 72, 38: 310, 39: 16, 40: 254, 41: 16, 42: 254, 43: 722, 44: 484, 45: 16, 46: 254, 47: 722, 48: 484, 49: 30, 50: 268, 51: 680, 52: 442, 53: 142, 54: 380, 55: 764, 56: 526, 57: 722, 58: 484, 59: 694, 60: 456, 61: 722, 62: 484, 63: 58, 64: 296, 65: 750, 66: 512, 67: 708, 68: 470, 69: 778, 70: 540, 71: 666, 72: 428, 73: 666, 74: 428, 75: 750, 76: 512, 77: 764, 78: 526, 79: 44, 80: 282, 81: 722, 82: 484, 83: 778, 84: 540, 85: 16, 86: 254, 87: 86, 88: 324, 89: 736, 90: 498, 91: 792, 92: 554, 93: 778, 94: 540, 95: 142, 96: 380, 97: 778, 98: 540, 99: 44, 100: 282, 101: 792, 102: 554, 103: 666, 104: 428, 105: 722, 106: 484, 107: 708, 108: 470, 109: 708, 110: 470, 111: 16, 112: 254, 113: 16, 114: 254, 115: 58, 116: 296, 117: 666, 118: 428, 119: 764, 120: 526, 121: 694, 122: 456, 123: 792, 124: 554, 125: 666, 126: 428, 127: 736, 128: 498, 129: 16, 130: 254, 131: 666, 132: 428, 133: 736, 134: 498, 135: 666, 136: 428, 137: 694, 138: 456, 139: 778, 140: 540, 141: 708, 142: 470, 143: 792, 144: 554, 145: 30, 146: 268, 147: 736, 148: 498, 149: 680, 150: 442, 151: 30, 152: 268, 153: 792, 154: 554, 155: 722, 156: 484, 157: 792, 158: 554, 159: 58, 160: 296, 161: 736, 162: 498, 163: 736, 164: 498, 165: 722, 166: 484, 167: 792, 168: 554, 169: 128, 170: 366, 171: 128, 172: 366, 173: 764, 174: 526, 175: 100, 176: 338, 177: 114, 178: 352, 179: 778, 180: 540, 181: 694, 182: 456, 183: 722, 184: 484, 185: 666, 186: 428, 187: 750, 188: 512, 189: 30, 190: 268, 191: 792, 192: 554, 193: 750, 194: 512, 195: 44, 196: 282, 197: 128, 198: 366, 199: 778, 200: 540}

Number of labels used: 40
Total time used: 5.57 sec
Memory used: 280.12 MB
================================
[runlim] sample:		15.4 time, 10.9 real, 429.4 MB
{1: 708, 2: 470, 3: 666, 4: 428, 5: 254, 6: 16, 7: 666, 8: 428, 9: 666, 10: 428, 11: 666, 12: 428, 13: 750, 14: 512, 15: 114, 16: 352, 17: 114, 18: 352, 19: 750, 20: 512, 21: 792, 22: 554, 23: 86, 24: 324, 25: 30, 26: 268, 27: 708, 28: 470, 29: 694, 30: 456, 31: 16, 32: 254, 33: 764, 34: 526, 35: 666, 36: 428, 37: 736, 38: 498, 39: 16, 40: 254, 41: 792, 42: 554, 43: 722, 44: 484, 45: 16, 46: 254, 47: 722, 48: 484, 49: 778, 50: 540, 51: 680, 52: 442, 53: 666, 54: 428, 55: 764, 56: 526, 57: 722, 58: 484, 59: 694, 60: 456, 61: 722, 62: 484, 63: 58, 64: 296, 65: 750, 66: 512, 67: 708, 68: 470, 69: 778, 70: 540, 71: 666, 72: 428, 73: 666, 74: 428, 75: 750, 76: 512, 77: 764, 78: 526, 79: 16, 80: 254, 81: 722, 82: 484, 83: 778, 84: 540, 85: 16, 86: 254, 87: 86, 88: 324, 89: 736, 90: 498, 91: 792, 92: 554, 93: 778, 94: 540, 95: 142, 96: 380, 97: 778, 98: 540, 99: 44, 100: 282, 101: 792, 102: 554, 103: 666, 104: 428, 105: 722, 106: 484, 107: 708, 108: 470, 109: 708, 110: 470, 111: 16, 112: 254, 113: 16, 114: 254, 115: 58, 116: 296, 117: 666, 118: 428, 119: 764, 120: 526, 121: 694, 122: 456, 123: 792, 124: 554, 125: 666, 126: 428, 127: 736, 128: 498, 129: 16, 130: 254, 131: 666, 132: 428, 133: 736, 134: 498, 135: 666, 136: 428, 137: 694, 138: 456, 139: 778, 140: 540, 141: 708, 142: 470, 143: 792, 144: 554, 145: 30, 146: 268, 147: 736, 148: 498, 149: 680, 150: 442, 151: 764, 152: 526, 153: 792, 154: 554, 155: 722, 156: 484, 157: 792, 158: 554, 159: 58, 160: 296, 161: 736, 162: 498, 163: 736, 164: 498, 165: 86, 166: 324, 167: 792, 168: 554, 169: 128, 170: 366, 171: 128, 172: 366, 173: 764, 174: 526, 175: 100, 176: 338, 177: 114, 178: 352, 179: 778, 180: 540, 181: 694, 182: 456, 183: 722, 184: 484, 185: 666, 186: 428, 187: 750, 188: 512, 189: 778, 190: 540, 191: 792, 192: 554, 193: 750, 194: 512, 195: 44, 196: 282, 197: 128, 198: 366, 199: 778, 200: 540}

Number of labels used: 38
Total time used: 15.36 sec
Memory used: 612.48 MB
================================
{1: 708, 2: 470, 3: 142, 4: 380, 5: 254, 6: 16, 7: 666, 8: 428, 9: 666, 10: 428, 11: 666, 12: 428, 13: 750, 14: 512, 15: 114, 16: 352, 17: 114, 18: 352, 19: 750, 20: 512, 21: 792, 22: 554, 23: 86, 24: 324, 25: 30, 26: 268, 27: 708, 28: 470, 29: 694, 30: 456, 31: 16, 32: 254, 33: 764, 34: 526, 35: 666, 36: 428, 37: 736, 38: 498, 39: 16, 40: 254, 41: 792, 42: 554, 43: 722, 44: 484, 45: 58, 46: 296, 47: 722, 48: 484, 49: 778, 50: 540, 51: 666, 52: 428, 53: 666, 54: 428, 55: 764, 56: 526, 57: 722, 58: 484, 59: 114, 60: 352, 61: 86, 62: 324, 63: 16, 64: 254, 65: 750, 66: 512, 67: 708, 68: 470, 69: 778, 70: 540, 71: 666, 72: 428, 73: 666, 74: 428, 75: 750, 76: 512, 77: 764, 78: 526, 79: 16, 80: 254, 81: 722, 82: 484, 83: 778, 84: 540, 85: 16, 86: 254, 87: 86, 88: 324, 89: 736, 90: 498, 91: 792, 92: 554, 93: 778, 94: 540, 95: 142, 96: 380, 97: 778, 98: 540, 99: 44, 100: 282, 101: 792, 102: 554, 103: 666, 104: 428, 105: 722, 106: 484, 107: 708, 108: 470, 109: 708, 110: 470, 111: 16, 112: 254, 113: 16, 114: 254, 115: 58, 116: 296, 117: 666, 118: 428, 119: 764, 120: 526, 121: 694, 122: 456, 123: 792, 124: 554, 125: 142, 126: 380, 127: 736, 128: 498, 129: 16, 130: 254, 131: 666, 132: 428, 133: 736, 134: 498, 135: 666, 136: 428, 137: 694, 138: 456, 139: 778, 140: 540, 141: 708, 142: 470, 143: 792, 144: 554, 145: 30, 146: 268, 147: 736, 148: 498, 149: 128, 150: 366, 151: 764, 152: 526, 153: 792, 154: 554, 155: 722, 156: 484, 157: 16, 158: 254, 159: 58, 160: 296, 161: 736, 162: 498, 163: 736, 164: 498, 165: 86, 166: 324, 167: 792, 168: 554, 169: 128, 170: 366, 171: 128, 172: 366, 173: 44, 174: 282, 175: 694, 176: 456, 177: 114, 178: 352, 179: 778, 180: 540, 181: 694, 182: 456, 183: 722, 184: 484, 185: 666, 186: 428, 187: 750, 188: 512, 189: 778, 190: 540, 191: 792, 192: 554, 193: 750, 194: 512, 195: 44, 196: 282, 197: 128, 198: 366, 199: 778, 200: 540}

Number of labels used: 34
Total time used: 15.37 sec
Memory used: 612.48 MB
================================
{1: 708, 2: 470, 3: 142, 4: 380, 5: 254, 6: 16, 7: 666, 8: 428, 9: 666, 10: 428, 11: 666, 12: 428, 13: 750, 14: 512, 15: 114, 16: 352, 17: 114, 18: 352, 19: 750, 20: 512, 21: 792, 22: 554, 23: 86, 24: 324, 25: 30, 26: 268, 27: 708, 28: 470, 29: 694, 30: 456, 31: 16, 32: 254, 33: 764, 34: 526, 35: 666, 36: 428, 37: 736, 38: 498, 39: 16, 40: 254, 41: 792, 42: 554, 43: 722, 44: 484, 45: 58, 46: 296, 47: 722, 48: 484, 49: 778, 50: 540, 51: 666, 52: 428, 53: 666, 54: 428, 55: 764, 56: 526, 57: 722, 58: 484, 59: 114, 60: 352, 61: 86, 62: 324, 63: 16, 64: 254, 65: 750, 66: 512, 67: 708, 68: 470, 69: 778, 70: 540, 71: 666, 72: 428, 73: 666, 74: 428, 75: 750, 76: 512, 77: 764, 78: 526, 79: 16, 80: 254, 81: 722, 82: 484, 83: 778, 84: 540, 85: 16, 86: 254, 87: 86, 88: 324, 89: 736, 90: 498, 91: 792, 92: 554, 93: 778, 94: 540, 95: 142, 96: 380, 97: 778, 98: 540, 99: 44, 100: 282, 101: 792, 102: 554, 103: 666, 104: 428, 105: 722, 106: 484, 107: 708, 108: 470, 109: 708, 110: 470, 111: 16, 112: 254, 113: 16, 114: 254, 115: 58, 116: 296, 117: 666, 118: 428, 119: 764, 120: 526, 121: 694, 122: 456, 123: 792, 124: 554, 125: 142, 126: 380, 127: 736, 128: 498, 129: 16, 130: 254, 131: 666, 132: 428, 133: 736, 134: 498, 135: 666, 136: 428, 137: 694, 138: 456, 139: 778, 140: 540, 141: 708, 142: 470, 143: 792, 144: 554, 145: 30, 146: 268, 147: 736, 148: 498, 149: 128, 150: 366, 151: 764, 152: 526, 153: 792, 154: 554, 155: 722, 156: 484, 157: 16, 158: 254, 159: 58, 160: 296, 161: 736, 162: 498, 163: 736, 164: 498, 165: 86, 166: 324, 167: 792, 168: 554, 169: 128, 170: 366, 171: 128, 172: 366, 173: 44, 174: 282, 175: 694, 176: 456, 177: 114, 178: 352, 179: 778, 180: 540, 181: 694, 182: 456, 183: 722, 184: 484, 185: 666, 186: 428, 187: 750, 188: 512, 189: 778, 190: 540, 191: 792, 192: 554, 193: 750, 194: 512, 195: 44, 196: 282, 197: 128, 198: 366, 199: 778, 200: 540}

Number of labels used: 34
Total time used: 15.37 sec
Memory used: 612.48 MB
================================
{1: 708, 2: 470, 3: 142, 4: 380, 5: 254, 6: 16, 7: 142, 8: 380, 9: 666, 10: 428, 11: 666, 12: 428, 13: 750, 14: 512, 15: 142, 16: 380, 17: 114, 18: 352, 19: 750, 20: 512, 21: 792, 22: 554, 23: 114, 24: 352, 25: 708, 26: 470, 27: 708, 28: 470, 29: 694, 30: 456, 31: 16, 32: 254, 33: 44, 34: 282, 35: 666, 36: 428, 37: 736, 38: 498, 39: 16, 40: 254, 41: 16, 42: 254, 43: 722, 44: 484, 45: 58, 46: 296, 47: 722, 48: 484, 49: 778, 50: 540, 51: 666, 52: 428, 53: 666, 54: 428, 55: 764, 56: 526, 57: 722, 58: 484, 59: 114, 60: 352, 61: 722, 62: 484, 63: 16, 64: 254, 65: 750, 66: 512, 67: 708, 68: 470, 69: 778, 70: 540, 71: 666, 72: 428, 73: 666, 74: 428, 75: 750, 76: 512, 77: 764, 78: 526, 79: 792, 80: 554, 81: 722, 82: 484, 83: 778, 84: 540, 85: 792, 86: 554, 87: 792, 88: 554, 89: 736, 90: 498, 91: 16, 92: 254, 93: 778, 94: 540, 95: 142, 96: 380, 97: 764, 98: 526, 99: 44, 100: 282, 101: 792, 102: 554, 103: 666, 104: 428, 105: 708, 106: 470, 107: 708, 108: 470, 109: 128, 110: 366, 111: 792, 112: 554, 113: 16, 114: 254, 115: 58, 116: 296, 117: 666, 118: 428, 119: 764, 120: 526, 121: 694, 122: 456, 123: 792, 124: 554, 125: 142, 126: 380, 127: 736, 128: 498, 129: 16, 130: 254, 131: 666, 132: 428, 133: 736, 134: 498, 135: 142, 136: 380, 137: 114, 138: 352, 139: 778, 140: 540, 141: 708, 142: 470, 143: 44, 144: 282, 145: 30, 146: 268, 147: 736, 148: 498, 149: 128, 150: 366, 151: 764, 152: 526, 153: 792, 154: 554, 155: 722, 156: 484, 157: 16, 158: 254, 159: 750, 160: 512, 161: 736, 162: 498, 163: 694, 164: 456, 165: 722, 166: 484, 167: 792, 168: 554, 169: 128, 170: 366, 171: 128, 172: 366, 173: 44, 174: 282, 175: 708, 176: 470, 177: 30, 178: 268, 179: 58, 180: 296, 181: 114, 182: 352, 183: 722, 184: 484, 185: 666, 186: 428, 187: 750, 188: 512, 189: 778, 190: 540, 191: 792, 192: 554, 193: 750, 194: 512, 195: 764, 196: 526, 197: 128, 198: 366, 199: 778, 200: 540}

Number of labels used: 32
Total time used: 15.38 sec
Memory used: 612.48 MB
================================
{1: 708, 2: 470, 3: 142, 4: 380, 5: 254, 6: 16, 7: 142, 8: 380, 9: 666, 10: 428, 11: 666, 12: 428, 13: 750, 14: 512, 15: 142, 16: 380, 17: 114, 18: 352, 19: 750, 20: 512, 21: 792, 22: 554, 23: 30, 24: 268, 25: 708, 26: 470, 27: 708, 28: 470, 29: 58, 30: 296, 31: 142, 32: 380, 33: 750, 34: 512, 35: 142, 36: 380, 37: 736, 38: 498, 39: 16, 40: 254, 41: 16, 42: 254, 43: 722, 44: 484, 45: 750, 46: 512, 47: 722, 48: 484, 49: 778, 50: 540, 51: 128, 52: 366, 53: 114, 54: 352, 55: 764, 56: 526, 57: 722, 58: 484, 59: 114, 60: 352, 61: 722, 62: 484, 63: 792, 64: 554, 65: 750, 66: 512, 67: 708, 68: 470, 69: 778, 70: 540, 71: 142, 72: 380, 73: 114, 74: 352, 75: 750, 76: 512, 77: 764, 78: 526, 79: 792, 80: 554, 81: 722, 82: 484, 83: 778, 84: 540, 85: 792, 86: 554, 87: 792, 88: 554, 89: 736, 90: 498, 91: 16, 92: 254, 93: 778, 94: 540, 95: 142, 96: 380, 97: 764, 98: 526, 99: 778, 100: 540, 101: 792, 102: 554, 103: 666, 104: 428, 105: 708, 106: 470, 107: 708, 108: 470, 109: 128, 110: 366, 111: 792, 112: 554, 113: 16, 114: 254, 115: 58, 116: 296, 117: 666, 118: 428, 119: 764, 120: 526, 121: 694, 122: 456, 123: 792, 124: 554, 125: 142, 126: 380, 127: 736, 128: 498, 129: 16, 130: 254, 131: 666, 132: 428, 133: 736, 134: 498, 135: 142, 136: 380, 137: 114, 138: 352, 139: 736, 140: 498, 141: 708, 142: 470, 143: 750, 144: 512, 145: 30, 146: 268, 147: 736, 148: 498, 149: 128, 150: 366, 151: 764, 152: 526, 153: 792, 154: 554, 155: 722, 156: 484, 157: 16, 158: 254, 159: 764, 160: 526, 161: 736, 162: 498, 163: 694, 164: 456, 165: 722, 166: 484, 167: 792, 168: 554, 169: 128, 170: 366, 171: 128, 172: 366, 173: 764, 174: 526, 175: 708, 176: 470, 177: 30, 178: 268, 179: 736, 180: 498, 181: 114, 182: 352, 183: 708, 184: 470, 185: 666, 186: 428, 187: 750, 188: 512, 189: 778, 190: 540, 191: 792, 192: 554, 193: 750, 194: 512, 195: 764, 196: 526, 197: 128, 198: 366, 199: 778, 200: 540}

Number of labels used: 30
Total time used: 17.05 sec
Memory used: 612.37 MB
================================
[runlim] sample:		55.5 time, 20.9 real, 612.0 MB
{1: 666, 2: 428, 3: 142, 4: 380, 5: 16, 6: 254, 7: 142, 8: 380, 9: 666, 10: 428, 11: 666, 12: 428, 13: 750, 14: 512, 15: 142, 16: 380, 17: 114, 18: 352, 19: 708, 20: 470, 21: 792, 22: 554, 23: 114, 24: 352, 25: 708, 26: 470, 27: 708, 28: 470, 29: 142, 30: 380, 31: 142, 32: 380, 33: 750, 34: 512, 35: 142, 36: 380, 37: 736, 38: 498, 39: 16, 40: 254, 41: 16, 42: 254, 43: 722, 44: 484, 45: 750, 46: 512, 47: 722, 48: 484, 49: 778, 50: 540, 51: 128, 52: 366, 53: 30, 54: 268, 55: 764, 56: 526, 57: 722, 58: 484, 59: 114, 60: 352, 61: 722, 62: 484, 63: 16, 64: 254, 65: 750, 66: 512, 67: 708, 68: 470, 69: 778, 70: 540, 71: 142, 72: 380, 73: 666, 74: 428, 75: 750, 76: 512, 77: 764, 78: 526, 79: 792, 80: 554, 81: 722, 82: 484, 83: 778, 84: 540, 85: 792, 86: 554, 87: 792, 88: 554, 89: 736, 90: 498, 91: 792, 92: 554, 93: 778, 94: 540, 95: 142, 96: 380, 97: 764, 98: 526, 99: 764, 100: 526, 101: 792, 102: 554, 103: 666, 104: 428, 105: 708, 106: 470, 107: 708, 108: 470, 109: 128, 110: 366, 111: 792, 112: 554, 113: 16, 114: 254, 115: 750, 116: 512, 117: 666, 118: 428, 119: 764, 120: 526, 121: 100, 122: 338, 123: 792, 124: 554, 125: 142, 126: 380, 127: 736, 128: 498, 129: 16, 130: 254, 131: 666, 132: 428, 133: 736, 134: 498, 135: 666, 136: 428, 137: 114, 138: 352, 139: 722, 140: 484, 141: 708, 142: 470, 143: 750, 144: 512, 145: 30, 146: 268, 147: 736, 148: 498, 149: 128, 150: 366, 151: 764, 152: 526, 153: 792, 154: 554, 155: 722, 156: 484, 157: 16, 158: 254, 159: 792, 160: 554, 161: 736, 162: 498, 163: 100, 164: 338, 165: 708, 166: 470, 167: 792, 168: 554, 169: 128, 170: 366, 171: 128, 172: 366, 173: 764, 174: 526, 175: 708, 176: 470, 177: 30, 178: 268, 179: 736, 180: 498, 181: 114, 182: 352, 183: 708, 184: 470, 185: 666, 186: 428, 187: 750, 188: 512, 189: 778, 190: 540, 191: 792, 192: 554, 193: 750, 194: 512, 195: 764, 196: 526, 197: 128, 198: 366, 199: 736, 200: 498}

Number of labels used: 28
Total time used: 23.00 sec
Memory used: 620.43 MB
================================
{1: 708, 2: 470, 3: 142, 4: 380, 5: 142, 6: 380, 7: 142, 8: 380, 9: 666, 10: 428, 11: 666, 12: 428, 13: 750, 14: 512, 15: 142, 16: 380, 17: 114, 18: 352, 19: 750, 20: 512, 21: 792, 22: 554, 23: 114, 24: 352, 25: 708, 26: 470, 27: 708, 28: 470, 29: 142, 30: 380, 31: 142, 32: 380, 33: 750, 34: 512, 35: 142, 36: 380, 37: 736, 38: 498, 39: 16, 40: 254, 41: 16, 42: 254, 43: 722, 44: 484, 45: 750, 46: 512, 47: 722, 48: 484, 49: 778, 50: 540, 51: 128, 52: 366, 53: 142, 54: 380, 55: 764, 56: 526, 57: 722, 58: 484, 59: 142, 60: 380, 61: 722, 62: 484, 63: 16, 64: 254, 65: 750, 66: 512, 67: 708, 68: 470, 69: 778, 70: 540, 71: 142, 72: 380, 73: 114, 74: 352, 75: 750, 76: 512, 77: 764, 78: 526, 79: 792, 80: 554, 81: 722, 82: 484, 83: 778, 84: 540, 85: 792, 86: 554, 87: 792, 88: 554, 89: 736, 90: 498, 91: 792, 92: 554, 93: 778, 94: 540, 95: 142, 96: 380, 97: 764, 98: 526, 99: 764, 100: 526, 101: 792, 102: 554, 103: 666, 104: 428, 105: 708, 106: 470, 107: 708, 108: 470, 109: 142, 110: 380, 111: 792, 112: 554, 113: 16, 114: 254, 115: 750, 116: 512, 117: 666, 118: 428, 119: 764, 120: 526, 121: 114, 122: 352, 123: 792, 124: 554, 125: 142, 126: 380, 127: 736, 128: 498, 129: 16, 130: 254, 131: 30, 132: 268, 133: 736, 134: 498, 135: 142, 136: 380, 137: 114, 138: 352, 139: 722, 140: 484, 141: 114, 142: 352, 143: 750, 144: 512, 145: 30, 146: 268, 147: 736, 148: 498, 149: 128, 150: 366, 151: 764, 152: 526, 153: 792, 154: 554, 155: 722, 156: 484, 157: 16, 158: 254, 159: 778, 160: 540, 161: 736, 162: 498, 163: 114, 164: 352, 165: 708, 166: 470, 167: 792, 168: 554, 169: 128, 170: 366, 171: 128, 172: 366, 173: 764, 174: 526, 175: 708, 176: 470, 177: 764, 178: 526, 179: 736, 180: 498, 181: 114, 182: 352, 183: 708, 184: 470, 185: 666, 186: 428, 187: 750, 188: 512, 189: 30, 190: 268, 191: 792, 192: 554, 193: 750, 194: 512, 195: 764, 196: 526, 197: 128, 198: 366, 199: 30, 200: 268}

Number of labels used: 26
Total time used: 28.58 sec
Memory used: 651.92 MB
================================
{1: 708, 2: 470, 3: 142, 4: 380, 5: 254, 6: 16, 7: 142, 8: 380, 9: 666, 10: 428, 11: 666, 12: 428, 13: 750, 14: 512, 15: 128, 16: 366, 17: 114, 18: 352, 19: 750, 20: 512, 21: 792, 22: 554, 23: 114, 24: 352, 25: 708, 26: 470, 27: 708, 28: 470, 29: 142, 30: 380, 31: 128, 32: 366, 33: 764, 34: 526, 35: 142, 36: 380, 37: 736, 38: 498, 39: 16, 40: 254, 41: 16, 42: 254, 43: 86, 44: 324, 45: 750, 46: 512, 47: 86, 48: 324, 49: 764, 50: 526, 51: 128, 52: 366, 53: 114, 54: 352, 55: 750, 56: 512, 57: 86, 58: 324, 59: 114, 60: 352, 61: 86, 62: 324, 63: 16, 64: 254, 65: 750, 66: 512, 67: 708, 68: 470, 69: 778, 70: 540, 71: 666, 72: 428, 73: 666, 74: 428, 75: 750, 76: 512, 77: 764, 78: 526, 79: 792, 80: 554, 81: 86, 82: 324, 83: 778, 84: 540, 85: 792, 86: 554, 87: 792, 88: 554, 89: 736, 90: 498, 91: 16, 92: 254, 93: 778, 94: 540, 95: 142, 96: 380, 97: 778, 98: 540, 99: 750, 100: 512, 101: 778, 102: 540, 103: 666, 104: 428, 105: 86, 106: 324, 107: 708, 108: 470, 109: 666, 110: 428, 111: 792, 112: 554, 113: 16, 114: 254, 115: 736, 116: 498, 117: 666, 118: 428, 119: 764, 120: 526, 121: 114, 122: 352, 123: 792, 124: 554, 125: 666, 126: 428, 127: 736, 128: 498, 129: 114, 130: 352, 131: 142, 132: 380, 133: 86, 134: 324, 135: 142, 136: 380, 137: 114, 138: 352, 139: 708, 140: 470, 141: 708, 142: 470, 143: 750, 144: 512, 145: 764, 146: 526, 147: 736, 148: 498, 149: 128, 150: 366, 151: 764, 152: 526, 153: 792, 154: 554, 155: 86, 156: 324, 157: 16, 158: 254, 159: 792, 160: 554, 161: 736, 162: 498, 163: 114, 164: 352, 165: 86, 166: 324, 167: 792, 168: 554, 169: 142, 170: 380, 171: 142, 172: 380, 173: 764, 174: 526, 175: 708, 176: 470, 177: 764, 178: 526, 179: 736, 180: 498, 181: 128, 182: 366, 183: 708, 184: 470, 185: 666, 186: 428, 187: 750, 188: 512, 189: 778, 190: 540, 191: 792, 192: 554, 193: 750, 194: 512, 195: 764, 196: 526, 197: 128, 198: 366, 199: 778, 200: 540}

Number of labels used: 24
Total time used: 29.05 sec
Memory used: 642.44 MB
================================
[runlim] sample:		95.8 time, 30.9 real, 642.4 MB
[runlim] sample:		136.1 time, 40.9 real, 685.7 MB
[runlim] sample:		176.4 time, 50.9 real, 691.1 MB
[runlim] sample:		216.5 time, 60.9 real, 900.0 MB
[runlim] sample:		256.8 time, 70.9 real, 926.4 MB
{1: 708, 2: 470, 3: 666, 4: 428, 5: 114, 6: 352, 7: 142, 8: 380, 9: 666, 10: 428, 11: 666, 12: 428, 13: 750, 14: 512, 15: 128, 16: 366, 17: 114, 18: 352, 19: 750, 20: 512, 21: 792, 22: 554, 23: 114, 24: 352, 25: 708, 26: 470, 27: 708, 28: 470, 29: 142, 30: 380, 31: 128, 32: 366, 33: 764, 34: 526, 35: 142, 36: 380, 37: 736, 38: 498, 39: 792, 40: 554, 41: 792, 42: 554, 43: 86, 44: 324, 45: 750, 46: 512, 47: 86, 48: 324, 49: 778, 50: 540, 51: 128, 52: 366, 53: 666, 54: 428, 55: 764, 56: 526, 57: 86, 58: 324, 59: 114, 60: 352, 61: 86, 62: 324, 63: 792, 64: 554, 65: 750, 66: 512, 67: 708, 68: 470, 69: 778, 70: 540, 71: 666, 72: 428, 73: 666, 74: 428, 75: 750, 76: 512, 77: 764, 78: 526, 79: 792, 80: 554, 81: 86, 82: 324, 83: 778, 84: 540, 85: 792, 86: 554, 87: 792, 88: 554, 89: 736, 90: 498, 91: 792, 92: 554, 93: 778, 94: 540, 95: 142, 96: 380, 97: 778, 98: 540, 99: 764, 100: 526, 101: 792, 102: 554, 103: 666, 104: 428, 105: 86, 106: 324, 107: 708, 108: 470, 109: 666, 110: 428, 111: 792, 112: 554, 113: 792, 114: 554, 115: 750, 116: 512, 117: 666, 118: 428, 119: 764, 120: 526, 121: 142, 122: 380, 123: 792, 124: 554, 125: 666, 126: 428, 127: 736, 128: 498, 129: 114, 130: 352, 131: 142, 132: 380, 133: 86, 134: 324, 135: 666, 136: 428, 137: 114, 138: 352, 139: 86, 140: 324, 141: 708, 142: 470, 143: 750, 144: 512, 145: 778, 146: 540, 147: 86, 148: 324, 149: 128, 150: 366, 151: 764, 152: 526, 153: 792, 154: 554, 155: 86, 156: 324, 157: 792, 158: 554, 159: 750, 160: 512, 161: 736, 162: 498, 163: 86, 164: 324, 165: 86, 166: 324, 167: 792, 168: 554, 169: 142, 170: 380, 171: 142, 172: 380, 173: 764, 174: 526, 175: 708, 176: 470, 177: 764, 178: 526, 179: 736, 180: 498, 181: 128, 182: 366, 183: 86, 184: 324, 185: 666, 186: 428, 187: 750, 188: 512, 189: 778, 190: 540, 191: 792, 192: 554, 193: 750, 194: 512, 195: 764, 196: 526, 197: 128, 198: 366, 199: 778, 200: 540}

Number of labels used: 22
Total time used: 75.80 sec
Memory used: 885.69 MB
================================
[runlim] sample:		296.5 time, 80.9 real, 917.8 MB
[runlim] sample:		336.8 time, 90.9 real, 995.5 MB
[runlim] sample:		376.1 time, 100.9 real, 983.2 MB
[runlim] sample:		415.8 time, 110.9 real, 984.9 MB
[runlim] sample:		455.6 time, 120.9 real, 989.5 MB
[runlim] sample:		495.8 time, 130.9 real, 995.6 MB
[runlim] sample:		533.9 time, 140.9 real, 996.0 MB
[runlim] sample:		573.5 time, 150.9 real, 996.6 MB
[runlim] sample:		612.6 time, 160.9 real, 996.7 MB
[runlim] sample:		652.9 time, 170.9 real, 997.8 MB
[runlim] sample:		691.0 time, 180.9 real, 998.1 MB
[runlim] sample:		730.9 time, 190.9 real, 1017.9 MB
[runlim] sample:		768.2 time, 200.9 real, 1035.7 MB
[runlim] sample:		808.5 time, 210.9 real, 1036.9 MB
[runlim] sample:		847.4 time, 220.9 real, 1037.0 MB
[runlim] sample:		887.2 time, 230.9 real, 1001.9 MB
[runlim] sample:		927.0 time, 240.9 real, 999.2 MB
[runlim] sample:		965.3 time, 250.9 real, 1003.0 MB
[runlim] sample:		1006.7 time, 260.9 real, 981.8 MB
[runlim] sample:		1055.5 time, 270.9 real, 1028.4 MB
[runlim] sample:		1109.7 time, 280.9 real, 1056.9 MB
[runlim] sample:		1167.2 time, 290.9 real, 1067.8 MB
[runlim] sample:		1223.7 time, 300.9 real, 1069.2 MB
[runlim] sample:		1255.6 time, 310.9 real, 1090.8 MB
[runlim] sample:		1286.1 time, 320.9 real, 1090.9 MB
[runlim] sample:		1316.5 time, 330.9 real, 1095.5 MB
[runlim] sample:		1347.0 time, 340.9 real, 1095.1 MB
[runlim] sample:		1382.9 time, 350.9 real, 1091.8 MB
[runlim] sample:		1421.6 time, 360.9 real, 1096.3 MB
[runlim] sample:		1460.1 time, 370.9 real, 1130.5 MB
[runlim] sample:		1499.4 time, 380.9 real, 1136.0 MB
[runlim] sample:		1537.7 time, 390.9 real, 1143.9 MB
[runlim] sample:		1575.1 time, 400.9 real, 1147.6 MB
[runlim] sample:		1615.5 time, 410.9 real, 1144.2 MB
[runlim] sample:		1653.1 time, 420.9 real, 1144.8 MB
[runlim] sample:		1691.6 time, 430.9 real, 1145.1 MB
[runlim] sample:		1730.5 time, 440.9 real, 1150.1 MB
[runlim] sample:		1751.5 time, 450.9 real, 1147.0 MB
[runlim] sample:		1773.6 time, 460.9 real, 1158.4 MB
[runlim] sample:		1821.2 time, 470.9 real, 1165.6 MB
[runlim] sample:		1861.6 time, 480.9 real, 1167.0 MB
[runlim] sample:		1900.7 time, 490.9 real, 1167.0 MB
[runlim] sample:		1944.5 time, 500.9 real, 1168.0 MB
[runlim] sample:		1980.7 time, 510.9 real, 1169.1 MB
[runlim] sample:		2029.1 time, 520.9 real, 1169.5 MB
[runlim] sample:		2077.9 time, 530.9 real, 1195.5 MB
[runlim] sample:		2127.4 time, 540.9 real, 1222.1 MB
[runlim] sample:		2157.2 time, 550.9 real, 1223.0 MB
[runlim] sample:		2203.6 time, 560.9 real, 1223.1 MB
[runlim] sample:		2243.8 time, 570.9 real, 1223.9 MB
[runlim] sample:		2291.0 time, 580.9 real, 1224.5 MB
[runlim] sample:		2327.3 time, 590.9 real, 1224.6 MB
[runlim] sample:		2376.1 time, 600.9 real, 1226.9 MB
[runlim] sample:		2427.1 time, 610.9 real, 1227.6 MB
[runlim] sample:		2466.2 time, 620.9 real, 1227.6 MB
[runlim] sample:		2509.5 time, 630.9 real, 1228.1 MB
[runlim] sample:		2548.7 time, 640.9 real, 1228.1 MB
[runlim] sample:		2595.8 time, 650.9 real, 1228.4 MB
[runlim] sample:		2645.3 time, 660.9 real, 1224.0 MB
[runlim] sample:		2694.5 time, 670.9 real, 1232.8 MB
[runlim] sample:		2725.1 time, 680.9 real, 1233.6 MB
[runlim] sample:		2777.2 time, 690.9 real, 1233.9 MB
[runlim] sample:		2827.9 time, 700.9 real, 1235.5 MB
[runlim] sample:		2878.4 time, 710.9 real, 1235.6 MB
[runlim] sample:		2931.7 time, 720.9 real, 1241.1 MB
[runlim] sample:		2988.5 time, 730.9 real, 1241.3 MB
[runlim] sample:		3042.8 time, 740.9 real, 1241.3 MB
[runlim] sample:		3102.8 time, 750.9 real, 1241.3 MB
[runlim] sample:		3148.4 time, 760.9 real, 1241.3 MB
[runlim] sample:		3205.8 time, 770.9 real, 1241.4 MB
[runlim] sample:		3247.1 time, 780.9 real, 1241.6 MB
[runlim] sample:		3304.1 time, 790.9 real, 1247.9 MB
[runlim] sample:		3332.9 time, 800.9 real, 1248.8 MB
[runlim] sample:		3391.0 time, 810.9 real, 1278.1 MB
[runlim] sample:		3450.5 time, 820.9 real, 1280.3 MB
[runlim] sample:		3489.3 time, 830.9 real, 1263.4 MB
[runlim] sample:		3543.9 time, 840.9 real, 1263.6 MB
[runlim] sample:		3596.9 time, 850.9 real, 1265.1 MB
[runlim] sample:		3646.8 time, 860.9 real, 1265.2 MB
[runlim] sample:		3696.7 time, 870.9 real, 1265.2 MB
[runlim] sample:		3756.7 time, 880.9 real, 1267.4 MB
[runlim] sample:		3803.9 time, 890.9 real, 1265.6 MB
[runlim] end:			Thu Jan 15 12:39:31 2026
[runlim] status:		out of time
[runlim] result:		2
[runlim] children:		0
[runlim] real:			900.10 seconds
[runlim] time:			3858.50 seconds
[runlim] space:			1281.3 MB
[runlim] samples:		8991
