[runlim] version:		1.10
[runlim] time limit:		311040000 seconds
[runlim] real time limit:	600 seconds
[runlim] space limit:		14000 MB
[runlim] argv[0]:		python3
[runlim] argv[1]:		-u
[runlim] argv[2]:		main.py
[runlim] argv[3]:		graph11
[runlim] start:			Sat Jan 24 18:35:47 2026
[runlim] main pid:		31072
Building Gurobi model...
Set parameter WLSAccessID
Set parameter WLSSecret
Set parameter LicenseID to value 2663665
Academic license 2663665 - for non-commercial use only - registered to tu___@vnu.edu.vn
Build time used: 4.67 sec
Solving...
No solution found.
Total time used: 4.95 sec
Memory used: 299.31 MB
[runlim] end:			Sat Jan 24 18:35:52 2026
[runlim] status:		ok
[runlim] result:		0
[runlim] children:		0
[runlim] real:			5.26 seconds
[runlim] time:			5.09 seconds
[runlim] space:			414.0 MB
[runlim] samples:		51
