[runlim] version:		1.10
[runlim] time limit:		311040000 seconds
[runlim] real time limit:	600 seconds
[runlim] space limit:		3000 MB
[runlim] argv[0]:		python3
[runlim] argv[1]:		-u
[runlim] argv[2]:		main.py
[runlim] argv[3]:		graph01
[runlim] start:			Tue Dec  9 18:06:20 2025
[runlim] main pid:		44457
Building Gurobi model...
Set parameter WLSAccessID
Set parameter WLSSecret
Set parameter LicenseID to value 2663665
Academic license 2663665 - for non-commercial use only - registered to tu___@vnu.edu.vn
Build time used: 0.75 sec
Solving...
Solve time used: 0.58 sec
Solution
{498, 736, 764, 526, 708, 470, 408, 170, 240, 478, 554, 792, 750, 512, 652, 414, 554, 792, 268, 30, 268, 30, 142, 380, 30, 268, 442, 680, 470, 708, 456, 694, 352, 114, 470, 708, 58, 296, 254, 16, 456, 694, 352, 114, 352, 114, 156, 394, 680, 442, 16, 254, 366, 128, 86, 324, 764, 526, 338, 100, 282, 44, 708, 470, 456, 694, 72, 310, 16, 254, 30, 268, 380, 142, 764, 526, 540, 778, 442, 680, 352, 114, 100, 338, 156, 394, 792, 554, 470, 708, 666, 428, 394, 156, 456, 694, 408, 170, 114, 352, 526, 764, 680, 442, 778, 540, 142, 380, 296, 58, 324, 86, 554, 792, 366, 128, 16, 254, 456, 694, 478, 240, 142, 380, 380, 142, 484, 722, 128, 366, 512, 750, 86, 324, 408, 170, 72, 310, 484, 722, 736, 498, 16, 254, 708, 470, 394, 156, 484, 722, 282, 44, 72, 310, 764, 526, 72, 310, 324, 86, 58, 296, 680, 442, 128, 366, 456, 694, 352, 114, 456, 694, 380, 142, 114, 352, 72, 310, 428, 666, 470, 708, 526, 764, 652, 414, 100, 338, 352, 114, 736, 498, 240, 478, 296, 58, 498, 736, 16, 254}
Labels used: 48
Solution is CORRECT!
Total time used: 1.33 sec
Memory used: 78.93 MB
========================


Trying to find UB = 47...
Build time used: 0.05 sec
Solve time used: 0.61 sec
Solution: 
{414, 652, 324, 86, 414, 652, 380, 142, 478, 240, 428, 666, 72, 310, 352, 114, 114, 352, 324, 86, 142, 380, 142, 380, 86, 324, 58, 296, 72, 310, 282, 44, 296, 58, 128, 366, 100, 338, 86, 324, 44, 282, 114, 352, 268, 30, 414, 652, 282, 44, 30, 268, 428, 666, 526, 764, 442, 680, 778, 540, 268, 30, 30, 268, 72, 310, 282, 44, 30, 268, 324, 86, 142, 380, 72, 310, 750, 512, 86, 324, 30, 268, 268, 30, 100, 338, 352, 114, 394, 156, 414, 652, 100, 338, 296, 58, 142, 380, 296, 58, 310, 72, 296, 58, 428, 666, 142, 380, 44, 282, 44, 282, 268, 30, 128, 366, 282, 44, 282, 44, 478, 240, 142, 380, 30, 268, 30, 268, 142, 380, 268, 30, 694, 456, 478, 240, 414, 652, 268, 30, 380, 142, 324, 86, 30, 268, 394, 156, 394, 156, 666, 428, 30, 268, 268, 30, 380, 142, 268, 30, 666, 428, 296, 58, 86, 324, 296, 58, 282, 44, 268, 30, 394, 156, 414, 652, 44, 282, 324, 86, 310, 72, 268, 30, 352, 114, 30, 268, 268, 30, 394, 156, 408, 170, 296, 58, 30, 268, 30, 268}
Labels used: 38
Solution is CORRECT!
Total time used: 0.64 sec
Memory used: 104.81 MB
========================


Trying to find UB = 37...
Build time used: 0.05 sec
Solve time used: 0.61 sec
Solution: 
{736, 498, 554, 792, 554, 792, 240, 478, 240, 478, 708, 470, 526, 764, 554, 792, 792, 554, 394, 156, 722, 484, 170, 408, 30, 268, 652, 414, 540, 778, 484, 722, 708, 470, 498, 736, 778, 540, 394, 156, 722, 484, 540, 778, 156, 394, 554, 792, 736, 498, 394, 156, 652, 414, 792, 554, 554, 792, 540, 778, 442, 680, 792, 554, 750, 512, 694, 456, 666, 428, 792, 554, 240, 478, 44, 282, 554, 792, 778, 540, 394, 156, 498, 736, 778, 540, 652, 414, 156, 394, 142, 380, 792, 554, 750, 512, 240, 478, 498, 736, 792, 554, 512, 750, 722, 484, 100, 338, 722, 484, 156, 394, 456, 694, 652, 414, 100, 338, 442, 680, 380, 142, 240, 478, 736, 498, 736, 498, 778, 540, 498, 736, 456, 694, 240, 478, 526, 764, 554, 792, 526, 764, 680, 442, 156, 394, 540, 778, 428, 666, 498, 736, 750, 512, 554, 792, 484, 722, 100, 338, 498, 736, 554, 792, 380, 142, 100, 338, 156, 394, 428, 666, 792, 554, 792, 554, 736, 498, 470, 708, 100, 338, 442, 680, 30, 268, 764, 526, 554, 792, 708, 470, 240, 478, 456, 694, 792, 554, 708, 470}
Labels used: 36
Solution is CORRECT!
Total time used: 0.64 sec
Memory used: 113.11 MB
========================


Trying to find UB = 35...
Build time used: 0.05 sec
Solve time used: 0.72 sec
Solution: 
{142, 380, 268, 30, 268, 30, 170, 408, 170, 408, 282, 44, 380, 142, 268, 30, 296, 58, 296, 58, 764, 526, 170, 408, 470, 708, 442, 680, 44, 282, 324, 86, 114, 352, 428, 666, 44, 282, 268, 30, 114, 352, 484, 722, 296, 58, 282, 44, 380, 142, 86, 324, 142, 380, 792, 554, 268, 30, 380, 142, 58, 296, 470, 708, 324, 86, 498, 736, 352, 114, 554, 792, 170, 408, 86, 324, 764, 526, 764, 526, 380, 142, 338, 100, 380, 142, 296, 58, 86, 324, 324, 86, 282, 44, 722, 484, 170, 408, 708, 470, 142, 380, 44, 282, 666, 428, 324, 86, 428, 666, 44, 282, 722, 484, 86, 324, 338, 100, 352, 114, 380, 142, 142, 380, 708, 470, 498, 736, 58, 296, 100, 338, 708, 470, 408, 170, 666, 428, 282, 44, 680, 442, 470, 708, 484, 722, 296, 58, 282, 44, 324, 86, 86, 324, 296, 58, 498, 736, 352, 114, 338, 100, 526, 764, 442, 680, 470, 708, 30, 268, 142, 380, 428, 666, 764, 526, 142, 380, 338, 100, 380, 142, 736, 498, 296, 58, 470, 708, 338, 100, 114, 352, 170, 408, 484, 722, 142, 380, 428, 666}
Labels used: 30
Solution is CORRECT!
Total time used: 0.75 sec
Memory used: 122.47 MB
========================


Trying to find UB = 29...
Build time used: 0.05 sec
Solve time used: 0.75 sec
Solution: 
{554, 792, 554, 792, 554, 792, 240, 478, 478, 240, 498, 736, 736, 498, 652, 414, 652, 414, 16, 254, 254, 16, 240, 478, 652, 414, 16, 254, 498, 736, 254, 16, 352, 114, 652, 414, 16, 254, 16, 254, 442, 680, 142, 380, 254, 16, 254, 16, 498, 736, 86, 324, 736, 498, 442, 680, 792, 554, 414, 652, 414, 652, 114, 352, 254, 16, 736, 498, 254, 16, 142, 380, 240, 478, 442, 680, 792, 554, 554, 792, 16, 254, 142, 380, 792, 554, 254, 16, 554, 792, 792, 554, 16, 254, 442, 680, 170, 408, 352, 114, 680, 442, 324, 86, 58, 296, 498, 736, 380, 142, 652, 414, 792, 554, 324, 86, 254, 16, 254, 16, 170, 408, 170, 408, 254, 16, 142, 380, 142, 380, 736, 498, 58, 296, 142, 380, 142, 380, 680, 442, 554, 792, 254, 16, 792, 554, 352, 114, 86, 324, 352, 114, 254, 16, 652, 414, 652, 414, 652, 414, 142, 380, 380, 142, 792, 554, 484, 722, 114, 352, 442, 680, 254, 16, 792, 554, 680, 442, 442, 680, 498, 736, 86, 324, 16, 254, 114, 352, 414, 652, 296, 58, 170, 408, 380, 142, 16, 254, 16, 254}
Labels used: 24
Solution is CORRECT!
Total time used: 0.78 sec
Memory used: 131.85 MB
========================


Trying to find UB = 23...
Build time used: 0.05 sec
Solve time used: 0.73 sec
Solution: 
{554, 792, 554, 792, 428, 666, 240, 478, 478, 240, 456, 694, 72, 310, 708, 470, 470, 708, 72, 310, 254, 16, 240, 478, 366, 128, 310, 72, 554, 792, 254, 16, 554, 792, 694, 456, 366, 128, 72, 310, 310, 72, 456, 694, 254, 16, 694, 456, 764, 526, 16, 254, 428, 666, 764, 526, 16, 254, 16, 254, 366, 128, 764, 526, 254, 16, 666, 428, 254, 16, 526, 764, 240, 478, 526, 764, 456, 694, 666, 428, 16, 254, 128, 366, 792, 554, 470, 708, 16, 254, 44, 282, 16, 254, 764, 526, 170, 408, 554, 792, 792, 554, 366, 128, 764, 526, 470, 708, 792, 554, 16, 254, 456, 694, 282, 44, 128, 366, 254, 16, 170, 408, 170, 408, 254, 16, 428, 666, 666, 428, 764, 526, 72, 310, 170, 408, 792, 554, 72, 310, 526, 764, 694, 456, 792, 554, 470, 708, 128, 366, 128, 366, 764, 526, 694, 456, 310, 72, 16, 254, 554, 792, 554, 792, 310, 72, 428, 666, 366, 128, 282, 44, 254, 16, 792, 554, 44, 282, 470, 708, 428, 666, 44, 282, 16, 254, 456, 694, 254, 16, 554, 792, 170, 408, 128, 366, 16, 254, 16, 254}
Labels used: 22
Solution is CORRECT!
Total time used: 0.76 sec
Memory used: 138.71 MB
========================


Trying to find UB = 21...
Build time used: 0.04 sec
Solve time used: 0.87 sec
Solution: 
{380, 142, 554, 792, 526, 764, 380, 142, 380, 142, 86, 324, 764, 526, 58, 296, 142, 380, 86, 324, 526, 764, 380, 142, 30, 268, 680, 442, 764, 526, 268, 30, 526, 764, 30, 268, 30, 268, 268, 30, 442, 680, 526, 764, 30, 268, 470, 708, 498, 736, 268, 30, 708, 470, 554, 792, 526, 764, 324, 86, 296, 58, 380, 142, 58, 296, 442, 680, 30, 268, 680, 442, 408, 170, 526, 764, 736, 498, 526, 764, 30, 268, 498, 736, 792, 554, 708, 470, 736, 498, 296, 58, 30, 268, 680, 442, 408, 170, 30, 268, 470, 708, 498, 736, 268, 30, 296, 58, 470, 708, 526, 764, 526, 764, 86, 324, 380, 142, 58, 296, 170, 408, 408, 170, 554, 792, 58, 296, 30, 268, 58, 296, 268, 30, 170, 408, 498, 736, 526, 764, 680, 442, 142, 380, 708, 470, 736, 498, 380, 142, 680, 442, 30, 268, 498, 736, 268, 30, 554, 792, 554, 792, 680, 442, 526, 764, 296, 58, 296, 58, 268, 30, 268, 30, 470, 708, 498, 736, 764, 526, 764, 526, 268, 30, 142, 380, 268, 30, 526, 764, 380, 142, 170, 408, 58, 296, 30, 268, 30, 268}
Labels used: 20
Solution is CORRECT!
Total time used: 0.90 sec
Memory used: 163.12 MB
========================


Trying to find UB = 19...
Build time used: 0.05 sec
Solve time used: 0.99 sec
Solution: 
{554, 792, 498, 736, 100, 338, 408, 170, 170, 408, 338, 100, 58, 296, 142, 380, 352, 114, 100, 338, 254, 16, 408, 170, 16, 254, 694, 456, 338, 100, 254, 16, 554, 792, 142, 380, 16, 254, 16, 254, 114, 352, 456, 694, 254, 16, 736, 498, 114, 352, 16, 254, 338, 100, 380, 142, 296, 58, 114, 352, 338, 100, 554, 792, 254, 16, 352, 114, 456, 694, 142, 380, 408, 170, 498, 736, 456, 694, 694, 456, 16, 254, 792, 554, 296, 58, 58, 296, 554, 792, 254, 16, 380, 142, 338, 100, 408, 170, 554, 792, 380, 142, 114, 352, 58, 296, 498, 736, 554, 792, 554, 792, 352, 114, 16, 254, 16, 254, 254, 16, 142, 380, 170, 408, 58, 296, 352, 114, 100, 338, 694, 456, 296, 58, 170, 408, 736, 498, 338, 100, 114, 352, 254, 16, 792, 554, 792, 554, 498, 736, 554, 792, 380, 142, 498, 736, 792, 554, 792, 554, 736, 498, 380, 142, 338, 100, 694, 456, 352, 114, 498, 736, 254, 16, 296, 58, 554, 792, 380, 142, 792, 554, 498, 736, 142, 380, 498, 736, 254, 16, 16, 254, 170, 408, 456, 694, 16, 254, 254, 16}
Labels used: 18
Solution is CORRECT!
Total time used: 1.04 sec
Memory used: 191.11 MB
========================


Trying to find UB = 17...
Build time used: 0.05 sec
Solve time used: 0.75 sec
No better solution found.
[runlim] end:			Tue Dec  9 18:06:27 2025
[runlim] status:		ok
[runlim] result:		0
[runlim] children:		0
[runlim] real:			7.91 seconds
[runlim] time:			8.90 seconds
[runlim] space:			205.2 MB
[runlim] samples:		76
