[runlim] version:		1.10
[runlim] time limit:		311040000 seconds
[runlim] real time limit:	600 seconds
[runlim] space limit:		14000 MB
[runlim] argv[0]:		python3
[runlim] argv[1]:		-u
[runlim] argv[2]:		main.py
[runlim] argv[3]:		graph13
[runlim] start:			Wed Jan 21 00:36:05 2026
[runlim] main pid:		28554
Building Gurobi model...
Set parameter WLSAccessID
Set parameter WLSSecret
Set parameter LicenseID to value 2663665
Academic license 2663665 - for non-commercial use only - registered to tu___@vnu.edu.vn
[runlim] sample:		10.0 time, 10.7 real, 458.2 MB
Build time used: 17.57 sec
Solving...
[runlim] sample:		20.0 time, 20.7 real, 1632.5 MB
No solution found.
Total time used: 22.94 sec
Memory used: 1452.23 MB
[runlim] end:			Wed Jan 21 00:36:29 2026
[runlim] status:		ok
[runlim] result:		0
[runlim] children:		0
[runlim] real:			24.16 seconds
[runlim] time:			27.30 seconds
[runlim] space:			1729.0 MB
[runlim] samples:		234
