[runlim] version:		1.10
[runlim] time limit:		311040000 seconds
[runlim] real time limit:	900 seconds
[runlim] space limit:		8000 MB
[runlim] argv[0]:		python3
[runlim] argv[1]:		-u
[runlim] argv[2]:		main.py
[runlim] argv[3]:		graph06
[runlim] start:			Thu Jan 15 12:57:38 2026
[runlim] main pid:		304848
Building Gurobi model...
Set parameter WLSAccessID
Set parameter WLSSecret
Set parameter LicenseID to value 2663665
Academic license 2663665 - for non-commercial use only - registered to tu___@vnu.edu.vn
Build time used: 9.81 sec
Solving...
[runlim] sample:		10.0 time, 10.6 real, 435.1 MB
No solution found.
Total time used: 12.16 sec
Memory used: 561.94 MB
[runlim] end:			Thu Jan 15 12:57:51 2026
[runlim] status:		ok
[runlim] result:		0
[runlim] children:		0
[runlim] real:			13.08 seconds
[runlim] time:			13.10 seconds
[runlim] space:			663.1 MB
[runlim] samples:		124
