[runlim] version:		1.10
[runlim] time limit:		311040000 seconds
[runlim] real time limit:	900 seconds
[runlim] space limit:		8000 MB
[runlim] argv[0]:		python3
[runlim] argv[1]:		-u
[runlim] argv[2]:		main.py
[runlim] argv[3]:		graph05
[runlim] start:			Thu Jan 15 12:57:32 2026
[runlim] main pid:		304768
Building Gurobi model...
Set parameter WLSAccessID
Set parameter WLSSecret
Set parameter LicenseID to value 2663665
Academic license 2663665 - for non-commercial use only - registered to tu___@vnu.edu.vn
Build time used: 4.77 sec
Solving...
No solution found.
Total time used: 5.88 sec
Memory used: 294.64 MB
[runlim] end:			Thu Jan 15 12:57:38 2026
[runlim] status:		ok
[runlim] result:		0
[runlim] children:		0
[runlim] real:			6.63 seconds
[runlim] time:			6.61 seconds
[runlim] space:			340.7 MB
[runlim] samples:		60
