[runlim] version:		1.10
[runlim] time limit:		311040000 seconds
[runlim] real time limit:	600 seconds
[runlim] space limit:		14000 MB
[runlim] argv[0]:		python3
[runlim] argv[1]:		-u
[runlim] argv[2]:		main.py
[runlim] argv[3]:		graph04
[runlim] start:			Sat Jan 24 18:15:45 2026
[runlim] main pid:		22620
Building Gurobi model...
Set parameter WLSAccessID
Set parameter WLSSecret
Set parameter LicenseID to value 2663665
Academic license 2663665 - for non-commercial use only - registered to tu___@vnu.edu.vn
Build time used: 6.04 sec
Solving...
[runlim] sample:		15.6 time, 10.1 real, 587.1 MB
[runlim] sample:		35.8 time, 20.1 real, 687.5 MB
{1: 764, 2: 526, 3: 30, 4: 268, 5: 324, 6: 86, 7: 44, 8: 282, 9: 694, 10: 456, 11: 282, 12: 44, 13: 128, 14: 366, 15: 694, 16: 456, 17: 792, 18: 554, 19: 142, 20: 380, 21: 792, 22: 554, 23: 72, 24: 310, 25: 142, 26: 380, 27: 16, 28: 254, 29: 114, 30: 352, 31: 736, 32: 498, 33: 764, 34: 526, 35: 30, 36: 268, 37: 778, 38: 540, 39: 100, 40: 338, 41: 114, 42: 352, 43: 722, 44: 484, 45: 86, 46: 324, 47: 750, 48: 512, 49: 30, 50: 268, 51: 352, 52: 114, 53: 680, 54: 442, 55: 666, 56: 428, 57: 16, 58: 254, 59: 58, 60: 296, 61: 666, 62: 428, 63: 680, 64: 442, 65: 30, 66: 268, 67: 58, 68: 296, 69: 142, 70: 380, 71: 708, 72: 470, 73: 778, 74: 540, 75: 156, 76: 394, 77: 156, 78: 394, 79: 750, 80: 512, 81: 86, 82: 324, 83: 16, 84: 254, 85: 58, 86: 296, 87: 16, 88: 254, 89: 778, 90: 540, 91: 792, 92: 554, 93: 680, 94: 442, 95: 254, 96: 16, 97: 666, 98: 428, 99: 142, 100: 380, 101: 16, 102: 254, 103: 792, 104: 554, 105: 86, 106: 324, 107: 156, 108: 394, 109: 72, 110: 310, 111: 128, 112: 366, 113: 114, 114: 352, 115: 142, 116: 380, 117: 778, 118: 540, 119: 86, 120: 324, 121: 694, 122: 456, 123: 128, 124: 366, 125: 156, 126: 394, 127: 778, 128: 540, 129: 44, 130: 282, 131: 736, 132: 498, 133: 30, 134: 268, 135: 694, 136: 456, 137: 86, 138: 324, 139: 652, 140: 414, 141: 156, 142: 394, 143: 736, 144: 498, 145: 764, 146: 526, 147: 792, 148: 554, 149: 778, 150: 540, 151: 750, 152: 512, 153: 16, 154: 254, 155: 156, 156: 394, 157: 100, 158: 338, 159: 86, 160: 324, 161: 722, 162: 484, 163: 16, 164: 254, 165: 736, 166: 498, 167: 44, 168: 282, 169: 128, 170: 366, 171: 666, 172: 428, 173: 666, 174: 428, 175: 694, 176: 456, 177: 680, 178: 442, 179: 708, 180: 470, 181: 44, 182: 282, 183: 16, 184: 254, 185: 86, 186: 324, 187: 30, 188: 268, 189: 792, 190: 554, 191: 666, 192: 428, 193: 142, 194: 380, 195: 750, 196: 512, 197: 764, 198: 526, 199: 666, 200: 428, 201: 694, 202: 456, 203: 736, 204: 498, 205: 764, 206: 526, 207: 708, 208: 470, 209: 72, 210: 310, 211: 16, 212: 254, 213: 680, 214: 442, 215: 694, 216: 456, 217: 694, 218: 456, 219: 156, 220: 394, 221: 750, 222: 512, 223: 694, 224: 456, 225: 680, 226: 442, 227: 128, 228: 366, 229: 764, 230: 526, 231: 30, 232: 268, 233: 666, 234: 428, 235: 680, 236: 442, 237: 44, 238: 282, 239: 722, 240: 484, 241: 750, 242: 512, 243: 58, 244: 296, 245: 792, 246: 554, 247: 736, 248: 498, 249: 44, 250: 282, 251: 156, 252: 394, 253: 30, 254: 268, 255: 666, 256: 428, 257: 708, 258: 470, 259: 72, 260: 310, 261: 792, 262: 554, 263: 30, 264: 268, 265: 72, 266: 310, 267: 30, 268: 268, 269: 652, 270: 414, 271: 750, 272: 512, 273: 722, 274: 484, 275: 156, 276: 394, 277: 722, 278: 484, 279: 792, 280: 554, 281: 156, 282: 394, 283: 708, 284: 470, 285: 58, 286: 296, 287: 652, 288: 414, 289: 750, 290: 512, 291: 652, 292: 414, 293: 114, 294: 352, 295: 16, 296: 254, 297: 114, 298: 352, 299: 778, 300: 540, 301: 708, 302: 470, 303: 708, 304: 470, 305: 722, 306: 484, 307: 666, 308: 428, 309: 764, 310: 526, 311: 58, 312: 296, 313: 128, 314: 366, 315: 666, 316: 428, 317: 792, 318: 554, 319: 778, 320: 540, 321: 708, 322: 470, 323: 156, 324: 394, 325: 86, 326: 324, 327: 128, 328: 366, 329: 694, 330: 456, 331: 764, 332: 526, 333: 666, 334: 428, 335: 666, 336: 428, 337: 708, 338: 470, 339: 72, 340: 310, 341: 128, 342: 366, 343: 694, 344: 456, 345: 792, 346: 554, 347: 778, 348: 540, 349: 156, 350: 394, 351: 30, 352: 268, 353: 30, 354: 268, 355: 778, 356: 540, 357: 778, 358: 540, 359: 72, 360: 310, 361: 764, 362: 526, 363: 722, 364: 484, 365: 30, 366: 268, 367: 736, 368: 498, 369: 792, 370: 554, 371: 30, 372: 268, 373: 764, 374: 526, 375: 750, 376: 512, 377: 666, 378: 428, 379: 722, 380: 484, 381: 764, 382: 526, 383: 72, 384: 310, 385: 142, 386: 380, 387: 100, 388: 338, 389: 30, 390: 268, 391: 792, 392: 554, 393: 652, 394: 414, 395: 652, 396: 414, 397: 792, 398: 554, 399: 778, 400: 540}

Number of labels used: 44
Total time used: 28.61 sec
Memory used: 964.78 MB
================================
[runlim] sample:		84.4 time, 30.1 real, 1096.3 MB
[runlim] sample:		127.9 time, 40.1 real, 1218.6 MB
[runlim] sample:		168.1 time, 50.1 real, 1224.0 MB
[runlim] sample:		207.8 time, 60.1 real, 1173.4 MB
[runlim] sample:		248.0 time, 70.1 real, 1207.1 MB
[runlim] sample:		288.2 time, 80.1 real, 1195.0 MB
[runlim] sample:		328.4 time, 90.1 real, 1278.1 MB
[runlim] sample:		368.6 time, 100.1 real, 1284.8 MB
[runlim] sample:		408.9 time, 110.1 real, 1286.8 MB
[runlim] sample:		449.1 time, 120.1 real, 1286.3 MB
{1: 764, 2: 526, 3: 30, 4: 268, 5: 114, 6: 352, 7: 44, 8: 282, 9: 156, 10: 394, 11: 156, 12: 394, 13: 680, 14: 442, 15: 694, 16: 456, 17: 792, 18: 554, 19: 142, 20: 380, 21: 792, 22: 554, 23: 72, 24: 310, 25: 142, 26: 380, 27: 16, 28: 254, 29: 114, 30: 352, 31: 58, 32: 296, 33: 750, 34: 512, 35: 30, 36: 268, 37: 778, 38: 540, 39: 708, 40: 470, 41: 114, 42: 352, 43: 764, 44: 526, 45: 86, 46: 324, 47: 792, 48: 554, 49: 30, 50: 268, 51: 652, 52: 414, 53: 680, 54: 442, 55: 666, 56: 428, 57: 16, 58: 254, 59: 58, 60: 296, 61: 128, 62: 366, 63: 680, 64: 442, 65: 30, 66: 268, 67: 58, 68: 296, 69: 142, 70: 380, 71: 708, 72: 470, 73: 778, 74: 540, 75: 156, 76: 394, 77: 156, 78: 394, 79: 750, 80: 512, 81: 86, 82: 324, 83: 16, 84: 254, 85: 58, 86: 296, 87: 16, 88: 254, 89: 778, 90: 540, 91: 792, 92: 554, 93: 114, 94: 352, 95: 72, 96: 310, 97: 666, 98: 428, 99: 142, 100: 380, 101: 792, 102: 554, 103: 792, 104: 554, 105: 86, 106: 324, 107: 156, 108: 394, 109: 72, 110: 310, 111: 128, 112: 366, 113: 114, 114: 352, 115: 142, 116: 380, 117: 778, 118: 540, 119: 86, 120: 324, 121: 694, 122: 456, 123: 680, 124: 442, 125: 156, 126: 394, 127: 778, 128: 540, 129: 778, 130: 540, 131: 736, 132: 498, 133: 30, 134: 268, 135: 694, 136: 456, 137: 86, 138: 324, 139: 652, 140: 414, 141: 156, 142: 394, 143: 736, 144: 498, 145: 764, 146: 526, 147: 778, 148: 540, 149: 764, 150: 526, 151: 750, 152: 512, 153: 16, 154: 254, 155: 156, 156: 394, 157: 554, 158: 792, 159: 86, 160: 324, 161: 128, 162: 366, 163: 16, 164: 254, 165: 736, 166: 498, 167: 44, 168: 282, 169: 142, 170: 380, 171: 666, 172: 428, 173: 114, 174: 352, 175: 694, 176: 456, 177: 680, 178: 442, 179: 708, 180: 470, 181: 44, 182: 282, 183: 16, 184: 254, 185: 86, 186: 324, 187: 30, 188: 268, 189: 792, 190: 554, 191: 666, 192: 428, 193: 128, 194: 366, 195: 750, 196: 512, 197: 764, 198: 526, 199: 666, 200: 428, 201: 694, 202: 456, 203: 680, 204: 442, 205: 764, 206: 526, 207: 708, 208: 470, 209: 72, 210: 310, 211: 16, 212: 254, 213: 680, 214: 442, 215: 694, 216: 456, 217: 694, 218: 456, 219: 156, 220: 394, 221: 750, 222: 512, 223: 694, 224: 456, 225: 680, 226: 442, 227: 128, 228: 366, 229: 764, 230: 526, 231: 30, 232: 268, 233: 708, 234: 470, 235: 128, 236: 366, 237: 750, 238: 512, 239: 722, 240: 484, 241: 792, 242: 554, 243: 58, 244: 296, 245: 778, 246: 540, 247: 736, 248: 498, 249: 44, 250: 282, 251: 156, 252: 394, 253: 736, 254: 498, 255: 666, 256: 428, 257: 708, 258: 470, 259: 86, 260: 324, 261: 792, 262: 554, 263: 30, 264: 268, 265: 72, 266: 310, 267: 30, 268: 268, 269: 652, 270: 414, 271: 58, 272: 296, 273: 86, 274: 324, 275: 156, 276: 394, 277: 86, 278: 324, 279: 792, 280: 554, 281: 156, 282: 394, 283: 708, 284: 470, 285: 58, 286: 296, 287: 156, 288: 394, 289: 750, 290: 512, 291: 652, 292: 414, 293: 114, 294: 352, 295: 16, 296: 254, 297: 114, 298: 352, 299: 778, 300: 540, 301: 708, 302: 470, 303: 708, 304: 470, 305: 722, 306: 484, 307: 666, 308: 428, 309: 764, 310: 526, 311: 750, 312: 512, 313: 128, 314: 366, 315: 666, 316: 428, 317: 16, 318: 254, 319: 778, 320: 540, 321: 708, 322: 470, 323: 156, 324: 394, 325: 86, 326: 324, 327: 142, 328: 380, 329: 694, 330: 456, 331: 764, 332: 526, 333: 142, 334: 380, 335: 666, 336: 428, 337: 750, 338: 512, 339: 86, 340: 324, 341: 128, 342: 366, 343: 694, 344: 456, 345: 16, 346: 254, 347: 778, 348: 540, 349: 156, 350: 394, 351: 30, 352: 268, 353: 736, 354: 498, 355: 778, 356: 540, 357: 16, 358: 254, 359: 72, 360: 310, 361: 764, 362: 526, 363: 722, 364: 484, 365: 30, 366: 268, 367: 736, 368: 498, 369: 16, 370: 254, 371: 30, 372: 268, 373: 764, 374: 526, 375: 750, 376: 512, 377: 666, 378: 428, 379: 722, 380: 484, 381: 44, 382: 282, 383: 72, 384: 310, 385: 142, 386: 380, 387: 708, 388: 470, 389: 30, 390: 268, 391: 792, 392: 554, 393: 652, 394: 414, 395: 652, 396: 414, 397: 792, 398: 554, 399: 778, 400: 540}

Number of labels used: 42
Total time used: 127.44 sec
Memory used: 1286.95 MB
================================
{1: 764, 2: 526, 3: 30, 4: 268, 5: 114, 6: 352, 7: 44, 8: 282, 9: 156, 10: 394, 11: 156, 12: 394, 13: 680, 14: 442, 15: 694, 16: 456, 17: 792, 18: 554, 19: 142, 20: 380, 21: 792, 22: 554, 23: 72, 24: 310, 25: 142, 26: 380, 27: 16, 28: 254, 29: 114, 30: 352, 31: 58, 32: 296, 33: 750, 34: 512, 35: 30, 36: 268, 37: 778, 38: 540, 39: 708, 40: 470, 41: 114, 42: 352, 43: 764, 44: 526, 45: 86, 46: 324, 47: 792, 48: 554, 49: 30, 50: 268, 51: 652, 52: 414, 53: 680, 54: 442, 55: 666, 56: 428, 57: 16, 58: 254, 59: 58, 60: 296, 61: 128, 62: 366, 63: 680, 64: 442, 65: 30, 66: 268, 67: 58, 68: 296, 69: 142, 70: 380, 71: 708, 72: 470, 73: 778, 74: 540, 75: 156, 76: 394, 77: 156, 78: 394, 79: 750, 80: 512, 81: 86, 82: 324, 83: 16, 84: 254, 85: 58, 86: 296, 87: 16, 88: 254, 89: 778, 90: 540, 91: 792, 92: 554, 93: 114, 94: 352, 95: 72, 96: 310, 97: 666, 98: 428, 99: 142, 100: 380, 101: 792, 102: 554, 103: 792, 104: 554, 105: 86, 106: 324, 107: 156, 108: 394, 109: 72, 110: 310, 111: 128, 112: 366, 113: 114, 114: 352, 115: 142, 116: 380, 117: 778, 118: 540, 119: 86, 120: 324, 121: 694, 122: 456, 123: 680, 124: 442, 125: 156, 126: 394, 127: 778, 128: 540, 129: 778, 130: 540, 131: 736, 132: 498, 133: 30, 134: 268, 135: 694, 136: 456, 137: 86, 138: 324, 139: 652, 140: 414, 141: 156, 142: 394, 143: 736, 144: 498, 145: 764, 146: 526, 147: 778, 148: 540, 149: 764, 150: 526, 151: 750, 152: 512, 153: 16, 154: 254, 155: 156, 156: 394, 157: 554, 158: 792, 159: 86, 160: 324, 161: 128, 162: 366, 163: 16, 164: 254, 165: 736, 166: 498, 167: 44, 168: 282, 169: 142, 170: 380, 171: 666, 172: 428, 173: 114, 174: 352, 175: 694, 176: 456, 177: 680, 178: 442, 179: 708, 180: 470, 181: 44, 182: 282, 183: 16, 184: 254, 185: 86, 186: 324, 187: 30, 188: 268, 189: 792, 190: 554, 191: 666, 192: 428, 193: 128, 194: 366, 195: 750, 196: 512, 197: 764, 198: 526, 199: 666, 200: 428, 201: 694, 202: 456, 203: 680, 204: 442, 205: 764, 206: 526, 207: 708, 208: 470, 209: 72, 210: 310, 211: 16, 212: 254, 213: 680, 214: 442, 215: 694, 216: 456, 217: 694, 218: 456, 219: 156, 220: 394, 221: 750, 222: 512, 223: 694, 224: 456, 225: 680, 226: 442, 227: 128, 228: 366, 229: 764, 230: 526, 231: 30, 232: 268, 233: 708, 234: 470, 235: 128, 236: 366, 237: 750, 238: 512, 239: 722, 240: 484, 241: 792, 242: 554, 243: 58, 244: 296, 245: 778, 246: 540, 247: 736, 248: 498, 249: 44, 250: 282, 251: 156, 252: 394, 253: 736, 254: 498, 255: 666, 256: 428, 257: 708, 258: 470, 259: 86, 260: 324, 261: 792, 262: 554, 263: 30, 264: 268, 265: 72, 266: 310, 267: 30, 268: 268, 269: 652, 270: 414, 271: 58, 272: 296, 273: 86, 274: 324, 275: 156, 276: 394, 277: 86, 278: 324, 279: 792, 280: 554, 281: 156, 282: 394, 283: 708, 284: 470, 285: 58, 286: 296, 287: 156, 288: 394, 289: 750, 290: 512, 291: 652, 292: 414, 293: 114, 294: 352, 295: 16, 296: 254, 297: 114, 298: 352, 299: 778, 300: 540, 301: 708, 302: 470, 303: 708, 304: 470, 305: 722, 306: 484, 307: 666, 308: 428, 309: 764, 310: 526, 311: 750, 312: 512, 313: 128, 314: 366, 315: 666, 316: 428, 317: 16, 318: 254, 319: 778, 320: 540, 321: 708, 322: 470, 323: 156, 324: 394, 325: 86, 326: 324, 327: 142, 328: 380, 329: 694, 330: 456, 331: 764, 332: 526, 333: 142, 334: 380, 335: 666, 336: 428, 337: 750, 338: 512, 339: 86, 340: 324, 341: 128, 342: 366, 343: 694, 344: 456, 345: 16, 346: 254, 347: 778, 348: 540, 349: 156, 350: 394, 351: 30, 352: 268, 353: 736, 354: 498, 355: 778, 356: 540, 357: 16, 358: 254, 359: 72, 360: 310, 361: 764, 362: 526, 363: 722, 364: 484, 365: 30, 366: 268, 367: 736, 368: 498, 369: 16, 370: 254, 371: 30, 372: 268, 373: 764, 374: 526, 375: 750, 376: 512, 377: 666, 378: 428, 379: 722, 380: 484, 381: 44, 382: 282, 383: 72, 384: 310, 385: 142, 386: 380, 387: 708, 388: 470, 389: 30, 390: 268, 391: 792, 392: 554, 393: 652, 394: 414, 395: 652, 396: 414, 397: 792, 398: 554, 399: 778, 400: 540}

Number of labels used: 42
Total time used: 127.46 sec
Memory used: 1286.95 MB
================================
[runlim] sample:		489.3 time, 130.1 real, 1287.1 MB
[runlim] sample:		526.9 time, 140.1 real, 1288.1 MB
[runlim] sample:		567.1 time, 150.1 real, 1292.6 MB
[runlim] sample:		607.3 time, 160.1 real, 1294.3 MB
[runlim] sample:		647.5 time, 170.1 real, 1317.9 MB
[runlim] sample:		687.7 time, 180.1 real, 1324.3 MB
[runlim] sample:		727.9 time, 190.1 real, 1445.4 MB
[runlim] sample:		768.1 time, 200.1 real, 1929.3 MB
[runlim] sample:		808.3 time, 210.1 real, 1925.0 MB
[runlim] sample:		848.5 time, 220.1 real, 2106.7 MB
[runlim] sample:		888.7 time, 230.1 real, 2112.4 MB
[runlim] sample:		928.9 time, 240.1 real, 2108.9 MB
{1: 58, 2: 296, 3: 30, 4: 268, 5: 324, 6: 86, 7: 750, 8: 512, 9: 156, 10: 394, 11: 282, 12: 44, 13: 128, 14: 366, 15: 694, 16: 456, 17: 792, 18: 554, 19: 142, 20: 380, 21: 792, 22: 554, 23: 72, 24: 310, 25: 142, 26: 380, 27: 16, 28: 254, 29: 128, 30: 366, 31: 58, 32: 296, 33: 86, 34: 324, 35: 666, 36: 428, 37: 778, 38: 540, 39: 708, 40: 470, 41: 114, 42: 352, 43: 764, 44: 526, 45: 86, 46: 324, 47: 792, 48: 554, 49: 30, 50: 268, 51: 366, 52: 128, 53: 680, 54: 442, 55: 666, 56: 428, 57: 16, 58: 254, 59: 58, 60: 296, 61: 128, 62: 366, 63: 680, 64: 442, 65: 30, 66: 268, 67: 58, 68: 296, 69: 142, 70: 380, 71: 680, 72: 442, 73: 750, 74: 512, 75: 156, 76: 394, 77: 156, 78: 394, 79: 750, 80: 512, 81: 694, 82: 456, 83: 16, 84: 254, 85: 58, 86: 296, 87: 16, 88: 254, 89: 778, 90: 540, 91: 16, 92: 254, 93: 114, 94: 352, 95: 268, 96: 30, 97: 666, 98: 428, 99: 142, 100: 380, 101: 792, 102: 554, 103: 16, 104: 254, 105: 86, 106: 324, 107: 128, 108: 366, 109: 72, 110: 310, 111: 156, 112: 394, 113: 114, 114: 352, 115: 142, 116: 380, 117: 778, 118: 540, 119: 86, 120: 324, 121: 694, 122: 456, 123: 680, 124: 442, 125: 156, 126: 394, 127: 778, 128: 540, 129: 44, 130: 282, 131: 736, 132: 498, 133: 30, 134: 268, 135: 694, 136: 456, 137: 86, 138: 324, 139: 156, 140: 394, 141: 156, 142: 394, 143: 72, 144: 310, 145: 30, 146: 268, 147: 778, 148: 540, 149: 44, 150: 282, 151: 750, 152: 512, 153: 778, 154: 540, 155: 156, 156: 394, 157: 652, 158: 414, 159: 86, 160: 324, 161: 128, 162: 366, 163: 16, 164: 254, 165: 58, 166: 296, 167: 44, 168: 282, 169: 58, 170: 296, 171: 156, 172: 394, 173: 114, 174: 352, 175: 694, 176: 456, 177: 666, 178: 428, 179: 708, 180: 470, 181: 58, 182: 296, 183: 16, 184: 254, 185: 86, 186: 324, 187: 764, 188: 526, 189: 778, 190: 540, 191: 666, 192: 428, 193: 128, 194: 366, 195: 750, 196: 512, 197: 764, 198: 526, 199: 666, 200: 428, 201: 694, 202: 456, 203: 778, 204: 540, 205: 764, 206: 526, 207: 708, 208: 470, 209: 72, 210: 310, 211: 16, 212: 254, 213: 680, 214: 442, 215: 114, 216: 352, 217: 708, 218: 470, 219: 652, 220: 414, 221: 750, 222: 512, 223: 114, 224: 352, 225: 680, 226: 442, 227: 128, 228: 366, 229: 44, 230: 282, 231: 30, 232: 268, 233: 708, 234: 470, 235: 680, 236: 442, 237: 750, 238: 512, 239: 86, 240: 324, 241: 792, 242: 554, 243: 58, 244: 296, 245: 58, 246: 296, 247: 72, 248: 310, 249: 44, 250: 282, 251: 156, 252: 394, 253: 736, 254: 498, 255: 156, 256: 394, 257: 708, 258: 470, 259: 86, 260: 324, 261: 792, 262: 554, 263: 30, 264: 268, 265: 114, 266: 352, 267: 30, 268: 268, 269: 666, 270: 428, 271: 58, 272: 296, 273: 86, 274: 324, 275: 652, 276: 414, 277: 86, 278: 324, 279: 792, 280: 554, 281: 156, 282: 394, 283: 694, 284: 456, 285: 58, 286: 296, 287: 652, 288: 414, 289: 750, 290: 512, 291: 652, 292: 414, 293: 142, 294: 380, 295: 16, 296: 254, 297: 694, 298: 456, 299: 778, 300: 540, 301: 708, 302: 470, 303: 86, 304: 324, 305: 44, 306: 282, 307: 666, 308: 428, 309: 764, 310: 526, 311: 58, 312: 296, 313: 428, 314: 666, 315: 666, 316: 428, 317: 16, 318: 254, 319: 778, 320: 540, 321: 86, 322: 324, 323: 156, 324: 394, 325: 86, 326: 324, 327: 156, 328: 394, 329: 694, 330: 456, 331: 764, 332: 526, 333: 142, 334: 380, 335: 666, 336: 428, 337: 750, 338: 512, 339: 708, 340: 470, 341: 778, 342: 540, 343: 694, 344: 456, 345: 16, 346: 254, 347: 30, 348: 268, 349: 156, 350: 394, 351: 30, 352: 268, 353: 736, 354: 498, 355: 778, 356: 540, 357: 16, 358: 254, 359: 72, 360: 310, 361: 764, 362: 526, 363: 86, 364: 324, 365: 72, 366: 310, 367: 736, 368: 498, 369: 16, 370: 254, 371: 30, 372: 268, 373: 30, 374: 268, 375: 750, 376: 512, 377: 666, 378: 428, 379: 72, 380: 310, 381: 44, 382: 282, 383: 72, 384: 310, 385: 142, 386: 380, 387: 114, 388: 352, 389: 30, 390: 268, 391: 792, 392: 554, 393: 652, 394: 414, 395: 156, 396: 394, 397: 792, 398: 554, 399: 778, 400: 540}

Number of labels used: 40
Total time used: 243.46 sec
Memory used: 2106.84 MB
================================
{1: 58, 2: 296, 3: 30, 4: 268, 5: 324, 6: 86, 7: 750, 8: 512, 9: 156, 10: 394, 11: 282, 12: 44, 13: 128, 14: 366, 15: 694, 16: 456, 17: 792, 18: 554, 19: 142, 20: 380, 21: 792, 22: 554, 23: 72, 24: 310, 25: 142, 26: 380, 27: 16, 28: 254, 29: 128, 30: 366, 31: 58, 32: 296, 33: 86, 34: 324, 35: 666, 36: 428, 37: 778, 38: 540, 39: 708, 40: 470, 41: 114, 42: 352, 43: 764, 44: 526, 45: 86, 46: 324, 47: 792, 48: 554, 49: 30, 50: 268, 51: 366, 52: 128, 53: 680, 54: 442, 55: 666, 56: 428, 57: 16, 58: 254, 59: 58, 60: 296, 61: 128, 62: 366, 63: 680, 64: 442, 65: 30, 66: 268, 67: 58, 68: 296, 69: 142, 70: 380, 71: 680, 72: 442, 73: 750, 74: 512, 75: 156, 76: 394, 77: 156, 78: 394, 79: 750, 80: 512, 81: 694, 82: 456, 83: 16, 84: 254, 85: 58, 86: 296, 87: 16, 88: 254, 89: 778, 90: 540, 91: 16, 92: 254, 93: 114, 94: 352, 95: 268, 96: 30, 97: 666, 98: 428, 99: 142, 100: 380, 101: 792, 102: 554, 103: 16, 104: 254, 105: 86, 106: 324, 107: 128, 108: 366, 109: 72, 110: 310, 111: 156, 112: 394, 113: 114, 114: 352, 115: 142, 116: 380, 117: 778, 118: 540, 119: 86, 120: 324, 121: 694, 122: 456, 123: 680, 124: 442, 125: 156, 126: 394, 127: 778, 128: 540, 129: 44, 130: 282, 131: 736, 132: 498, 133: 30, 134: 268, 135: 694, 136: 456, 137: 86, 138: 324, 139: 156, 140: 394, 141: 156, 142: 394, 143: 72, 144: 310, 145: 30, 146: 268, 147: 778, 148: 540, 149: 44, 150: 282, 151: 750, 152: 512, 153: 778, 154: 540, 155: 156, 156: 394, 157: 652, 158: 414, 159: 86, 160: 324, 161: 128, 162: 366, 163: 16, 164: 254, 165: 58, 166: 296, 167: 44, 168: 282, 169: 58, 170: 296, 171: 156, 172: 394, 173: 114, 174: 352, 175: 694, 176: 456, 177: 666, 178: 428, 179: 708, 180: 470, 181: 58, 182: 296, 183: 16, 184: 254, 185: 86, 186: 324, 187: 764, 188: 526, 189: 778, 190: 540, 191: 666, 192: 428, 193: 128, 194: 366, 195: 750, 196: 512, 197: 764, 198: 526, 199: 666, 200: 428, 201: 694, 202: 456, 203: 778, 204: 540, 205: 764, 206: 526, 207: 708, 208: 470, 209: 72, 210: 310, 211: 16, 212: 254, 213: 680, 214: 442, 215: 114, 216: 352, 217: 708, 218: 470, 219: 652, 220: 414, 221: 750, 222: 512, 223: 114, 224: 352, 225: 680, 226: 442, 227: 128, 228: 366, 229: 44, 230: 282, 231: 30, 232: 268, 233: 708, 234: 470, 235: 680, 236: 442, 237: 750, 238: 512, 239: 86, 240: 324, 241: 792, 242: 554, 243: 58, 244: 296, 245: 58, 246: 296, 247: 72, 248: 310, 249: 44, 250: 282, 251: 156, 252: 394, 253: 736, 254: 498, 255: 156, 256: 394, 257: 708, 258: 470, 259: 86, 260: 324, 261: 792, 262: 554, 263: 30, 264: 268, 265: 114, 266: 352, 267: 30, 268: 268, 269: 666, 270: 428, 271: 58, 272: 296, 273: 86, 274: 324, 275: 652, 276: 414, 277: 86, 278: 324, 279: 792, 280: 554, 281: 156, 282: 394, 283: 694, 284: 456, 285: 58, 286: 296, 287: 652, 288: 414, 289: 750, 290: 512, 291: 652, 292: 414, 293: 142, 294: 380, 295: 16, 296: 254, 297: 694, 298: 456, 299: 778, 300: 540, 301: 708, 302: 470, 303: 86, 304: 324, 305: 44, 306: 282, 307: 666, 308: 428, 309: 764, 310: 526, 311: 58, 312: 296, 313: 428, 314: 666, 315: 666, 316: 428, 317: 16, 318: 254, 319: 778, 320: 540, 321: 86, 322: 324, 323: 156, 324: 394, 325: 86, 326: 324, 327: 156, 328: 394, 329: 694, 330: 456, 331: 764, 332: 526, 333: 142, 334: 380, 335: 666, 336: 428, 337: 750, 338: 512, 339: 708, 340: 470, 341: 778, 342: 540, 343: 694, 344: 456, 345: 16, 346: 254, 347: 30, 348: 268, 349: 156, 350: 394, 351: 30, 352: 268, 353: 736, 354: 498, 355: 778, 356: 540, 357: 16, 358: 254, 359: 72, 360: 310, 361: 764, 362: 526, 363: 86, 364: 324, 365: 72, 366: 310, 367: 736, 368: 498, 369: 16, 370: 254, 371: 30, 372: 268, 373: 30, 374: 268, 375: 750, 376: 512, 377: 666, 378: 428, 379: 72, 380: 310, 381: 44, 382: 282, 383: 72, 384: 310, 385: 142, 386: 380, 387: 114, 388: 352, 389: 30, 390: 268, 391: 792, 392: 554, 393: 652, 394: 414, 395: 156, 396: 394, 397: 792, 398: 554, 399: 778, 400: 540}

Number of labels used: 40
Total time used: 243.47 sec
Memory used: 2106.85 MB
================================
[runlim] sample:		969.1 time, 250.1 real, 2224.9 MB
[runlim] sample:		1009.0 time, 260.1 real, 2332.7 MB
[runlim] sample:		1049.2 time, 270.1 real, 2437.1 MB
[runlim] sample:		1089.4 time, 280.1 real, 2207.2 MB
[runlim] sample:		1129.2 time, 290.1 real, 2207.3 MB
[runlim] sample:		1159.6 time, 300.1 real, 2207.3 MB
[runlim] sample:		1195.1 time, 310.1 real, 2207.3 MB
[runlim] sample:		1235.3 time, 320.1 real, 2207.3 MB
[runlim] sample:		1275.5 time, 330.1 real, 2207.3 MB
[runlim] sample:		1315.7 time, 340.1 real, 2264.5 MB
[runlim] sample:		1355.9 time, 350.1 real, 2229.7 MB
[runlim] sample:		1396.0 time, 360.1 real, 2207.5 MB
[runlim] sample:		1436.3 time, 370.1 real, 2217.7 MB
[runlim] sample:		1469.5 time, 380.1 real, 2223.3 MB
[runlim] sample:		1499.9 time, 390.1 real, 2222.8 MB
[runlim] sample:		1530.2 time, 400.1 real, 2223.3 MB
[runlim] sample:		1560.5 time, 410.1 real, 2273.8 MB
[runlim] sample:		1580.5 time, 420.1 real, 2222.9 MB
[runlim] sample:		1599.2 time, 430.1 real, 2229.4 MB
[runlim] sample:		1640.8 time, 440.1 real, 2281.5 MB
[runlim] sample:		1700.8 time, 450.1 real, 2283.5 MB
[runlim] sample:		1756.8 time, 460.1 real, 2305.2 MB
[runlim] sample:		1816.8 time, 470.1 real, 2305.3 MB
[runlim] sample:		1876.8 time, 480.1 real, 2305.5 MB
[runlim] sample:		1920.4 time, 490.1 real, 2312.5 MB
[runlim] sample:		1980.5 time, 500.1 real, 2368.7 MB
[runlim] sample:		2040.5 time, 510.1 real, 2351.4 MB
[runlim] sample:		2100.5 time, 520.1 real, 2353.9 MB
[runlim] sample:		2158.3 time, 530.1 real, 2362.0 MB
[runlim] sample:		2185.4 time, 540.1 real, 2359.0 MB
{1: 58, 2: 296, 3: 30, 4: 268, 5: 324, 6: 86, 7: 44, 8: 282, 9: 652, 10: 414, 11: 282, 12: 44, 13: 750, 14: 512, 15: 694, 16: 456, 17: 30, 18: 268, 19: 142, 20: 380, 21: 792, 22: 554, 23: 72, 24: 310, 25: 142, 26: 380, 27: 72, 28: 310, 29: 128, 30: 366, 31: 58, 32: 296, 33: 778, 34: 540, 35: 44, 36: 282, 37: 778, 38: 540, 39: 708, 40: 470, 41: 680, 42: 442, 43: 778, 44: 540, 45: 666, 46: 428, 47: 44, 48: 282, 49: 86, 50: 324, 51: 366, 52: 128, 53: 680, 54: 442, 55: 666, 56: 428, 57: 16, 58: 254, 59: 58, 60: 296, 61: 72, 62: 310, 63: 680, 64: 442, 65: 30, 66: 268, 67: 58, 68: 296, 69: 666, 70: 428, 71: 680, 72: 442, 73: 44, 74: 282, 75: 156, 76: 394, 77: 156, 78: 394, 79: 750, 80: 512, 81: 694, 82: 456, 83: 16, 84: 254, 85: 778, 86: 540, 87: 16, 88: 254, 89: 778, 90: 540, 91: 16, 92: 254, 93: 114, 94: 352, 95: 268, 96: 30, 97: 666, 98: 428, 99: 142, 100: 380, 101: 16, 102: 254, 103: 16, 104: 254, 105: 86, 106: 324, 107: 156, 108: 394, 109: 778, 110: 540, 111: 156, 112: 394, 113: 114, 114: 352, 115: 142, 116: 380, 117: 778, 118: 540, 119: 86, 120: 324, 121: 708, 122: 470, 123: 680, 124: 442, 125: 156, 126: 394, 127: 778, 128: 540, 129: 44, 130: 282, 131: 58, 132: 296, 133: 30, 134: 268, 135: 694, 136: 456, 137: 86, 138: 324, 139: 156, 140: 394, 141: 30, 142: 268, 143: 778, 144: 540, 145: 30, 146: 268, 147: 16, 148: 254, 149: 44, 150: 282, 151: 750, 152: 512, 153: 16, 154: 254, 155: 156, 156: 394, 157: 652, 158: 414, 159: 86, 160: 324, 161: 128, 162: 366, 163: 16, 164: 254, 165: 750, 166: 512, 167: 44, 168: 282, 169: 156, 170: 394, 171: 736, 172: 498, 173: 114, 174: 352, 175: 694, 176: 456, 177: 16, 178: 254, 179: 708, 180: 470, 181: 58, 182: 296, 183: 16, 184: 254, 185: 86, 186: 324, 187: 30, 188: 268, 189: 16, 190: 254, 191: 666, 192: 428, 193: 128, 194: 366, 195: 750, 196: 512, 197: 30, 198: 268, 199: 142, 200: 380, 201: 694, 202: 456, 203: 778, 204: 540, 205: 58, 206: 296, 207: 708, 208: 470, 209: 72, 210: 310, 211: 666, 212: 428, 213: 114, 214: 352, 215: 114, 216: 352, 217: 114, 218: 352, 219: 652, 220: 414, 221: 750, 222: 512, 223: 114, 224: 352, 225: 680, 226: 442, 227: 128, 228: 366, 229: 44, 230: 282, 231: 30, 232: 268, 233: 708, 234: 470, 235: 680, 236: 442, 237: 750, 238: 512, 239: 86, 240: 324, 241: 16, 242: 254, 243: 58, 244: 296, 245: 16, 246: 254, 247: 736, 248: 498, 249: 44, 250: 282, 251: 156, 252: 394, 253: 736, 254: 498, 255: 156, 256: 394, 257: 708, 258: 470, 259: 114, 260: 352, 261: 16, 262: 254, 263: 778, 264: 540, 265: 708, 266: 470, 267: 156, 268: 394, 269: 156, 270: 394, 271: 58, 272: 296, 273: 86, 274: 324, 275: 652, 276: 414, 277: 86, 278: 324, 279: 792, 280: 554, 281: 156, 282: 394, 283: 694, 284: 456, 285: 736, 286: 498, 287: 652, 288: 414, 289: 736, 290: 498, 291: 652, 292: 414, 293: 142, 294: 380, 295: 16, 296: 254, 297: 694, 298: 456, 299: 778, 300: 540, 301: 114, 302: 352, 303: 708, 304: 470, 305: 72, 306: 310, 307: 142, 308: 380, 309: 44, 310: 282, 311: 58, 312: 296, 313: 128, 314: 366, 315: 128, 316: 366, 317: 778, 318: 540, 319: 778, 320: 540, 321: 86, 322: 324, 323: 156, 324: 394, 325: 86, 326: 324, 327: 156, 328: 394, 329: 694, 330: 456, 331: 30, 332: 268, 333: 142, 334: 380, 335: 666, 336: 428, 337: 750, 338: 512, 339: 708, 340: 470, 341: 778, 342: 540, 343: 128, 344: 366, 345: 792, 346: 554, 347: 30, 348: 268, 349: 156, 350: 394, 351: 30, 352: 268, 353: 736, 354: 498, 355: 778, 356: 540, 357: 792, 358: 554, 359: 72, 360: 310, 361: 44, 362: 282, 363: 86, 364: 324, 365: 72, 366: 310, 367: 736, 368: 498, 369: 16, 370: 254, 371: 30, 372: 268, 373: 30, 374: 268, 375: 44, 376: 282, 377: 128, 378: 366, 379: 142, 380: 380, 381: 44, 382: 282, 383: 72, 384: 310, 385: 750, 386: 512, 387: 114, 388: 352, 389: 778, 390: 540, 391: 16, 392: 254, 393: 652, 394: 414, 395: 156, 396: 394, 397: 16, 398: 254, 399: 778, 400: 540}

Number of labels used: 38
Total time used: 547.84 sec
Memory used: 2356.01 MB
================================
{1: 736, 2: 498, 3: 30, 4: 268, 5: 708, 6: 470, 7: 44, 8: 282, 9: 156, 10: 394, 11: 156, 12: 394, 13: 666, 14: 428, 15: 694, 16: 456, 17: 16, 18: 254, 19: 142, 20: 380, 21: 792, 22: 554, 23: 30, 24: 268, 25: 142, 26: 380, 27: 72, 28: 310, 29: 128, 30: 366, 31: 736, 32: 498, 33: 652, 34: 414, 35: 666, 36: 428, 37: 778, 38: 540, 39: 708, 40: 470, 41: 114, 42: 352, 43: 764, 44: 526, 45: 666, 46: 428, 47: 792, 48: 554, 49: 58, 50: 296, 51: 366, 52: 128, 53: 114, 54: 352, 55: 142, 56: 380, 57: 16, 58: 254, 59: 58, 60: 296, 61: 666, 62: 428, 63: 128, 64: 366, 65: 30, 66: 268, 67: 58, 68: 296, 69: 142, 70: 380, 71: 680, 72: 442, 73: 58, 74: 296, 75: 114, 76: 352, 77: 156, 78: 394, 79: 764, 80: 526, 81: 16, 82: 254, 83: 778, 84: 540, 85: 58, 86: 296, 87: 16, 88: 254, 89: 792, 90: 554, 91: 16, 92: 254, 93: 680, 94: 442, 95: 268, 96: 30, 97: 666, 98: 428, 99: 142, 100: 380, 101: 16, 102: 254, 103: 792, 104: 554, 105: 86, 106: 324, 107: 666, 108: 428, 109: 680, 110: 442, 111: 156, 112: 394, 113: 694, 114: 456, 115: 142, 116: 380, 117: 778, 118: 540, 119: 114, 120: 352, 121: 694, 122: 456, 123: 680, 124: 442, 125: 156, 126: 394, 127: 778, 128: 540, 129: 44, 130: 282, 131: 764, 132: 526, 133: 58, 134: 296, 135: 694, 136: 456, 137: 86, 138: 324, 139: 156, 140: 394, 141: 156, 142: 394, 143: 764, 144: 526, 145: 764, 146: 526, 147: 778, 148: 540, 149: 44, 150: 282, 151: 58, 152: 296, 153: 778, 154: 540, 155: 156, 156: 394, 157: 652, 158: 414, 159: 86, 160: 324, 161: 128, 162: 366, 163: 16, 164: 254, 165: 58, 166: 296, 167: 44, 168: 282, 169: 114, 170: 352, 171: 156, 172: 394, 173: 114, 174: 352, 175: 694, 176: 456, 177: 736, 178: 498, 179: 708, 180: 470, 181: 58, 182: 296, 183: 16, 184: 254, 185: 708, 186: 470, 187: 30, 188: 268, 189: 792, 190: 554, 191: 666, 192: 428, 193: 142, 194: 380, 195: 736, 196: 498, 197: 764, 198: 526, 199: 666, 200: 428, 201: 708, 202: 470, 203: 778, 204: 540, 205: 778, 206: 540, 207: 708, 208: 470, 209: 72, 210: 310, 211: 30, 212: 268, 213: 680, 214: 442, 215: 114, 216: 352, 217: 114, 218: 352, 219: 156, 220: 394, 221: 736, 222: 498, 223: 114, 224: 352, 225: 680, 226: 442, 227: 128, 228: 366, 229: 764, 230: 526, 231: 30, 232: 268, 233: 708, 234: 470, 235: 778, 236: 540, 237: 44, 238: 282, 239: 86, 240: 324, 241: 792, 242: 554, 243: 58, 244: 296, 245: 58, 246: 296, 247: 72, 248: 310, 249: 778, 250: 540, 251: 156, 252: 394, 253: 736, 254: 498, 255: 156, 256: 394, 257: 708, 258: 470, 259: 86, 260: 324, 261: 792, 262: 554, 263: 30, 264: 268, 265: 72, 266: 310, 267: 44, 268: 282, 269: 156, 270: 394, 271: 736, 272: 498, 273: 86, 274: 324, 275: 792, 276: 554, 277: 86, 278: 324, 279: 792, 280: 554, 281: 156, 282: 394, 283: 708, 284: 470, 285: 58, 286: 296, 287: 156, 288: 394, 289: 72, 290: 310, 291: 156, 292: 394, 293: 142, 294: 380, 295: 16, 296: 254, 297: 114, 298: 352, 299: 778, 300: 540, 301: 114, 302: 352, 303: 86, 304: 324, 305: 72, 306: 310, 307: 666, 308: 428, 309: 44, 310: 282, 311: 736, 312: 498, 313: 128, 314: 366, 315: 128, 316: 366, 317: 16, 318: 254, 319: 16, 320: 254, 321: 86, 322: 324, 323: 156, 324: 394, 325: 86, 326: 324, 327: 156, 328: 394, 329: 694, 330: 456, 331: 764, 332: 526, 333: 156, 334: 394, 335: 142, 336: 380, 337: 58, 338: 296, 339: 708, 340: 470, 341: 666, 342: 428, 343: 708, 344: 470, 345: 16, 346: 254, 347: 30, 348: 268, 349: 156, 350: 394, 351: 778, 352: 540, 353: 58, 354: 296, 355: 778, 356: 540, 357: 16, 358: 254, 359: 72, 360: 310, 361: 44, 362: 282, 363: 86, 364: 324, 365: 72, 366: 310, 367: 736, 368: 498, 369: 16, 370: 254, 371: 30, 372: 268, 373: 778, 374: 540, 375: 44, 376: 282, 377: 666, 378: 428, 379: 72, 380: 310, 381: 44, 382: 282, 383: 72, 384: 310, 385: 142, 386: 380, 387: 708, 388: 470, 389: 30, 390: 268, 391: 792, 392: 554, 393: 652, 394: 414, 395: 156, 396: 394, 397: 792, 398: 554, 399: 30, 400: 268}

Number of labels used: 38
Total time used: 547.85 sec
Memory used: 2356.01 MB
================================
{1: 58, 2: 296, 3: 30, 4: 268, 5: 324, 6: 86, 7: 44, 8: 282, 9: 156, 10: 394, 11: 282, 12: 44, 13: 666, 14: 428, 15: 16, 16: 254, 17: 16, 18: 254, 19: 142, 20: 380, 21: 792, 22: 554, 23: 72, 24: 310, 25: 142, 26: 380, 27: 156, 28: 394, 29: 680, 30: 442, 31: 58, 32: 296, 33: 58, 34: 296, 35: 666, 36: 428, 37: 778, 38: 540, 39: 708, 40: 470, 41: 680, 42: 442, 43: 750, 44: 512, 45: 86, 46: 324, 47: 764, 48: 526, 49: 708, 50: 470, 51: 366, 52: 128, 53: 680, 54: 442, 55: 666, 56: 428, 57: 16, 58: 254, 59: 58, 60: 296, 61: 666, 62: 428, 63: 128, 64: 366, 65: 764, 66: 526, 67: 58, 68: 296, 69: 778, 70: 540, 71: 680, 72: 442, 73: 778, 74: 540, 75: 156, 76: 394, 77: 156, 78: 394, 79: 750, 80: 512, 81: 694, 82: 456, 83: 16, 84: 254, 85: 58, 86: 296, 87: 16, 88: 254, 89: 778, 90: 540, 91: 16, 92: 254, 93: 680, 94: 442, 95: 268, 96: 30, 97: 666, 98: 428, 99: 142, 100: 380, 101: 16, 102: 254, 103: 16, 104: 254, 105: 86, 106: 324, 107: 142, 108: 380, 109: 30, 110: 268, 111: 156, 112: 394, 113: 694, 114: 456, 115: 652, 116: 414, 117: 16, 118: 254, 119: 86, 120: 324, 121: 694, 122: 456, 123: 680, 124: 442, 125: 652, 126: 414, 127: 778, 128: 540, 129: 44, 130: 282, 131: 44, 132: 282, 133: 30, 134: 268, 135: 694, 136: 456, 137: 86, 138: 324, 139: 156, 140: 394, 141: 156, 142: 394, 143: 72, 144: 310, 145: 764, 146: 526, 147: 778, 148: 540, 149: 44, 150: 282, 151: 58, 152: 296, 153: 778, 154: 540, 155: 156, 156: 394, 157: 72, 158: 310, 159: 86, 160: 324, 161: 128, 162: 366, 163: 16, 164: 254, 165: 58, 166: 296, 167: 44, 168: 282, 169: 58, 170: 296, 171: 156, 172: 394, 173: 666, 174: 428, 175: 694, 176: 456, 177: 16, 178: 254, 179: 708, 180: 470, 181: 58, 182: 296, 183: 16, 184: 254, 185: 708, 186: 470, 187: 764, 188: 526, 189: 16, 190: 254, 191: 666, 192: 428, 193: 128, 194: 366, 195: 750, 196: 512, 197: 764, 198: 526, 199: 666, 200: 428, 201: 694, 202: 456, 203: 778, 204: 540, 205: 764, 206: 526, 207: 708, 208: 470, 209: 72, 210: 310, 211: 666, 212: 428, 213: 680, 214: 442, 215: 778, 216: 540, 217: 694, 218: 456, 219: 652, 220: 414, 221: 750, 222: 512, 223: 694, 224: 456, 225: 680, 226: 442, 227: 128, 228: 366, 229: 44, 230: 282, 231: 30, 232: 268, 233: 708, 234: 470, 235: 680, 236: 442, 237: 750, 238: 512, 239: 86, 240: 324, 241: 792, 242: 554, 243: 58, 244: 296, 245: 764, 246: 526, 247: 72, 248: 310, 249: 44, 250: 282, 251: 156, 252: 394, 253: 58, 254: 296, 255: 156, 256: 394, 257: 708, 258: 470, 259: 128, 260: 366, 261: 16, 262: 254, 263: 764, 264: 526, 265: 708, 266: 470, 267: 254, 268: 16, 269: 156, 270: 394, 271: 58, 272: 296, 273: 86, 274: 324, 275: 652, 276: 414, 277: 86, 278: 324, 279: 792, 280: 554, 281: 156, 282: 394, 283: 792, 284: 554, 285: 58, 286: 296, 287: 156, 288: 394, 289: 72, 290: 310, 291: 156, 292: 394, 293: 142, 294: 380, 295: 16, 296: 254, 297: 694, 298: 456, 299: 778, 300: 540, 301: 708, 302: 470, 303: 708, 304: 470, 305: 58, 306: 296, 307: 666, 308: 428, 309: 764, 310: 526, 311: 58, 312: 296, 313: 128, 314: 366, 315: 666, 316: 428, 317: 16, 318: 254, 319: 778, 320: 540, 321: 86, 322: 324, 323: 156, 324: 394, 325: 86, 326: 324, 327: 156, 328: 394, 329: 694, 330: 456, 331: 30, 332: 268, 333: 666, 334: 428, 335: 666, 336: 428, 337: 750, 338: 512, 339: 708, 340: 470, 341: 128, 342: 366, 343: 694, 344: 456, 345: 792, 346: 554, 347: 30, 348: 268, 349: 156, 350: 394, 351: 778, 352: 540, 353: 30, 354: 268, 355: 778, 356: 540, 357: 16, 358: 254, 359: 72, 360: 310, 361: 764, 362: 526, 363: 86, 364: 324, 365: 72, 366: 310, 367: 72, 368: 310, 369: 16, 370: 254, 371: 30, 372: 268, 373: 778, 374: 540, 375: 44, 376: 282, 377: 666, 378: 428, 379: 72, 380: 310, 381: 44, 382: 282, 383: 72, 384: 310, 385: 142, 386: 380, 387: 708, 388: 470, 389: 778, 390: 540, 391: 16, 392: 254, 393: 652, 394: 414, 395: 156, 396: 394, 397: 792, 398: 554, 399: 778, 400: 540}

Number of labels used: 36
Total time used: 547.86 sec
Memory used: 2356.01 MB
================================
[runlim] sample:		2206.1 time, 550.1 real, 2355.1 MB
[runlim] sample:		2266.2 time, 560.1 real, 2355.1 MB
[runlim] sample:		2326.2 time, 570.1 real, 2355.2 MB
[runlim] sample:		2386.2 time, 580.1 real, 2355.8 MB
[runlim] sample:		2446.2 time, 590.1 real, 2356.0 MB
[runlim] sample:		2499.7 time, 600.1 real, 2356.0 MB
[runlim] end:			Sat Jan 24 18:25:45 2026
[runlim] status:		out of time
[runlim] result:		2
[runlim] children:		0
[runlim] real:			600.20 seconds
[runlim] time:			2499.82 seconds
[runlim] space:			2609.7 MB
[runlim] samples:		6001
