[runlim] version:		1.10
[runlim] time limit:		311040000 seconds
[runlim] real time limit:	600 seconds
[runlim] space limit:		3000 MB
[runlim] argv[0]:		python3
[runlim] argv[1]:		-u
[runlim] argv[2]:		main.py
[runlim] argv[3]:		graph02
[runlim] start:			Tue Dec  9 18:06:27 2025
[runlim] main pid:		44543
Building Gurobi model...
Set parameter WLSAccessID
Set parameter WLSSecret
Set parameter LicenseID to value 2663665
Academic license 2663665 - for non-commercial use only - registered to tu___@vnu.edu.vn
Build time used: 1.85 sec
Solving...
Solve time used: 0.26 sec
Solution
{254, 16, 442, 680, 310, 72, 100, 338, 86, 324, 282, 44, 666, 428, 30, 268, 72, 310, 58, 296, 414, 652, 338, 100, 114, 352, 30, 268, 366, 128, 338, 100, 282, 44, 338, 100, 428, 666, 414, 652, 296, 58, 338, 100, 58, 296, 324, 86, 72, 310, 44, 282, 380, 142, 414, 652, 310, 72, 428, 666, 86, 324, 72, 310, 282, 44, 86, 324, 254, 16, 142, 380, 254, 16, 394, 156, 296, 58, 268, 30, 86, 324, 324, 86, 764, 526, 44, 282, 694, 456, 30, 268, 268, 30, 338, 100, 142, 380, 100, 338, 16, 254, 114, 352, 142, 380, 30, 268, 86, 324, 380, 142, 366, 128, 394, 156, 470, 708, 142, 380, 282, 44, 72, 310, 296, 58, 114, 352, 142, 380, 16, 254, 498, 736, 408, 170, 394, 156, 268, 30, 366, 128, 680, 442, 282, 44, 100, 338, 310, 72, 324, 86, 16, 254, 380, 142, 708, 470, 16, 254, 680, 442, 380, 142, 414, 652, 58, 296, 652, 414, 114, 352, 72, 310, 72, 310, 114, 352, 380, 142, 114, 352, 414, 652, 310, 72, 30, 268, 380, 142, 352, 114, 324, 86, 310, 72, 58, 296, 254, 16, 324, 86, 30, 268, 414, 652, 394, 156, 296, 58, 30, 268, 380, 142, 310, 72, 310, 72, 310, 72, 86, 324, 708, 470, 16, 254, 142, 380, 254, 16, 254, 16, 114, 352, 58, 296, 296, 58, 484, 722, 666, 428, 72, 310, 428, 666, 142, 380, 268, 30, 254, 16, 30, 268, 380, 142, 30, 268, 142, 380, 394, 156, 142, 380, 142, 380, 414, 652, 100, 338, 58, 296, 352, 114, 114, 352, 268, 30, 366, 128, 58, 296, 310, 72, 408, 170, 254, 16, 282, 44, 142, 380, 380, 142, 100, 338, 142, 380, 380, 142, 100, 338, 414, 652, 44, 282, 394, 156, 142, 380, 170, 408, 142, 380, 268, 30, 408, 170, 456, 694, 30, 268, 100, 338, 310, 72, 366, 128, 268, 30, 380, 142, 30, 268, 16, 254, 30, 268, 142, 380, 30, 268, 254, 16, 72, 310, 428, 666, 142, 380, 380, 142, 254, 16, 100, 338, 310, 72, 268, 30, 114, 352, 44, 282, 72, 310, 414, 652, 268, 30, 428, 666, 58, 296, 254, 16, 16, 254, 394, 156, 268, 30, 16, 254, 30, 268, 268, 30, 254, 16, 414, 652, 16, 254, 268, 30, 394, 156, 268, 30}
Labels used: 40
Solution is CORRECT!
Total time used: 2.11 sec
Memory used: 136.55 MB
========================


Trying to find UB = 39...
Build time used: 0.14 sec
Solve time used: 1.17 sec
Solution: 
{792, 554, 380, 142, 268, 30, 792, 554, 652, 414, 414, 652, 652, 414, 254, 16, 554, 792, 792, 554, 540, 778, 414, 652, 380, 142, 652, 414, 708, 470, 792, 554, 554, 792, 414, 652, 414, 652, 414, 652, 16, 254, 30, 268, 352, 114, 792, 554, 414, 652, 114, 352, 170, 408, 254, 16, 792, 554, 470, 708, 652, 414, 30, 268, 778, 540, 778, 540, 254, 16, 142, 380, 414, 652, 470, 708, 414, 652, 792, 554, 352, 114, 30, 268, 708, 470, 352, 114, 114, 352, 792, 554, 540, 778, 16, 254, 268, 30, 114, 352, 554, 792, 792, 554, 652, 414, 352, 114, 414, 652, 30, 268, 540, 778, 16, 254, 352, 114, 170, 408, 380, 142, 414, 652, 540, 778, 380, 142, 170, 408, 254, 16, 708, 470, 380, 142, 380, 142, 352, 114, 792, 554, 470, 708, 554, 792, 554, 792, 414, 652, 792, 554, 778, 540, 170, 408, 254, 16, 16, 254, 114, 352, 142, 380, 414, 652, 778, 540, 142, 380, 708, 470, 142, 380, 254, 16, 778, 540, 408, 170, 142, 380, 470, 708, 380, 142, 554, 792, 170, 408, 470, 708, 652, 414, 540, 778, 268, 30, 254, 16, 254, 16, 30, 268, 30, 268, 470, 708, 254, 16, 30, 268, 170, 408, 470, 708, 16, 254, 470, 708, 652, 414, 792, 554, 16, 254, 170, 408, 470, 708, 792, 554, 470, 708, 540, 778, 540, 778, 380, 142, 792, 554, 470, 708, 352, 114, 170, 408, 30, 268, 254, 16, 554, 792, 380, 142, 652, 414, 408, 170, 16, 254, 170, 408, 170, 408, 30, 268, 708, 470, 114, 352, 540, 778, 352, 114, 778, 540, 268, 30, 352, 114, 778, 540, 170, 408, 554, 792, 114, 352, 170, 408, 170, 408, 142, 380, 170, 408, 408, 170, 554, 792, 540, 778, 792, 554, 792, 554, 170, 408, 142, 380, 170, 408, 792, 554, 408, 170, 352, 114, 254, 16, 470, 708, 142, 380, 352, 114, 268, 30, 414, 652, 540, 778, 142, 380, 652, 414, 170, 408, 114, 352, 16, 254, 114, 352, 114, 352, 408, 170, 408, 170, 16, 254, 652, 414, 778, 540, 470, 708, 16, 254, 778, 540, 708, 470, 16, 254, 268, 30, 16, 254, 142, 380, 254, 16, 414, 652, 792, 554, 414, 652, 16, 254, 792, 554, 30, 268, 708, 470, 16, 254, 16, 254, 470, 708, 352, 114, 268, 30}
Labels used: 18
Solution is CORRECT!
Total time used: 1.23 sec
Memory used: 210.15 MB
========================


Trying to find UB = 17...
Build time used: 0.11 sec
Solve time used: 1.75 sec
Solution: 
{254, 16, 380, 142, 652, 414, 792, 554, 16, 254, 352, 114, 792, 554, 114, 352, 414, 652, 114, 352, 652, 414, 414, 652, 414, 652, 652, 414, 498, 736, 736, 498, 554, 792, 736, 498, 414, 652, 16, 254, 792, 554, 792, 554, 114, 352, 498, 736, 414, 652, 142, 380, 170, 408, 16, 254, 792, 554, 792, 554, 554, 792, 736, 498, 380, 142, 414, 652, 254, 16, 170, 408, 414, 652, 310, 72, 72, 310, 652, 414, 310, 72, 352, 114, 254, 16, 792, 554, 352, 114, 652, 414, 310, 72, 310, 72, 414, 652, 554, 792, 16, 254, 254, 16, 652, 414, 142, 380, 310, 72, 792, 554, 380, 142, 16, 254, 736, 498, 170, 408, 554, 792, 414, 652, 380, 142, 380, 142, 170, 408, 16, 254, 792, 554, 408, 170, 652, 414, 554, 792, 792, 554, 72, 310, 352, 114, 792, 554, 16, 254, 72, 310, 352, 114, 170, 408, 254, 16, 16, 254, 114, 352, 142, 380, 310, 72, 736, 498, 310, 72, 414, 652, 352, 114, 652, 414, 792, 554, 408, 170, 72, 310, 380, 142, 72, 310, 652, 414, 408, 170, 310, 72, 72, 310, 352, 114, 792, 554, 254, 16, 554, 792, 352, 114, 310, 72, 792, 554, 254, 16, 72, 310, 170, 408, 310, 72, 114, 352, 72, 310, 652, 414, 736, 498, 554, 792, 170, 408, 554, 792, 792, 554, 498, 736, 352, 114, 736, 498, 380, 142, 736, 498, 72, 310, 352, 114, 170, 408, 498, 736, 254, 16, 792, 554, 380, 142, 310, 72, 408, 170, 16, 254, 170, 408, 170, 408, 310, 72, 114, 352, 652, 414, 142, 380, 652, 414, 114, 352, 736, 498, 114, 352, 114, 352, 170, 408, 792, 554, 380, 142, 142, 380, 408, 170, 380, 142, 170, 408, 408, 170, 652, 414, 142, 380, 498, 736, 554, 792, 170, 408, 142, 380, 170, 408, 792, 554, 408, 170, 352, 114, 254, 16, 142, 380, 254, 16, 352, 114, 72, 310, 380, 142, 498, 736, 554, 792, 554, 792, 170, 408, 554, 792, 792, 554, 72, 310, 114, 352, 170, 408, 408, 170, 254, 16, 554, 792, 16, 254, 72, 310, 72, 310, 652, 414, 114, 352, 16, 254, 652, 414, 16, 254, 72, 310, 254, 16, 16, 254, 652, 414, 736, 498, 652, 414, 792, 554, 310, 72, 16, 254, 16, 254, 254, 16, 72, 310, 352, 114, 498, 736}
Labels used: 16
Solution is CORRECT!
Total time used: 1.81 sec
Memory used: 382.10 MB
========================


Trying to find UB = 15...
Build time used: 0.11 sec
Solve time used: 3.94 sec
Solution: 
{16, 254, 268, 30, 498, 736, 268, 30, 414, 652, 114, 352, 268, 30, 736, 498, 16, 254, 254, 16, 652, 414, 414, 652, 792, 554, 652, 414, 498, 736, 554, 792, 554, 792, 114, 352, 652, 414, 554, 792, 736, 498, 498, 736, 352, 114, 414, 652, 736, 498, 736, 498, 170, 408, 554, 792, 792, 554, 652, 414, 652, 414, 736, 498, 268, 30, 352, 114, 16, 254, 170, 408, 554, 792, 736, 498, 414, 652, 792, 554, 352, 114, 792, 554, 554, 792, 652, 414, 414, 652, 792, 554, 736, 498, 16, 254, 736, 498, 554, 792, 16, 254, 792, 554, 414, 652, 114, 352, 498, 736, 792, 554, 352, 114, 498, 736, 792, 554, 170, 408, 652, 414, 414, 652, 30, 268, 498, 736, 170, 408, 254, 16, 30, 268, 408, 170, 414, 652, 792, 554, 30, 268, 30, 268, 554, 792, 414, 652, 414, 652, 254, 16, 114, 352, 170, 408, 498, 736, 736, 498, 498, 736, 408, 170, 254, 16, 30, 268, 554, 792, 30, 268, 30, 268, 554, 792, 792, 554, 408, 170, 736, 498, 352, 114, 30, 268, 652, 414, 408, 170, 554, 792, 736, 498, 498, 736, 554, 792, 254, 16, 414, 652, 30, 268, 254, 16, 792, 554, 16, 254, 30, 268, 170, 408, 254, 16, 352, 114, 652, 414, 652, 414, 30, 268, 254, 16, 170, 408, 254, 16, 16, 254, 114, 352, 30, 268, 352, 114, 16, 254, 30, 268, 792, 554, 498, 736, 170, 408, 736, 498, 414, 652, 268, 30, 170, 408, 498, 736, 170, 408, 16, 254, 170, 408, 170, 408, 254, 16, 114, 352, 736, 498, 268, 30, 652, 414, 30, 268, 114, 352, 352, 114, 114, 352, 170, 408, 254, 16, 16, 254, 170, 408, 170, 408, 30, 268, 170, 408, 170, 408, 736, 498, 254, 16, 736, 498, 414, 652, 408, 170, 170, 408, 170, 408, 792, 554, 408, 170, 114, 352, 792, 554, 554, 792, 352, 114, 792, 554, 268, 30, 414, 652, 268, 30, 414, 652, 498, 736, 170, 408, 554, 792, 114, 352, 736, 498, 498, 736, 170, 408, 408, 170, 414, 652, 652, 414, 16, 254, 352, 114, 554, 792, 652, 414, 498, 736, 254, 16, 792, 554, 652, 414, 498, 736, 352, 114, 352, 114, 414, 652, 414, 652, 352, 114, 30, 268, 352, 114, 792, 554, 30, 268, 30, 268, 30, 268, 736, 498, 268, 30}
Labels used: 14
Solution is CORRECT!
Total time used: 4.00 sec
Memory used: 537.59 MB
========================


Trying to find UB = 13...
Build time used: 0.12 sec
[runlim] sample:		19.6 time, 10.9 real, 575.5 MB
Solve time used: 1.34 sec
No better solution found.
[runlim] end:			Tue Dec  9 18:06:38 2025
[runlim] status:		ok
[runlim] result:		0
[runlim] children:		0
[runlim] real:			11.57 seconds
[runlim] time:			20.19 seconds
[runlim] space:			576.0 MB
[runlim] samples:		106
