[runlim] version:		1.10
[runlim] time limit:		311040000 seconds
[runlim] real time limit:	600 seconds
[runlim] space limit:		14000 MB
[runlim] argv[0]:		python3
[runlim] argv[1]:		-u
[runlim] argv[2]:		main.py
[runlim] argv[3]:		graph07
[runlim] start:			Wed Jan 21 00:25:47 2026
[runlim] main pid:		24178
Building Gurobi model...
Set parameter WLSAccessID
Set parameter WLSSecret
Set parameter LicenseID to value 2663665
Academic license 2663665 - for non-commercial use only - registered to tu___@vnu.edu.vn
Build time used: 0.57 sec
Solving...
No solution found.
Total time used: 0.59 sec
Memory used: 65.06 MB
[runlim] end:			Wed Jan 21 00:25:48 2026
[runlim] status:		ok
[runlim] result:		0
[runlim] children:		0
[runlim] real:			1.51 seconds
[runlim] time:			0.55 seconds
[runlim] space:			51.9 MB
[runlim] samples:		6
