[runlim] version:		1.10
[runlim] time limit:		311040000 seconds
[runlim] real time limit:	600 seconds
[runlim] space limit:		14000 MB
[runlim] argv[0]:		python3
[runlim] argv[1]:		-u
[runlim] argv[2]:		main.py
[runlim] argv[3]:		scen04
[runlim] start:			Sat Jan 24 18:04:34 2026
[runlim] main pid:		16902
Building Gurobi model...
Set parameter WLSAccessID
Set parameter WLSSecret
Set parameter LicenseID to value 2663665
Academic license 2663665 - for non-commercial use only - registered to tu___@vnu.edu.vn
Build time used: 0.14 sec
Solving...
{1: 708, 2: 470, 7: 268, 8: 30, 9: 750, 10: 512, 13: 16, 14: 254, 15: 16, 16: 254, 21: 268, 22: 30, 23: 128, 24: 366, 25: 750, 26: 512, 27: 16, 28: 254, 49: 366, 50: 128, 51: 778, 52: 540, 53: 442, 54: 680, 67: 16, 68: 254, 69: 652, 70: 414, 71: 526, 72: 764, 79: 296, 80: 58, 81: 554, 82: 792, 83: 128, 84: 366, 85: 30, 86: 268, 87: 30, 88: 268, 91: 708, 92: 470, 93: 156, 94: 394, 95: 652, 96: 414, 97: 86, 98: 324, 103: 380, 104: 142, 105: 30, 106: 268, 107: 778, 108: 540, 117: 72, 118: 310, 119: 156, 120: 394, 127: 156, 128: 394, 129: 540, 130: 778, 143: 142, 144: 380, 145: 394, 146: 156, 151: 722, 152: 484, 153: 554, 154: 792, 155: 296, 156: 58, 157: 652, 158: 414, 163: 554, 164: 792, 165: 554, 166: 792, 171: 142, 172: 380, 179: 114, 180: 352, 181: 142, 182: 380, 183: 44, 184: 282, 185: 652, 186: 414, 187: 526, 188: 764, 191: 296, 192: 58, 193: 156, 194: 394, 195: 86, 196: 324, 197: 470, 198: 708, 199: 296, 200: 58, 205: 526, 206: 764, 209: 652, 210: 414, 211: 268, 212: 30, 213: 526, 214: 764, 215: 470, 216: 708, 217: 86, 218: 324, 219: 324, 220: 86, 229: 792, 230: 554, 233: 268, 234: 30, 235: 142, 236: 380, 237: 764, 238: 526, 255: 114, 256: 352, 259: 72, 260: 310, 261: 694, 262: 456, 263: 414, 264: 652, 265: 764, 266: 526, 267: 652, 268: 414, 269: 30, 270: 268, 271: 310, 272: 72, 273: 792, 274: 554, 275: 72, 276: 310, 277: 72, 278: 310, 279: 498, 280: 736, 281: 792, 282: 554, 283: 554, 284: 792, 285: 394, 286: 156, 287: 736, 288: 498, 289: 414, 290: 652, 291: 512, 292: 750, 293: 170, 294: 408, 295: 554, 296: 792, 297: 30, 298: 268, 299: 540, 300: 778, 301: 380, 302: 142, 303: 44, 304: 282, 305: 456, 306: 694, 307: 792, 308: 554, 309: 394, 310: 156, 311: 708, 312: 470, 313: 484, 314: 722, 317: 666, 318: 428, 319: 254, 320: 16, 321: 394, 322: 156, 323: 254, 324: 16, 325: 156, 326: 394, 327: 156, 328: 394, 329: 380, 330: 142, 331: 366, 332: 128, 333: 750, 334: 512, 335: 792, 336: 554, 337: 512, 338: 750, 339: 764, 340: 526, 341: 526, 342: 764, 343: 540, 344: 778, 345: 394, 346: 156, 347: 114, 348: 352, 349: 456, 350: 694, 351: 44, 352: 282, 353: 44, 354: 282, 355: 58, 356: 296, 357: 526, 358: 764, 359: 282, 360: 44, 361: 380, 362: 142, 363: 498, 364: 736, 365: 366, 366: 128, 367: 428, 368: 666, 369: 764, 370: 526, 371: 282, 372: 44, 373: 750, 374: 512, 375: 694, 376: 456, 377: 778, 378: 540, 379: 540, 380: 778, 381: 30, 382: 268, 383: 352, 384: 114, 385: 338, 386: 100, 387: 428, 388: 666, 389: 268, 390: 30, 391: 694, 392: 456, 393: 128, 394: 366, 395: 778, 396: 540, 397: 366, 398: 128, 399: 708, 400: 470, 401: 442, 402: 680, 403: 282, 404: 44, 405: 456, 406: 694, 409: 296, 410: 58, 411: 498, 412: 736, 413: 352, 414: 114, 415: 540, 416: 778, 417: 680, 418: 442, 419: 338, 420: 100, 435: 114, 436: 352, 439: 442, 440: 680, 441: 750, 442: 512, 443: 666, 444: 428, 449: 778, 450: 540, 451: 156, 452: 394, 455: 652, 456: 414, 457: 680, 458: 442, 459: 44, 460: 282, 461: 352, 462: 114, 463: 540, 464: 778, 465: 282, 466: 44, 467: 142, 468: 380, 469: 470, 470: 708, 471: 310, 472: 72, 473: 778, 474: 540, 475: 456, 476: 694, 477: 540, 478: 778, 479: 484, 480: 722, 481: 540, 482: 778, 485: 666, 486: 428, 489: 540, 490: 778, 491: 540, 492: 778, 493: 680, 494: 442, 495: 30, 496: 268, 515: 380, 516: 142, 517: 128, 518: 366, 519: 352, 520: 114, 523: 352, 524: 114, 525: 722, 526: 484, 527: 296, 528: 58, 529: 366, 530: 128, 533: 254, 534: 16, 535: 498, 536: 736, 537: 708, 538: 470, 539: 792, 540: 554, 541: 338, 542: 100, 543: 414, 544: 652, 545: 338, 546: 100, 547: 310, 548: 72, 549: 58, 550: 296, 551: 156, 552: 394, 553: 666, 554: 428, 555: 380, 556: 142, 557: 456, 558: 694, 559: 282, 560: 44, 561: 366, 562: 128, 563: 142, 564: 380, 565: 694, 566: 456, 567: 338, 568: 100, 569: 778, 570: 540, 571: 44, 572: 282, 573: 428, 574: 666, 575: 722, 576: 484, 577: 792, 578: 554, 579: 428, 580: 666, 581: 554, 582: 792, 583: 680, 584: 442, 585: 764, 586: 526, 587: 394, 588: 156, 589: 736, 590: 498, 591: 764, 592: 526, 593: 128, 594: 366, 595: 352, 596: 114, 597: 526, 598: 764, 599: 540, 600: 778, 601: 778, 602: 540, 603: 114, 604: 352, 605: 680, 606: 442, 607: 540, 608: 778, 609: 526, 610: 764, 611: 128, 612: 366, 613: 540, 614: 778, 615: 470, 616: 708, 617: 30, 618: 268, 619: 142, 620: 380, 621: 778, 622: 540, 623: 484, 624: 722, 625: 366, 626: 128, 627: 268, 628: 30, 629: 666, 630: 428, 631: 44, 632: 282, 633: 428, 634: 666, 635: 128, 636: 366, 637: 268, 638: 30, 639: 310, 640: 72, 641: 44, 642: 282, 643: 86, 644: 324, 645: 338, 646: 100, 651: 512, 652: 750, 653: 442, 654: 680, 661: 750, 662: 512, 663: 338, 664: 100, 665: 16, 666: 254, 667: 394, 668: 156, 671: 394, 672: 156, 677: 526, 678: 764, 679: 72, 680: 310, 681: 764, 682: 526, 683: 268, 684: 30, 685: 680, 686: 442, 687: 498, 688: 736, 689: 128, 690: 366, 691: 778, 692: 540, 693: 86, 694: 324, 703: 498, 704: 736, 705: 100, 706: 338, 711: 722, 712: 484, 713: 72, 714: 310, 715: 156, 716: 394, 717: 72, 718: 310, 719: 72, 720: 310, 721: 708, 722: 470, 723: 394, 724: 156, 725: 792, 726: 554, 727: 764, 728: 526, 729: 540, 730: 778, 731: 540, 732: 778, 733: 736, 734: 498, 735: 470, 736: 708, 737: 296, 738: 58, 739: 666, 740: 428, 741: 792, 742: 554, 743: 44, 744: 282, 745: 72, 746: 310, 747: 722, 748: 484, 749: 268, 750: 30, 751: 114, 752: 352, 753: 540, 754: 778, 755: 442, 756: 680, 757: 540, 758: 778, 759: 268, 760: 30, 761: 44, 762: 282, 763: 540, 764: 778, 765: 652, 766: 414, 767: 324, 768: 86, 769: 680, 770: 442, 771: 394, 772: 156, 773: 652, 774: 414, 775: 282, 776: 44, 783: 282, 784: 44, 785: 72, 786: 310, 787: 44, 788: 282, 789: 750, 790: 512, 791: 268, 792: 30, 793: 540, 794: 778, 795: 666, 796: 428, 797: 268, 798: 30, 799: 708, 800: 470, 801: 778, 802: 540, 803: 540, 804: 778, 805: 456, 806: 694, 807: 114, 808: 352, 809: 254, 810: 16, 811: 540, 812: 778, 813: 142, 814: 380, 815: 470, 816: 708, 817: 324, 818: 86, 819: 666, 820: 428, 821: 778, 822: 540, 823: 282, 824: 44, 825: 512, 826: 750, 827: 16, 828: 254, 829: 254, 830: 16, 833: 540, 834: 778, 835: 114, 836: 352, 837: 526, 838: 764, 839: 554, 840: 792, 841: 254, 842: 16, 843: 792, 844: 554, 845: 254, 846: 16, 847: 442, 848: 680, 849: 456, 850: 694, 859: 778, 860: 540, 861: 792, 862: 554, 863: 442, 864: 680, 865: 338, 866: 100, 867: 428, 868: 666, 869: 114, 870: 352, 871: 554, 872: 792, 875: 128, 876: 366, 877: 764, 878: 526, 879: 526, 880: 764, 881: 86, 882: 324, 883: 72, 884: 310, 885: 268, 886: 30, 887: 666, 888: 428, 889: 442, 890: 680, 891: 540, 892: 778, 893: 30, 894: 268, 895: 324, 896: 86, 897: 380, 898: 142, 899: 30, 900: 268, 901: 736, 902: 498, 903: 16, 904: 254, 905: 254, 906: 16, 911: 268, 912: 30, 913: 540, 914: 778, 915: 114, 916: 352}

Number of labels used: 46
Total time used: 0.16 sec
Memory used: 38.36 MB
================================
[runlim] end:			Sat Jan 24 18:04:34 2026
[runlim] status:		ok
[runlim] result:		0
[runlim] children:		0
[runlim] real:			0.37 seconds
[runlim] time:			0.19 seconds
[runlim] space:			38.3 MB
[runlim] samples:		2
