[runlim] version:		1.10
[runlim] time limit:		311040000 seconds
[runlim] real time limit:	600 seconds
[runlim] space limit:		14000 MB
[runlim] argv[0]:		python3
[runlim] argv[1]:		-u
[runlim] argv[2]:		main.py
[runlim] argv[3]:		scen05
[runlim] start:			Sat Jan 24 18:36:00 2026
[runlim] main pid:		31175
Building Gurobi model...
Set parameter WLSAccessID
Set parameter WLSSecret
Set parameter LicenseID to value 2663665
Academic license 2663665 - for non-commercial use only - registered to tu___@vnu.edu.vn
Build time used: 2.93 sec
Solving...
{13: 156, 14: 394, 15: 156, 16: 394, 53: 16, 54: 254, 71: 58, 72: 296, 79: 428, 80: 666, 81: 254, 82: 16, 83: 128, 84: 366, 85: 428, 86: 666, 117: 792, 118: 554, 119: 554, 120: 792, 127: 16, 128: 254, 129: 708, 130: 470, 143: 666, 144: 428, 145: 442, 146: 680, 151: 72, 152: 310, 153: 428, 154: 666, 163: 156, 164: 394, 165: 792, 166: 554, 179: 44, 180: 282, 181: 254, 182: 16, 183: 442, 184: 680, 191: 736, 192: 498, 193: 268, 194: 30, 205: 310, 206: 72, 209: 736, 210: 498, 211: 792, 212: 554, 213: 310, 214: 72, 217: 764, 218: 526, 219: 394, 220: 156, 233: 442, 234: 680, 235: 778, 236: 540, 237: 498, 238: 736, 255: 254, 256: 16, 259: 72, 260: 310, 261: 442, 262: 680, 263: 254, 264: 16, 265: 72, 266: 310, 267: 540, 268: 778, 269: 296, 270: 58, 271: 296, 272: 58, 273: 30, 274: 268, 275: 30, 276: 268, 277: 296, 278: 58, 281: 366, 282: 128, 283: 128, 284: 366, 285: 16, 286: 254, 287: 310, 288: 72, 289: 792, 290: 554, 291: 156, 292: 394, 293: 380, 294: 142, 295: 792, 296: 554, 299: 254, 300: 16, 301: 156, 302: 394, 303: 324, 304: 86, 305: 554, 306: 792, 307: 554, 308: 792, 309: 394, 310: 156, 311: 30, 312: 268, 313: 296, 314: 58, 321: 254, 322: 16, 323: 156, 324: 394, 325: 456, 326: 694, 327: 310, 328: 72, 329: 282, 330: 44, 335: 792, 336: 554, 337: 526, 338: 764, 341: 394, 342: 156, 343: 394, 344: 156, 349: 268, 350: 30, 351: 680, 352: 442, 353: 694, 354: 456, 369: 778, 370: 540, 371: 442, 372: 680, 373: 708, 374: 470, 375: 128, 376: 366, 377: 324, 378: 86, 379: 338, 380: 100, 381: 86, 382: 324, 385: 778, 386: 540, 391: 722, 392: 484, 393: 778, 394: 540, 401: 366, 402: 128, 403: 296, 404: 58, 405: 428, 406: 666, 413: 764, 414: 526, 435: 30, 436: 268, 439: 394, 440: 156, 443: 792, 444: 554, 449: 764, 450: 526, 471: 708, 472: 470, 473: 366, 474: 128, 475: 484, 476: 722, 477: 680, 478: 442, 479: 268, 480: 30, 481: 100, 482: 338, 517: 666, 518: 428, 519: 526, 520: 764, 537: 156, 538: 394, 539: 100, 540: 338, 541: 428, 542: 666, 545: 652, 546: 414, 551: 792, 552: 554, 553: 254, 554: 16, 555: 428, 556: 666, 557: 540, 558: 778, 559: 366, 560: 128, 561: 142, 562: 380, 563: 708, 564: 470, 565: 540, 566: 778, 567: 338, 568: 100, 569: 540, 570: 778, 571: 484, 572: 722, 573: 30, 574: 268, 575: 58, 576: 296, 577: 554, 578: 792, 579: 652, 580: 414, 581: 58, 582: 296, 583: 778, 584: 540, 585: 366, 586: 128, 587: 666, 588: 428, 589: 324, 590: 86, 591: 526, 592: 764, 593: 282, 594: 44, 595: 428, 596: 666, 597: 310, 598: 72, 599: 680, 600: 442, 601: 268, 602: 30, 603: 484, 604: 722, 605: 310, 606: 72, 607: 324, 608: 86, 613: 310, 614: 72, 615: 86, 616: 324, 617: 764, 618: 526, 619: 540, 620: 778, 621: 540, 622: 778, 623: 764, 624: 526, 625: 44, 626: 282, 629: 310, 630: 72, 631: 526, 632: 764, 633: 114, 634: 352, 635: 680, 636: 442, 639: 128, 640: 366, 641: 128, 642: 366, 643: 128, 644: 366, 645: 100, 646: 338, 651: 156, 652: 394, 653: 680, 654: 442, 661: 792, 662: 554, 663: 470, 664: 708, 665: 394, 666: 156, 667: 778, 668: 540, 671: 310, 672: 72, 711: 366, 712: 128, 713: 296, 714: 58, 715: 694, 716: 456, 717: 128, 718: 366, 719: 254, 720: 16, 721: 554, 722: 792, 723: 442, 724: 680, 739: 666, 740: 428, 741: 470, 742: 708, 743: 352, 744: 114, 745: 44, 746: 282, 747: 526, 748: 764, 751: 540, 752: 778, 753: 58, 754: 296, 755: 680, 756: 442, 757: 114, 758: 352, 759: 526, 760: 764, 763: 540, 764: 778, 765: 16, 766: 254, 767: 324, 768: 86, 769: 268, 770: 30, 773: 114, 774: 352, 775: 498, 776: 736, 783: 778, 784: 540, 785: 708, 786: 470, 787: 498, 788: 736, 789: 268, 790: 30, 791: 764, 792: 526, 793: 282, 794: 44, 795: 526, 796: 764, 797: 428, 798: 666, 799: 282, 800: 44, 801: 764, 802: 526, 803: 470, 804: 708, 805: 30, 806: 268, 807: 128, 808: 366, 809: 554, 810: 792, 811: 498, 812: 736, 813: 352, 814: 114, 815: 526, 816: 764, 817: 268, 818: 30, 825: 268, 826: 30, 827: 694, 828: 456, 829: 778, 830: 540, 879: 310, 880: 72, 911: 114, 912: 352, 913: 268, 914: 30, 915: 156, 916: 394}

Number of labels used: 42
Total time used: 3.85 sec
Memory used: 251.52 MB
================================
{13: 156, 14: 394, 15: 156, 16: 394, 53: 16, 54: 254, 71: 58, 72: 296, 79: 428, 80: 666, 81: 254, 82: 16, 83: 128, 84: 366, 85: 428, 86: 666, 117: 792, 118: 554, 119: 554, 120: 792, 127: 16, 128: 254, 129: 708, 130: 470, 143: 666, 144: 428, 145: 442, 146: 680, 151: 72, 152: 310, 153: 428, 154: 666, 163: 142, 164: 380, 165: 764, 166: 526, 179: 44, 180: 282, 181: 254, 182: 16, 183: 442, 184: 680, 191: 736, 192: 498, 193: 268, 194: 30, 205: 310, 206: 72, 209: 736, 210: 498, 211: 792, 212: 554, 213: 310, 214: 72, 217: 764, 218: 526, 219: 310, 220: 72, 233: 442, 234: 680, 235: 778, 236: 540, 237: 498, 238: 736, 255: 254, 256: 16, 259: 72, 260: 310, 261: 254, 262: 16, 263: 254, 264: 16, 265: 44, 266: 282, 267: 498, 268: 736, 269: 296, 270: 58, 271: 296, 272: 58, 273: 30, 274: 268, 275: 30, 276: 268, 277: 296, 278: 58, 281: 366, 282: 128, 283: 128, 284: 366, 285: 16, 286: 254, 287: 310, 288: 72, 289: 792, 290: 554, 291: 156, 292: 394, 293: 380, 294: 142, 295: 792, 296: 554, 299: 254, 300: 16, 301: 156, 302: 394, 303: 324, 304: 86, 305: 554, 306: 792, 307: 554, 308: 792, 309: 394, 310: 156, 311: 30, 312: 268, 313: 296, 314: 58, 321: 254, 322: 16, 323: 156, 324: 394, 325: 456, 326: 694, 327: 268, 328: 30, 329: 282, 330: 44, 335: 792, 336: 554, 337: 526, 338: 764, 341: 394, 342: 156, 343: 394, 344: 156, 349: 268, 350: 30, 351: 680, 352: 442, 353: 680, 354: 442, 369: 778, 370: 540, 371: 442, 372: 680, 373: 694, 374: 456, 375: 128, 376: 366, 377: 324, 378: 86, 379: 352, 380: 114, 381: 30, 382: 268, 385: 764, 386: 526, 391: 722, 392: 484, 393: 778, 394: 540, 401: 366, 402: 128, 403: 268, 404: 30, 405: 428, 406: 666, 413: 694, 414: 456, 435: 764, 436: 526, 439: 394, 440: 156, 443: 792, 444: 554, 449: 764, 450: 526, 471: 666, 472: 428, 473: 352, 474: 114, 475: 366, 476: 128, 477: 680, 478: 442, 479: 268, 480: 30, 481: 680, 482: 442, 517: 666, 518: 428, 519: 526, 520: 764, 537: 128, 538: 366, 539: 72, 540: 310, 541: 428, 542: 666, 545: 652, 546: 414, 551: 792, 552: 554, 553: 254, 554: 16, 555: 428, 556: 666, 557: 540, 558: 778, 559: 352, 560: 114, 561: 114, 562: 352, 563: 708, 564: 470, 565: 540, 566: 778, 567: 352, 568: 114, 569: 540, 570: 778, 571: 484, 572: 722, 573: 30, 574: 268, 575: 58, 576: 296, 577: 554, 578: 792, 579: 652, 580: 414, 581: 58, 582: 296, 583: 778, 584: 540, 585: 366, 586: 128, 587: 666, 588: 428, 589: 324, 590: 86, 591: 526, 592: 764, 593: 282, 594: 44, 595: 428, 596: 666, 597: 310, 598: 72, 599: 680, 600: 442, 601: 268, 602: 30, 603: 428, 604: 666, 605: 268, 606: 30, 607: 324, 608: 86, 613: 310, 614: 72, 615: 86, 616: 324, 617: 764, 618: 526, 619: 540, 620: 778, 621: 540, 622: 778, 623: 764, 624: 526, 625: 44, 626: 282, 629: 310, 630: 72, 631: 526, 632: 764, 633: 114, 634: 352, 635: 680, 636: 442, 639: 128, 640: 366, 641: 128, 642: 366, 643: 128, 644: 366, 645: 16, 646: 254, 651: 156, 652: 394, 653: 680, 654: 442, 661: 792, 662: 554, 663: 414, 664: 652, 665: 394, 666: 156, 667: 778, 668: 540, 671: 310, 672: 72, 711: 44, 712: 282, 713: 296, 714: 58, 715: 694, 716: 456, 717: 128, 718: 366, 719: 254, 720: 16, 721: 554, 722: 792, 723: 442, 724: 680, 739: 666, 740: 428, 741: 470, 742: 708, 743: 310, 744: 72, 745: 44, 746: 282, 747: 498, 748: 736, 751: 526, 752: 764, 753: 58, 754: 296, 755: 666, 756: 428, 757: 114, 758: 352, 759: 526, 760: 764, 763: 540, 764: 778, 765: 16, 766: 254, 767: 324, 768: 86, 769: 268, 770: 30, 773: 114, 774: 352, 775: 484, 776: 722, 783: 72, 784: 310, 785: 708, 786: 470, 787: 498, 788: 736, 789: 268, 790: 30, 791: 764, 792: 526, 793: 282, 794: 44, 795: 526, 796: 764, 797: 428, 798: 666, 799: 282, 800: 44, 801: 764, 802: 526, 803: 526, 804: 764, 805: 30, 806: 268, 807: 128, 808: 366, 809: 526, 810: 764, 811: 470, 812: 708, 813: 268, 814: 30, 815: 526, 816: 764, 817: 268, 818: 30, 825: 268, 826: 30, 827: 694, 828: 456, 829: 778, 830: 540, 879: 310, 880: 72, 911: 114, 912: 352, 913: 282, 914: 44, 915: 254, 916: 16}

Number of labels used: 40
Total time used: 3.86 sec
Memory used: 251.58 MB
================================
[runlim] end:			Sat Jan 24 18:36:04 2026
[runlim] status:		ok
[runlim] result:		0
[runlim] children:		0
[runlim] real:			4.06 seconds
[runlim] time:			6.21 seconds
[runlim] space:			282.8 MB
[runlim] samples:		39
