[runlim] version:		1.10
[runlim] time limit:		311040000 seconds
[runlim] real time limit:	600 seconds
[runlim] space limit:		3000 MB
[runlim] argv[0]:		python3
[runlim] argv[1]:		-u
[runlim] argv[2]:		main.py
[runlim] argv[3]:		scen11
[runlim] start:			Tue Dec  9 18:58:41 2025
[runlim] main pid:		56043
Building Gurobi model...
Set parameter WLSAccessID
Set parameter WLSSecret
Set parameter LicenseID to value 2663665
Academic license 2663665 - for non-commercial use only - registered to tu___@vnu.edu.vn
Build time used: 5.69 sec
Solving...
Solve time used: 1.86 sec
Solution
{394, 156, 100, 338, 554, 792, 254, 16, 554, 792, 268, 30, 30, 268, 778, 540, 156, 394, 156, 394, 16, 254, 554, 792, 310, 72, 414, 652, 282, 44, 394, 156, 16, 254, 652, 414, 792, 554, 72, 310, 540, 778, 16, 254, 44, 282, 366, 128, 324, 86, 254, 16, 30, 268, 338, 100, 282, 44, 394, 156, 16, 254, 554, 792, 156, 394, 310, 72, 128, 366, 792, 554, 30, 268, 792, 554, 156, 394, 254, 16, 394, 156, 394, 156, 554, 792, 380, 142, 792, 554, 394, 156, 764, 526, 750, 512, 792, 554, 722, 484, 428, 666, 16, 254, 86, 324, 338, 100, 680, 442, 380, 142, 156, 394, 44, 282, 778, 540, 680, 442, 778, 540, 428, 666, 484, 722, 414, 652, 414, 652, 554, 792, 128, 366, 666, 428, 792, 554, 764, 526, 16, 254, 44, 282, 366, 128, 142, 380, 526, 764, 310, 72, 16, 254, 366, 128, 254, 16, 408, 170, 554, 792, 366, 128, 456, 694, 554, 792, 254, 16, 428, 666, 484, 722, 792, 554, 16, 254, 708, 470, 16, 254, 554, 792, 470, 708, 380, 142, 722, 484, 338, 100, 16, 254, 338, 100, 414, 652, 554, 792, 254, 16, 778, 540, 366, 128, 778, 540, 156, 394, 254, 16, 296, 58, 268, 30, 526, 764, 128, 366, 380, 142, 694, 456, 30, 268, 282, 44, 778, 540, 708, 470, 86, 324, 254, 16, 540, 778, 708, 470, 128, 366, 666, 428, 30, 268, 540, 778, 296, 58, 338, 100, 16, 254, 750, 512, 442, 680, 442, 680, 554, 792, 16, 254, 778, 540, 764, 526, 470, 708, 142, 380, 268, 30, 30, 268, 268, 30, 44, 282, 666, 428, 310, 72, 680, 442, 680, 442, 540, 778, 352, 114, 554, 792, 792, 554, 268, 30, 114, 352, 540, 778, 470, 708, 142, 380, 442, 680, 750, 512, 394, 156, 30, 268, 540, 778, 268, 30, 366, 128, 442, 680, 254, 16, 324, 86, 114, 352, 778, 540, 792, 554, 30, 268, 44, 282, 44, 282, 778, 540, 750, 512, 380, 142, 554, 792, 366, 128, 16, 254, 414, 652, 366, 128, 142, 380, 554, 792, 554, 792, 380, 142, 86, 324, 540, 778, 16, 254, 498, 736, 442, 680, 268, 30, 338, 100, 470, 708, 540, 778, 30, 268, 680, 442, 778, 540, 30, 268, 778, 540, 380, 142, 394, 156, 394, 156, 484, 722, 16, 254, 554, 792, 394, 156, 708, 470, 128, 366, 30, 268, 456, 694, 540, 778, 142, 380, 44, 282, 366, 128, 72, 310, 254, 16, 268, 30, 296, 58, 114, 352, 778, 540, 666, 428, 282, 44, 442, 680, 540, 778, 380, 142, 44, 282, 30, 268, 778, 540, 736, 498, 16, 254, 30, 268, 456, 694, 268, 30, 16, 254, 16, 254, 16, 254, 792, 554, 16, 254, 44, 282, 394, 156, 142, 380, 268, 30, 540, 778, 268, 30, 736, 498, 380, 142, 30, 268, 750, 512, 30, 268, 540, 778, 16, 254, 554, 792, 338, 100, 652, 414, 254, 16, 352, 114, 694, 456, 86, 324, 484, 722, 380, 142, 470, 708, 30, 268, 694, 456, 268, 30, 708, 470, 540, 778, 268, 30, 16, 254, 30, 268, 268, 30, 114, 352, 268, 30, 750, 512, 30, 268, 442, 680, 540, 778, 428, 666, 540, 778, 540, 778, 394, 156, 512, 750, 540, 778, 254, 16, 554, 792, 512, 750, 30, 268, 764, 526, 268, 30, 666, 428, 268, 30, 540, 778, 30, 268, 666, 428, 268, 30, 442, 680, 30, 268, 540, 778, 30, 268, 16, 254, 540, 778, 268, 30, 722, 484, 540, 778, 540, 778, 680, 442, 30, 268, 380, 142, 736, 498, 324, 86, 352, 114, 540, 778, 30, 268, 792, 554, 652, 414, 16, 254, 30, 268, 128, 366, 554, 792, 380, 142, 254, 16, 254, 16, 680, 442, 778, 540, 694, 456, 792, 554, 666, 428, 268, 30, 268, 30, 100, 338, 666, 428, 736, 498, 296, 58, 778, 540, 380, 142, 268, 30, 540, 778, 540, 778, 268, 30, 540, 778, 16, 254, 16, 254, 470, 708, 722, 484, 16, 254}
Labels used: 46
Solution is CORRECT!
Total time used: 7.55 sec
Memory used: 420.09 MB
========================


Trying to find UB = 45...
Build time used: 0.44 sec
[runlim] sample:		13.5 time, 10.3 real, 777.0 MB
Solve time used: 3.07 sec
Solution: 
{366, 128, 680, 442, 86, 324, 736, 498, 44, 282, 540, 778, 764, 526, 652, 414, 394, 156, 30, 268, 44, 282, 694, 456, 694, 456, 44, 282, 268, 30, 554, 792, 30, 268, 484, 722, 554, 792, 142, 380, 680, 442, 380, 142, 498, 736, 72, 310, 722, 484, 156, 394, 512, 750, 498, 736, 470, 708, 16, 254, 708, 470, 394, 156, 30, 268, 484, 722, 554, 792, 114, 352, 708, 470, 128, 366, 456, 694, 394, 156, 324, 86, 156, 394, 16, 254, 736, 498, 114, 352, 652, 414, 750, 512, 554, 792, 142, 380, 456, 694, 366, 128, 708, 470, 114, 352, 526, 764, 540, 778, 750, 512, 792, 554, 792, 554, 456, 694, 72, 310, 456, 694, 792, 554, 394, 156, 694, 456, 470, 708, 484, 722, 414, 652, 680, 442, 268, 30, 722, 484, 652, 414, 338, 100, 680, 442, 442, 680, 366, 128, 484, 722, 680, 442, 554, 792, 666, 428, 142, 380, 554, 792, 554, 792, 498, 736, 338, 100, 380, 142, 470, 708, 680, 442, 254, 16, 282, 44, 778, 540, 512, 750, 428, 666, 16, 254, 764, 526, 554, 792, 352, 114, 540, 778, 16, 254, 666, 428, 254, 16, 254, 16, 58, 296, 736, 498, 254, 16, 554, 792, 442, 680, 338, 100, 44, 282, 352, 114, 338, 100, 310, 72, 526, 764, 30, 268, 114, 352, 428, 666, 694, 456, 526, 764, 554, 792, 100, 338, 142, 380, 540, 778, 366, 128, 30, 268, 296, 58, 86, 324, 268, 30, 792, 554, 142, 380, 142, 380, 142, 380, 156, 394, 540, 778, 44, 282, 282, 44, 352, 114, 666, 428, 694, 456, 666, 428, 498, 736, 680, 442, 470, 708, 128, 366, 114, 352, 736, 498, 282, 44, 268, 30, 652, 414, 554, 792, 128, 366, 30, 268, 380, 142, 484, 722, 778, 540, 722, 484, 310, 72, 554, 792, 708, 470, 666, 428, 708, 470, 694, 456, 114, 352, 764, 526, 666, 428, 442, 680, 30, 268, 666, 428, 554, 792, 764, 526, 666, 428, 442, 680, 142, 380, 526, 764, 428, 666, 30, 268, 16, 254, 554, 792, 352, 114, 394, 156, 652, 414, 792, 554, 554, 792, 512, 750, 540, 778, 498, 736, 456, 694, 142, 380, 680, 442, 366, 128, 114, 352, 736, 498, 764, 526, 72, 310, 44, 282, 540, 778, 366, 128, 352, 114, 792, 554, 554, 792, 58, 296, 554, 792, 652, 414, 554, 792, 380, 142, 100, 338, 764, 526, 736, 498, 708, 470, 142, 380, 526, 764, 540, 778, 526, 764, 554, 792, 484, 722, 708, 470, 44, 282, 366, 128, 764, 526, 310, 72, 324, 86, 666, 428, 428, 666, 128, 366, 666, 428, 680, 442, 540, 778, 652, 414, 30, 268, 142, 380, 526, 764, 394, 156, 128, 366, 708, 470, 778, 540, 16, 254, 540, 778, 456, 694, 310, 72, 708, 470, 540, 778, 30, 268, 142, 380, 694, 456, 764, 526, 268, 30, 694, 456, 526, 764, 554, 792, 666, 428, 680, 442, 554, 792, 282, 44, 324, 86, 254, 16, 456, 694, 540, 778, 366, 128, 778, 540, 282, 44, 750, 512, 72, 310, 44, 282, 86, 324, 282, 44, 484, 722, 540, 778, 778, 540, 282, 44, 540, 778, 352, 114, 666, 428, 128, 366, 72, 310, 666, 428, 666, 428, 666, 428, 680, 442, 86, 324, 540, 778, 652, 414, 792, 554, 498, 736, 44, 282, 666, 428, 352, 114, 282, 44, 540, 778, 666, 428, 484, 722, 778, 540, 708, 470, 778, 540, 540, 778, 380, 142, 114, 352, 254, 16, 540, 778, 352, 114, 736, 498, 310, 72, 338, 100, 470, 708, 666, 428, 442, 680, 652, 414, 142, 380, 128, 366, 540, 778, 666, 428, 470, 708, 680, 442, 282, 44, 366, 128, 30, 268, 16, 254, 778, 540, 114, 352, 442, 680, 352, 114, 666, 428, 778, 540, 380, 142, 778, 540, 44, 282, 100, 338, 778, 540, 722, 484, 666, 428, 366, 128, 666, 428, 142, 380, 680, 442, 72, 310, 114, 352, 456, 694, 680, 442, 554, 792, 526, 764, 442, 680, 128, 366, 394, 156}
Labels used: 44
Solution is CORRECT!
Total time used: 3.22 sec
Memory used: 612.61 MB
========================


Trying to find UB = 43...
Build time used: 0.33 sec
Solve time used: 5.59 sec
Solution: 
{554, 792, 142, 380, 540, 778, 16, 254, 142, 380, 310, 72, 72, 310, 778, 540, 792, 554, 540, 778, 554, 792, 114, 352, 694, 456, 282, 44, 666, 428, 100, 338, 268, 30, 694, 456, 100, 338, 470, 708, 666, 428, 540, 778, 282, 44, 352, 114, 666, 428, 296, 58, 470, 708, 652, 414, 30, 268, 44, 282, 554, 792, 30, 268, 652, 414, 666, 428, 498, 736, 282, 44, 540, 778, 554, 792, 86, 324, 296, 58, 16, 254, 310, 72, 296, 58, 736, 498, 296, 58, 30, 268, 778, 540, 380, 142, 366, 128, 44, 282, 254, 16, 72, 310, 414, 652, 666, 428, 470, 708, 352, 114, 792, 554, 778, 540, 366, 128, 282, 44, 282, 44, 44, 282, 666, 428, 540, 778, 296, 58, 792, 554, 30, 268, 338, 100, 268, 30, 254, 16, 324, 86, 778, 540, 282, 44, 44, 282, 142, 380, 554, 792, 282, 44, 554, 792, 540, 778, 380, 142, 366, 128, 778, 540, 778, 540, 296, 58, 254, 16, 456, 694, 282, 44, 540, 778, 666, 428, 16, 254, 142, 380, 554, 792, 86, 324, 666, 428, 310, 72, 484, 722, 254, 16, 296, 58, 722, 484, 442, 680, 554, 792, 512, 750, 512, 750, 296, 58, 16, 254, 380, 142, 142, 380, 128, 366, 750, 512, 666, 428, 540, 778, 736, 498, 142, 380, 778, 540, 366, 128, 58, 296, 44, 282, 554, 792, 484, 722, 352, 114, 142, 380, 72, 310, 310, 72, 456, 694, 338, 100, 540, 778, 792, 554, 352, 114, 72, 310, 428, 666, 282, 44, 554, 792, 736, 498, 324, 86, 100, 338, 142, 380, 86, 324, 310, 72, 44, 282, 540, 778, 708, 470, 750, 512, 338, 100, 778, 540, 44, 282, 44, 282, 680, 442, 324, 86, 750, 512, 86, 324, 142, 380, 750, 512, 268, 30, 736, 498, 296, 58, 142, 380, 666, 428, 30, 268, 366, 128, 680, 442, 694, 456, 554, 792, 296, 58, 142, 380, 778, 540, 694, 456, 540, 778, 722, 484, 666, 428, 666, 428, 540, 778, 366, 128, 666, 428, 540, 778, 296, 58, 338, 100, 792, 554, 16, 254, 666, 428, 666, 428, 324, 86, 100, 338, 58, 296, 30, 268, 114, 352, 72, 310, 380, 142, 512, 750, 142, 380, 736, 498, 512, 750, 666, 428, 498, 736, 72, 310, 44, 282, 540, 778, 792, 554, 554, 792, 128, 366, 484, 722, 750, 512, 554, 792, 282, 44, 142, 380, 338, 100, 736, 498, 114, 352, 310, 72, 44, 282, 100, 338, 282, 44, 554, 792, 680, 442, 30, 268, 366, 128, 310, 72, 456, 694, 296, 58, 44, 282, 708, 470, 694, 456, 484, 722, 428, 666, 310, 72, 268, 30, 554, 792, 428, 666, 540, 778, 268, 30, 58, 296, 16, 254, 736, 498, 142, 380, 792, 554, 540, 778, 680, 442, 310, 72, 540, 778, 428, 666, 142, 380, 30, 268, 142, 380, 428, 666, 142, 380, 778, 540, 708, 470, 414, 652, 554, 792, 114, 352, 708, 470, 296, 58, 722, 484, 394, 156, 100, 338, 792, 554, 128, 366, 666, 428, 128, 366, 30, 268, 666, 428, 498, 736, 540, 778, 540, 778, 16, 254, 352, 114, 324, 86, 666, 428, 366, 128, 268, 30, 484, 722, 44, 282, 428, 666, 142, 380, 540, 778, 666, 428, 484, 722, 44, 282, 282, 44, 708, 470, 792, 554, 666, 428, 100, 338, 708, 470, 142, 380, 30, 268, 380, 142, 666, 428, 86, 324, 366, 128, 666, 428, 736, 498, 778, 540, 428, 666, 512, 750, 428, 666, 722, 484, 72, 310, 338, 100, 30, 268, 142, 380, 428, 666, 680, 442, 100, 338, 554, 792, 72, 310, 666, 428, 128, 366, 694, 456, 736, 498, 30, 268, 540, 778, 128, 366, 792, 554, 428, 666, 778, 540, 30, 268, 778, 540, 694, 456, 666, 428, 512, 750, 352, 114, 540, 778, 128, 366, 268, 30, 778, 540, 142, 380, 484, 722, 428, 666, 666, 428, 142, 380, 268, 30, 310, 72, 736, 498, 72, 310, 722, 484, 352, 114, 540, 778, 72, 310, 778, 540, 380, 142}
Labels used: 42
Solution is CORRECT!
Total time used: 5.74 sec
Memory used: 800.54 MB
========================


Trying to find UB = 41...
Build time used: 0.34 sec
[runlim] sample:		42.6 time, 20.3 real, 1079.1 MB
Solve time used: 5.57 sec
Solution: 
{526, 764, 694, 456, 16, 254, 512, 750, 16, 254, 428, 666, 128, 366, 414, 652, 750, 512, 540, 778, 666, 428, 652, 414, 694, 456, 16, 254, 666, 428, 512, 750, 680, 442, 16, 254, 394, 156, 268, 30, 666, 428, 380, 142, 338, 100, 310, 72, 498, 736, 394, 156, 764, 526, 456, 694, 310, 72, 414, 652, 778, 540, 16, 254, 484, 722, 16, 254, 680, 442, 736, 498, 254, 16, 30, 268, 540, 778, 128, 366, 338, 100, 156, 394, 512, 750, 16, 254, 470, 708, 526, 764, 456, 694, 680, 442, 380, 142, 750, 512, 512, 750, 296, 58, 708, 470, 380, 142, 394, 156, 778, 540, 414, 652, 778, 540, 366, 128, 310, 72, 366, 128, 540, 778, 666, 428, 540, 778, 324, 86, 442, 680, 254, 16, 254, 16, 750, 512, 338, 100, 268, 30, 652, 414, 666, 428, 142, 380, 72, 310, 338, 100, 778, 540, 540, 778, 310, 72, 142, 380, 30, 268, 736, 498, 540, 778, 428, 666, 470, 708, 380, 142, 128, 366, 254, 16, 380, 142, 296, 58, 254, 16, 526, 764, 526, 764, 86, 324, 310, 72, 428, 666, 16, 254, 428, 666, 310, 72, 324, 86, 442, 680, 708, 470, 268, 30, 338, 100, 540, 778, 58, 296, 30, 268, 540, 778, 736, 498, 470, 708, 30, 268, 680, 442, 666, 428, 128, 366, 30, 268, 296, 58, 268, 30, 394, 156, 442, 680, 442, 680, 708, 470, 694, 456, 30, 268, 526, 764, 366, 128, 456, 694, 16, 254, 526, 764, 30, 268, 470, 708, 764, 526, 680, 442, 428, 666, 540, 778, 296, 58, 526, 764, 540, 778, 58, 296, 100, 338, 540, 778, 708, 470, 142, 380, 428, 666, 310, 72, 666, 428, 540, 778, 652, 414, 16, 254, 324, 86, 30, 268, 128, 366, 296, 58, 778, 540, 736, 498, 540, 778, 512, 750, 58, 296, 296, 58, 540, 778, 666, 428, 442, 680, 16, 254, 30, 268, 30, 268, 100, 338, 666, 428, 310, 72, 680, 442, 666, 428, 100, 338, 666, 428, 526, 764, 666, 428, 254, 16, 652, 414, 512, 750, 268, 30, 100, 338, 16, 254, 100, 338, 442, 680, 128, 366, 394, 156, 58, 296, 428, 666, 540, 778, 72, 310, 58, 296, 540, 778, 58, 296, 666, 428, 764, 526, 366, 128, 540, 778, 366, 128, 16, 254, 456, 694, 526, 764, 484, 722, 394, 156, 652, 414, 156, 394, 86, 324, 100, 338, 310, 72, 30, 268, 72, 310, 694, 456, 142, 380, 72, 310, 142, 380, 254, 16, 86, 324, 680, 442, 58, 296, 540, 778, 736, 498, 470, 708, 324, 86, 540, 778, 30, 268, 142, 380, 666, 428, 680, 442, 708, 470, 764, 526, 680, 442, 694, 456, 526, 764, 380, 142, 156, 394, 296, 58, 156, 394, 680, 442, 296, 58, 414, 652, 394, 156, 540, 778, 666, 428, 456, 694, 764, 526, 666, 428, 58, 296, 666, 428, 30, 268, 526, 764, 254, 16, 666, 428, 680, 442, 792, 554, 380, 142, 764, 526, 694, 456, 156, 394, 86, 324, 394, 156, 324, 86, 86, 324, 268, 30, 666, 428, 708, 470, 666, 428, 540, 778, 764, 526, 366, 128, 540, 778, 30, 268, 540, 778, 128, 366, 666, 428, 310, 72, 736, 498, 666, 428, 540, 778, 512, 750, 750, 512, 128, 366, 380, 142, 778, 540, 100, 338, 30, 268, 366, 128, 16, 254, 540, 778, 268, 30, 540, 778, 694, 456, 58, 296, 540, 778, 296, 58, 310, 72, 310, 72, 86, 324, 666, 428, 58, 296, 128, 366, 778, 540, 142, 380, 778, 540, 100, 338, 324, 86, 666, 428, 268, 30, 30, 268, 470, 708, 666, 428, 778, 540, 666, 428, 526, 764, 680, 442, 498, 736, 540, 778, 394, 156, 16, 254, 30, 268, 414, 652, 652, 414, 498, 736, 526, 764, 142, 380, 72, 310, 540, 778, 666, 428, 526, 764, 750, 512, 750, 512, 72, 310, 142, 380, 30, 268, 142, 380, 540, 778, 540, 778, 324, 86, 366, 128, 666, 428, 666, 428, 380, 142, 498, 736, 666, 428, 394, 156}
Labels used: 40
Solution is CORRECT!
Total time used: 5.72 sec
Memory used: 996.50 MB
========================


Trying to find UB = 39...
Build time used: 0.39 sec
Solve time used: 3.20 sec
Solution: 
{352, 114, 86, 324, 470, 708, 792, 554, 708, 470, 512, 750, 428, 666, 442, 680, 792, 554, 268, 30, 352, 114, 394, 156, 366, 128, 16, 254, 680, 442, 708, 470, 652, 414, 254, 16, 156, 394, 142, 380, 338, 100, 764, 526, 750, 512, 254, 16, 352, 114, 554, 792, 778, 540, 156, 394, 16, 254, 792, 554, 156, 394, 338, 100, 414, 652, 30, 268, 470, 708, 750, 512, 44, 282, 296, 58, 394, 156, 750, 512, 58, 296, 44, 282, 366, 128, 254, 16, 352, 114, 414, 652, 338, 100, 554, 792, 512, 750, 254, 16, 414, 652, 554, 792, 156, 394, 352, 114, 268, 30, 526, 764, 554, 792, 792, 554, 750, 512, 666, 428, 352, 114, 750, 512, 666, 428, 708, 470, 394, 156, 554, 792, 428, 666, 282, 44, 792, 554, 156, 394, 708, 470, 254, 16, 680, 442, 428, 666, 282, 44, 394, 156, 792, 554, 554, 792, 366, 128, 380, 142, 114, 352, 554, 792, 44, 282, 380, 142, 722, 484, 366, 128, 428, 666, 792, 554, 750, 512, 156, 394, 470, 708, 114, 352, 352, 114, 722, 484, 554, 792, 338, 100, 414, 652, 666, 428, 750, 512, 792, 554, 268, 30, 708, 470, 778, 540, 30, 268, 554, 792, 128, 366, 470, 708, 30, 268, 708, 470, 666, 428, 666, 428, 366, 128, 58, 296, 380, 142, 512, 750, 778, 540, 296, 58, 254, 16, 58, 296, 352, 114, 722, 484, 86, 324, 666, 428, 114, 352, 380, 142, 268, 30, 792, 554, 142, 380, 30, 268, 484, 722, 282, 44, 666, 428, 708, 470, 666, 428, 268, 30, 680, 442, 540, 778, 30, 268, 100, 338, 540, 778, 666, 428, 764, 526, 352, 114, 380, 142, 30, 268, 142, 380, 100, 338, 338, 100, 470, 708, 666, 428, 282, 44, 128, 366, 778, 540, 352, 114, 750, 512, 142, 380, 44, 282, 778, 540, 380, 142, 750, 512, 428, 666, 254, 16, 30, 268, 470, 708, 526, 764, 666, 428, 554, 792, 44, 282, 666, 428, 352, 114, 380, 142, 324, 86, 666, 428, 750, 512, 414, 652, 114, 352, 484, 722, 442, 680, 394, 156, 792, 554, 100, 338, 540, 778, 540, 778, 282, 44, 428, 666, 338, 100, 100, 338, 282, 44, 666, 428, 268, 30, 666, 428, 268, 30, 428, 666, 540, 778, 296, 58, 554, 792, 540, 778, 554, 792, 512, 750, 44, 282, 128, 366, 554, 792, 428, 666, 268, 30, 142, 380, 484, 722, 750, 512, 764, 526, 366, 128, 268, 30, 338, 100, 554, 792, 680, 442, 380, 142, 764, 526, 750, 512, 324, 86, 338, 100, 142, 380, 442, 680, 380, 142, 142, 380, 100, 338, 352, 114, 708, 470, 554, 792, 352, 114, 428, 666, 44, 282, 380, 142, 268, 30, 352, 114, 778, 540, 792, 554, 156, 394, 722, 484, 16, 254, 540, 778, 58, 296, 750, 512, 526, 764, 442, 680, 58, 296, 764, 526, 666, 428, 114, 352, 554, 792, 100, 338, 58, 296, 324, 86, 764, 526, 268, 30, 778, 540, 484, 722, 554, 792, 296, 58, 380, 142, 114, 352, 44, 282, 366, 128, 540, 778, 666, 428, 750, 512, 764, 526, 470, 708, 540, 778, 114, 352, 708, 470, 142, 380, 86, 324, 470, 708, 666, 428, 540, 778, 540, 778, 114, 352, 366, 128, 296, 58, 764, 526, 442, 680, 792, 554, 338, 100, 86, 324, 254, 16, 764, 526, 540, 778, 282, 44, 128, 366, 282, 44, 142, 380, 282, 44, 142, 380, 540, 778, 86, 324, 282, 44, 554, 792, 30, 268, 540, 778, 44, 282, 324, 86, 282, 44, 666, 428, 324, 86, 778, 540, 750, 512, 44, 282, 58, 296, 100, 338, 380, 142, 44, 282, 268, 30, 352, 114, 428, 666, 142, 380, 652, 414, 666, 428, 652, 414, 666, 428, 352, 114, 282, 44, 296, 58, 324, 86, 114, 352, 666, 428, 666, 428, 512, 750, 764, 526, 324, 86, 428, 666, 666, 428, 58, 296, 540, 778, 778, 540, 680, 442, 142, 380, 338, 100, 470, 708, 764, 526, 666, 428, 666, 428, 282, 44}
Labels used: 38
Solution is CORRECT!
Total time used: 3.35 sec
Memory used: 993.29 MB
========================


Trying to find UB = 37...
Build time used: 0.33 sec
Solve time used: 3.30 sec
Solution: 
{554, 792, 778, 540, 296, 58, 512, 750, 58, 296, 58, 296, 86, 324, 652, 414, 792, 554, 498, 736, 30, 268, 414, 652, 16, 254, 86, 324, 456, 694, 554, 792, 680, 442, 268, 30, 764, 526, 554, 792, 352, 114, 540, 778, 414, 652, 498, 736, 666, 428, 554, 792, 526, 764, 16, 254, 694, 456, 58, 296, 722, 484, 414, 652, 352, 114, 268, 30, 554, 792, 86, 324, 708, 470, 554, 792, 456, 694, 512, 750, 86, 324, 394, 156, 380, 142, 736, 498, 58, 296, 554, 792, 268, 30, 694, 456, 540, 778, 380, 142, 428, 666, 114, 352, 16, 254, 498, 736, 324, 86, 666, 428, 792, 554, 792, 554, 708, 470, 680, 442, 540, 778, 352, 114, 666, 428, 442, 680, 708, 470, 484, 722, 554, 792, 736, 498, 30, 268, 16, 254, 86, 324, 792, 554, 352, 114, 296, 58, 736, 498, 470, 708, 778, 540, 296, 58, 680, 442, 380, 142, 554, 792, 652, 414, 380, 142, 442, 680, 16, 254, 526, 764, 30, 268, 324, 86, 778, 540, 254, 16, 764, 526, 16, 254, 554, 792, 114, 352, 764, 526, 254, 16, 540, 778, 16, 254, 114, 352, 764, 526, 254, 16, 394, 156, 142, 380, 16, 254, 442, 680, 540, 778, 352, 114, 58, 296, 750, 512, 142, 380, 736, 498, 708, 470, 268, 30, 680, 442, 498, 736, 58, 296, 296, 58, 554, 792, 58, 296, 142, 380, 778, 540, 680, 442, 484, 722, 666, 428, 456, 694, 58, 296, 694, 456, 142, 380, 380, 142, 86, 324, 156, 394, 554, 792, 666, 428, 442, 680, 268, 30, 30, 268, 352, 114, 764, 526, 142, 380, 540, 778, 268, 30, 666, 428, 254, 16, 778, 540, 58, 296, 526, 764, 652, 414, 114, 352, 778, 540, 268, 30, 498, 736, 750, 512, 666, 428, 736, 498, 540, 778, 554, 792, 352, 114, 30, 268, 526, 764, 296, 58, 694, 456, 778, 540, 30, 268, 30, 268, 142, 380, 324, 86, 540, 778, 680, 442, 666, 428, 666, 428, 142, 380, 30, 268, 666, 428, 498, 736, 652, 414, 254, 16, 652, 414, 694, 456, 470, 708, 792, 554, 554, 792, 722, 484, 764, 526, 324, 86, 296, 58, 526, 764, 666, 428, 442, 680, 58, 296, 736, 498, 666, 428, 764, 526, 778, 540, 428, 666, 680, 442, 554, 792, 268, 30, 554, 792, 352, 114, 58, 296, 652, 414, 156, 394, 380, 142, 540, 778, 380, 142, 58, 296, 540, 778, 268, 30, 512, 750, 296, 58, 442, 680, 554, 792, 352, 114, 142, 380, 114, 352, 442, 680, 764, 526, 324, 86, 30, 268, 58, 296, 750, 512, 296, 58, 666, 428, 680, 442, 324, 86, 554, 792, 680, 442, 526, 764, 114, 352, 352, 114, 652, 414, 156, 394, 268, 30, 792, 554, 324, 86, 652, 414, 324, 86, 750, 512, 30, 268, 296, 58, 666, 428, 778, 540, 666, 428, 778, 540, 666, 428, 86, 324, 554, 792, 30, 268, 16, 254, 722, 484, 484, 722, 694, 456, 156, 394, 764, 526, 268, 30, 792, 554, 16, 254, 666, 428, 380, 142, 778, 540, 708, 470, 666, 428, 540, 778, 652, 414, 352, 114, 352, 114, 694, 456, 526, 764, 540, 778, 666, 428, 764, 526, 764, 526, 666, 428, 540, 778, 30, 268, 554, 792, 30, 268, 428, 666, 16, 254, 792, 554, 142, 380, 352, 114, 16, 254, 666, 428, 540, 778, 296, 58, 666, 428, 58, 296, 540, 778, 666, 428, 750, 512, 540, 778, 86, 324, 268, 30, 554, 792, 352, 114, 142, 380, 750, 512, 268, 30, 764, 526, 666, 428, 352, 114, 114, 352, 778, 540, 156, 394, 30, 268, 296, 58, 30, 268, 428, 666, 680, 442, 394, 156, 750, 512, 526, 764, 540, 778, 708, 470, 268, 30, 652, 414, 30, 268, 470, 708, 708, 470, 324, 86, 114, 352, 666, 428, 142, 380, 352, 114, 86, 324, 498, 736, 456, 694, 456, 694, 324, 86, 778, 540, 86, 324, 764, 526, 708, 470, 778, 540, 456, 694, 470, 708, 394, 156, 30, 268, 394, 156}
Labels used: 36
Solution is CORRECT!
Total time used: 3.46 sec
Memory used: 983.50 MB
========================


Trying to find UB = 35...
Build time used: 0.33 sec
[runlim] sample:		67.7 time, 30.3 real, 1136.1 MB
Solve time used: 5.55 sec
Solution: 
{254, 16, 526, 764, 16, 254, 86, 324, 498, 736, 114, 352, 44, 282, 764, 526, 792, 554, 394, 156, 86, 324, 72, 310, 394, 156, 554, 792, 764, 526, 554, 792, 680, 442, 456, 694, 268, 30, 394, 156, 142, 380, 310, 72, 254, 16, 512, 750, 380, 142, 792, 554, 526, 764, 142, 380, 114, 352, 792, 554, 142, 380, 694, 456, 764, 526, 680, 442, 750, 512, 86, 324, 484, 722, 554, 792, 86, 324, 282, 44, 156, 394, 394, 156, 254, 16, 380, 142, 268, 30, 554, 792, 44, 282, 442, 680, 750, 512, 792, 554, 526, 764, 142, 380, 268, 30, 456, 694, 394, 156, 484, 722, 442, 680, 44, 282, 114, 352, 268, 30, 526, 764, 30, 268, 156, 394, 680, 442, 380, 142, 352, 114, 554, 792, 352, 114, 456, 694, 16, 254, 414, 652, 324, 86, 156, 394, 792, 554, 722, 484, 352, 114, 352, 114, 352, 114, 254, 16, 380, 142, 282, 44, 750, 512, 554, 792, 352, 114, 512, 750, 254, 16, 680, 442, 268, 30, 142, 380, 526, 764, 16, 254, 86, 324, 554, 792, 470, 708, 554, 792, 414, 652, 16, 254, 268, 30, 470, 708, 16, 254, 680, 442, 142, 380, 44, 282, 470, 708, 554, 792, 268, 30, 310, 72, 310, 72, 442, 680, 736, 498, 30, 268, 526, 764, 114, 352, 512, 750, 680, 442, 380, 142, 142, 380, 554, 792, 86, 324, 442, 680, 114, 352, 764, 526, 268, 30, 736, 498, 44, 282, 324, 86, 16, 254, 380, 142, 142, 380, 30, 268, 394, 156, 394, 156, 498, 736, 310, 72, 750, 512, 114, 352, 72, 310, 268, 30, 30, 268, 268, 30, 442, 680, 30, 268, 554, 792, 282, 44, 86, 324, 114, 352, 16, 254, 554, 792, 282, 44, 72, 310, 114, 352, 694, 456, 352, 114, 30, 268, 380, 142, 352, 114, 442, 680, 44, 282, 470, 708, 750, 512, 352, 114, 254, 16, 142, 380, 442, 680, 30, 268, 680, 442, 352, 114, 44, 282, 310, 72, 442, 680, 44, 282, 142, 380, 156, 394, 694, 456, 16, 254, 380, 142, 114, 352, 470, 708, 282, 44, 554, 792, 394, 156, 414, 652, 554, 792, 694, 456, 764, 526, 456, 694, 694, 456, 282, 44, 456, 694, 114, 352, 142, 380, 44, 282, 512, 750, 694, 456, 498, 736, 394, 156, 792, 554, 554, 792, 750, 512, 254, 16, 72, 310, 282, 44, 750, 512, 114, 352, 352, 114, 526, 764, 526, 764, 526, 764, 526, 764, 380, 142, 442, 680, 554, 792, 498, 736, 142, 380, 352, 114, 708, 470, 324, 86, 380, 142, 44, 282, 30, 268, 352, 114, 310, 72, 282, 44, 380, 142, 442, 680, 16, 254, 764, 526, 268, 30, 310, 72, 30, 268, 324, 86, 380, 142, 156, 394, 792, 554, 750, 512, 156, 394, 268, 30, 268, 30, 86, 324, 282, 44, 30, 268, 282, 44, 114, 352, 30, 268, 310, 72, 442, 680, 750, 512, 30, 268, 310, 72, 394, 156, 792, 554, 554, 792, 484, 722, 268, 30, 352, 114, 764, 526, 16, 254, 310, 72, 352, 114, 44, 282, 86, 324, 30, 268, 680, 442, 680, 442, 470, 708, 680, 442, 282, 44, 750, 512, 352, 114, 30, 268, 44, 282, 764, 526, 72, 310, 324, 86, 72, 310, 16, 254, 394, 156, 142, 380, 16, 254, 694, 456, 380, 142, 680, 442, 16, 254, 310, 72, 44, 282, 114, 352, 44, 282, 268, 30, 442, 680, 380, 142, 456, 694, 764, 526, 442, 680, 114, 352, 86, 324, 282, 44, 764, 526, 680, 442, 30, 268, 470, 708, 86, 324, 268, 30, 30, 268, 310, 72, 554, 792, 44, 282, 764, 526, 680, 442, 72, 310, 324, 86, 254, 16, 764, 526, 30, 268, 44, 282, 526, 764, 694, 456, 792, 554, 324, 86, 380, 142, 792, 554, 526, 764, 694, 456, 30, 268, 380, 142, 680, 442, 44, 282, 380, 142, 310, 72, 30, 268, 512, 750, 680, 442, 512, 750, 30, 268, 708, 470, 30, 268, 114, 352, 72, 310, 694, 456, 44, 282, 394, 156}
Labels used: 34
Solution is CORRECT!
Total time used: 5.70 sec
Memory used: 979.78 MB
========================


Trying to find UB = 33...
Build time used: 0.35 sec
[runlim] sample:		98.7 time, 40.3 real, 1184.8 MB
[runlim] sample:		138.7 time, 50.3 real, 1256.6 MB
Solve time used: 18.89 sec
Solution: 
{30, 268, 86, 324, 554, 792, 708, 470, 352, 114, 708, 470, 708, 470, 324, 86, 792, 554, 666, 428, 254, 16, 380, 142, 792, 554, 380, 142, 380, 142, 554, 792, 680, 442, 128, 366, 16, 254, 296, 58, 708, 470, 554, 792, 428, 666, 512, 750, 512, 750, 114, 352, 540, 778, 554, 792, 414, 652, 128, 366, 554, 792, 30, 268, 394, 156, 750, 512, 296, 58, 708, 470, 58, 296, 380, 142, 442, 680, 470, 708, 16, 254, 16, 254, 86, 324, 792, 554, 30, 268, 442, 680, 30, 268, 554, 792, 268, 30, 352, 114, 750, 512, 156, 394, 554, 792, 30, 268, 792, 554, 366, 128, 442, 680, 792, 554, 778, 540, 58, 296, 680, 442, 114, 352, 666, 428, 16, 254, 666, 428, 380, 142, 554, 792, 380, 142, 268, 30, 792, 554, 324, 86, 414, 652, 680, 442, 554, 792, 16, 254, 114, 352, 554, 792, 554, 792, 352, 114, 380, 142, 30, 268, 268, 30, 708, 470, 778, 540, 254, 16, 792, 554, 680, 442, 142, 380, 114, 352, 554, 792, 324, 86, 254, 16, 722, 484, 254, 16, 128, 366, 16, 254, 380, 142, 16, 254, 512, 750, 30, 268, 380, 142, 366, 128, 128, 366, 722, 484, 442, 680, 554, 792, 666, 428, 540, 778, 114, 352, 680, 442, 128, 366, 470, 708, 666, 428, 540, 778, 30, 268, 142, 380, 442, 680, 428, 666, 30, 268, 470, 708, 470, 708, 128, 366, 442, 680, 30, 268, 540, 778, 352, 114, 792, 554, 86, 324, 352, 114, 428, 666, 268, 30, 16, 254, 30, 268, 128, 366, 380, 142, 428, 666, 58, 296, 268, 30, 30, 268, 540, 778, 114, 352, 680, 442, 512, 750, 380, 142, 680, 442, 352, 114, 554, 792, 16, 254, 142, 380, 428, 666, 352, 114, 268, 30, 778, 540, 30, 268, 380, 142, 554, 792, 296, 58, 30, 268, 58, 296, 268, 30, 366, 128, 16, 254, 114, 352, 778, 540, 114, 352, 554, 792, 114, 352, 30, 268, 666, 428, 58, 296, 114, 352, 680, 442, 666, 428, 750, 512, 114, 352, 554, 792, 352, 114, 792, 554, 268, 30, 254, 16, 16, 254, 442, 680, 380, 142, 366, 128, 58, 296, 324, 86, 680, 442, 142, 380, 512, 750, 114, 352, 470, 708, 114, 352, 86, 324, 540, 778, 442, 680, 554, 792, 540, 778, 554, 792, 512, 750, 428, 666, 142, 380, 554, 792, 708, 470, 540, 778, 380, 142, 296, 58, 296, 58, 428, 666, 366, 128, 540, 778, 540, 778, 554, 792, 296, 58, 512, 750, 778, 540, 442, 680, 708, 470, 680, 442, 680, 442, 58, 296, 442, 680, 470, 708, 352, 114, 680, 442, 268, 30, 554, 792, 268, 30, 778, 540, 708, 470, 30, 268, 86, 324, 554, 792, 708, 470, 352, 114, 30, 268, 16, 254, 128, 366, 128, 366, 268, 30, 778, 540, 442, 680, 324, 86, 428, 666, 30, 268, 366, 128, 268, 30, 16, 254, 666, 428, 128, 366, 352, 114, 142, 380, 254, 16, 722, 484, 540, 778, 470, 708, 778, 540, 254, 16, 680, 442, 750, 512, 666, 428, 708, 470, 666, 428, 366, 128, 352, 114, 540, 778, 30, 268, 86, 324, 268, 30, 352, 114, 366, 128, 540, 778, 114, 352, 512, 750, 540, 778, 296, 58, 352, 114, 380, 142, 428, 666, 254, 16, 380, 142, 666, 428, 428, 666, 352, 114, 30, 268, 296, 58, 540, 778, 470, 708, 352, 114, 442, 680, 296, 58, 366, 128, 352, 114, 30, 268, 442, 680, 554, 792, 380, 142, 540, 778, 666, 428, 540, 778, 778, 540, 142, 380, 268, 30, 114, 352, 142, 380, 540, 778, 540, 778, 470, 708, 296, 58, 156, 394, 16, 254, 268, 30, 470, 708, 16, 254, 778, 540, 86, 324, 792, 554, 666, 428, 722, 484, 30, 268, 554, 792, 16, 254, 58, 296, 512, 750, 680, 442, 470, 708, 142, 380, 352, 114, 666, 428, 442, 680, 30, 268, 470, 708, 778, 540, 128, 366, 778, 540, 666, 428, 554, 792, 554, 792, 442, 680, 58, 296, 16, 254}
Labels used: 32
Solution is CORRECT!
Total time used: 19.04 sec
Memory used: 1053.84 MB
========================


Trying to find UB = 31...
Build time used: 0.40 sec
[runlim] sample:		164.2 time, 60.3 real, 1303.0 MB
[runlim] sample:		194.5 time, 70.3 real, 1301.1 MB
Solve time used: 19.11 sec
Solution: 
{282, 44, 428, 666, 554, 792, 254, 16, 764, 526, 44, 282, 30, 268, 16, 254, 792, 554, 764, 526, 16, 254, 30, 268, 366, 128, 792, 554, 484, 722, 554, 792, 666, 428, 16, 254, 792, 554, 114, 352, 666, 428, 554, 792, 540, 778, 526, 764, 554, 792, 254, 16, 484, 722, 254, 16, 792, 554, 86, 324, 792, 554, 792, 554, 44, 282, 114, 352, 254, 16, 554, 792, 366, 128, 366, 128, 526, 764, 778, 540, 142, 380, 86, 324, 470, 708, 554, 792, 142, 380, 666, 428, 554, 792, 16, 254, 792, 554, 666, 428, 470, 708, 666, 428, 778, 540, 366, 128, 16, 254, 428, 666, 254, 16, 16, 254, 484, 722, 428, 666, 526, 764, 778, 540, 722, 484, 366, 128, 380, 142, 554, 792, 470, 708, 380, 142, 554, 792, 324, 86, 470, 708, 352, 114, 16, 254, 30, 268, 708, 470, 128, 366, 324, 86, 366, 128, 722, 484, 380, 142, 254, 16, 722, 484, 254, 16, 554, 792, 282, 44, 540, 778, 540, 778, 114, 352, 30, 268, 792, 554, 792, 554, 722, 484, 268, 30, 708, 470, 366, 128, 470, 708, 722, 484, 792, 554, 16, 254, 526, 764, 554, 792, 540, 778, 540, 778, 428, 666, 30, 268, 142, 380, 282, 44, 540, 778, 666, 428, 44, 282, 778, 540, 540, 778, 44, 282, 268, 30, 764, 526, 428, 666, 282, 44, 254, 16, 540, 778, 540, 778, 540, 778, 30, 268, 722, 484, 470, 708, 484, 722, 30, 268, 254, 16, 708, 470, 352, 114, 540, 778, 708, 470, 16, 254, 366, 128, 722, 484, 666, 428, 708, 470, 540, 778, 666, 428, 128, 366, 352, 114, 30, 268, 666, 428, 30, 268, 142, 380, 380, 142, 128, 366, 324, 86, 128, 366, 366, 128, 708, 470, 764, 526, 128, 366, 268, 30, 526, 764, 666, 428, 16, 254, 526, 764, 30, 268, 114, 352, 764, 526, 778, 540, 778, 540, 540, 778, 428, 666, 470, 708, 540, 778, 114, 352, 30, 268, 282, 44, 128, 366, 666, 428, 30, 268, 428, 666, 30, 268, 428, 666, 554, 792, 470, 708, 554, 792, 708, 470, 324, 86, 554, 792, 142, 380, 540, 778, 268, 30, 128, 366, 722, 484, 30, 268, 764, 526, 666, 428, 352, 114, 30, 268, 526, 764, 282, 44, 352, 114, 778, 540, 352, 114, 554, 792, 142, 380, 666, 428, 428, 666, 30, 268, 666, 428, 666, 428, 44, 282, 44, 282, 30, 268, 282, 44, 142, 380, 526, 764, 666, 428, 722, 484, 554, 792, 540, 778, 666, 428, 366, 128, 470, 708, 484, 722, 324, 86, 128, 366, 666, 428, 30, 268, 114, 352, 526, 764, 708, 470, 722, 484, 554, 792, 44, 282, 282, 44, 666, 428, 86, 324, 526, 764, 16, 254, 722, 484, 282, 44, 352, 114, 352, 114, 142, 380, 428, 666, 778, 540, 526, 764, 778, 540, 142, 380, 30, 268, 470, 708, 30, 268, 470, 708, 254, 16, 722, 484, 722, 484, 16, 254, 540, 778, 540, 778, 394, 156, 652, 414, 722, 484, 470, 708, 254, 16, 44, 282, 352, 114, 778, 540, 428, 666, 324, 86, 540, 778, 268, 30, 540, 778, 540, 778, 30, 268, 268, 30, 282, 44, 764, 526, 470, 708, 764, 526, 352, 114, 540, 778, 86, 324, 526, 764, 792, 554, 484, 722, 16, 254, 792, 554, 470, 708, 114, 352, 16, 254, 268, 30, 484, 722, 778, 540, 114, 352, 722, 484, 268, 30, 708, 470, 540, 778, 778, 540, 30, 268, 764, 526, 708, 470, 540, 778, 764, 526, 666, 428, 114, 352, 428, 666, 30, 268, 708, 470, 764, 526, 722, 484, 268, 30, 16, 254, 484, 722, 708, 470, 792, 554, 254, 16, 722, 484, 16, 254, 526, 764, 128, 366, 268, 30, 128, 366, 128, 366, 366, 128, 282, 44, 708, 470, 792, 554, 778, 540, 30, 268, 764, 526, 540, 778, 30, 268, 540, 778, 30, 268, 722, 484, 764, 526, 268, 30, 128, 366, 666, 428, 708, 470, 778, 540, 254, 16, 554, 792, 526, 764, 540, 778, 16, 254}
Labels used: 30
Solution is CORRECT!
Total time used: 19.27 sec
Memory used: 1363.14 MB
========================


Trying to find UB = 29...
Build time used: 0.35 sec
[runlim] sample:		233.2 time, 80.3 real, 1538.1 MB
Solve time used: 13.95 sec
Solution: 
{792, 554, 100, 338, 16, 254, 366, 128, 540, 778, 442, 680, 680, 442, 778, 540, 254, 16, 254, 16, 554, 792, 100, 338, 540, 778, 268, 30, 666, 428, 16, 254, 30, 268, 366, 128, 268, 30, 792, 554, 540, 778, 366, 128, 254, 16, 338, 100, 778, 540, 442, 680, 428, 666, 414, 652, 254, 16, 254, 16, 442, 680, 268, 30, 694, 456, 722, 484, 142, 380, 792, 554, 456, 694, 442, 680, 100, 338, 680, 442, 156, 394, 394, 156, 456, 694, 554, 792, 254, 16, 366, 128, 254, 16, 442, 680, 540, 778, 128, 366, 778, 540, 100, 338, 16, 254, 442, 680, 540, 778, 540, 778, 680, 442, 666, 428, 366, 128, 30, 268, 268, 30, 128, 366, 128, 366, 428, 666, 394, 156, 442, 680, 554, 792, 540, 778, 380, 142, 414, 652, 16, 254, 324, 86, 680, 442, 722, 484, 792, 554, 792, 554, 30, 268, 338, 100, 254, 16, 142, 380, 254, 16, 778, 540, 792, 554, 366, 128, 778, 540, 254, 16, 156, 394, 338, 100, 484, 722, 554, 792, 16, 254, 554, 792, 428, 666, 554, 792, 338, 100, 254, 16, 554, 792, 554, 792, 254, 16, 792, 554, 16, 254, 484, 722, 142, 380, 16, 254, 366, 128, 540, 778, 666, 428, 778, 540, 366, 128, 666, 428, 100, 338, 30, 268, 366, 128, 100, 338, 694, 456, 128, 366, 100, 338, 254, 16, 338, 100, 666, 428, 86, 324, 680, 442, 666, 428, 778, 540, 540, 778, 366, 128, 792, 554, 268, 30, 128, 366, 100, 338, 380, 142, 366, 128, 366, 128, 366, 128, 30, 268, 442, 680, 540, 778, 268, 30, 778, 540, 268, 30, 128, 366, 680, 442, 16, 254, 30, 268, 128, 366, 540, 778, 394, 156, 254, 16, 100, 338, 30, 268, 666, 428, 128, 366, 778, 540, 338, 100, 30, 268, 16, 254, 442, 680, 666, 428, 540, 778, 30, 268, 540, 778, 366, 128, 128, 366, 128, 366, 778, 540, 666, 428, 338, 100, 128, 366, 268, 30, 128, 366, 268, 30, 100, 338, 16, 254, 30, 268, 16, 254, 338, 100, 778, 540, 540, 778, 16, 254, 442, 680, 16, 254, 394, 156, 16, 254, 30, 268, 100, 338, 338, 100, 380, 142, 142, 380, 324, 86, 366, 128, 428, 666, 366, 128, 30, 268, 666, 428, 366, 128, 680, 442, 16, 254, 254, 16, 680, 442, 428, 666, 16, 254, 554, 792, 268, 30, 540, 778, 100, 338, 366, 128, 268, 30, 666, 428, 540, 778, 666, 428, 666, 428, 156, 394, 268, 30, 484, 722, 338, 100, 268, 30, 540, 778, 100, 338, 778, 540, 666, 428, 778, 540, 366, 128, 680, 442, 680, 442, 540, 778, 254, 16, 366, 128, 778, 540, 680, 442, 30, 268, 16, 254, 554, 792, 680, 442, 16, 254, 16, 254, 428, 666, 338, 100, 540, 778, 100, 338, 540, 778, 380, 142, 540, 778, 128, 366, 268, 30, 666, 428, 366, 128, 554, 792, 666, 428, 680, 442, 394, 156, 156, 394, 484, 722, 554, 792, 778, 540, 338, 100, 268, 30, 156, 394, 666, 428, 722, 484, 666, 428, 778, 540, 30, 268, 540, 778, 128, 366, 540, 778, 540, 778, 666, 428, 338, 100, 540, 778, 666, 428, 268, 30, 30, 268, 540, 778, 268, 30, 666, 428, 554, 792, 394, 156, 484, 722, 16, 254, 442, 680, 778, 540, 268, 30, 268, 30, 484, 722, 680, 442, 778, 540, 338, 100, 128, 366, 484, 722, 268, 30, 484, 722, 268, 30, 128, 366, 268, 30, 442, 680, 366, 128, 268, 30, 442, 680, 540, 778, 442, 680, 540, 778, 666, 428, 442, 680, 30, 268, 268, 30, 366, 128, 128, 366, 428, 666, 554, 792, 680, 442, 394, 156, 442, 680, 554, 792, 100, 338, 778, 540, 254, 16, 16, 254, 338, 100, 778, 540, 778, 540, 16, 254, 540, 778, 680, 442, 338, 100, 30, 268, 778, 540, 30, 268, 442, 680, 666, 428, 142, 380, 30, 268, 128, 366, 100, 338, 722, 484, 366, 128, 792, 554, 268, 30, 680, 442, 338, 100, 16, 254}
Labels used: 28
Solution is CORRECT!
Total time used: 14.11 sec
Memory used: 1300.16 MB
========================


Trying to find UB = 27...
Build time used: 0.33 sec
[runlim] sample:		266.8 time, 90.3 real, 1426.8 MB
[runlim] sample:		306.4 time, 100.3 real, 1518.7 MB
[runlim] sample:		346.7 time, 110.3 real, 1608.8 MB
[runlim] sample:		383.8 time, 120.3 real, 1599.3 MB
Solve time used: 33.21 sec
Solution: 
{484, 722, 694, 456, 16, 254, 554, 792, 16, 254, 268, 30, 268, 30, 44, 282, 652, 414, 456, 694, 792, 554, 254, 16, 44, 282, 792, 554, 456, 694, 282, 44, 554, 792, 792, 554, 16, 254, 554, 792, 456, 694, 254, 16, 792, 554, 268, 30, 86, 324, 792, 554, 778, 540, 394, 156, 414, 652, 414, 652, 30, 268, 456, 694, 30, 268, 86, 324, 792, 554, 540, 778, 156, 394, 456, 694, 100, 338, 792, 554, 128, 366, 338, 100, 254, 16, 554, 792, 16, 254, 722, 484, 792, 554, 254, 16, 792, 554, 694, 456, 254, 16, 652, 414, 778, 540, 456, 694, 394, 156, 694, 456, 394, 156, 778, 540, 324, 86, 456, 694, 778, 540, 792, 554, 652, 414, 554, 792, 484, 722, 414, 652, 554, 792, 380, 142, 778, 540, 722, 484, 792, 554, 414, 652, 484, 722, 484, 722, 554, 792, 282, 44, 380, 142, 366, 128, 414, 652, 142, 380, 554, 792, 778, 540, 484, 722, 282, 44, 456, 694, 792, 554, 86, 324, 254, 16, 268, 30, 414, 652, 792, 554, 254, 16, 540, 778, 456, 694, 792, 554, 44, 282, 554, 792, 540, 778, 394, 156, 456, 694, 394, 156, 254, 16, 128, 366, 254, 16, 456, 694, 380, 142, 100, 338, 778, 540, 268, 30, 338, 100, 484, 722, 44, 282, 778, 540, 30, 268, 694, 456, 540, 778, 30, 268, 16, 254, 694, 456, 778, 540, 44, 282, 722, 484, 484, 722, 128, 366, 142, 380, 44, 282, 16, 254, 540, 778, 484, 722, 44, 282, 652, 414, 694, 456, 44, 282, 44, 282, 484, 722, 142, 380, 268, 30, 484, 722, 694, 456, 540, 778, 722, 484, 778, 540, 540, 778, 778, 540, 268, 30, 456, 694, 128, 366, 554, 792, 268, 30, 540, 778, 44, 282, 268, 30, 778, 540, 722, 484, 540, 778, 324, 86, 324, 86, 142, 380, 694, 456, 324, 86, 128, 366, 16, 254, 100, 338, 540, 778, 282, 44, 100, 338, 792, 554, 366, 128, 722, 484, 30, 268, 694, 456, 778, 540, 414, 652, 254, 16, 100, 338, 414, 652, 254, 16, 722, 484, 540, 778, 792, 554, 414, 652, 16, 254, 254, 16, 792, 554, 128, 366, 30, 268, 86, 324, 30, 268, 484, 722, 30, 268, 456, 694, 722, 484, 694, 456, 540, 778, 338, 100, 414, 652, 792, 554, 792, 554, 44, 282, 792, 554, 128, 366, 792, 554, 456, 694, 540, 778, 338, 100, 456, 694, 366, 128, 722, 484, 540, 778, 338, 100, 456, 694, 254, 16, 268, 30, 338, 100, 456, 694, 268, 30, 128, 366, 484, 722, 722, 484, 694, 456, 484, 722, 128, 366, 694, 456, 268, 30, 778, 540, 554, 792, 540, 778, 44, 282, 128, 366, 16, 254, 254, 16, 156, 394, 778, 540, 254, 16, 722, 484, 380, 142, 254, 16, 722, 484, 456, 694, 268, 30, 44, 282, 268, 30, 778, 540, 268, 30, 778, 540, 44, 282, 554, 792, 16, 254, 792, 554, 338, 100, 30, 268, 254, 16, 324, 86, 394, 156, 540, 778, 792, 554, 722, 484, 778, 540, 694, 456, 540, 778, 128, 366, 86, 324, 540, 778, 554, 792, 338, 100, 142, 380, 30, 268, 142, 380, 540, 778, 694, 456, 366, 128, 694, 456, 268, 30, 540, 778, 268, 30, 282, 44, 394, 156, 100, 338, 156, 394, 30, 268, 30, 268, 268, 30, 414, 652, 540, 778, 268, 30, 778, 540, 30, 268, 456, 694, 778, 540, 30, 268, 778, 540, 778, 540, 44, 282, 456, 694, 414, 652, 142, 380, 456, 694, 142, 380, 456, 694, 128, 366, 778, 540, 456, 694, 540, 778, 44, 282, 456, 694, 86, 324, 324, 86, 30, 268, 554, 792, 722, 484, 254, 16, 694, 456, 554, 792, 128, 366, 722, 484, 254, 16, 554, 792, 142, 380, 128, 366, 778, 540, 16, 254, 128, 366, 778, 540, 30, 268, 694, 456, 456, 694, 44, 282, 540, 778, 540, 778, 128, 366, 694, 456, 540, 778, 694, 456, 366, 128, 778, 540, 792, 554, 254, 16, 268, 30, 694, 456, 16, 254}
Labels used: 26
Solution is CORRECT!
Total time used: 33.36 sec
Memory used: 1503.59 MB
========================


Trying to find UB = 25...
Build time used: 0.34 sec
[runlim] sample:		416.8 time, 130.3 real, 1630.7 MB
[runlim] sample:		457.1 time, 140.3 real, 1647.1 MB
[runlim] sample:		494.5 time, 150.3 real, 1640.1 MB
Solve time used: 34.71 sec
Solution: 
{694, 456, 484, 722, 254, 16, 694, 456, 156, 394, 380, 142, 142, 380, 142, 380, 380, 142, 352, 114, 254, 16, 652, 414, 792, 554, 16, 254, 380, 142, 142, 380, 16, 254, 554, 792, 254, 16, 694, 456, 142, 380, 414, 652, 484, 722, 254, 16, 442, 680, 282, 44, 282, 44, 414, 652, 380, 142, 394, 156, 484, 722, 540, 778, 114, 352, 86, 324, 792, 554, 652, 414, 722, 484, 282, 44, 456, 694, 778, 540, 114, 352, 380, 142, 394, 156, 414, 652, 142, 380, 254, 16, 554, 792, 16, 254, 380, 142, 442, 680, 282, 44, 778, 540, 652, 414, 352, 114, 414, 652, 694, 456, 540, 778, 142, 380, 44, 282, 380, 142, 694, 456, 44, 282, 114, 352, 484, 722, 792, 554, 554, 792, 254, 16, 442, 680, 380, 142, 254, 16, 324, 86, 414, 652, 44, 282, 86, 324, 554, 792, 652, 414, 414, 652, 156, 394, 282, 44, 142, 380, 554, 792, 540, 778, 380, 142, 254, 16, 554, 792, 282, 44, 86, 324, 540, 778, 352, 114, 254, 16, 156, 394, 792, 554, 778, 540, 16, 254, 86, 324, 484, 722, 16, 254, 792, 554, 142, 380, 16, 254, 380, 142, 324, 86, 254, 16, 680, 442, 792, 554, 456, 694, 778, 540, 282, 44, 722, 484, 778, 540, 44, 282, 380, 142, 540, 778, 352, 114, 44, 282, 694, 456, 484, 722, 254, 16, 540, 778, 540, 778, 114, 352, 142, 380, 44, 282, 44, 282, 442, 680, 380, 142, 16, 254, 694, 456, 540, 778, 352, 114, 16, 254, 44, 282, 540, 778, 540, 778, 86, 324, 540, 778, 282, 44, 86, 324, 44, 282, 44, 282, 352, 114, 694, 456, 778, 540, 380, 142, 554, 792, 484, 722, 652, 414, 554, 792, 142, 380, 44, 282, 778, 540, 114, 352, 540, 778, 282, 44, 380, 142, 778, 540, 352, 114, 44, 282, 282, 44, 778, 540, 778, 540, 792, 554, 778, 540, 456, 694, 282, 44, 254, 16, 86, 324, 114, 352, 778, 540, 44, 282, 484, 722, 540, 778, 16, 254, 254, 16, 414, 652, 554, 792, 16, 254, 254, 16, 394, 156, 778, 540, 16, 254, 16, 254, 282, 44, 352, 114, 694, 456, 142, 380, 44, 282, 722, 484, 456, 694, 380, 142, 282, 44, 86, 324, 44, 282, 694, 456, 282, 44, 254, 16, 16, 254, 554, 792, 44, 282, 114, 352, 554, 792, 442, 680, 380, 142, 778, 540, 540, 778, 694, 456, 44, 282, 114, 352, 540, 778, 44, 282, 352, 114, 282, 44, 142, 380, 44, 282, 680, 442, 694, 456, 114, 352, 694, 456, 44, 282, 380, 142, 114, 352, 778, 540, 44, 282, 694, 456, 540, 778, 16, 254, 352, 114, 456, 694, 142, 380, 282, 44, 540, 778, 324, 86, 540, 778, 540, 778, 554, 792, 324, 86, 394, 156, 380, 142, 282, 44, 778, 540, 282, 44, 680, 442, 540, 778, 282, 44, 442, 680, 352, 114, 16, 254, 380, 142, 114, 352, 484, 722, 114, 352, 792, 554, 394, 156, 44, 282, 456, 694, 540, 778, 16, 254, 282, 44, 86, 324, 540, 778, 44, 282, 778, 540, 282, 44, 540, 778, 44, 282, 540, 778, 694, 456, 680, 442, 380, 142, 44, 282, 484, 722, 44, 282, 540, 778, 540, 778, 352, 114, 484, 722, 86, 324, 540, 778, 722, 484, 352, 114, 778, 540, 114, 352, 722, 484, 44, 282, 114, 352, 282, 44, 540, 778, 380, 142, 540, 778, 722, 484, 114, 352, 540, 778, 44, 282, 380, 142, 554, 792, 282, 44, 694, 456, 114, 352, 456, 694, 484, 722, 282, 44, 352, 114, 282, 44, 16, 254, 254, 16, 540, 778, 282, 44, 442, 680, 792, 554, 114, 352, 414, 652, 352, 114, 142, 380, 778, 540, 540, 778, 554, 792, 554, 792, 44, 282, 324, 86, 44, 282, 792, 554, 282, 44, 114, 352, 694, 456, 778, 540, 380, 142, 282, 44, 324, 86, 540, 778, 44, 282, 484, 722, 142, 380, 540, 778, 484, 722, 282, 44, 16, 254, 414, 652, 554, 792, 484, 722, 380, 142}
Labels used: 24
Solution is CORRECT!
Total time used: 34.86 sec
Memory used: 1538.88 MB
========================


Trying to find UB = 23...
Build time used: 0.39 sec
[runlim] sample:		535.1 time, 160.3 real, 1715.1 MB
[runlim] sample:		575.1 time, 170.3 real, 1755.0 MB
[runlim] sample:		612.1 time, 180.3 real, 1740.0 MB
[runlim] sample:		654.4 time, 190.3 real, 1727.5 MB
[runlim] sample:		712.4 time, 200.3 real, 1764.4 MB
[runlim] sample:		769.6 time, 210.3 real, 1775.8 MB
[runlim] sample:		826.5 time, 220.3 real, 1775.4 MB
[runlim] sample:		884.4 time, 230.3 real, 1844.6 MB
[runlim] sample:		942.3 time, 240.3 real, 1872.3 MB
[runlim] sample:		999.8 time, 250.3 real, 1884.9 MB
[runlim] sample:		1034.9 time, 260.3 real, 1848.2 MB
[runlim] sample:		1064.1 time, 270.3 real, 1924.0 MB
[runlim] sample:		1104.6 time, 280.3 real, 2032.6 MB
Solve time used: 131.94 sec
Solution: 
{16, 254, 352, 114, 254, 16, 254, 16, 380, 142, 484, 722, 778, 540, 652, 414, 554, 792, 16, 254, 792, 554, 324, 86, 156, 394, 86, 324, 380, 142, 16, 254, 44, 282, 142, 380, 554, 792, 792, 554, 142, 380, 352, 114, 540, 778, 324, 86, 470, 708, 554, 792, 484, 722, 254, 16, 414, 652, 324, 86, 16, 254, 114, 352, 44, 282, 16, 254, 554, 792, 282, 44, 380, 142, 254, 16, 554, 792, 86, 324, 156, 394, 394, 156, 352, 114, 16, 254, 414, 652, 394, 156, 324, 86, 540, 778, 16, 254, 394, 156, 554, 792, 282, 44, 708, 470, 380, 142, 722, 484, 540, 778, 540, 778, 792, 554, 324, 86, 484, 722, 114, 352, 708, 470, 156, 394, 540, 778, 708, 470, 652, 414, 254, 16, 414, 652, 352, 114, 394, 156, 254, 16, 554, 792, 792, 554, 142, 380, 16, 254, 142, 380, 778, 540, 554, 792, 394, 156, 142, 380, 554, 792, 778, 540, 16, 254, 414, 652, 554, 792, 44, 282, 352, 114, 86, 324, 414, 652, 254, 16, 352, 114, 540, 778, 394, 156, 554, 792, 554, 792, 652, 414, 540, 778, 722, 484, 352, 114, 540, 778, 540, 778, 792, 554, 394, 156, 324, 86, 114, 352, 652, 414, 142, 380, 380, 142, 778, 540, 44, 282, 484, 722, 540, 778, 778, 540, 352, 114, 86, 324, 708, 470, 86, 324, 254, 16, 470, 708, 778, 540, 708, 470, 708, 470, 142, 380, 282, 44, 44, 282, 114, 352, 554, 792, 86, 324, 540, 778, 114, 352, 652, 414, 380, 142, 380, 142, 142, 380, 44, 282, 722, 484, 44, 282, 484, 722, 708, 470, 540, 778, 142, 380, 114, 352, 44, 282, 142, 380, 86, 324, 142, 380, 16, 254, 554, 792, 540, 778, 44, 282, 708, 470, 778, 540, 470, 708, 324, 86, 142, 380, 44, 282, 484, 722, 470, 708, 380, 142, 722, 484, 44, 282, 652, 414, 282, 44, 44, 282, 142, 380, 540, 778, 254, 16, 484, 722, 778, 540, 142, 380, 708, 470, 540, 778, 142, 380, 540, 778, 86, 324, 254, 16, 554, 792, 414, 652, 554, 792, 792, 554, 792, 554, 722, 484, 792, 554, 652, 414, 778, 540, 470, 708, 324, 86, 722, 484, 484, 722, 708, 470, 778, 540, 470, 708, 142, 380, 778, 540, 352, 114, 792, 554, 156, 394, 16, 254, 44, 282, 324, 86, 16, 254, 414, 652, 44, 282, 540, 778, 282, 44, 380, 142, 484, 722, 142, 380, 484, 722, 142, 380, 142, 380, 554, 792, 44, 282, 484, 722, 380, 142, 324, 86, 44, 282, 778, 540, 778, 540, 352, 114, 470, 708, 324, 86, 708, 470, 470, 708, 540, 778, 554, 792, 380, 142, 142, 380, 86, 324, 86, 324, 554, 792, 254, 16, 722, 484, 554, 792, 86, 324, 394, 156, 86, 324, 282, 44, 722, 484, 324, 86, 470, 708, 778, 540, 86, 324, 540, 778, 282, 44, 86, 324, 254, 16, 156, 394, 282, 44, 484, 722, 44, 282, 470, 708, 324, 86, 652, 414, 540, 778, 16, 254, 484, 722, 380, 142, 324, 86, 540, 778, 114, 352, 282, 44, 352, 114, 792, 554, 540, 778, 778, 540, 114, 352, 324, 86, 778, 540, 352, 114, 484, 722, 142, 380, 282, 44, 282, 44, 282, 44, 16, 254, 282, 44, 142, 380, 16, 254, 86, 324, 708, 470, 778, 540, 554, 792, 324, 86, 484, 722, 708, 470, 778, 540, 470, 708, 540, 778, 470, 708, 352, 114, 540, 778, 470, 708, 86, 324, 44, 282, 380, 142, 708, 470, 380, 142, 722, 484, 86, 324, 484, 722, 282, 44, 324, 86, 470, 708, 792, 554, 254, 16, 540, 778, 44, 282, 414, 652, 352, 114, 282, 44, 254, 16, 792, 554, 114, 352, 540, 778, 540, 778, 394, 156, 708, 470, 324, 86, 324, 86, 792, 554, 86, 324, 114, 352, 44, 282, 708, 470, 778, 540, 142, 380, 86, 324, 380, 142, 282, 44, 540, 778, 540, 778, 470, 708, 282, 44, 142, 380, 156, 394, 254, 16, 554, 792, 778, 540, 16, 254}
Labels used: 22
Solution is CORRECT!
Total time used: 132.09 sec
Memory used: 1934.19 MB
========================


Trying to find UB = 21...
Build time used: 0.33 sec
[runlim] sample:		1136.9 time, 290.3 real, 2038.4 MB
[runlim] sample:		1175.4 time, 300.3 real, 2043.8 MB
[runlim] sample:		1212.2 time, 310.3 real, 2050.2 MB
Solve time used: 28.06 sec
No better solution found.
[runlim] end:			Tue Dec  9 19:03:57 2025
[runlim] status:		ok
[runlim] result:		0
[runlim] children:		0
[runlim] real:			316.22 seconds
[runlim] time:			1231.80 seconds
[runlim] space:			2129.3 MB
[runlim] samples:		3159
