[runlim] version:		1.10
[runlim] time limit:		311040000 seconds
[runlim] real time limit:	600 seconds
[runlim] space limit:		14000 MB
[runlim] argv[0]:		python3
[runlim] argv[1]:		-u
[runlim] argv[2]:		main.py
[runlim] argv[3]:		scen09
[runlim] start:			Wed Jan 21 00:37:32 2026
[runlim] main pid:		29198
Building Gurobi model...
Set parameter WLSAccessID
Set parameter WLSSecret
Set parameter LicenseID to value 2663665
Academic license 2663665 - for non-commercial use only - registered to tu___@vnu.edu.vn
Build time used: 0.60 sec
Solving...
No solution found.
Total time used: 0.62 sec
Memory used: 66.83 MB
[runlim] end:			Wed Jan 21 00:37:32 2026
[runlim] status:		ok
[runlim] result:		0
[runlim] children:		0
[runlim] real:			0.73 seconds
[runlim] time:			0.54 seconds
[runlim] space:			49.5 MB
[runlim] samples:		6
