[runlim] version:		1.10
[runlim] time limit:		311040000 seconds
[runlim] real time limit:	600 seconds
[runlim] space limit:		3000 MB
[runlim] argv[0]:		python3
[runlim] argv[1]:		-u
[runlim] argv[2]:		main.py
[runlim] argv[3]:		scen02
[runlim] start:			Tue Dec  9 18:22:24 2025
[runlim] main pid:		50332
Building Gurobi model...
Set parameter WLSAccessID
Set parameter WLSSecret
Set parameter LicenseID to value 2663665
Academic license 2663665 - for non-commercial use only - registered to tu___@vnu.edu.vn
Build time used: 1.84 sec
Solving...
Solve time used: 0.09 sec
Solution
{86, 324, 442, 680, 72, 310, 666, 428, 792, 554, 380, 142, 722, 484, 114, 352, 456, 694, 254, 16, 254, 16, 470, 708, 58, 296, 512, 750, 86, 324, 128, 366, 72, 310, 16, 254, 792, 554, 526, 764, 512, 750, 554, 792, 554, 792, 128, 366, 778, 540, 764, 526, 380, 142, 16, 254, 792, 554, 442, 680, 44, 282, 792, 554, 30, 268, 750, 512, 722, 484, 394, 156, 352, 114, 540, 778, 526, 764, 282, 44, 324, 86, 428, 666, 366, 128, 484, 722, 338, 100, 72, 310, 666, 428, 498, 736, 764, 526, 442, 680, 652, 414, 694, 456, 394, 156, 114, 352, 44, 282, 338, 100, 484, 722, 778, 540, 58, 296, 484, 722, 282, 44, 366, 128, 58, 296, 128, 366, 526, 764, 142, 380, 442, 680, 666, 428, 44, 282, 470, 708, 380, 142, 324, 86, 380, 142, 72, 310, 254, 16, 512, 750, 156, 394, 254, 16, 254, 16, 142, 380, 540, 778, 30, 268, 456, 694, 254, 16, 722, 484, 268, 30, 282, 44, 540, 778, 86, 324, 414, 652, 380, 142, 380, 142, 722, 484, 310, 72, 30, 268, 456, 694, 708, 470, 86, 324, 750, 512, 456, 694}
Labels used: 44
Solution is CORRECT!
Total time used: 1.93 sec
Memory used: 104.57 MB
========================


Trying to find UB = 43...
Build time used: 0.13 sec
Solve time used: 0.36 sec
Solution: 
{30, 268, 30, 268, 30, 268, 394, 156, 30, 268, 498, 736, 114, 352, 470, 708, 380, 142, 30, 268, 30, 268, 296, 58, 72, 310, 30, 268, 442, 680, 156, 394, 380, 142, 442, 680, 380, 142, 394, 156, 394, 156, 296, 58, 296, 58, 338, 100, 352, 114, 352, 114, 394, 156, 86, 324, 428, 666, 100, 338, 442, 680, 114, 352, 366, 128, 296, 58, 380, 142, 428, 666, 428, 666, 296, 58, 114, 352, 58, 296, 44, 282, 30, 268, 30, 268, 114, 352, 86, 324, 456, 694, 100, 338, 352, 114, 442, 680, 282, 44, 282, 44, 128, 366, 100, 338, 44, 282, 100, 338, 338, 100, 100, 338, 380, 142, 44, 282, 100, 338, 30, 268, 366, 128, 30, 268, 268, 30, 428, 666, 352, 114, 44, 282, 380, 142, 30, 268, 44, 282, 30, 268, 30, 268, 380, 142, 30, 268, 30, 268, 414, 652, 380, 142, 366, 128, 30, 268, 338, 100, 296, 58, 428, 666, 366, 128, 30, 268, 282, 44, 30, 268, 100, 338, 30, 268, 30, 268, 58, 296, 30, 268, 44, 282, 268, 30, 380, 142, 114, 352, 44, 282, 268, 30, 380, 142, 30, 268, 268, 30}
Labels used: 32
Solution is CORRECT!
Total time used: 0.41 sec
Memory used: 133.77 MB
========================


Trying to find UB = 31...
Build time used: 0.12 sec
Solve time used: 0.37 sec
Solution: 
{750, 512, 736, 498, 58, 296, 282, 44, 764, 526, 764, 526, 282, 44, 708, 470, 44, 282, 44, 282, 44, 282, 296, 58, 512, 750, 666, 428, 666, 428, 526, 764, 44, 282, 666, 428, 526, 764, 366, 128, 526, 764, 296, 58, 296, 58, 526, 764, 428, 666, 58, 296, 526, 764, 282, 44, 128, 366, 44, 282, 750, 512, 366, 128, 428, 666, 512, 750, 428, 666, 366, 128, 750, 512, 128, 366, 282, 44, 666, 428, 526, 764, 282, 44, 764, 526, 764, 526, 114, 352, 428, 666, 282, 44, 736, 498, 526, 764, 282, 44, 666, 428, 708, 470, 366, 128, 44, 282, 366, 128, 764, 526, 736, 498, 526, 764, 296, 58, 352, 114, 128, 366, 58, 296, 764, 526, 338, 100, 366, 128, 366, 128, 428, 666, 44, 282, 128, 366, 722, 484, 128, 366, 352, 114, 428, 666, 44, 282, 764, 526, 666, 428, 282, 44, 526, 764, 44, 282, 526, 764, 296, 58, 512, 750, 114, 352, 44, 282, 526, 764, 428, 666, 666, 428, 128, 366, 352, 114, 282, 44, 750, 512, 666, 428, 526, 764, 428, 666, 526, 764, 366, 128, 526, 764, 366, 128, 428, 666, 526, 764}
Labels used: 22
Solution is CORRECT!
Total time used: 0.42 sec
Memory used: 178.54 MB
========================


Trying to find UB = 21...
Build time used: 0.15 sec
Solve time used: 0.94 sec
Solution: 
{44, 282, 58, 296, 30, 268, 442, 680, 16, 254, 540, 778, 680, 442, 778, 540, 254, 16, 778, 540, 778, 540, 456, 694, 296, 58, 282, 44, 680, 442, 268, 30, 456, 694, 792, 554, 442, 680, 44, 282, 44, 282, 16, 254, 30, 268, 352, 114, 792, 554, 282, 44, 694, 456, 16, 254, 16, 254, 554, 792, 792, 554, 680, 442, 16, 254, 792, 554, 16, 254, 554, 792, 442, 680, 128, 366, 268, 30, 442, 680, 778, 540, 456, 694, 778, 540, 30, 268, 128, 366, 694, 456, 282, 44, 778, 540, 540, 778, 16, 254, 792, 554, 694, 456, 58, 296, 254, 16, 296, 58, 456, 694, 680, 442, 540, 778, 778, 540, 778, 540, 694, 456, 58, 296, 30, 268, 58, 296, 44, 282, 58, 296, 30, 268, 442, 680, 30, 268, 694, 456, 30, 268, 44, 282, 58, 296, 30, 268, 16, 254, 540, 778, 16, 254, 366, 128, 792, 554, 352, 114, 16, 254, 554, 792, 296, 58, 778, 540, 778, 540, 268, 30, 296, 58, 268, 30, 456, 694, 16, 254, 792, 554, 282, 44, 58, 296, 268, 30, 540, 778, 282, 44, 30, 268, 540, 778, 268, 30, 268, 30}
Labels used: 20
Solution is CORRECT!
Total time used: 0.99 sec
Memory used: 216.67 MB
========================


Trying to find UB = 19...
Build time used: 0.10 sec
Solve time used: 0.61 sec
Solution: 
{296, 58, 380, 142, 380, 142, 16, 254, 380, 142, 750, 512, 58, 296, 366, 128, 16, 254, 750, 512, 750, 512, 680, 442, 296, 58, 764, 526, 442, 680, 512, 750, 16, 254, 554, 792, 366, 128, 296, 58, 254, 16, 554, 792, 554, 792, 254, 16, 268, 30, 680, 442, 296, 58, 142, 380, 380, 142, 16, 254, 512, 750, 268, 30, 366, 128, 554, 792, 380, 142, 526, 764, 30, 268, 764, 526, 296, 58, 296, 58, 512, 750, 526, 764, 296, 58, 680, 442, 30, 268, 526, 764, 30, 268, 142, 380, 680, 442, 442, 680, 526, 764, 764, 526, 30, 268, 764, 526, 792, 554, 30, 268, 442, 680, 512, 750, 128, 366, 442, 680, 526, 764, 380, 142, 764, 526, 750, 512, 268, 30, 512, 750, 58, 296, 680, 442, 30, 268, 512, 750, 58, 296, 680, 442, 296, 58, 254, 16, 764, 526, 58, 296, 30, 268, 16, 254, 554, 792, 366, 128, 554, 792, 442, 680, 296, 58, 750, 512, 58, 296, 128, 366, 764, 526, 680, 442, 128, 366, 554, 792, 142, 380, 142, 380, 366, 128, 680, 442, 58, 296, 526, 764, 268, 30, 128, 366, 512, 750, 512, 750}
Labels used: 18
Solution is CORRECT!
Total time used: 0.66 sec
Memory used: 220.06 MB
========================


Trying to find UB = 17...
Build time used: 0.12 sec
Solve time used: 1.06 sec
Solution: 
{268, 30, 512, 750, 30, 268, 778, 540, 16, 254, 540, 778, 456, 694, 750, 512, 58, 296, 778, 540, 778, 540, 16, 254, 694, 456, 366, 128, 268, 30, 16, 254, 58, 296, 394, 156, 778, 540, 512, 750, 30, 268, 16, 254, 16, 254, 58, 296, 30, 268, 694, 456, 366, 128, 16, 254, 128, 366, 694, 456, 268, 30, 456, 694, 16, 254, 694, 456, 16, 254, 254, 16, 268, 30, 366, 128, 540, 778, 456, 694, 778, 540, 268, 30, 778, 540, 30, 268, 694, 456, 366, 128, 694, 456, 540, 778, 296, 58, 16, 254, 16, 254, 778, 540, 694, 456, 254, 16, 254, 16, 58, 296, 456, 694, 540, 778, 540, 778, 540, 778, 128, 366, 366, 128, 30, 268, 58, 296, 296, 58, 366, 128, 694, 456, 512, 750, 128, 366, 694, 456, 540, 778, 128, 366, 540, 778, 296, 58, 16, 254, 128, 366, 30, 268, 16, 254, 16, 254, 58, 296, 16, 254, 366, 128, 156, 394, 750, 512, 512, 750, 268, 30, 366, 128, 778, 540, 254, 16, 394, 156, 512, 750, 366, 128, 750, 512, 268, 30, 540, 778, 456, 694, 128, 366, 540, 778, 268, 30, 268, 30}
Labels used: 16
Solution is CORRECT!
Total time used: 1.11 sec
Memory used: 273.42 MB
========================


Trying to find UB = 15...
Build time used: 0.11 sec
Solve time used: 1.11 sec
Solution: 
{778, 540, 666, 428, 254, 16, 792, 554, 16, 254, 666, 428, 554, 792, 666, 428, 254, 16, 778, 540, 778, 540, 324, 86, 128, 366, 30, 268, 428, 666, 366, 128, 128, 366, 428, 666, 778, 540, 540, 778, 540, 778, 554, 792, 554, 792, 30, 268, 128, 366, 666, 428, 366, 128, 16, 254, 366, 128, 540, 778, 778, 540, 254, 16, 16, 254, 86, 324, 366, 128, 554, 792, 554, 792, 324, 86, 540, 778, 324, 86, 778, 540, 666, 428, 30, 268, 30, 268, 324, 86, 268, 30, 30, 268, 428, 666, 666, 428, 254, 16, 254, 16, 366, 128, 554, 792, 366, 128, 16, 254, 268, 30, 666, 428, 324, 86, 128, 366, 366, 128, 540, 778, 128, 366, 30, 268, 666, 428, 778, 540, 366, 128, 540, 778, 324, 86, 540, 778, 666, 428, 128, 366, 428, 666, 324, 86, 30, 268, 16, 254, 540, 778, 324, 86, 554, 792, 554, 792, 30, 268, 554, 792, 16, 254, 86, 324, 778, 540, 428, 666, 268, 30, 30, 268, 268, 30, 366, 128, 324, 86, 254, 16, 778, 540, 666, 428, 268, 30, 428, 666, 268, 30, 540, 778, 366, 128, 540, 778, 268, 30}
Labels used: 14
Solution is CORRECT!
Total time used: 1.16 sec
Memory used: 287.12 MB
========================


Trying to find UB = 13...
Build time used: 0.11 sec
Solve time used: 1.55 sec
No better solution found.
[runlim] end:			Tue Dec  9 18:22:32 2025
[runlim] status:		ok
[runlim] result:		0
[runlim] children:		0
[runlim] real:			8.62 seconds
[runlim] time:			14.17 seconds
[runlim] space:			404.0 MB
[runlim] samples:		84
