[runlim] version:		1.10
[runlim] time limit:		311040000 seconds
[runlim] real time limit:	600 seconds
[runlim] space limit:		3000 MB
[runlim] argv[0]:		python3
[runlim] argv[1]:		-u
[runlim] argv[2]:		main.py
[runlim] argv[3]:		scen03
[runlim] start:			Tue Dec  9 18:47:54 2025
[runlim] main pid:		52699
Building Gurobi model...
Set parameter WLSAccessID
Set parameter WLSSecret
Set parameter LicenseID to value 2663665
Academic license 2663665 - for non-commercial use only - registered to tu___@vnu.edu.vn
Build time used: 7.15 sec
Solving...
Solve time used: 0.31 sec
Solution
{526, 764, 16, 254, 142, 380, 380, 142, 512, 750, 442, 680, 30, 268, 694, 456, 30, 268, 540, 778, 778, 540, 366, 128, 352, 114, 456, 694, 44, 282, 778, 540, 72, 310, 470, 708, 456, 694, 282, 44, 58, 296, 254, 16, 254, 16, 694, 456, 394, 156, 268, 30, 484, 722, 394, 156, 470, 708, 380, 142, 282, 44, 792, 554, 526, 764, 750, 512, 86, 324, 442, 680, 366, 128, 666, 428, 72, 310, 296, 58, 792, 554, 708, 470, 156, 394, 736, 498, 86, 324, 30, 268, 128, 366, 792, 554, 268, 30, 498, 736, 778, 540, 352, 114, 296, 58, 478, 240, 72, 310, 470, 708, 540, 778, 554, 792, 72, 310, 470, 708, 128, 366, 750, 512, 750, 512, 428, 666, 58, 296, 680, 442, 338, 100, 394, 156, 792, 554, 526, 764, 526, 764, 128, 366, 30, 268, 694, 456, 58, 296, 540, 778, 30, 268, 680, 442, 380, 142, 268, 30, 352, 114, 722, 484, 44, 282, 484, 722, 512, 750, 666, 428, 428, 666, 526, 764, 442, 680, 100, 338, 58, 296, 526, 764, 310, 72, 428, 666, 414, 652, 72, 310, 456, 694, 512, 750, 722, 484, 310, 72, 282, 44, 324, 86, 484, 722, 708, 470, 414, 652, 86, 324, 338, 100, 456, 694, 456, 694, 128, 366, 540, 778, 694, 456, 666, 428, 484, 722, 30, 268, 16, 254, 338, 100, 540, 778, 526, 764, 72, 310, 764, 526, 778, 540, 526, 764, 58, 296, 484, 722, 30, 268, 128, 366, 324, 86, 58, 296, 442, 680, 114, 352, 442, 680, 540, 778, 58, 296, 366, 128, 380, 142, 58, 296, 708, 470, 456, 694, 128, 366, 352, 114, 310, 72, 296, 58, 680, 442, 142, 380, 526, 764, 268, 30, 366, 128, 30, 268, 310, 72, 540, 778, 282, 44, 72, 310, 114, 352, 142, 380, 456, 694, 722, 484, 16, 254, 296, 58, 296, 58, 380, 142, 554, 792, 128, 366, 792, 554, 282, 44, 282, 44, 694, 456, 750, 512, 128, 366, 128, 366, 142, 380, 554, 792, 128, 366, 366, 128, 16, 254, 142, 380, 114, 352, 778, 540, 128, 366, 442, 680, 526, 764, 282, 44, 72, 310, 778, 540, 114, 352, 708, 470, 526, 764, 736, 498, 652, 414, 764, 526, 526, 764, 100, 338, 72, 310, 296, 58, 736, 498, 778, 540, 380, 142, 722, 484, 352, 114, 764, 526}
Labels used: 46
Solution is CORRECT!
Total time used: 7.48 sec
Memory used: 185.77 MB
========================


Trying to find UB = 45...
Build time used: 0.51 sec
Solve time used: 1.52 sec
Solution: 
{58, 296, 58, 296, 72, 310, 414, 652, 428, 666, 128, 366, 498, 736, 310, 72, 380, 142, 58, 296, 142, 380, 72, 310, 86, 324, 380, 142, 470, 708, 778, 540, 296, 58, 414, 652, 750, 512, 58, 296, 456, 694, 380, 142, 128, 366, 540, 778, 394, 156, 338, 100, 512, 750, 442, 680, 380, 142, 366, 128, 540, 778, 296, 58, 366, 128, 324, 86, 100, 338, 736, 498, 296, 58, 380, 142, 156, 394, 380, 142, 708, 470, 380, 142, 554, 792, 554, 792, 352, 114, 352, 114, 366, 128, 442, 680, 380, 142, 296, 58, 58, 296, 414, 652, 114, 352, 142, 380, 394, 156, 442, 680, 380, 142, 428, 666, 366, 128, 310, 72, 394, 156, 58, 296, 86, 324, 414, 652, 414, 652, 414, 652, 352, 114, 554, 792, 296, 58, 526, 764, 526, 764, 456, 694, 310, 72, 526, 764, 310, 72, 296, 58, 128, 366, 428, 666, 58, 296, 128, 366, 338, 100, 72, 310, 442, 680, 142, 380, 310, 72, 428, 666, 128, 366, 736, 498, 142, 380, 114, 352, 58, 296, 442, 680, 114, 352, 428, 666, 394, 156, 128, 366, 366, 128, 428, 666, 100, 338, 58, 296, 72, 310, 58, 296, 58, 296, 366, 128, 394, 156, 58, 296, 114, 352, 484, 722, 456, 694, 456, 694, 498, 736, 428, 666, 442, 680, 128, 366, 58, 296, 296, 58, 142, 380, 310, 72, 58, 296, 310, 72, 380, 142, 72, 310, 666, 428, 428, 666, 380, 142, 442, 680, 428, 666, 58, 296, 366, 128, 72, 310, 380, 142, 428, 666, 324, 86, 296, 58, 366, 128, 310, 72, 366, 128, 58, 296, 72, 310, 58, 296, 58, 296, 380, 142, 72, 310, 58, 296, 428, 666, 366, 128, 58, 296, 58, 296, 58, 296, 414, 652, 310, 72, 352, 114, 72, 310, 58, 296, 366, 128, 58, 296, 414, 652, 352, 114, 58, 296, 58, 296, 394, 156, 58, 296, 58, 296, 72, 310, 366, 128, 58, 296, 58, 296, 58, 296, 380, 142, 58, 296, 394, 156, 86, 324, 72, 310, 128, 366, 58, 296, 58, 296, 58, 296, 72, 310, 296, 58, 380, 142, 296, 58, 72, 310, 296, 58, 428, 666, 380, 142, 72, 310, 296, 58, 58, 296, 58, 296, 366, 128, 428, 666, 58, 296, 324, 86, 380, 142, 72, 310, 366, 128, 58, 296, 380, 142, 58, 296, 380, 142}
Labels used: 38
Solution is CORRECT!
Total time used: 1.69 sec
Memory used: 232.79 MB
========================


Trying to find UB = 37...
Build time used: 0.40 sec
[runlim] sample:		9.2 time, 10.7 real, 381.8 MB
Solve time used: 2.26 sec
Solution: 
{680, 442, 680, 442, 282, 44, 428, 666, 442, 680, 30, 268, 142, 380, 282, 44, 380, 142, 30, 268, 680, 442, 282, 44, 142, 380, 778, 540, 58, 296, 86, 324, 380, 142, 778, 540, 114, 352, 666, 428, 366, 128, 268, 30, 128, 366, 58, 296, 282, 44, 380, 142, 428, 666, 366, 128, 282, 44, 498, 736, 142, 380, 764, 526, 44, 282, 456, 694, 310, 72, 526, 764, 680, 442, 456, 694, 540, 778, 352, 114, 694, 456, 778, 540, 764, 526, 750, 512, 778, 540, 778, 540, 30, 268, 44, 282, 764, 526, 540, 778, 750, 512, 352, 114, 268, 30, 380, 142, 268, 30, 366, 128, 484, 722, 526, 764, 30, 268, 540, 778, 44, 282, 764, 526, 764, 526, 526, 764, 526, 764, 526, 764, 282, 44, 142, 380, 764, 526, 540, 778, 540, 778, 428, 666, 268, 30, 366, 128, 268, 30, 128, 366, 72, 310, 442, 680, 442, 680, 268, 30, 540, 778, 428, 666, 526, 764, 128, 366, 268, 30, 30, 268, 268, 30, 142, 380, 666, 428, 778, 540, 512, 750, 680, 442, 694, 456, 526, 764, 428, 666, 526, 764, 778, 540, 540, 778, 680, 442, 778, 540, 442, 680, 778, 540, 456, 694, 484, 722, 268, 30, 778, 540, 428, 666, 680, 442, 296, 58, 282, 44, 44, 282, 142, 380, 380, 142, 512, 750, 58, 296, 380, 142, 666, 428, 540, 778, 128, 366, 428, 666, 30, 268, 428, 666, 778, 540, 366, 128, 540, 778, 680, 442, 666, 428, 30, 268, 30, 268, 540, 778, 456, 694, 366, 128, 512, 750, 30, 268, 540, 778, 30, 268, 428, 666, 540, 778, 44, 282, 680, 442, 44, 282, 540, 778, 778, 540, 30, 268, 282, 44, 428, 666, 30, 268, 30, 268, 778, 540, 778, 540, 352, 114, 778, 540, 778, 540, 44, 282, 30, 268, 778, 540, 44, 282, 778, 540, 694, 456, 680, 442, 540, 778, 540, 778, 540, 778, 680, 442, 268, 30, 540, 778, 540, 778, 778, 540, 30, 268, 778, 540, 456, 694, 268, 30, 268, 30, 282, 44, 268, 30, 30, 268, 666, 428, 30, 268, 778, 540, 380, 142, 540, 778, 30, 268, 442, 680, 540, 778, 442, 680, 72, 310, 540, 778, 30, 268, 778, 540, 540, 778, 540, 778, 30, 268, 30, 268, 666, 428, 680, 442, 268, 30, 540, 778, 778, 540, 540, 778, 442, 680}
Labels used: 32
Solution is CORRECT!
Total time used: 2.43 sec
Memory used: 290.31 MB
========================


Trying to find UB = 31...
Build time used: 0.37 sec
Solve time used: 3.48 sec
Solution: 
{764, 526, 16, 254, 30, 268, 128, 366, 16, 254, 792, 554, 722, 484, 792, 554, 680, 442, 16, 254, 366, 128, 268, 30, 442, 680, 16, 254, 680, 442, 310, 72, 442, 680, 268, 30, 680, 442, 778, 540, 722, 484, 16, 254, 366, 128, 484, 722, 100, 338, 16, 254, 554, 792, 554, 792, 254, 16, 554, 792, 366, 128, 442, 680, 268, 30, 128, 366, 540, 778, 540, 778, 30, 268, 778, 540, 254, 16, 778, 540, 792, 554, 442, 680, 442, 680, 442, 680, 254, 16, 428, 666, 254, 16, 128, 366, 268, 30, 366, 128, 16, 254, 366, 128, 16, 254, 170, 408, 30, 268, 666, 428, 540, 778, 680, 442, 254, 16, 30, 268, 792, 554, 366, 128, 366, 128, 30, 268, 16, 254, 16, 254, 792, 554, 16, 254, 792, 554, 554, 792, 554, 792, 30, 268, 680, 442, 680, 442, 540, 778, 680, 442, 540, 778, 268, 30, 128, 366, 540, 778, 722, 484, 428, 666, 666, 428, 366, 128, 268, 30, 722, 484, 128, 366, 540, 778, 554, 792, 540, 778, 366, 128, 442, 680, 484, 722, 778, 540, 778, 540, 778, 540, 540, 778, 128, 366, 680, 442, 778, 540, 554, 792, 540, 778, 442, 680, 540, 778, 254, 16, 268, 30, 442, 680, 526, 764, 366, 128, 540, 778, 778, 540, 366, 128, 680, 442, 442, 680, 268, 30, 792, 554, 442, 680, 16, 254, 540, 778, 554, 792, 16, 254, 254, 16, 30, 268, 778, 540, 442, 680, 268, 30, 778, 540, 128, 366, 30, 268, 680, 442, 30, 268, 680, 442, 722, 484, 30, 268, 778, 540, 128, 366, 128, 366, 30, 268, 128, 366, 268, 30, 680, 442, 30, 268, 16, 254, 442, 680, 680, 442, 72, 310, 30, 268, 128, 366, 442, 680, 366, 128, 16, 254, 554, 792, 526, 764, 128, 366, 254, 16, 554, 792, 366, 128, 254, 16, 778, 540, 778, 540, 254, 16, 254, 16, 30, 268, 554, 792, 30, 268, 30, 268, 540, 778, 30, 268, 442, 680, 366, 128, 16, 254, 428, 666, 442, 680, 254, 16, 442, 680, 30, 268, 254, 16, 680, 442, 778, 540, 268, 30, 442, 680, 30, 268, 442, 680, 268, 30, 484, 722, 30, 268, 540, 778, 268, 30, 268, 30, 778, 540, 30, 268, 442, 680, 680, 442, 778, 540, 128, 366, 310, 72, 540, 778, 268, 30, 16, 254, 666, 428}
Labels used: 24
Solution is CORRECT!
Total time used: 3.65 sec
Memory used: 389.52 MB
========================


Trying to find UB = 23...
Build time used: 0.39 sec
Solve time used: 3.39 sec
Solution: 
{442, 680, 526, 764, 30, 268, 44, 282, 16, 254, 680, 442, 394, 156, 540, 778, 394, 156, 16, 254, 680, 442, 254, 16, 442, 680, 394, 156, 254, 16, 128, 366, 366, 128, 254, 16, 128, 366, 778, 540, 16, 254, 442, 680, 366, 128, 540, 778, 156, 394, 156, 394, 484, 722, 282, 44, 680, 442, 282, 44, 86, 324, 764, 526, 254, 16, 156, 394, 44, 282, 282, 44, 442, 680, 764, 526, 16, 254, 44, 282, 394, 156, 778, 540, 156, 394, 128, 366, 254, 16, 254, 16, 86, 324, 156, 394, 30, 268, 282, 44, 16, 254, 366, 128, 16, 254, 380, 142, 86, 324, 540, 778, 268, 30, 324, 86, 254, 16, 44, 282, 442, 680, 254, 16, 324, 86, 282, 44, 254, 16, 86, 324, 16, 254, 16, 254, 394, 156, 394, 156, 442, 680, 86, 324, 764, 526, 680, 442, 540, 778, 680, 442, 366, 128, 366, 128, 282, 44, 526, 764, 44, 282, 324, 86, 30, 268, 16, 254, 778, 540, 778, 540, 680, 442, 128, 366, 156, 394, 86, 324, 44, 282, 128, 366, 30, 268, 540, 778, 394, 156, 680, 442, 128, 366, 540, 778, 680, 442, 778, 540, 156, 394, 30, 268, 540, 778, 540, 778, 254, 16, 268, 30, 44, 282, 380, 142, 540, 778, 282, 44, 44, 282, 778, 540, 442, 680, 282, 44, 282, 44, 254, 16, 16, 254, 156, 394, 442, 680, 128, 366, 254, 16, 394, 156, 86, 324, 366, 128, 540, 778, 30, 268, 366, 128, 128, 366, 442, 680, 540, 778, 44, 282, 44, 282, 540, 778, 30, 268, 324, 86, 128, 366, 324, 86, 540, 778, 540, 778, 30, 268, 44, 282, 540, 778, 16, 254, 30, 268, 30, 268, 540, 778, 30, 268, 128, 366, 128, 366, 442, 680, 16, 254, 156, 394, 156, 394, 156, 394, 86, 324, 680, 442, 526, 764, 254, 16, 778, 540, 778, 540, 16, 254, 156, 394, 324, 86, 680, 442, 30, 268, 540, 778, 540, 778, 366, 128, 680, 442, 778, 540, 394, 156, 324, 86, 282, 44, 254, 16, 16, 254, 30, 268, 680, 442, 526, 764, 778, 540, 268, 30, 540, 778, 30, 268, 540, 778, 282, 44, 540, 778, 30, 268, 366, 128, 680, 442, 442, 680, 282, 44, 44, 282, 442, 680, 366, 128, 778, 540, 268, 30, 268, 30, 540, 778, 268, 30, 16, 254, 86, 324}
Labels used: 22
Solution is CORRECT!
Total time used: 3.54 sec
Memory used: 391.86 MB
========================


Trying to find UB = 21...
Build time used: 0.32 sec
[runlim] sample:		22.8 time, 20.7 real, 467.6 MB
Solve time used: 3.32 sec
Solution: 
{540, 778, 254, 16, 142, 380, 352, 114, 296, 58, 268, 30, 380, 142, 540, 778, 380, 142, 16, 254, 324, 86, 428, 666, 142, 380, 254, 16, 58, 296, 666, 428, 750, 512, 30, 268, 380, 142, 254, 16, 72, 310, 324, 86, 72, 310, 778, 540, 114, 352, 352, 114, 750, 512, 254, 16, 540, 778, 380, 142, 254, 16, 778, 540, 380, 142, 778, 540, 142, 380, 310, 72, 380, 142, 380, 142, 254, 16, 142, 380, 254, 16, 750, 512, 58, 296, 72, 310, 72, 310, 86, 324, 750, 512, 428, 666, 324, 86, 512, 750, 778, 540, 380, 142, 16, 254, 380, 142, 16, 254, 324, 86, 428, 666, 352, 114, 268, 30, 86, 324, 310, 72, 254, 16, 254, 16, 540, 778, 352, 114, 750, 512, 16, 254, 16, 254, 30, 268, 30, 268, 58, 296, 512, 750, 380, 142, 30, 268, 296, 58, 58, 296, 540, 778, 324, 86, 72, 310, 380, 142, 114, 352, 512, 750, 142, 380, 778, 540, 86, 324, 58, 296, 30, 268, 750, 512, 778, 540, 142, 380, 30, 268, 380, 142, 428, 666, 142, 380, 254, 16, 540, 778, 428, 666, 352, 114, 296, 58, 512, 750, 540, 778, 666, 428, 114, 352, 512, 750, 114, 352, 750, 512, 72, 310, 268, 30, 268, 30, 30, 268, 512, 750, 778, 540, 750, 512, 666, 428, 666, 428, 58, 296, 254, 16, 16, 254, 352, 114, 30, 268, 380, 142, 86, 324, 540, 778, 540, 778, 268, 30, 310, 72, 512, 750, 142, 380, 296, 58, 86, 324, 666, 428, 540, 778, 540, 778, 380, 142, 380, 142, 142, 380, 750, 512, 324, 86, 512, 750, 142, 380, 666, 428, 310, 72, 16, 254, 352, 114, 778, 540, 380, 142, 114, 352, 16, 254, 268, 30, 310, 72, 16, 254, 142, 380, 114, 352, 380, 142, 750, 512, 750, 512, 778, 540, 58, 296, 254, 16, 254, 16, 254, 16, 254, 16, 296, 58, 778, 540, 72, 310, 310, 72, 380, 142, 380, 142, 296, 58, 428, 666, 254, 16, 296, 58, 380, 142, 254, 16, 16, 254, 30, 268, 428, 666, 380, 142, 750, 512, 380, 142, 114, 352, 512, 750, 310, 72, 380, 142, 352, 114, 296, 58, 72, 310, 30, 268, 16, 254, 86, 324, 114, 352, 296, 58, 512, 750, 512, 750, 142, 380, 268, 30, 114, 352, 380, 142, 16, 254, 268, 30}
Labels used: 20
Solution is CORRECT!
Total time used: 3.46 sec
Memory used: 408.85 MB
========================


Trying to find UB = 19...
Build time used: 0.32 sec
Solve time used: 4.13 sec
Solution: 
{16, 254, 16, 254, 114, 352, 16, 254, 414, 652, 30, 268, 254, 16, 414, 652, 414, 652, 16, 254, 652, 414, 254, 16, 268, 30, 352, 114, 16, 254, 114, 352, 352, 114, 652, 414, 380, 142, 792, 554, 254, 16, 30, 268, 540, 778, 30, 268, 296, 58, 58, 296, 86, 324, 324, 86, 254, 16, 16, 254, 778, 540, 414, 652, 16, 254, 414, 652, 540, 778, 324, 86, 778, 540, 778, 540, 352, 114, 554, 792, 792, 554, 414, 652, 554, 792, 554, 792, 296, 58, 296, 58, 352, 114, 324, 86, 254, 16, 324, 86, 554, 792, 778, 540, 16, 254, 142, 380, 414, 652, 142, 380, 30, 268, 652, 414, 792, 554, 86, 324, 296, 58, 652, 414, 652, 414, 16, 254, 16, 254, 16, 254, 540, 778, 142, 380, 652, 414, 58, 296, 86, 324, 254, 16, 792, 554, 142, 380, 324, 86, 114, 352, 30, 268, 324, 86, 114, 352, 268, 30, 142, 380, 296, 58, 380, 142, 352, 114, 296, 58, 352, 114, 352, 114, 778, 540, 414, 652, 142, 380, 268, 30, 324, 86, 652, 414, 380, 142, 352, 114, 540, 778, 778, 540, 352, 114, 30, 268, 778, 540, 254, 16, 30, 268, 296, 58, 114, 352, 254, 16, 778, 540, 414, 652, 778, 540, 86, 324, 352, 114, 86, 324, 58, 296, 380, 142, 114, 352, 324, 86, 16, 254, 414, 652, 352, 114, 86, 324, 16, 254, 554, 792, 414, 652, 114, 352, 114, 352, 142, 380, 778, 540, 114, 352, 86, 324, 86, 324, 30, 268, 30, 268, 114, 352, 778, 540, 30, 268, 380, 142, 58, 296, 380, 142, 268, 30, 296, 58, 540, 778, 58, 296, 30, 268, 652, 414, 30, 268, 114, 352, 540, 778, 296, 58, 324, 86, 652, 414, 414, 652, 792, 554, 380, 142, 792, 554, 86, 324, 352, 114, 554, 792, 652, 414, 254, 16, 778, 540, 792, 554, 414, 652, 414, 652, 30, 268, 792, 554, 142, 380, 324, 86, 540, 778, 268, 30, 352, 114, 324, 86, 58, 296, 652, 414, 778, 540, 254, 16, 16, 254, 30, 268, 30, 268, 352, 114, 778, 540, 268, 30, 540, 778, 30, 268, 540, 778, 268, 30, 540, 778, 114, 352, 540, 778, 778, 540, 30, 268, 652, 414, 778, 540, 142, 380, 324, 86, 540, 778, 30, 268, 268, 30, 540, 778, 268, 30, 16, 254, 554, 792}
Labels used: 18
Solution is CORRECT!
Total time used: 4.27 sec
Memory used: 553.59 MB
========================


Trying to find UB = 17...
Build time used: 0.38 sec
[runlim] sample:		38.0 time, 30.7 real, 629.0 MB
Solve time used: 6.70 sec
Solution: 
{428, 666, 428, 666, 30, 268, 666, 428, 778, 540, 44, 282, 428, 666, 30, 268, 30, 268, 428, 666, 282, 44, 750, 512, 128, 366, 778, 540, 750, 512, 778, 540, 666, 428, 512, 750, 380, 142, 30, 268, 128, 366, 750, 512, 778, 540, 128, 366, 16, 254, 254, 16, 282, 44, 282, 44, 540, 778, 778, 540, 30, 268, 428, 666, 128, 366, 142, 380, 268, 30, 30, 268, 666, 428, 268, 30, 540, 778, 666, 428, 666, 428, 128, 366, 428, 666, 428, 666, 254, 16, 254, 16, 428, 666, 366, 128, 750, 512, 666, 428, 666, 428, 366, 128, 282, 44, 142, 380, 16, 254, 142, 380, 282, 44, 254, 16, 540, 778, 428, 666, 142, 380, 30, 268, 540, 778, 428, 666, 428, 666, 16, 254, 128, 366, 666, 428, 428, 666, 254, 16, 254, 16, 44, 282, 512, 750, 778, 540, 540, 778, 778, 540, 666, 428, 268, 30, 30, 268, 366, 128, 666, 428, 282, 44, 366, 128, 428, 666, 268, 30, 750, 512, 128, 366, 44, 282, 666, 428, 30, 268, 778, 540, 428, 666, 512, 750, 30, 268, 30, 268, 778, 540, 666, 428, 366, 128, 366, 128, 778, 540, 268, 30, 428, 666, 666, 428, 540, 778, 128, 366, 282, 44, 428, 666, 512, 750, 540, 778, 282, 44, 268, 30, 366, 128, 128, 366, 666, 428, 366, 128, 254, 16, 268, 30, 778, 540, 44, 282, 30, 268, 428, 666, 778, 540, 366, 128, 428, 666, 268, 30, 44, 282, 366, 128, 540, 778, 30, 268, 366, 128, 380, 142, 366, 128, 128, 366, 282, 44, 268, 30, 282, 44, 428, 666, 366, 128, 380, 142, 366, 128, 44, 282, 30, 268, 128, 366, 282, 44, 666, 428, 142, 380, 282, 44, 540, 778, 428, 666, 366, 128, 128, 366, 142, 380, 16, 254, 268, 30, 778, 540, 540, 778, 128, 366, 254, 16, 44, 282, 30, 268, 268, 30, 666, 428, 540, 778, 380, 142, 30, 268, 540, 778, 778, 540, 30, 268, 540, 778, 778, 540, 428, 666, 16, 254, 666, 428, 540, 778, 366, 128, 268, 30, 30, 268, 128, 366, 778, 540, 268, 30, 44, 282, 268, 30, 44, 282, 268, 30, 666, 428, 142, 380, 282, 44, 428, 666, 380, 142, 254, 16, 366, 128, 44, 282, 282, 44, 44, 282, 540, 778, 540, 778, 128, 366, 268, 30, 128, 366, 778, 540}
Labels used: 16
Solution is CORRECT!
Total time used: 6.80 sec
Memory used: 590.94 MB
========================


Trying to find UB = 15...
Build time used: 0.21 sec
Solve time used: 3.35 sec
Solution: 
{484, 722, 114, 352, 540, 778, 58, 296, 680, 442, 778, 540, 442, 680, 540, 778, 484, 722, 352, 114, 352, 114, 484, 722, 778, 540, 442, 680, 58, 296, 778, 540, 30, 268, 778, 540, 30, 268, 142, 380, 296, 58, 484, 722, 540, 778, 442, 680, 114, 352, 352, 114, 442, 680, 778, 540, 352, 114, 352, 114, 30, 268, 540, 778, 296, 58, 268, 30, 268, 30, 352, 114, 484, 722, 296, 58, 680, 442, 380, 142, 778, 540, 352, 114, 268, 30, 268, 30, 680, 442, 680, 442, 778, 540, 722, 484, 114, 352, 380, 142, 484, 722, 380, 142, 722, 484, 380, 142, 352, 114, 380, 142, 442, 680, 778, 540, 352, 114, 778, 540, 268, 30, 296, 58, 296, 58, 114, 352, 114, 352, 352, 114, 484, 722, 30, 268, 58, 296, 296, 58, 484, 722, 30, 268, 380, 142, 778, 540, 540, 778, 442, 680, 296, 58, 380, 142, 540, 778, 722, 484, 540, 778, 296, 58, 778, 540, 30, 268, 722, 484, 722, 484, 680, 442, 778, 540, 680, 442, 380, 142, 142, 380, 540, 778, 540, 778, 30, 268, 680, 442, 442, 680, 268, 30, 58, 296, 680, 442, 30, 268, 352, 114, 680, 442, 58, 296, 442, 680, 352, 114, 442, 680, 722, 484, 484, 722, 442, 680, 30, 268, 30, 268, 722, 484, 442, 680, 680, 442, 352, 114, 352, 114, 352, 114, 484, 722, 142, 380, 540, 778, 268, 30, 268, 30, 58, 296, 114, 352, 540, 778, 540, 778, 540, 778, 114, 352, 442, 680, 540, 778, 778, 540, 142, 380, 540, 778, 58, 296, 142, 380, 722, 484, 58, 296, 442, 680, 442, 680, 484, 722, 680, 442, 142, 380, 30, 268, 778, 540, 442, 680, 540, 778, 296, 58, 722, 484, 296, 58, 778, 540, 30, 268, 296, 58, 380, 142, 296, 58, 778, 540, 484, 722, 352, 114, 680, 442, 142, 380, 142, 380, 722, 484, 722, 484, 114, 352, 268, 30, 442, 680, 114, 352, 540, 778, 352, 114, 778, 540, 778, 540, 680, 442, 30, 268, 442, 680, 30, 268, 442, 680, 380, 142, 484, 722, 352, 114, 540, 778, 352, 114, 58, 296, 722, 484, 442, 680, 58, 296, 442, 680, 722, 484, 58, 296, 30, 268, 380, 142, 142, 380, 114, 352, 778, 540, 114, 352, 778, 540, 442, 680, 268, 30, 484, 722, 484, 722, 58, 296, 484, 722}
Labels used: 14
Solution is CORRECT!
Total time used: 3.46 sec
Memory used: 592.02 MB
========================


Trying to find UB = 13...
Build time used: 0.21 sec
[runlim] sample:		57.4 time, 40.7 real, 663.5 MB
[runlim] sample:		96.2 time, 50.7 real, 844.7 MB
[runlim] sample:		135.5 time, 60.7 real, 917.7 MB
[runlim] sample:		174.8 time, 70.7 real, 910.8 MB
[runlim] sample:		202.2 time, 80.7 real, 911.2 MB
[runlim] sample:		256.8 time, 90.7 real, 1071.2 MB
[runlim] sample:		307.6 time, 100.7 real, 1169.6 MB
[runlim] sample:		357.7 time, 110.7 real, 1322.9 MB
[runlim] sample:		409.5 time, 120.7 real, 1382.8 MB
[runlim] sample:		468.3 time, 130.7 real, 1417.1 MB
[runlim] sample:		521.6 time, 140.7 real, 1442.4 MB
[runlim] sample:		579.5 time, 150.7 real, 1466.8 MB
[runlim] sample:		592.5 time, 160.7 real, 1467.9 MB
[runlim] sample:		623.9 time, 170.7 real, 1519.7 MB
[runlim] sample:		663.6 time, 180.7 real, 1651.0 MB
[runlim] sample:		703.9 time, 190.7 real, 1689.3 MB
[runlim] sample:		744.2 time, 200.7 real, 1771.5 MB
[runlim] sample:		784.5 time, 210.7 real, 1833.1 MB
[runlim] sample:		824.7 time, 220.7 real, 1853.3 MB
[runlim] sample:		865.0 time, 230.7 real, 1836.0 MB
[runlim] sample:		905.2 time, 240.7 real, 1848.6 MB
[runlim] sample:		945.5 time, 250.7 real, 1864.5 MB
[runlim] sample:		985.8 time, 260.7 real, 1865.3 MB
[runlim] sample:		1022.4 time, 270.7 real, 1860.3 MB
[runlim] sample:		1037.2 time, 280.7 real, 1839.5 MB
[runlim] sample:		1068.5 time, 290.7 real, 1841.5 MB
[runlim] sample:		1126.0 time, 300.7 real, 1820.6 MB
[runlim] sample:		1184.0 time, 310.7 real, 1849.9 MB
[runlim] sample:		1237.9 time, 320.7 real, 1854.3 MB
[runlim] sample:		1297.9 time, 330.7 real, 1856.7 MB
[runlim] sample:		1344.4 time, 340.7 real, 1863.7 MB
[runlim] sample:		1404.4 time, 350.7 real, 1863.7 MB
[runlim] sample:		1464.5 time, 360.7 real, 1863.7 MB
[runlim] sample:		1521.1 time, 370.7 real, 1866.2 MB
[runlim] sample:		1581.2 time, 380.7 real, 1867.2 MB
[runlim] sample:		1641.2 time, 390.7 real, 1867.4 MB
[runlim] sample:		1693.8 time, 400.7 real, 1867.5 MB
[runlim] sample:		1753.9 time, 410.7 real, 1868.2 MB
[runlim] sample:		1813.9 time, 420.7 real, 1870.8 MB
[runlim] sample:		1873.9 time, 430.7 real, 1870.9 MB
[runlim] sample:		1928.0 time, 440.7 real, 1872.7 MB
[runlim] sample:		1988.1 time, 450.7 real, 1873.4 MB
[runlim] sample:		2048.1 time, 460.7 real, 1874.8 MB
[runlim] sample:		2100.4 time, 470.7 real, 1875.2 MB
[runlim] sample:		2145.7 time, 480.7 real, 1875.8 MB
[runlim] sample:		2163.1 time, 490.7 real, 1875.9 MB
[runlim] sample:		2210.0 time, 500.7 real, 1876.0 MB
[runlim] sample:		2270.1 time, 510.7 real, 1876.0 MB
[runlim] sample:		2330.1 time, 520.7 real, 1876.4 MB
[runlim] sample:		2389.1 time, 530.7 real, 1877.0 MB
[runlim] sample:		2443.3 time, 540.7 real, 1878.2 MB
[runlim] sample:		2503.3 time, 550.7 real, 1878.7 MB
[runlim] sample:		2559.5 time, 560.7 real, 1879.4 MB
[runlim] sample:		2619.5 time, 570.7 real, 1879.6 MB
[runlim] sample:		2677.4 time, 580.7 real, 1879.6 MB
[runlim] sample:		2737.5 time, 590.7 real, 1879.8 MB
[runlim] end:			Tue Dec  9 18:57:54 2025
[runlim] status:		out of time
[runlim] result:		2
[runlim] children:		0
[runlim] real:			600.17 seconds
[runlim] time:			2792.61 seconds
[runlim] space:			1879.8 MB
[runlim] samples:		5994
