[runlim] version:		1.10
[runlim] time limit:		311040000 seconds
[runlim] real time limit:	600 seconds
[runlim] space limit:		14000 MB
[runlim] argv[0]:		python3
[runlim] argv[1]:		-u
[runlim] argv[2]:		main.py
[runlim] argv[3]:		scen10
[runlim] start:			Wed Jan 21 00:37:32 2026
[runlim] main pid:		29209
Building Gurobi model...
Set parameter WLSAccessID
Set parameter WLSSecret
Set parameter LicenseID to value 2663665
Academic license 2663665 - for non-commercial use only - registered to tu___@vnu.edu.vn
Build time used: 0.57 sec
Solving...
No solution found.
Total time used: 0.59 sec
Memory used: 66.83 MB
[runlim] end:			Wed Jan 21 00:37:33 2026
[runlim] status:		ok
[runlim] result:		0
[runlim] children:		0
[runlim] real:			1.39 seconds
[runlim] time:			0.58 seconds
[runlim] space:			50.5 MB
[runlim] samples:		6
