[runlim] version:		1.10
[runlim] time limit:		311040000 seconds
[runlim] real time limit:	600 seconds
[runlim] space limit:		14000 MB
[runlim] argv[0]:		python3
[runlim] argv[1]:		-u
[runlim] argv[2]:		main.py
[runlim] argv[3]:		TUD200.3
[runlim] start:			Sat Jan 24 18:36:28 2026
[runlim] main pid:		31436
Building Gurobi model...
Set parameter WLSAccessID
Set parameter WLSSecret
Set parameter LicenseID to value 2663665
Academic license 2663665 - for non-commercial use only - registered to tu___@vnu.edu.vn
Build time used: 1.14 sec
Solving...
{1: 736, 2: 498, 3: 680, 4: 442, 5: 86, 6: 324, 7: 142, 8: 380, 9: 764, 10: 526, 11: 142, 12: 380, 13: 30, 14: 268, 15: 442, 16: 680, 17: 170, 18: 408, 19: 394, 20: 156, 21: 324, 22: 86, 23: 442, 24: 680, 25: 366, 26: 128, 27: 652, 28: 414, 29: 58, 30: 296, 31: 554, 32: 792, 33: 72, 34: 310, 35: 30, 36: 268, 37: 414, 38: 652, 39: 526, 40: 764, 41: 324, 42: 86, 43: 296, 44: 58, 45: 380, 46: 142, 47: 540, 48: 778, 49: 254, 50: 16, 51: 540, 52: 778, 53: 526, 54: 764, 55: 282, 56: 44, 57: 736, 58: 498, 59: 380, 60: 142, 61: 254, 62: 16, 63: 414, 64: 652, 65: 114, 66: 352, 67: 352, 68: 114, 69: 498, 70: 736, 71: 428, 72: 666, 73: 58, 74: 296, 75: 100, 76: 338, 77: 254, 78: 16, 79: 30, 80: 268, 81: 352, 82: 114, 83: 58, 84: 296, 85: 324, 86: 86, 87: 128, 88: 366, 89: 736, 90: 498, 91: 338, 92: 100, 93: 708, 94: 470, 95: 338, 96: 100, 97: 380, 98: 142, 99: 142, 100: 380, 101: 456, 102: 694, 103: 540, 104: 778, 105: 736, 106: 498, 107: 352, 108: 114, 109: 512, 110: 750, 111: 722, 112: 484, 113: 792, 114: 554, 115: 680, 116: 442, 117: 498, 118: 736, 119: 380, 120: 142, 121: 240, 122: 478, 123: 428, 124: 666, 125: 540, 126: 778, 127: 792, 128: 554, 129: 324, 130: 86, 131: 380, 132: 142, 133: 142, 134: 380, 135: 16, 136: 254, 137: 324, 138: 86, 139: 680, 140: 442, 141: 456, 142: 694, 143: 666, 144: 428, 145: 72, 146: 310, 147: 442, 148: 680, 149: 254, 150: 16, 151: 72, 152: 310, 153: 778, 154: 540, 155: 114, 156: 352, 157: 30, 158: 268, 159: 16, 160: 254, 161: 792, 162: 554, 163: 352, 164: 114, 165: 254, 166: 16, 167: 254, 168: 16, 169: 708, 170: 470, 171: 30, 172: 268, 173: 750, 174: 512, 175: 778, 176: 540, 177: 100, 178: 338, 179: 170, 180: 408, 181: 792, 182: 554, 183: 694, 184: 456, 185: 428, 186: 666, 187: 142, 188: 380, 189: 268, 190: 30, 191: 680, 192: 442, 193: 380, 194: 142, 195: 498, 196: 736, 197: 324, 198: 86, 199: 498, 200: 736}

Number of labels used: 48
Total time used: 2.92 sec
Memory used: 239.94 MB
================================
{1: 540, 2: 778, 3: 380, 4: 142, 5: 722, 6: 484, 7: 268, 8: 30, 9: 680, 10: 442, 11: 240, 12: 478, 13: 16, 14: 254, 15: 792, 16: 554, 17: 240, 18: 478, 19: 142, 20: 380, 21: 72, 22: 310, 23: 324, 24: 86, 25: 324, 26: 86, 27: 778, 28: 540, 29: 156, 30: 394, 31: 540, 32: 778, 33: 666, 34: 428, 35: 142, 36: 380, 37: 156, 38: 394, 39: 680, 40: 442, 41: 16, 42: 254, 43: 540, 44: 778, 45: 16, 46: 254, 47: 764, 48: 526, 49: 380, 50: 142, 51: 540, 52: 778, 53: 30, 54: 268, 55: 484, 56: 722, 57: 680, 58: 442, 59: 268, 60: 30, 61: 324, 62: 86, 63: 722, 64: 484, 65: 484, 66: 722, 67: 268, 68: 30, 69: 72, 70: 310, 71: 142, 72: 380, 73: 86, 74: 324, 75: 764, 76: 526, 77: 16, 78: 254, 79: 680, 80: 442, 81: 680, 82: 442, 83: 380, 84: 142, 85: 268, 86: 30, 87: 30, 88: 268, 89: 722, 90: 484, 91: 254, 92: 16, 93: 254, 94: 16, 95: 142, 96: 380, 97: 142, 98: 380, 99: 142, 100: 380, 101: 792, 102: 554, 103: 694, 104: 456, 105: 114, 106: 352, 107: 254, 108: 16, 109: 778, 110: 540, 111: 484, 112: 722, 113: 778, 114: 540, 115: 16, 116: 254, 117: 282, 118: 44, 119: 114, 120: 352, 121: 240, 122: 478, 123: 442, 124: 680, 125: 540, 126: 778, 127: 694, 128: 456, 129: 30, 130: 268, 131: 380, 132: 142, 133: 778, 134: 540, 135: 30, 136: 268, 137: 324, 138: 86, 139: 680, 140: 442, 141: 352, 142: 114, 143: 484, 144: 722, 145: 778, 146: 540, 147: 30, 148: 268, 149: 380, 150: 142, 151: 792, 152: 554, 153: 792, 154: 554, 155: 540, 156: 778, 157: 30, 158: 268, 159: 156, 160: 394, 161: 282, 162: 44, 163: 100, 164: 338, 165: 16, 166: 254, 167: 16, 168: 254, 169: 680, 170: 442, 171: 554, 172: 792, 173: 268, 174: 30, 175: 442, 176: 680, 177: 254, 178: 16, 179: 478, 180: 240, 181: 142, 182: 380, 183: 142, 184: 380, 185: 778, 186: 540, 187: 16, 188: 254, 189: 778, 190: 540, 191: 30, 192: 268, 193: 114, 194: 352, 195: 380, 196: 142, 197: 442, 198: 680, 199: 16, 200: 254}

Number of labels used: 34
Total time used: 2.94 sec
Memory used: 242.07 MB
================================
{1: 540, 2: 778, 3: 380, 4: 142, 5: 722, 6: 484, 7: 268, 8: 30, 9: 680, 10: 442, 11: 240, 12: 478, 13: 16, 14: 254, 15: 792, 16: 554, 17: 240, 18: 478, 19: 142, 20: 380, 21: 72, 22: 310, 23: 324, 24: 86, 25: 324, 26: 86, 27: 778, 28: 540, 29: 156, 30: 394, 31: 540, 32: 778, 33: 666, 34: 428, 35: 142, 36: 380, 37: 156, 38: 394, 39: 680, 40: 442, 41: 16, 42: 254, 43: 540, 44: 778, 45: 16, 46: 254, 47: 764, 48: 526, 49: 380, 50: 142, 51: 540, 52: 778, 53: 30, 54: 268, 55: 484, 56: 722, 57: 680, 58: 442, 59: 268, 60: 30, 61: 324, 62: 86, 63: 722, 64: 484, 65: 484, 66: 722, 67: 268, 68: 30, 69: 72, 70: 310, 71: 142, 72: 380, 73: 86, 74: 324, 75: 764, 76: 526, 77: 16, 78: 254, 79: 680, 80: 442, 81: 680, 82: 442, 83: 380, 84: 142, 85: 268, 86: 30, 87: 30, 88: 268, 89: 722, 90: 484, 91: 254, 92: 16, 93: 254, 94: 16, 95: 142, 96: 380, 97: 142, 98: 380, 99: 142, 100: 380, 101: 792, 102: 554, 103: 694, 104: 456, 105: 114, 106: 352, 107: 254, 108: 16, 109: 778, 110: 540, 111: 484, 112: 722, 113: 778, 114: 540, 115: 16, 116: 254, 117: 282, 118: 44, 119: 114, 120: 352, 121: 240, 122: 478, 123: 442, 124: 680, 125: 540, 126: 778, 127: 694, 128: 456, 129: 30, 130: 268, 131: 380, 132: 142, 133: 778, 134: 540, 135: 30, 136: 268, 137: 324, 138: 86, 139: 680, 140: 442, 141: 352, 142: 114, 143: 484, 144: 722, 145: 778, 146: 540, 147: 30, 148: 268, 149: 380, 150: 142, 151: 792, 152: 554, 153: 792, 154: 554, 155: 540, 156: 778, 157: 30, 158: 268, 159: 156, 160: 394, 161: 282, 162: 44, 163: 100, 164: 338, 165: 16, 166: 254, 167: 16, 168: 254, 169: 680, 170: 442, 171: 554, 172: 792, 173: 268, 174: 30, 175: 442, 176: 680, 177: 254, 178: 16, 179: 478, 180: 240, 181: 142, 182: 380, 183: 142, 184: 380, 185: 778, 186: 540, 187: 16, 188: 254, 189: 778, 190: 540, 191: 30, 192: 268, 193: 114, 194: 352, 195: 380, 196: 142, 197: 442, 198: 680, 199: 16, 200: 254}

Number of labels used: 34
Total time used: 2.95 sec
Memory used: 246.18 MB
================================
{1: 540, 2: 778, 3: 380, 4: 142, 5: 722, 6: 484, 7: 268, 8: 30, 9: 680, 10: 442, 11: 240, 12: 478, 13: 254, 14: 16, 15: 792, 16: 554, 17: 240, 18: 478, 19: 142, 20: 380, 21: 72, 22: 310, 23: 142, 24: 380, 25: 324, 26: 86, 27: 778, 28: 540, 29: 156, 30: 394, 31: 540, 32: 778, 33: 666, 34: 428, 35: 142, 36: 380, 37: 156, 38: 394, 39: 554, 40: 792, 41: 16, 42: 254, 43: 540, 44: 778, 45: 16, 46: 254, 47: 764, 48: 526, 49: 380, 50: 142, 51: 540, 52: 778, 53: 30, 54: 268, 55: 380, 56: 142, 57: 680, 58: 442, 59: 310, 60: 72, 61: 324, 62: 86, 63: 722, 64: 484, 65: 484, 66: 722, 67: 310, 68: 72, 69: 72, 70: 310, 71: 86, 72: 324, 73: 86, 74: 324, 75: 792, 76: 554, 77: 282, 78: 44, 79: 680, 80: 442, 81: 680, 82: 442, 83: 380, 84: 142, 85: 268, 86: 30, 87: 86, 88: 324, 89: 722, 90: 484, 91: 254, 92: 16, 93: 254, 94: 16, 95: 310, 96: 72, 97: 142, 98: 380, 99: 142, 100: 380, 101: 792, 102: 554, 103: 694, 104: 456, 105: 310, 106: 72, 107: 254, 108: 16, 109: 778, 110: 540, 111: 442, 112: 680, 113: 778, 114: 540, 115: 16, 116: 254, 117: 282, 118: 44, 119: 114, 120: 352, 121: 240, 122: 478, 123: 680, 124: 442, 125: 540, 126: 778, 127: 694, 128: 456, 129: 268, 130: 30, 131: 380, 132: 142, 133: 778, 134: 540, 135: 16, 136: 254, 137: 324, 138: 86, 139: 680, 140: 442, 141: 324, 142: 86, 143: 778, 144: 540, 145: 778, 146: 540, 147: 30, 148: 268, 149: 380, 150: 142, 151: 778, 152: 540, 153: 792, 154: 554, 155: 540, 156: 778, 157: 30, 158: 268, 159: 156, 160: 394, 161: 30, 162: 268, 163: 86, 164: 324, 165: 16, 166: 254, 167: 16, 168: 254, 169: 680, 170: 442, 171: 380, 172: 142, 173: 268, 174: 30, 175: 442, 176: 680, 177: 254, 178: 16, 179: 478, 180: 240, 181: 72, 182: 310, 183: 142, 184: 380, 185: 778, 186: 540, 187: 16, 188: 254, 189: 778, 190: 540, 191: 324, 192: 86, 193: 114, 194: 352, 195: 380, 196: 142, 197: 442, 198: 680, 199: 114, 200: 352}

Number of labels used: 32
Total time used: 2.97 sec
Memory used: 246.43 MB
================================
{1: 540, 2: 778, 3: 526, 4: 764, 5: 86, 6: 324, 7: 526, 8: 764, 9: 86, 10: 324, 11: 380, 12: 142, 13: 16, 14: 254, 15: 442, 16: 680, 17: 170, 18: 408, 19: 666, 20: 428, 21: 680, 22: 442, 23: 142, 24: 380, 25: 30, 26: 268, 27: 666, 28: 428, 29: 380, 30: 142, 31: 366, 32: 128, 33: 442, 34: 680, 35: 142, 36: 380, 37: 86, 38: 324, 39: 680, 40: 442, 41: 324, 42: 86, 43: 666, 44: 428, 45: 16, 46: 254, 47: 380, 48: 142, 49: 380, 50: 142, 51: 540, 52: 778, 53: 380, 54: 142, 55: 380, 56: 142, 57: 680, 58: 442, 59: 268, 60: 30, 61: 254, 62: 16, 63: 512, 64: 750, 65: 736, 66: 498, 67: 282, 68: 44, 69: 142, 70: 380, 71: 86, 72: 324, 73: 86, 74: 324, 75: 380, 76: 142, 77: 100, 78: 338, 79: 44, 80: 282, 81: 680, 82: 442, 83: 380, 84: 142, 85: 526, 86: 764, 87: 30, 88: 268, 89: 540, 90: 778, 91: 254, 92: 16, 93: 254, 94: 16, 95: 380, 96: 142, 97: 142, 98: 380, 99: 142, 100: 380, 101: 442, 102: 680, 103: 540, 104: 778, 105: 254, 106: 16, 107: 254, 108: 16, 109: 442, 110: 680, 111: 442, 112: 680, 113: 680, 114: 442, 115: 16, 116: 254, 117: 324, 118: 86, 119: 428, 120: 666, 121: 240, 122: 478, 123: 778, 124: 540, 125: 540, 126: 778, 127: 540, 128: 778, 129: 324, 130: 86, 131: 380, 132: 142, 133: 778, 134: 540, 135: 30, 136: 268, 137: 86, 138: 324, 139: 750, 140: 512, 141: 512, 142: 750, 143: 778, 144: 540, 145: 778, 146: 540, 147: 498, 148: 736, 149: 380, 150: 142, 151: 86, 152: 324, 153: 498, 154: 736, 155: 268, 156: 30, 157: 282, 158: 44, 159: 526, 160: 764, 161: 526, 162: 764, 163: 268, 164: 30, 165: 268, 166: 30, 167: 86, 168: 324, 169: 540, 170: 778, 171: 254, 172: 16, 173: 268, 174: 30, 175: 442, 176: 680, 177: 254, 178: 16, 179: 478, 180: 240, 181: 86, 182: 324, 183: 380, 184: 142, 185: 778, 186: 540, 187: 16, 188: 254, 189: 778, 190: 540, 191: 30, 192: 268, 193: 540, 194: 778, 195: 324, 196: 86, 197: 442, 198: 680, 199: 86, 200: 324}

Number of labels used: 30
Total time used: 3.17 sec
Memory used: 274.53 MB
================================
{1: 540, 2: 778, 3: 526, 4: 764, 5: 86, 6: 324, 7: 526, 8: 764, 9: 86, 10: 324, 11: 380, 12: 142, 13: 16, 14: 254, 15: 442, 16: 680, 17: 142, 18: 380, 19: 666, 20: 428, 21: 680, 22: 442, 23: 142, 24: 380, 25: 30, 26: 268, 27: 778, 28: 540, 29: 380, 30: 142, 31: 366, 32: 128, 33: 442, 34: 680, 35: 142, 36: 380, 37: 86, 38: 324, 39: 680, 40: 442, 41: 324, 42: 86, 43: 666, 44: 428, 45: 16, 46: 254, 47: 380, 48: 142, 49: 380, 50: 142, 51: 540, 52: 778, 53: 380, 54: 142, 55: 380, 56: 142, 57: 680, 58: 442, 59: 268, 60: 30, 61: 254, 62: 16, 63: 512, 64: 750, 65: 736, 66: 498, 67: 268, 68: 30, 69: 142, 70: 380, 71: 86, 72: 324, 73: 86, 74: 324, 75: 380, 76: 142, 77: 16, 78: 254, 79: 30, 80: 268, 81: 680, 82: 442, 83: 380, 84: 142, 85: 526, 86: 764, 87: 86, 88: 324, 89: 540, 90: 778, 91: 254, 92: 16, 93: 254, 94: 16, 95: 380, 96: 142, 97: 142, 98: 380, 99: 170, 100: 408, 101: 442, 102: 680, 103: 540, 104: 778, 105: 310, 106: 72, 107: 254, 108: 16, 109: 442, 110: 680, 111: 442, 112: 680, 113: 680, 114: 442, 115: 254, 116: 16, 117: 324, 118: 86, 119: 428, 120: 666, 121: 240, 122: 478, 123: 778, 124: 540, 125: 540, 126: 778, 127: 540, 128: 778, 129: 324, 130: 86, 131: 380, 132: 142, 133: 778, 134: 540, 135: 16, 136: 254, 137: 86, 138: 324, 139: 750, 140: 512, 141: 540, 142: 778, 143: 778, 144: 540, 145: 778, 146: 540, 147: 498, 148: 736, 149: 380, 150: 142, 151: 86, 152: 324, 153: 680, 154: 442, 155: 268, 156: 30, 157: 30, 158: 268, 159: 526, 160: 764, 161: 442, 162: 680, 163: 310, 164: 72, 165: 268, 166: 30, 167: 86, 168: 324, 169: 540, 170: 778, 171: 254, 172: 16, 173: 268, 174: 30, 175: 442, 176: 680, 177: 254, 178: 16, 179: 478, 180: 240, 181: 86, 182: 324, 183: 380, 184: 142, 185: 778, 186: 540, 187: 16, 188: 254, 189: 778, 190: 540, 191: 30, 192: 268, 193: 540, 194: 778, 195: 324, 196: 86, 197: 442, 198: 680, 199: 254, 200: 16}

Number of labels used: 28
Total time used: 3.17 sec
Memory used: 274.65 MB
================================
{1: 540, 2: 778, 3: 526, 4: 764, 5: 86, 6: 324, 7: 498, 8: 736, 9: 86, 10: 324, 11: 380, 12: 142, 13: 254, 14: 16, 15: 442, 16: 680, 17: 142, 18: 380, 19: 666, 20: 428, 21: 680, 22: 442, 23: 324, 24: 86, 25: 310, 26: 72, 27: 778, 28: 540, 29: 380, 30: 142, 31: 366, 32: 128, 33: 442, 34: 680, 35: 142, 36: 380, 37: 778, 38: 540, 39: 680, 40: 442, 41: 72, 42: 310, 43: 666, 44: 428, 45: 16, 46: 254, 47: 380, 48: 142, 49: 380, 50: 142, 51: 540, 52: 778, 53: 142, 54: 380, 55: 380, 56: 142, 57: 680, 58: 442, 59: 254, 60: 16, 61: 254, 62: 16, 63: 498, 64: 736, 65: 16, 66: 254, 67: 310, 68: 72, 69: 142, 70: 380, 71: 86, 72: 324, 73: 86, 74: 324, 75: 380, 76: 142, 77: 16, 78: 254, 79: 30, 80: 268, 81: 680, 82: 442, 83: 380, 84: 142, 85: 526, 86: 764, 87: 86, 88: 324, 89: 540, 90: 778, 91: 254, 92: 16, 93: 254, 94: 16, 95: 380, 96: 142, 97: 240, 98: 478, 99: 478, 100: 240, 101: 442, 102: 680, 103: 540, 104: 778, 105: 310, 106: 72, 107: 254, 108: 16, 109: 442, 110: 680, 111: 442, 112: 680, 113: 680, 114: 442, 115: 16, 116: 254, 117: 324, 118: 86, 119: 428, 120: 666, 121: 380, 122: 142, 123: 778, 124: 540, 125: 540, 126: 778, 127: 540, 128: 778, 129: 72, 130: 310, 131: 380, 132: 142, 133: 778, 134: 540, 135: 16, 136: 254, 137: 86, 138: 324, 139: 680, 140: 442, 141: 540, 142: 778, 143: 778, 144: 540, 145: 778, 146: 540, 147: 498, 148: 736, 149: 380, 150: 142, 151: 86, 152: 324, 153: 680, 154: 442, 155: 268, 156: 30, 157: 142, 158: 380, 159: 526, 160: 764, 161: 442, 162: 680, 163: 310, 164: 72, 165: 268, 166: 30, 167: 86, 168: 324, 169: 540, 170: 778, 171: 254, 172: 16, 173: 268, 174: 30, 175: 442, 176: 680, 177: 254, 178: 16, 179: 478, 180: 240, 181: 86, 182: 324, 183: 380, 184: 142, 185: 778, 186: 540, 187: 16, 188: 254, 189: 778, 190: 540, 191: 72, 192: 310, 193: 540, 194: 778, 195: 324, 196: 86, 197: 442, 198: 680, 199: 254, 200: 16}

Number of labels used: 24
Total time used: 3.18 sec
Memory used: 274.82 MB
================================
{1: 498, 2: 736, 3: 86, 4: 324, 5: 86, 6: 324, 7: 498, 8: 736, 9: 680, 10: 442, 11: 380, 12: 142, 13: 442, 14: 680, 15: 736, 16: 498, 17: 142, 18: 380, 19: 666, 20: 428, 21: 778, 22: 540, 23: 324, 24: 86, 25: 310, 26: 72, 27: 736, 28: 498, 29: 142, 30: 380, 31: 254, 32: 16, 33: 380, 34: 142, 35: 142, 36: 380, 37: 540, 38: 778, 39: 736, 40: 498, 41: 128, 42: 366, 43: 380, 44: 142, 45: 16, 46: 254, 47: 128, 48: 366, 49: 680, 50: 442, 51: 540, 52: 778, 53: 142, 54: 380, 55: 86, 56: 324, 57: 498, 58: 736, 59: 254, 60: 16, 61: 254, 62: 16, 63: 778, 64: 540, 65: 778, 66: 540, 67: 310, 68: 72, 69: 72, 70: 310, 71: 310, 72: 72, 73: 86, 74: 324, 75: 366, 76: 128, 77: 142, 78: 380, 79: 72, 80: 310, 81: 442, 82: 680, 83: 380, 84: 142, 85: 540, 86: 778, 87: 86, 88: 324, 89: 778, 90: 540, 91: 254, 92: 16, 93: 254, 94: 16, 95: 380, 96: 142, 97: 240, 98: 478, 99: 478, 100: 240, 101: 310, 102: 72, 103: 736, 104: 498, 105: 16, 106: 254, 107: 254, 108: 16, 109: 442, 110: 680, 111: 540, 112: 778, 113: 680, 114: 442, 115: 16, 116: 254, 117: 324, 118: 86, 119: 442, 120: 680, 121: 380, 122: 142, 123: 778, 124: 540, 125: 86, 126: 324, 127: 540, 128: 778, 129: 666, 130: 428, 131: 142, 132: 380, 133: 778, 134: 540, 135: 16, 136: 254, 137: 324, 138: 86, 139: 680, 140: 442, 141: 428, 142: 666, 143: 540, 144: 778, 145: 778, 146: 540, 147: 498, 148: 736, 149: 142, 150: 380, 151: 142, 152: 380, 153: 680, 154: 442, 155: 310, 156: 72, 157: 142, 158: 380, 159: 540, 160: 778, 161: 778, 162: 540, 163: 310, 164: 72, 165: 254, 166: 16, 167: 86, 168: 324, 169: 498, 170: 736, 171: 254, 172: 16, 173: 310, 174: 72, 175: 428, 176: 666, 177: 324, 178: 86, 179: 478, 180: 240, 181: 142, 182: 380, 183: 380, 184: 142, 185: 778, 186: 540, 187: 86, 188: 324, 189: 778, 190: 540, 191: 72, 192: 310, 193: 736, 194: 498, 195: 324, 196: 86, 197: 442, 198: 680, 199: 128, 200: 366}

Number of labels used: 20
Total time used: 3.76 sec
Memory used: 290.11 MB
================================
{1: 498, 2: 736, 3: 86, 4: 324, 5: 86, 6: 324, 7: 498, 8: 736, 9: 680, 10: 442, 11: 380, 12: 142, 13: 442, 14: 680, 15: 736, 16: 498, 17: 142, 18: 380, 19: 666, 20: 428, 21: 778, 22: 540, 23: 324, 24: 86, 25: 310, 26: 72, 27: 736, 28: 498, 29: 142, 30: 380, 31: 254, 32: 16, 33: 380, 34: 142, 35: 142, 36: 380, 37: 540, 38: 778, 39: 736, 40: 498, 41: 128, 42: 366, 43: 380, 44: 142, 45: 16, 46: 254, 47: 128, 48: 366, 49: 680, 50: 442, 51: 540, 52: 778, 53: 142, 54: 380, 55: 86, 56: 324, 57: 498, 58: 736, 59: 254, 60: 16, 61: 254, 62: 16, 63: 778, 64: 540, 65: 778, 66: 540, 67: 310, 68: 72, 69: 72, 70: 310, 71: 310, 72: 72, 73: 86, 74: 324, 75: 366, 76: 128, 77: 142, 78: 380, 79: 72, 80: 310, 81: 442, 82: 680, 83: 380, 84: 142, 85: 540, 86: 778, 87: 86, 88: 324, 89: 778, 90: 540, 91: 254, 92: 16, 93: 254, 94: 16, 95: 380, 96: 142, 97: 240, 98: 478, 99: 478, 100: 240, 101: 310, 102: 72, 103: 736, 104: 498, 105: 16, 106: 254, 107: 254, 108: 16, 109: 442, 110: 680, 111: 540, 112: 778, 113: 680, 114: 442, 115: 16, 116: 254, 117: 324, 118: 86, 119: 442, 120: 680, 121: 380, 122: 142, 123: 778, 124: 540, 125: 86, 126: 324, 127: 540, 128: 778, 129: 666, 130: 428, 131: 142, 132: 380, 133: 778, 134: 540, 135: 16, 136: 254, 137: 324, 138: 86, 139: 680, 140: 442, 141: 428, 142: 666, 143: 540, 144: 778, 145: 778, 146: 540, 147: 498, 148: 736, 149: 142, 150: 380, 151: 142, 152: 380, 153: 680, 154: 442, 155: 310, 156: 72, 157: 142, 158: 380, 159: 540, 160: 778, 161: 778, 162: 540, 163: 310, 164: 72, 165: 254, 166: 16, 167: 86, 168: 324, 169: 498, 170: 736, 171: 254, 172: 16, 173: 310, 174: 72, 175: 428, 176: 666, 177: 324, 178: 86, 179: 478, 180: 240, 181: 142, 182: 380, 183: 380, 184: 142, 185: 778, 186: 540, 187: 86, 188: 324, 189: 778, 190: 540, 191: 72, 192: 310, 193: 736, 194: 498, 195: 324, 196: 86, 197: 442, 198: 680, 199: 128, 200: 366}

Number of labels used: 20
Total time used: 3.76 sec
Memory used: 290.11 MB
================================
{1: 428, 2: 666, 3: 736, 4: 498, 5: 86, 6: 324, 7: 442, 8: 680, 9: 680, 10: 442, 11: 142, 12: 380, 13: 442, 14: 680, 15: 736, 16: 498, 17: 142, 18: 380, 19: 72, 20: 310, 21: 72, 22: 310, 23: 666, 24: 428, 25: 540, 26: 778, 27: 736, 28: 498, 29: 142, 30: 380, 31: 254, 32: 16, 33: 380, 34: 142, 35: 142, 36: 380, 37: 72, 38: 310, 39: 498, 40: 736, 41: 72, 42: 310, 43: 498, 44: 736, 45: 16, 46: 254, 47: 778, 48: 540, 49: 680, 50: 442, 51: 540, 52: 778, 53: 142, 54: 380, 55: 310, 56: 72, 57: 498, 58: 736, 59: 254, 60: 16, 61: 254, 62: 16, 63: 498, 64: 736, 65: 778, 66: 540, 67: 310, 68: 72, 69: 86, 70: 324, 71: 310, 72: 72, 73: 86, 74: 324, 75: 498, 76: 736, 77: 142, 78: 380, 79: 72, 80: 310, 81: 442, 82: 680, 83: 380, 84: 142, 85: 540, 86: 778, 87: 254, 88: 16, 89: 778, 90: 540, 91: 254, 92: 16, 93: 380, 94: 142, 95: 540, 96: 778, 97: 240, 98: 478, 99: 478, 100: 240, 101: 310, 102: 72, 103: 142, 104: 380, 105: 254, 106: 16, 107: 498, 108: 736, 109: 442, 110: 680, 111: 428, 112: 666, 113: 16, 114: 254, 115: 16, 116: 254, 117: 324, 118: 86, 119: 540, 120: 778, 121: 380, 122: 142, 123: 778, 124: 540, 125: 86, 126: 324, 127: 442, 128: 680, 129: 498, 130: 736, 131: 478, 132: 240, 133: 540, 134: 778, 135: 680, 136: 442, 137: 324, 138: 86, 139: 142, 140: 380, 141: 428, 142: 666, 143: 736, 144: 498, 145: 778, 146: 540, 147: 498, 148: 736, 149: 778, 150: 540, 151: 142, 152: 380, 153: 680, 154: 442, 155: 310, 156: 72, 157: 86, 158: 324, 159: 540, 160: 778, 161: 778, 162: 540, 163: 310, 164: 72, 165: 254, 166: 16, 167: 380, 168: 142, 169: 666, 170: 428, 171: 254, 172: 16, 173: 72, 174: 310, 175: 428, 176: 666, 177: 16, 178: 254, 179: 478, 180: 240, 181: 16, 182: 254, 183: 666, 184: 428, 185: 540, 186: 778, 187: 72, 188: 310, 189: 778, 190: 540, 191: 72, 192: 310, 193: 142, 194: 380, 195: 324, 196: 86, 197: 442, 198: 680, 199: 540, 200: 778}

Number of labels used: 18
Total time used: 4.33 sec
Memory used: 295.46 MB
================================
{1: 428, 2: 666, 3: 736, 4: 498, 5: 86, 6: 324, 7: 442, 8: 680, 9: 680, 10: 442, 11: 142, 12: 380, 13: 442, 14: 680, 15: 736, 16: 498, 17: 142, 18: 380, 19: 72, 20: 310, 21: 72, 22: 310, 23: 666, 24: 428, 25: 540, 26: 778, 27: 736, 28: 498, 29: 142, 30: 380, 31: 254, 32: 16, 33: 380, 34: 142, 35: 142, 36: 380, 37: 72, 38: 310, 39: 498, 40: 736, 41: 72, 42: 310, 43: 498, 44: 736, 45: 16, 46: 254, 47: 778, 48: 540, 49: 680, 50: 442, 51: 540, 52: 778, 53: 142, 54: 380, 55: 310, 56: 72, 57: 498, 58: 736, 59: 254, 60: 16, 61: 254, 62: 16, 63: 498, 64: 736, 65: 778, 66: 540, 67: 310, 68: 72, 69: 86, 70: 324, 71: 310, 72: 72, 73: 86, 74: 324, 75: 498, 76: 736, 77: 142, 78: 380, 79: 72, 80: 310, 81: 442, 82: 680, 83: 380, 84: 142, 85: 540, 86: 778, 87: 254, 88: 16, 89: 778, 90: 540, 91: 254, 92: 16, 93: 380, 94: 142, 95: 540, 96: 778, 97: 240, 98: 478, 99: 478, 100: 240, 101: 310, 102: 72, 103: 142, 104: 380, 105: 254, 106: 16, 107: 498, 108: 736, 109: 442, 110: 680, 111: 428, 112: 666, 113: 16, 114: 254, 115: 16, 116: 254, 117: 324, 118: 86, 119: 540, 120: 778, 121: 380, 122: 142, 123: 778, 124: 540, 125: 86, 126: 324, 127: 442, 128: 680, 129: 498, 130: 736, 131: 478, 132: 240, 133: 540, 134: 778, 135: 680, 136: 442, 137: 324, 138: 86, 139: 142, 140: 380, 141: 428, 142: 666, 143: 736, 144: 498, 145: 778, 146: 540, 147: 498, 148: 736, 149: 778, 150: 540, 151: 142, 152: 380, 153: 680, 154: 442, 155: 310, 156: 72, 157: 86, 158: 324, 159: 540, 160: 778, 161: 778, 162: 540, 163: 310, 164: 72, 165: 254, 166: 16, 167: 380, 168: 142, 169: 666, 170: 428, 171: 254, 172: 16, 173: 72, 174: 310, 175: 428, 176: 666, 177: 16, 178: 254, 179: 478, 180: 240, 181: 16, 182: 254, 183: 666, 184: 428, 185: 540, 186: 778, 187: 72, 188: 310, 189: 778, 190: 540, 191: 72, 192: 310, 193: 142, 194: 380, 195: 324, 196: 86, 197: 442, 198: 680, 199: 540, 200: 778}

Number of labels used: 18
Total time used: 4.33 sec
Memory used: 295.46 MB
================================
{1: 428, 2: 666, 3: 380, 4: 142, 5: 666, 6: 428, 7: 268, 8: 30, 9: 86, 10: 324, 11: 478, 12: 240, 13: 708, 14: 470, 15: 708, 16: 470, 17: 478, 18: 240, 19: 540, 20: 778, 21: 470, 22: 708, 23: 470, 24: 708, 25: 470, 26: 708, 27: 778, 28: 540, 29: 380, 30: 142, 31: 86, 32: 324, 33: 86, 34: 324, 35: 142, 36: 380, 37: 86, 38: 324, 39: 666, 40: 428, 41: 324, 42: 86, 43: 778, 44: 540, 45: 268, 46: 30, 47: 268, 48: 30, 49: 380, 50: 142, 51: 540, 52: 778, 53: 30, 54: 268, 55: 722, 56: 484, 57: 268, 58: 30, 59: 428, 60: 666, 61: 324, 62: 86, 63: 484, 64: 722, 65: 30, 66: 268, 67: 30, 68: 268, 69: 268, 70: 30, 71: 86, 72: 324, 73: 142, 74: 380, 75: 666, 76: 428, 77: 30, 78: 268, 79: 86, 80: 324, 81: 30, 82: 268, 83: 380, 84: 142, 85: 428, 86: 666, 87: 142, 88: 380, 89: 484, 90: 722, 91: 324, 92: 86, 93: 666, 94: 428, 95: 484, 96: 722, 97: 240, 98: 478, 99: 142, 100: 380, 101: 540, 102: 778, 103: 484, 104: 722, 105: 30, 106: 268, 107: 324, 108: 86, 109: 540, 110: 778, 111: 540, 112: 778, 113: 666, 114: 428, 115: 142, 116: 380, 117: 380, 118: 142, 119: 324, 120: 86, 121: 240, 122: 478, 123: 30, 124: 268, 125: 30, 126: 268, 127: 708, 128: 470, 129: 666, 130: 428, 131: 380, 132: 142, 133: 778, 134: 540, 135: 324, 136: 86, 137: 30, 138: 268, 139: 142, 140: 380, 141: 778, 142: 540, 143: 666, 144: 428, 145: 470, 146: 708, 147: 666, 148: 428, 149: 30, 150: 268, 151: 778, 152: 540, 153: 778, 154: 540, 155: 268, 156: 30, 157: 380, 158: 142, 159: 484, 160: 722, 161: 722, 162: 484, 163: 380, 164: 142, 165: 380, 166: 142, 167: 86, 168: 324, 169: 540, 170: 778, 171: 380, 172: 142, 173: 268, 174: 30, 175: 540, 176: 778, 177: 30, 178: 268, 179: 380, 180: 142, 181: 86, 182: 324, 183: 540, 184: 778, 185: 778, 186: 540, 187: 86, 188: 324, 189: 778, 190: 540, 191: 324, 192: 86, 193: 428, 194: 666, 195: 30, 196: 268, 197: 722, 198: 484, 199: 86, 200: 324}

Number of labels used: 16
Total time used: 7.07 sec
Memory used: 338.36 MB
================================
{1: 484, 2: 722, 3: 380, 4: 142, 5: 666, 6: 428, 7: 268, 8: 30, 9: 86, 10: 324, 11: 478, 12: 240, 13: 324, 14: 86, 15: 764, 16: 526, 17: 478, 18: 240, 19: 666, 20: 428, 21: 484, 22: 722, 23: 484, 24: 722, 25: 324, 26: 86, 27: 764, 28: 526, 29: 722, 30: 484, 31: 324, 32: 86, 33: 86, 34: 324, 35: 86, 36: 324, 37: 428, 38: 666, 39: 380, 40: 142, 41: 324, 42: 86, 43: 526, 44: 764, 45: 268, 46: 30, 47: 268, 48: 30, 49: 526, 50: 764, 51: 428, 52: 666, 53: 30, 54: 268, 55: 722, 56: 484, 57: 324, 58: 86, 59: 268, 60: 30, 61: 324, 62: 86, 63: 484, 64: 722, 65: 30, 66: 268, 67: 30, 68: 268, 69: 86, 70: 324, 71: 86, 72: 324, 73: 526, 74: 764, 75: 666, 76: 428, 77: 142, 78: 380, 79: 86, 80: 324, 81: 764, 82: 526, 83: 380, 84: 142, 85: 484, 86: 722, 87: 268, 88: 30, 89: 428, 90: 666, 91: 324, 92: 86, 93: 380, 94: 142, 95: 722, 96: 484, 97: 240, 98: 478, 99: 142, 100: 380, 101: 764, 102: 526, 103: 484, 104: 722, 105: 30, 106: 268, 107: 428, 108: 666, 109: 526, 110: 764, 111: 380, 112: 142, 113: 666, 114: 428, 115: 142, 116: 380, 117: 380, 118: 142, 119: 764, 120: 526, 121: 240, 122: 478, 123: 30, 124: 268, 125: 30, 126: 268, 127: 722, 128: 484, 129: 666, 130: 428, 131: 380, 132: 142, 133: 666, 134: 428, 135: 142, 136: 380, 137: 30, 138: 268, 139: 764, 140: 526, 141: 484, 142: 722, 143: 666, 144: 428, 145: 30, 146: 268, 147: 268, 148: 30, 149: 86, 150: 324, 151: 666, 152: 428, 153: 722, 154: 484, 155: 268, 156: 30, 157: 142, 158: 380, 159: 526, 160: 764, 161: 722, 162: 484, 163: 30, 164: 268, 165: 380, 166: 142, 167: 86, 168: 324, 169: 526, 170: 764, 171: 380, 172: 142, 173: 722, 174: 484, 175: 764, 176: 526, 177: 268, 178: 30, 179: 142, 180: 380, 181: 764, 182: 526, 183: 526, 184: 764, 185: 666, 186: 428, 187: 30, 188: 268, 189: 428, 190: 666, 191: 380, 192: 142, 193: 428, 194: 666, 195: 380, 196: 142, 197: 484, 198: 722, 199: 86, 200: 324}

Number of labels used: 14
Total time used: 7.82 sec
Memory used: 365.86 MB
================================
[runlim] end:			Sat Jan 24 18:36:36 2026
[runlim] status:		ok
[runlim] result:		0
[runlim] children:		0
[runlim] real:			8.92 seconds
[runlim] time:			27.76 seconds
[runlim] space:			365.1 MB
[runlim] samples:		79
