[runlim] version:		1.10
[runlim] time limit:		311040000 seconds
[runlim] real time limit:	600 seconds
[runlim] space limit:		14000 MB
[runlim] argv[0]:		python3
[runlim] argv[1]:		-u
[runlim] argv[2]:		main.py
[runlim] argv[3]:		TUD200.1
[runlim] start:			Wed Jan 21 00:37:33 2026
[runlim] main pid:		29213
Building Gurobi model...
Set parameter WLSAccessID
Set parameter WLSSecret
Set parameter LicenseID to value 2663665
Academic license 2663665 - for non-commercial use only - registered to tu___@vnu.edu.vn
Build time used: 1.28 sec
Solving...
{1: 16, 2: 254, 3: 666, 4: 428, 5: 296, 6: 58, 7: 16, 8: 254, 9: 16, 10: 254, 11: 352, 12: 114, 13: 554, 14: 792, 15: 652, 16: 414, 17: 680, 18: 442, 19: 310, 20: 72, 21: 142, 22: 380, 23: 470, 24: 708, 25: 352, 26: 114, 27: 554, 28: 792, 29: 282, 30: 44, 31: 16, 32: 254, 33: 394, 34: 156, 35: 380, 36: 142, 37: 778, 38: 540, 39: 58, 40: 296, 41: 324, 42: 86, 43: 352, 44: 114, 45: 540, 46: 778, 47: 128, 48: 366, 49: 414, 50: 652, 51: 778, 52: 540, 53: 58, 54: 296, 55: 750, 56: 512, 57: 366, 58: 128, 59: 114, 60: 352, 61: 722, 62: 484, 63: 72, 64: 310, 65: 16, 66: 254, 67: 296, 68: 58, 69: 72, 70: 310, 71: 268, 72: 30, 73: 778, 74: 540, 75: 498, 76: 736, 77: 484, 78: 722, 79: 128, 80: 366, 81: 428, 82: 666, 83: 156, 84: 394, 85: 414, 86: 652, 87: 792, 88: 554, 89: 750, 90: 512, 91: 128, 92: 366, 93: 414, 94: 652, 95: 498, 96: 736, 97: 30, 98: 268, 99: 72, 100: 310, 101: 352, 102: 114, 103: 764, 104: 526, 105: 324, 106: 86, 107: 30, 108: 268, 109: 484, 110: 722, 111: 652, 112: 414, 113: 792, 114: 554, 115: 352, 116: 114, 117: 512, 118: 750, 119: 666, 120: 428, 121: 694, 122: 456, 123: 254, 124: 16, 125: 722, 126: 484, 127: 142, 128: 380, 129: 380, 130: 142, 131: 44, 132: 282, 133: 414, 134: 652, 135: 366, 136: 128, 137: 86, 138: 324, 139: 114, 140: 352, 141: 268, 142: 30, 143: 722, 144: 484, 145: 666, 146: 428, 147: 498, 148: 736, 149: 512, 150: 750, 151: 792, 152: 554, 153: 428, 154: 666, 155: 30, 156: 268, 157: 722, 158: 484, 159: 652, 160: 414, 161: 484, 162: 722, 163: 554, 164: 792, 165: 114, 166: 352, 167: 156, 168: 394, 169: 338, 170: 100, 171: 652, 172: 414, 173: 554, 174: 792, 175: 512, 176: 750, 177: 456, 178: 694, 179: 30, 180: 268, 181: 526, 182: 764, 183: 540, 184: 778, 185: 282, 186: 44, 187: 30, 188: 268, 189: 86, 190: 324, 191: 484, 192: 722, 193: 30, 194: 268, 195: 736, 196: 498, 197: 694, 198: 456, 199: 764, 200: 526}

Number of labels used: 44
Total time used: 2.47 sec
Memory used: 269.09 MB
================================
{1: 16, 2: 254, 3: 666, 4: 428, 5: 296, 6: 58, 7: 16, 8: 254, 9: 16, 10: 254, 11: 352, 12: 114, 13: 554, 14: 792, 15: 652, 16: 414, 17: 792, 18: 554, 19: 310, 20: 72, 21: 142, 22: 380, 23: 470, 24: 708, 25: 792, 26: 554, 27: 16, 28: 254, 29: 282, 30: 44, 31: 16, 32: 254, 33: 268, 34: 30, 35: 30, 36: 268, 37: 778, 38: 540, 39: 142, 40: 380, 41: 128, 42: 366, 43: 352, 44: 114, 45: 540, 46: 778, 47: 128, 48: 366, 49: 792, 50: 554, 51: 778, 52: 540, 53: 58, 54: 296, 55: 750, 56: 512, 57: 366, 58: 128, 59: 114, 60: 352, 61: 722, 62: 484, 63: 72, 64: 310, 65: 16, 66: 254, 67: 296, 68: 58, 69: 72, 70: 310, 71: 268, 72: 30, 73: 778, 74: 540, 75: 498, 76: 736, 77: 484, 78: 722, 79: 366, 80: 128, 81: 428, 82: 666, 83: 156, 84: 394, 85: 484, 86: 722, 87: 792, 88: 554, 89: 750, 90: 512, 91: 142, 92: 380, 93: 414, 94: 652, 95: 554, 96: 792, 97: 30, 98: 268, 99: 72, 100: 310, 101: 352, 102: 114, 103: 128, 104: 366, 105: 254, 106: 16, 107: 16, 108: 254, 109: 484, 110: 722, 111: 652, 112: 414, 113: 142, 114: 380, 115: 792, 116: 554, 117: 722, 118: 484, 119: 666, 120: 428, 121: 142, 122: 380, 123: 254, 124: 16, 125: 722, 126: 484, 127: 142, 128: 380, 129: 380, 130: 142, 131: 268, 132: 30, 133: 414, 134: 652, 135: 142, 136: 380, 137: 86, 138: 324, 139: 366, 140: 128, 141: 268, 142: 30, 143: 792, 144: 554, 145: 722, 146: 484, 147: 498, 148: 736, 149: 512, 150: 750, 151: 792, 152: 554, 153: 380, 154: 142, 155: 30, 156: 268, 157: 722, 158: 484, 159: 722, 160: 484, 161: 694, 162: 456, 163: 268, 164: 30, 165: 114, 166: 352, 167: 156, 168: 394, 169: 338, 170: 100, 171: 694, 172: 456, 173: 554, 174: 792, 175: 512, 176: 750, 177: 456, 178: 694, 179: 30, 180: 268, 181: 526, 182: 764, 183: 540, 184: 778, 185: 268, 186: 30, 187: 30, 188: 268, 189: 86, 190: 324, 191: 484, 192: 722, 193: 30, 194: 268, 195: 30, 196: 268, 197: 694, 198: 456, 199: 142, 200: 380}

Number of labels used: 42
Total time used: 2.51 sec
Memory used: 275.96 MB
================================
{1: 16, 2: 254, 3: 666, 4: 428, 5: 296, 6: 58, 7: 16, 8: 254, 9: 16, 10: 254, 11: 352, 12: 114, 13: 554, 14: 792, 15: 652, 16: 414, 17: 792, 18: 554, 19: 310, 20: 72, 21: 142, 22: 380, 23: 268, 24: 30, 25: 792, 26: 554, 27: 16, 28: 254, 29: 282, 30: 44, 31: 16, 32: 254, 33: 268, 34: 30, 35: 30, 36: 268, 37: 778, 38: 540, 39: 142, 40: 380, 41: 128, 42: 366, 43: 352, 44: 114, 45: 540, 46: 778, 47: 128, 48: 366, 49: 792, 50: 554, 51: 652, 52: 414, 53: 722, 54: 484, 55: 792, 56: 554, 57: 30, 58: 268, 59: 114, 60: 352, 61: 722, 62: 484, 63: 72, 64: 310, 65: 16, 66: 254, 67: 296, 68: 58, 69: 72, 70: 310, 71: 268, 72: 30, 73: 778, 74: 540, 75: 254, 76: 16, 77: 484, 78: 722, 79: 366, 80: 128, 81: 428, 82: 666, 83: 156, 84: 394, 85: 484, 86: 722, 87: 792, 88: 554, 89: 750, 90: 512, 91: 142, 92: 380, 93: 792, 94: 554, 95: 554, 96: 792, 97: 30, 98: 268, 99: 72, 100: 310, 101: 352, 102: 114, 103: 128, 104: 366, 105: 254, 106: 16, 107: 16, 108: 254, 109: 484, 110: 722, 111: 554, 112: 792, 113: 652, 114: 414, 115: 792, 116: 554, 117: 722, 118: 484, 119: 666, 120: 428, 121: 142, 122: 380, 123: 254, 124: 16, 125: 722, 126: 484, 127: 484, 128: 722, 129: 380, 130: 142, 131: 268, 132: 30, 133: 414, 134: 652, 135: 142, 136: 380, 137: 86, 138: 324, 139: 366, 140: 128, 141: 128, 142: 366, 143: 792, 144: 554, 145: 722, 146: 484, 147: 498, 148: 736, 149: 512, 150: 750, 151: 792, 152: 554, 153: 380, 154: 142, 155: 30, 156: 268, 157: 722, 158: 484, 159: 722, 160: 484, 161: 694, 162: 456, 163: 268, 164: 30, 165: 792, 166: 554, 167: 156, 168: 394, 169: 16, 170: 254, 171: 694, 172: 456, 173: 554, 174: 792, 175: 414, 176: 652, 177: 456, 178: 694, 179: 30, 180: 268, 181: 142, 182: 380, 183: 380, 184: 142, 185: 366, 186: 128, 187: 30, 188: 268, 189: 86, 190: 324, 191: 484, 192: 722, 193: 30, 194: 268, 195: 30, 196: 268, 197: 694, 198: 456, 199: 142, 200: 380}

Number of labels used: 36
Total time used: 2.51 sec
Memory used: 275.96 MB
================================
{1: 142, 2: 380, 3: 484, 4: 722, 5: 142, 6: 380, 7: 380, 8: 142, 9: 380, 10: 142, 11: 86, 12: 324, 13: 792, 14: 554, 15: 16, 16: 254, 17: 128, 18: 366, 19: 484, 20: 722, 21: 268, 22: 30, 23: 268, 24: 30, 25: 792, 26: 554, 27: 16, 28: 254, 29: 792, 30: 554, 31: 792, 32: 554, 33: 268, 34: 30, 35: 30, 36: 268, 37: 484, 38: 722, 39: 142, 40: 380, 41: 86, 42: 324, 43: 142, 44: 380, 45: 128, 46: 366, 47: 652, 48: 414, 49: 792, 50: 554, 51: 128, 52: 366, 53: 722, 54: 484, 55: 792, 56: 554, 57: 30, 58: 268, 59: 792, 60: 554, 61: 380, 62: 142, 63: 16, 64: 254, 65: 792, 66: 554, 67: 142, 68: 380, 69: 484, 70: 722, 71: 254, 72: 16, 73: 484, 74: 722, 75: 254, 76: 16, 77: 680, 78: 442, 79: 366, 80: 128, 81: 792, 82: 554, 83: 554, 84: 792, 85: 484, 86: 722, 87: 366, 88: 128, 89: 498, 90: 736, 91: 282, 92: 44, 93: 792, 94: 554, 95: 554, 96: 792, 97: 792, 98: 554, 99: 30, 100: 268, 101: 142, 102: 380, 103: 128, 104: 366, 105: 254, 106: 16, 107: 16, 108: 254, 109: 366, 110: 128, 111: 554, 112: 792, 113: 142, 114: 380, 115: 792, 116: 554, 117: 86, 118: 324, 119: 142, 120: 380, 121: 142, 122: 380, 123: 86, 124: 324, 125: 128, 126: 366, 127: 484, 128: 722, 129: 142, 130: 380, 131: 484, 132: 722, 133: 254, 134: 16, 135: 142, 136: 380, 137: 86, 138: 324, 139: 366, 140: 128, 141: 86, 142: 324, 143: 792, 144: 554, 145: 722, 146: 484, 147: 652, 148: 414, 149: 380, 150: 142, 151: 680, 152: 442, 153: 380, 154: 142, 155: 722, 156: 484, 157: 722, 158: 484, 159: 722, 160: 484, 161: 722, 162: 484, 163: 268, 164: 30, 165: 792, 166: 554, 167: 442, 168: 680, 169: 16, 170: 254, 171: 16, 172: 254, 173: 16, 174: 254, 175: 282, 176: 44, 177: 268, 178: 30, 179: 722, 180: 484, 181: 142, 182: 380, 183: 380, 184: 142, 185: 366, 186: 128, 187: 366, 188: 128, 189: 254, 190: 16, 191: 254, 192: 16, 193: 30, 194: 268, 195: 30, 196: 268, 197: 254, 198: 16, 199: 142, 200: 380}

Number of labels used: 22
Total time used: 2.73 sec
Memory used: 302.02 MB
================================
{1: 142, 2: 380, 3: 484, 4: 722, 5: 142, 6: 380, 7: 380, 8: 142, 9: 380, 10: 142, 11: 30, 12: 268, 13: 792, 14: 554, 15: 16, 16: 254, 17: 128, 18: 366, 19: 484, 20: 722, 21: 268, 22: 30, 23: 268, 24: 30, 25: 30, 26: 268, 27: 16, 28: 254, 29: 268, 30: 30, 31: 16, 32: 254, 33: 268, 34: 30, 35: 30, 36: 268, 37: 484, 38: 722, 39: 142, 40: 380, 41: 128, 42: 366, 43: 142, 44: 380, 45: 128, 46: 366, 47: 128, 48: 366, 49: 792, 50: 554, 51: 128, 52: 366, 53: 722, 54: 484, 55: 792, 56: 554, 57: 30, 58: 268, 59: 792, 60: 554, 61: 380, 62: 142, 63: 16, 64: 254, 65: 792, 66: 554, 67: 142, 68: 380, 69: 484, 70: 722, 71: 652, 72: 414, 73: 484, 74: 722, 75: 254, 76: 16, 77: 554, 78: 792, 79: 366, 80: 128, 81: 792, 82: 554, 83: 554, 84: 792, 85: 484, 86: 722, 87: 366, 88: 128, 89: 694, 90: 456, 91: 142, 92: 380, 93: 792, 94: 554, 95: 554, 96: 792, 97: 792, 98: 554, 99: 30, 100: 268, 101: 142, 102: 380, 103: 128, 104: 366, 105: 254, 106: 16, 107: 16, 108: 254, 109: 414, 110: 652, 111: 554, 112: 792, 113: 380, 114: 142, 115: 792, 116: 554, 117: 722, 118: 484, 119: 142, 120: 380, 121: 142, 122: 380, 123: 30, 124: 268, 125: 722, 126: 484, 127: 484, 128: 722, 129: 142, 130: 380, 131: 268, 132: 30, 133: 254, 134: 16, 135: 142, 136: 380, 137: 30, 138: 268, 139: 366, 140: 128, 141: 338, 142: 100, 143: 792, 144: 554, 145: 778, 146: 540, 147: 792, 148: 554, 149: 380, 150: 142, 151: 694, 152: 456, 153: 380, 154: 142, 155: 722, 156: 484, 157: 722, 158: 484, 159: 722, 160: 484, 161: 694, 162: 456, 163: 268, 164: 30, 165: 792, 166: 554, 167: 778, 168: 540, 169: 778, 170: 540, 171: 694, 172: 456, 173: 30, 174: 268, 175: 456, 176: 694, 177: 268, 178: 30, 179: 540, 180: 778, 181: 100, 182: 338, 183: 366, 184: 128, 185: 366, 186: 128, 187: 100, 188: 338, 189: 254, 190: 16, 191: 484, 192: 722, 193: 254, 194: 16, 195: 414, 196: 652, 197: 778, 198: 540, 199: 142, 200: 380}

Number of labels used: 20
Total time used: 2.73 sec
Memory used: 302.24 MB
================================
{1: 142, 2: 380, 3: 540, 4: 778, 5: 142, 6: 380, 7: 380, 8: 142, 9: 380, 10: 142, 11: 30, 12: 268, 13: 792, 14: 554, 15: 16, 16: 254, 17: 128, 18: 366, 19: 484, 20: 722, 21: 128, 22: 366, 23: 268, 24: 30, 25: 792, 26: 554, 27: 16, 28: 254, 29: 792, 30: 554, 31: 792, 32: 554, 33: 268, 34: 30, 35: 30, 36: 268, 37: 484, 38: 722, 39: 142, 40: 380, 41: 128, 42: 366, 43: 142, 44: 380, 45: 128, 46: 366, 47: 708, 48: 470, 49: 792, 50: 554, 51: 128, 52: 366, 53: 722, 54: 484, 55: 792, 56: 554, 57: 30, 58: 268, 59: 792, 60: 554, 61: 380, 62: 142, 63: 128, 64: 366, 65: 708, 66: 470, 67: 142, 68: 380, 69: 254, 70: 16, 71: 16, 72: 254, 73: 268, 74: 30, 75: 778, 76: 540, 77: 554, 78: 792, 79: 366, 80: 128, 81: 792, 82: 554, 83: 554, 84: 792, 85: 540, 86: 778, 87: 366, 88: 128, 89: 694, 90: 456, 91: 142, 92: 380, 93: 792, 94: 554, 95: 554, 96: 792, 97: 792, 98: 554, 99: 30, 100: 268, 101: 142, 102: 380, 103: 708, 104: 470, 105: 254, 106: 16, 107: 16, 108: 254, 109: 268, 110: 30, 111: 554, 112: 792, 113: 142, 114: 380, 115: 792, 116: 554, 117: 722, 118: 484, 119: 142, 120: 380, 121: 142, 122: 380, 123: 30, 124: 268, 125: 128, 126: 366, 127: 792, 128: 554, 129: 142, 130: 380, 131: 268, 132: 30, 133: 470, 134: 708, 135: 142, 136: 380, 137: 30, 138: 268, 139: 366, 140: 128, 141: 470, 142: 708, 143: 792, 144: 554, 145: 722, 146: 484, 147: 470, 148: 708, 149: 380, 150: 142, 151: 792, 152: 554, 153: 380, 154: 142, 155: 722, 156: 484, 157: 722, 158: 484, 159: 722, 160: 484, 161: 694, 162: 456, 163: 268, 164: 30, 165: 16, 166: 254, 167: 778, 168: 540, 169: 16, 170: 254, 171: 694, 172: 456, 173: 16, 174: 254, 175: 470, 176: 708, 177: 268, 178: 30, 179: 540, 180: 778, 181: 470, 182: 708, 183: 380, 184: 142, 185: 366, 186: 128, 187: 30, 188: 268, 189: 254, 190: 16, 191: 484, 192: 722, 193: 30, 194: 268, 195: 30, 196: 268, 197: 470, 198: 708, 199: 142, 200: 380}

Number of labels used: 18
Total time used: 2.74 sec
Memory used: 302.61 MB
================================
{1: 142, 2: 380, 3: 722, 4: 484, 5: 142, 6: 380, 7: 128, 8: 366, 9: 380, 10: 142, 11: 128, 12: 366, 13: 792, 14: 554, 15: 16, 16: 254, 17: 778, 18: 540, 19: 456, 20: 694, 21: 554, 22: 792, 23: 142, 24: 380, 25: 694, 26: 456, 27: 16, 28: 254, 29: 30, 30: 268, 31: 16, 32: 254, 33: 268, 34: 30, 35: 30, 36: 268, 37: 484, 38: 722, 39: 380, 40: 142, 41: 128, 42: 366, 43: 722, 44: 484, 45: 128, 46: 366, 47: 128, 48: 366, 49: 792, 50: 554, 51: 30, 52: 268, 53: 792, 54: 554, 55: 778, 56: 540, 57: 380, 58: 142, 59: 268, 60: 30, 61: 142, 62: 380, 63: 16, 64: 254, 65: 778, 66: 540, 67: 254, 68: 16, 69: 554, 70: 792, 71: 128, 72: 366, 73: 694, 74: 456, 75: 16, 76: 254, 77: 554, 78: 792, 79: 254, 80: 16, 81: 694, 82: 456, 83: 554, 84: 792, 85: 456, 86: 694, 87: 484, 88: 722, 89: 694, 90: 456, 91: 142, 92: 380, 93: 792, 94: 554, 95: 456, 96: 694, 97: 540, 98: 778, 99: 16, 100: 254, 101: 142, 102: 380, 103: 128, 104: 366, 105: 128, 106: 366, 107: 16, 108: 254, 109: 540, 110: 778, 111: 778, 112: 540, 113: 366, 114: 128, 115: 540, 116: 778, 117: 722, 118: 484, 119: 30, 120: 268, 121: 142, 122: 380, 123: 694, 124: 456, 125: 722, 126: 484, 127: 484, 128: 722, 129: 142, 130: 380, 131: 540, 132: 778, 133: 554, 134: 792, 135: 380, 136: 142, 137: 142, 138: 380, 139: 366, 140: 128, 141: 30, 142: 268, 143: 792, 144: 554, 145: 778, 146: 540, 147: 792, 148: 554, 149: 268, 150: 30, 151: 694, 152: 456, 153: 268, 154: 30, 155: 722, 156: 484, 157: 722, 158: 484, 159: 722, 160: 484, 161: 694, 162: 456, 163: 268, 164: 30, 165: 792, 166: 554, 167: 778, 168: 540, 169: 778, 170: 540, 171: 694, 172: 456, 173: 16, 174: 254, 175: 366, 176: 128, 177: 30, 178: 268, 179: 540, 180: 778, 181: 142, 182: 380, 183: 694, 184: 456, 185: 366, 186: 128, 187: 366, 188: 128, 189: 254, 190: 16, 191: 484, 192: 722, 193: 30, 194: 268, 195: 30, 196: 268, 197: 268, 198: 30, 199: 142, 200: 380}

Number of labels used: 16
Total time used: 4.03 sec
Memory used: 328.89 MB
================================
{1: 16, 2: 254, 3: 694, 4: 456, 5: 142, 6: 380, 7: 764, 8: 526, 9: 142, 10: 380, 11: 254, 12: 16, 13: 792, 14: 554, 15: 694, 16: 456, 17: 792, 18: 554, 19: 456, 20: 694, 21: 694, 22: 456, 23: 142, 24: 380, 25: 792, 26: 554, 27: 366, 28: 128, 29: 16, 30: 254, 31: 366, 32: 128, 33: 128, 34: 366, 35: 254, 36: 16, 37: 366, 38: 128, 39: 380, 40: 142, 41: 128, 42: 366, 43: 142, 44: 380, 45: 128, 46: 366, 47: 128, 48: 366, 49: 694, 50: 456, 51: 128, 52: 366, 53: 792, 54: 554, 55: 792, 56: 554, 57: 526, 58: 764, 59: 792, 60: 554, 61: 764, 62: 526, 63: 254, 64: 16, 65: 792, 66: 554, 67: 142, 68: 380, 69: 16, 70: 254, 71: 366, 72: 128, 73: 484, 74: 722, 75: 484, 76: 722, 77: 456, 78: 694, 79: 254, 80: 16, 81: 554, 82: 792, 83: 792, 84: 554, 85: 484, 86: 722, 87: 694, 88: 456, 89: 526, 90: 764, 91: 142, 92: 380, 93: 792, 94: 554, 95: 722, 96: 484, 97: 792, 98: 554, 99: 254, 100: 16, 101: 380, 102: 142, 103: 484, 104: 722, 105: 128, 106: 366, 107: 526, 108: 764, 109: 554, 110: 792, 111: 128, 112: 366, 113: 456, 114: 694, 115: 792, 116: 554, 117: 764, 118: 526, 119: 792, 120: 554, 121: 142, 122: 380, 123: 722, 124: 484, 125: 694, 126: 456, 127: 142, 128: 380, 129: 142, 130: 380, 131: 380, 132: 142, 133: 254, 134: 16, 135: 764, 136: 526, 137: 380, 138: 142, 139: 128, 140: 366, 141: 128, 142: 366, 143: 792, 144: 554, 145: 456, 146: 694, 147: 526, 148: 764, 149: 554, 150: 792, 151: 694, 152: 456, 153: 380, 154: 142, 155: 722, 156: 484, 157: 128, 158: 366, 159: 764, 160: 526, 161: 792, 162: 554, 163: 254, 164: 16, 165: 16, 166: 254, 167: 456, 168: 694, 169: 16, 170: 254, 171: 694, 172: 456, 173: 16, 174: 254, 175: 554, 176: 792, 177: 526, 178: 764, 179: 16, 180: 254, 181: 456, 182: 694, 183: 694, 184: 456, 185: 366, 186: 128, 187: 128, 188: 366, 189: 254, 190: 16, 191: 526, 192: 764, 193: 694, 194: 456, 195: 764, 196: 526, 197: 792, 198: 554, 199: 142, 200: 380}

Number of labels used: 14
Total time used: 6.64 sec
Memory used: 385.78 MB
================================
[runlim] sample:		37.0 time, 10.4 real, 432.4 MB
{1: 268, 2: 30, 3: 268, 4: 30, 5: 484, 6: 722, 7: 380, 8: 142, 9: 338, 10: 100, 11: 792, 12: 554, 13: 792, 14: 554, 15: 428, 16: 666, 17: 142, 18: 380, 19: 666, 20: 428, 21: 338, 22: 100, 23: 792, 24: 554, 25: 554, 26: 792, 27: 666, 28: 428, 29: 100, 30: 338, 31: 30, 32: 268, 33: 792, 34: 554, 35: 30, 36: 268, 37: 792, 38: 554, 39: 338, 40: 100, 41: 380, 42: 142, 43: 484, 44: 722, 45: 268, 46: 30, 47: 142, 48: 380, 49: 142, 50: 380, 51: 428, 52: 666, 53: 380, 54: 142, 55: 484, 56: 722, 57: 100, 58: 338, 59: 722, 60: 484, 61: 722, 62: 484, 63: 30, 64: 268, 65: 792, 66: 554, 67: 792, 68: 554, 69: 380, 70: 142, 71: 30, 72: 268, 73: 268, 74: 30, 75: 142, 76: 380, 77: 338, 78: 100, 79: 380, 80: 142, 81: 428, 82: 666, 83: 792, 84: 554, 85: 142, 86: 380, 87: 722, 88: 484, 89: 666, 90: 428, 91: 428, 92: 666, 93: 722, 94: 484, 95: 268, 96: 30, 97: 666, 98: 428, 99: 338, 100: 100, 101: 722, 102: 484, 103: 722, 104: 484, 105: 338, 106: 100, 107: 666, 108: 428, 109: 722, 110: 484, 111: 792, 112: 554, 113: 554, 114: 792, 115: 100, 116: 338, 117: 554, 118: 792, 119: 722, 120: 484, 121: 142, 122: 380, 123: 722, 124: 484, 125: 666, 126: 428, 127: 554, 128: 792, 129: 380, 130: 142, 131: 380, 132: 142, 133: 142, 134: 380, 135: 428, 136: 666, 137: 666, 138: 428, 139: 142, 140: 380, 141: 428, 142: 666, 143: 484, 144: 722, 145: 792, 146: 554, 147: 554, 148: 792, 149: 484, 150: 722, 151: 722, 152: 484, 153: 428, 154: 666, 155: 30, 156: 268, 157: 142, 158: 380, 159: 666, 160: 428, 161: 100, 162: 338, 163: 484, 164: 722, 165: 666, 166: 428, 167: 722, 168: 484, 169: 30, 170: 268, 171: 100, 172: 338, 173: 100, 174: 338, 175: 100, 176: 338, 177: 484, 178: 722, 179: 268, 180: 30, 181: 100, 182: 338, 183: 268, 184: 30, 185: 30, 186: 268, 187: 142, 188: 380, 189: 30, 190: 268, 191: 268, 192: 30, 193: 30, 194: 268, 195: 666, 196: 428, 197: 554, 198: 792, 199: 722, 200: 484}

Number of labels used: 12
Total time used: 12.21 sec
Memory used: 439.95 MB
================================
[runlim] end:			Wed Jan 21 00:37:45 2026
[runlim] status:		ok
[runlim] result:		0
[runlim] children:		0
[runlim] real:			12.71 seconds
[runlim] time:			46.07 seconds
[runlim] space:			460.5 MB
[runlim] samples:		123
