[runlim] version:		1.10
[runlim] time limit:		311040000 seconds
[runlim] real time limit:	600 seconds
[runlim] space limit:		14000 MB
[runlim] argv[0]:		python3
[runlim] argv[1]:		-u
[runlim] argv[2]:		main.py
[runlim] argv[3]:		TUD200.5
[runlim] start:			Wed Jan 21 00:38:03 2026
[runlim] main pid:		29460
Building Gurobi model...
Set parameter WLSAccessID
Set parameter WLSSecret
Set parameter LicenseID to value 2663665
Academic license 2663665 - for non-commercial use only - registered to tu___@vnu.edu.vn
Build time used: 3.71 sec
Solving...
No solution found.
Total time used: 4.74 sec
Memory used: 330.97 MB
[runlim] end:			Wed Jan 21 00:38:08 2026
[runlim] status:		ok
[runlim] result:		0
[runlim] children:		0
[runlim] real:			5.50 seconds
[runlim] time:			6.30 seconds
[runlim] space:			390.2 MB
[runlim] samples:		48
