[runlim] version:		1.10
[runlim] time limit:		311040000 seconds
[runlim] real time limit:	600 seconds
[runlim] space limit:		14000 MB
[runlim] argv[0]:		python3
[runlim] argv[1]:		-u
[runlim] argv[2]:		main.py
[runlim] argv[3]:		scen02
[runlim] argv[4]:		nsc_reduced
[runlim] argv[5]:		assumptions
[runlim] argv[6]:		cadical195
[runlim] start:			Thu Jan 22 23:05:54 2026
[runlim] main pid:		15309
Solve first problem:
Solution:
{13: 16, 14: 254, 15: 16, 16: 254, 53: 16, 54: 254, 79: 30, 80: 268, 81: 16, 82: 254, 83: 16, 84: 254, 85: 86, 86: 324, 127: 16, 128: 254, 129: 114, 130: 352, 143: 16, 144: 254, 145: 16, 146: 254, 205: 44, 206: 282, 233: 30, 234: 268, 235: 44, 236: 282, 237: 30, 238: 268, 261: 16, 262: 254, 263: 16, 264: 254, 265: 16, 266: 254, 267: 86, 268: 324, 269: 16, 270: 254, 271: 16, 272: 254, 273: 86, 274: 324, 275: 86, 276: 324, 277: 30, 278: 268, 281: 44, 282: 282, 283: 44, 284: 282, 289: 30, 290: 268, 291: 44, 292: 282, 303: 16, 304: 254, 305: 86, 306: 324, 321: 30, 322: 268, 323: 100, 324: 338, 325: 30, 326: 268, 327: 100, 328: 338, 329: 16, 330: 254, 341: 114, 342: 352, 343: 114, 344: 352, 349: 100, 350: 338, 351: 86, 352: 324, 435: 30, 436: 268, 475: 44, 476: 282, 481: 58, 482: 296, 517: 310, 518: 72, 519: 30, 520: 268, 555: 282, 556: 44, 557: 44, 558: 282, 559: 268, 560: 30, 561: 128, 562: 366, 565: 100, 566: 338, 577: 114, 578: 352, 579: 16, 580: 254, 583: 296, 584: 58, 585: 30, 586: 268, 587: 86, 588: 324, 589: 16, 590: 254, 591: 428, 592: 666, 593: 30, 594: 268, 595: 86, 596: 324, 597: 100, 598: 338, 599: 58, 600: 296, 601: 428, 602: 666, 603: 44, 604: 282, 605: 30, 606: 268, 607: 128, 608: 366, 613: 428, 614: 666, 615: 30, 616: 268, 617: 72, 618: 310, 621: 100, 622: 338, 625: 268, 626: 30, 629: 86, 630: 324, 631: 114, 632: 352, 633: 338, 634: 100, 635: 380, 636: 142, 645: 30, 646: 268, 651: 16, 652: 254, 661: 72, 662: 310, 663: 16, 664: 254, 665: 352, 666: 114, 667: 16, 668: 254, 713: 30, 714: 268, 717: 86, 718: 324, 719: 156, 720: 394, 721: 366, 722: 128, 723: 16, 724: 254, 743: 44, 744: 282, 745: 128, 746: 366, 747: 114, 748: 352, 763: 296, 764: 58, 765: 268, 766: 30, 767: 156, 768: 394, 785: 16, 786: 254, 787: 310, 788: 72, 789: 44, 790: 282, 791: 114, 792: 352, 793: 30, 794: 268, 795: 100, 796: 338, 797: 30, 798: 268, 799: 100, 800: 338, 801: 498, 802: 736, 879: 44, 880: 282}
Correct solution!
Number of lables used:  26
--------------------------------------------------

Trying with at most 25 labels...
Solution:
{13: 16, 14: 254, 15: 86, 16: 324, 53: 142, 54: 380, 79: 156, 80: 394, 81: 142, 82: 380, 83: 380, 84: 142, 85: 16, 86: 254, 127: 58, 128: 296, 129: 156, 130: 394, 143: 156, 144: 394, 145: 156, 146: 394, 205: 156, 206: 394, 233: 268, 234: 30, 235: 366, 236: 128, 237: 44, 238: 282, 261: 156, 262: 394, 263: 44, 264: 282, 265: 86, 266: 324, 267: 156, 268: 394, 269: 30, 270: 268, 271: 30, 272: 268, 273: 352, 274: 114, 275: 352, 276: 114, 277: 30, 278: 268, 281: 142, 282: 380, 283: 128, 284: 366, 289: 156, 290: 394, 291: 86, 292: 324, 303: 394, 304: 156, 305: 58, 306: 296, 321: 58, 322: 296, 323: 156, 324: 394, 325: 394, 326: 156, 327: 58, 328: 296, 329: 156, 330: 394, 341: 380, 342: 142, 343: 380, 344: 142, 349: 72, 350: 310, 351: 380, 352: 142, 435: 114, 436: 352, 475: 128, 476: 366, 481: 142, 482: 380, 517: 142, 518: 380, 519: 142, 520: 380, 555: 282, 556: 44, 557: 72, 558: 310, 559: 352, 560: 114, 561: 44, 562: 282, 565: 30, 566: 268, 577: 86, 578: 324, 579: 58, 580: 296, 583: 142, 584: 380, 585: 324, 586: 86, 587: 72, 588: 310, 589: 44, 590: 282, 591: 58, 592: 296, 593: 44, 594: 282, 595: 114, 596: 352, 597: 30, 598: 268, 599: 44, 600: 282, 601: 128, 602: 366, 603: 142, 604: 380, 605: 142, 606: 380, 607: 72, 608: 310, 613: 100, 614: 338, 615: 128, 616: 366, 617: 142, 618: 380, 621: 72, 622: 310, 625: 142, 626: 380, 629: 128, 630: 366, 631: 142, 632: 380, 633: 128, 634: 366, 635: 142, 636: 380, 645: 114, 646: 352, 651: 156, 652: 394, 661: 156, 662: 394, 663: 394, 664: 156, 665: 380, 666: 142, 667: 156, 668: 394, 713: 30, 714: 268, 717: 352, 718: 114, 719: 16, 720: 254, 721: 86, 722: 324, 723: 156, 724: 394, 743: 366, 744: 128, 745: 380, 746: 142, 747: 30, 748: 268, 763: 142, 764: 380, 765: 156, 766: 394, 767: 114, 768: 352, 785: 156, 786: 394, 787: 142, 788: 380, 789: 72, 790: 310, 791: 142, 792: 380, 793: 72, 794: 310, 795: 142, 796: 380, 797: 58, 798: 296, 799: 128, 800: 366, 801: 142, 802: 380, 879: 142, 880: 380}
Number of lables used:  22
Time taken: 0.27 seconds
--------------------------------------------------

Trying with at most 21 labels...
Solution:
{13: 30, 14: 268, 15: 86, 16: 324, 53: 142, 54: 380, 79: 156, 80: 394, 81: 142, 82: 380, 83: 554, 84: 792, 85: 352, 86: 114, 127: 58, 128: 296, 129: 156, 130: 394, 143: 156, 144: 394, 145: 156, 146: 394, 205: 156, 206: 394, 233: 268, 234: 30, 235: 352, 236: 114, 237: 44, 238: 282, 261: 156, 262: 394, 263: 44, 264: 282, 265: 86, 266: 324, 267: 156, 268: 394, 269: 394, 270: 156, 271: 394, 272: 156, 273: 352, 274: 114, 275: 352, 276: 114, 277: 296, 278: 58, 281: 310, 282: 72, 283: 310, 284: 72, 289: 156, 290: 394, 291: 58, 292: 296, 303: 394, 304: 156, 305: 58, 306: 296, 321: 58, 322: 296, 323: 156, 324: 394, 325: 394, 326: 156, 327: 58, 328: 296, 329: 156, 330: 394, 341: 380, 342: 142, 343: 380, 344: 142, 349: 72, 350: 310, 351: 380, 352: 142, 435: 100, 436: 338, 475: 114, 476: 352, 481: 142, 482: 380, 517: 142, 518: 380, 519: 142, 520: 380, 555: 142, 556: 380, 557: 72, 558: 310, 559: 338, 560: 100, 561: 44, 562: 282, 565: 30, 566: 268, 577: 86, 578: 324, 579: 58, 580: 296, 583: 86, 584: 324, 585: 324, 586: 86, 587: 72, 588: 310, 589: 30, 590: 268, 591: 58, 592: 296, 593: 44, 594: 282, 595: 100, 596: 338, 597: 30, 598: 268, 599: 44, 600: 282, 601: 114, 602: 352, 603: 142, 604: 380, 605: 142, 606: 380, 607: 30, 608: 268, 613: 100, 614: 338, 615: 114, 616: 352, 617: 142, 618: 380, 621: 72, 622: 310, 625: 142, 626: 380, 629: 100, 630: 338, 631: 142, 632: 380, 633: 100, 634: 338, 635: 142, 636: 380, 645: 114, 646: 352, 651: 156, 652: 394, 661: 156, 662: 394, 663: 394, 664: 156, 665: 380, 666: 142, 667: 156, 668: 394, 713: 296, 714: 58, 717: 352, 718: 114, 719: 282, 720: 44, 721: 792, 722: 554, 723: 156, 724: 394, 743: 352, 744: 114, 745: 380, 746: 142, 747: 30, 748: 268, 763: 142, 764: 380, 765: 156, 766: 394, 767: 114, 768: 352, 785: 156, 786: 394, 787: 100, 788: 338, 789: 30, 790: 268, 791: 142, 792: 380, 793: 72, 794: 310, 795: 142, 796: 380, 797: 30, 798: 268, 799: 100, 800: 338, 801: 142, 802: 380, 879: 142, 880: 380}
Number of lables used:  20
Time taken: 0.27 seconds
--------------------------------------------------

Trying with at most 19 labels...
Solution:
{13: 30, 14: 268, 15: 86, 16: 324, 53: 114, 54: 352, 79: 156, 80: 394, 81: 114, 82: 352, 83: 554, 84: 792, 85: 352, 86: 114, 127: 44, 128: 282, 129: 156, 130: 394, 143: 30, 144: 268, 145: 30, 146: 268, 205: 156, 206: 394, 233: 352, 234: 114, 235: 30, 236: 268, 237: 72, 238: 310, 261: 156, 262: 394, 263: 30, 264: 268, 265: 72, 266: 310, 267: 156, 268: 394, 269: 792, 270: 554, 271: 792, 272: 554, 273: 310, 274: 72, 275: 310, 276: 72, 277: 338, 278: 100, 281: 352, 282: 114, 283: 394, 284: 156, 289: 156, 290: 394, 291: 44, 292: 282, 303: 394, 304: 156, 305: 44, 306: 282, 321: 30, 322: 268, 323: 792, 324: 554, 325: 394, 326: 156, 327: 44, 328: 282, 329: 156, 330: 394, 341: 114, 342: 352, 343: 114, 344: 352, 349: 44, 350: 282, 351: 352, 352: 114, 435: 86, 436: 324, 475: 100, 476: 338, 481: 114, 482: 352, 517: 268, 518: 30, 519: 352, 520: 114, 555: 114, 556: 352, 557: 72, 558: 310, 559: 324, 560: 86, 561: 100, 562: 338, 565: 310, 566: 72, 577: 156, 578: 394, 579: 44, 580: 282, 583: 30, 584: 268, 585: 30, 586: 268, 587: 394, 588: 156, 589: 394, 590: 156, 591: 72, 592: 310, 593: 30, 594: 268, 595: 86, 596: 324, 597: 86, 598: 324, 599: 44, 600: 282, 601: 100, 602: 338, 603: 114, 604: 352, 605: 44, 606: 282, 607: 338, 608: 100, 613: 100, 614: 338, 615: 100, 616: 338, 617: 114, 618: 352, 621: 30, 622: 268, 625: 114, 626: 352, 629: 86, 630: 324, 631: 100, 632: 338, 633: 100, 634: 338, 635: 114, 636: 352, 645: 114, 646: 352, 651: 156, 652: 394, 661: 156, 662: 394, 663: 394, 664: 156, 665: 394, 666: 156, 667: 156, 668: 394, 713: 338, 714: 100, 717: 310, 718: 72, 719: 394, 720: 156, 721: 792, 722: 554, 723: 30, 724: 268, 743: 338, 744: 100, 745: 338, 746: 100, 747: 30, 748: 268, 763: 114, 764: 352, 765: 156, 766: 394, 767: 114, 768: 352, 785: 44, 786: 282, 787: 86, 788: 324, 789: 310, 790: 72, 791: 100, 792: 338, 793: 30, 794: 268, 795: 100, 796: 338, 797: 268, 798: 30, 799: 338, 800: 100, 801: 324, 802: 86, 879: 114, 880: 352}
Number of lables used:  16
Time taken: 0.28 seconds
--------------------------------------------------

Trying with at most 15 labels...
Solution:
{13: 16, 14: 254, 15: 100, 16: 338, 53: 100, 54: 338, 79: 72, 80: 310, 81: 100, 82: 338, 83: 366, 84: 128, 85: 282, 86: 44, 127: 366, 128: 128, 129: 44, 130: 282, 143: 100, 144: 338, 145: 100, 146: 338, 205: 100, 206: 338, 233: 338, 234: 100, 235: 30, 236: 268, 237: 72, 238: 310, 261: 72, 262: 310, 263: 366, 264: 128, 265: 680, 266: 442, 267: 72, 268: 310, 269: 268, 270: 30, 271: 268, 272: 30, 273: 254, 274: 16, 275: 282, 276: 44, 277: 268, 278: 30, 281: 254, 282: 16, 283: 128, 284: 366, 289: 366, 290: 128, 291: 310, 292: 72, 303: 128, 304: 366, 305: 44, 306: 282, 321: 16, 322: 254, 323: 128, 324: 366, 325: 680, 326: 442, 327: 44, 328: 282, 329: 72, 330: 310, 341: 16, 342: 254, 343: 16, 344: 254, 349: 44, 350: 282, 351: 338, 352: 100, 435: 44, 436: 282, 475: 72, 476: 310, 481: 100, 482: 338, 517: 268, 518: 30, 519: 338, 520: 100, 555: 100, 556: 338, 557: 30, 558: 268, 559: 282, 560: 44, 561: 72, 562: 310, 565: 268, 566: 30, 577: 16, 578: 254, 579: 16, 580: 254, 583: 72, 584: 310, 585: 16, 586: 254, 587: 310, 588: 72, 589: 366, 590: 128, 591: 442, 592: 680, 593: 128, 594: 366, 595: 44, 596: 282, 597: 44, 598: 282, 599: 44, 600: 282, 601: 72, 602: 310, 603: 100, 604: 338, 605: 44, 606: 282, 607: 442, 608: 680, 613: 100, 614: 338, 615: 72, 616: 310, 617: 100, 618: 338, 621: 30, 622: 268, 625: 100, 626: 338, 629: 366, 630: 128, 631: 44, 632: 282, 633: 44, 634: 282, 635: 100, 636: 338, 645: 44, 646: 282, 651: 100, 652: 338, 661: 100, 662: 338, 663: 16, 664: 254, 665: 442, 666: 680, 667: 100, 668: 338, 713: 268, 714: 30, 717: 282, 718: 44, 719: 366, 720: 128, 721: 680, 722: 442, 723: 100, 724: 338, 743: 338, 744: 100, 745: 338, 746: 100, 747: 268, 748: 30, 763: 268, 764: 30, 765: 16, 766: 254, 767: 72, 768: 310, 785: 16, 786: 254, 787: 30, 788: 268, 789: 282, 790: 44, 791: 100, 792: 338, 793: 30, 794: 268, 795: 100, 796: 338, 797: 268, 798: 30, 799: 338, 800: 100, 801: 366, 802: 128, 879: 100, 880: 338}
Number of lables used:  14
Time taken: 0.29 seconds
--------------------------------------------------

Trying with at most 13 labels...
[runlim] sample:		10.0 time, 10.6 real, 61.1 MB
[runlim] sample:		20.0 time, 20.6 real, 65.4 MB
Cannot find solution.
No more solutions found.
Optimal number of labels used:  14
[runlim] end:			Thu Jan 22 23:06:20 2026
[runlim] status:		ok
[runlim] result:		0
[runlim] children:		0
[runlim] real:			26.91 seconds
[runlim] time:			26.17 seconds
[runlim] space:			66.1 MB
[runlim] samples:		262
