[runlim] version:		1.10
[runlim] time limit:		311040000 seconds
[runlim] real time limit:	900 seconds
[runlim] space limit:		8000 MB
[runlim] argv[0]:		python3
[runlim] argv[1]:		-u
[runlim] argv[2]:		main.py
[runlim] argv[3]:		graph01
[runlim] argv[4]:		sc_full
[runlim] argv[5]:		assumptions
[runlim] argv[6]:		cadical195
[runlim] start:			Thu Jan 15 04:45:24 2026
[runlim] main pid:		156386
Solve first problem:
Solution:
{1: 30, 2: 268, 3: 16, 4: 254, 5: 16, 6: 254, 7: 142, 8: 380, 9: 142, 10: 380, 11: 16, 12: 254, 13: 30, 14: 268, 15: 58, 16: 296, 17: 16, 18: 254, 19: 16, 20: 254, 21: 44, 22: 282, 23: 142, 24: 380, 25: 72, 26: 310, 27: 352, 28: 114, 29: 16, 30: 254, 31: 72, 32: 310, 33: 114, 34: 352, 35: 72, 36: 310, 37: 16, 38: 254, 39: 16, 40: 254, 41: 72, 42: 310, 43: 86, 44: 324, 45: 58, 46: 296, 47: 16, 48: 254, 49: 72, 50: 310, 51: 86, 52: 324, 53: 30, 54: 268, 55: 58, 56: 296, 57: 58, 58: 296, 59: 16, 60: 254, 61: 128, 62: 366, 63: 86, 64: 324, 65: 16, 66: 254, 67: 58, 68: 296, 69: 44, 70: 282, 71: 30, 72: 268, 73: 142, 74: 380, 75: 86, 76: 324, 77: 30, 78: 268, 79: 16, 80: 254, 81: 72, 82: 310, 83: 58, 84: 296, 85: 72, 86: 310, 87: 114, 88: 352, 89: 58, 90: 296, 91: 156, 92: 394, 93: 16, 94: 254, 95: 72, 96: 310, 97: 408, 98: 170, 99: 86, 100: 324, 101: 30, 102: 268, 103: 16, 104: 254, 105: 142, 106: 380, 107: 44, 108: 282, 109: 16, 110: 254, 111: 86, 112: 324, 113: 44, 114: 282, 115: 114, 116: 352, 117: 114, 118: 352, 119: 100, 120: 338, 121: 408, 122: 170, 123: 142, 124: 380, 125: 58, 126: 296, 127: 30, 128: 268, 129: 114, 130: 352, 131: 30, 132: 268, 133: 366, 134: 128, 135: 170, 136: 408, 137: 30, 138: 268, 139: 16, 140: 254, 141: 30, 142: 268, 143: 44, 144: 282, 145: 86, 146: 324, 147: 366, 148: 128, 149: 428, 150: 666, 151: 86, 152: 324, 153: 142, 154: 380, 155: 156, 156: 394, 157: 338, 158: 100, 159: 484, 160: 722, 161: 296, 162: 58, 163: 268, 164: 30, 165: 456, 166: 694, 167: 44, 168: 282, 169: 100, 170: 338, 171: 72, 172: 310, 173: 114, 174: 352, 175: 442, 176: 680, 177: 16, 178: 254, 179: 44, 180: 282, 181: 16, 182: 254, 183: 142, 184: 380, 185: 414, 186: 652, 187: 128, 188: 366, 189: 30, 190: 268, 191: 414, 192: 652, 193: 170, 194: 408, 195: 100, 196: 338, 197: 58, 198: 296, 199: 72, 200: 310}
Correct solution!
Number of lables used:  34
Time taken: 0.16 seconds
Memory used: 35.30 MB
--------------------------------------------------

Trying with at most 33 labels...
Solution:
{1: 680, 2: 442, 3: 324, 4: 86, 5: 254, 6: 16, 7: 380, 8: 142, 9: 142, 10: 380, 11: 652, 12: 414, 13: 310, 14: 72, 15: 114, 16: 352, 17: 652, 18: 414, 19: 310, 20: 72, 21: 282, 22: 44, 23: 240, 24: 478, 25: 310, 26: 72, 27: 30, 28: 268, 29: 16, 30: 254, 31: 44, 32: 282, 33: 268, 34: 30, 35: 58, 36: 296, 37: 58, 38: 296, 39: 58, 40: 296, 41: 128, 42: 366, 43: 44, 44: 282, 45: 86, 46: 324, 47: 324, 48: 86, 49: 380, 50: 142, 51: 16, 52: 254, 53: 44, 54: 282, 55: 86, 56: 324, 57: 30, 58: 268, 59: 128, 60: 366, 61: 128, 62: 366, 63: 86, 64: 324, 65: 128, 66: 366, 67: 58, 68: 296, 69: 296, 70: 58, 71: 296, 72: 58, 73: 380, 74: 142, 75: 44, 76: 282, 77: 128, 78: 366, 79: 128, 80: 366, 81: 72, 82: 310, 83: 394, 84: 156, 85: 72, 86: 310, 87: 268, 88: 30, 89: 72, 90: 310, 91: 652, 92: 414, 93: 72, 94: 310, 95: 442, 96: 680, 97: 478, 98: 240, 99: 30, 100: 268, 101: 394, 102: 156, 103: 156, 104: 394, 105: 142, 106: 380, 107: 86, 108: 324, 109: 114, 110: 352, 111: 128, 112: 366, 113: 86, 114: 324, 115: 44, 116: 282, 117: 128, 118: 366, 119: 114, 120: 352, 121: 380, 122: 142, 123: 142, 124: 380, 125: 30, 126: 268, 127: 324, 128: 86, 129: 86, 130: 324, 131: 72, 132: 310, 133: 296, 134: 58, 135: 142, 136: 380, 137: 30, 138: 268, 139: 128, 140: 366, 141: 380, 142: 142, 143: 128, 144: 366, 145: 268, 146: 30, 147: 16, 148: 254, 149: 324, 150: 86, 151: 652, 152: 414, 153: 72, 154: 310, 155: 86, 156: 324, 157: 394, 158: 156, 159: 16, 160: 254, 161: 394, 162: 156, 163: 394, 164: 156, 165: 114, 166: 352, 167: 470, 168: 708, 169: 324, 170: 86, 171: 86, 172: 324, 173: 72, 174: 310, 175: 352, 176: 114, 177: 128, 178: 366, 179: 128, 180: 366, 181: 114, 182: 352, 183: 442, 184: 680, 185: 254, 186: 16, 187: 310, 188: 72, 189: 128, 190: 366, 191: 310, 192: 72, 193: 380, 194: 142, 195: 86, 196: 324, 197: 72, 198: 310, 199: 72, 200: 310}
Correct solution!
Number of lables used:  28
Time taken: 0.20 seconds
Memory used: 36.85 MB
--------------------------------------------------

Trying with at most 27 labels...
Solution:
{1: 680, 2: 442, 3: 324, 4: 86, 5: 254, 6: 16, 7: 380, 8: 142, 9: 142, 10: 380, 11: 652, 12: 414, 13: 310, 14: 72, 15: 114, 16: 352, 17: 652, 18: 414, 19: 310, 20: 72, 21: 282, 22: 44, 23: 240, 24: 478, 25: 310, 26: 72, 27: 30, 28: 268, 29: 16, 30: 254, 31: 44, 32: 282, 33: 268, 34: 30, 35: 44, 36: 282, 37: 254, 38: 16, 39: 44, 40: 282, 41: 128, 42: 366, 43: 44, 44: 282, 45: 86, 46: 324, 47: 324, 48: 86, 49: 380, 50: 142, 51: 394, 52: 156, 53: 44, 54: 282, 55: 86, 56: 324, 57: 30, 58: 268, 59: 128, 60: 366, 61: 128, 62: 366, 63: 86, 64: 324, 65: 44, 66: 282, 67: 114, 68: 352, 69: 282, 70: 44, 71: 268, 72: 30, 73: 380, 74: 142, 75: 44, 76: 282, 77: 128, 78: 366, 79: 128, 80: 366, 81: 72, 82: 310, 83: 394, 84: 156, 85: 72, 86: 310, 87: 268, 88: 30, 89: 72, 90: 310, 91: 652, 92: 414, 93: 72, 94: 310, 95: 708, 96: 470, 97: 478, 98: 240, 99: 30, 100: 268, 101: 394, 102: 156, 103: 156, 104: 394, 105: 142, 106: 380, 107: 86, 108: 324, 109: 114, 110: 352, 111: 128, 112: 366, 113: 86, 114: 324, 115: 44, 116: 282, 117: 128, 118: 366, 119: 114, 120: 352, 121: 380, 122: 142, 123: 142, 124: 380, 125: 30, 126: 268, 127: 324, 128: 86, 129: 86, 130: 324, 131: 72, 132: 310, 133: 680, 134: 442, 135: 142, 136: 380, 137: 30, 138: 268, 139: 128, 140: 366, 141: 380, 142: 142, 143: 128, 144: 366, 145: 268, 146: 30, 147: 16, 148: 254, 149: 324, 150: 86, 151: 652, 152: 414, 153: 72, 154: 310, 155: 86, 156: 324, 157: 394, 158: 156, 159: 16, 160: 254, 161: 394, 162: 156, 163: 394, 164: 156, 165: 114, 166: 352, 167: 470, 168: 708, 169: 324, 170: 86, 171: 86, 172: 324, 173: 72, 174: 310, 175: 352, 176: 114, 177: 128, 178: 366, 179: 128, 180: 366, 181: 114, 182: 352, 183: 442, 184: 680, 185: 254, 186: 16, 187: 310, 188: 72, 189: 128, 190: 366, 191: 310, 192: 72, 193: 380, 194: 142, 195: 86, 196: 324, 197: 72, 198: 310, 199: 72, 200: 310}
Correct solution!
Number of lables used:  26
Time taken: 0.20 seconds
Memory used: 36.85 MB
--------------------------------------------------

Trying with at most 25 labels...
Solution:
{1: 708, 2: 470, 3: 324, 4: 86, 5: 254, 6: 16, 7: 380, 8: 142, 9: 142, 10: 380, 11: 652, 12: 414, 13: 310, 14: 72, 15: 114, 16: 352, 17: 652, 18: 414, 19: 310, 20: 72, 21: 282, 22: 44, 23: 240, 24: 478, 25: 310, 26: 72, 27: 30, 28: 268, 29: 16, 30: 254, 31: 44, 32: 282, 33: 268, 34: 30, 35: 44, 36: 282, 37: 254, 38: 16, 39: 44, 40: 282, 41: 128, 42: 366, 43: 44, 44: 282, 45: 86, 46: 324, 47: 324, 48: 86, 49: 380, 50: 142, 51: 394, 52: 156, 53: 44, 54: 282, 55: 86, 56: 324, 57: 30, 58: 268, 59: 128, 60: 366, 61: 128, 62: 366, 63: 86, 64: 324, 65: 30, 66: 268, 67: 114, 68: 352, 69: 282, 70: 44, 71: 268, 72: 30, 73: 380, 74: 142, 75: 44, 76: 282, 77: 128, 78: 366, 79: 128, 80: 366, 81: 72, 82: 310, 83: 394, 84: 156, 85: 72, 86: 310, 87: 268, 88: 30, 89: 72, 90: 310, 91: 652, 92: 414, 93: 72, 94: 310, 95: 44, 96: 282, 97: 478, 98: 240, 99: 30, 100: 268, 101: 394, 102: 156, 103: 156, 104: 394, 105: 142, 106: 380, 107: 86, 108: 324, 109: 114, 110: 352, 111: 128, 112: 366, 113: 86, 114: 324, 115: 310, 116: 72, 117: 128, 118: 366, 119: 114, 120: 352, 121: 380, 122: 142, 123: 142, 124: 380, 125: 30, 126: 268, 127: 324, 128: 86, 129: 86, 130: 324, 131: 72, 132: 310, 133: 470, 134: 708, 135: 142, 136: 380, 137: 30, 138: 268, 139: 128, 140: 366, 141: 380, 142: 142, 143: 128, 144: 366, 145: 268, 146: 30, 147: 16, 148: 254, 149: 324, 150: 86, 151: 652, 152: 414, 153: 72, 154: 310, 155: 86, 156: 324, 157: 394, 158: 156, 159: 16, 160: 254, 161: 394, 162: 156, 163: 394, 164: 156, 165: 114, 166: 352, 167: 470, 168: 708, 169: 324, 170: 86, 171: 86, 172: 324, 173: 72, 174: 310, 175: 352, 176: 114, 177: 128, 178: 366, 179: 128, 180: 366, 181: 114, 182: 352, 183: 282, 184: 44, 185: 254, 186: 16, 187: 310, 188: 72, 189: 128, 190: 366, 191: 310, 192: 72, 193: 380, 194: 142, 195: 86, 196: 324, 197: 72, 198: 310, 199: 72, 200: 310}
Correct solution!
Number of lables used:  24
Time taken: 0.21 seconds
Memory used: 36.85 MB
--------------------------------------------------

Trying with at most 23 labels...
Solution:
{1: 414, 2: 652, 3: 324, 4: 86, 5: 324, 6: 86, 7: 380, 8: 142, 9: 142, 10: 380, 11: 778, 12: 540, 13: 296, 14: 58, 15: 114, 16: 352, 17: 652, 18: 414, 19: 30, 20: 268, 21: 268, 22: 30, 23: 408, 24: 170, 25: 268, 26: 30, 27: 652, 28: 414, 29: 352, 30: 114, 31: 30, 32: 268, 33: 268, 34: 30, 35: 30, 36: 268, 37: 268, 38: 30, 39: 30, 40: 268, 41: 128, 42: 366, 43: 296, 44: 58, 45: 58, 46: 296, 47: 86, 48: 324, 49: 58, 50: 296, 51: 352, 52: 114, 53: 30, 54: 268, 55: 352, 56: 114, 57: 380, 58: 142, 59: 128, 60: 366, 61: 128, 62: 366, 63: 86, 64: 324, 65: 30, 66: 268, 67: 778, 68: 540, 69: 268, 70: 30, 71: 268, 72: 30, 73: 380, 74: 142, 75: 722, 76: 484, 77: 128, 78: 366, 79: 128, 80: 366, 81: 58, 82: 296, 83: 380, 84: 142, 85: 30, 86: 268, 87: 30, 88: 268, 89: 58, 90: 296, 91: 722, 92: 484, 93: 366, 94: 128, 95: 86, 96: 324, 97: 408, 98: 170, 99: 30, 100: 268, 101: 366, 102: 128, 103: 142, 104: 380, 105: 142, 106: 380, 107: 86, 108: 324, 109: 58, 110: 296, 111: 128, 112: 366, 113: 86, 114: 324, 115: 652, 116: 414, 117: 128, 118: 366, 119: 114, 120: 352, 121: 142, 122: 380, 123: 142, 124: 380, 125: 30, 126: 268, 127: 296, 128: 58, 129: 268, 130: 30, 131: 114, 132: 352, 133: 428, 134: 666, 135: 142, 136: 380, 137: 30, 138: 268, 139: 128, 140: 366, 141: 380, 142: 142, 143: 652, 144: 414, 145: 296, 146: 58, 147: 86, 148: 324, 149: 652, 150: 414, 151: 428, 152: 666, 153: 58, 154: 296, 155: 86, 156: 324, 157: 366, 158: 128, 159: 324, 160: 86, 161: 722, 162: 484, 163: 380, 164: 142, 165: 296, 166: 58, 167: 778, 168: 540, 169: 30, 170: 268, 171: 86, 172: 324, 173: 58, 174: 296, 175: 352, 176: 114, 177: 128, 178: 366, 179: 128, 180: 366, 181: 114, 182: 352, 183: 86, 184: 324, 185: 296, 186: 58, 187: 296, 188: 58, 189: 128, 190: 366, 191: 722, 192: 484, 193: 380, 194: 142, 195: 86, 196: 324, 197: 58, 198: 296, 199: 58, 200: 296}
Correct solution!
Number of lables used:  22
Time taken: 0.21 seconds
Memory used: 36.85 MB
--------------------------------------------------

Trying with at most 21 labels...
Solution:
{1: 30, 2: 268, 3: 324, 4: 86, 5: 324, 6: 86, 7: 380, 8: 142, 9: 142, 10: 380, 11: 778, 12: 540, 13: 296, 14: 58, 15: 114, 16: 352, 17: 380, 18: 142, 19: 30, 20: 268, 21: 268, 22: 30, 23: 408, 24: 170, 25: 268, 26: 30, 27: 666, 28: 428, 29: 352, 30: 114, 31: 30, 32: 268, 33: 268, 34: 30, 35: 30, 36: 268, 37: 30, 38: 268, 39: 30, 40: 268, 41: 128, 42: 366, 43: 296, 44: 58, 45: 58, 46: 296, 47: 86, 48: 324, 49: 58, 50: 296, 51: 352, 52: 114, 53: 30, 54: 268, 55: 352, 56: 114, 57: 380, 58: 142, 59: 128, 60: 366, 61: 128, 62: 366, 63: 86, 64: 324, 65: 30, 66: 268, 67: 778, 68: 540, 69: 268, 70: 30, 71: 268, 72: 30, 73: 380, 74: 142, 75: 722, 76: 484, 77: 128, 78: 366, 79: 128, 80: 366, 81: 58, 82: 296, 83: 380, 84: 142, 85: 30, 86: 268, 87: 30, 88: 268, 89: 58, 90: 296, 91: 722, 92: 484, 93: 366, 94: 128, 95: 86, 96: 324, 97: 408, 98: 170, 99: 30, 100: 268, 101: 366, 102: 128, 103: 142, 104: 380, 105: 142, 106: 380, 107: 86, 108: 324, 109: 58, 110: 296, 111: 128, 112: 366, 113: 86, 114: 324, 115: 540, 116: 778, 117: 128, 118: 366, 119: 114, 120: 352, 121: 142, 122: 380, 123: 142, 124: 380, 125: 30, 126: 268, 127: 296, 128: 58, 129: 268, 130: 30, 131: 114, 132: 352, 133: 428, 134: 666, 135: 142, 136: 380, 137: 30, 138: 268, 139: 128, 140: 366, 141: 380, 142: 142, 143: 666, 144: 428, 145: 296, 146: 58, 147: 86, 148: 324, 149: 666, 150: 428, 151: 428, 152: 666, 153: 58, 154: 296, 155: 86, 156: 324, 157: 366, 158: 128, 159: 324, 160: 86, 161: 722, 162: 484, 163: 380, 164: 142, 165: 296, 166: 58, 167: 778, 168: 540, 169: 30, 170: 268, 171: 86, 172: 324, 173: 58, 174: 296, 175: 352, 176: 114, 177: 128, 178: 366, 179: 128, 180: 366, 181: 114, 182: 352, 183: 86, 184: 324, 185: 296, 186: 58, 187: 296, 188: 58, 189: 128, 190: 366, 191: 722, 192: 484, 193: 380, 194: 142, 195: 86, 196: 324, 197: 58, 198: 296, 199: 58, 200: 296}
Correct solution!
Number of lables used:  20
Time taken: 0.22 seconds
Memory used: 36.85 MB
--------------------------------------------------

Trying with at most 19 labels...
Solution:
{1: 380, 2: 142, 3: 652, 4: 414, 5: 324, 6: 86, 7: 478, 8: 240, 9: 240, 10: 478, 11: 792, 12: 554, 13: 296, 14: 58, 15: 380, 16: 142, 17: 380, 18: 142, 19: 86, 20: 324, 21: 694, 22: 456, 23: 478, 24: 240, 25: 414, 26: 652, 27: 736, 28: 498, 29: 296, 30: 58, 31: 58, 32: 296, 33: 58, 34: 296, 35: 380, 36: 142, 37: 652, 38: 414, 39: 296, 40: 58, 41: 58, 42: 296, 43: 296, 44: 58, 45: 58, 46: 296, 47: 652, 48: 414, 49: 58, 50: 296, 51: 142, 52: 380, 53: 142, 54: 380, 55: 736, 56: 498, 57: 380, 58: 142, 59: 652, 60: 414, 61: 86, 62: 324, 63: 86, 64: 324, 65: 296, 66: 58, 67: 750, 68: 512, 69: 324, 70: 86, 71: 652, 72: 414, 73: 478, 74: 240, 75: 694, 76: 456, 77: 380, 78: 142, 79: 380, 80: 142, 81: 58, 82: 296, 83: 380, 84: 142, 85: 380, 86: 142, 87: 792, 88: 554, 89: 380, 90: 142, 91: 554, 92: 792, 93: 86, 94: 324, 95: 58, 96: 296, 97: 240, 98: 478, 99: 296, 100: 58, 101: 736, 102: 498, 103: 694, 104: 456, 105: 694, 106: 456, 107: 380, 108: 142, 109: 380, 110: 142, 111: 58, 112: 296, 113: 86, 114: 324, 115: 498, 116: 736, 117: 86, 118: 324, 119: 58, 120: 296, 121: 380, 122: 142, 123: 142, 124: 380, 125: 324, 126: 86, 127: 86, 128: 324, 129: 58, 130: 296, 131: 86, 132: 324, 133: 750, 134: 512, 135: 478, 136: 240, 137: 324, 138: 86, 139: 380, 140: 142, 141: 142, 142: 380, 143: 652, 144: 414, 145: 86, 146: 324, 147: 750, 148: 512, 149: 652, 150: 414, 151: 456, 152: 694, 153: 380, 154: 142, 155: 380, 156: 142, 157: 324, 158: 86, 159: 380, 160: 142, 161: 694, 162: 456, 163: 296, 164: 58, 165: 380, 166: 142, 167: 750, 168: 512, 169: 86, 170: 324, 171: 86, 172: 324, 173: 58, 174: 296, 175: 296, 176: 58, 177: 86, 178: 324, 179: 86, 180: 324, 181: 652, 182: 414, 183: 86, 184: 324, 185: 792, 186: 554, 187: 142, 188: 380, 189: 58, 190: 296, 191: 296, 192: 58, 193: 478, 194: 240, 195: 86, 196: 324, 197: 58, 198: 296, 199: 58, 200: 296}
Correct solution!
Number of lables used:  18
Time taken: 0.27 seconds
Memory used: 41.10 MB
--------------------------------------------------

Trying with at most 17 labels...
[runlim] sample:		10.0 time, 10.1 real, 56.6 MB
[runlim] sample:		20.0 time, 20.1 real, 55.2 MB
[runlim] sample:		30.0 time, 30.1 real, 63.1 MB
[runlim] sample:		40.0 time, 40.1 real, 52.3 MB
[runlim] sample:		50.0 time, 50.1 real, 51.2 MB
Cannot find solution.
No more solutions found.
Optimal number of labels used:  18
Time taken: 51.31 seconds
[runlim] end:			Thu Jan 15 04:46:15 2026
[runlim] status:		ok
[runlim] result:		0
[runlim] children:		0
[runlim] real:			51.52 seconds
[runlim] time:			51.29 seconds
[runlim] space:			65.8 MB
[runlim] samples:		513
