[runlim] version:		1.10
[runlim] time limit:		311040000 seconds
[runlim] real time limit:	900 seconds
[runlim] space limit:		8000 MB
[runlim] argv[0]:		python3
[runlim] argv[1]:		-u
[runlim] argv[2]:		main.py
[runlim] argv[3]:		graph04
[runlim] argv[4]:		sc_full
[runlim] argv[5]:		assumptions
[runlim] argv[6]:		cadical195
[runlim] start:			Thu Jan 15 14:05:22 2026
[runlim] main pid:		329341
Solve first problem:
Solution:
{1: 352, 2: 114, 3: 380, 4: 142, 5: 324, 6: 86, 7: 366, 8: 128, 9: 554, 10: 792, 11: 282, 12: 44, 13: 540, 14: 778, 15: 512, 16: 750, 17: 380, 18: 142, 19: 554, 20: 792, 21: 414, 22: 652, 23: 352, 24: 114, 25: 526, 26: 764, 27: 254, 28: 16, 29: 296, 30: 58, 31: 470, 32: 708, 33: 268, 34: 30, 35: 282, 36: 44, 37: 394, 38: 156, 39: 498, 40: 736, 41: 498, 42: 736, 43: 442, 44: 680, 45: 324, 46: 86, 47: 442, 48: 680, 49: 324, 50: 86, 51: 456, 52: 694, 53: 498, 54: 736, 55: 540, 56: 778, 57: 414, 58: 652, 59: 470, 60: 708, 61: 282, 62: 44, 63: 526, 64: 764, 65: 380, 66: 142, 67: 456, 68: 694, 69: 268, 70: 30, 71: 296, 72: 58, 73: 442, 74: 680, 75: 268, 76: 30, 77: 554, 78: 792, 79: 380, 80: 142, 81: 526, 82: 764, 83: 414, 84: 652, 85: 456, 86: 694, 87: 380, 88: 142, 89: 414, 90: 652, 91: 414, 92: 652, 93: 526, 94: 764, 95: 254, 96: 16, 97: 282, 98: 44, 99: 540, 100: 778, 101: 414, 102: 652, 103: 414, 104: 652, 105: 324, 106: 86, 107: 540, 108: 778, 109: 526, 110: 764, 111: 296, 112: 58, 113: 296, 114: 58, 115: 540, 116: 778, 117: 394, 118: 156, 119: 484, 120: 722, 121: 498, 122: 736, 123: 268, 124: 30, 125: 554, 126: 792, 127: 394, 128: 156, 129: 366, 130: 128, 131: 442, 132: 680, 133: 380, 134: 142, 135: 310, 136: 72, 137: 498, 138: 736, 139: 554, 140: 792, 141: 254, 142: 16, 143: 442, 144: 680, 145: 380, 146: 142, 147: 394, 148: 156, 149: 442, 150: 680, 151: 366, 152: 128, 153: 428, 154: 666, 155: 540, 156: 778, 157: 554, 158: 792, 159: 324, 160: 86, 161: 526, 162: 764, 163: 394, 164: 156, 165: 310, 166: 72, 167: 428, 168: 666, 169: 268, 170: 30, 171: 554, 172: 792, 173: 526, 174: 764, 175: 498, 176: 736, 177: 268, 178: 30, 179: 310, 180: 72, 181: 366, 182: 128, 183: 394, 184: 156, 185: 324, 186: 86, 187: 414, 188: 652, 189: 352, 190: 114, 191: 282, 192: 44, 193: 282, 194: 44, 195: 456, 196: 694, 197: 380, 198: 142, 199: 540, 200: 778, 201: 268, 202: 30, 203: 282, 204: 44, 205: 352, 206: 114, 207: 484, 208: 722, 209: 470, 210: 708, 211: 540, 212: 778, 213: 512, 214: 750, 215: 310, 216: 72, 217: 498, 218: 736, 219: 554, 220: 792, 221: 352, 222: 114, 223: 512, 224: 750, 225: 526, 226: 764, 227: 526, 228: 764, 229: 442, 230: 680, 231: 338, 232: 100, 233: 498, 234: 736, 235: 296, 236: 58, 237: 428, 238: 666, 239: 484, 240: 722, 241: 414, 242: 652, 243: 352, 244: 114, 245: 554, 246: 792, 247: 470, 248: 708, 249: 442, 250: 680, 251: 498, 252: 736, 253: 456, 254: 694, 255: 540, 256: 778, 257: 324, 258: 86, 259: 512, 260: 750, 261: 394, 262: 156, 263: 428, 264: 666, 265: 498, 266: 736, 267: 554, 268: 792, 269: 554, 270: 792, 271: 442, 272: 680, 273: 484, 274: 722, 275: 778, 276: 540, 277: 324, 278: 86, 279: 414, 280: 652, 281: 554, 282: 792, 283: 324, 284: 86, 285: 352, 286: 114, 287: 554, 288: 792, 289: 338, 290: 100, 291: 268, 292: 30, 293: 324, 294: 86, 295: 394, 296: 156, 297: 310, 298: 72, 299: 428, 300: 666, 301: 296, 302: 58, 303: 484, 304: 722, 305: 456, 306: 694, 307: 268, 308: 30, 309: 380, 310: 142, 311: 310, 312: 72, 313: 282, 314: 44, 315: 282, 316: 44, 317: 414, 318: 652, 319: 352, 320: 114, 321: 428, 322: 666, 323: 554, 324: 792, 325: 338, 326: 100, 327: 554, 328: 792, 329: 310, 330: 72, 331: 428, 332: 666, 333: 792, 334: 554, 335: 282, 336: 44, 337: 456, 338: 694, 339: 324, 340: 86, 341: 526, 342: 764, 343: 512, 344: 750, 345: 442, 346: 680, 347: 380, 348: 142, 349: 554, 350: 792, 351: 380, 352: 142, 353: 310, 354: 72, 355: 380, 356: 142, 357: 352, 358: 114, 359: 352, 360: 114, 361: 442, 362: 680, 363: 484, 364: 722, 365: 470, 366: 708, 367: 470, 368: 708, 369: 394, 370: 156, 371: 338, 372: 100, 373: 338, 374: 100, 375: 324, 376: 86, 377: 526, 378: 764, 379: 470, 380: 708, 381: 380, 382: 142, 383: 296, 384: 58, 385: 540, 386: 778, 387: 498, 388: 736, 389: 428, 390: 666, 391: 366, 392: 128, 393: 554, 394: 792, 395: 554, 396: 792, 397: 414, 398: 652, 399: 428, 400: 666}
Correct solution!
Number of lables used:  44
Time taken: 0.39 seconds
Memory used: 53.86 MB
--------------------------------------------------

Trying with at most 43 labels...
Solution:
{1: 58, 2: 296, 3: 30, 4: 268, 5: 114, 6: 352, 7: 44, 8: 282, 9: 156, 10: 394, 11: 156, 12: 394, 13: 128, 14: 366, 15: 114, 16: 352, 17: 16, 18: 254, 19: 156, 20: 394, 21: 16, 22: 254, 23: 72, 24: 310, 25: 142, 26: 380, 27: 72, 28: 310, 29: 128, 30: 366, 31: 58, 32: 296, 33: 142, 34: 380, 35: 128, 36: 366, 37: 16, 38: 254, 39: 100, 40: 338, 41: 114, 42: 352, 43: 44, 44: 282, 45: 142, 46: 380, 47: 44, 48: 282, 49: 86, 50: 324, 51: 58, 52: 296, 53: 114, 54: 352, 55: 142, 56: 380, 57: 16, 58: 254, 59: 72, 60: 310, 61: 128, 62: 366, 63: 128, 64: 366, 65: 30, 66: 268, 67: 58, 68: 296, 69: 142, 70: 380, 71: 114, 72: 352, 73: 44, 74: 282, 75: 156, 76: 394, 77: 156, 78: 394, 79: 58, 80: 296, 81: 114, 82: 352, 83: 16, 84: 254, 85: 58, 86: 296, 87: 30, 88: 268, 89: 16, 90: 254, 91: 16, 92: 254, 93: 114, 94: 352, 95: 156, 96: 394, 97: 142, 98: 380, 99: 142, 100: 380, 101: 16, 102: 254, 103: 16, 104: 254, 105: 86, 106: 324, 107: 156, 108: 394, 109: 128, 110: 366, 111: 156, 112: 394, 113: 114, 114: 352, 115: 142, 116: 380, 117: 16, 118: 254, 119: 86, 120: 324, 121: 100, 122: 338, 123: 128, 124: 366, 125: 156, 126: 394, 127: 16, 128: 254, 129: 44, 130: 282, 131: 58, 132: 296, 133: 30, 134: 268, 135: 100, 136: 338, 137: 100, 138: 338, 139: 156, 140: 394, 141: 156, 142: 394, 143: 72, 144: 310, 145: 30, 146: 268, 147: 16, 148: 254, 149: 44, 150: 282, 151: 58, 152: 296, 153: 16, 154: 254, 155: 156, 156: 394, 157: 156, 158: 394, 159: 86, 160: 324, 161: 128, 162: 366, 163: 16, 164: 254, 165: 58, 166: 296, 167: 44, 168: 282, 169: 156, 170: 394, 171: 156, 172: 394, 173: 128, 174: 366, 175: 100, 176: 338, 177: 16, 178: 254, 179: 100, 180: 338, 181: 58, 182: 296, 183: 16, 184: 254, 185: 86, 186: 324, 187: 30, 188: 268, 189: 16, 190: 254, 191: 128, 192: 366, 193: 128, 194: 366, 195: 58, 196: 296, 197: 30, 198: 268, 199: 142, 200: 380, 201: 100, 202: 338, 203: 30, 204: 268, 205: 58, 206: 296, 207: 86, 208: 324, 209: 72, 210: 310, 211: 142, 212: 380, 213: 114, 214: 352, 215: 114, 216: 352, 217: 114, 218: 352, 219: 156, 220: 394, 221: 58, 222: 296, 223: 114, 224: 352, 225: 128, 226: 366, 227: 128, 228: 366, 229: 44, 230: 282, 231: 30, 232: 268, 233: 100, 234: 338, 235: 128, 236: 366, 237: 44, 238: 282, 239: 86, 240: 324, 241: 16, 242: 254, 243: 58, 244: 296, 245: 114, 246: 352, 247: 72, 248: 310, 249: 44, 250: 282, 251: 156, 252: 394, 253: 58, 254: 296, 255: 156, 256: 394, 257: 86, 258: 324, 259: 114, 260: 352, 261: 16, 262: 254, 263: 30, 264: 268, 265: 100, 266: 338, 267: 156, 268: 394, 269: 156, 270: 394, 271: 58, 272: 296, 273: 86, 274: 324, 275: 156, 276: 394, 277: 86, 278: 324, 279: 16, 280: 254, 281: 156, 282: 394, 283: 100, 284: 338, 285: 58, 286: 296, 287: 156, 288: 394, 289: 72, 290: 310, 291: 156, 292: 394, 293: 142, 294: 380, 295: 16, 296: 254, 297: 114, 298: 352, 299: 30, 300: 268, 301: 114, 302: 352, 303: 86, 304: 324, 305: 72, 306: 310, 307: 142, 308: 380, 309: 44, 310: 282, 311: 58, 312: 296, 313: 128, 314: 366, 315: 128, 316: 366, 317: 16, 318: 254, 319: 16, 320: 254, 321: 86, 322: 324, 323: 156, 324: 394, 325: 86, 326: 324, 327: 156, 328: 394, 329: 100, 330: 338, 331: 30, 332: 268, 333: 142, 334: 380, 335: 142, 336: 380, 337: 58, 338: 296, 339: 100, 340: 338, 341: 128, 342: 366, 343: 128, 344: 366, 345: 16, 346: 254, 347: 30, 348: 268, 349: 156, 350: 394, 351: 30, 352: 268, 353: 58, 354: 296, 355: 30, 356: 268, 357: 16, 358: 254, 359: 72, 360: 310, 361: 44, 362: 282, 363: 86, 364: 324, 365: 72, 366: 310, 367: 72, 368: 310, 369: 16, 370: 254, 371: 30, 372: 268, 373: 30, 374: 268, 375: 44, 376: 282, 377: 128, 378: 366, 379: 72, 380: 310, 381: 44, 382: 282, 383: 72, 384: 310, 385: 142, 386: 380, 387: 100, 388: 338, 389: 30, 390: 268, 391: 16, 392: 254, 393: 156, 394: 394, 395: 156, 396: 394, 397: 16, 398: 254, 399: 30, 400: 268}
Correct solution!
Number of lables used:  22
Time taken: 0.42 seconds
Memory used: 55.86 MB
--------------------------------------------------

Trying with at most 21 labels...
[runlim] sample:		10.0 time, 10.4 real, 99.1 MB
Cannot find solution.
No more solutions found.
Optimal number of labels used:  22
Time taken: 14.90 seconds
[runlim] end:			Thu Jan 15 14:05:37 2026
[runlim] status:		ok
[runlim] result:		0
[runlim] children:		0
[runlim] real:			15.32 seconds
[runlim] time:			14.96 seconds
[runlim] space:			112.5 MB
[runlim] samples:		149
