[runlim] version:		1.10
[runlim] time limit:		311040000 seconds
[runlim] real time limit:	900 seconds
[runlim] space limit:		8000 MB
[runlim] argv[0]:		python3
[runlim] argv[1]:		-u
[runlim] argv[2]:		main.py
[runlim] argv[3]:		scen02
[runlim] argv[4]:		sc_full
[runlim] argv[5]:		assumptions
[runlim] argv[6]:		cadical195
[runlim] start:			Thu Jan 15 04:43:05 2026
[runlim] main pid:		155428
Solve first problem:
Solution:
{13: 16, 14: 254, 15: 16, 16: 254, 53: 16, 54: 254, 79: 30, 80: 268, 81: 16, 82: 254, 83: 16, 84: 254, 85: 86, 86: 324, 127: 16, 128: 254, 129: 114, 130: 352, 143: 16, 144: 254, 145: 16, 146: 254, 205: 44, 206: 282, 233: 30, 234: 268, 235: 44, 236: 282, 237: 30, 238: 268, 261: 16, 262: 254, 263: 16, 264: 254, 265: 16, 266: 254, 267: 86, 268: 324, 269: 16, 270: 254, 271: 16, 272: 254, 273: 86, 274: 324, 275: 86, 276: 324, 277: 30, 278: 268, 281: 44, 282: 282, 283: 44, 284: 282, 289: 30, 290: 268, 291: 44, 292: 282, 303: 16, 304: 254, 305: 86, 306: 324, 321: 30, 322: 268, 323: 100, 324: 338, 325: 30, 326: 268, 327: 100, 328: 338, 329: 16, 330: 254, 341: 114, 342: 352, 343: 114, 344: 352, 349: 100, 350: 338, 351: 86, 352: 324, 435: 30, 436: 268, 475: 44, 476: 282, 481: 58, 482: 296, 517: 310, 518: 72, 519: 30, 520: 268, 555: 282, 556: 44, 557: 44, 558: 282, 559: 268, 560: 30, 561: 128, 562: 366, 565: 100, 566: 338, 577: 114, 578: 352, 579: 16, 580: 254, 583: 296, 584: 58, 585: 30, 586: 268, 587: 86, 588: 324, 589: 16, 590: 254, 591: 428, 592: 666, 593: 30, 594: 268, 595: 86, 596: 324, 597: 100, 598: 338, 599: 58, 600: 296, 601: 428, 602: 666, 603: 44, 604: 282, 605: 30, 606: 268, 607: 128, 608: 366, 613: 428, 614: 666, 615: 30, 616: 268, 617: 72, 618: 310, 621: 100, 622: 338, 625: 268, 626: 30, 629: 86, 630: 324, 631: 114, 632: 352, 633: 338, 634: 100, 635: 380, 636: 142, 645: 30, 646: 268, 651: 16, 652: 254, 661: 72, 662: 310, 663: 16, 664: 254, 665: 352, 666: 114, 667: 16, 668: 254, 713: 30, 714: 268, 717: 86, 718: 324, 719: 156, 720: 394, 721: 366, 722: 128, 723: 16, 724: 254, 743: 44, 744: 282, 745: 128, 746: 366, 747: 114, 748: 352, 763: 296, 764: 58, 765: 268, 766: 30, 767: 156, 768: 394, 785: 16, 786: 254, 787: 310, 788: 72, 789: 44, 790: 282, 791: 114, 792: 352, 793: 30, 794: 268, 795: 100, 796: 338, 797: 30, 798: 268, 799: 100, 800: 338, 801: 498, 802: 736, 879: 44, 880: 282}
Correct solution!
Number of lables used:  26
Time taken: 0.22 seconds
Memory used: 39.02 MB
--------------------------------------------------

Trying with at most 25 labels...
Solution:
{13: 282, 14: 44, 15: 282, 16: 44, 53: 380, 54: 142, 79: 16, 80: 254, 81: 380, 82: 142, 83: 296, 84: 58, 85: 380, 86: 142, 127: 380, 128: 142, 129: 16, 130: 254, 143: 652, 144: 414, 145: 652, 146: 414, 205: 16, 206: 254, 233: 58, 234: 296, 235: 44, 236: 282, 237: 694, 238: 456, 261: 16, 262: 254, 263: 142, 264: 380, 265: 254, 266: 16, 267: 352, 268: 114, 269: 254, 270: 16, 271: 254, 272: 16, 273: 282, 274: 44, 275: 282, 276: 44, 277: 254, 278: 16, 281: 86, 282: 324, 283: 114, 284: 352, 289: 16, 290: 254, 291: 380, 292: 142, 303: 142, 304: 380, 305: 254, 306: 16, 321: 414, 322: 652, 323: 296, 324: 58, 325: 100, 326: 338, 327: 16, 328: 254, 329: 282, 330: 44, 341: 380, 342: 142, 343: 380, 344: 142, 349: 282, 350: 44, 351: 380, 352: 142, 435: 296, 436: 58, 475: 310, 476: 72, 481: 324, 482: 86, 517: 352, 518: 114, 519: 324, 520: 86, 555: 142, 556: 380, 557: 380, 558: 142, 559: 44, 560: 282, 561: 338, 562: 100, 565: 694, 566: 456, 577: 254, 578: 16, 579: 310, 580: 72, 583: 86, 584: 324, 585: 324, 586: 86, 587: 16, 588: 254, 589: 16, 590: 254, 591: 310, 592: 72, 593: 44, 594: 282, 595: 310, 596: 72, 597: 58, 598: 296, 599: 310, 600: 72, 601: 324, 602: 86, 603: 324, 604: 86, 605: 310, 606: 72, 607: 58, 608: 296, 613: 72, 614: 310, 615: 310, 616: 72, 617: 324, 618: 86, 621: 282, 622: 44, 625: 380, 626: 142, 629: 310, 630: 72, 631: 324, 632: 86, 633: 296, 634: 58, 635: 310, 636: 72, 645: 380, 646: 142, 651: 16, 652: 254, 661: 16, 662: 254, 663: 16, 664: 254, 665: 694, 666: 456, 667: 16, 668: 254, 713: 254, 714: 16, 717: 282, 718: 44, 719: 352, 720: 114, 721: 100, 722: 338, 723: 652, 724: 414, 743: 44, 744: 282, 745: 380, 746: 142, 747: 324, 748: 86, 763: 324, 764: 86, 765: 16, 766: 254, 767: 338, 768: 100, 785: 16, 786: 254, 787: 282, 788: 44, 789: 58, 790: 296, 791: 380, 792: 142, 793: 310, 794: 72, 795: 380, 796: 142, 797: 310, 798: 72, 799: 44, 800: 282, 801: 86, 802: 324, 879: 324, 880: 86}
Correct solution!
Number of lables used:  20
Time taken: 0.25 seconds
Memory used: 40.76 MB
--------------------------------------------------

Trying with at most 19 labels...
Solution:
{13: 380, 14: 142, 15: 380, 16: 142, 53: 380, 54: 142, 79: 16, 80: 254, 81: 380, 82: 142, 83: 652, 84: 414, 85: 282, 86: 44, 127: 380, 128: 142, 129: 16, 130: 254, 143: 652, 144: 414, 145: 652, 146: 414, 205: 16, 206: 254, 233: 58, 234: 296, 235: 44, 236: 282, 237: 694, 238: 456, 261: 16, 262: 254, 263: 142, 264: 380, 265: 694, 266: 456, 267: 282, 268: 44, 269: 254, 270: 16, 271: 254, 272: 16, 273: 282, 274: 44, 275: 282, 276: 44, 277: 254, 278: 16, 281: 142, 282: 380, 283: 694, 284: 456, 289: 16, 290: 254, 291: 380, 292: 142, 303: 142, 304: 380, 305: 254, 306: 16, 321: 708, 322: 470, 323: 338, 324: 100, 325: 100, 326: 338, 327: 16, 328: 254, 329: 254, 330: 16, 341: 380, 342: 142, 343: 380, 344: 142, 349: 282, 350: 44, 351: 58, 352: 296, 435: 338, 436: 100, 475: 282, 476: 44, 481: 296, 482: 58, 517: 58, 518: 296, 519: 44, 520: 282, 555: 694, 556: 456, 557: 694, 558: 456, 559: 380, 560: 142, 561: 694, 562: 456, 565: 694, 566: 456, 577: 254, 578: 16, 579: 296, 580: 58, 583: 100, 584: 338, 585: 296, 586: 58, 587: 16, 588: 254, 589: 16, 590: 254, 591: 380, 592: 142, 593: 708, 594: 470, 595: 338, 596: 100, 597: 338, 598: 100, 599: 296, 600: 58, 601: 282, 602: 44, 603: 296, 604: 58, 605: 296, 606: 58, 607: 58, 608: 296, 613: 380, 614: 142, 615: 282, 616: 44, 617: 296, 618: 58, 621: 282, 622: 44, 625: 380, 626: 142, 629: 282, 630: 44, 631: 296, 632: 58, 633: 282, 634: 44, 635: 296, 636: 58, 645: 380, 646: 142, 651: 16, 652: 254, 661: 16, 662: 254, 663: 16, 664: 254, 665: 16, 666: 254, 667: 16, 668: 254, 713: 254, 714: 16, 717: 282, 718: 44, 719: 380, 720: 142, 721: 100, 722: 338, 723: 652, 724: 414, 743: 44, 744: 282, 745: 44, 746: 282, 747: 296, 748: 58, 763: 296, 764: 58, 765: 16, 766: 254, 767: 792, 768: 554, 785: 16, 786: 254, 787: 282, 788: 44, 789: 58, 790: 296, 791: 380, 792: 142, 793: 296, 794: 58, 795: 380, 796: 142, 797: 296, 798: 58, 799: 44, 800: 282, 801: 100, 802: 338, 879: 296, 880: 58}
Correct solution!
Number of lables used:  18
Time taken: 0.26 seconds
Memory used: 40.76 MB
--------------------------------------------------

Trying with at most 17 labels...
Solution:
{13: 380, 14: 142, 15: 380, 16: 142, 53: 380, 54: 142, 79: 16, 80: 254, 81: 380, 82: 142, 83: 694, 84: 456, 85: 282, 86: 44, 127: 380, 128: 142, 129: 16, 130: 254, 143: 694, 144: 456, 145: 694, 146: 456, 205: 16, 206: 254, 233: 58, 234: 296, 235: 44, 236: 282, 237: 694, 238: 456, 261: 16, 262: 254, 263: 142, 264: 380, 265: 694, 266: 456, 267: 282, 268: 44, 269: 254, 270: 16, 271: 254, 272: 16, 273: 282, 274: 44, 275: 282, 276: 44, 277: 254, 278: 16, 281: 142, 282: 380, 283: 708, 284: 470, 289: 16, 290: 254, 291: 380, 292: 142, 303: 142, 304: 380, 305: 254, 306: 16, 321: 708, 322: 470, 323: 338, 324: 100, 325: 100, 326: 338, 327: 16, 328: 254, 329: 254, 330: 16, 341: 380, 342: 142, 343: 380, 344: 142, 349: 282, 350: 44, 351: 58, 352: 296, 435: 338, 436: 100, 475: 282, 476: 44, 481: 296, 482: 58, 517: 58, 518: 296, 519: 44, 520: 282, 555: 694, 556: 456, 557: 694, 558: 456, 559: 380, 560: 142, 561: 694, 562: 456, 565: 694, 566: 456, 577: 254, 578: 16, 579: 296, 580: 58, 583: 100, 584: 338, 585: 296, 586: 58, 587: 16, 588: 254, 589: 16, 590: 254, 591: 380, 592: 142, 593: 708, 594: 470, 595: 338, 596: 100, 597: 338, 598: 100, 599: 296, 600: 58, 601: 282, 602: 44, 603: 296, 604: 58, 605: 296, 606: 58, 607: 58, 608: 296, 613: 380, 614: 142, 615: 282, 616: 44, 617: 296, 618: 58, 621: 282, 622: 44, 625: 380, 626: 142, 629: 282, 630: 44, 631: 296, 632: 58, 633: 282, 634: 44, 635: 296, 636: 58, 645: 380, 646: 142, 651: 16, 652: 254, 661: 16, 662: 254, 663: 16, 664: 254, 665: 16, 666: 254, 667: 16, 668: 254, 713: 254, 714: 16, 717: 282, 718: 44, 719: 380, 720: 142, 721: 100, 722: 338, 723: 694, 724: 456, 743: 44, 744: 282, 745: 44, 746: 282, 747: 296, 748: 58, 763: 296, 764: 58, 765: 16, 766: 254, 767: 792, 768: 554, 785: 16, 786: 254, 787: 282, 788: 44, 789: 58, 790: 296, 791: 380, 792: 142, 793: 296, 794: 58, 795: 380, 796: 142, 797: 296, 798: 58, 799: 44, 800: 282, 801: 100, 802: 338, 879: 296, 880: 58}
Correct solution!
Number of lables used:  16
Time taken: 0.26 seconds
Memory used: 40.76 MB
--------------------------------------------------

Trying with at most 15 labels...
Solution:
{13: 380, 14: 142, 15: 380, 16: 142, 53: 380, 54: 142, 79: 16, 80: 254, 81: 380, 82: 142, 83: 792, 84: 554, 85: 694, 86: 456, 127: 380, 128: 142, 129: 16, 130: 254, 143: 694, 144: 456, 145: 694, 146: 456, 205: 16, 206: 254, 233: 44, 234: 282, 235: 100, 236: 338, 237: 694, 238: 456, 261: 16, 262: 254, 263: 708, 264: 470, 265: 694, 266: 456, 267: 254, 268: 16, 269: 254, 270: 16, 271: 254, 272: 16, 273: 380, 274: 142, 275: 380, 276: 142, 277: 254, 278: 16, 281: 142, 282: 380, 283: 708, 284: 470, 289: 16, 290: 254, 291: 380, 292: 142, 303: 142, 304: 380, 305: 16, 306: 254, 321: 708, 322: 470, 323: 338, 324: 100, 325: 694, 326: 456, 327: 16, 328: 254, 329: 254, 330: 16, 341: 380, 342: 142, 343: 380, 344: 142, 349: 380, 350: 142, 351: 44, 352: 282, 435: 380, 436: 142, 475: 338, 476: 100, 481: 282, 482: 44, 517: 282, 518: 44, 519: 44, 520: 282, 555: 708, 556: 470, 557: 694, 558: 456, 559: 142, 560: 380, 561: 708, 562: 470, 565: 694, 566: 456, 577: 254, 578: 16, 579: 16, 580: 254, 583: 694, 584: 456, 585: 282, 586: 44, 587: 16, 588: 254, 589: 16, 590: 254, 591: 694, 592: 456, 593: 708, 594: 470, 595: 380, 596: 142, 597: 338, 598: 100, 599: 282, 600: 44, 601: 338, 602: 100, 603: 282, 604: 44, 605: 282, 606: 44, 607: 100, 608: 338, 613: 380, 614: 142, 615: 338, 616: 100, 617: 282, 618: 44, 621: 380, 622: 142, 625: 282, 626: 44, 629: 338, 630: 100, 631: 282, 632: 44, 633: 338, 634: 100, 635: 282, 636: 44, 645: 380, 646: 142, 651: 16, 652: 254, 661: 16, 662: 254, 663: 16, 664: 254, 665: 16, 666: 254, 667: 16, 668: 254, 713: 254, 714: 16, 717: 380, 718: 142, 719: 282, 720: 44, 721: 100, 722: 338, 723: 694, 724: 456, 743: 380, 744: 142, 745: 380, 746: 142, 747: 282, 748: 44, 763: 282, 764: 44, 765: 16, 766: 254, 767: 792, 768: 554, 785: 16, 786: 254, 787: 282, 788: 44, 789: 380, 790: 142, 791: 44, 792: 282, 793: 338, 794: 100, 795: 44, 796: 282, 797: 338, 798: 100, 799: 44, 800: 282, 801: 100, 802: 338, 879: 282, 880: 44}
Correct solution!
Number of lables used:  14
Time taken: 0.27 seconds
Memory used: 40.88 MB
--------------------------------------------------

Trying with at most 13 labels...
[runlim] sample:		10.0 time, 10.5 real, 63.8 MB
[runlim] sample:		20.0 time, 20.5 real, 67.3 MB
Cannot find solution.
No more solutions found.
Optimal number of labels used:  14
Time taken: 26.80 seconds
[runlim] end:			Thu Jan 15 04:43:32 2026
[runlim] status:		ok
[runlim] result:		0
[runlim] children:		0
[runlim] real:			27.32 seconds
[runlim] time:			26.79 seconds
[runlim] space:			67.3 MB
[runlim] samples:		268
