[runlim] version:		1.10
[runlim] time limit:		311040000 seconds
[runlim] real time limit:	900 seconds
[runlim] space limit:		8000 MB
[runlim] argv[0]:		python3
[runlim] argv[1]:		-u
[runlim] argv[2]:		main.py
[runlim] argv[3]:		graph03
[runlim] argv[4]:		nsc
[runlim] argv[5]:		assumptions
[runlim] start:			Mon Jan 12 07:27:19 2026
[runlim] main pid:		161050
Solve first problem:
Solution:
{1: 456, 2: 694, 3: 554, 4: 792, 5: 498, 6: 736, 7: 484, 8: 722, 9: 540, 10: 778, 11: 540, 12: 778, 13: 254, 14: 16, 15: 254, 16: 16, 17: 526, 18: 764, 19: 414, 20: 652, 21: 414, 22: 652, 23: 310, 24: 72, 25: 498, 26: 736, 27: 296, 28: 58, 29: 512, 30: 750, 31: 254, 32: 16, 33: 310, 34: 72, 35: 554, 36: 792, 37: 414, 38: 652, 39: 16, 40: 254, 41: 338, 42: 100, 43: 470, 44: 708, 45: 310, 46: 72, 47: 498, 48: 736, 49: 778, 50: 540, 51: 540, 52: 778, 53: 540, 54: 778, 55: 764, 56: 526, 57: 484, 58: 722, 59: 296, 60: 58, 61: 282, 62: 44, 63: 428, 64: 666, 65: 456, 66: 694, 67: 498, 68: 736, 69: 428, 70: 666, 71: 526, 72: 764, 73: 310, 74: 72, 75: 352, 76: 114, 77: 442, 78: 680, 79: 414, 80: 652, 81: 484, 82: 722, 83: 442, 84: 680, 85: 414, 86: 652, 87: 394, 88: 156, 89: 470, 90: 708, 91: 428, 92: 666, 93: 428, 94: 666, 95: 142, 96: 380, 97: 324, 98: 86, 99: 44, 100: 282, 101: 792, 102: 554, 103: 268, 104: 30, 105: 428, 106: 666, 107: 310, 108: 72, 109: 268, 110: 30, 111: 394, 112: 156, 113: 394, 114: 156, 115: 58, 116: 296, 117: 540, 118: 778, 119: 442, 120: 680, 121: 254, 122: 16, 123: 394, 124: 156, 125: 526, 126: 764, 127: 324, 128: 86, 129: 498, 130: 736, 131: 268, 132: 30, 133: 470, 134: 708, 135: 540, 136: 778, 137: 296, 138: 58, 139: 680, 140: 442, 141: 498, 142: 736, 143: 352, 144: 114, 145: 30, 146: 268, 147: 338, 148: 100, 149: 512, 150: 750, 151: 268, 152: 30, 153: 254, 154: 16, 155: 324, 156: 86, 157: 352, 158: 114, 159: 352, 160: 114, 161: 456, 162: 694, 163: 296, 164: 58, 165: 324, 166: 86, 167: 352, 168: 114, 169: 512, 170: 750, 171: 282, 172: 44, 173: 428, 174: 666, 175: 268, 176: 30, 177: 428, 178: 666, 179: 456, 180: 694, 181: 296, 182: 58, 183: 498, 184: 736, 185: 268, 186: 30, 187: 254, 188: 16, 189: 338, 190: 100, 191: 414, 192: 652, 193: 456, 194: 694, 195: 268, 196: 30, 197: 470, 198: 708, 199: 268, 200: 30}
Correct solution!
Number of lables used:  42
Time taken: 0.18 seconds
Memory used: 30.19 MB
--------------------------------------------------

Trying with at most 41 labels...
Solution:
{1: 456, 2: 694, 3: 554, 4: 792, 5: 498, 6: 736, 7: 484, 8: 722, 9: 540, 10: 778, 11: 554, 12: 792, 13: 254, 14: 16, 15: 254, 16: 16, 17: 526, 18: 764, 19: 414, 20: 652, 21: 414, 22: 652, 23: 310, 24: 72, 25: 498, 26: 736, 27: 296, 28: 58, 29: 526, 30: 764, 31: 254, 32: 16, 33: 324, 34: 86, 35: 554, 36: 792, 37: 414, 38: 652, 39: 16, 40: 254, 41: 352, 42: 114, 43: 470, 44: 708, 45: 470, 46: 708, 47: 498, 48: 736, 49: 778, 50: 540, 51: 540, 52: 778, 53: 540, 54: 778, 55: 764, 56: 526, 57: 484, 58: 722, 59: 296, 60: 58, 61: 324, 62: 86, 63: 428, 64: 666, 65: 456, 66: 694, 67: 498, 68: 736, 69: 428, 70: 666, 71: 540, 72: 778, 73: 310, 74: 72, 75: 352, 76: 114, 77: 442, 78: 680, 79: 380, 80: 142, 81: 484, 82: 722, 83: 442, 84: 680, 85: 414, 86: 652, 87: 394, 88: 156, 89: 470, 90: 708, 91: 428, 92: 666, 93: 428, 94: 666, 95: 142, 96: 380, 97: 338, 98: 100, 99: 44, 100: 282, 101: 792, 102: 554, 103: 268, 104: 30, 105: 428, 106: 666, 107: 310, 108: 72, 109: 268, 110: 30, 111: 414, 112: 652, 113: 394, 114: 156, 115: 58, 116: 296, 117: 540, 118: 778, 119: 442, 120: 680, 121: 254, 122: 16, 123: 394, 124: 156, 125: 540, 126: 778, 127: 324, 128: 86, 129: 498, 130: 736, 131: 268, 132: 30, 133: 470, 134: 708, 135: 540, 136: 778, 137: 296, 138: 58, 139: 680, 140: 442, 141: 498, 142: 736, 143: 442, 144: 680, 145: 30, 146: 268, 147: 338, 148: 100, 149: 282, 150: 44, 151: 268, 152: 30, 153: 254, 154: 16, 155: 324, 156: 86, 157: 394, 158: 156, 159: 352, 160: 114, 161: 456, 162: 694, 163: 296, 164: 58, 165: 324, 166: 86, 167: 352, 168: 114, 169: 526, 170: 764, 171: 282, 172: 44, 173: 442, 174: 680, 175: 310, 176: 72, 177: 428, 178: 666, 179: 456, 180: 694, 181: 296, 182: 58, 183: 498, 184: 736, 185: 268, 186: 30, 187: 254, 188: 16, 189: 338, 190: 100, 191: 414, 192: 652, 193: 456, 194: 694, 195: 268, 196: 30, 197: 470, 198: 708, 199: 268, 200: 30}
Correct solution!
Number of lables used:  40
Time taken: 0.20 seconds
Memory used: 31.19 MB
--------------------------------------------------

Trying with at most 39 labels...
Solution:
{1: 456, 2: 694, 3: 554, 4: 792, 5: 498, 6: 736, 7: 540, 8: 778, 9: 540, 10: 778, 11: 268, 12: 30, 13: 352, 14: 114, 15: 254, 16: 16, 17: 498, 18: 736, 19: 414, 20: 652, 21: 414, 22: 652, 23: 324, 24: 86, 25: 310, 26: 72, 27: 310, 28: 72, 29: 540, 30: 778, 31: 282, 32: 44, 33: 324, 34: 86, 35: 526, 36: 764, 37: 310, 38: 72, 39: 16, 40: 254, 41: 414, 42: 652, 43: 324, 44: 86, 45: 352, 46: 114, 47: 324, 48: 86, 49: 778, 50: 540, 51: 540, 52: 778, 53: 268, 54: 30, 55: 764, 56: 526, 57: 484, 58: 722, 59: 296, 60: 58, 61: 324, 62: 86, 63: 394, 64: 156, 65: 554, 66: 792, 67: 498, 68: 736, 69: 456, 70: 694, 71: 540, 72: 778, 73: 282, 74: 44, 75: 352, 76: 114, 77: 380, 78: 142, 79: 442, 80: 680, 81: 324, 82: 86, 83: 442, 84: 680, 85: 442, 86: 680, 87: 394, 88: 156, 89: 338, 90: 100, 91: 394, 92: 156, 93: 526, 94: 764, 95: 142, 96: 380, 97: 338, 98: 100, 99: 44, 100: 282, 101: 792, 102: 554, 103: 268, 104: 30, 105: 484, 106: 722, 107: 310, 108: 72, 109: 268, 110: 30, 111: 414, 112: 652, 113: 394, 114: 156, 115: 58, 116: 296, 117: 540, 118: 778, 119: 540, 120: 778, 121: 268, 122: 30, 123: 394, 124: 156, 125: 540, 126: 778, 127: 338, 128: 100, 129: 498, 130: 736, 131: 268, 132: 30, 133: 498, 134: 736, 135: 540, 136: 778, 137: 296, 138: 58, 139: 694, 140: 456, 141: 498, 142: 736, 143: 352, 144: 114, 145: 30, 146: 268, 147: 338, 148: 100, 149: 282, 150: 44, 151: 282, 152: 44, 153: 394, 154: 156, 155: 324, 156: 86, 157: 394, 158: 156, 159: 352, 160: 114, 161: 456, 162: 694, 163: 296, 164: 58, 165: 324, 166: 86, 167: 414, 168: 652, 169: 526, 170: 764, 171: 282, 172: 44, 173: 442, 174: 680, 175: 310, 176: 72, 177: 456, 178: 694, 179: 338, 180: 100, 181: 296, 182: 58, 183: 498, 184: 736, 185: 268, 186: 30, 187: 442, 188: 680, 189: 352, 190: 114, 191: 394, 192: 156, 193: 456, 194: 694, 195: 442, 196: 680, 197: 526, 198: 764, 199: 268, 200: 30}
Correct solution!
Number of lables used:  36
Time taken: 0.21 seconds
Memory used: 31.19 MB
--------------------------------------------------

Trying with at most 35 labels...
Solution:
{1: 456, 2: 694, 3: 554, 4: 792, 5: 498, 6: 736, 7: 540, 8: 778, 9: 540, 10: 778, 11: 268, 12: 30, 13: 352, 14: 114, 15: 296, 16: 58, 17: 296, 18: 58, 19: 414, 20: 652, 21: 414, 22: 652, 23: 324, 24: 86, 25: 310, 26: 72, 27: 310, 28: 72, 29: 296, 30: 58, 31: 282, 32: 44, 33: 442, 34: 680, 35: 268, 36: 30, 37: 310, 38: 72, 39: 764, 40: 526, 41: 414, 42: 652, 43: 324, 44: 86, 45: 352, 46: 114, 47: 324, 48: 86, 49: 778, 50: 540, 51: 540, 52: 778, 53: 268, 54: 30, 55: 764, 56: 526, 57: 484, 58: 722, 59: 296, 60: 58, 61: 324, 62: 86, 63: 394, 64: 156, 65: 554, 66: 792, 67: 498, 68: 736, 69: 380, 70: 142, 71: 540, 72: 778, 73: 268, 74: 30, 75: 352, 76: 114, 77: 526, 78: 764, 79: 394, 80: 156, 81: 324, 82: 86, 83: 442, 84: 680, 85: 498, 86: 736, 87: 394, 88: 156, 89: 338, 90: 100, 91: 394, 92: 156, 93: 526, 94: 764, 95: 142, 96: 380, 97: 338, 98: 100, 99: 44, 100: 282, 101: 792, 102: 554, 103: 268, 104: 30, 105: 484, 106: 722, 107: 310, 108: 72, 109: 268, 110: 30, 111: 414, 112: 652, 113: 394, 114: 156, 115: 58, 116: 296, 117: 268, 118: 30, 119: 540, 120: 778, 121: 268, 122: 30, 123: 394, 124: 156, 125: 540, 126: 778, 127: 338, 128: 100, 129: 498, 130: 736, 131: 268, 132: 30, 133: 554, 134: 792, 135: 540, 136: 778, 137: 296, 138: 58, 139: 694, 140: 456, 141: 498, 142: 736, 143: 352, 144: 114, 145: 30, 146: 268, 147: 338, 148: 100, 149: 282, 150: 44, 151: 442, 152: 680, 153: 394, 154: 156, 155: 324, 156: 86, 157: 394, 158: 156, 159: 352, 160: 114, 161: 456, 162: 694, 163: 296, 164: 58, 165: 324, 166: 86, 167: 414, 168: 652, 169: 526, 170: 764, 171: 282, 172: 44, 173: 442, 174: 680, 175: 310, 176: 72, 177: 456, 178: 694, 179: 338, 180: 100, 181: 296, 182: 58, 183: 498, 184: 736, 185: 268, 186: 30, 187: 456, 188: 694, 189: 352, 190: 114, 191: 394, 192: 156, 193: 456, 194: 694, 195: 442, 196: 680, 197: 526, 198: 764, 199: 268, 200: 30}
Correct solution!
Number of lables used:  34
Time taken: 0.21 seconds
Memory used: 31.32 MB
--------------------------------------------------

Trying with at most 33 labels...
Solution:
{1: 484, 2: 722, 3: 554, 4: 792, 5: 526, 6: 764, 7: 540, 8: 778, 9: 540, 10: 778, 11: 268, 12: 30, 13: 352, 14: 114, 15: 296, 16: 58, 17: 296, 18: 58, 19: 442, 20: 680, 21: 414, 22: 652, 23: 324, 24: 86, 25: 310, 26: 72, 27: 310, 28: 72, 29: 296, 30: 58, 31: 282, 32: 44, 33: 442, 34: 680, 35: 268, 36: 30, 37: 310, 38: 72, 39: 792, 40: 554, 41: 414, 42: 652, 43: 324, 44: 86, 45: 352, 46: 114, 47: 324, 48: 86, 49: 778, 50: 540, 51: 540, 52: 778, 53: 268, 54: 30, 55: 764, 56: 526, 57: 484, 58: 722, 59: 296, 60: 58, 61: 324, 62: 86, 63: 394, 64: 156, 65: 554, 66: 792, 67: 498, 68: 736, 69: 380, 70: 142, 71: 540, 72: 778, 73: 268, 74: 30, 75: 352, 76: 114, 77: 526, 78: 764, 79: 394, 80: 156, 81: 324, 82: 86, 83: 442, 84: 680, 85: 498, 86: 736, 87: 394, 88: 156, 89: 338, 90: 100, 91: 394, 92: 156, 93: 526, 94: 764, 95: 142, 96: 380, 97: 338, 98: 100, 99: 44, 100: 282, 101: 792, 102: 554, 103: 268, 104: 30, 105: 484, 106: 722, 107: 310, 108: 72, 109: 268, 110: 30, 111: 414, 112: 652, 113: 394, 114: 156, 115: 58, 116: 296, 117: 268, 118: 30, 119: 540, 120: 778, 121: 268, 122: 30, 123: 394, 124: 156, 125: 540, 126: 778, 127: 338, 128: 100, 129: 526, 130: 764, 131: 268, 132: 30, 133: 554, 134: 792, 135: 540, 136: 778, 137: 296, 138: 58, 139: 722, 140: 484, 141: 498, 142: 736, 143: 352, 144: 114, 145: 30, 146: 268, 147: 338, 148: 100, 149: 282, 150: 44, 151: 484, 152: 722, 153: 394, 154: 156, 155: 324, 156: 86, 157: 394, 158: 156, 159: 352, 160: 114, 161: 484, 162: 722, 163: 296, 164: 58, 165: 324, 166: 86, 167: 414, 168: 652, 169: 282, 170: 44, 171: 282, 172: 44, 173: 442, 174: 680, 175: 310, 176: 72, 177: 484, 178: 722, 179: 338, 180: 100, 181: 296, 182: 58, 183: 498, 184: 736, 185: 268, 186: 30, 187: 498, 188: 736, 189: 352, 190: 114, 191: 394, 192: 156, 193: 352, 194: 114, 195: 442, 196: 680, 197: 526, 198: 764, 199: 268, 200: 30}
Correct solution!
Number of lables used:  32
Time taken: 0.22 seconds
Memory used: 31.32 MB
--------------------------------------------------

Trying with at most 31 labels...
Solution:
{1: 512, 2: 750, 3: 268, 4: 30, 5: 554, 6: 792, 7: 268, 8: 30, 9: 268, 10: 30, 11: 268, 12: 30, 13: 512, 14: 750, 15: 296, 16: 58, 17: 296, 18: 58, 19: 470, 20: 708, 21: 470, 22: 708, 23: 324, 24: 86, 25: 554, 26: 792, 27: 554, 28: 792, 29: 296, 30: 58, 31: 282, 32: 44, 33: 366, 34: 128, 35: 268, 36: 30, 37: 338, 38: 100, 39: 792, 40: 554, 41: 540, 42: 778, 43: 540, 44: 778, 45: 512, 46: 750, 47: 324, 48: 86, 49: 540, 50: 778, 51: 282, 52: 44, 53: 268, 54: 30, 55: 366, 56: 128, 57: 324, 58: 86, 59: 296, 60: 58, 61: 324, 62: 86, 63: 470, 64: 708, 65: 512, 66: 750, 67: 554, 68: 792, 69: 380, 70: 142, 71: 268, 72: 30, 73: 268, 74: 30, 75: 512, 76: 750, 77: 366, 78: 128, 79: 470, 80: 708, 81: 540, 82: 778, 83: 484, 84: 722, 85: 778, 86: 540, 87: 470, 88: 708, 89: 526, 90: 764, 91: 512, 92: 750, 93: 380, 94: 142, 95: 142, 96: 380, 97: 380, 98: 142, 99: 764, 100: 526, 101: 526, 102: 764, 103: 268, 104: 30, 105: 470, 106: 708, 107: 554, 108: 792, 109: 268, 110: 30, 111: 470, 112: 708, 113: 792, 114: 554, 115: 30, 116: 268, 117: 268, 118: 30, 119: 366, 120: 128, 121: 296, 122: 58, 123: 470, 124: 708, 125: 268, 126: 30, 127: 338, 128: 100, 129: 296, 130: 58, 131: 268, 132: 30, 133: 338, 134: 100, 135: 268, 136: 30, 137: 296, 138: 58, 139: 722, 140: 484, 141: 554, 142: 792, 143: 512, 144: 750, 145: 778, 146: 540, 147: 338, 148: 100, 149: 282, 150: 44, 151: 540, 152: 778, 153: 470, 154: 708, 155: 324, 156: 86, 157: 470, 158: 708, 159: 750, 160: 512, 161: 526, 162: 764, 163: 296, 164: 58, 165: 324, 166: 86, 167: 470, 168: 708, 169: 282, 170: 44, 171: 282, 172: 44, 173: 366, 174: 128, 175: 554, 176: 792, 177: 366, 178: 128, 179: 338, 180: 100, 181: 296, 182: 58, 183: 324, 184: 86, 185: 268, 186: 30, 187: 554, 188: 792, 189: 380, 190: 142, 191: 470, 192: 708, 193: 512, 194: 750, 195: 366, 196: 128, 197: 282, 198: 44, 199: 380, 200: 142}
Correct solution!
Number of lables used:  26
Time taken: 0.24 seconds
Memory used: 31.44 MB
--------------------------------------------------

Trying with at most 25 labels...
Solution:
{1: 694, 2: 456, 3: 142, 4: 380, 5: 142, 6: 380, 7: 142, 8: 380, 9: 142, 10: 380, 11: 142, 12: 380, 13: 722, 14: 484, 15: 114, 16: 352, 17: 30, 18: 268, 19: 736, 20: 498, 21: 16, 22: 254, 23: 86, 24: 324, 25: 100, 26: 338, 27: 100, 28: 338, 29: 114, 30: 352, 31: 128, 32: 366, 33: 764, 34: 526, 35: 100, 36: 338, 37: 736, 38: 498, 39: 764, 40: 526, 41: 16, 42: 254, 43: 86, 44: 324, 45: 722, 46: 484, 47: 694, 48: 456, 49: 30, 50: 268, 51: 128, 52: 366, 53: 142, 54: 380, 55: 736, 56: 498, 57: 86, 58: 324, 59: 666, 60: 428, 61: 86, 62: 324, 63: 764, 64: 526, 65: 722, 66: 484, 67: 100, 68: 338, 69: 30, 70: 268, 71: 142, 72: 380, 73: 142, 74: 380, 75: 736, 76: 498, 77: 764, 78: 526, 79: 16, 80: 254, 81: 86, 82: 324, 83: 30, 84: 268, 85: 16, 86: 254, 87: 764, 88: 526, 89: 736, 90: 498, 91: 764, 92: 526, 93: 30, 94: 268, 95: 142, 96: 380, 97: 30, 98: 268, 99: 736, 100: 498, 101: 16, 102: 254, 103: 142, 104: 380, 105: 86, 106: 324, 107: 100, 108: 338, 109: 100, 110: 338, 111: 16, 112: 254, 113: 764, 114: 526, 115: 722, 116: 484, 117: 142, 118: 380, 119: 736, 120: 498, 121: 114, 122: 352, 123: 16, 124: 254, 125: 142, 126: 380, 127: 694, 128: 456, 129: 694, 130: 456, 131: 142, 132: 380, 133: 736, 134: 498, 135: 142, 136: 380, 137: 666, 138: 428, 139: 694, 140: 456, 141: 694, 142: 456, 143: 722, 144: 484, 145: 30, 146: 268, 147: 722, 148: 484, 149: 128, 150: 366, 151: 736, 152: 498, 153: 16, 154: 254, 155: 86, 156: 324, 157: 764, 158: 526, 159: 722, 160: 484, 161: 736, 162: 498, 163: 666, 164: 428, 165: 694, 166: 456, 167: 16, 168: 254, 169: 128, 170: 366, 171: 128, 172: 366, 173: 736, 174: 498, 175: 100, 176: 338, 177: 736, 178: 498, 179: 30, 180: 268, 181: 114, 182: 352, 183: 694, 184: 456, 185: 142, 186: 380, 187: 722, 188: 484, 189: 30, 190: 268, 191: 16, 192: 254, 193: 736, 194: 498, 195: 764, 196: 526, 197: 128, 198: 366, 199: 30, 200: 268}
Correct solution!
Number of lables used:  24
Time taken: 0.46 seconds
Memory used: 32.32 MB
--------------------------------------------------

Trying with at most 23 labels...
Solution:
{1: 44, 2: 282, 3: 142, 4: 380, 5: 86, 6: 324, 7: 142, 8: 380, 9: 142, 10: 380, 11: 142, 12: 380, 13: 708, 14: 470, 15: 114, 16: 352, 17: 114, 18: 352, 19: 708, 20: 470, 21: 16, 22: 254, 23: 86, 24: 324, 25: 666, 26: 428, 27: 666, 28: 428, 29: 114, 30: 352, 31: 128, 32: 366, 33: 44, 34: 282, 35: 142, 36: 380, 37: 694, 38: 456, 39: 16, 40: 254, 41: 16, 42: 254, 43: 86, 44: 324, 45: 708, 46: 470, 47: 694, 48: 456, 49: 736, 50: 498, 51: 128, 52: 366, 53: 142, 54: 380, 55: 44, 56: 282, 57: 86, 58: 324, 59: 114, 60: 352, 61: 86, 62: 324, 63: 16, 64: 254, 65: 708, 66: 470, 67: 666, 68: 428, 69: 736, 70: 498, 71: 142, 72: 380, 73: 142, 74: 380, 75: 58, 76: 296, 77: 44, 78: 282, 79: 16, 80: 254, 81: 86, 82: 324, 83: 736, 84: 498, 85: 16, 86: 254, 87: 16, 88: 254, 89: 736, 90: 498, 91: 16, 92: 254, 93: 736, 94: 498, 95: 142, 96: 380, 97: 736, 98: 498, 99: 44, 100: 282, 101: 16, 102: 254, 103: 142, 104: 380, 105: 86, 106: 324, 107: 666, 108: 428, 109: 142, 110: 380, 111: 16, 112: 254, 113: 16, 114: 254, 115: 58, 116: 296, 117: 142, 118: 380, 119: 44, 120: 282, 121: 114, 122: 352, 123: 16, 124: 254, 125: 666, 126: 428, 127: 694, 128: 456, 129: 114, 130: 352, 131: 142, 132: 380, 133: 694, 134: 456, 135: 142, 136: 380, 137: 114, 138: 352, 139: 86, 140: 324, 141: 694, 142: 456, 143: 58, 144: 296, 145: 736, 146: 498, 147: 736, 148: 498, 149: 128, 150: 366, 151: 736, 152: 498, 153: 16, 154: 254, 155: 86, 156: 324, 157: 16, 158: 254, 159: 736, 160: 498, 161: 694, 162: 456, 163: 114, 164: 352, 165: 694, 166: 456, 167: 16, 168: 254, 169: 128, 170: 366, 171: 128, 172: 366, 173: 44, 174: 282, 175: 708, 176: 470, 177: 736, 178: 498, 179: 708, 180: 470, 181: 114, 182: 352, 183: 86, 184: 324, 185: 142, 186: 380, 187: 58, 188: 296, 189: 736, 190: 498, 191: 16, 192: 254, 193: 736, 194: 498, 195: 44, 196: 282, 197: 128, 198: 366, 199: 736, 200: 498}
Correct solution!
Number of lables used:  22
Time taken: 0.46 seconds
Memory used: 32.44 MB
--------------------------------------------------

Trying with at most 21 labels...
Solution:
{1: 100, 2: 338, 3: 142, 4: 380, 5: 142, 6: 380, 7: 142, 8: 380, 9: 142, 10: 380, 11: 142, 12: 380, 13: 58, 14: 296, 15: 114, 16: 352, 17: 114, 18: 352, 19: 58, 20: 296, 21: 16, 22: 254, 23: 86, 24: 324, 25: 100, 26: 338, 27: 100, 28: 338, 29: 114, 30: 352, 31: 128, 32: 366, 33: 44, 34: 282, 35: 142, 36: 380, 37: 736, 38: 498, 39: 16, 40: 254, 41: 16, 42: 254, 43: 86, 44: 324, 45: 58, 46: 296, 47: 86, 48: 324, 49: 736, 50: 498, 51: 128, 52: 366, 53: 142, 54: 380, 55: 44, 56: 282, 57: 86, 58: 324, 59: 114, 60: 352, 61: 86, 62: 324, 63: 16, 64: 254, 65: 58, 66: 296, 67: 100, 68: 338, 69: 778, 70: 540, 71: 142, 72: 380, 73: 142, 74: 380, 75: 58, 76: 296, 77: 44, 78: 282, 79: 16, 80: 254, 81: 86, 82: 324, 83: 736, 84: 498, 85: 16, 86: 254, 87: 16, 88: 254, 89: 736, 90: 498, 91: 16, 92: 254, 93: 736, 94: 498, 95: 142, 96: 380, 97: 736, 98: 498, 99: 44, 100: 282, 101: 16, 102: 254, 103: 142, 104: 380, 105: 86, 106: 324, 107: 100, 108: 338, 109: 142, 110: 380, 111: 16, 112: 254, 113: 16, 114: 254, 115: 58, 116: 296, 117: 142, 118: 380, 119: 44, 120: 282, 121: 114, 122: 352, 123: 16, 124: 254, 125: 142, 126: 380, 127: 736, 128: 498, 129: 114, 130: 352, 131: 142, 132: 380, 133: 736, 134: 498, 135: 142, 136: 380, 137: 114, 138: 352, 139: 86, 140: 324, 141: 100, 142: 338, 143: 58, 144: 296, 145: 778, 146: 540, 147: 736, 148: 498, 149: 736, 150: 498, 151: 44, 152: 282, 153: 16, 154: 254, 155: 86, 156: 324, 157: 16, 158: 254, 159: 58, 160: 296, 161: 736, 162: 498, 163: 114, 164: 352, 165: 86, 166: 324, 167: 16, 168: 254, 169: 128, 170: 366, 171: 736, 172: 498, 173: 44, 174: 282, 175: 100, 176: 338, 177: 44, 178: 282, 179: 736, 180: 498, 181: 114, 182: 352, 183: 86, 184: 324, 185: 142, 186: 380, 187: 58, 188: 296, 189: 778, 190: 540, 191: 16, 192: 254, 193: 736, 194: 498, 195: 44, 196: 282, 197: 128, 198: 366, 199: 736, 200: 498}
Correct solution!
Number of lables used:  20
Time taken: 0.50 seconds
Memory used: 32.44 MB
--------------------------------------------------

Trying with at most 19 labels...
Cannot find solution.
No more solutions found.
Optimal number of labels used:  20
Time taken: 4.38 seconds
[runlim] end:			Mon Jan 12 07:27:24 2026
[runlim] status:		ok
[runlim] result:		0
[runlim] children:		0
[runlim] real:			5.30 seconds
[runlim] time:			4.39 seconds
[runlim] space:			43.3 MB
[runlim] samples:		44
