[runlim] version:		1.10
[runlim] time limit:		311040000 seconds
[runlim] real time limit:	900 seconds
[runlim] space limit:		8000 MB
[runlim] argv[0]:		python3
[runlim] argv[1]:		-u
[runlim] argv[2]:		main.py
[runlim] argv[3]:		graph01
[runlim] argv[4]:		nsc
[runlim] argv[5]:		assumptions
[runlim] start:			Mon Jan 12 07:25:36 2026
[runlim] main pid:		160327
Solve first problem:
Solution:
{1: 296, 2: 58, 3: 652, 4: 414, 5: 16, 6: 254, 7: 380, 8: 142, 9: 380, 10: 142, 11: 778, 12: 540, 13: 338, 14: 100, 15: 296, 16: 58, 17: 652, 18: 414, 19: 394, 20: 156, 21: 296, 22: 58, 23: 478, 24: 240, 25: 310, 26: 72, 27: 114, 28: 352, 29: 296, 30: 58, 31: 268, 32: 30, 33: 352, 34: 114, 35: 310, 36: 72, 37: 338, 38: 100, 39: 324, 40: 86, 41: 282, 42: 44, 43: 778, 44: 540, 45: 254, 46: 16, 47: 72, 48: 310, 49: 282, 50: 44, 51: 394, 52: 156, 53: 310, 54: 72, 55: 86, 56: 324, 57: 16, 58: 254, 59: 778, 60: 540, 61: 254, 62: 16, 63: 352, 64: 114, 65: 254, 66: 16, 67: 296, 68: 58, 69: 254, 70: 16, 71: 324, 72: 86, 73: 380, 74: 142, 75: 268, 76: 30, 77: 750, 78: 512, 79: 310, 80: 72, 81: 254, 82: 16, 83: 268, 84: 30, 85: 324, 86: 86, 87: 680, 88: 442, 89: 338, 90: 100, 91: 652, 92: 414, 93: 254, 94: 16, 95: 44, 96: 282, 97: 478, 98: 240, 99: 30, 100: 268, 101: 380, 102: 142, 103: 282, 104: 44, 105: 352, 106: 114, 107: 296, 108: 58, 109: 296, 110: 58, 111: 380, 112: 142, 113: 268, 114: 30, 115: 114, 116: 352, 117: 254, 118: 16, 119: 296, 120: 58, 121: 380, 122: 142, 123: 380, 124: 142, 125: 254, 126: 16, 127: 296, 128: 58, 129: 338, 130: 100, 131: 268, 132: 30, 133: 694, 134: 456, 135: 478, 136: 240, 137: 282, 138: 44, 139: 296, 140: 58, 141: 324, 142: 86, 143: 324, 144: 86, 145: 268, 146: 30, 147: 254, 148: 16, 149: 324, 150: 86, 151: 652, 152: 414, 153: 254, 154: 16, 155: 324, 156: 86, 157: 268, 158: 30, 159: 268, 160: 30, 161: 394, 162: 156, 163: 296, 164: 58, 165: 352, 166: 114, 167: 366, 168: 128, 169: 254, 170: 16, 171: 268, 172: 30, 173: 254, 174: 16, 175: 324, 176: 86, 177: 254, 178: 16, 179: 282, 180: 44, 181: 652, 182: 414, 183: 268, 184: 30, 185: 324, 186: 86, 187: 268, 188: 30, 189: 254, 190: 16, 191: 310, 192: 72, 193: 380, 194: 142, 195: 268, 196: 30, 197: 254, 198: 16, 199: 254, 200: 16}
Correct solution!
Number of lables used:  34
Time taken: 0.13 seconds
Memory used: 28.98 MB
--------------------------------------------------

Trying with at most 33 labels...
Solution:
{1: 268, 2: 30, 3: 652, 4: 414, 5: 30, 6: 268, 7: 408, 8: 170, 9: 170, 10: 408, 11: 750, 12: 512, 13: 156, 14: 394, 15: 268, 16: 30, 17: 268, 18: 30, 19: 30, 20: 268, 21: 156, 22: 394, 23: 170, 24: 408, 25: 540, 26: 778, 27: 694, 28: 456, 29: 652, 30: 414, 31: 268, 32: 30, 33: 414, 34: 652, 35: 722, 36: 484, 37: 652, 38: 414, 39: 156, 40: 394, 41: 394, 42: 156, 43: 540, 44: 778, 45: 394, 46: 156, 47: 694, 48: 456, 49: 750, 50: 512, 51: 30, 52: 268, 53: 666, 54: 428, 55: 414, 56: 652, 57: 30, 58: 268, 59: 156, 60: 394, 61: 652, 62: 414, 63: 268, 64: 30, 65: 694, 66: 456, 67: 428, 68: 666, 69: 268, 70: 30, 71: 414, 72: 652, 73: 408, 74: 170, 75: 30, 76: 268, 77: 484, 78: 722, 79: 268, 80: 30, 81: 394, 82: 156, 83: 394, 84: 156, 85: 778, 86: 540, 87: 30, 88: 268, 89: 30, 90: 268, 91: 722, 92: 484, 93: 268, 94: 30, 95: 540, 96: 778, 97: 478, 98: 240, 99: 30, 100: 268, 101: 750, 102: 512, 103: 268, 104: 30, 105: 456, 106: 694, 107: 652, 108: 414, 109: 156, 110: 394, 111: 268, 112: 30, 113: 30, 114: 268, 115: 666, 116: 428, 117: 394, 118: 156, 119: 666, 120: 428, 121: 478, 122: 240, 123: 408, 124: 170, 125: 30, 126: 268, 127: 666, 128: 428, 129: 778, 130: 540, 131: 268, 132: 30, 133: 268, 134: 30, 135: 170, 136: 408, 137: 394, 138: 156, 139: 394, 140: 156, 141: 30, 142: 268, 143: 694, 144: 456, 145: 694, 146: 456, 147: 394, 148: 156, 149: 394, 150: 156, 151: 484, 152: 722, 153: 694, 154: 456, 155: 666, 156: 428, 157: 268, 158: 30, 159: 652, 160: 414, 161: 750, 162: 512, 163: 394, 164: 156, 165: 750, 166: 512, 167: 428, 168: 666, 169: 394, 170: 156, 171: 694, 172: 456, 173: 652, 174: 414, 175: 414, 176: 652, 177: 268, 178: 30, 179: 394, 180: 156, 181: 456, 182: 694, 183: 540, 184: 778, 185: 414, 186: 652, 187: 268, 188: 30, 189: 666, 190: 428, 191: 694, 192: 456, 193: 240, 194: 478, 195: 394, 196: 156, 197: 652, 198: 414, 199: 394, 200: 156}
Correct solution!
Number of lables used:  20
Time taken: 0.14 seconds
Memory used: 29.86 MB
--------------------------------------------------

Trying with at most 19 labels...
Solution:
{1: 142, 2: 380, 3: 652, 4: 414, 5: 394, 6: 156, 7: 240, 8: 478, 9: 240, 10: 478, 11: 414, 12: 652, 13: 156, 14: 394, 15: 380, 16: 142, 17: 268, 18: 30, 19: 380, 20: 142, 21: 128, 22: 366, 23: 380, 24: 142, 25: 512, 26: 750, 27: 128, 28: 366, 29: 128, 30: 366, 31: 268, 32: 30, 33: 554, 34: 792, 35: 30, 36: 268, 37: 652, 38: 414, 39: 156, 40: 394, 41: 750, 42: 512, 43: 512, 44: 750, 45: 394, 46: 156, 47: 652, 48: 414, 49: 750, 50: 512, 51: 30, 52: 268, 53: 652, 54: 414, 55: 380, 56: 142, 57: 30, 58: 268, 59: 554, 60: 792, 61: 652, 62: 414, 63: 268, 64: 30, 65: 652, 66: 414, 67: 778, 68: 540, 69: 268, 70: 30, 71: 142, 72: 380, 73: 478, 74: 240, 75: 268, 76: 30, 77: 414, 78: 652, 79: 366, 80: 128, 81: 394, 82: 156, 83: 394, 84: 156, 85: 778, 86: 540, 87: 30, 88: 268, 89: 30, 90: 268, 91: 156, 92: 394, 93: 380, 94: 142, 95: 380, 96: 142, 97: 478, 98: 240, 99: 30, 100: 268, 101: 414, 102: 652, 103: 366, 104: 128, 105: 268, 106: 30, 107: 652, 108: 414, 109: 156, 110: 394, 111: 268, 112: 30, 113: 30, 114: 268, 115: 778, 116: 540, 117: 394, 118: 156, 119: 128, 120: 366, 121: 240, 122: 478, 123: 240, 124: 478, 125: 652, 126: 414, 127: 540, 128: 778, 129: 778, 130: 540, 131: 268, 132: 30, 133: 268, 134: 30, 135: 478, 136: 240, 137: 394, 138: 156, 139: 394, 140: 156, 141: 30, 142: 268, 143: 652, 144: 414, 145: 30, 146: 268, 147: 156, 148: 394, 149: 366, 150: 128, 151: 750, 152: 512, 153: 652, 154: 414, 155: 652, 156: 414, 157: 268, 158: 30, 159: 554, 160: 792, 161: 512, 162: 750, 163: 394, 164: 156, 165: 394, 166: 156, 167: 366, 168: 128, 169: 394, 170: 156, 171: 652, 172: 414, 173: 156, 174: 394, 175: 792, 176: 554, 177: 540, 178: 778, 179: 366, 180: 128, 181: 366, 182: 128, 183: 540, 184: 778, 185: 554, 186: 792, 187: 30, 188: 268, 189: 394, 190: 156, 191: 652, 192: 414, 193: 240, 194: 478, 195: 380, 196: 142, 197: 30, 198: 268, 199: 30, 200: 268}
Correct solution!
Number of lables used:  18
Time taken: 0.16 seconds
Memory used: 29.98 MB
--------------------------------------------------

Trying with at most 17 labels...
[runlim] sample:		10.0 time, 10.6 real, 48.3 MB
[runlim] sample:		20.0 time, 20.6 real, 51.6 MB
[runlim] sample:		30.0 time, 30.6 real, 56.8 MB
[runlim] sample:		40.0 time, 40.6 real, 57.8 MB
[runlim] sample:		50.0 time, 50.6 real, 58.4 MB
[runlim] sample:		60.0 time, 60.6 real, 59.4 MB
[runlim] sample:		70.0 time, 70.6 real, 71.4 MB
[runlim] sample:		80.0 time, 80.6 real, 71.5 MB
Cannot find solution.
No more solutions found.
Optimal number of labels used:  18
Time taken: 81.18 seconds
[runlim] end:			Mon Jan 12 07:26:57 2026
[runlim] status:		ok
[runlim] result:		0
[runlim] children:		0
[runlim] real:			81.83 seconds
[runlim] time:			81.19 seconds
[runlim] space:			71.5 MB
[runlim] samples:		812
