[runlim] version:		1.10
[runlim] time limit:		311040000 seconds
[runlim] real time limit:	900 seconds
[runlim] space limit:		8000 MB
[runlim] argv[0]:		python3
[runlim] argv[1]:		-u
[runlim] argv[2]:		main.py
[runlim] argv[3]:		scen05
[runlim] argv[4]:		nsc
[runlim] argv[5]:		assumptions
[runlim] start:			Mon Jan 12 07:25:07 2026
[runlim] main pid:		160135
Solve first problem:
Solution:
{13: 156, 14: 394, 15: 156, 16: 394, 53: 254, 54: 16, 71: 86, 72: 324, 79: 778, 80: 540, 81: 254, 82: 16, 83: 128, 84: 366, 85: 414, 86: 652, 117: 792, 118: 554, 119: 554, 120: 792, 127: 16, 128: 254, 129: 708, 130: 470, 143: 666, 144: 428, 145: 442, 146: 680, 151: 72, 152: 310, 153: 428, 154: 666, 163: 156, 164: 394, 165: 764, 166: 526, 179: 44, 180: 282, 181: 254, 182: 16, 183: 442, 184: 680, 191: 736, 192: 498, 193: 254, 194: 16, 205: 310, 206: 72, 209: 736, 210: 498, 211: 792, 212: 554, 213: 310, 214: 72, 217: 764, 218: 526, 219: 310, 220: 72, 233: 428, 234: 666, 235: 30, 236: 268, 237: 498, 238: 736, 255: 254, 256: 16, 259: 44, 260: 282, 261: 254, 262: 16, 263: 254, 264: 16, 265: 44, 266: 282, 267: 484, 268: 722, 269: 296, 270: 58, 271: 296, 272: 58, 273: 16, 274: 254, 275: 16, 276: 254, 277: 296, 278: 58, 281: 366, 282: 128, 283: 128, 284: 366, 285: 16, 286: 254, 287: 254, 288: 16, 289: 736, 290: 498, 291: 156, 292: 394, 293: 380, 294: 142, 295: 792, 296: 554, 299: 254, 300: 16, 301: 156, 302: 394, 303: 324, 304: 86, 305: 554, 306: 792, 307: 498, 308: 736, 309: 380, 310: 142, 311: 30, 312: 268, 313: 268, 314: 30, 321: 254, 322: 16, 323: 156, 324: 394, 325: 414, 326: 652, 327: 268, 328: 30, 329: 254, 330: 16, 335: 778, 336: 540, 337: 442, 338: 680, 341: 394, 342: 156, 343: 394, 344: 156, 349: 268, 350: 30, 351: 680, 352: 442, 353: 694, 354: 456, 369: 778, 370: 540, 371: 442, 372: 680, 373: 722, 374: 484, 375: 100, 376: 338, 377: 324, 378: 86, 379: 338, 380: 100, 381: 100, 382: 338, 385: 778, 386: 540, 391: 722, 392: 484, 393: 778, 394: 540, 401: 366, 402: 128, 403: 268, 404: 30, 405: 428, 406: 666, 413: 708, 414: 470, 435: 750, 436: 512, 439: 394, 440: 156, 443: 114, 444: 352, 449: 764, 450: 526, 471: 666, 472: 428, 473: 366, 474: 128, 475: 366, 476: 128, 477: 680, 478: 442, 479: 268, 480: 30, 481: 680, 482: 442, 517: 666, 518: 428, 519: 428, 520: 666, 537: 142, 538: 380, 539: 72, 540: 310, 541: 428, 542: 666, 545: 652, 546: 414, 551: 792, 552: 554, 553: 282, 554: 44, 555: 428, 556: 666, 557: 512, 558: 750, 559: 352, 560: 114, 561: 114, 562: 352, 563: 708, 564: 470, 565: 498, 566: 736, 567: 310, 568: 72, 569: 540, 570: 778, 571: 484, 572: 722, 573: 30, 574: 268, 575: 58, 576: 296, 577: 540, 578: 778, 579: 652, 580: 414, 581: 16, 582: 254, 583: 764, 584: 526, 585: 366, 586: 128, 587: 652, 588: 414, 589: 268, 590: 30, 591: 512, 592: 750, 593: 268, 594: 30, 595: 428, 596: 666, 597: 296, 598: 58, 599: 680, 600: 442, 601: 268, 602: 30, 603: 428, 604: 666, 605: 268, 606: 30, 607: 324, 608: 86, 613: 310, 614: 72, 615: 86, 616: 324, 617: 750, 618: 512, 619: 540, 620: 778, 621: 526, 622: 764, 623: 764, 624: 526, 625: 30, 626: 268, 629: 282, 630: 44, 631: 428, 632: 666, 633: 114, 634: 352, 635: 666, 636: 428, 639: 86, 640: 324, 641: 128, 642: 366, 643: 128, 644: 366, 645: 16, 646: 254, 651: 254, 652: 16, 653: 666, 654: 428, 661: 652, 662: 414, 663: 414, 664: 652, 665: 394, 666: 156, 667: 778, 668: 540, 671: 296, 672: 58, 711: 44, 712: 282, 713: 296, 714: 58, 715: 694, 716: 456, 717: 128, 718: 366, 719: 254, 720: 16, 721: 540, 722: 778, 723: 442, 724: 680, 739: 666, 740: 428, 741: 442, 742: 680, 743: 310, 744: 72, 745: 30, 746: 268, 747: 484, 748: 722, 751: 540, 752: 778, 753: 30, 754: 268, 755: 694, 756: 456, 757: 114, 758: 352, 759: 428, 760: 666, 763: 498, 764: 736, 765: 16, 766: 254, 767: 324, 768: 86, 769: 268, 770: 30, 773: 86, 774: 324, 775: 428, 776: 666, 783: 30, 784: 268, 785: 694, 786: 456, 787: 484, 788: 722, 789: 268, 790: 30, 791: 666, 792: 428, 793: 268, 794: 30, 795: 498, 796: 736, 797: 428, 798: 666, 799: 268, 800: 30, 801: 750, 802: 512, 803: 268, 804: 30, 805: 666, 806: 428, 807: 72, 808: 310, 809: 484, 810: 722, 811: 428, 812: 666, 813: 268, 814: 30, 815: 428, 816: 666, 817: 268, 818: 30, 825: 268, 826: 30, 827: 694, 828: 456, 829: 764, 830: 526, 879: 268, 880: 30, 911: 114, 912: 352, 913: 268, 914: 30, 915: 254, 916: 16}
Correct solution!
Number of lables used:  44
Time taken: 0.31 seconds
Memory used: 35.15 MB
--------------------------------------------------

Trying with at most 43 labels...
Solution:
{13: 156, 14: 394, 15: 156, 16: 394, 53: 254, 54: 16, 71: 86, 72: 324, 79: 778, 80: 540, 81: 254, 82: 16, 83: 128, 84: 366, 85: 414, 86: 652, 117: 792, 118: 554, 119: 554, 120: 792, 127: 16, 128: 254, 129: 708, 130: 470, 143: 666, 144: 428, 145: 442, 146: 680, 151: 72, 152: 310, 153: 428, 154: 666, 163: 156, 164: 394, 165: 764, 166: 526, 179: 44, 180: 282, 181: 254, 182: 16, 183: 442, 184: 680, 191: 736, 192: 498, 193: 254, 194: 16, 205: 310, 206: 72, 209: 736, 210: 498, 211: 792, 212: 554, 213: 310, 214: 72, 217: 764, 218: 526, 219: 310, 220: 72, 233: 428, 234: 666, 235: 30, 236: 268, 237: 498, 238: 736, 255: 254, 256: 16, 259: 44, 260: 282, 261: 254, 262: 16, 263: 254, 264: 16, 265: 44, 266: 282, 267: 484, 268: 722, 269: 296, 270: 58, 271: 296, 272: 58, 273: 16, 274: 254, 275: 16, 276: 254, 277: 296, 278: 58, 281: 366, 282: 128, 283: 128, 284: 366, 285: 16, 286: 254, 287: 254, 288: 16, 289: 736, 290: 498, 291: 156, 292: 394, 293: 408, 294: 170, 295: 792, 296: 554, 299: 254, 300: 16, 301: 156, 302: 394, 303: 324, 304: 86, 305: 554, 306: 792, 307: 540, 308: 778, 309: 394, 310: 156, 311: 30, 312: 268, 313: 282, 314: 44, 321: 254, 322: 16, 323: 156, 324: 394, 325: 414, 326: 652, 327: 268, 328: 30, 329: 254, 330: 16, 335: 778, 336: 540, 337: 442, 338: 680, 341: 394, 342: 156, 343: 394, 344: 156, 349: 268, 350: 30, 351: 680, 352: 442, 353: 694, 354: 456, 369: 778, 370: 540, 371: 442, 372: 680, 373: 722, 374: 484, 375: 100, 376: 338, 377: 324, 378: 86, 379: 338, 380: 100, 381: 100, 382: 338, 385: 778, 386: 540, 391: 722, 392: 484, 393: 778, 394: 540, 401: 366, 402: 128, 403: 268, 404: 30, 405: 428, 406: 666, 413: 722, 414: 484, 435: 764, 436: 526, 439: 394, 440: 156, 443: 114, 444: 352, 449: 764, 450: 526, 471: 666, 472: 428, 473: 366, 474: 128, 475: 366, 476: 128, 477: 680, 478: 442, 479: 268, 480: 30, 481: 680, 482: 442, 517: 666, 518: 428, 519: 428, 520: 666, 537: 156, 538: 394, 539: 72, 540: 310, 541: 428, 542: 666, 545: 652, 546: 414, 551: 792, 552: 554, 553: 282, 554: 44, 555: 428, 556: 666, 557: 526, 558: 764, 559: 352, 560: 114, 561: 114, 562: 352, 563: 708, 564: 470, 565: 498, 566: 736, 567: 310, 568: 72, 569: 540, 570: 778, 571: 484, 572: 722, 573: 30, 574: 268, 575: 58, 576: 296, 577: 554, 578: 792, 579: 652, 580: 414, 581: 16, 582: 254, 583: 764, 584: 526, 585: 366, 586: 128, 587: 652, 588: 414, 589: 268, 590: 30, 591: 526, 592: 764, 593: 268, 594: 30, 595: 428, 596: 666, 597: 296, 598: 58, 599: 680, 600: 442, 601: 268, 602: 30, 603: 428, 604: 666, 605: 268, 606: 30, 607: 324, 608: 86, 613: 310, 614: 72, 615: 86, 616: 324, 617: 764, 618: 526, 619: 540, 620: 778, 621: 540, 622: 778, 623: 764, 624: 526, 625: 30, 626: 268, 629: 282, 630: 44, 631: 428, 632: 666, 633: 114, 634: 352, 635: 666, 636: 428, 639: 86, 640: 324, 641: 128, 642: 366, 643: 128, 644: 366, 645: 16, 646: 254, 651: 254, 652: 16, 653: 666, 654: 428, 661: 652, 662: 414, 663: 414, 664: 652, 665: 394, 666: 156, 667: 778, 668: 540, 671: 296, 672: 58, 711: 44, 712: 282, 713: 296, 714: 58, 715: 694, 716: 456, 717: 128, 718: 366, 719: 254, 720: 16, 721: 540, 722: 778, 723: 442, 724: 680, 739: 666, 740: 428, 741: 442, 742: 680, 743: 310, 744: 72, 745: 30, 746: 268, 747: 484, 748: 722, 751: 540, 752: 778, 753: 30, 754: 268, 755: 694, 756: 456, 757: 114, 758: 352, 759: 428, 760: 666, 763: 498, 764: 736, 765: 16, 766: 254, 767: 324, 768: 86, 769: 268, 770: 30, 773: 86, 774: 324, 775: 428, 776: 666, 783: 30, 784: 268, 785: 694, 786: 456, 787: 484, 788: 722, 789: 268, 790: 30, 791: 666, 792: 428, 793: 268, 794: 30, 795: 498, 796: 736, 797: 428, 798: 666, 799: 268, 800: 30, 801: 764, 802: 526, 803: 268, 804: 30, 805: 666, 806: 428, 807: 72, 808: 310, 809: 484, 810: 722, 811: 428, 812: 666, 813: 268, 814: 30, 815: 428, 816: 666, 817: 268, 818: 30, 825: 268, 826: 30, 827: 694, 828: 456, 829: 764, 830: 526, 879: 268, 880: 30, 911: 114, 912: 352, 913: 268, 914: 30, 915: 254, 916: 16}
Correct solution!
Number of lables used:  42
Time taken: 0.33 seconds
Memory used: 35.65 MB
--------------------------------------------------

Trying with at most 41 labels...
Solution:
{13: 156, 14: 394, 15: 156, 16: 394, 53: 254, 54: 16, 71: 128, 72: 366, 79: 778, 80: 540, 81: 254, 82: 16, 83: 128, 84: 366, 85: 428, 86: 666, 117: 792, 118: 554, 119: 554, 120: 792, 127: 16, 128: 254, 129: 708, 130: 470, 143: 666, 144: 428, 145: 442, 146: 680, 151: 72, 152: 310, 153: 428, 154: 666, 163: 156, 164: 394, 165: 764, 166: 526, 179: 44, 180: 282, 181: 254, 182: 16, 183: 442, 184: 680, 191: 736, 192: 498, 193: 254, 194: 16, 205: 310, 206: 72, 209: 736, 210: 498, 211: 792, 212: 554, 213: 310, 214: 72, 217: 764, 218: 526, 219: 310, 220: 72, 233: 428, 234: 666, 235: 30, 236: 268, 237: 498, 238: 736, 255: 58, 256: 296, 259: 44, 260: 282, 261: 254, 262: 16, 263: 254, 264: 16, 265: 44, 266: 282, 267: 540, 268: 778, 269: 296, 270: 58, 271: 296, 272: 58, 273: 16, 274: 254, 275: 16, 276: 254, 277: 296, 278: 58, 281: 366, 282: 128, 283: 128, 284: 366, 285: 16, 286: 254, 287: 254, 288: 16, 289: 736, 290: 498, 291: 156, 292: 394, 293: 170, 294: 408, 295: 792, 296: 554, 299: 254, 300: 16, 301: 156, 302: 394, 303: 324, 304: 86, 305: 554, 306: 792, 307: 540, 308: 778, 309: 394, 310: 156, 311: 30, 312: 268, 313: 282, 314: 44, 321: 254, 322: 16, 323: 156, 324: 394, 325: 414, 326: 652, 327: 268, 328: 30, 329: 254, 330: 16, 335: 778, 336: 540, 337: 442, 338: 680, 341: 394, 342: 156, 343: 394, 344: 156, 349: 268, 350: 30, 351: 680, 352: 442, 353: 694, 354: 456, 369: 778, 370: 540, 371: 442, 372: 680, 373: 680, 374: 442, 375: 114, 376: 352, 377: 324, 378: 86, 379: 366, 380: 128, 381: 44, 382: 282, 385: 778, 386: 540, 391: 722, 392: 484, 393: 778, 394: 540, 401: 366, 402: 128, 403: 282, 404: 44, 405: 428, 406: 666, 413: 764, 414: 526, 435: 764, 436: 526, 439: 394, 440: 156, 443: 114, 444: 352, 449: 764, 450: 526, 471: 666, 472: 428, 473: 352, 474: 114, 475: 366, 476: 128, 477: 680, 478: 442, 479: 296, 480: 58, 481: 680, 482: 442, 517: 666, 518: 428, 519: 428, 520: 666, 537: 156, 538: 394, 539: 86, 540: 324, 541: 428, 542: 666, 545: 652, 546: 414, 551: 792, 552: 554, 553: 282, 554: 44, 555: 428, 556: 666, 557: 526, 558: 764, 559: 352, 560: 114, 561: 114, 562: 352, 563: 708, 564: 470, 565: 498, 566: 736, 567: 352, 568: 114, 569: 540, 570: 778, 571: 470, 572: 708, 573: 30, 574: 268, 575: 58, 576: 296, 577: 554, 578: 792, 579: 666, 580: 428, 581: 16, 582: 254, 583: 764, 584: 526, 585: 366, 586: 128, 587: 666, 588: 428, 589: 268, 590: 30, 591: 526, 592: 764, 593: 268, 594: 30, 595: 428, 596: 666, 597: 296, 598: 58, 599: 680, 600: 442, 601: 268, 602: 30, 603: 456, 604: 694, 605: 268, 606: 30, 607: 324, 608: 86, 613: 310, 614: 72, 615: 86, 616: 324, 617: 764, 618: 526, 619: 540, 620: 778, 621: 540, 622: 778, 623: 764, 624: 526, 625: 30, 626: 268, 629: 282, 630: 44, 631: 428, 632: 666, 633: 114, 634: 352, 635: 666, 636: 428, 639: 86, 640: 324, 641: 128, 642: 366, 643: 128, 644: 366, 645: 16, 646: 254, 651: 254, 652: 16, 653: 666, 654: 428, 661: 666, 662: 428, 663: 414, 664: 652, 665: 394, 666: 156, 667: 778, 668: 540, 671: 296, 672: 58, 711: 44, 712: 282, 713: 296, 714: 58, 715: 694, 716: 456, 717: 128, 718: 366, 719: 254, 720: 16, 721: 540, 722: 778, 723: 442, 724: 680, 739: 680, 740: 442, 741: 442, 742: 680, 743: 310, 744: 72, 745: 30, 746: 268, 747: 498, 748: 736, 751: 540, 752: 778, 753: 114, 754: 352, 755: 708, 756: 470, 757: 114, 758: 352, 759: 428, 760: 666, 763: 498, 764: 736, 765: 16, 766: 254, 767: 324, 768: 86, 769: 268, 770: 30, 773: 86, 774: 324, 775: 442, 776: 680, 783: 30, 784: 268, 785: 708, 786: 470, 787: 484, 788: 722, 789: 268, 790: 30, 791: 666, 792: 428, 793: 268, 794: 30, 795: 498, 796: 736, 797: 428, 798: 666, 799: 268, 800: 30, 801: 764, 802: 526, 803: 268, 804: 30, 805: 666, 806: 428, 807: 72, 808: 310, 809: 484, 810: 722, 811: 428, 812: 666, 813: 268, 814: 30, 815: 428, 816: 666, 817: 268, 818: 30, 825: 268, 826: 30, 827: 694, 828: 456, 829: 764, 830: 526, 879: 268, 880: 30, 911: 114, 912: 352, 913: 296, 914: 58, 915: 254, 916: 16}
Correct solution!
Number of lables used:  40
Time taken: 0.34 seconds
Memory used: 35.65 MB
--------------------------------------------------

Trying with at most 39 labels...
Cannot find solution.
No more solutions found.
Optimal number of labels used:  40
Time taken: 0.34 seconds
[runlim] end:			Mon Jan 12 07:25:08 2026
[runlim] status:		ok
[runlim] result:		0
[runlim] children:		0
[runlim] real:			1.15 seconds
[runlim] time:			0.39 seconds
[runlim] space:			36.7 MB
[runlim] samples:		4
