[runlim] version:		1.10
[runlim] time limit:		311040000 seconds
[runlim] real time limit:	900 seconds
[runlim] space limit:		8000 MB
[runlim] argv[0]:		python3
[runlim] argv[1]:		-u
[runlim] argv[2]:		main.py
[runlim] argv[3]:		scen02
[runlim] argv[4]:		nsc
[runlim] argv[5]:		assumptions
[runlim] start:			Mon Jan 12 00:41:27 2026
[runlim] main pid:		157723
Solve first problem:
Solution:
{13: 268, 14: 30, 15: 268, 16: 30, 53: 268, 54: 30, 79: 254, 80: 16, 81: 268, 82: 30, 83: 680, 84: 442, 85: 352, 86: 114, 127: 352, 128: 114, 129: 254, 130: 16, 143: 254, 144: 16, 145: 254, 146: 16, 205: 254, 206: 16, 233: 666, 234: 428, 235: 338, 236: 100, 237: 352, 238: 114, 261: 254, 262: 16, 263: 352, 264: 114, 265: 338, 266: 100, 267: 254, 268: 16, 269: 352, 270: 114, 271: 352, 272: 114, 273: 44, 274: 282, 275: 44, 276: 282, 277: 352, 278: 114, 281: 268, 282: 30, 283: 282, 284: 44, 289: 254, 290: 16, 291: 324, 292: 86, 303: 666, 304: 428, 305: 338, 306: 100, 321: 156, 322: 394, 323: 254, 324: 16, 325: 666, 326: 428, 327: 338, 328: 100, 329: 254, 330: 16, 341: 30, 342: 268, 343: 30, 344: 268, 349: 338, 350: 100, 351: 30, 352: 268, 435: 296, 436: 58, 475: 282, 476: 44, 481: 268, 482: 30, 517: 268, 518: 30, 519: 338, 520: 100, 555: 128, 556: 366, 557: 666, 558: 428, 559: 58, 560: 296, 561: 366, 562: 128, 565: 100, 566: 338, 577: 324, 578: 86, 579: 352, 580: 114, 583: 666, 584: 428, 585: 324, 586: 86, 587: 254, 588: 16, 589: 366, 590: 128, 591: 352, 592: 114, 593: 114, 594: 352, 595: 296, 596: 58, 597: 268, 598: 30, 599: 142, 600: 380, 601: 282, 602: 44, 603: 268, 604: 30, 605: 268, 606: 30, 607: 338, 608: 100, 613: 100, 614: 338, 615: 282, 616: 44, 617: 268, 618: 30, 621: 338, 622: 100, 625: 268, 626: 30, 629: 282, 630: 44, 631: 268, 632: 30, 633: 282, 634: 44, 635: 268, 636: 30, 645: 296, 646: 58, 651: 254, 652: 16, 661: 254, 662: 16, 663: 394, 664: 156, 665: 366, 666: 128, 667: 254, 668: 16, 713: 352, 714: 114, 717: 44, 718: 282, 719: 394, 720: 156, 721: 324, 722: 86, 723: 254, 724: 16, 743: 44, 744: 282, 745: 268, 746: 30, 747: 324, 748: 86, 763: 268, 764: 30, 765: 254, 766: 16, 767: 296, 768: 58, 785: 254, 786: 16, 787: 268, 788: 30, 789: 338, 790: 100, 791: 268, 792: 30, 793: 338, 794: 100, 795: 268, 796: 30, 797: 352, 798: 114, 799: 282, 800: 44, 801: 268, 802: 30, 879: 268, 880: 30}
Correct solution!
Number of lables used:  24
Time taken: 0.17 seconds
Memory used: 31.21 MB
--------------------------------------------------

Trying with at most 23 labels...
Solution:
{13: 736, 14: 498, 15: 736, 16: 498, 53: 324, 54: 86, 79: 156, 80: 394, 81: 324, 82: 86, 83: 652, 84: 414, 85: 324, 86: 86, 127: 324, 128: 86, 129: 652, 130: 414, 143: 324, 144: 86, 145: 324, 146: 86, 205: 394, 206: 156, 233: 86, 234: 324, 235: 778, 236: 540, 237: 512, 238: 750, 261: 86, 262: 324, 263: 764, 264: 526, 265: 414, 266: 652, 267: 750, 268: 512, 269: 526, 270: 764, 271: 156, 272: 394, 273: 540, 274: 778, 275: 540, 276: 778, 277: 512, 278: 750, 281: 414, 282: 652, 283: 414, 284: 652, 289: 394, 290: 156, 291: 324, 292: 86, 303: 414, 304: 652, 305: 498, 306: 736, 321: 764, 322: 526, 323: 394, 324: 156, 325: 736, 326: 498, 327: 394, 328: 156, 329: 394, 330: 156, 341: 736, 342: 498, 343: 736, 344: 498, 349: 498, 350: 736, 351: 86, 352: 324, 435: 778, 436: 540, 475: 736, 476: 498, 481: 324, 482: 86, 517: 324, 518: 86, 519: 86, 520: 324, 555: 736, 556: 498, 557: 750, 558: 512, 559: 526, 560: 764, 561: 540, 562: 778, 565: 512, 566: 750, 577: 156, 578: 394, 579: 394, 580: 156, 583: 86, 584: 324, 585: 652, 586: 414, 587: 394, 588: 156, 589: 394, 590: 156, 591: 512, 592: 750, 593: 764, 594: 526, 595: 750, 596: 512, 597: 736, 598: 498, 599: 778, 600: 540, 601: 736, 602: 498, 603: 324, 604: 86, 605: 86, 606: 324, 607: 512, 608: 750, 613: 778, 614: 540, 615: 736, 616: 498, 617: 324, 618: 86, 621: 498, 622: 736, 625: 324, 626: 86, 629: 512, 630: 750, 631: 498, 632: 736, 633: 498, 634: 736, 635: 324, 636: 86, 645: 394, 646: 156, 651: 324, 652: 86, 661: 324, 662: 86, 663: 394, 664: 156, 665: 652, 666: 414, 667: 324, 668: 86, 713: 512, 714: 750, 717: 540, 718: 778, 719: 652, 720: 414, 721: 394, 722: 156, 723: 324, 724: 86, 743: 750, 744: 512, 745: 498, 746: 736, 747: 498, 748: 736, 763: 324, 764: 86, 765: 394, 766: 156, 767: 324, 768: 86, 785: 156, 786: 394, 787: 764, 788: 526, 789: 540, 790: 778, 791: 750, 792: 512, 793: 498, 794: 736, 795: 86, 796: 324, 797: 512, 798: 750, 799: 778, 800: 540, 801: 764, 802: 526, 879: 324, 880: 86}
Correct solution!
Number of lables used:  14
Time taken: 0.19 seconds
Memory used: 32.21 MB
--------------------------------------------------

Trying with at most 13 labels...
[runlim] sample:		10.0 time, 10.9 real, 52.8 MB
Cannot find solution.
No more solutions found.
Optimal number of labels used:  14
Time taken: 16.95 seconds
[runlim] end:			Mon Jan 12 00:41:44 2026
[runlim] status:		ok
[runlim] result:		0
[runlim] children:		0
[runlim] real:			17.91 seconds
[runlim] time:			16.99 seconds
[runlim] space:			52.8 MB
[runlim] samples:		170
