[runlim] version:		1.10
[runlim] time limit:		311040000 seconds
[runlim] real time limit:	900 seconds
[runlim] space limit:		8000 MB
[runlim] argv[0]:		python3
[runlim] argv[1]:		-u
[runlim] argv[2]:		main.py
[runlim] argv[3]:		scen03
[runlim] argv[4]:		nsc
[runlim] argv[5]:		assumptions
[runlim] start:			Mon Jan 12 07:23:15 2026
[runlim] main pid:		159375
Solve first problem:
Solution:
{13: 254, 14: 16, 15: 254, 16: 16, 23: 142, 24: 380, 49: 310, 50: 72, 51: 16, 52: 254, 53: 338, 54: 100, 67: 156, 68: 394, 69: 254, 70: 16, 79: 254, 80: 16, 81: 268, 82: 30, 83: 680, 84: 442, 85: 352, 86: 114, 103: 268, 104: 30, 105: 254, 106: 16, 117: 750, 118: 512, 119: 708, 120: 470, 127: 142, 128: 380, 129: 310, 130: 72, 143: 666, 144: 428, 145: 254, 146: 16, 151: 764, 152: 526, 153: 694, 154: 456, 155: 652, 156: 414, 157: 30, 158: 268, 179: 156, 180: 394, 181: 380, 182: 142, 183: 736, 184: 498, 191: 366, 192: 128, 193: 296, 194: 58, 205: 254, 206: 16, 209: 142, 210: 380, 211: 58, 212: 296, 213: 254, 214: 16, 215: 296, 216: 58, 217: 296, 218: 58, 233: 750, 234: 512, 235: 338, 236: 100, 237: 380, 238: 142, 261: 254, 262: 16, 263: 352, 264: 114, 265: 324, 266: 86, 267: 254, 268: 16, 269: 254, 270: 16, 271: 254, 272: 16, 273: 324, 274: 86, 275: 324, 276: 86, 277: 268, 278: 30, 281: 366, 282: 128, 283: 296, 284: 58, 285: 366, 286: 128, 287: 254, 288: 16, 289: 254, 290: 16, 291: 324, 292: 86, 293: 380, 294: 142, 295: 324, 296: 86, 299: 366, 300: 128, 301: 282, 302: 44, 303: 680, 304: 442, 305: 352, 306: 114, 307: 30, 308: 268, 309: 338, 310: 100, 311: 254, 312: 16, 313: 254, 314: 16, 321: 254, 322: 16, 323: 254, 324: 16, 325: 666, 326: 428, 327: 338, 328: 100, 329: 254, 330: 16, 339: 352, 340: 114, 341: 44, 342: 282, 343: 44, 344: 282, 345: 394, 346: 156, 347: 324, 348: 86, 349: 680, 350: 442, 351: 30, 352: 268, 355: 44, 356: 282, 357: 268, 358: 30, 359: 666, 360: 428, 361: 338, 362: 100, 363: 268, 364: 30, 365: 380, 366: 142, 367: 310, 368: 72, 369: 128, 370: 366, 371: 254, 372: 16, 375: 282, 376: 44, 377: 666, 378: 428, 383: 338, 384: 100, 387: 366, 388: 128, 397: 394, 398: 156, 401: 114, 402: 352, 405: 114, 406: 352, 435: 366, 436: 128, 439: 310, 440: 72, 449: 100, 450: 338, 471: 254, 472: 16, 475: 338, 476: 100, 477: 268, 478: 30, 481: 352, 482: 114, 491: 310, 492: 72, 493: 268, 494: 30, 495: 254, 496: 16, 517: 268, 518: 30, 519: 338, 520: 100, 525: 282, 526: 44, 533: 282, 534: 44, 535: 254, 536: 16, 547: 324, 548: 86, 555: 128, 556: 366, 557: 666, 558: 428, 559: 58, 560: 296, 561: 380, 562: 142, 563: 666, 564: 428, 565: 114, 566: 352, 573: 268, 574: 30, 575: 114, 576: 352, 577: 366, 578: 128, 579: 352, 580: 114, 581: 352, 582: 114, 583: 666, 584: 428, 585: 338, 586: 100, 587: 254, 588: 16, 589: 366, 590: 128, 591: 352, 592: 114, 593: 100, 594: 338, 595: 296, 596: 58, 597: 268, 598: 30, 599: 142, 600: 380, 601: 282, 602: 44, 603: 268, 604: 30, 605: 268, 606: 30, 607: 352, 608: 114, 613: 100, 614: 338, 615: 282, 616: 44, 617: 268, 618: 30, 619: 352, 620: 114, 621: 338, 622: 100, 623: 338, 624: 100, 625: 268, 626: 30, 629: 282, 630: 44, 631: 268, 632: 30, 633: 282, 634: 44, 635: 268, 636: 30, 637: 254, 638: 16, 639: 268, 640: 30, 641: 380, 642: 142, 643: 338, 644: 100, 645: 296, 646: 58, 651: 352, 652: 114, 653: 254, 654: 16, 661: 254, 662: 16, 663: 394, 664: 156, 665: 366, 666: 128, 667: 268, 668: 30, 671: 254, 672: 16, 713: 268, 714: 30, 715: 254, 716: 16, 717: 394, 718: 156, 719: 324, 720: 86, 721: 254, 722: 16, 723: 254, 724: 16, 725: 254, 726: 16, 727: 254, 728: 16, 733: 268, 734: 30, 741: 268, 742: 30, 743: 44, 744: 282, 745: 268, 746: 30, 747: 324, 748: 86, 757: 338, 758: 100, 759: 268, 760: 30, 763: 268, 764: 30, 765: 254, 766: 16, 767: 296, 768: 58, 769: 268, 770: 30, 771: 338, 772: 100, 773: 254, 774: 16, 783: 268, 784: 30, 785: 254, 786: 16, 787: 268, 788: 30, 789: 338, 790: 100, 791: 268, 792: 30, 793: 338, 794: 100, 795: 268, 796: 30, 797: 352, 798: 114, 799: 282, 800: 44, 801: 268, 802: 30, 815: 338, 816: 100, 817: 268, 818: 30, 825: 282, 826: 44, 827: 324, 828: 86, 829: 254, 830: 16, 835: 44, 836: 282, 837: 268, 838: 30, 867: 352, 868: 114, 875: 310, 876: 72, 877: 282, 878: 44, 879: 324, 880: 86, 881: 268, 882: 30, 893: 268, 894: 30, 903: 254, 904: 16, 911: 254, 912: 16}
Correct solution!
Number of lables used:  38
Time taken: 0.38 seconds
Memory used: 42.98 MB
--------------------------------------------------

Trying with at most 37 labels...
Solution:
{13: 254, 14: 16, 15: 254, 16: 16, 23: 324, 24: 86, 49: 16, 50: 254, 51: 526, 52: 764, 53: 142, 54: 380, 67: 736, 68: 498, 69: 254, 70: 16, 79: 254, 80: 16, 81: 324, 82: 86, 83: 792, 84: 554, 85: 456, 86: 694, 103: 380, 104: 142, 105: 324, 106: 86, 117: 16, 118: 254, 119: 324, 120: 86, 127: 142, 128: 380, 129: 16, 130: 254, 143: 540, 144: 778, 145: 254, 146: 16, 151: 380, 152: 142, 153: 778, 154: 540, 155: 526, 156: 764, 157: 666, 158: 428, 179: 156, 180: 394, 181: 100, 182: 338, 183: 554, 184: 792, 191: 100, 192: 338, 193: 666, 194: 428, 205: 86, 206: 324, 209: 736, 210: 498, 211: 254, 212: 16, 213: 86, 214: 324, 215: 16, 216: 254, 217: 338, 218: 100, 233: 498, 234: 736, 235: 142, 236: 380, 237: 324, 238: 86, 261: 254, 262: 16, 263: 156, 264: 394, 265: 456, 266: 694, 267: 394, 268: 156, 269: 254, 270: 16, 271: 254, 272: 16, 273: 764, 274: 526, 275: 764, 276: 526, 277: 324, 278: 86, 281: 338, 282: 100, 283: 694, 284: 456, 285: 526, 286: 764, 287: 324, 288: 86, 289: 16, 290: 254, 291: 142, 292: 380, 293: 408, 294: 170, 295: 394, 296: 156, 299: 456, 300: 694, 301: 540, 302: 778, 303: 498, 304: 736, 305: 156, 306: 394, 307: 16, 308: 254, 309: 666, 310: 428, 311: 526, 312: 764, 313: 324, 314: 86, 321: 254, 322: 16, 323: 324, 324: 86, 325: 100, 326: 338, 327: 764, 328: 526, 329: 394, 330: 156, 339: 16, 340: 254, 341: 100, 342: 338, 343: 100, 344: 338, 345: 394, 346: 156, 347: 736, 348: 498, 349: 764, 350: 526, 351: 666, 352: 428, 355: 736, 356: 498, 357: 666, 358: 428, 359: 456, 360: 694, 361: 86, 362: 324, 363: 338, 364: 100, 365: 666, 366: 428, 367: 380, 368: 142, 369: 380, 370: 142, 371: 254, 372: 16, 375: 694, 376: 456, 377: 694, 378: 456, 383: 666, 384: 428, 387: 764, 388: 526, 397: 736, 398: 498, 401: 456, 402: 694, 405: 736, 406: 498, 435: 736, 436: 498, 439: 736, 440: 498, 449: 324, 450: 86, 471: 254, 472: 16, 475: 666, 476: 428, 477: 86, 478: 324, 481: 694, 482: 456, 491: 778, 492: 540, 493: 736, 494: 498, 495: 254, 496: 16, 517: 86, 518: 324, 519: 338, 520: 100, 525: 338, 526: 100, 533: 338, 534: 100, 535: 324, 536: 86, 547: 380, 548: 142, 555: 498, 556: 736, 557: 736, 558: 498, 559: 736, 560: 498, 561: 736, 562: 498, 563: 498, 564: 736, 565: 324, 566: 86, 573: 380, 574: 142, 575: 526, 576: 764, 577: 16, 578: 254, 579: 394, 580: 156, 581: 16, 582: 254, 583: 142, 584: 380, 585: 666, 586: 428, 587: 394, 588: 156, 589: 736, 590: 498, 591: 324, 592: 86, 593: 666, 594: 428, 595: 86, 596: 324, 597: 764, 598: 526, 599: 666, 600: 428, 601: 142, 602: 380, 603: 324, 604: 86, 605: 324, 606: 86, 607: 666, 608: 428, 613: 666, 614: 428, 615: 498, 616: 736, 617: 428, 618: 666, 619: 666, 620: 428, 621: 778, 622: 540, 623: 666, 624: 428, 625: 324, 626: 86, 629: 100, 630: 338, 631: 86, 632: 324, 633: 736, 634: 498, 635: 666, 636: 428, 637: 254, 638: 16, 639: 324, 640: 86, 641: 694, 642: 456, 643: 736, 644: 498, 645: 324, 646: 86, 651: 86, 652: 324, 653: 16, 654: 254, 661: 736, 662: 498, 663: 16, 664: 254, 665: 394, 666: 156, 667: 428, 668: 666, 671: 324, 672: 86, 713: 324, 714: 86, 715: 324, 716: 86, 717: 694, 718: 456, 719: 338, 720: 100, 721: 254, 722: 16, 723: 254, 724: 16, 725: 324, 726: 86, 727: 324, 728: 86, 733: 324, 734: 86, 741: 394, 742: 156, 743: 666, 744: 428, 745: 736, 746: 498, 747: 100, 748: 338, 757: 666, 758: 428, 759: 86, 760: 324, 763: 324, 764: 86, 765: 324, 766: 86, 767: 694, 768: 456, 769: 428, 770: 666, 771: 394, 772: 156, 773: 324, 774: 86, 783: 324, 784: 86, 785: 324, 786: 86, 787: 86, 788: 324, 789: 338, 790: 100, 791: 86, 792: 324, 793: 338, 794: 100, 795: 666, 796: 428, 797: 100, 798: 338, 799: 324, 800: 86, 801: 666, 802: 428, 815: 100, 816: 338, 817: 324, 818: 86, 825: 540, 826: 778, 827: 764, 828: 526, 829: 394, 830: 156, 835: 666, 836: 428, 837: 324, 838: 86, 867: 456, 868: 694, 875: 666, 876: 428, 877: 338, 878: 100, 879: 100, 880: 338, 881: 324, 882: 86, 893: 324, 894: 86, 903: 324, 904: 86, 911: 540, 912: 778}
Correct solution!
Number of lables used:  24
Time taken: 0.42 seconds
Memory used: 44.48 MB
--------------------------------------------------

Trying with at most 23 labels...
Solution:
{13: 254, 14: 16, 15: 254, 16: 16, 23: 324, 24: 86, 49: 16, 50: 254, 51: 540, 52: 778, 53: 142, 54: 380, 67: 736, 68: 498, 69: 254, 70: 16, 79: 254, 80: 16, 81: 324, 82: 86, 83: 792, 84: 554, 85: 456, 86: 694, 103: 380, 104: 142, 105: 324, 106: 86, 117: 16, 118: 254, 119: 324, 120: 86, 127: 142, 128: 380, 129: 16, 130: 254, 143: 540, 144: 778, 145: 254, 146: 16, 151: 380, 152: 142, 153: 778, 154: 540, 155: 540, 156: 778, 157: 666, 158: 428, 179: 156, 180: 394, 181: 100, 182: 338, 183: 554, 184: 792, 191: 100, 192: 338, 193: 666, 194: 428, 205: 86, 206: 324, 209: 736, 210: 498, 211: 254, 212: 16, 213: 86, 214: 324, 215: 16, 216: 254, 217: 338, 218: 100, 233: 498, 234: 736, 235: 142, 236: 380, 237: 324, 238: 86, 261: 254, 262: 16, 263: 156, 264: 394, 265: 456, 266: 694, 267: 394, 268: 156, 269: 254, 270: 16, 271: 254, 272: 16, 273: 792, 274: 554, 275: 792, 276: 554, 277: 324, 278: 86, 281: 338, 282: 100, 283: 694, 284: 456, 285: 498, 286: 736, 287: 324, 288: 86, 289: 16, 290: 254, 291: 142, 292: 380, 293: 380, 294: 142, 295: 394, 296: 156, 299: 456, 300: 694, 301: 540, 302: 778, 303: 554, 304: 792, 305: 156, 306: 394, 307: 16, 308: 254, 309: 540, 310: 778, 311: 394, 312: 156, 313: 324, 314: 86, 321: 254, 322: 16, 323: 324, 324: 86, 325: 100, 326: 338, 327: 778, 328: 540, 329: 394, 330: 156, 339: 16, 340: 254, 341: 100, 342: 338, 343: 100, 344: 338, 345: 394, 346: 156, 347: 736, 348: 498, 349: 694, 350: 456, 351: 666, 352: 428, 355: 736, 356: 498, 357: 666, 358: 428, 359: 456, 360: 694, 361: 86, 362: 324, 363: 338, 364: 100, 365: 666, 366: 428, 367: 380, 368: 142, 369: 380, 370: 142, 371: 254, 372: 16, 375: 694, 376: 456, 377: 694, 378: 456, 383: 694, 384: 456, 387: 778, 388: 540, 397: 736, 398: 498, 401: 456, 402: 694, 405: 736, 406: 498, 435: 736, 436: 498, 439: 736, 440: 498, 449: 324, 450: 86, 471: 254, 472: 16, 475: 666, 476: 428, 477: 86, 478: 324, 481: 694, 482: 456, 491: 778, 492: 540, 493: 736, 494: 498, 495: 254, 496: 16, 517: 86, 518: 324, 519: 338, 520: 100, 525: 338, 526: 100, 533: 338, 534: 100, 535: 324, 536: 86, 547: 394, 548: 156, 555: 498, 556: 736, 557: 736, 558: 498, 559: 736, 560: 498, 561: 736, 562: 498, 563: 498, 564: 736, 565: 324, 566: 86, 573: 380, 574: 142, 575: 338, 576: 100, 577: 16, 578: 254, 579: 394, 580: 156, 581: 16, 582: 254, 583: 142, 584: 380, 585: 666, 586: 428, 587: 394, 588: 156, 589: 736, 590: 498, 591: 324, 592: 86, 593: 666, 594: 428, 595: 86, 596: 324, 597: 778, 598: 540, 599: 666, 600: 428, 601: 142, 602: 380, 603: 324, 604: 86, 605: 324, 606: 86, 607: 666, 608: 428, 613: 666, 614: 428, 615: 498, 616: 736, 617: 428, 618: 666, 619: 666, 620: 428, 621: 778, 622: 540, 623: 666, 624: 428, 625: 324, 626: 86, 629: 100, 630: 338, 631: 86, 632: 324, 633: 736, 634: 498, 635: 666, 636: 428, 637: 254, 638: 16, 639: 324, 640: 86, 641: 736, 642: 498, 643: 694, 644: 456, 645: 324, 646: 86, 651: 86, 652: 324, 653: 16, 654: 254, 661: 736, 662: 498, 663: 16, 664: 254, 665: 394, 666: 156, 667: 428, 668: 666, 671: 324, 672: 86, 713: 324, 714: 86, 715: 324, 716: 86, 717: 694, 718: 456, 719: 338, 720: 100, 721: 254, 722: 16, 723: 254, 724: 16, 725: 324, 726: 86, 727: 324, 728: 86, 733: 324, 734: 86, 741: 394, 742: 156, 743: 666, 744: 428, 745: 736, 746: 498, 747: 100, 748: 338, 757: 666, 758: 428, 759: 380, 760: 142, 763: 324, 764: 86, 765: 324, 766: 86, 767: 694, 768: 456, 769: 428, 770: 666, 771: 394, 772: 156, 773: 324, 774: 86, 783: 324, 784: 86, 785: 324, 786: 86, 787: 86, 788: 324, 789: 338, 790: 100, 791: 86, 792: 324, 793: 338, 794: 100, 795: 666, 796: 428, 797: 100, 798: 338, 799: 324, 800: 86, 801: 428, 802: 666, 815: 100, 816: 338, 817: 324, 818: 86, 825: 540, 826: 778, 827: 694, 828: 456, 829: 394, 830: 156, 835: 666, 836: 428, 837: 324, 838: 86, 867: 456, 868: 694, 875: 666, 876: 428, 877: 338, 878: 100, 879: 100, 880: 338, 881: 324, 882: 86, 893: 324, 894: 86, 903: 324, 904: 86, 911: 540, 912: 778}
Correct solution!
Number of lables used:  20
Time taken: 0.43 seconds
Memory used: 44.73 MB
--------------------------------------------------

Trying with at most 19 labels...
Solution:
{13: 338, 14: 100, 15: 324, 16: 86, 23: 324, 24: 86, 49: 16, 50: 254, 51: 540, 52: 778, 53: 100, 54: 338, 67: 778, 68: 540, 69: 254, 70: 16, 79: 254, 80: 16, 81: 324, 82: 86, 83: 694, 84: 456, 85: 778, 86: 540, 103: 254, 104: 16, 105: 324, 106: 86, 117: 16, 118: 254, 119: 324, 120: 86, 127: 324, 128: 86, 129: 16, 130: 254, 143: 540, 144: 778, 145: 254, 146: 16, 151: 254, 152: 16, 153: 778, 154: 540, 155: 540, 156: 778, 157: 142, 158: 380, 179: 366, 180: 128, 181: 128, 182: 366, 183: 142, 184: 380, 191: 142, 192: 380, 193: 540, 194: 778, 205: 380, 206: 142, 209: 736, 210: 498, 211: 86, 212: 324, 213: 16, 214: 254, 215: 16, 216: 254, 217: 338, 218: 100, 233: 498, 234: 736, 235: 142, 236: 380, 237: 86, 238: 324, 261: 254, 262: 16, 263: 142, 264: 380, 265: 456, 266: 694, 267: 380, 268: 142, 269: 254, 270: 16, 271: 254, 272: 16, 273: 338, 274: 100, 275: 338, 276: 100, 277: 324, 278: 86, 281: 338, 282: 100, 283: 694, 284: 456, 285: 540, 286: 778, 287: 324, 288: 86, 289: 16, 290: 254, 291: 142, 292: 380, 293: 380, 294: 142, 295: 778, 296: 540, 299: 456, 300: 694, 301: 540, 302: 778, 303: 498, 304: 736, 305: 100, 306: 338, 307: 16, 308: 254, 309: 456, 310: 694, 311: 324, 312: 86, 313: 324, 314: 86, 321: 338, 322: 100, 323: 324, 324: 86, 325: 100, 326: 338, 327: 778, 328: 540, 329: 380, 330: 142, 339: 86, 340: 324, 341: 100, 342: 338, 343: 100, 344: 338, 345: 254, 346: 16, 347: 736, 348: 498, 349: 694, 350: 456, 351: 100, 352: 338, 355: 736, 356: 498, 357: 380, 358: 142, 359: 456, 360: 694, 361: 86, 362: 324, 363: 338, 364: 100, 365: 778, 366: 540, 367: 380, 368: 142, 369: 324, 370: 86, 371: 254, 372: 16, 375: 694, 376: 456, 377: 694, 378: 456, 383: 694, 384: 456, 387: 778, 388: 540, 397: 142, 398: 380, 401: 456, 402: 694, 405: 736, 406: 498, 435: 736, 436: 498, 439: 736, 440: 498, 449: 324, 450: 86, 471: 254, 472: 16, 475: 100, 476: 338, 477: 100, 478: 338, 481: 694, 482: 456, 491: 778, 492: 540, 493: 736, 494: 498, 495: 380, 496: 142, 517: 324, 518: 86, 519: 338, 520: 100, 525: 338, 526: 100, 533: 338, 534: 100, 535: 324, 536: 86, 547: 366, 548: 128, 555: 142, 556: 380, 557: 540, 558: 778, 559: 736, 560: 498, 561: 736, 562: 498, 563: 498, 564: 736, 565: 324, 566: 86, 573: 380, 574: 142, 575: 338, 576: 100, 577: 16, 578: 254, 579: 16, 580: 254, 581: 16, 582: 254, 583: 540, 584: 778, 585: 540, 586: 778, 587: 380, 588: 142, 589: 498, 590: 736, 591: 324, 592: 86, 593: 498, 594: 736, 595: 86, 596: 324, 597: 142, 598: 380, 599: 380, 600: 142, 601: 100, 602: 338, 603: 324, 604: 86, 605: 324, 606: 86, 607: 694, 608: 456, 613: 498, 614: 736, 615: 736, 616: 498, 617: 778, 618: 540, 619: 694, 620: 456, 621: 778, 622: 540, 623: 540, 624: 778, 625: 324, 626: 86, 629: 100, 630: 338, 631: 142, 632: 380, 633: 736, 634: 498, 635: 128, 636: 366, 637: 254, 638: 16, 639: 324, 640: 86, 641: 736, 642: 498, 643: 694, 644: 456, 645: 324, 646: 86, 651: 86, 652: 324, 653: 16, 654: 254, 661: 736, 662: 498, 663: 16, 664: 254, 665: 16, 666: 254, 667: 366, 668: 128, 671: 254, 672: 16, 713: 324, 714: 86, 715: 324, 716: 86, 717: 736, 718: 498, 719: 338, 720: 100, 721: 254, 722: 16, 723: 254, 724: 16, 725: 324, 726: 86, 727: 324, 728: 86, 733: 86, 734: 324, 741: 778, 742: 540, 743: 694, 744: 456, 745: 736, 746: 498, 747: 100, 748: 338, 757: 694, 758: 456, 759: 380, 760: 142, 763: 324, 764: 86, 765: 324, 766: 86, 767: 694, 768: 456, 769: 100, 770: 338, 771: 736, 772: 498, 773: 324, 774: 86, 783: 324, 784: 86, 785: 86, 786: 324, 787: 86, 788: 324, 789: 380, 790: 142, 791: 100, 792: 338, 793: 736, 794: 498, 795: 380, 796: 142, 797: 456, 798: 694, 799: 86, 800: 324, 801: 142, 802: 380, 815: 142, 816: 380, 817: 338, 818: 100, 825: 540, 826: 778, 827: 694, 828: 456, 829: 338, 830: 100, 835: 694, 836: 456, 837: 324, 838: 86, 867: 456, 868: 694, 875: 694, 876: 456, 877: 338, 878: 100, 879: 100, 880: 338, 881: 324, 882: 86, 893: 324, 894: 86, 903: 324, 904: 86, 911: 540, 912: 778}
Correct solution!
Number of lables used:  16
Time taken: 0.45 seconds
Memory used: 44.73 MB
--------------------------------------------------

Trying with at most 15 labels...
Solution:
{13: 338, 14: 100, 15: 338, 16: 100, 23: 338, 24: 100, 49: 16, 50: 254, 51: 540, 52: 778, 53: 100, 54: 338, 67: 778, 68: 540, 69: 254, 70: 16, 79: 254, 80: 16, 81: 380, 82: 142, 83: 694, 84: 456, 85: 778, 86: 540, 103: 100, 104: 338, 105: 778, 106: 540, 117: 254, 118: 16, 119: 100, 120: 338, 127: 456, 128: 694, 129: 16, 130: 254, 143: 456, 144: 694, 145: 254, 146: 16, 151: 736, 152: 498, 153: 254, 154: 16, 155: 540, 156: 778, 157: 380, 158: 142, 179: 380, 180: 142, 181: 338, 182: 100, 183: 456, 184: 694, 191: 380, 192: 142, 193: 540, 194: 778, 205: 338, 206: 100, 209: 540, 210: 778, 211: 666, 212: 428, 213: 338, 214: 100, 215: 100, 216: 338, 217: 428, 218: 666, 233: 498, 234: 736, 235: 142, 236: 380, 237: 142, 238: 380, 261: 254, 262: 16, 263: 142, 264: 380, 265: 456, 266: 694, 267: 380, 268: 142, 269: 254, 270: 16, 271: 254, 272: 16, 273: 338, 274: 100, 275: 338, 276: 100, 277: 428, 278: 666, 281: 100, 282: 338, 283: 498, 284: 736, 285: 540, 286: 778, 287: 338, 288: 100, 289: 16, 290: 254, 291: 142, 292: 380, 293: 380, 294: 142, 295: 666, 296: 428, 299: 16, 300: 254, 301: 736, 302: 498, 303: 666, 304: 428, 305: 100, 306: 338, 307: 380, 308: 142, 309: 498, 310: 736, 311: 666, 312: 428, 313: 666, 314: 428, 321: 338, 322: 100, 323: 338, 324: 100, 325: 16, 326: 254, 327: 778, 328: 540, 329: 380, 330: 142, 339: 16, 340: 254, 341: 338, 342: 100, 343: 338, 344: 100, 345: 666, 346: 428, 347: 736, 348: 498, 349: 694, 350: 456, 351: 456, 352: 694, 355: 666, 356: 428, 357: 338, 358: 100, 359: 456, 360: 694, 361: 142, 362: 380, 363: 498, 364: 736, 365: 778, 366: 540, 367: 380, 368: 142, 369: 142, 370: 380, 371: 254, 372: 16, 375: 456, 376: 694, 377: 778, 378: 540, 383: 694, 384: 456, 387: 778, 388: 540, 397: 142, 398: 380, 401: 666, 402: 428, 405: 736, 406: 498, 435: 736, 436: 498, 439: 16, 440: 254, 449: 428, 450: 666, 471: 254, 472: 16, 475: 142, 476: 380, 477: 428, 478: 666, 481: 694, 482: 456, 491: 778, 492: 540, 493: 736, 494: 498, 495: 16, 496: 254, 517: 380, 518: 142, 519: 338, 520: 100, 525: 338, 526: 100, 533: 254, 534: 16, 535: 380, 536: 142, 547: 254, 548: 16, 555: 142, 556: 380, 557: 540, 558: 778, 559: 778, 560: 540, 561: 736, 562: 498, 563: 498, 564: 736, 565: 736, 566: 498, 573: 380, 574: 142, 575: 694, 576: 456, 577: 16, 578: 254, 579: 16, 580: 254, 581: 16, 582: 254, 583: 540, 584: 778, 585: 428, 586: 666, 587: 380, 588: 142, 589: 16, 590: 254, 591: 338, 592: 100, 593: 498, 594: 736, 595: 380, 596: 142, 597: 142, 598: 380, 599: 380, 600: 142, 601: 456, 602: 694, 603: 338, 604: 100, 605: 338, 606: 100, 607: 694, 608: 456, 613: 498, 614: 736, 615: 736, 616: 498, 617: 778, 618: 540, 619: 428, 620: 666, 621: 778, 622: 540, 623: 540, 624: 778, 625: 338, 626: 100, 629: 100, 630: 338, 631: 142, 632: 380, 633: 736, 634: 498, 635: 100, 636: 338, 637: 254, 638: 16, 639: 380, 640: 142, 641: 338, 642: 100, 643: 778, 644: 540, 645: 338, 646: 100, 651: 142, 652: 380, 653: 254, 654: 16, 661: 736, 662: 498, 663: 16, 664: 254, 665: 16, 666: 254, 667: 142, 668: 380, 671: 142, 672: 380, 713: 428, 714: 666, 715: 254, 716: 16, 717: 736, 718: 498, 719: 338, 720: 100, 721: 254, 722: 16, 723: 254, 724: 16, 725: 254, 726: 16, 727: 254, 728: 16, 733: 100, 734: 338, 741: 428, 742: 666, 743: 694, 744: 456, 745: 778, 746: 540, 747: 100, 748: 338, 757: 736, 758: 498, 759: 666, 760: 428, 763: 338, 764: 100, 765: 254, 766: 16, 767: 694, 768: 456, 769: 666, 770: 428, 771: 736, 772: 498, 773: 16, 774: 254, 783: 338, 784: 100, 785: 100, 786: 338, 787: 778, 788: 540, 789: 380, 790: 142, 791: 100, 792: 338, 793: 736, 794: 498, 795: 380, 796: 142, 797: 456, 798: 694, 799: 100, 800: 338, 801: 142, 802: 380, 815: 142, 816: 380, 817: 778, 818: 540, 825: 540, 826: 778, 827: 100, 828: 338, 829: 428, 830: 666, 835: 694, 836: 456, 837: 338, 838: 100, 867: 456, 868: 694, 875: 694, 876: 456, 877: 338, 878: 100, 879: 100, 880: 338, 881: 380, 882: 142, 893: 338, 894: 100, 903: 380, 904: 142, 911: 540, 912: 778}
Correct solution!
Number of lables used:  14
Time taken: 0.46 seconds
Memory used: 44.86 MB
--------------------------------------------------

Trying with at most 13 labels...
[runlim] sample:		10.0 time, 10.6 real, 71.0 MB
[runlim] sample:		20.0 time, 20.6 real, 74.4 MB
[runlim] sample:		30.0 time, 30.6 real, 76.2 MB
[runlim] sample:		40.0 time, 40.6 real, 77.2 MB
[runlim] sample:		50.0 time, 50.6 real, 78.0 MB
[runlim] sample:		60.0 time, 60.6 real, 79.3 MB
[runlim] sample:		70.0 time, 70.6 real, 80.2 MB
[runlim] sample:		80.0 time, 80.6 real, 80.3 MB
[runlim] sample:		90.0 time, 90.6 real, 98.5 MB
[runlim] sample:		100.0 time, 100.6 real, 66.9 MB
[runlim] sample:		110.0 time, 110.6 real, 89.1 MB
Cannot find solution.
No more solutions found.
Optimal number of labels used:  14
Time taken: 111.82 seconds
[runlim] end:			Mon Jan 12 07:25:07 2026
[runlim] status:		ok
[runlim] result:		0
[runlim] children:		0
[runlim] real:			112.47 seconds
[runlim] time:			111.78 seconds
[runlim] space:			101.1 MB
[runlim] samples:		1118
