[runlim] version:		1.10
[runlim] time limit:		311040000 seconds
[runlim] real time limit:	600 seconds
[runlim] space limit:		8000 MB
[runlim] argv[0]:		python3
[runlim] argv[1]:		-u
[runlim] argv[2]:		totalizer.py
[runlim] argv[3]:		graph02
[runlim] start:			Sat Dec 27 21:26:49 2025
[runlim] main pid:		8698
Solve first problem:
Solution:
{1: 666, 2: 428, 3: 100, 4: 338, 5: 268, 6: 30, 7: 324, 8: 86, 9: 652, 10: 414, 11: 394, 12: 156, 13: 694, 14: 456, 15: 310, 16: 72, 17: 282, 18: 44, 19: 296, 20: 58, 21: 142, 22: 380, 23: 366, 24: 128, 25: 268, 26: 30, 27: 324, 28: 86, 29: 156, 30: 394, 31: 114, 32: 352, 33: 380, 34: 142, 35: 666, 36: 428, 37: 86, 38: 324, 39: 380, 40: 142, 41: 324, 42: 86, 43: 254, 44: 16, 45: 680, 46: 442, 47: 338, 48: 100, 49: 310, 50: 72, 51: 44, 52: 282, 53: 380, 54: 142, 55: 296, 56: 58, 57: 666, 58: 428, 59: 310, 60: 72, 61: 128, 62: 366, 63: 310, 64: 72, 65: 30, 66: 268, 67: 652, 68: 414, 69: 254, 70: 16, 71: 380, 72: 142, 73: 16, 74: 254, 75: 254, 76: 16, 77: 394, 78: 156, 79: 282, 80: 44, 81: 310, 82: 72, 83: 156, 84: 394, 85: 694, 86: 456, 87: 86, 88: 324, 89: 156, 90: 394, 91: 268, 92: 30, 93: 324, 94: 86, 95: 666, 96: 428, 97: 128, 98: 366, 99: 310, 100: 72, 101: 324, 102: 86, 103: 380, 104: 142, 105: 16, 106: 254, 107: 352, 108: 114, 109: 282, 110: 44, 111: 296, 112: 58, 113: 30, 114: 268, 115: 338, 116: 100, 117: 114, 118: 352, 119: 380, 120: 142, 121: 338, 122: 100, 123: 324, 124: 86, 125: 268, 126: 30, 127: 338, 128: 100, 129: 380, 130: 142, 131: 324, 132: 86, 133: 680, 134: 442, 135: 380, 136: 142, 137: 324, 138: 86, 139: 282, 140: 44, 141: 352, 142: 114, 143: 680, 144: 442, 145: 282, 146: 44, 147: 352, 148: 114, 149: 58, 150: 296, 151: 338, 152: 100, 153: 254, 154: 16, 155: 380, 156: 142, 157: 652, 158: 414, 159: 310, 160: 72, 161: 708, 162: 470, 163: 380, 164: 142, 165: 352, 166: 114, 167: 310, 168: 72, 169: 324, 170: 86, 171: 338, 172: 100, 173: 296, 174: 58, 175: 680, 176: 442, 177: 156, 178: 394, 179: 380, 180: 142, 181: 268, 182: 30, 183: 694, 184: 456, 185: 282, 186: 44, 187: 652, 188: 414, 189: 380, 190: 142, 191: 680, 192: 442, 193: 128, 194: 366, 195: 324, 196: 86, 197: 296, 198: 58, 199: 310, 200: 72, 201: 156, 202: 394, 203: 268, 204: 30, 205: 324, 206: 86, 207: 338, 208: 100, 209: 310, 210: 72, 211: 268, 212: 30, 213: 478, 214: 240, 215: 366, 216: 128, 217: 254, 218: 16, 219: 268, 220: 30, 221: 352, 222: 114, 223: 324, 224: 86, 225: 254, 226: 16, 227: 408, 228: 170, 229: 310, 230: 72, 231: 16, 232: 254, 233: 366, 234: 128, 235: 282, 236: 44, 237: 268, 238: 30, 239: 338, 240: 100, 241: 296, 242: 58, 243: 338, 244: 100, 245: 666, 246: 428, 247: 380, 248: 142, 249: 324, 250: 86, 251: 16, 252: 254, 253: 58, 254: 296, 255: 380, 256: 142, 257: 310, 258: 72, 259: 380, 260: 142, 261: 254, 262: 16, 263: 380, 264: 142, 265: 380, 266: 142, 267: 44, 268: 282, 269: 282, 270: 44, 271: 268, 272: 30, 273: 296, 274: 58, 275: 254, 276: 16, 277: 310, 278: 72, 279: 666, 280: 428, 281: 366, 282: 128, 283: 268, 284: 30, 285: 380, 286: 142, 287: 254, 288: 16, 289: 324, 290: 86, 291: 380, 292: 142, 293: 380, 294: 142, 295: 338, 296: 100, 297: 380, 298: 142, 299: 408, 300: 170, 301: 282, 302: 44, 303: 652, 304: 414, 305: 268, 306: 30, 307: 296, 308: 58, 309: 380, 310: 142, 311: 380, 312: 142, 313: 380, 314: 142, 315: 296, 316: 58, 317: 408, 318: 170, 319: 310, 320: 72, 321: 380, 322: 142, 323: 338, 324: 100, 325: 310, 326: 72, 327: 282, 328: 44, 329: 268, 330: 30, 331: 268, 332: 30, 333: 268, 334: 30, 335: 254, 336: 16, 337: 282, 338: 44, 339: 380, 340: 142, 341: 296, 342: 58, 343: 254, 344: 16, 345: 310, 346: 72, 347: 310, 348: 72, 349: 380, 350: 142, 351: 380, 352: 142, 353: 254, 354: 16, 355: 268, 356: 30, 357: 324, 358: 86, 359: 338, 360: 100, 361: 338, 362: 100, 363: 268, 364: 30, 365: 268, 366: 30, 367: 254, 368: 16, 369: 282, 370: 44, 371: 254, 372: 16, 373: 324, 374: 86, 375: 254, 376: 16, 377: 254, 378: 16, 379: 282, 380: 44, 381: 268, 382: 30, 383: 254, 384: 16, 385: 268, 386: 30, 387: 268, 388: 30, 389: 254, 390: 16, 391: 254, 392: 16, 393: 254, 394: 16, 395: 268, 396: 30, 397: 324, 398: 86, 399: 268, 400: 30}
Correct solution!
Number of labels used:  36
Time taken: 0.35 seconds
Memory used: 38.84 MB
Trying to find solution with at most 47 labels...
Solution:
{1: 554, 2: 792, 3: 428, 4: 666, 5: 456, 6: 694, 7: 722, 8: 484, 9: 792, 10: 554, 11: 792, 12: 554, 13: 428, 14: 666, 15: 456, 16: 694, 17: 778, 18: 540, 19: 750, 20: 512, 21: 666, 22: 428, 23: 484, 24: 722, 25: 428, 26: 666, 27: 484, 28: 722, 29: 750, 30: 512, 31: 652, 32: 414, 33: 414, 34: 652, 35: 694, 36: 456, 37: 554, 38: 792, 39: 792, 40: 554, 41: 554, 42: 792, 43: 554, 44: 792, 45: 512, 46: 750, 47: 428, 48: 666, 49: 778, 50: 540, 51: 666, 52: 428, 53: 170, 54: 408, 55: 750, 56: 512, 57: 792, 58: 554, 59: 722, 60: 484, 61: 456, 62: 694, 63: 694, 64: 456, 65: 722, 66: 484, 67: 554, 68: 792, 69: 456, 70: 694, 71: 170, 72: 408, 73: 722, 74: 484, 75: 694, 76: 456, 77: 428, 78: 666, 79: 750, 80: 512, 81: 694, 82: 456, 83: 484, 84: 722, 85: 750, 86: 512, 87: 652, 88: 414, 89: 414, 90: 652, 91: 484, 92: 722, 93: 778, 94: 540, 95: 792, 96: 554, 97: 540, 98: 778, 99: 694, 100: 456, 101: 792, 102: 554, 103: 652, 104: 414, 105: 778, 106: 540, 107: 484, 108: 722, 109: 456, 110: 694, 111: 554, 112: 792, 113: 666, 114: 428, 115: 456, 116: 694, 117: 540, 118: 778, 119: 408, 120: 170, 121: 512, 122: 750, 123: 414, 124: 652, 125: 778, 126: 540, 127: 750, 128: 512, 129: 170, 130: 408, 131: 694, 132: 456, 133: 778, 134: 540, 135: 408, 136: 170, 137: 414, 138: 652, 139: 750, 140: 512, 141: 778, 142: 540, 143: 512, 144: 750, 145: 722, 146: 484, 147: 792, 148: 554, 149: 694, 150: 456, 151: 778, 152: 540, 153: 694, 154: 456, 155: 408, 156: 170, 157: 554, 158: 792, 159: 540, 160: 778, 161: 792, 162: 554, 163: 408, 164: 170, 165: 554, 166: 792, 167: 778, 168: 540, 169: 722, 170: 484, 171: 722, 172: 484, 173: 750, 174: 512, 175: 666, 176: 428, 177: 512, 178: 750, 179: 408, 180: 170, 181: 722, 182: 484, 183: 554, 184: 792, 185: 722, 186: 484, 187: 652, 188: 414, 189: 170, 190: 408, 191: 722, 192: 484, 193: 722, 194: 484, 195: 778, 196: 540, 197: 750, 198: 512, 199: 666, 200: 428, 201: 512, 202: 750, 203: 722, 204: 484, 205: 792, 206: 554, 207: 750, 208: 512, 209: 694, 210: 456, 211: 456, 212: 694, 213: 408, 214: 170, 215: 778, 216: 540, 217: 484, 218: 722, 219: 778, 220: 540, 221: 554, 222: 792, 223: 792, 224: 554, 225: 722, 226: 484, 227: 408, 228: 170, 229: 414, 230: 652, 231: 750, 232: 512, 233: 428, 234: 666, 235: 722, 236: 484, 237: 778, 238: 540, 239: 792, 240: 554, 241: 512, 242: 750, 243: 722, 244: 484, 245: 540, 246: 778, 247: 170, 248: 408, 249: 484, 250: 722, 251: 778, 252: 540, 253: 540, 254: 778, 255: 170, 256: 408, 257: 666, 258: 428, 259: 408, 260: 170, 261: 722, 262: 484, 263: 170, 264: 408, 265: 408, 266: 170, 267: 778, 268: 540, 269: 722, 270: 484, 271: 778, 272: 540, 273: 722, 274: 484, 275: 750, 276: 512, 277: 694, 278: 456, 279: 694, 280: 456, 281: 456, 282: 694, 283: 792, 284: 554, 285: 408, 286: 170, 287: 778, 288: 540, 289: 456, 290: 694, 291: 408, 292: 170, 293: 408, 294: 170, 295: 722, 296: 484, 297: 170, 298: 408, 299: 170, 300: 408, 301: 456, 302: 694, 303: 750, 304: 512, 305: 750, 306: 512, 307: 750, 308: 512, 309: 170, 310: 408, 311: 408, 312: 170, 313: 408, 314: 170, 315: 792, 316: 554, 317: 408, 318: 170, 319: 512, 320: 750, 321: 694, 322: 456, 323: 484, 324: 722, 325: 428, 326: 666, 327: 750, 328: 512, 329: 540, 330: 778, 331: 666, 332: 428, 333: 484, 334: 722, 335: 666, 336: 428, 337: 750, 338: 512, 339: 170, 340: 408, 341: 750, 342: 512, 343: 484, 344: 722, 345: 722, 346: 484, 347: 778, 348: 540, 349: 170, 350: 408, 351: 408, 352: 170, 353: 456, 354: 694, 355: 484, 356: 722, 357: 750, 358: 512, 359: 694, 360: 456, 361: 666, 362: 428, 363: 722, 364: 484, 365: 750, 366: 512, 367: 428, 368: 666, 369: 456, 370: 694, 371: 652, 372: 414, 373: 652, 374: 414, 375: 666, 376: 428, 377: 666, 378: 428, 379: 750, 380: 512, 381: 792, 382: 554, 383: 554, 384: 792, 385: 666, 386: 428, 387: 666, 388: 428, 389: 666, 390: 428, 391: 666, 392: 428, 393: 414, 394: 652, 395: 666, 396: 428, 397: 750, 398: 512, 399: 428, 400: 666}
Number of labels used: 16
Time taken: 0.38 seconds
Memory used: 39.96 MB
Trying to find solution with at most 15 labels...
Solution:
{1: 554, 2: 792, 3: 428, 4: 666, 5: 44, 6: 282, 7: 722, 8: 484, 9: 792, 10: 554, 11: 792, 12: 554, 13: 428, 14: 666, 15: 680, 16: 442, 17: 750, 18: 512, 19: 750, 20: 512, 21: 666, 22: 428, 23: 44, 24: 282, 25: 428, 26: 666, 27: 512, 28: 750, 29: 442, 30: 680, 31: 44, 32: 282, 33: 282, 34: 44, 35: 666, 36: 428, 37: 428, 38: 666, 39: 792, 40: 554, 41: 554, 42: 792, 43: 554, 44: 792, 45: 512, 46: 750, 47: 428, 48: 666, 49: 722, 50: 484, 51: 666, 52: 428, 53: 170, 54: 408, 55: 722, 56: 484, 57: 554, 58: 792, 59: 722, 60: 484, 61: 44, 62: 282, 63: 722, 64: 484, 65: 722, 66: 484, 67: 554, 68: 792, 69: 484, 70: 722, 71: 170, 72: 408, 73: 722, 74: 484, 75: 792, 76: 554, 77: 428, 78: 666, 79: 750, 80: 512, 81: 750, 82: 512, 83: 484, 84: 722, 85: 750, 86: 512, 87: 554, 88: 792, 89: 442, 90: 680, 91: 484, 92: 722, 93: 484, 94: 722, 95: 792, 96: 554, 97: 680, 98: 442, 99: 722, 100: 484, 101: 750, 102: 512, 103: 44, 104: 282, 105: 722, 106: 484, 107: 442, 108: 680, 109: 750, 110: 512, 111: 554, 112: 792, 113: 666, 114: 428, 115: 428, 116: 666, 117: 44, 118: 282, 119: 408, 120: 170, 121: 512, 122: 750, 123: 428, 124: 666, 125: 666, 126: 428, 127: 750, 128: 512, 129: 170, 130: 408, 131: 792, 132: 554, 133: 792, 134: 554, 135: 408, 136: 170, 137: 554, 138: 792, 139: 750, 140: 512, 141: 44, 142: 282, 143: 512, 144: 750, 145: 722, 146: 484, 147: 428, 148: 666, 149: 442, 150: 680, 151: 554, 152: 792, 153: 722, 154: 484, 155: 170, 156: 408, 157: 428, 158: 666, 159: 512, 160: 750, 161: 442, 162: 680, 163: 408, 164: 170, 165: 554, 166: 792, 167: 428, 168: 666, 169: 722, 170: 484, 171: 680, 172: 442, 173: 750, 174: 512, 175: 442, 176: 680, 177: 44, 178: 282, 179: 408, 180: 170, 181: 680, 182: 442, 183: 722, 184: 484, 185: 722, 186: 484, 187: 750, 188: 512, 189: 170, 190: 408, 191: 722, 192: 484, 193: 722, 194: 484, 195: 484, 196: 722, 197: 750, 198: 512, 199: 666, 200: 428, 201: 512, 202: 750, 203: 722, 204: 484, 205: 792, 206: 554, 207: 792, 208: 554, 209: 722, 210: 484, 211: 512, 212: 750, 213: 408, 214: 170, 215: 442, 216: 680, 217: 680, 218: 442, 219: 722, 220: 484, 221: 554, 222: 792, 223: 792, 224: 554, 225: 722, 226: 484, 227: 408, 228: 170, 229: 792, 230: 554, 231: 666, 232: 428, 233: 44, 234: 282, 235: 750, 236: 512, 237: 750, 238: 512, 239: 44, 240: 282, 241: 792, 242: 554, 243: 792, 244: 554, 245: 750, 246: 512, 247: 170, 248: 408, 249: 484, 250: 722, 251: 484, 252: 722, 253: 750, 254: 512, 255: 170, 256: 408, 257: 792, 258: 554, 259: 408, 260: 170, 261: 722, 262: 484, 263: 170, 264: 408, 265: 408, 266: 170, 267: 680, 268: 442, 269: 750, 270: 512, 271: 666, 272: 428, 273: 722, 274: 484, 275: 484, 276: 722, 277: 680, 278: 442, 279: 282, 280: 44, 281: 484, 282: 722, 283: 44, 284: 282, 285: 408, 286: 170, 287: 792, 288: 554, 289: 442, 290: 680, 291: 170, 292: 408, 293: 408, 294: 170, 295: 666, 296: 428, 297: 170, 298: 408, 299: 408, 300: 170, 301: 282, 302: 44, 303: 750, 304: 512, 305: 750, 306: 512, 307: 750, 308: 512, 309: 170, 310: 408, 311: 408, 312: 170, 313: 170, 314: 408, 315: 792, 316: 554, 317: 408, 318: 170, 319: 512, 320: 750, 321: 554, 322: 792, 323: 512, 324: 750, 325: 428, 326: 666, 327: 750, 328: 512, 329: 484, 330: 722, 331: 666, 332: 428, 333: 792, 334: 554, 335: 44, 336: 282, 337: 750, 338: 512, 339: 170, 340: 408, 341: 512, 342: 750, 343: 484, 344: 722, 345: 484, 346: 722, 347: 722, 348: 484, 349: 170, 350: 408, 351: 170, 352: 408, 353: 282, 354: 44, 355: 44, 356: 282, 357: 554, 358: 792, 359: 428, 360: 666, 361: 44, 362: 282, 363: 750, 364: 512, 365: 680, 366: 442, 367: 442, 368: 680, 369: 428, 370: 666, 371: 680, 372: 442, 373: 428, 374: 666, 375: 792, 376: 554, 377: 666, 378: 428, 379: 750, 380: 512, 381: 792, 382: 554, 383: 554, 384: 792, 385: 666, 386: 428, 387: 428, 388: 666, 389: 666, 390: 428, 391: 666, 392: 428, 393: 428, 394: 666, 395: 680, 396: 442, 397: 750, 398: 512, 399: 428, 400: 666}
Number of labels used: 14
Time taken: 0.40 seconds
Memory used: 41.21 MB
Trying to find solution with at most 13 labels...
[runlim] sample:		10.2 time, 10.1 real, 60.7 MB
[runlim] sample:		20.3 time, 20.1 real, 62.4 MB
[runlim] sample:		30.5 time, 30.1 real, 68.2 MB
[runlim] sample:		40.7 time, 40.6 real, 69.5 MB
[runlim] sample:		50.9 time, 50.6 real, 70.2 MB
[runlim] sample:		61.0 time, 60.6 real, 71.1 MB
[runlim] sample:		71.2 time, 71.2 real, 72.9 MB
No solution with at most 13 labels.
Optimal value = 14
Time taken: 76.28 seconds
Memory used: 73.00 MB
[runlim] end:			Sat Dec 27 21:28:05 2025
[runlim] status:		ok
[runlim] result:		0
[runlim] children:		0
[runlim] real:			76.45 seconds
[runlim] time:			76.50 seconds
[runlim] space:			73.0 MB
[runlim] samples:		752
