[runlim] version:		1.10
[runlim] time limit:		311040000 seconds
[runlim] real time limit:	600 seconds
[runlim] space limit:		8000 MB
[runlim] argv[0]:		python3
[runlim] argv[1]:		-u
[runlim] argv[2]:		totalizer.py
[runlim] argv[3]:		graph01
[runlim] start:			Sat Dec 27 21:16:49 2025
[runlim] main pid:		6525
Solve first problem:
Solution:
{1: 296, 2: 58, 3: 652, 4: 414, 5: 16, 6: 254, 7: 380, 8: 142, 9: 380, 10: 142, 11: 778, 12: 540, 13: 338, 14: 100, 15: 296, 16: 58, 17: 652, 18: 414, 19: 394, 20: 156, 21: 296, 22: 58, 23: 478, 24: 240, 25: 310, 26: 72, 27: 114, 28: 352, 29: 296, 30: 58, 31: 268, 32: 30, 33: 352, 34: 114, 35: 310, 36: 72, 37: 338, 38: 100, 39: 324, 40: 86, 41: 282, 42: 44, 43: 778, 44: 540, 45: 254, 46: 16, 47: 72, 48: 310, 49: 282, 50: 44, 51: 394, 52: 156, 53: 310, 54: 72, 55: 86, 56: 324, 57: 16, 58: 254, 59: 778, 60: 540, 61: 254, 62: 16, 63: 352, 64: 114, 65: 254, 66: 16, 67: 296, 68: 58, 69: 254, 70: 16, 71: 324, 72: 86, 73: 380, 74: 142, 75: 268, 76: 30, 77: 750, 78: 512, 79: 310, 80: 72, 81: 254, 82: 16, 83: 268, 84: 30, 85: 324, 86: 86, 87: 680, 88: 442, 89: 338, 90: 100, 91: 652, 92: 414, 93: 254, 94: 16, 95: 44, 96: 282, 97: 478, 98: 240, 99: 30, 100: 268, 101: 380, 102: 142, 103: 282, 104: 44, 105: 352, 106: 114, 107: 296, 108: 58, 109: 296, 110: 58, 111: 380, 112: 142, 113: 268, 114: 30, 115: 114, 116: 352, 117: 254, 118: 16, 119: 296, 120: 58, 121: 380, 122: 142, 123: 380, 124: 142, 125: 254, 126: 16, 127: 296, 128: 58, 129: 338, 130: 100, 131: 268, 132: 30, 133: 694, 134: 456, 135: 478, 136: 240, 137: 282, 138: 44, 139: 296, 140: 58, 141: 324, 142: 86, 143: 324, 144: 86, 145: 268, 146: 30, 147: 254, 148: 16, 149: 324, 150: 86, 151: 652, 152: 414, 153: 254, 154: 16, 155: 324, 156: 86, 157: 268, 158: 30, 159: 268, 160: 30, 161: 394, 162: 156, 163: 296, 164: 58, 165: 352, 166: 114, 167: 366, 168: 128, 169: 254, 170: 16, 171: 268, 172: 30, 173: 254, 174: 16, 175: 324, 176: 86, 177: 254, 178: 16, 179: 282, 180: 44, 181: 652, 182: 414, 183: 268, 184: 30, 185: 324, 186: 86, 187: 268, 188: 30, 189: 254, 190: 16, 191: 310, 192: 72, 193: 380, 194: 142, 195: 268, 196: 30, 197: 254, 198: 16, 199: 254, 200: 16}
Correct solution!
Number of labels used:  34
Time taken: 0.17 seconds
Memory used: 28.67 MB
Trying to find solution with at most 47 labels...
Solution:
{1: 652, 2: 414, 3: 554, 4: 792, 5: 442, 6: 680, 7: 478, 8: 240, 9: 170, 10: 408, 11: 554, 12: 792, 13: 282, 14: 44, 15: 498, 16: 736, 17: 736, 18: 498, 19: 44, 20: 282, 21: 652, 22: 414, 23: 170, 24: 408, 25: 750, 26: 512, 27: 652, 28: 414, 29: 44, 30: 282, 31: 44, 32: 282, 33: 554, 34: 792, 35: 736, 36: 498, 37: 282, 38: 44, 39: 44, 40: 282, 41: 526, 42: 764, 43: 442, 44: 680, 45: 44, 46: 282, 47: 764, 48: 526, 49: 526, 50: 764, 51: 282, 52: 44, 53: 778, 54: 540, 55: 680, 56: 442, 57: 792, 58: 554, 59: 428, 60: 666, 61: 498, 62: 736, 63: 792, 64: 554, 65: 484, 66: 722, 67: 428, 68: 666, 69: 498, 70: 736, 71: 414, 72: 652, 73: 478, 74: 240, 75: 442, 76: 680, 77: 778, 78: 540, 79: 778, 80: 540, 81: 282, 82: 44, 83: 722, 84: 484, 85: 736, 86: 498, 87: 554, 88: 792, 89: 512, 90: 750, 91: 512, 92: 750, 93: 652, 94: 414, 95: 442, 96: 680, 97: 408, 98: 170, 99: 414, 100: 652, 101: 554, 102: 792, 103: 44, 104: 282, 105: 778, 106: 540, 107: 750, 108: 512, 109: 44, 110: 282, 111: 680, 112: 442, 113: 736, 114: 498, 115: 736, 116: 498, 117: 282, 118: 44, 119: 44, 120: 282, 121: 478, 122: 240, 123: 408, 124: 170, 125: 792, 126: 554, 127: 764, 128: 526, 129: 666, 130: 428, 131: 722, 132: 484, 133: 484, 134: 722, 135: 240, 136: 478, 137: 736, 138: 498, 139: 44, 140: 282, 141: 764, 142: 526, 143: 722, 144: 484, 145: 722, 146: 484, 147: 44, 148: 282, 149: 722, 150: 484, 151: 540, 152: 778, 153: 282, 154: 44, 155: 680, 156: 442, 157: 282, 158: 44, 159: 414, 160: 652, 161: 512, 162: 750, 163: 44, 164: 282, 165: 414, 166: 652, 167: 44, 168: 282, 169: 282, 170: 44, 171: 44, 172: 282, 173: 652, 174: 414, 175: 736, 176: 498, 177: 282, 178: 44, 179: 736, 180: 498, 181: 554, 182: 792, 183: 736, 184: 498, 185: 414, 186: 652, 187: 282, 188: 44, 189: 652, 190: 414, 191: 484, 192: 722, 193: 170, 194: 408, 195: 554, 196: 792, 197: 282, 198: 44, 199: 282, 200: 44}
Number of labels used: 24
Time taken: 0.19 seconds
Memory used: 29.42 MB
Trying to find solution with at most 23 labels...
Solution:
{1: 680, 2: 442, 3: 554, 4: 792, 5: 442, 6: 680, 7: 478, 8: 240, 9: 170, 10: 408, 11: 554, 12: 792, 13: 282, 14: 44, 15: 498, 16: 736, 17: 736, 18: 498, 19: 44, 20: 282, 21: 652, 22: 414, 23: 170, 24: 408, 25: 750, 26: 512, 27: 652, 28: 414, 29: 44, 30: 282, 31: 44, 32: 282, 33: 554, 34: 792, 35: 736, 36: 498, 37: 282, 38: 44, 39: 44, 40: 282, 41: 526, 42: 764, 43: 778, 44: 540, 45: 44, 46: 282, 47: 764, 48: 526, 49: 526, 50: 764, 51: 282, 52: 44, 53: 778, 54: 540, 55: 792, 56: 554, 57: 792, 58: 554, 59: 778, 60: 540, 61: 498, 62: 736, 63: 792, 64: 554, 65: 484, 66: 722, 67: 764, 68: 526, 69: 498, 70: 736, 71: 414, 72: 652, 73: 170, 74: 408, 75: 442, 76: 680, 77: 778, 78: 540, 79: 778, 80: 540, 81: 282, 82: 44, 83: 722, 84: 484, 85: 736, 86: 498, 87: 652, 88: 414, 89: 512, 90: 750, 91: 652, 92: 414, 93: 652, 94: 414, 95: 442, 96: 680, 97: 408, 98: 170, 99: 414, 100: 652, 101: 554, 102: 792, 103: 44, 104: 282, 105: 680, 106: 442, 107: 750, 108: 512, 109: 44, 110: 282, 111: 680, 112: 442, 113: 736, 114: 498, 115: 736, 116: 498, 117: 282, 118: 44, 119: 44, 120: 282, 121: 478, 122: 240, 123: 408, 124: 170, 125: 792, 126: 554, 127: 764, 128: 526, 129: 680, 130: 442, 131: 722, 132: 484, 133: 484, 134: 722, 135: 170, 136: 408, 137: 736, 138: 498, 139: 44, 140: 282, 141: 764, 142: 526, 143: 652, 144: 414, 145: 722, 146: 484, 147: 44, 148: 282, 149: 722, 150: 484, 151: 680, 152: 442, 153: 282, 154: 44, 155: 680, 156: 442, 157: 282, 158: 44, 159: 512, 160: 750, 161: 512, 162: 750, 163: 44, 164: 282, 165: 526, 166: 764, 167: 44, 168: 282, 169: 282, 170: 44, 171: 44, 172: 282, 173: 652, 174: 414, 175: 736, 176: 498, 177: 282, 178: 44, 179: 736, 180: 498, 181: 554, 182: 792, 183: 736, 184: 498, 185: 414, 186: 652, 187: 282, 188: 44, 189: 652, 190: 414, 191: 484, 192: 722, 193: 170, 194: 408, 195: 554, 196: 792, 197: 282, 198: 44, 199: 282, 200: 44}
Number of labels used: 22
Time taken: 0.19 seconds
Memory used: 30.05 MB
Trying to find solution with at most 21 labels...
Solution:
{1: 680, 2: 442, 3: 554, 4: 792, 5: 442, 6: 680, 7: 240, 8: 478, 9: 170, 10: 408, 11: 554, 12: 792, 13: 72, 14: 310, 15: 526, 16: 764, 17: 680, 18: 442, 19: 72, 20: 310, 21: 86, 22: 324, 23: 240, 24: 478, 25: 764, 26: 526, 27: 722, 28: 484, 29: 324, 30: 86, 31: 366, 32: 128, 33: 86, 34: 324, 35: 722, 36: 484, 37: 366, 38: 128, 39: 324, 40: 86, 41: 792, 42: 554, 43: 324, 44: 86, 45: 72, 46: 310, 47: 722, 48: 484, 49: 484, 50: 722, 51: 366, 52: 128, 53: 722, 54: 484, 55: 764, 56: 526, 57: 792, 58: 554, 59: 310, 60: 72, 61: 484, 62: 722, 63: 792, 64: 554, 65: 414, 66: 652, 67: 526, 68: 764, 69: 484, 70: 722, 71: 414, 72: 652, 73: 170, 74: 408, 75: 442, 76: 680, 77: 310, 78: 72, 79: 680, 80: 442, 81: 366, 82: 128, 83: 442, 84: 680, 85: 722, 86: 484, 87: 652, 88: 414, 89: 484, 90: 722, 91: 652, 92: 414, 93: 652, 94: 414, 95: 484, 96: 722, 97: 408, 98: 170, 99: 414, 100: 652, 101: 554, 102: 792, 103: 366, 104: 128, 105: 680, 106: 442, 107: 722, 108: 484, 109: 366, 110: 128, 111: 680, 112: 442, 113: 722, 114: 484, 115: 680, 116: 442, 117: 366, 118: 128, 119: 366, 120: 128, 121: 408, 122: 170, 123: 408, 124: 170, 125: 792, 126: 554, 127: 128, 128: 366, 129: 680, 130: 442, 131: 722, 132: 484, 133: 764, 134: 526, 135: 170, 136: 408, 137: 764, 138: 526, 139: 72, 140: 310, 141: 764, 142: 526, 143: 652, 144: 414, 145: 792, 146: 554, 147: 310, 148: 72, 149: 722, 150: 484, 151: 128, 152: 366, 153: 128, 154: 366, 155: 680, 156: 442, 157: 310, 158: 72, 159: 366, 160: 128, 161: 792, 162: 554, 163: 722, 164: 484, 165: 324, 166: 86, 167: 484, 168: 722, 169: 324, 170: 86, 171: 722, 172: 484, 173: 652, 174: 414, 175: 652, 176: 414, 177: 128, 178: 366, 179: 764, 180: 526, 181: 366, 182: 128, 183: 680, 184: 442, 185: 414, 186: 652, 187: 442, 188: 680, 189: 680, 190: 442, 191: 554, 192: 792, 193: 170, 194: 408, 195: 764, 196: 526, 197: 72, 198: 310, 199: 72, 200: 310}
Number of labels used: 20
Time taken: 0.20 seconds
Memory used: 30.17 MB
Trying to find solution with at most 19 labels...
Solution:
{1: 380, 2: 142, 3: 554, 4: 792, 5: 428, 6: 666, 7: 142, 8: 380, 9: 408, 10: 170, 11: 554, 12: 792, 13: 72, 14: 310, 15: 380, 16: 142, 17: 142, 18: 380, 19: 16, 20: 254, 21: 428, 22: 666, 23: 170, 24: 408, 25: 310, 26: 72, 27: 736, 28: 498, 29: 310, 30: 72, 31: 352, 32: 114, 33: 792, 34: 554, 35: 666, 36: 428, 37: 72, 38: 310, 39: 310, 40: 72, 41: 792, 42: 554, 43: 456, 44: 694, 45: 16, 46: 254, 47: 666, 48: 428, 49: 352, 50: 114, 51: 352, 52: 114, 53: 792, 54: 554, 55: 792, 56: 554, 57: 114, 58: 352, 59: 310, 60: 72, 61: 498, 62: 736, 63: 792, 64: 554, 65: 498, 66: 736, 67: 428, 68: 666, 69: 498, 70: 736, 71: 498, 72: 736, 73: 408, 74: 170, 75: 428, 76: 666, 77: 456, 78: 694, 79: 666, 80: 428, 81: 352, 82: 114, 83: 554, 84: 792, 85: 736, 86: 498, 87: 254, 88: 16, 89: 554, 90: 792, 91: 142, 92: 380, 93: 666, 94: 428, 95: 792, 96: 554, 97: 408, 98: 170, 99: 142, 100: 380, 101: 792, 102: 554, 103: 428, 104: 666, 105: 352, 106: 114, 107: 428, 108: 666, 109: 310, 110: 72, 111: 72, 112: 310, 113: 666, 114: 428, 115: 498, 116: 736, 117: 352, 118: 114, 119: 352, 120: 114, 121: 380, 122: 142, 123: 408, 124: 170, 125: 352, 126: 114, 127: 352, 128: 114, 129: 666, 130: 428, 131: 352, 132: 114, 133: 72, 134: 310, 135: 408, 136: 170, 137: 792, 138: 554, 139: 72, 140: 310, 141: 498, 142: 736, 143: 792, 144: 554, 145: 352, 146: 114, 147: 694, 148: 456, 149: 736, 150: 498, 151: 142, 152: 380, 153: 114, 154: 352, 155: 792, 156: 554, 157: 352, 158: 114, 159: 72, 160: 310, 161: 666, 162: 428, 163: 456, 164: 694, 165: 694, 166: 456, 167: 498, 168: 736, 169: 114, 170: 352, 171: 114, 172: 352, 173: 352, 174: 114, 175: 16, 176: 254, 177: 72, 178: 310, 179: 694, 180: 456, 181: 142, 182: 380, 183: 352, 184: 114, 185: 16, 186: 254, 187: 310, 188: 72, 189: 428, 190: 666, 191: 428, 192: 666, 193: 408, 194: 170, 195: 792, 196: 554, 197: 72, 198: 310, 199: 72, 200: 310}
Number of labels used: 18
Time taken: 0.23 seconds
Memory used: 30.42 MB
Trying to find solution with at most 17 labels...
[runlim] sample:		10.2 time, 10.1 real, 49.7 MB
[runlim] sample:		20.4 time, 20.8 real, 52.0 MB
[runlim] sample:		30.6 time, 30.8 real, 58.4 MB
[runlim] sample:		40.9 time, 40.8 real, 59.6 MB
[runlim] sample:		51.0 time, 50.8 real, 72.1 MB
[runlim] sample:		61.2 time, 61.5 real, 73.3 MB
[runlim] sample:		71.5 time, 71.5 real, 74.3 MB
[runlim] sample:		81.8 time, 81.5 real, 87.8 MB
[runlim] sample:		91.9 time, 92.3 real, 93.1 MB
[runlim] sample:		102.4 time, 102.3 real, 93.1 MB
[runlim] sample:		112.6 time, 112.3 real, 93.1 MB
[runlim] sample:		122.7 time, 123.1 real, 93.2 MB
[runlim] sample:		132.8 time, 133.1 real, 93.2 MB
[runlim] sample:		143.3 time, 143.1 real, 93.2 MB
[runlim] sample:		153.5 time, 153.9 real, 93.2 MB
[runlim] sample:		163.8 time, 163.9 real, 93.2 MB
[runlim] sample:		174.1 time, 173.9 real, 93.2 MB
[runlim] sample:		184.3 time, 183.9 real, 93.2 MB
[runlim] sample:		194.3 time, 193.9 real, 93.2 MB
[runlim] sample:		204.1 time, 204.7 real, 93.2 MB
[runlim] sample:		214.5 time, 214.7 real, 93.2 MB
[runlim] sample:		224.7 time, 224.7 real, 93.2 MB
[runlim] sample:		234.9 time, 235.3 real, 93.2 MB
[runlim] sample:		245.2 time, 245.3 real, 94.3 MB
[runlim] sample:		255.4 time, 255.3 real, 103.4 MB
[runlim] sample:		265.5 time, 265.3 real, 103.4 MB
[runlim] sample:		275.7 time, 276.0 real, 103.9 MB
[runlim] sample:		286.0 time, 286.0 real, 104.7 MB
[runlim] sample:		296.2 time, 296.0 real, 104.7 MB
[runlim] sample:		306.2 time, 306.7 real, 105.3 MB
[runlim] sample:		316.7 time, 316.7 real, 105.1 MB
[runlim] sample:		326.8 time, 326.7 real, 105.1 MB
[runlim] sample:		337.0 time, 337.4 real, 105.1 MB
[runlim] sample:		347.3 time, 347.4 real, 105.1 MB
[runlim] sample:		357.5 time, 357.4 real, 105.1 MB
[runlim] sample:		367.6 time, 368.1 real, 105.1 MB
[runlim] sample:		377.9 time, 378.1 real, 135.6 MB
[runlim] sample:		388.1 time, 388.1 real, 105.1 MB
[runlim] sample:		398.3 time, 398.1 real, 136.9 MB
[runlim] sample:		408.6 time, 408.8 real, 105.2 MB
[runlim] sample:		418.8 time, 418.8 real, 137.6 MB
[runlim] sample:		428.9 time, 428.8 real, 105.2 MB
[runlim] sample:		439.1 time, 439.4 real, 105.2 MB
[runlim] sample:		449.5 time, 449.4 real, 105.2 MB
[runlim] sample:		459.6 time, 459.4 real, 105.2 MB
[runlim] sample:		469.7 time, 470.1 real, 105.2 MB
[runlim] sample:		480.1 time, 480.1 real, 138.7 MB
[runlim] sample:		490.3 time, 490.1 real, 105.2 MB
[runlim] sample:		500.4 time, 500.8 real, 139.1 MB
[runlim] sample:		510.7 time, 510.8 real, 105.2 MB
[runlim] sample:		520.9 time, 520.8 real, 137.5 MB
[runlim] sample:		531.1 time, 530.8 real, 105.1 MB
[runlim] sample:		541.4 time, 541.6 real, 135.5 MB
[runlim] sample:		551.6 time, 551.6 real, 105.1 MB
[runlim] sample:		561.7 time, 561.6 real, 105.1 MB
[runlim] sample:		572.1 time, 572.2 real, 140.3 MB
[runlim] sample:		582.3 time, 582.2 real, 105.1 MB
[runlim] sample:		592.4 time, 592.2 real, 137.6 MB
[runlim] end:			Sat Dec 27 21:26:49 2025
[runlim] status:		out of time
[runlim] result:		2
[runlim] children:		0
[runlim] real:			600.10 seconds
[runlim] time:			599.62 seconds
[runlim] space:			141.9 MB
[runlim] samples:		5872
