[runlim] version:		1.10
[runlim] time limit:		311040000 seconds
[runlim] real time limit:	600 seconds
[runlim] space limit:		8000 MB
[runlim] argv[0]:		python3
[runlim] argv[1]:		-u
[runlim] argv[2]:		totalizer.py
[runlim] argv[3]:		scen03
[runlim] start:			Sat Dec 27 21:53:48 2025
[runlim] main pid:		15078
Solve first problem:
Solution:
{13: 254, 14: 16, 15: 254, 16: 16, 23: 142, 24: 380, 49: 310, 50: 72, 51: 16, 52: 254, 53: 338, 54: 100, 67: 156, 68: 394, 69: 254, 70: 16, 79: 254, 80: 16, 81: 268, 82: 30, 83: 680, 84: 442, 85: 352, 86: 114, 103: 268, 104: 30, 105: 254, 106: 16, 117: 750, 118: 512, 119: 708, 120: 470, 127: 142, 128: 380, 129: 310, 130: 72, 143: 666, 144: 428, 145: 254, 146: 16, 151: 764, 152: 526, 153: 694, 154: 456, 155: 652, 156: 414, 157: 30, 158: 268, 179: 156, 180: 394, 181: 380, 182: 142, 183: 736, 184: 498, 191: 366, 192: 128, 193: 296, 194: 58, 205: 254, 206: 16, 209: 142, 210: 380, 211: 58, 212: 296, 213: 254, 214: 16, 215: 296, 216: 58, 217: 296, 218: 58, 233: 750, 234: 512, 235: 338, 236: 100, 237: 380, 238: 142, 261: 254, 262: 16, 263: 352, 264: 114, 265: 324, 266: 86, 267: 254, 268: 16, 269: 254, 270: 16, 271: 254, 272: 16, 273: 324, 274: 86, 275: 324, 276: 86, 277: 268, 278: 30, 281: 366, 282: 128, 283: 296, 284: 58, 285: 366, 286: 128, 287: 254, 288: 16, 289: 254, 290: 16, 291: 324, 292: 86, 293: 380, 294: 142, 295: 324, 296: 86, 299: 366, 300: 128, 301: 282, 302: 44, 303: 680, 304: 442, 305: 352, 306: 114, 307: 30, 308: 268, 309: 338, 310: 100, 311: 254, 312: 16, 313: 254, 314: 16, 321: 254, 322: 16, 323: 254, 324: 16, 325: 666, 326: 428, 327: 338, 328: 100, 329: 254, 330: 16, 339: 352, 340: 114, 341: 44, 342: 282, 343: 44, 344: 282, 345: 394, 346: 156, 347: 324, 348: 86, 349: 680, 350: 442, 351: 30, 352: 268, 355: 44, 356: 282, 357: 268, 358: 30, 359: 666, 360: 428, 361: 338, 362: 100, 363: 268, 364: 30, 365: 380, 366: 142, 367: 310, 368: 72, 369: 128, 370: 366, 371: 254, 372: 16, 375: 282, 376: 44, 377: 666, 378: 428, 383: 338, 384: 100, 387: 366, 388: 128, 397: 394, 398: 156, 401: 114, 402: 352, 405: 114, 406: 352, 435: 366, 436: 128, 439: 310, 440: 72, 449: 100, 450: 338, 471: 254, 472: 16, 475: 338, 476: 100, 477: 268, 478: 30, 481: 352, 482: 114, 491: 310, 492: 72, 493: 268, 494: 30, 495: 254, 496: 16, 517: 268, 518: 30, 519: 338, 520: 100, 525: 282, 526: 44, 533: 282, 534: 44, 535: 254, 536: 16, 547: 324, 548: 86, 555: 128, 556: 366, 557: 666, 558: 428, 559: 58, 560: 296, 561: 380, 562: 142, 563: 666, 564: 428, 565: 114, 566: 352, 573: 268, 574: 30, 575: 114, 576: 352, 577: 366, 578: 128, 579: 352, 580: 114, 581: 352, 582: 114, 583: 666, 584: 428, 585: 338, 586: 100, 587: 254, 588: 16, 589: 366, 590: 128, 591: 352, 592: 114, 593: 100, 594: 338, 595: 296, 596: 58, 597: 268, 598: 30, 599: 142, 600: 380, 601: 282, 602: 44, 603: 268, 604: 30, 605: 268, 606: 30, 607: 352, 608: 114, 613: 100, 614: 338, 615: 282, 616: 44, 617: 268, 618: 30, 619: 352, 620: 114, 621: 338, 622: 100, 623: 338, 624: 100, 625: 268, 626: 30, 629: 282, 630: 44, 631: 268, 632: 30, 633: 282, 634: 44, 635: 268, 636: 30, 637: 254, 638: 16, 639: 268, 640: 30, 641: 380, 642: 142, 643: 338, 644: 100, 645: 296, 646: 58, 651: 352, 652: 114, 653: 254, 654: 16, 661: 254, 662: 16, 663: 394, 664: 156, 665: 366, 666: 128, 667: 268, 668: 30, 671: 254, 672: 16, 713: 268, 714: 30, 715: 254, 716: 16, 717: 394, 718: 156, 719: 324, 720: 86, 721: 254, 722: 16, 723: 254, 724: 16, 725: 254, 726: 16, 727: 254, 728: 16, 733: 268, 734: 30, 741: 268, 742: 30, 743: 44, 744: 282, 745: 268, 746: 30, 747: 324, 748: 86, 757: 338, 758: 100, 759: 268, 760: 30, 763: 268, 764: 30, 765: 254, 766: 16, 767: 296, 768: 58, 769: 268, 770: 30, 771: 338, 772: 100, 773: 254, 774: 16, 783: 268, 784: 30, 785: 254, 786: 16, 787: 268, 788: 30, 789: 338, 790: 100, 791: 268, 792: 30, 793: 338, 794: 100, 795: 268, 796: 30, 797: 352, 798: 114, 799: 282, 800: 44, 801: 268, 802: 30, 815: 338, 816: 100, 817: 268, 818: 30, 825: 282, 826: 44, 827: 324, 828: 86, 829: 254, 830: 16, 835: 44, 836: 282, 837: 268, 838: 30, 867: 352, 868: 114, 875: 310, 876: 72, 877: 282, 878: 44, 879: 324, 880: 86, 881: 268, 882: 30, 893: 268, 894: 30, 903: 254, 904: 16, 911: 254, 912: 16}
Correct solution!
Number of labels used:  38
Time taken: 0.45 seconds
Memory used: 43.54 MB
Trying to find solution with at most 47 labels...
Solution:
{13: 254, 14: 16, 15: 254, 16: 16, 23: 750, 24: 512, 49: 694, 50: 456, 51: 16, 52: 254, 53: 526, 54: 764, 67: 722, 68: 484, 69: 282, 70: 44, 79: 282, 80: 44, 81: 254, 82: 16, 83: 540, 84: 778, 85: 470, 86: 708, 103: 694, 104: 456, 105: 44, 106: 282, 117: 484, 118: 722, 119: 512, 120: 750, 127: 750, 128: 512, 129: 16, 130: 254, 143: 778, 144: 540, 145: 282, 146: 44, 151: 708, 152: 470, 153: 792, 154: 554, 155: 456, 156: 694, 157: 526, 158: 764, 179: 282, 180: 44, 181: 254, 182: 16, 183: 526, 184: 764, 191: 708, 192: 470, 193: 778, 194: 540, 205: 694, 206: 456, 209: 16, 210: 254, 211: 484, 212: 722, 213: 694, 214: 456, 215: 44, 216: 282, 217: 456, 218: 694, 233: 708, 234: 470, 235: 750, 236: 512, 237: 708, 238: 470, 261: 16, 262: 254, 263: 470, 264: 708, 265: 456, 266: 694, 267: 792, 268: 554, 269: 470, 270: 708, 271: 470, 272: 708, 273: 554, 274: 792, 275: 554, 276: 792, 277: 470, 278: 708, 281: 792, 282: 554, 283: 456, 284: 694, 285: 722, 286: 484, 287: 254, 288: 16, 289: 708, 290: 470, 291: 16, 292: 254, 293: 240, 294: 478, 295: 722, 296: 484, 299: 792, 300: 554, 301: 708, 302: 470, 303: 694, 304: 456, 305: 764, 306: 526, 307: 16, 308: 254, 309: 282, 310: 44, 311: 484, 312: 722, 313: 470, 314: 708, 321: 254, 322: 16, 323: 254, 324: 16, 325: 16, 326: 254, 327: 456, 328: 694, 329: 254, 330: 16, 339: 16, 340: 254, 341: 554, 342: 792, 343: 554, 344: 792, 345: 708, 346: 470, 347: 778, 348: 540, 349: 540, 350: 778, 351: 778, 352: 540, 355: 470, 356: 708, 357: 736, 358: 498, 359: 750, 360: 512, 361: 512, 362: 750, 363: 764, 364: 526, 365: 456, 366: 694, 367: 736, 368: 498, 369: 722, 370: 484, 371: 254, 372: 16, 375: 736, 376: 498, 377: 736, 378: 498, 383: 456, 384: 694, 387: 484, 388: 722, 397: 470, 398: 708, 401: 540, 402: 778, 405: 708, 406: 470, 435: 470, 436: 708, 439: 498, 440: 736, 449: 694, 450: 456, 471: 694, 472: 456, 475: 456, 476: 694, 477: 282, 478: 44, 481: 282, 482: 44, 491: 722, 492: 484, 493: 778, 494: 540, 495: 44, 496: 282, 517: 470, 518: 708, 519: 44, 520: 282, 525: 736, 526: 498, 533: 694, 534: 456, 535: 254, 536: 16, 547: 16, 548: 254, 555: 750, 556: 512, 557: 750, 558: 512, 559: 708, 560: 470, 561: 470, 562: 708, 563: 44, 564: 282, 565: 694, 566: 456, 573: 736, 574: 498, 575: 282, 576: 44, 577: 44, 578: 282, 579: 470, 580: 708, 581: 16, 582: 254, 583: 764, 584: 526, 585: 254, 586: 16, 587: 722, 588: 484, 589: 16, 590: 254, 591: 526, 592: 764, 593: 764, 594: 526, 595: 736, 596: 498, 597: 736, 598: 498, 599: 736, 600: 498, 601: 778, 602: 540, 603: 44, 604: 282, 605: 44, 606: 282, 607: 456, 608: 694, 613: 764, 614: 526, 615: 736, 616: 498, 617: 750, 618: 512, 619: 778, 620: 540, 621: 456, 622: 694, 623: 44, 624: 282, 625: 750, 626: 512, 629: 750, 630: 512, 631: 44, 632: 282, 633: 694, 634: 456, 635: 44, 636: 282, 637: 282, 638: 44, 639: 750, 640: 512, 641: 694, 642: 456, 643: 750, 644: 512, 645: 16, 646: 254, 651: 16, 652: 254, 653: 16, 654: 254, 661: 750, 662: 512, 663: 16, 664: 254, 665: 456, 666: 694, 667: 540, 668: 778, 671: 282, 672: 44, 713: 470, 714: 708, 715: 282, 716: 44, 717: 16, 718: 254, 719: 554, 720: 792, 721: 282, 722: 44, 723: 282, 724: 44, 725: 282, 726: 44, 727: 282, 728: 44, 733: 750, 734: 512, 741: 694, 742: 456, 743: 44, 744: 282, 745: 44, 746: 282, 747: 456, 748: 694, 757: 44, 758: 282, 759: 750, 760: 512, 763: 750, 764: 512, 765: 282, 766: 44, 767: 778, 768: 540, 769: 778, 770: 540, 771: 456, 772: 694, 773: 282, 774: 44, 783: 750, 784: 512, 785: 282, 786: 44, 787: 722, 788: 484, 789: 456, 790: 694, 791: 750, 792: 512, 793: 44, 794: 282, 795: 750, 796: 512, 797: 456, 798: 694, 799: 736, 800: 498, 801: 750, 802: 512, 815: 44, 816: 282, 817: 750, 818: 512, 825: 456, 826: 694, 827: 512, 828: 750, 829: 498, 830: 736, 835: 456, 836: 694, 837: 750, 838: 512, 867: 526, 868: 764, 875: 694, 876: 456, 877: 722, 878: 484, 879: 750, 880: 512, 881: 750, 882: 512, 893: 694, 894: 456, 903: 254, 904: 16, 911: 792, 912: 554}
Number of labels used: 22
Time taken: 0.47 seconds
Memory used: 44.92 MB
Trying to find solution with at most 21 labels...
Solution:
{13: 254, 14: 16, 15: 254, 16: 16, 23: 750, 24: 512, 49: 694, 50: 456, 51: 16, 52: 254, 53: 526, 54: 764, 67: 722, 68: 484, 69: 282, 70: 44, 79: 282, 80: 44, 81: 254, 82: 16, 83: 540, 84: 778, 85: 470, 86: 708, 103: 694, 104: 456, 105: 44, 106: 282, 117: 484, 118: 722, 119: 512, 120: 750, 127: 750, 128: 512, 129: 16, 130: 254, 143: 778, 144: 540, 145: 282, 146: 44, 151: 708, 152: 470, 153: 792, 154: 554, 155: 456, 156: 694, 157: 526, 158: 764, 179: 282, 180: 44, 181: 254, 182: 16, 183: 526, 184: 764, 191: 792, 192: 554, 193: 456, 194: 694, 205: 694, 206: 456, 209: 16, 210: 254, 211: 484, 212: 722, 213: 694, 214: 456, 215: 44, 216: 282, 217: 456, 218: 694, 233: 708, 234: 470, 235: 750, 236: 512, 237: 708, 238: 470, 261: 16, 262: 254, 263: 470, 264: 708, 265: 456, 266: 694, 267: 792, 268: 554, 269: 470, 270: 708, 271: 470, 272: 708, 273: 554, 274: 792, 275: 554, 276: 792, 277: 470, 278: 708, 281: 792, 282: 554, 283: 456, 284: 694, 285: 722, 286: 484, 287: 254, 288: 16, 289: 708, 290: 470, 291: 16, 292: 254, 293: 240, 294: 478, 295: 778, 296: 540, 299: 792, 300: 554, 301: 708, 302: 470, 303: 694, 304: 456, 305: 764, 306: 526, 307: 16, 308: 254, 309: 282, 310: 44, 311: 512, 312: 750, 313: 512, 314: 750, 321: 254, 322: 16, 323: 254, 324: 16, 325: 16, 326: 254, 327: 456, 328: 694, 329: 254, 330: 16, 339: 16, 340: 254, 341: 554, 342: 792, 343: 554, 344: 792, 345: 708, 346: 470, 347: 778, 348: 540, 349: 540, 350: 778, 351: 778, 352: 540, 355: 470, 356: 708, 357: 764, 358: 526, 359: 750, 360: 512, 361: 512, 362: 750, 363: 764, 364: 526, 365: 456, 366: 694, 367: 722, 368: 484, 369: 778, 370: 540, 371: 254, 372: 16, 375: 282, 376: 44, 377: 44, 378: 282, 383: 456, 384: 694, 387: 484, 388: 722, 397: 470, 398: 708, 401: 540, 402: 778, 405: 722, 406: 484, 435: 470, 436: 708, 439: 554, 440: 792, 449: 694, 450: 456, 471: 694, 472: 456, 475: 456, 476: 694, 477: 470, 478: 708, 481: 282, 482: 44, 491: 722, 492: 484, 493: 778, 494: 540, 495: 44, 496: 282, 517: 470, 518: 708, 519: 44, 520: 282, 525: 722, 526: 484, 533: 694, 534: 456, 535: 254, 536: 16, 547: 16, 548: 254, 555: 750, 556: 512, 557: 750, 558: 512, 559: 708, 560: 470, 561: 470, 562: 708, 563: 44, 564: 282, 565: 694, 566: 456, 573: 750, 574: 512, 575: 456, 576: 694, 577: 44, 578: 282, 579: 470, 580: 708, 581: 16, 582: 254, 583: 764, 584: 526, 585: 254, 586: 16, 587: 722, 588: 484, 589: 16, 590: 254, 591: 526, 592: 764, 593: 764, 594: 526, 595: 722, 596: 484, 597: 708, 598: 470, 599: 722, 600: 484, 601: 778, 602: 540, 603: 44, 604: 282, 605: 44, 606: 282, 607: 456, 608: 694, 613: 764, 614: 526, 615: 722, 616: 484, 617: 750, 618: 512, 619: 778, 620: 540, 621: 456, 622: 694, 623: 44, 624: 282, 625: 750, 626: 512, 629: 750, 630: 512, 631: 44, 632: 282, 633: 694, 634: 456, 635: 44, 636: 282, 637: 282, 638: 44, 639: 750, 640: 512, 641: 282, 642: 44, 643: 722, 644: 484, 645: 16, 646: 254, 651: 16, 652: 254, 653: 778, 654: 540, 661: 750, 662: 512, 663: 16, 664: 254, 665: 456, 666: 694, 667: 540, 668: 778, 671: 282, 672: 44, 713: 470, 714: 708, 715: 254, 716: 16, 717: 16, 718: 254, 719: 554, 720: 792, 721: 282, 722: 44, 723: 282, 724: 44, 725: 282, 726: 44, 727: 282, 728: 44, 733: 750, 734: 512, 741: 694, 742: 456, 743: 44, 744: 282, 745: 44, 746: 282, 747: 456, 748: 694, 757: 44, 758: 282, 759: 778, 760: 540, 763: 750, 764: 512, 765: 282, 766: 44, 767: 778, 768: 540, 769: 778, 770: 540, 771: 456, 772: 694, 773: 282, 774: 44, 783: 750, 784: 512, 785: 282, 786: 44, 787: 722, 788: 484, 789: 456, 790: 694, 791: 750, 792: 512, 793: 44, 794: 282, 795: 750, 796: 512, 797: 456, 798: 694, 799: 722, 800: 484, 801: 750, 802: 512, 815: 44, 816: 282, 817: 750, 818: 512, 825: 456, 826: 694, 827: 512, 828: 750, 829: 16, 830: 254, 835: 456, 836: 694, 837: 750, 838: 512, 867: 526, 868: 764, 875: 694, 876: 456, 877: 722, 878: 484, 879: 750, 880: 512, 881: 750, 882: 512, 893: 694, 894: 456, 903: 254, 904: 16, 911: 778, 912: 540}
Number of labels used: 20
Time taken: 0.48 seconds
Memory used: 45.42 MB
Trying to find solution with at most 19 labels...
Solution:
{13: 282, 14: 44, 15: 282, 16: 44, 23: 722, 24: 484, 49: 512, 50: 750, 51: 554, 52: 792, 53: 484, 54: 722, 67: 722, 68: 484, 69: 44, 70: 282, 79: 282, 80: 44, 81: 324, 82: 86, 83: 554, 84: 792, 85: 470, 86: 708, 103: 694, 104: 456, 105: 44, 106: 282, 117: 554, 118: 792, 119: 484, 120: 722, 127: 708, 128: 470, 129: 44, 130: 282, 143: 470, 144: 708, 145: 282, 146: 44, 151: 708, 152: 470, 153: 792, 154: 554, 155: 282, 156: 44, 157: 470, 158: 708, 179: 324, 180: 86, 181: 86, 182: 324, 183: 30, 184: 268, 191: 792, 192: 554, 193: 456, 194: 694, 205: 792, 206: 554, 209: 456, 210: 694, 211: 282, 212: 44, 213: 86, 214: 324, 215: 324, 216: 86, 217: 512, 218: 750, 233: 694, 234: 456, 235: 750, 236: 512, 237: 722, 238: 484, 261: 324, 262: 86, 263: 470, 264: 708, 265: 456, 266: 694, 267: 792, 268: 554, 269: 484, 270: 722, 271: 484, 272: 722, 273: 554, 274: 792, 275: 554, 276: 792, 277: 484, 278: 722, 281: 792, 282: 554, 283: 456, 284: 694, 285: 694, 286: 456, 287: 470, 288: 708, 289: 708, 290: 470, 291: 44, 292: 282, 293: 240, 294: 478, 295: 792, 296: 554, 299: 30, 300: 268, 301: 750, 302: 512, 303: 708, 304: 470, 305: 792, 306: 554, 307: 694, 308: 456, 309: 44, 310: 282, 311: 512, 312: 750, 313: 512, 314: 750, 321: 282, 322: 44, 323: 708, 324: 470, 325: 484, 326: 722, 327: 554, 328: 792, 329: 456, 330: 694, 339: 554, 340: 792, 341: 554, 342: 792, 343: 554, 344: 792, 345: 722, 346: 484, 347: 86, 348: 324, 349: 282, 350: 44, 351: 722, 352: 484, 355: 470, 356: 708, 357: 722, 358: 484, 359: 750, 360: 512, 361: 512, 362: 750, 363: 44, 364: 282, 365: 456, 366: 694, 367: 722, 368: 484, 369: 750, 370: 512, 371: 86, 372: 324, 375: 30, 376: 268, 377: 694, 378: 456, 383: 456, 384: 694, 387: 484, 388: 722, 397: 470, 398: 708, 401: 512, 402: 750, 405: 722, 406: 484, 435: 470, 436: 708, 439: 722, 440: 484, 449: 282, 450: 44, 471: 694, 472: 456, 475: 456, 476: 694, 477: 470, 478: 708, 481: 282, 482: 44, 491: 708, 492: 470, 493: 750, 494: 512, 495: 282, 496: 44, 517: 484, 518: 722, 519: 44, 520: 282, 525: 722, 526: 484, 533: 694, 534: 456, 535: 44, 536: 282, 547: 44, 548: 282, 555: 750, 556: 512, 557: 750, 558: 512, 559: 708, 560: 470, 561: 456, 562: 694, 563: 44, 564: 282, 565: 694, 566: 456, 573: 750, 574: 512, 575: 456, 576: 694, 577: 324, 578: 86, 579: 470, 580: 708, 581: 456, 582: 694, 583: 694, 584: 456, 585: 324, 586: 86, 587: 722, 588: 484, 589: 484, 590: 722, 591: 470, 592: 708, 593: 722, 594: 484, 595: 44, 596: 282, 597: 708, 598: 470, 599: 722, 600: 484, 601: 484, 602: 722, 603: 44, 604: 282, 605: 44, 606: 282, 607: 44, 608: 282, 613: 722, 614: 484, 615: 722, 616: 484, 617: 750, 618: 512, 619: 750, 620: 512, 621: 484, 622: 722, 623: 44, 624: 282, 625: 750, 626: 512, 629: 750, 630: 512, 631: 44, 632: 282, 633: 86, 634: 324, 635: 44, 636: 282, 637: 282, 638: 44, 639: 750, 640: 512, 641: 282, 642: 44, 643: 722, 644: 484, 645: 44, 646: 282, 651: 324, 652: 86, 653: 282, 654: 44, 661: 750, 662: 512, 663: 722, 664: 484, 665: 456, 666: 694, 667: 470, 668: 708, 671: 44, 672: 282, 713: 484, 714: 722, 715: 694, 716: 456, 717: 30, 718: 268, 719: 554, 720: 792, 721: 282, 722: 44, 723: 282, 724: 44, 725: 792, 726: 554, 727: 792, 728: 554, 733: 750, 734: 512, 741: 792, 742: 554, 743: 44, 744: 282, 745: 44, 746: 282, 747: 456, 748: 694, 757: 44, 758: 282, 759: 512, 760: 750, 763: 750, 764: 512, 765: 282, 766: 44, 767: 792, 768: 554, 769: 456, 770: 694, 771: 456, 772: 694, 773: 282, 774: 44, 783: 750, 784: 512, 785: 282, 786: 44, 787: 722, 788: 484, 789: 456, 790: 694, 791: 750, 792: 512, 793: 44, 794: 282, 795: 750, 796: 512, 797: 456, 798: 694, 799: 722, 800: 484, 801: 750, 802: 512, 815: 44, 816: 282, 817: 722, 818: 484, 825: 456, 826: 694, 827: 750, 828: 512, 829: 86, 830: 324, 835: 456, 836: 694, 837: 750, 838: 512, 867: 456, 868: 694, 875: 694, 876: 456, 877: 722, 878: 484, 879: 750, 880: 512, 881: 750, 882: 512, 893: 44, 894: 282, 903: 282, 904: 44, 911: 456, 912: 694}
Number of labels used: 18
Time taken: 0.49 seconds
Memory used: 45.67 MB
Trying to find solution with at most 17 labels...
Solution:
{13: 156, 14: 394, 15: 736, 16: 498, 23: 44, 24: 282, 49: 498, 50: 736, 51: 30, 52: 268, 53: 428, 54: 666, 67: 156, 68: 394, 69: 44, 70: 282, 79: 282, 80: 44, 81: 254, 82: 16, 83: 540, 84: 778, 85: 428, 86: 666, 103: 156, 104: 394, 105: 44, 106: 282, 117: 394, 118: 156, 119: 282, 120: 44, 127: 666, 128: 428, 129: 30, 130: 268, 143: 428, 144: 666, 145: 282, 146: 44, 151: 156, 152: 394, 153: 498, 154: 736, 155: 282, 156: 44, 157: 428, 158: 666, 179: 16, 180: 254, 181: 254, 182: 16, 183: 268, 184: 30, 191: 254, 192: 16, 193: 428, 194: 666, 205: 254, 206: 16, 209: 540, 210: 778, 211: 44, 212: 282, 213: 254, 214: 16, 215: 16, 216: 254, 217: 778, 218: 540, 233: 778, 234: 540, 235: 30, 236: 268, 237: 736, 238: 498, 261: 282, 262: 44, 263: 156, 264: 394, 265: 428, 266: 666, 267: 778, 268: 540, 269: 16, 270: 254, 271: 16, 272: 254, 273: 540, 274: 778, 275: 540, 276: 778, 277: 394, 278: 156, 281: 778, 282: 540, 283: 268, 284: 30, 285: 666, 286: 428, 287: 778, 288: 540, 289: 666, 290: 428, 291: 44, 292: 282, 293: 170, 294: 408, 295: 666, 296: 428, 299: 428, 300: 666, 301: 268, 302: 30, 303: 778, 304: 540, 305: 282, 306: 44, 307: 666, 308: 428, 309: 268, 310: 30, 311: 394, 312: 156, 313: 394, 314: 156, 321: 156, 322: 394, 323: 736, 324: 498, 325: 540, 326: 778, 327: 666, 328: 428, 329: 778, 330: 540, 339: 394, 340: 156, 341: 540, 342: 778, 343: 540, 344: 778, 345: 736, 346: 498, 347: 30, 348: 268, 349: 282, 350: 44, 351: 44, 352: 282, 355: 498, 356: 736, 357: 666, 358: 428, 359: 30, 360: 268, 361: 778, 362: 540, 363: 44, 364: 282, 365: 540, 366: 778, 367: 428, 368: 666, 369: 540, 370: 778, 371: 394, 372: 156, 375: 268, 376: 30, 377: 666, 378: 428, 383: 428, 384: 666, 387: 498, 388: 736, 397: 428, 398: 666, 401: 428, 402: 666, 405: 498, 406: 736, 435: 268, 436: 30, 439: 666, 440: 428, 449: 540, 450: 778, 471: 666, 472: 428, 475: 666, 476: 428, 477: 282, 478: 44, 481: 282, 482: 44, 491: 736, 492: 498, 493: 778, 494: 540, 495: 282, 496: 44, 517: 428, 518: 666, 519: 44, 520: 282, 525: 666, 526: 428, 533: 30, 534: 268, 535: 44, 536: 282, 547: 44, 548: 282, 555: 666, 556: 428, 557: 44, 558: 282, 559: 268, 560: 30, 561: 540, 562: 778, 563: 736, 564: 498, 565: 736, 566: 498, 573: 736, 574: 498, 575: 44, 576: 282, 577: 254, 578: 16, 579: 428, 580: 666, 581: 428, 582: 666, 583: 736, 584: 498, 585: 268, 586: 30, 587: 666, 588: 428, 589: 428, 590: 666, 591: 268, 592: 30, 593: 736, 594: 498, 595: 44, 596: 282, 597: 666, 598: 428, 599: 666, 600: 428, 601: 428, 602: 666, 603: 44, 604: 282, 605: 44, 606: 282, 607: 44, 608: 282, 613: 30, 614: 268, 615: 778, 616: 540, 617: 736, 618: 498, 619: 666, 620: 428, 621: 498, 622: 736, 623: 44, 624: 282, 625: 30, 626: 268, 629: 736, 630: 498, 631: 44, 632: 282, 633: 666, 634: 428, 635: 44, 636: 282, 637: 282, 638: 44, 639: 736, 640: 498, 641: 268, 642: 30, 643: 540, 644: 778, 645: 44, 646: 282, 651: 778, 652: 540, 653: 282, 654: 44, 661: 778, 662: 540, 663: 736, 664: 498, 665: 540, 666: 778, 667: 428, 668: 666, 671: 254, 672: 16, 713: 394, 714: 156, 715: 282, 716: 44, 717: 30, 718: 268, 719: 540, 720: 778, 721: 282, 722: 44, 723: 282, 724: 44, 725: 540, 726: 778, 727: 156, 728: 394, 733: 778, 734: 540, 741: 156, 742: 394, 743: 30, 744: 268, 745: 44, 746: 282, 747: 282, 748: 44, 757: 44, 758: 282, 759: 778, 760: 540, 763: 736, 764: 498, 765: 156, 766: 394, 767: 16, 768: 254, 769: 428, 770: 666, 771: 394, 772: 156, 773: 282, 774: 44, 783: 778, 784: 540, 785: 156, 786: 394, 787: 736, 788: 498, 789: 540, 790: 778, 791: 736, 792: 498, 793: 44, 794: 282, 795: 736, 796: 498, 797: 428, 798: 666, 799: 736, 800: 498, 801: 666, 802: 428, 815: 44, 816: 282, 817: 498, 818: 736, 825: 778, 826: 540, 827: 282, 828: 44, 829: 254, 830: 16, 835: 428, 836: 666, 837: 736, 838: 498, 867: 428, 868: 666, 875: 736, 876: 498, 877: 778, 878: 540, 879: 778, 880: 540, 881: 736, 882: 498, 893: 282, 894: 44, 903: 282, 904: 44, 911: 498, 912: 736}
Number of labels used: 16
Time taken: 0.53 seconds
Memory used: 45.92 MB
Trying to find solution with at most 15 labels...
Solution:
{13: 100, 14: 338, 15: 100, 16: 338, 23: 128, 24: 366, 49: 750, 50: 512, 51: 156, 52: 394, 53: 778, 54: 540, 67: 394, 68: 156, 69: 30, 70: 268, 79: 338, 80: 100, 81: 394, 82: 156, 83: 380, 84: 142, 85: 540, 86: 778, 103: 750, 104: 512, 105: 394, 106: 156, 117: 540, 118: 778, 119: 156, 120: 394, 127: 394, 128: 156, 129: 540, 130: 778, 143: 366, 144: 128, 145: 750, 146: 512, 151: 778, 152: 540, 153: 380, 154: 142, 155: 100, 156: 338, 157: 512, 158: 750, 179: 338, 180: 100, 181: 30, 182: 268, 183: 128, 184: 366, 191: 540, 192: 778, 193: 338, 194: 100, 205: 128, 206: 366, 209: 394, 210: 156, 211: 512, 212: 750, 213: 100, 214: 338, 215: 100, 216: 338, 217: 750, 218: 512, 233: 268, 234: 30, 235: 100, 236: 338, 237: 268, 238: 30, 261: 268, 262: 30, 263: 142, 264: 380, 265: 30, 266: 268, 267: 778, 268: 540, 269: 394, 270: 156, 271: 394, 272: 156, 273: 540, 274: 778, 275: 540, 276: 778, 277: 338, 278: 100, 281: 778, 282: 540, 283: 268, 284: 30, 285: 142, 286: 380, 287: 778, 288: 540, 289: 142, 290: 380, 291: 30, 292: 268, 293: 380, 294: 142, 295: 394, 296: 156, 299: 142, 300: 380, 301: 778, 302: 540, 303: 750, 304: 512, 305: 156, 306: 394, 307: 540, 308: 778, 309: 100, 310: 338, 311: 156, 312: 394, 313: 156, 314: 394, 321: 30, 322: 268, 323: 30, 324: 268, 325: 156, 326: 394, 327: 540, 328: 778, 329: 778, 330: 540, 339: 540, 340: 778, 341: 540, 342: 778, 343: 540, 344: 778, 345: 268, 346: 30, 347: 366, 348: 128, 349: 338, 350: 100, 351: 268, 352: 30, 355: 512, 356: 750, 357: 100, 358: 338, 359: 128, 360: 366, 361: 778, 362: 540, 363: 142, 364: 380, 365: 268, 366: 30, 367: 778, 368: 540, 369: 380, 370: 142, 371: 394, 372: 156, 375: 268, 376: 30, 377: 338, 378: 100, 383: 338, 384: 100, 387: 540, 388: 778, 397: 156, 398: 394, 401: 30, 402: 268, 405: 778, 406: 540, 435: 778, 436: 540, 439: 512, 440: 750, 449: 380, 450: 142, 471: 778, 472: 540, 475: 750, 476: 512, 477: 512, 478: 750, 481: 268, 482: 30, 491: 512, 492: 750, 493: 142, 494: 380, 495: 268, 496: 30, 517: 30, 518: 268, 519: 30, 520: 268, 525: 512, 526: 750, 533: 268, 534: 30, 535: 394, 536: 156, 547: 394, 548: 156, 555: 142, 556: 380, 557: 128, 558: 366, 559: 142, 560: 380, 561: 380, 562: 142, 563: 100, 564: 338, 565: 540, 566: 778, 573: 540, 574: 778, 575: 128, 576: 366, 577: 394, 578: 156, 579: 750, 580: 512, 581: 750, 582: 512, 583: 128, 584: 366, 585: 268, 586: 30, 587: 512, 588: 750, 589: 30, 590: 268, 591: 366, 592: 128, 593: 750, 594: 512, 595: 128, 596: 366, 597: 100, 598: 338, 599: 750, 600: 512, 601: 750, 602: 512, 603: 338, 604: 100, 605: 30, 606: 268, 607: 512, 608: 750, 613: 750, 614: 512, 615: 512, 616: 750, 617: 100, 618: 338, 619: 268, 620: 30, 621: 778, 622: 540, 623: 100, 624: 338, 625: 30, 626: 268, 629: 750, 630: 512, 631: 100, 632: 338, 633: 338, 634: 100, 635: 30, 636: 268, 637: 394, 638: 156, 639: 540, 640: 778, 641: 750, 642: 512, 643: 338, 644: 100, 645: 100, 646: 338, 651: 142, 652: 380, 653: 268, 654: 30, 661: 778, 662: 540, 663: 156, 664: 394, 665: 540, 666: 778, 667: 30, 668: 268, 671: 30, 672: 268, 713: 394, 714: 156, 715: 30, 716: 268, 717: 30, 718: 268, 719: 540, 720: 778, 721: 750, 722: 512, 723: 750, 724: 512, 725: 778, 726: 540, 727: 778, 728: 540, 733: 268, 734: 30, 741: 394, 742: 156, 743: 100, 744: 338, 745: 100, 746: 338, 747: 30, 748: 268, 757: 30, 758: 268, 759: 778, 760: 540, 763: 750, 764: 512, 765: 100, 766: 338, 767: 156, 768: 394, 769: 540, 770: 778, 771: 512, 772: 750, 773: 338, 774: 100, 783: 338, 784: 100, 785: 268, 786: 30, 787: 100, 788: 338, 789: 540, 790: 778, 791: 750, 792: 512, 793: 100, 794: 338, 795: 512, 796: 750, 797: 778, 798: 540, 799: 338, 800: 100, 801: 512, 802: 750, 815: 100, 816: 338, 817: 540, 818: 778, 825: 512, 826: 750, 827: 156, 828: 394, 829: 268, 830: 30, 835: 778, 836: 540, 837: 512, 838: 750, 867: 778, 868: 540, 875: 128, 876: 366, 877: 142, 878: 380, 879: 512, 880: 750, 881: 268, 882: 30, 893: 268, 894: 30, 903: 338, 904: 100, 911: 30, 912: 268}
Number of labels used: 14
Time taken: 0.74 seconds
Memory used: 46.54 MB
Trying to find solution with at most 13 labels...
[runlim] sample:		10.2 time, 11.8 real, 70.1 MB
[runlim] sample:		20.5 time, 21.8 real, 79.9 MB
[runlim] sample:		30.8 time, 31.8 real, 79.9 MB
[runlim] sample:		41.0 time, 42.7 real, 79.9 MB
[runlim] sample:		51.3 time, 52.7 real, 79.9 MB
[runlim] sample:		61.5 time, 62.7 real, 79.9 MB
[runlim] sample:		71.8 time, 73.5 real, 79.9 MB
[runlim] sample:		82.1 time, 83.5 real, 81.2 MB
[runlim] sample:		92.4 time, 93.5 real, 88.5 MB
[runlim] sample:		102.7 time, 104.5 real, 88.8 MB
[runlim] sample:		112.8 time, 114.5 real, 89.3 MB
[runlim] sample:		123.2 time, 124.5 real, 89.8 MB
[runlim] sample:		133.4 time, 134.5 real, 90.7 MB
[runlim] sample:		143.6 time, 145.3 real, 91.3 MB
[runlim] sample:		154.0 time, 155.3 real, 92.3 MB
[runlim] sample:		164.3 time, 165.3 real, 93.1 MB
[runlim] sample:		174.4 time, 176.2 real, 93.3 MB
[runlim] sample:		184.8 time, 186.2 real, 94.3 MB
[runlim] sample:		195.2 time, 196.2 real, 96.6 MB
[runlim] sample:		205.3 time, 207.2 real, 97.0 MB
[runlim] sample:		215.7 time, 217.2 real, 97.6 MB
[runlim] sample:		226.1 time, 227.2 real, 97.6 MB
[runlim] sample:		236.3 time, 238.2 real, 98.2 MB
[runlim] sample:		246.5 time, 248.2 real, 99.3 MB
[runlim] sample:		257.1 time, 258.2 real, 99.3 MB
[runlim] sample:		267.3 time, 268.2 real, 99.8 MB
[runlim] sample:		277.4 time, 279.2 real, 102.1 MB
[runlim] sample:		288.0 time, 289.2 real, 102.1 MB
[runlim] sample:		298.3 time, 299.2 real, 102.5 MB
[runlim] sample:		308.4 time, 310.2 real, 102.7 MB
[runlim] sample:		318.8 time, 320.2 real, 103.5 MB
[runlim] sample:		329.2 time, 330.2 real, 105.4 MB
[runlim] sample:		339.3 time, 341.1 real, 114.3 MB
[runlim] sample:		349.7 time, 351.1 real, 115.2 MB
[runlim] sample:		360.1 time, 361.1 real, 145.3 MB
[runlim] sample:		370.2 time, 372.1 real, 115.2 MB
[runlim] sample:		380.6 time, 382.1 real, 146.1 MB
[runlim] sample:		391.0 time, 392.1 real, 115.3 MB
[runlim] sample:		401.2 time, 402.1 real, 145.8 MB
[runlim] sample:		411.5 time, 413.1 real, 115.2 MB
[runlim] sample:		422.0 time, 423.1 real, 147.5 MB
[runlim] sample:		432.2 time, 433.1 real, 115.2 MB
[runlim] sample:		442.4 time, 444.1 real, 147.7 MB
[runlim] sample:		452.8 time, 454.1 real, 115.2 MB
[runlim] sample:		463.1 time, 464.1 real, 145.5 MB
[runlim] sample:		473.2 time, 475.0 real, 115.2 MB
[runlim] sample:		483.7 time, 485.0 real, 115.2 MB
[runlim] sample:		494.0 time, 495.0 real, 149.6 MB
[runlim] sample:		504.2 time, 506.0 real, 115.3 MB
[runlim] sample:		514.6 time, 516.0 real, 146.2 MB
[runlim] sample:		524.9 time, 526.0 real, 115.3 MB
[runlim] sample:		535.0 time, 536.9 real, 115.3 MB
[runlim] sample:		545.4 time, 546.9 real, 149.0 MB
[runlim] sample:		555.8 time, 556.9 real, 115.3 MB
[runlim] sample:		566.0 time, 566.9 real, 145.0 MB
[runlim] sample:		576.3 time, 577.9 real, 151.5 MB
[runlim] sample:		586.6 time, 587.9 real, 115.3 MB
[runlim] sample:		596.9 time, 597.9 real, 147.1 MB
[runlim] end:			Sat Dec 27 22:03:48 2025
[runlim] status:		out of time
[runlim] result:		2
[runlim] children:		0
[runlim] real:			600.09 seconds
[runlim] time:			599.10 seconds
[runlim] space:			151.9 MB
[runlim] samples:		5822
