[runlim] version:		1.10
[runlim] time limit:		311040000 seconds
[runlim] real time limit:	600 seconds
[runlim] space limit:		8000 MB
[runlim] argv[0]:		python3
[runlim] argv[1]:		-u
[runlim] argv[2]:		totalizer.py
[runlim] argv[3]:		scen02
[runlim] start:			Sat Dec 27 21:53:13 2025
[runlim] main pid:		14899
Solve first problem:
Solution:
{13: 268, 14: 30, 15: 268, 16: 30, 53: 268, 54: 30, 79: 254, 80: 16, 81: 268, 82: 30, 83: 680, 84: 442, 85: 352, 86: 114, 127: 352, 128: 114, 129: 254, 130: 16, 143: 254, 144: 16, 145: 254, 146: 16, 205: 254, 206: 16, 233: 666, 234: 428, 235: 338, 236: 100, 237: 352, 238: 114, 261: 254, 262: 16, 263: 352, 264: 114, 265: 338, 266: 100, 267: 254, 268: 16, 269: 352, 270: 114, 271: 352, 272: 114, 273: 44, 274: 282, 275: 44, 276: 282, 277: 352, 278: 114, 281: 268, 282: 30, 283: 282, 284: 44, 289: 254, 290: 16, 291: 324, 292: 86, 303: 666, 304: 428, 305: 338, 306: 100, 321: 156, 322: 394, 323: 254, 324: 16, 325: 666, 326: 428, 327: 338, 328: 100, 329: 254, 330: 16, 341: 30, 342: 268, 343: 30, 344: 268, 349: 338, 350: 100, 351: 30, 352: 268, 435: 296, 436: 58, 475: 282, 476: 44, 481: 268, 482: 30, 517: 268, 518: 30, 519: 338, 520: 100, 555: 128, 556: 366, 557: 666, 558: 428, 559: 58, 560: 296, 561: 366, 562: 128, 565: 100, 566: 338, 577: 324, 578: 86, 579: 352, 580: 114, 583: 666, 584: 428, 585: 324, 586: 86, 587: 254, 588: 16, 589: 366, 590: 128, 591: 352, 592: 114, 593: 114, 594: 352, 595: 296, 596: 58, 597: 268, 598: 30, 599: 142, 600: 380, 601: 282, 602: 44, 603: 268, 604: 30, 605: 268, 606: 30, 607: 338, 608: 100, 613: 100, 614: 338, 615: 282, 616: 44, 617: 268, 618: 30, 621: 338, 622: 100, 625: 268, 626: 30, 629: 282, 630: 44, 631: 268, 632: 30, 633: 282, 634: 44, 635: 268, 636: 30, 645: 296, 646: 58, 651: 254, 652: 16, 661: 254, 662: 16, 663: 394, 664: 156, 665: 366, 666: 128, 667: 254, 668: 16, 713: 352, 714: 114, 717: 44, 718: 282, 719: 394, 720: 156, 721: 324, 722: 86, 723: 254, 724: 16, 743: 44, 744: 282, 745: 268, 746: 30, 747: 324, 748: 86, 763: 268, 764: 30, 765: 254, 766: 16, 767: 296, 768: 58, 785: 254, 786: 16, 787: 268, 788: 30, 789: 338, 790: 100, 791: 268, 792: 30, 793: 338, 794: 100, 795: 268, 796: 30, 797: 352, 798: 114, 799: 282, 800: 44, 801: 268, 802: 30, 879: 268, 880: 30}
Correct solution!
Number of labels used:  24
Time taken: 0.20 seconds
Memory used: 31.05 MB
Trying to find solution with at most 47 labels...
Solution:
{13: 736, 14: 498, 15: 736, 16: 498, 53: 652, 54: 414, 79: 394, 80: 156, 81: 16, 82: 254, 83: 498, 84: 736, 85: 394, 86: 156, 127: 652, 128: 414, 129: 778, 130: 540, 143: 722, 144: 484, 145: 722, 146: 484, 205: 394, 206: 156, 233: 498, 234: 736, 235: 512, 236: 750, 237: 736, 238: 498, 261: 652, 262: 414, 263: 156, 264: 394, 265: 414, 266: 652, 267: 750, 268: 512, 269: 554, 270: 792, 271: 554, 272: 792, 273: 652, 274: 414, 275: 652, 276: 414, 277: 156, 278: 394, 281: 652, 282: 414, 283: 652, 284: 414, 289: 708, 290: 470, 291: 156, 292: 394, 303: 722, 304: 484, 305: 394, 306: 156, 321: 708, 322: 470, 323: 792, 324: 554, 325: 16, 326: 254, 327: 652, 328: 414, 329: 394, 330: 156, 341: 470, 342: 708, 343: 470, 344: 708, 349: 764, 350: 526, 351: 498, 352: 736, 435: 512, 436: 750, 475: 526, 476: 764, 481: 540, 482: 778, 517: 540, 518: 778, 519: 498, 520: 736, 555: 778, 556: 540, 557: 778, 558: 540, 559: 484, 560: 722, 561: 722, 562: 484, 565: 498, 566: 736, 577: 16, 578: 254, 579: 414, 580: 652, 583: 470, 584: 708, 585: 254, 586: 16, 587: 414, 588: 652, 589: 394, 590: 156, 591: 750, 592: 512, 593: 736, 594: 498, 595: 750, 596: 512, 597: 750, 598: 512, 599: 764, 600: 526, 601: 764, 602: 526, 603: 764, 604: 526, 605: 778, 606: 540, 607: 498, 608: 736, 613: 764, 614: 526, 615: 750, 616: 512, 617: 764, 618: 526, 621: 778, 622: 540, 625: 498, 626: 736, 629: 470, 630: 708, 631: 484, 632: 722, 633: 764, 634: 526, 635: 778, 636: 540, 645: 394, 646: 156, 651: 16, 652: 254, 661: 750, 662: 512, 663: 16, 664: 254, 665: 484, 666: 722, 667: 16, 668: 254, 713: 156, 714: 394, 717: 652, 718: 414, 719: 16, 720: 254, 721: 792, 722: 554, 723: 722, 724: 484, 743: 470, 744: 708, 745: 470, 746: 708, 747: 540, 748: 778, 763: 764, 764: 526, 765: 708, 766: 470, 767: 394, 768: 156, 785: 414, 786: 652, 787: 750, 788: 512, 789: 540, 790: 778, 791: 470, 792: 708, 793: 722, 794: 484, 795: 498, 796: 736, 797: 708, 798: 470, 799: 778, 800: 540, 801: 470, 802: 708, 879: 764, 880: 526}
Number of labels used: 20
Time taken: 0.22 seconds
Memory used: 31.93 MB
Trying to find solution with at most 19 labels...
Solution:
{13: 708, 14: 470, 15: 750, 16: 512, 53: 652, 54: 414, 79: 394, 80: 156, 81: 16, 82: 254, 83: 484, 84: 722, 85: 394, 86: 156, 127: 652, 128: 414, 129: 778, 130: 540, 143: 722, 144: 484, 145: 722, 146: 484, 205: 394, 206: 156, 233: 540, 234: 778, 235: 512, 236: 750, 237: 708, 238: 470, 261: 652, 262: 414, 263: 156, 264: 394, 265: 414, 266: 652, 267: 778, 268: 540, 269: 554, 270: 792, 271: 554, 272: 792, 273: 652, 274: 414, 275: 652, 276: 414, 277: 156, 278: 394, 281: 652, 282: 414, 283: 652, 284: 414, 289: 708, 290: 470, 291: 156, 292: 394, 303: 722, 304: 484, 305: 394, 306: 156, 321: 708, 322: 470, 323: 792, 324: 554, 325: 16, 326: 254, 327: 652, 328: 414, 329: 394, 330: 156, 341: 470, 342: 708, 343: 470, 344: 708, 349: 764, 350: 526, 351: 484, 352: 722, 435: 512, 436: 750, 475: 526, 476: 764, 481: 540, 482: 778, 517: 540, 518: 778, 519: 540, 520: 778, 555: 778, 556: 540, 557: 778, 558: 540, 559: 512, 560: 750, 561: 722, 562: 484, 565: 484, 566: 722, 577: 16, 578: 254, 579: 156, 580: 394, 583: 470, 584: 708, 585: 254, 586: 16, 587: 414, 588: 652, 589: 394, 590: 156, 591: 750, 592: 512, 593: 708, 594: 470, 595: 750, 596: 512, 597: 764, 598: 526, 599: 764, 600: 526, 601: 764, 602: 526, 603: 764, 604: 526, 605: 778, 606: 540, 607: 526, 608: 764, 613: 750, 614: 512, 615: 750, 616: 512, 617: 764, 618: 526, 621: 764, 622: 526, 625: 470, 626: 708, 629: 470, 630: 708, 631: 484, 632: 722, 633: 764, 634: 526, 635: 778, 636: 540, 645: 394, 646: 156, 651: 16, 652: 254, 661: 750, 662: 512, 663: 16, 664: 254, 665: 484, 666: 722, 667: 16, 668: 254, 713: 156, 714: 394, 717: 652, 718: 414, 719: 16, 720: 254, 721: 792, 722: 554, 723: 722, 724: 484, 743: 470, 744: 708, 745: 470, 746: 708, 747: 540, 748: 778, 763: 764, 764: 526, 765: 708, 766: 470, 767: 394, 768: 156, 785: 792, 786: 554, 787: 750, 788: 512, 789: 540, 790: 778, 791: 470, 792: 708, 793: 722, 794: 484, 795: 526, 796: 764, 797: 708, 798: 470, 799: 778, 800: 540, 801: 470, 802: 708, 879: 764, 880: 526}
Number of labels used: 18
Time taken: 0.22 seconds
Memory used: 32.68 MB
Trying to find solution with at most 17 labels...
Solution:
{13: 708, 14: 470, 15: 750, 16: 512, 53: 652, 54: 414, 79: 708, 80: 470, 81: 16, 82: 254, 83: 484, 84: 722, 85: 414, 86: 652, 127: 652, 128: 414, 129: 778, 130: 540, 143: 470, 144: 708, 145: 470, 146: 708, 205: 16, 206: 254, 233: 512, 234: 750, 235: 526, 236: 764, 237: 708, 238: 470, 261: 652, 262: 414, 263: 254, 264: 16, 265: 414, 266: 652, 267: 778, 268: 540, 269: 554, 270: 792, 271: 554, 272: 792, 273: 652, 274: 414, 275: 652, 276: 414, 277: 554, 278: 792, 281: 526, 282: 764, 283: 414, 284: 652, 289: 722, 290: 484, 291: 414, 292: 652, 303: 722, 304: 484, 305: 652, 306: 414, 321: 708, 322: 470, 323: 778, 324: 540, 325: 414, 326: 652, 327: 778, 328: 540, 329: 16, 330: 254, 341: 722, 342: 484, 343: 722, 344: 484, 349: 764, 350: 526, 351: 484, 352: 722, 435: 512, 436: 750, 475: 526, 476: 764, 481: 540, 482: 778, 517: 540, 518: 778, 519: 540, 520: 778, 555: 778, 556: 540, 557: 722, 558: 484, 559: 512, 560: 750, 561: 708, 562: 470, 565: 484, 566: 722, 577: 16, 578: 254, 579: 254, 580: 16, 583: 470, 584: 708, 585: 254, 586: 16, 587: 414, 588: 652, 589: 254, 590: 16, 591: 778, 592: 540, 593: 708, 594: 470, 595: 750, 596: 512, 597: 764, 598: 526, 599: 764, 600: 526, 601: 764, 602: 526, 603: 764, 604: 526, 605: 778, 606: 540, 607: 526, 608: 764, 613: 750, 614: 512, 615: 750, 616: 512, 617: 764, 618: 526, 621: 764, 622: 526, 625: 470, 626: 708, 629: 470, 630: 708, 631: 526, 632: 764, 633: 764, 634: 526, 635: 778, 636: 540, 645: 254, 646: 16, 651: 16, 652: 254, 661: 750, 662: 512, 663: 16, 664: 254, 665: 16, 666: 254, 667: 16, 668: 254, 713: 554, 714: 792, 717: 652, 718: 414, 719: 16, 720: 254, 721: 540, 722: 778, 723: 470, 724: 708, 743: 764, 744: 526, 745: 470, 746: 708, 747: 540, 748: 778, 763: 484, 764: 722, 765: 708, 766: 470, 767: 652, 768: 414, 785: 792, 786: 554, 787: 750, 788: 512, 789: 540, 790: 778, 791: 470, 792: 708, 793: 750, 794: 512, 795: 470, 796: 708, 797: 722, 798: 484, 799: 470, 800: 708, 801: 484, 802: 722, 879: 764, 880: 526}
Number of labels used: 16
Time taken: 0.22 seconds
Memory used: 32.80 MB
Trying to find solution with at most 15 labels...
Solution:
{13: 708, 14: 470, 15: 764, 16: 526, 53: 652, 54: 414, 79: 708, 80: 470, 81: 16, 82: 254, 83: 484, 84: 722, 85: 414, 86: 652, 127: 652, 128: 414, 129: 778, 130: 540, 143: 470, 144: 708, 145: 470, 146: 708, 205: 16, 206: 254, 233: 512, 234: 750, 235: 526, 236: 764, 237: 708, 238: 470, 261: 652, 262: 414, 263: 254, 264: 16, 265: 414, 266: 652, 267: 778, 268: 540, 269: 512, 270: 750, 271: 512, 272: 750, 273: 254, 274: 16, 275: 254, 276: 16, 277: 512, 278: 750, 281: 526, 282: 764, 283: 484, 284: 722, 289: 722, 290: 484, 291: 414, 292: 652, 303: 722, 304: 484, 305: 652, 306: 414, 321: 708, 322: 470, 323: 254, 324: 16, 325: 414, 326: 652, 327: 778, 328: 540, 329: 16, 330: 254, 341: 764, 342: 526, 343: 764, 344: 526, 349: 764, 350: 526, 351: 484, 352: 722, 435: 512, 436: 750, 475: 526, 476: 764, 481: 540, 482: 778, 517: 540, 518: 778, 519: 540, 520: 778, 555: 722, 556: 484, 557: 778, 558: 540, 559: 512, 560: 750, 561: 708, 562: 470, 565: 484, 566: 722, 577: 16, 578: 254, 579: 254, 580: 16, 583: 778, 584: 540, 585: 254, 586: 16, 587: 414, 588: 652, 589: 254, 590: 16, 591: 778, 592: 540, 593: 750, 594: 512, 595: 750, 596: 512, 597: 764, 598: 526, 599: 750, 600: 512, 601: 764, 602: 526, 603: 764, 604: 526, 605: 778, 606: 540, 607: 470, 608: 708, 613: 708, 614: 470, 615: 708, 616: 470, 617: 764, 618: 526, 621: 764, 622: 526, 625: 470, 626: 708, 629: 470, 630: 708, 631: 484, 632: 722, 633: 764, 634: 526, 635: 778, 636: 540, 645: 254, 646: 16, 651: 16, 652: 254, 661: 722, 662: 484, 663: 16, 664: 254, 665: 484, 666: 722, 667: 16, 668: 254, 713: 512, 714: 750, 717: 254, 718: 16, 719: 652, 720: 414, 721: 540, 722: 778, 723: 470, 724: 708, 743: 764, 744: 526, 745: 470, 746: 708, 747: 540, 748: 778, 763: 484, 764: 722, 765: 750, 766: 512, 767: 652, 768: 414, 785: 16, 786: 254, 787: 750, 788: 512, 789: 540, 790: 778, 791: 470, 792: 708, 793: 750, 794: 512, 795: 470, 796: 708, 797: 722, 798: 484, 799: 470, 800: 708, 801: 484, 802: 722, 879: 764, 880: 526}
Number of labels used: 14
Time taken: 0.23 seconds
Memory used: 32.80 MB
Trying to find solution with at most 13 labels...
[runlim] sample:		10.2 time, 10.8 real, 53.4 MB
[runlim] sample:		20.7 time, 20.8 real, 53.4 MB
[runlim] sample:		31.0 time, 30.8 real, 59.4 MB
No solution with at most 13 labels.
Optimal value = 14
Time taken: 35.66 seconds
Memory used: 60.00 MB
[runlim] end:			Sat Dec 27 21:53:48 2025
[runlim] status:		ok
[runlim] result:		0
[runlim] children:		0
[runlim] real:			35.80 seconds
[runlim] time:			36.01 seconds
[runlim] space:			65.7 MB
[runlim] samples:		349
