[runlim] version:		1.10
[runlim] time limit:		311040000 seconds
[runlim] real time limit:	600 seconds
[runlim] space limit:		8000 MB
[runlim] argv[0]:		python3
[runlim] argv[1]:		-u
[runlim] argv[2]:		main.py
[runlim] argv[3]:		graph01
[runlim] start:			Thu Dec 11 18:38:17 2025
[runlim] main pid:		72302
Solve first problem:
Solution:
{296, 58, 652, 414, 16, 254, 380, 142, 380, 142, 778, 540, 338, 100, 296, 58, 652, 414, 394, 156, 296, 58, 478, 240, 310, 72, 114, 352, 296, 58, 268, 30, 352, 114, 310, 72, 338, 100, 324, 86, 282, 44, 778, 540, 254, 16, 72, 310, 282, 44, 394, 156, 310, 72, 86, 324, 16, 254, 778, 540, 254, 16, 352, 114, 254, 16, 296, 58, 254, 16, 324, 86, 380, 142, 268, 30, 750, 512, 310, 72, 254, 16, 268, 30, 324, 86, 680, 442, 338, 100, 652, 414, 254, 16, 44, 282, 478, 240, 30, 268, 380, 142, 282, 44, 352, 114, 296, 58, 296, 58, 380, 142, 268, 30, 114, 352, 254, 16, 296, 58, 380, 142, 380, 142, 254, 16, 296, 58, 338, 100, 268, 30, 694, 456, 478, 240, 282, 44, 296, 58, 324, 86, 324, 86, 268, 30, 254, 16, 324, 86, 652, 414, 254, 16, 324, 86, 268, 30, 268, 30, 394, 156, 296, 58, 352, 114, 366, 128, 254, 16, 268, 30, 254, 16, 324, 86, 254, 16, 282, 44, 652, 414, 268, 30, 324, 86, 268, 30, 254, 16, 310, 72, 380, 142, 268, 30, 254, 16, 254, 16}
Correct solution!
Number of lables used:  34
Total time: 0.13 seconds
Memory used: 28.16 MB
--------------------------------------------------

Trying with at most 33 labels...
Solution:
{296, 58, 86, 324, 58, 296, 380, 142, 142, 380, 310, 72, 100, 338, 352, 114, 142, 380, 100, 338, 282, 44, 240, 478, 114, 352, 394, 156, 380, 142, 282, 44, 296, 58, 156, 394, 100, 338, 282, 44, 394, 156, 694, 456, 338, 100, 44, 282, 380, 142, 114, 352, 324, 86, 58, 296, 58, 296, 44, 282, 86, 324, 142, 380, 394, 156, 296, 58, 282, 44, 324, 86, 142, 380, 100, 338, 156, 394, 44, 282, 338, 100, 694, 456, 324, 86, 142, 380, 282, 44, 352, 114, 324, 86, 296, 58, 240, 478, 324, 86, 394, 156, 352, 114, 142, 380, 338, 100, 324, 86, 394, 156, 282, 44, 338, 100, 380, 142, 380, 142, 142, 380, 478, 240, 324, 86, 694, 456, 694, 456, 380, 142, 282, 44, 478, 240, 352, 114, 310, 72, 324, 86, 380, 142, 394, 156, 44, 282, 86, 324, 156, 394, 380, 142, 352, 114, 380, 142, 282, 44, 694, 456, 156, 394, 72, 310, 86, 324, 352, 114, 380, 142, 352, 114, 296, 58, 324, 86, 394, 156, 142, 380, 352, 114, 86, 324, 338, 100, 456, 694, 456, 694, 478, 240, 352, 114, 380, 142, 380, 142}
Number of lables used:  20
Total time: 0.27 seconds
Memory used: 29.66 MB
--------------------------------------------------

Trying with at most 19 labels...
Solution:
{114, 352, 86, 324, 268, 30, 380, 142, 142, 380, 310, 72, 72, 310, 352, 114, 380, 142, 156, 394, 72, 310, 240, 478, 114, 352, 394, 156, 380, 142, 352, 114, 30, 268, 156, 394, 86, 324, 268, 30, 394, 156, 694, 456, 268, 30, 30, 268, 268, 30, 114, 352, 324, 86, 142, 380, 380, 142, 394, 156, 86, 324, 142, 380, 324, 86, 380, 142, 750, 512, 30, 268, 142, 380, 30, 268, 394, 156, 380, 142, 324, 86, 694, 456, 324, 86, 324, 86, 268, 30, 86, 324, 324, 86, 324, 86, 240, 478, 324, 86, 114, 352, 352, 114, 72, 310, 324, 86, 268, 30, 394, 156, 268, 30, 512, 750, 380, 142, 380, 142, 142, 380, 478, 240, 324, 86, 694, 456, 694, 456, 310, 72, 310, 72, 240, 478, 352, 114, 268, 30, 86, 324, 310, 72, 268, 30, 512, 750, 512, 750, 694, 456, 380, 142, 352, 114, 142, 380, 268, 30, 268, 30, 394, 156, 114, 352, 512, 750, 142, 380, 380, 142, 352, 114, 324, 86, 324, 86, 394, 156, 694, 456, 310, 72, 352, 114, 352, 114, 512, 750, 268, 30, 478, 240, 456, 694, 268, 30, 324, 86}
Number of lables used:  18
Total time: 0.29 seconds
Memory used: 29.91 MB
--------------------------------------------------

Trying with at most 17 labels...
[runlim] sample:		9.7 time, 10.2 real, 50.5 MB
[runlim] sample:		19.4 time, 20.2 real, 57.0 MB
[runlim] sample:		29.1 time, 29.3 real, 64.0 MB
[runlim] sample:		38.8 time, 39.3 real, 64.0 MB
[runlim] sample:		48.5 time, 49.3 real, 64.0 MB
[runlim] sample:		58.2 time, 58.3 real, 68.2 MB
[runlim] sample:		68.0 time, 68.3 real, 68.2 MB
[runlim] sample:		77.6 time, 78.3 real, 68.3 MB
[runlim] sample:		87.3 time, 88.3 real, 77.1 MB
[runlim] sample:		97.1 time, 97.3 real, 77.3 MB
[runlim] sample:		106.8 time, 107.3 real, 78.1 MB
[runlim] sample:		116.5 time, 117.3 real, 79.1 MB
[runlim] sample:		126.2 time, 126.4 real, 79.1 MB
[runlim] sample:		135.9 time, 136.4 real, 79.2 MB
[runlim] sample:		145.6 time, 146.4 real, 80.6 MB
[runlim] sample:		155.3 time, 155.5 real, 80.9 MB
[runlim] sample:		165.0 time, 165.5 real, 81.4 MB
[runlim] sample:		174.7 time, 175.5 real, 81.8 MB
[runlim] sample:		184.4 time, 184.5 real, 82.4 MB
[runlim] sample:		194.2 time, 194.5 real, 83.4 MB
[runlim] sample:		203.9 time, 204.5 real, 83.4 MB
[runlim] sample:		213.6 time, 214.5 real, 94.7 MB
[runlim] sample:		223.3 time, 223.6 real, 95.6 MB
[runlim] sample:		233.0 time, 233.6 real, 95.6 MB
[runlim] sample:		242.7 time, 243.6 real, 102.9 MB
[runlim] sample:		252.4 time, 253.6 real, 102.9 MB
[runlim] sample:		262.1 time, 262.2 real, 102.9 MB
[runlim] sample:		271.9 time, 272.2 real, 103.4 MB
[runlim] sample:		281.6 time, 282.2 real, 103.4 MB
[runlim] sample:		291.3 time, 292.2 real, 104.8 MB
[runlim] sample:		301.0 time, 301.3 real, 105.4 MB
[runlim] sample:		310.7 time, 311.3 real, 105.4 MB
[runlim] sample:		320.4 time, 321.3 real, 105.4 MB
[runlim] sample:		330.1 time, 330.3 real, 105.7 MB
[runlim] sample:		339.8 time, 340.3 real, 105.7 MB
[runlim] sample:		349.5 time, 350.3 real, 105.7 MB
[runlim] sample:		359.2 time, 359.4 real, 105.7 MB
[runlim] sample:		369.0 time, 369.4 real, 105.7 MB
[runlim] sample:		378.7 time, 379.4 real, 105.8 MB
[runlim] sample:		388.4 time, 388.5 real, 105.8 MB
[runlim] sample:		398.1 time, 398.5 real, 105.8 MB
[runlim] sample:		407.8 time, 408.5 real, 136.1 MB
[runlim] sample:		417.5 time, 418.5 real, 105.8 MB
[runlim] sample:		427.2 time, 427.5 real, 137.4 MB
[runlim] sample:		436.9 time, 437.5 real, 105.8 MB
[runlim] sample:		446.6 time, 447.5 real, 139.4 MB
[runlim] sample:		456.4 time, 456.6 real, 105.8 MB
[runlim] sample:		466.1 time, 466.6 real, 139.8 MB
[runlim] sample:		475.8 time, 476.6 real, 105.7 MB
[runlim] sample:		485.5 time, 485.7 real, 140.5 MB
[runlim] sample:		495.2 time, 495.7 real, 105.8 MB
[runlim] sample:		504.9 time, 505.7 real, 141.1 MB
[runlim] sample:		514.6 time, 514.7 real, 105.8 MB
[runlim] sample:		524.4 time, 524.7 real, 138.8 MB
[runlim] sample:		534.0 time, 534.7 real, 105.7 MB
[runlim] sample:		543.8 time, 544.7 real, 135.9 MB
[runlim] sample:		553.5 time, 553.8 real, 105.7 MB
[runlim] sample:		563.1 time, 563.8 real, 105.7 MB
[runlim] sample:		572.9 time, 573.8 real, 143.6 MB
[runlim] sample:		582.7 time, 582.8 real, 114.8 MB
[runlim] sample:		592.4 time, 592.8 real, 152.3 MB
[runlim] end:			Thu Dec 11 18:48:17 2025
[runlim] status:		out of time
[runlim] result:		2
[runlim] children:		0
[runlim] real:			600.06 seconds
[runlim] time:			599.32 seconds
[runlim] space:			155.6 MB
[runlim] samples:		6172
