[runlim] version:		1.10
[runlim] time limit:		311040000 seconds
[runlim] real time limit:	600 seconds
[runlim] space limit:		8000 MB
[runlim] argv[0]:		python3
[runlim] argv[1]:		-u
[runlim] argv[2]:		main.py
[runlim] argv[3]:		scen03
[runlim] start:			Thu Dec 11 19:30:46 2025
[runlim] main pid:		91327
Solve first problem:
Solution:
{254, 16, 254, 16, 142, 380, 310, 72, 16, 254, 338, 100, 156, 394, 254, 16, 254, 16, 268, 30, 680, 442, 352, 114, 268, 30, 254, 16, 750, 512, 708, 470, 142, 380, 310, 72, 666, 428, 254, 16, 764, 526, 694, 456, 652, 414, 30, 268, 156, 394, 380, 142, 736, 498, 366, 128, 296, 58, 254, 16, 142, 380, 58, 296, 254, 16, 296, 58, 296, 58, 750, 512, 338, 100, 380, 142, 254, 16, 352, 114, 324, 86, 254, 16, 254, 16, 254, 16, 324, 86, 324, 86, 268, 30, 366, 128, 296, 58, 366, 128, 254, 16, 254, 16, 324, 86, 380, 142, 324, 86, 366, 128, 282, 44, 680, 442, 352, 114, 30, 268, 338, 100, 254, 16, 254, 16, 254, 16, 254, 16, 666, 428, 338, 100, 254, 16, 352, 114, 44, 282, 44, 282, 394, 156, 324, 86, 680, 442, 30, 268, 44, 282, 268, 30, 666, 428, 338, 100, 268, 30, 380, 142, 310, 72, 128, 366, 254, 16, 282, 44, 666, 428, 338, 100, 366, 128, 394, 156, 114, 352, 114, 352, 366, 128, 310, 72, 100, 338, 254, 16, 338, 100, 268, 30, 352, 114, 310, 72, 268, 30, 254, 16, 268, 30, 338, 100, 282, 44, 282, 44, 254, 16, 324, 86, 128, 366, 666, 428, 58, 296, 380, 142, 666, 428, 114, 352, 268, 30, 114, 352, 366, 128, 352, 114, 352, 114, 666, 428, 338, 100, 254, 16, 366, 128, 352, 114, 100, 338, 296, 58, 268, 30, 142, 380, 282, 44, 268, 30, 268, 30, 352, 114, 100, 338, 282, 44, 268, 30, 352, 114, 338, 100, 338, 100, 268, 30, 282, 44, 268, 30, 282, 44, 268, 30, 254, 16, 268, 30, 380, 142, 338, 100, 296, 58, 352, 114, 254, 16, 254, 16, 394, 156, 366, 128, 268, 30, 254, 16, 268, 30, 254, 16, 394, 156, 324, 86, 254, 16, 254, 16, 254, 16, 254, 16, 268, 30, 268, 30, 44, 282, 268, 30, 324, 86, 338, 100, 268, 30, 268, 30, 254, 16, 296, 58, 268, 30, 338, 100, 254, 16, 268, 30, 254, 16, 268, 30, 338, 100, 268, 30, 338, 100, 268, 30, 352, 114, 282, 44, 268, 30, 338, 100, 268, 30, 282, 44, 324, 86, 254, 16, 44, 282, 268, 30, 352, 114, 310, 72, 282, 44, 324, 86, 268, 30, 268, 30, 254, 16, 254, 16}
Correct solution!
Number of lables used:  38
Total time: 0.37 seconds
Memory used: 42.49 MB
--------------------------------------------------

Trying with at most 37 labels...
Solution:
{254, 16, 254, 16, 526, 764, 708, 470, 16, 254, 666, 428, 254, 16, 428, 666, 16, 254, 694, 456, 428, 666, 778, 540, 428, 666, 16, 254, 792, 554, 736, 498, 764, 526, 666, 428, 456, 694, 254, 16, 540, 778, 792, 554, 456, 694, 540, 778, 16, 254, 16, 254, 694, 456, 666, 428, 254, 16, 540, 778, 428, 666, 764, 526, 540, 778, 708, 470, 708, 470, 736, 498, 778, 540, 498, 736, 254, 16, 666, 428, 736, 498, 666, 428, 792, 554, 792, 554, 666, 428, 666, 428, 778, 540, 428, 666, 792, 554, 16, 254, 254, 16, 666, 428, 254, 16, 478, 240, 254, 16, 554, 792, 694, 456, 540, 778, 666, 428, 16, 254, 526, 764, 498, 736, 540, 778, 254, 16, 254, 16, 16, 254, 694, 456, 254, 16, 16, 254, 526, 764, 526, 764, 736, 498, 666, 428, 526, 764, 708, 470, 540, 778, 764, 526, 694, 456, 540, 778, 764, 526, 498, 736, 666, 428, 470, 708, 254, 16, 778, 540, 428, 666, 526, 764, 498, 736, 470, 708, 708, 470, 526, 764, 470, 708, 554, 792, 428, 666, 254, 16, 498, 736, 736, 498, 540, 778, 498, 736, 540, 778, 254, 16, 736, 498, 498, 736, 456, 694, 526, 764, 254, 16, 16, 254, 526, 764, 764, 526, 540, 778, 498, 736, 666, 428, 428, 666, 470, 708, 456, 694, 16, 254, 16, 254, 16, 254, 470, 708, 694, 456, 254, 16, 16, 254, 456, 694, 694, 456, 778, 540, 778, 540, 778, 540, 736, 498, 764, 526, 666, 428, 778, 540, 694, 456, 428, 666, 764, 526, 470, 708, 470, 708, 764, 526, 778, 540, 456, 694, 470, 708, 778, 540, 764, 526, 254, 16, 470, 708, 666, 428, 708, 470, 254, 16, 736, 498, 736, 498, 666, 428, 16, 254, 428, 666, 16, 254, 254, 16, 778, 540, 694, 456, 736, 498, 666, 428, 254, 16, 254, 16, 254, 16, 254, 16, 428, 666, 540, 778, 778, 540, 470, 708, 470, 708, 778, 540, 470, 708, 498, 736, 254, 16, 736, 498, 764, 526, 16, 254, 428, 666, 666, 428, 254, 16, 470, 708, 778, 540, 470, 708, 778, 540, 470, 708, 778, 540, 428, 666, 778, 540, 778, 540, 428, 666, 764, 526, 526, 764, 254, 16, 778, 540, 498, 736, 666, 428, 428, 666, 470, 708, 498, 736, 498, 736, 778, 540, 254, 16, 736, 498}
Number of lables used:  18
Total time: 0.55 seconds
Memory used: 44.36 MB
--------------------------------------------------

Trying with at most 17 labels...
Solution:
{114, 352, 708, 470, 442, 680, 680, 442, 792, 554, 708, 470, 142, 380, 470, 708, 114, 352, 708, 470, 114, 352, 680, 442, 442, 680, 380, 142, 750, 512, 708, 470, 708, 470, 540, 778, 442, 680, 380, 142, 498, 736, 380, 142, 352, 114, 540, 778, 114, 352, 352, 114, 792, 554, 680, 442, 142, 380, 554, 792, 750, 512, 680, 442, 540, 778, 708, 470, 778, 540, 736, 498, 778, 540, 442, 680, 380, 142, 142, 380, 736, 498, 380, 142, 778, 540, 778, 540, 792, 554, 792, 554, 778, 540, 750, 512, 352, 114, 380, 142, 380, 142, 750, 512, 380, 142, 380, 142, 442, 680, 380, 142, 498, 736, 470, 708, 554, 792, 142, 380, 352, 114, 750, 512, 750, 512, 708, 470, 708, 470, 114, 352, 540, 778, 114, 352, 680, 442, 554, 792, 512, 750, 736, 498, 142, 380, 142, 380, 680, 442, 142, 380, 778, 540, 680, 442, 498, 736, 778, 540, 114, 352, 736, 498, 442, 680, 352, 114, 750, 512, 498, 736, 498, 736, 470, 708, 498, 736, 778, 540, 470, 708, 470, 708, 470, 708, 142, 380, 352, 114, 498, 736, 778, 540, 540, 778, 498, 736, 540, 778, 352, 114, 680, 442, 498, 736, 470, 708, 792, 554, 352, 114, 352, 114, 498, 736, 778, 540, 540, 778, 498, 736, 142, 380, 442, 680, 470, 708, 680, 442, 114, 352, 114, 352, 142, 380, 442, 680, 750, 512, 352, 114, 380, 142, 470, 708, 736, 498, 680, 442, 708, 470, 736, 498, 708, 470, 708, 470, 540, 778, 380, 142, 750, 512, 380, 142, 778, 540, 540, 778, 442, 680, 736, 498, 778, 540, 442, 680, 470, 708, 778, 540, 736, 498, 352, 114, 540, 778, 540, 778, 470, 708, 352, 114, 736, 498, 750, 512, 680, 442, 352, 114, 442, 680, 114, 352, 352, 114, 778, 540, 512, 750, 708, 470, 114, 352, 380, 142, 380, 142, 442, 680, 442, 680, 680, 442, 142, 380, 470, 708, 470, 708, 540, 778, 680, 442, 750, 512, 680, 442, 380, 142, 142, 380, 680, 442, 352, 114, 442, 680, 142, 380, 114, 352, 442, 680, 778, 540, 470, 708, 778, 540, 470, 708, 778, 540, 442, 680, 778, 540, 778, 540, 380, 142, 680, 442, 540, 778, 736, 498, 778, 540, 498, 736, 352, 114, 442, 680, 470, 708, 498, 736, 498, 736, 708, 470, 142, 380, 680, 442}
Number of lables used:  16
Total time: 0.60 seconds
Memory used: 45.11 MB
--------------------------------------------------

Trying with at most 15 labels...
Solution:
{750, 512, 708, 470, 442, 680, 680, 442, 792, 554, 708, 470, 142, 380, 554, 792, 142, 380, 680, 442, 254, 16, 680, 442, 442, 680, 380, 142, 792, 554, 722, 484, 254, 16, 512, 750, 442, 680, 512, 750, 554, 792, 380, 142, 254, 16, 512, 750, 254, 16, 16, 254, 708, 470, 708, 470, 792, 554, 554, 792, 750, 512, 680, 442, 554, 792, 792, 554, 512, 750, 750, 512, 708, 470, 484, 722, 380, 142, 512, 750, 750, 512, 680, 442, 554, 792, 554, 792, 142, 380, 142, 380, 554, 792, 380, 142, 16, 254, 254, 16, 380, 142, 708, 470, 380, 142, 380, 142, 484, 722, 484, 722, 380, 142, 442, 680, 512, 750, 16, 254, 380, 142, 792, 554, 792, 554, 708, 470, 750, 512, 470, 708, 16, 254, 142, 380, 680, 442, 142, 380, 142, 380, 792, 554, 708, 470, 380, 142, 680, 442, 142, 380, 750, 512, 470, 708, 442, 680, 512, 750, 680, 442, 484, 722, 484, 722, 792, 554, 142, 380, 442, 680, 512, 750, 680, 442, 750, 512, 750, 512, 380, 142, 680, 442, 680, 442, 512, 750, 254, 16, 722, 484, 750, 512, 708, 470, 512, 750, 470, 708, 142, 380, 708, 470, 512, 750, 470, 708, 254, 16, 380, 142, 554, 792, 484, 722, 680, 442, 380, 142, 512, 750, 142, 380, 750, 512, 470, 708, 722, 484, 554, 792, 142, 380, 142, 380, 442, 680, 554, 792, 380, 142, 442, 680, 470, 708, 750, 512, 142, 380, 722, 484, 380, 142, 470, 708, 708, 470, 470, 708, 750, 512, 750, 512, 680, 442, 708, 470, 512, 750, 442, 680, 708, 470, 750, 512, 442, 680, 142, 380, 512, 750, 442, 680, 380, 142, 512, 750, 512, 750, 442, 680, 16, 254, 750, 512, 142, 380, 680, 442, 254, 16, 554, 792, 254, 16, 254, 16, 554, 792, 142, 380, 16, 254, 142, 380, 512, 750, 512, 750, 442, 680, 442, 680, 380, 142, 554, 792, 442, 680, 442, 680, 142, 380, 680, 442, 750, 512, 142, 380, 792, 554, 16, 254, 750, 512, 16, 254, 442, 680, 380, 142, 142, 380, 442, 680, 750, 512, 442, 680, 708, 470, 512, 750, 442, 680, 142, 380, 722, 484, 750, 512, 442, 680, 680, 442, 722, 484, 16, 254, 680, 442, 470, 708, 708, 470, 442, 680, 512, 750, 470, 708, 442, 680, 680, 442, 142, 380, 380, 142}
Number of lables used:  14
Total time: 0.62 seconds
Memory used: 45.49 MB
--------------------------------------------------

Trying with at most 13 labels...
[runlim] sample:		9.7 time, 9.5 real, 69.6 MB
[runlim] sample:		19.4 time, 19.5 real, 72.9 MB
[runlim] sample:		29.1 time, 29.5 real, 74.6 MB
[runlim] sample:		38.8 time, 38.6 real, 75.7 MB
[runlim] sample:		48.5 time, 48.6 real, 77.2 MB
[runlim] sample:		58.2 time, 58.6 real, 77.4 MB
[runlim] sample:		67.9 time, 67.6 real, 78.6 MB
[runlim] sample:		77.6 time, 77.6 real, 78.7 MB
[runlim] sample:		87.3 time, 87.6 real, 96.8 MB
[runlim] sample:		97.0 time, 96.6 real, 96.8 MB
[runlim] sample:		106.7 time, 106.6 real, 96.8 MB
[runlim] sample:		116.4 time, 116.6 real, 96.8 MB
[runlim] sample:		126.2 time, 126.6 real, 96.9 MB
[runlim] sample:		135.8 time, 135.7 real, 97.2 MB
[runlim] sample:		145.6 time, 145.7 real, 97.6 MB
[runlim] sample:		155.4 time, 155.7 real, 98.1 MB
[runlim] sample:		165.0 time, 165.7 real, 98.3 MB
[runlim] sample:		174.9 time, 174.5 real, 98.3 MB
[runlim] sample:		184.6 time, 184.5 real, 98.7 MB
[runlim] sample:		194.3 time, 194.5 real, 99.1 MB
[runlim] sample:		204.1 time, 204.5 real, 99.2 MB
[runlim] sample:		213.8 time, 213.6 real, 99.8 MB
[runlim] sample:		223.5 time, 223.6 real, 101.3 MB
[runlim] sample:		233.2 time, 233.6 real, 101.4 MB
[runlim] sample:		242.9 time, 242.7 real, 101.4 MB
[runlim] sample:		252.7 time, 252.7 real, 101.6 MB
[runlim] sample:		262.4 time, 262.7 real, 102.2 MB
[runlim] sample:		272.1 time, 272.7 real, 102.2 MB
[runlim] sample:		281.8 time, 282.7 real, 102.6 MB
[runlim] sample:		291.6 time, 291.3 real, 102.8 MB
[runlim] sample:		301.3 time, 301.3 real, 102.8 MB
[runlim] sample:		311.0 time, 311.3 real, 105.8 MB
[runlim] sample:		320.7 time, 320.4 real, 145.0 MB
[runlim] sample:		330.4 time, 330.4 real, 114.9 MB
[runlim] sample:		340.1 time, 340.4 real, 114.9 MB
[runlim] sample:		349.9 time, 349.5 real, 114.9 MB
[runlim] sample:		359.6 time, 359.5 real, 114.9 MB
[runlim] sample:		369.3 time, 369.5 real, 114.9 MB
[runlim] sample:		379.0 time, 378.5 real, 114.9 MB
[runlim] sample:		388.7 time, 388.5 real, 114.9 MB
[runlim] sample:		398.4 time, 398.5 real, 114.9 MB
[runlim] sample:		408.1 time, 408.5 real, 114.9 MB
[runlim] sample:		417.9 time, 417.7 real, 114.9 MB
[runlim] sample:		427.6 time, 427.7 real, 114.9 MB
[runlim] sample:		437.3 time, 437.7 real, 114.9 MB
[runlim] sample:		447.0 time, 447.7 real, 114.9 MB
[runlim] sample:		456.8 time, 457.7 real, 150.0 MB
[runlim] sample:		466.5 time, 467.7 real, 114.9 MB
[runlim] sample:		476.3 time, 477.7 real, 146.5 MB
[runlim] sample:		486.0 time, 485.6 real, 114.9 MB
[runlim] sample:		495.8 time, 495.6 real, 145.4 MB
[runlim] sample:		505.5 time, 505.6 real, 114.9 MB
[runlim] sample:		515.2 time, 515.6 real, 114.9 MB
[runlim] sample:		525.0 time, 524.7 real, 149.4 MB
[runlim] sample:		534.6 time, 534.7 real, 114.8 MB
[runlim] sample:		544.4 time, 544.7 real, 144.9 MB
[runlim] sample:		554.1 time, 553.8 real, 151.9 MB
[runlim] sample:		563.8 time, 563.8 real, 114.8 MB
[runlim] sample:		573.5 time, 573.8 real, 147.3 MB
[runlim] sample:		583.2 time, 582.9 real, 114.8 MB
[runlim] sample:		593.0 time, 592.9 real, 114.8 MB
[runlim] end:			Thu Dec 11 19:40:46 2025
[runlim] status:		out of time
[runlim] result:		2
[runlim] children:		0
[runlim] real:			600.09 seconds
[runlim] time:			599.96 seconds
[runlim] space:			152.6 MB
[runlim] samples:		6172
