[runlim] version:		1.10
[runlim] time limit:		311040000 seconds
[runlim] real time limit:	600 seconds
[runlim] space limit:		8000 MB
[runlim] argv[0]:		python3
[runlim] argv[1]:		-u
[runlim] argv[2]:		main.py
[runlim] argv[3]:		scen01
[runlim] start:			Thu Dec 11 19:14:22 2025
[runlim] main pid:		85383
Solve first problem:
Solution:
{652, 414, 736, 498, 268, 30, 128, 366, 254, 16, 366, 128, 254, 16, 254, 16, 156, 394, 764, 526, 142, 380, 142, 380, 352, 114, 352, 114, 414, 652, 268, 30, 554, 792, 708, 470, 352, 114, 442, 680, 142, 380, 736, 498, 352, 114, 652, 414, 310, 72, 16, 254, 338, 100, 366, 128, 324, 86, 310, 72, 254, 16, 324, 86, 254, 16, 722, 484, 652, 414, 282, 44, 254, 16, 366, 128, 352, 114, 254, 16, 268, 30, 680, 442, 352, 114, 652, 414, 310, 72, 366, 128, 254, 16, 296, 58, 282, 44, 680, 442, 394, 156, 282, 44, 254, 16, 268, 30, 352, 114, 394, 156, 268, 30, 310, 72, 750, 512, 722, 484, 282, 44, 254, 16, 128, 366, 142, 380, 310, 72, 380, 142, 282, 44, 44, 282, 338, 100, 268, 30, 408, 170, 324, 86, 324, 86, 666, 428, 128, 366, 708, 470, 366, 128, 652, 414, 44, 282, 338, 100, 268, 30, 268, 30, 268, 30, 282, 44, 324, 86, 352, 114, 324, 86, 666, 428, 394, 156, 142, 380, 394, 156, 694, 456, 324, 86, 254, 16, 282, 44, 366, 128, 296, 58, 338, 100, 254, 16, 282, 44, 352, 114, 254, 16, 254, 16, 296, 58, 58, 296, 58, 296, 254, 16, 296, 58, 296, 58, 254, 16, 268, 30, 282, 44, 254, 16, 268, 30, 324, 86, 338, 100, 666, 428, 338, 100, 694, 456, 254, 16, 352, 114, 352, 114, 338, 100, 268, 30, 268, 30, 380, 142, 254, 16, 324, 86, 282, 44, 254, 16, 254, 16, 352, 114, 324, 86, 254, 16, 352, 114, 352, 114, 44, 282, 44, 282, 352, 114, 394, 156, 282, 44, 282, 44, 366, 128, 254, 16, 254, 16, 324, 86, 408, 170, 254, 16, 254, 16, 366, 128, 282, 44, 680, 442, 352, 114, 30, 268, 338, 100, 254, 16, 254, 16, 254, 16, 324, 86, 254, 16, 254, 16, 254, 16, 666, 428, 338, 100, 254, 16, 666, 428, 338, 100, 394, 156, 254, 16, 352, 114, 30, 268, 30, 268, 394, 156, 324, 86, 380, 142, 30, 268, 736, 498, 44, 282, 268, 30, 666, 428, 338, 100, 268, 30, 380, 142, 310, 72, 142, 380, 310, 72, 142, 380, 282, 44, 86, 324, 736, 498, 352, 114, 380, 142, 666, 428, 366, 128, 352, 114, 338, 100, 128, 366, 44, 282, 394, 156, 380, 142, 114, 352, 366, 128, 114, 352, 254, 16, 268, 30, 324, 86, 338, 100, 338, 100, 268, 30, 352, 114, 352, 114, 310, 72, 310, 72, 310, 72, 268, 30, 268, 30, 268, 30, 366, 128, 254, 16, 366, 128, 338, 100, 254, 16, 310, 72, 254, 16, 100, 338, 254, 16, 254, 16, 16, 254, 380, 142, 310, 72, 268, 30, 114, 352, 296, 58, 268, 30, 128, 366, 254, 16, 114, 352, 338, 100, 268, 30, 352, 114, 352, 114, 352, 114, 254, 16, 254, 16, 268, 30, 310, 72, 268, 30, 268, 30, 338, 100, 324, 86, 30, 268, 254, 16, 142, 380, 338, 100, 254, 16, 338, 100, 268, 30, 366, 128, 268, 30, 338, 100, 268, 30, 338, 100, 296, 58, 268, 30, 254, 16, 254, 16, 282, 44, 254, 16, 310, 72, 254, 16, 268, 30, 310, 72, 254, 16, 338, 100, 254, 16, 254, 16, 254, 16, 128, 366, 666, 428, 58, 296, 352, 114, 666, 428, 114, 352, 44, 282, 352, 114, 338, 100, 268, 30, 114, 352, 366, 128, 352, 114, 352, 114, 666, 428, 338, 100, 254, 16, 366, 128, 352, 114, 114, 352, 296, 58, 268, 30, 142, 380, 282, 44, 268, 30, 268, 30, 338, 100, 254, 16, 366, 128, 100, 338, 282, 44, 268, 30, 352, 114, 338, 100, 338, 100, 268, 30, 352, 114, 282, 44, 268, 30, 282, 44, 268, 30, 282, 44, 268, 30, 380, 142, 338, 100, 268, 30, 268, 30, 254, 16, 254, 16, 254, 16, 338, 100, 324, 86, 254, 16, 254, 16, 394, 156, 366, 128, 268, 30, 254, 16, 254, 16, 324, 86, 254, 16, 114, 352, 338, 100, 268, 30, 338, 100, 268, 30, 338, 100, 268, 30, 338, 100, 268, 30, 310, 72, 254, 16, 254, 16, 254, 16, 268, 30, 254, 16, 268, 30, 254, 16, 324, 86, 352, 114, 254, 16, 44, 282, 394, 156, 324, 86, 254, 16, 254, 16, 254, 16, 310, 72, 268, 30, 268, 30, 310, 72, 268, 30, 268, 30, 268, 30, 44, 282, 268, 30, 324, 86, 268, 30, 338, 100, 268, 30, 268, 30, 338, 100, 268, 30, 268, 30, 268, 30, 254, 16, 296, 58, 268, 30, 338, 100, 254, 16, 338, 100, 254, 16, 254, 16, 254, 16, 268, 30, 254, 16, 268, 30, 338, 100, 268, 30, 338, 100, 268, 30, 352, 114, 282, 44, 268, 30, 268, 30, 338, 100, 268, 30, 254, 16, 338, 100, 268, 30, 338, 100, 268, 30, 338, 100, 268, 30, 114, 352, 282, 44, 324, 86, 254, 16, 254, 16, 254, 16, 380, 142, 282, 44, 44, 282, 268, 30, 128, 366, 114, 352, 338, 100, 324, 86, 30, 268, 338, 100, 268, 30, 254, 16, 338, 100, 352, 114, 352, 114, 268, 30, 352, 114, 254, 16, 16, 254, 254, 16, 324, 86, 282, 44, 310, 72, 268, 30, 282, 44, 380, 142, 338, 100, 324, 86, 282, 44, 268, 30, 268, 30, 268, 30, 338, 100, 268, 30, 254, 16, 254, 16, 268, 30, 254, 16, 254, 16, 268, 30, 254, 16}
Correct solution!
Number of lables used:  44
Total time: 0.75 seconds
Memory used: 67.46 MB
--------------------------------------------------

Trying with at most 43 labels...
Solution:
{526, 764, 498, 736, 156, 394, 58, 296, 394, 156, 484, 722, 736, 498, 254, 16, 526, 764, 114, 352, 736, 498, 282, 44, 58, 296, 58, 296, 526, 764, 736, 498, 86, 324, 736, 498, 114, 352, 296, 58, 526, 764, 86, 324, 736, 498, 526, 764, 296, 58, 156, 394, 722, 484, 156, 394, 352, 114, 366, 128, 296, 58, 736, 498, 324, 86, 764, 526, 394, 156, 296, 58, 156, 394, 86, 324, 128, 366, 366, 128, 296, 58, 498, 736, 156, 394, 58, 296, 484, 722, 44, 282, 366, 128, 324, 86, 394, 156, 156, 394, 764, 526, 352, 114, 366, 128, 352, 114, 58, 296, 750, 512, 296, 58, 394, 156, 394, 156, 324, 86, 352, 114, 366, 128, 366, 128, 484, 722, 394, 156, 282, 44, 114, 352, 114, 352, 366, 128, 16, 254, 240, 478, 722, 484, 722, 484, 722, 484, 44, 282, 764, 526, 156, 394, 58, 296, 498, 736, 498, 736, 394, 156, 128, 366, 128, 366, 394, 156, 156, 394, 484, 722, 324, 86, 764, 526, 722, 484, 296, 58, 86, 324, 750, 512, 352, 114, 86, 324, 114, 352, 484, 722, 394, 156, 394, 156, 44, 282, 366, 128, 128, 366, 366, 128, 254, 16, 16, 254, 498, 736, 498, 736, 254, 16, 394, 156, 44, 282, 254, 16, 394, 156, 352, 114, 366, 128, 394, 156, 44, 282, 722, 484, 498, 736, 366, 128, 722, 484, 394, 156, 128, 366, 128, 366, 296, 58, 394, 156, 394, 156, 408, 170, 254, 16, 58, 296, 296, 58, 324, 86, 352, 114, 498, 736, 254, 16, 352, 114, 16, 254, 16, 254, 498, 736, 498, 736, 394, 156, 44, 282, 296, 58, 352, 114, 282, 44, 352, 114, 366, 128, 394, 156, 408, 170, 366, 128, 366, 128, 722, 484, 282, 44, 736, 498, 296, 58, 254, 16, 156, 394, 498, 736, 498, 736, 366, 128, 722, 484, 366, 128, 254, 16, 254, 16, 526, 764, 58, 296, 366, 128, 764, 526, 394, 156, 394, 156, 352, 114, 16, 254, 44, 282, 44, 282, 156, 394, 722, 484, 750, 512, 58, 296, 352, 114, 44, 282, 44, 282, 498, 736, 366, 128, 512, 750, 722, 484, 352, 114, 498, 736, 484, 722, 526, 764, 352, 114, 484, 722, 736, 498, 736, 498, 722, 484, 58, 296, 736, 498, 394, 156, 44, 282, 736, 498, 86, 324, 764, 526, 722, 484, 366, 128, 498, 736, 366, 128, 366, 128, 282, 44, 114, 352, 484, 722, 736, 498, 512, 750, 722, 484, 44, 282, 352, 114, 352, 114, 352, 114, 394, 156, 394, 156, 394, 156, 736, 498, 44, 282, 156, 394, 58, 296, 366, 128, 44, 282, 366, 128, 498, 736, 352, 114, 366, 128, 44, 282, 722, 484, 324, 86, 366, 128, 498, 736, 296, 58, 324, 86, 736, 498, 352, 114, 722, 484, 44, 282, 44, 282, 764, 526, 722, 484, 484, 722, 282, 44, 366, 128, 722, 484, 296, 58, 366, 128, 394, 156, 156, 394, 44, 282, 128, 366, 156, 394, 750, 512, 58, 296, 352, 114, 114, 352, 366, 128, 394, 156, 366, 128, 366, 128, 352, 114, 722, 484, 352, 114, 44, 282, 296, 58, 366, 128, 296, 58, 366, 128, 44, 282, 366, 128, 394, 156, 44, 282, 366, 128, 44, 282, 366, 128, 366, 128, 282, 44, 128, 366, 764, 526, 58, 296, 722, 484, 736, 498, 722, 484, 44, 282, 722, 484, 366, 128, 114, 352, 484, 722, 44, 282, 16, 254, 16, 254, 764, 526, 44, 282, 352, 114, 16, 254, 722, 484, 750, 512, 324, 86, 736, 498, 722, 484, 352, 114, 366, 128, 366, 128, 352, 114, 352, 114, 498, 736, 722, 484, 282, 44, 366, 128, 114, 352, 58, 296, 722, 484, 366, 128, 366, 128, 352, 114, 366, 128, 352, 114, 366, 128, 394, 156, 366, 128, 750, 512, 282, 44, 394, 156, 352, 114, 366, 128, 296, 58, 366, 128, 352, 114, 44, 282, 44, 282, 366, 128, 394, 156, 114, 352, 352, 114, 366, 128, 366, 128, 764, 526, 366, 128, 722, 484, 366, 128, 44, 282, 366, 128, 44, 282, 366, 128, 114, 352, 44, 282, 366, 128, 44, 282, 366, 128, 366, 128, 366, 128, 722, 484, 366, 128, 394, 156, 394, 156, 58, 296, 394, 156, 366, 128, 498, 736, 44, 282, 722, 484, 366, 128, 366, 128, 366, 128, 722, 484, 366, 128, 366, 128, 722, 484, 366, 128, 366, 128, 352, 114, 114, 352, 366, 128, 44, 282, 366, 128, 722, 484, 366, 128, 366, 128, 44, 282, 366, 128, 366, 128, 366, 128, 366, 128, 296, 58, 366, 128, 44, 282, 366, 128, 58, 296, 156, 394, 484, 722, 484, 722, 366, 128, 366, 128, 44, 282, 352, 114, 44, 282, 366, 128, 282, 44, 58, 296, 352, 114, 366, 128, 44, 282, 366, 128, 114, 352, 44, 282, 366, 128, 114, 352, 44, 282, 366, 128, 44, 282, 366, 128, 722, 484, 282, 44, 722, 484, 366, 128, 282, 44, 366, 128, 128, 366, 352, 114, 44, 282, 394, 156, 736, 498, 722, 484, 156, 394, 44, 282, 128, 366, 44, 282, 296, 58, 366, 128, 44, 282, 722, 484, 58, 296, 366, 128, 722, 484, 366, 128, 156, 394, 366, 128, 722, 484, 352, 114, 44, 282, 366, 128, 352, 114, 722, 484, 44, 282, 484, 722, 352, 114, 366, 128, 366, 128, 366, 128, 44, 282, 366, 128, 366, 128, 366, 128, 44, 282, 114, 352, 352, 114, 352, 114, 352, 114}
Number of lables used:  26
Total time: 1.01 seconds
Memory used: 69.33 MB
--------------------------------------------------

Trying with at most 25 labels...
Solution:
{498, 736, 498, 736, 156, 394, 58, 296, 394, 156, 526, 764, 254, 16, 156, 394, 526, 764, 114, 352, 764, 526, 282, 44, 58, 296, 58, 296, 526, 764, 736, 498, 86, 324, 736, 498, 114, 352, 296, 58, 526, 764, 86, 324, 736, 498, 526, 764, 296, 58, 156, 394, 736, 498, 156, 394, 352, 114, 366, 128, 296, 58, 736, 498, 324, 86, 764, 526, 394, 156, 296, 58, 156, 394, 86, 324, 128, 366, 366, 128, 296, 58, 498, 736, 156, 394, 58, 296, 16, 254, 44, 282, 366, 128, 324, 86, 394, 156, 156, 394, 764, 526, 352, 114, 366, 128, 352, 114, 58, 296, 764, 526, 296, 58, 394, 156, 394, 156, 324, 86, 352, 114, 366, 128, 366, 128, 526, 764, 394, 156, 282, 44, 114, 352, 114, 352, 366, 128, 282, 44, 478, 240, 736, 498, 736, 498, 394, 156, 44, 282, 764, 526, 156, 394, 58, 296, 526, 764, 498, 736, 394, 156, 128, 366, 128, 366, 394, 156, 156, 394, 128, 366, 324, 86, 764, 526, 498, 736, 282, 44, 86, 324, 128, 366, 352, 114, 86, 324, 114, 352, 526, 764, 156, 394, 394, 156, 44, 282, 764, 526, 128, 366, 366, 128, 254, 16, 16, 254, 498, 736, 498, 736, 254, 16, 394, 156, 142, 380, 254, 16, 394, 156, 352, 114, 366, 128, 394, 156, 44, 282, 736, 498, 526, 764, 366, 128, 764, 526, 394, 156, 128, 366, 128, 366, 736, 498, 366, 128, 352, 114, 380, 142, 254, 16, 58, 296, 296, 58, 324, 86, 352, 114, 498, 736, 282, 44, 352, 114, 16, 254, 16, 254, 526, 764, 526, 764, 394, 156, 44, 282, 296, 58, 352, 114, 282, 44, 352, 114, 366, 128, 394, 156, 478, 240, 352, 114, 366, 128, 764, 526, 394, 156, 736, 498, 296, 58, 58, 296, 156, 394, 526, 764, 526, 764, 366, 128, 736, 498, 366, 128, 254, 16, 254, 16, 86, 324, 16, 254, 366, 128, 526, 764, 394, 156, 394, 156, 352, 114, 128, 366, 44, 282, 44, 282, 156, 394, 736, 498, 282, 44, 58, 296, 352, 114, 58, 296, 44, 282, 498, 736, 366, 128, 526, 764, 380, 142, 282, 44, 498, 736, 526, 764, 526, 764, 282, 44, 526, 764, 736, 498, 142, 380, 764, 526, 86, 324, 736, 498, 394, 156, 86, 324, 764, 526, 58, 296, 764, 526, 764, 526, 352, 114, 526, 764, 296, 58, 366, 128, 282, 44, 114, 352, 498, 736, 736, 498, 498, 736, 764, 526, 44, 282, 352, 114, 352, 114, 352, 114, 394, 156, 394, 156, 394, 156, 736, 498, 324, 86, 156, 394, 58, 296, 366, 128, 44, 282, 366, 128, 498, 736, 352, 114, 366, 128, 16, 254, 736, 498, 324, 86, 366, 128, 498, 736, 296, 58, 324, 86, 736, 498, 352, 114, 366, 128, 142, 380, 114, 352, 282, 44, 282, 44, 498, 736, 282, 44, 366, 128, 142, 380, 296, 58, 366, 128, 394, 156, 156, 394, 44, 282, 128, 366, 156, 394, 764, 526, 58, 296, 352, 114, 114, 352, 366, 128, 394, 156, 366, 128, 366, 128, 352, 114, 736, 498, 352, 114, 44, 282, 296, 58, 366, 128, 254, 16, 366, 128, 44, 282, 366, 128, 16, 254, 44, 282, 366, 128, 44, 282, 366, 128, 394, 156, 282, 44, 128, 366, 764, 526, 58, 296, 736, 498, 736, 498, 736, 498, 44, 282, 128, 366, 498, 736, 282, 44, 380, 142, 156, 394, 16, 254, 44, 282, 736, 498, 44, 282, 352, 114, 16, 254, 736, 498, 736, 498, 324, 86, 296, 58, 736, 498, 352, 114, 366, 128, 366, 128, 352, 114, 352, 114, 380, 142, 380, 142, 142, 380, 736, 498, 114, 352, 114, 352, 736, 498, 366, 128, 366, 128, 352, 114, 366, 128, 352, 114, 366, 128, 394, 156, 366, 128, 736, 498, 282, 44, 394, 156, 352, 114, 366, 128, 296, 58, 324, 86, 352, 114, 44, 282, 44, 282, 366, 128, 394, 156, 44, 282, 352, 114, 366, 128, 366, 128, 764, 526, 366, 128, 736, 498, 366, 128, 44, 282, 366, 128, 44, 282, 366, 128, 114, 352, 44, 282, 366, 128, 44, 282, 366, 128, 366, 128, 366, 128, 736, 498, 366, 128, 394, 156, 394, 156, 58, 296, 394, 156, 352, 114, 526, 764, 44, 282, 736, 498, 366, 128, 366, 128, 366, 128, 764, 526, 366, 128, 366, 128, 736, 498, 366, 128, 366, 128, 380, 142, 114, 352, 366, 128, 44, 282, 366, 128, 736, 498, 366, 128, 366, 128, 58, 296, 366, 128, 366, 128, 366, 128, 366, 128, 324, 86, 352, 114, 114, 352, 366, 128, 58, 296, 156, 394, 16, 254, 16, 254, 366, 128, 366, 128, 44, 282, 352, 114, 44, 282, 366, 128, 282, 44, 58, 296, 352, 114, 380, 142, 44, 282, 366, 128, 114, 352, 44, 282, 366, 128, 114, 352, 44, 282, 352, 114, 44, 282, 366, 128, 764, 526, 296, 58, 114, 352, 352, 114, 282, 44, 366, 128, 128, 366, 352, 114, 44, 282, 394, 156, 764, 526, 736, 498, 156, 394, 44, 282, 128, 366, 44, 282, 296, 58, 366, 128, 44, 282, 736, 498, 498, 736, 366, 128, 736, 498, 366, 128, 156, 394, 366, 128, 736, 498, 352, 114, 44, 282, 366, 128, 296, 58, 764, 526, 44, 282, 498, 736, 352, 114, 366, 128, 366, 128, 366, 128, 44, 282, 366, 128, 366, 128, 366, 128, 44, 282, 114, 352, 296, 58, 352, 114, 352, 114}
Number of lables used:  22
Total time: 1.04 seconds
Memory used: 69.90 MB
--------------------------------------------------

Trying with at most 21 labels...
Solution:
{498, 736, 30, 268, 142, 380, 366, 128, 498, 736, 498, 736, 30, 268, 142, 380, 366, 128, 114, 352, 736, 498, 282, 44, 128, 366, 128, 366, 30, 268, 736, 498, 764, 526, 142, 380, 114, 352, 30, 268, 352, 114, 498, 736, 142, 380, 764, 526, 282, 44, 268, 30, 736, 498, 100, 338, 282, 44, 142, 380, 338, 100, 352, 114, 736, 498, 498, 736, 142, 380, 352, 114, 128, 366, 44, 282, 142, 380, 366, 128, 282, 44, 764, 526, 128, 366, 128, 366, 44, 282, 142, 380, 352, 114, 282, 44, 498, 736, 100, 338, 142, 380, 352, 114, 366, 128, 268, 30, 114, 352, 282, 44, 114, 352, 128, 366, 142, 380, 736, 498, 282, 44, 366, 128, 366, 128, 498, 736, 282, 44, 352, 114, 44, 282, 142, 380, 736, 498, 44, 282, 170, 408, 736, 498, 736, 498, 380, 142, 282, 44, 30, 268, 352, 114, 114, 352, 498, 736, 498, 736, 366, 128, 142, 380, 142, 380, 380, 142, 100, 338, 114, 352, 352, 114, 498, 736, 764, 526, 128, 366, 282, 44, 338, 100, 352, 114, 142, 380, 268, 30, 526, 764, 352, 114, 114, 352, 44, 282, 366, 128, 128, 366, 44, 282, 352, 114, 498, 736, 498, 736, 498, 736, 380, 142, 128, 366, 750, 512, 142, 380, 736, 498, 352, 114, 366, 128, 380, 142, 282, 44, 736, 498, 498, 736, 366, 128, 366, 128, 338, 100, 128, 366, 128, 366, 736, 498, 366, 128, 352, 114, 142, 380, 44, 282, 44, 282, 366, 128, 736, 498, 352, 114, 498, 736, 282, 44, 352, 114, 380, 142, 44, 282, 526, 764, 526, 764, 352, 114, 114, 352, 366, 128, 366, 128, 268, 30, 352, 114, 380, 142, 736, 498, 380, 142, 352, 114, 366, 128, 764, 526, 30, 268, 352, 114, 736, 498, 114, 352, 338, 100, 30, 268, 526, 764, 366, 128, 736, 498, 366, 128, 30, 268, 30, 268, 142, 380, 30, 268, 366, 128, 764, 526, 352, 114, 380, 142, 366, 128, 128, 366, 142, 380, 128, 366, 282, 44, 764, 526, 380, 142, 526, 764, 736, 498, 100, 338, 114, 352, 282, 44, 366, 128, 498, 736, 142, 380, 352, 114, 142, 380, 44, 282, 366, 128, 498, 736, 526, 764, 352, 114, 282, 44, 498, 736, 268, 30, 282, 44, 268, 30, 114, 352, 736, 498, 128, 366, 736, 498, 736, 498, 764, 526, 282, 44, 30, 268, 366, 128, 282, 44, 142, 380, 498, 736, 380, 142, 380, 142, 736, 498, 142, 380, 282, 44, 282, 44, 352, 114, 44, 282, 366, 128, 44, 282, 736, 498, 352, 114, 380, 142, 44, 282, 366, 128, 44, 282, 366, 128, 512, 750, 352, 114, 366, 128, 526, 764, 526, 764, 736, 498, 44, 282, 268, 30, 366, 128, 338, 100, 142, 380, 352, 114, 380, 142, 380, 142, 366, 128, 338, 100, 268, 30, 114, 352, 282, 44, 366, 128, 380, 142, 268, 30, 114, 352, 366, 128, 100, 338, 380, 142, 44, 282, 282, 44, 736, 498, 30, 268, 366, 128, 282, 44, 380, 142, 30, 268, 44, 282, 366, 128, 352, 114, 736, 498, 352, 114, 282, 44, 352, 114, 366, 128, 282, 44, 352, 114, 142, 380, 366, 128, 30, 268, 282, 44, 366, 128, 114, 352, 366, 128, 366, 128, 44, 282, 128, 366, 526, 764, 142, 380, 352, 114, 282, 44, 736, 498, 114, 352, 736, 498, 282, 44, 128, 366, 44, 282, 282, 44, 764, 526, 44, 282, 736, 498, 44, 282, 352, 114, 366, 128, 352, 114, 128, 366, 736, 498, 142, 380, 498, 736, 352, 114, 366, 128, 366, 128, 352, 114, 352, 114, 380, 142, 498, 736, 380, 142, 44, 282, 526, 764, 366, 128, 736, 498, 268, 30, 366, 128, 366, 128, 380, 142, 282, 44, 366, 128, 380, 142, 366, 128, 736, 498, 380, 142, 380, 142, 764, 526, 366, 128, 268, 30, 30, 268, 352, 114, 338, 100, 380, 142, 366, 128, 30, 268, 282, 44, 128, 366, 366, 128, 366, 128, 268, 30, 366, 128, 736, 498, 366, 128, 114, 352, 366, 128, 114, 352, 366, 128, 736, 498, 114, 352, 366, 128, 44, 282, 366, 128, 366, 128, 366, 128, 736, 498, 366, 128, 380, 142, 338, 100, 128, 366, 352, 114, 352, 114, 526, 764, 30, 268, 736, 498, 282, 44, 366, 128, 366, 128, 380, 142, 736, 498, 366, 128, 736, 498, 366, 128, 366, 128, 498, 736, 128, 366, 366, 128, 282, 44, 366, 128, 736, 498, 366, 128, 380, 142, 44, 282, 114, 352, 282, 44, 338, 100, 380, 142, 114, 352, 512, 750, 750, 512, 142, 380, 44, 282, 512, 750, 30, 268, 30, 268, 114, 352, 100, 338, 282, 44, 128, 366, 44, 282, 366, 128, 44, 282, 128, 366, 736, 498, 100, 338, 30, 268, 366, 128, 114, 352, 100, 338, 366, 128, 498, 736, 352, 114, 128, 366, 30, 268, 366, 128, 736, 498, 114, 352, 282, 44, 750, 512, 268, 30, 366, 128, 338, 100, 44, 282, 30, 268, 380, 142, 282, 44, 736, 498, 100, 338, 30, 268, 526, 764, 736, 498, 282, 44, 114, 352, 338, 100, 764, 526, 498, 736, 268, 30, 498, 736, 366, 128, 100, 338, 366, 128, 736, 498, 352, 114, 114, 352, 366, 128, 352, 114, 736, 498, 114, 352, 44, 282, 352, 114, 366, 128, 380, 142, 366, 128, 380, 142, 498, 736, 366, 128, 352, 114, 526, 764, 282, 44, 114, 352, 352, 114, 352, 114}
Number of lables used:  20
Total time: 1.09 seconds
Memory used: 69.91 MB
--------------------------------------------------

Trying with at most 19 labels...
Solution:
{498, 736, 30, 268, 142, 380, 366, 128, 498, 736, 498, 736, 30, 268, 142, 380, 380, 142, 114, 352, 736, 498, 282, 44, 128, 366, 128, 366, 30, 268, 736, 498, 764, 526, 142, 380, 114, 352, 30, 268, 352, 114, 498, 736, 142, 380, 764, 526, 282, 44, 268, 30, 736, 498, 128, 366, 282, 44, 142, 380, 338, 100, 352, 114, 736, 498, 498, 736, 142, 380, 352, 114, 128, 366, 44, 282, 142, 380, 366, 128, 282, 44, 764, 526, 128, 366, 128, 366, 44, 282, 142, 380, 352, 114, 282, 44, 498, 736, 128, 366, 142, 380, 352, 114, 366, 128, 268, 30, 114, 352, 282, 44, 114, 352, 142, 380, 142, 380, 736, 498, 282, 44, 366, 128, 338, 100, 498, 736, 282, 44, 352, 114, 44, 282, 142, 380, 498, 736, 44, 282, 240, 478, 736, 498, 736, 498, 380, 142, 282, 44, 30, 268, 352, 114, 114, 352, 498, 736, 498, 736, 366, 128, 142, 380, 142, 380, 380, 142, 100, 338, 114, 352, 352, 114, 498, 736, 764, 526, 128, 366, 282, 44, 338, 100, 352, 114, 142, 380, 268, 30, 526, 764, 352, 114, 114, 352, 44, 282, 366, 128, 100, 338, 44, 282, 352, 114, 282, 44, 498, 736, 498, 736, 380, 142, 128, 366, 526, 764, 142, 380, 736, 498, 352, 114, 366, 128, 380, 142, 282, 44, 736, 498, 498, 736, 366, 128, 366, 128, 338, 100, 128, 366, 128, 366, 736, 498, 366, 128, 352, 114, 142, 380, 44, 282, 44, 282, 366, 128, 736, 498, 352, 114, 498, 736, 282, 44, 352, 114, 380, 142, 44, 282, 526, 764, 526, 764, 352, 114, 114, 352, 366, 128, 366, 128, 268, 30, 352, 114, 380, 142, 736, 498, 380, 142, 352, 114, 366, 128, 764, 526, 30, 268, 352, 114, 736, 498, 114, 352, 338, 100, 30, 268, 526, 764, 366, 128, 736, 498, 366, 128, 30, 268, 30, 268, 142, 380, 30, 268, 366, 128, 764, 526, 352, 114, 380, 142, 366, 128, 128, 366, 142, 380, 128, 366, 282, 44, 764, 526, 380, 142, 526, 764, 736, 498, 100, 338, 114, 352, 282, 44, 366, 128, 498, 736, 142, 380, 352, 114, 526, 764, 44, 282, 366, 128, 498, 736, 142, 380, 352, 114, 282, 44, 498, 736, 268, 30, 282, 44, 268, 30, 114, 352, 736, 498, 128, 366, 736, 498, 736, 498, 764, 526, 282, 44, 30, 268, 366, 128, 282, 44, 142, 380, 498, 736, 380, 142, 380, 142, 736, 498, 142, 380, 282, 44, 282, 44, 352, 114, 44, 282, 366, 128, 44, 282, 736, 498, 352, 114, 268, 30, 44, 282, 366, 128, 44, 282, 366, 128, 526, 764, 352, 114, 366, 128, 526, 764, 526, 764, 736, 498, 44, 282, 268, 30, 366, 128, 338, 100, 142, 380, 352, 114, 380, 142, 380, 142, 366, 128, 338, 100, 268, 30, 114, 352, 282, 44, 366, 128, 380, 142, 268, 30, 114, 352, 366, 128, 128, 366, 380, 142, 100, 338, 282, 44, 736, 498, 30, 268, 366, 128, 282, 44, 380, 142, 30, 268, 44, 282, 366, 128, 352, 114, 736, 498, 352, 114, 282, 44, 352, 114, 366, 128, 282, 44, 352, 114, 142, 380, 366, 128, 30, 268, 282, 44, 366, 128, 114, 352, 366, 128, 366, 128, 44, 282, 128, 366, 526, 764, 142, 380, 352, 114, 282, 44, 736, 498, 114, 352, 736, 498, 282, 44, 128, 366, 44, 282, 282, 44, 764, 526, 44, 282, 736, 498, 44, 282, 352, 114, 366, 128, 352, 114, 128, 366, 736, 498, 142, 380, 498, 736, 352, 114, 366, 128, 366, 128, 352, 114, 352, 114, 380, 142, 498, 736, 380, 142, 44, 282, 526, 764, 366, 128, 736, 498, 268, 30, 366, 128, 366, 128, 380, 142, 282, 44, 366, 128, 380, 142, 366, 128, 736, 498, 380, 142, 380, 142, 764, 526, 366, 128, 268, 30, 30, 268, 352, 114, 366, 128, 380, 142, 366, 128, 30, 268, 282, 44, 128, 366, 366, 128, 366, 128, 268, 30, 366, 128, 736, 498, 366, 128, 114, 352, 366, 128, 114, 352, 366, 128, 736, 498, 114, 352, 366, 128, 44, 282, 366, 128, 366, 128, 366, 128, 736, 498, 366, 128, 380, 142, 338, 100, 128, 366, 352, 114, 352, 114, 526, 764, 30, 268, 736, 498, 282, 44, 366, 128, 366, 128, 380, 142, 736, 498, 366, 128, 736, 498, 366, 128, 366, 128, 498, 736, 128, 366, 366, 128, 282, 44, 366, 128, 736, 498, 366, 128, 380, 142, 44, 282, 114, 352, 282, 44, 338, 100, 380, 142, 114, 352, 380, 142, 764, 526, 142, 380, 44, 282, 498, 736, 30, 268, 30, 268, 114, 352, 100, 338, 282, 44, 128, 366, 44, 282, 366, 128, 44, 282, 128, 366, 736, 498, 100, 338, 30, 268, 366, 128, 114, 352, 100, 338, 366, 128, 498, 736, 352, 114, 128, 366, 30, 268, 366, 128, 736, 498, 114, 352, 282, 44, 764, 526, 268, 30, 366, 128, 338, 100, 44, 282, 30, 268, 380, 142, 282, 44, 736, 498, 100, 338, 30, 268, 526, 764, 736, 498, 282, 44, 114, 352, 338, 100, 764, 526, 498, 736, 268, 30, 498, 736, 366, 128, 100, 338, 366, 128, 736, 498, 352, 114, 114, 352, 366, 128, 352, 114, 736, 498, 114, 352, 44, 282, 352, 114, 366, 128, 380, 142, 366, 128, 380, 142, 498, 736, 366, 128, 352, 114, 526, 764, 282, 44, 114, 352, 352, 114, 352, 114}
Number of lables used:  18
Total time: 1.10 seconds
Memory used: 69.91 MB
--------------------------------------------------

Trying with at most 17 labels...
Solution:
{764, 526, 30, 268, 142, 380, 366, 128, 498, 736, 498, 736, 30, 268, 142, 380, 380, 142, 114, 352, 736, 498, 282, 44, 128, 366, 128, 366, 30, 268, 736, 498, 764, 526, 142, 380, 114, 352, 30, 268, 352, 114, 498, 736, 142, 380, 764, 526, 282, 44, 268, 30, 736, 498, 128, 366, 282, 44, 142, 380, 366, 128, 352, 114, 764, 526, 498, 736, 142, 380, 352, 114, 128, 366, 44, 282, 142, 380, 366, 128, 282, 44, 764, 526, 128, 366, 142, 380, 44, 282, 142, 380, 352, 114, 282, 44, 498, 736, 128, 366, 142, 380, 352, 114, 366, 128, 268, 30, 114, 352, 114, 352, 114, 352, 142, 380, 142, 380, 736, 498, 282, 44, 366, 128, 380, 142, 498, 736, 282, 44, 352, 114, 44, 282, 142, 380, 498, 736, 44, 282, 240, 478, 736, 498, 736, 498, 380, 142, 282, 44, 380, 142, 44, 282, 114, 352, 498, 736, 498, 736, 380, 142, 142, 380, 142, 380, 380, 142, 30, 268, 114, 352, 352, 114, 498, 736, 764, 526, 128, 366, 114, 352, 268, 30, 352, 114, 142, 380, 268, 30, 764, 526, 352, 114, 114, 352, 44, 282, 366, 128, 498, 736, 44, 282, 30, 268, 282, 44, 498, 736, 498, 736, 380, 142, 44, 282, 526, 764, 142, 380, 736, 498, 352, 114, 366, 128, 380, 142, 282, 44, 736, 498, 498, 736, 366, 128, 366, 128, 268, 30, 498, 736, 498, 736, 526, 764, 352, 114, 352, 114, 142, 380, 44, 282, 44, 282, 366, 128, 736, 498, 352, 114, 498, 736, 282, 44, 352, 114, 380, 142, 44, 282, 526, 764, 526, 764, 352, 114, 114, 352, 366, 128, 366, 128, 268, 30, 352, 114, 380, 142, 736, 498, 380, 142, 44, 282, 366, 128, 764, 526, 44, 282, 352, 114, 736, 498, 282, 44, 764, 526, 142, 380, 142, 380, 366, 128, 736, 498, 366, 128, 30, 268, 30, 268, 142, 380, 526, 764, 366, 128, 764, 526, 352, 114, 380, 142, 366, 128, 128, 366, 142, 380, 128, 366, 282, 44, 764, 526, 380, 142, 526, 764, 736, 498, 128, 366, 114, 352, 268, 30, 366, 128, 498, 736, 142, 380, 352, 114, 764, 526, 44, 282, 526, 764, 736, 498, 380, 142, 736, 498, 282, 44, 498, 736, 114, 352, 282, 44, 268, 30, 114, 352, 736, 498, 128, 366, 736, 498, 352, 114, 764, 526, 282, 44, 736, 498, 366, 128, 282, 44, 142, 380, 498, 736, 380, 142, 380, 142, 736, 498, 142, 380, 282, 44, 282, 44, 352, 114, 44, 282, 366, 128, 44, 282, 736, 498, 352, 114, 498, 736, 44, 282, 366, 128, 44, 282, 366, 128, 764, 526, 352, 114, 366, 128, 526, 764, 526, 764, 736, 498, 44, 282, 268, 30, 380, 142, 352, 114, 736, 498, 352, 114, 380, 142, 380, 142, 282, 44, 282, 44, 268, 30, 114, 352, 352, 114, 366, 128, 380, 142, 268, 30, 114, 352, 366, 128, 128, 366, 380, 142, 142, 380, 282, 44, 764, 526, 30, 268, 366, 128, 282, 44, 380, 142, 30, 268, 44, 282, 366, 128, 352, 114, 736, 498, 352, 114, 282, 44, 352, 114, 366, 128, 30, 268, 352, 114, 142, 380, 366, 128, 30, 268, 282, 44, 366, 128, 114, 352, 366, 128, 366, 128, 44, 282, 128, 366, 526, 764, 142, 380, 352, 114, 282, 44, 736, 498, 114, 352, 736, 498, 282, 44, 128, 366, 268, 30, 268, 30, 764, 526, 44, 282, 736, 498, 44, 282, 352, 114, 366, 128, 352, 114, 30, 268, 736, 498, 142, 380, 498, 736, 352, 114, 366, 128, 366, 128, 352, 114, 352, 114, 380, 142, 498, 736, 380, 142, 44, 282, 526, 764, 282, 44, 736, 498, 30, 268, 366, 128, 366, 128, 380, 142, 282, 44, 366, 128, 380, 142, 366, 128, 764, 526, 352, 114, 380, 142, 764, 526, 366, 128, 268, 30, 30, 268, 352, 114, 366, 128, 282, 44, 366, 128, 352, 114, 282, 44, 128, 366, 366, 128, 366, 128, 268, 30, 366, 128, 736, 498, 366, 128, 114, 352, 366, 128, 114, 352, 366, 128, 736, 498, 114, 352, 366, 128, 44, 282, 366, 128, 366, 128, 366, 128, 736, 498, 366, 128, 380, 142, 268, 30, 128, 366, 352, 114, 44, 282, 526, 764, 30, 268, 736, 498, 282, 44, 366, 128, 366, 128, 380, 142, 736, 498, 366, 128, 736, 498, 366, 128, 366, 128, 282, 44, 44, 282, 366, 128, 268, 30, 366, 128, 736, 498, 366, 128, 380, 142, 44, 282, 114, 352, 282, 44, 366, 128, 380, 142, 114, 352, 764, 526, 764, 526, 142, 380, 44, 282, 498, 736, 366, 128, 268, 30, 114, 352, 128, 366, 282, 44, 128, 366, 44, 282, 366, 128, 44, 282, 128, 366, 736, 498, 128, 366, 30, 268, 366, 128, 114, 352, 44, 282, 366, 128, 498, 736, 352, 114, 128, 366, 30, 268, 366, 128, 764, 526, 114, 352, 282, 44, 764, 526, 268, 30, 366, 128, 352, 114, 44, 282, 30, 268, 380, 142, 282, 44, 736, 498, 114, 352, 30, 268, 498, 736, 764, 526, 282, 44, 114, 352, 282, 44, 764, 526, 498, 736, 30, 268, 498, 736, 366, 128, 736, 498, 366, 128, 736, 498, 352, 114, 44, 282, 366, 128, 352, 114, 736, 498, 114, 352, 44, 282, 352, 114, 366, 128, 380, 142, 366, 128, 380, 142, 498, 736, 366, 128, 352, 114, 526, 764, 282, 44, 114, 352, 352, 114, 352, 114}
Number of lables used:  16
Total time: 1.12 seconds
Memory used: 69.93 MB
--------------------------------------------------

Trying with at most 15 labels...
[runlim] sample:		9.7 time, 10.7 real, 71.6 MB
[runlim] sample:		19.4 time, 20.7 real, 75.0 MB
[runlim] sample:		29.1 time, 29.8 real, 94.6 MB
[runlim] sample:		38.9 time, 39.8 real, 113.6 MB
[runlim] sample:		48.6 time, 49.8 real, 124.9 MB
[runlim] sample:		58.2 time, 58.8 real, 125.6 MB
[runlim] sample:		68.0 time, 68.8 real, 125.6 MB
[runlim] sample:		77.7 time, 78.8 real, 125.6 MB
[runlim] sample:		87.4 time, 87.9 real, 125.6 MB
[runlim] sample:		97.2 time, 97.9 real, 125.6 MB
[runlim] sample:		106.8 time, 107.9 real, 125.6 MB
[runlim] sample:		116.5 time, 116.9 real, 125.6 MB
[runlim] sample:		126.3 time, 126.9 real, 125.6 MB
[runlim] sample:		136.0 time, 136.9 real, 125.6 MB
[runlim] sample:		145.7 time, 146.9 real, 125.6 MB
[runlim] sample:		155.4 time, 156.0 real, 125.6 MB
[runlim] sample:		165.1 time, 166.0 real, 125.6 MB
[runlim] sample:		174.8 time, 176.0 real, 125.6 MB
[runlim] sample:		184.6 time, 185.1 real, 125.6 MB
[runlim] sample:		194.3 time, 195.1 real, 125.6 MB
[runlim] sample:		204.0 time, 205.1 real, 125.6 MB
[runlim] sample:		213.7 time, 214.2 real, 125.6 MB
[runlim] sample:		223.4 time, 224.2 real, 125.6 MB
[runlim] sample:		233.1 time, 234.2 real, 125.6 MB
[runlim] sample:		242.9 time, 243.3 real, 125.6 MB
[runlim] sample:		252.6 time, 253.3 real, 125.6 MB
[runlim] sample:		262.3 time, 263.3 real, 125.6 MB
[runlim] sample:		272.0 time, 273.3 real, 125.6 MB
[runlim] sample:		281.7 time, 282.3 real, 125.6 MB
[runlim] sample:		291.4 time, 292.3 real, 125.6 MB
[runlim] sample:		301.1 time, 302.3 real, 125.6 MB
[runlim] sample:		310.9 time, 311.4 real, 125.6 MB
[runlim] sample:		320.6 time, 321.4 real, 125.7 MB
[runlim] sample:		330.3 time, 331.4 real, 125.7 MB
[runlim] sample:		340.0 time, 340.4 real, 125.7 MB
[runlim] sample:		349.7 time, 350.4 real, 125.7 MB
[runlim] sample:		359.4 time, 360.4 real, 155.3 MB
[runlim] sample:		369.1 time, 369.5 real, 125.7 MB
[runlim] sample:		378.9 time, 379.5 real, 125.7 MB
[runlim] sample:		388.5 time, 389.5 real, 125.7 MB
[runlim] sample:		398.2 time, 399.5 real, 125.7 MB
[runlim] sample:		408.1 time, 409.5 real, 155.6 MB
[runlim] sample:		417.9 time, 418.3 real, 125.7 MB
[runlim] sample:		427.6 time, 428.3 real, 125.7 MB
[runlim] sample:		437.2 time, 438.3 real, 157.8 MB
[runlim] sample:		447.0 time, 448.3 real, 125.7 MB
[runlim] sample:		456.8 time, 457.4 real, 125.7 MB
[runlim] sample:		466.4 time, 467.4 real, 125.7 MB
[runlim] sample:		476.1 time, 477.4 real, 125.7 MB
[runlim] sample:		485.9 time, 486.5 real, 155.6 MB
[runlim] sample:		495.6 time, 496.5 real, 159.6 MB
[runlim] sample:		505.2 time, 506.5 real, 125.7 MB
[runlim] sample:		515.1 time, 515.6 real, 155.8 MB
[runlim] sample:		524.7 time, 525.6 real, 125.8 MB
[runlim] sample:		534.5 time, 535.6 real, 125.8 MB
[runlim] sample:		544.2 time, 544.7 real, 156.2 MB
[runlim] sample:		554.0 time, 554.7 real, 160.9 MB
[runlim] sample:		563.6 time, 564.7 real, 125.8 MB
[runlim] sample:		573.3 time, 574.7 real, 156.2 MB
[runlim] sample:		583.2 time, 583.7 real, 160.8 MB
[runlim] sample:		592.8 time, 593.7 real, 125.8 MB
[runlim] end:			Thu Dec 11 19:24:22 2025
[runlim] status:		out of time
[runlim] result:		2
[runlim] children:		0
[runlim] real:			600.02 seconds
[runlim] time:			598.85 seconds
[runlim] space:			161.2 MB
[runlim] samples:		6163
