[runlim] version:		1.10
[runlim] time limit:		311040000 seconds
[runlim] real time limit:	600 seconds
[runlim] space limit:		14000 MB
[runlim] argv[0]:		python3
[runlim] argv[1]:		cp.py
[runlim] argv[2]:		graph11
[runlim] start:			Sun Jan 25 07:49:44 2026
[runlim] main pid:		11162
[runlim] sample:		9.9 time, 10.1 real, 676.8 MB
Building CP model...
Solving CP Optimizer...
 ! --------------------------------------------------- CP Optimizer 22.1.1.0 --
 ! Minimization problem - 16862 variables, 732818 constraints
 ! LogVerbosity         = Terse
 ! Initial process time : 2.81s (2.79s extraction + 0.03s propagation)
 !  . Log search space  : 16856.0 (before), 16856.0 (after)
 !  . Memory usage      : 157.6 MB (before), 157.6 MB (after)
 ! Using parallel search with 12 workers.
 ! ----------------------------------------------------------------------------
 !          Best Branches  Non-fixed    W       Branch decision
                        0      16862                 -
 + New bound is 0
 ! ----------------------------------------------------------------------------
 ! Search completed, model has no solution.
 ! Best bound             : 0
 ! ----------------------------------------------------------------------------
 ! Number of branches     : 0
 ! Number of fails        : 0
 ! Total memory usage     : 658.9 MB (654.9 MB CP Optimizer + 4.0 MB Concert)
 ! Time spent in solve    : 2.86s (0.08s engine + 2.79s extraction)
 ! ----------------------------------------------------------------------------
No valid solution: Infeasible
[runlim] end:			Sun Jan 25 07:50:01 2026
[runlim] status:		ok
[runlim] result:		0
[runlim] children:		107
[runlim] real:			17.57 seconds
[runlim] time:			16.49 seconds
[runlim] space:			1781.1 MB
[runlim] samples:		174
