[runlim] version:		1.10
[runlim] time limit:		311040000 seconds
[runlim] real time limit:	600 seconds
[runlim] space limit:		14000 MB
[runlim] argv[0]:		python3
[runlim] argv[1]:		cp.py
[runlim] argv[2]:		scen04
[runlim] start:			Sat Jan 24 21:43:14 2026
[runlim] main pid:		114236
Building CP model...
Solving CP Optimizer...
 ! --------------------------------------------------- CP Optimizer 22.1.1.0 --
 ! Minimization problem - 2630 variables, 16797 constraints
 ! Presolve      : 13543 extractables eliminated
 ! LogVerbosity         = Terse
 ! Initial process time : 0.09s (0.09s extraction + 0.00s propagation)
 !  . Log search space  : 2166.0 (before), 2166.0 (after)
 !  . Memory usage      : 4.1 MB (before), 4.1 MB (after)
 ! Using parallel search with 12 workers.
 ! ----------------------------------------------------------------------------
 !          Best Branches  Non-fixed    W       Branch decision
                        0       2166                 -
 + New bound is 44
                        0       2166    1   F        -
 + New bound is 45
                      860        876    1   F     0 != l_408
 + New bound is 46
 *            46      276  0.24s        8      (gap is 0.00%)
 ! ----------------------------------------------------------------------------
 ! Search completed, 1 solution found.
 ! Best objective         : 46 (optimal - effective tol. is 0)
 ! Best bound             : 46
 ! ----------------------------------------------------------------------------
 ! Number of branches     : 22309
 ! Number of fails        : 6323
 ! Total memory usage     : 135.0 MB (134.4 MB CP Optimizer + 0.6 MB Concert)
 ! Time spent in solve    : 0.28s (0.19s engine + 0.09s extraction)
 ! Search speed (br. / s) : 117415.8
 ! ----------------------------------------------------------------------------

FINAL SOLUTION:
{708, 470, 296, 58, 750, 512, 16, 254, 16, 254, 268, 30, 128, 366, 750, 512, 86, 324, 380, 142, 778, 540, 414, 652, 16, 254, 652, 414, 526, 764, 296, 58, 526, 764, 128, 366, 16, 254, 30, 268, 708, 470, 156, 394, 652, 414, 72, 310, 380, 142, 30, 268, 778, 540, 72, 310, 156, 394, 156, 394, 540, 778, 142, 380, 394, 156, 722, 484, 554, 792, 296, 58, 652, 414, 554, 792, 554, 792, 142, 380, 114, 352, 142, 380, 44, 282, 652, 414, 526, 764, 296, 58, 156, 394, 86, 324, 470, 708, 338, 100, 526, 764, 652, 414, 268, 30, 526, 764, 470, 708, 86, 324, 324, 86, 708, 470, 268, 30, 142, 380, 764, 526, 16, 254, 72, 310, 792, 554, 414, 652, 764, 526, 652, 414, 44, 282, 310, 72, 792, 554, 72, 310, 72, 310, 498, 736, 792, 554, 554, 792, 394, 156, 736, 498, 442, 680, 512, 750, 170, 408, 554, 792, 30, 268, 540, 778, 380, 142, 44, 282, 456, 694, 792, 554, 394, 156, 708, 470, 484, 722, 666, 428, 310, 72, 394, 156, 254, 16, 156, 394, 156, 394, 380, 142, 352, 114, 750, 512, 792, 554, 512, 750, 778, 540, 540, 778, 540, 778, 394, 156, 156, 394, 456, 694, 72, 310, 30, 268, 58, 296, 498, 736, 282, 44, 268, 30, 498, 736, 366, 128, 428, 666, 764, 526, 282, 44, 750, 512, 694, 456, 778, 540, 540, 778, 30, 268, 352, 114, 338, 100, 428, 666, 268, 30, 694, 456, 128, 366, 778, 540, 366, 128, 708, 470, 442, 680, 282, 44, 456, 694, 268, 30, 526, 764, 380, 142, 442, 680, 680, 442, 338, 100, 114, 352, 442, 680, 750, 512, 666, 428, 778, 540, 156, 394, 652, 414, 708, 470, 44, 282, 352, 114, 498, 736, 282, 44, 142, 380, 470, 708, 310, 72, 778, 540, 456, 694, 540, 778, 484, 722, 540, 778, 680, 442, 540, 778, 540, 778, 680, 442, 44, 282, 380, 142, 128, 366, 338, 100, 352, 114, 722, 484, 296, 58, 366, 128, 296, 58, 470, 708, 708, 470, 778, 540, 338, 100, 414, 652, 338, 100, 310, 72, 44, 282, 156, 394, 666, 428, 380, 142, 456, 694, 282, 44, 366, 128, 142, 380, 694, 456, 338, 100, 750, 512, 44, 282, 428, 666, 722, 484, 792, 554, 442, 680, 554, 792, 680, 442, 764, 526, 394, 156, 694, 456, 764, 526, 128, 366, 352, 114, 526, 764, 540, 778, 778, 540, 114, 352, 680, 442, 526, 764, 540, 778, 142, 380, 540, 778, 470, 708, 30, 268, 142, 380, 778, 540, 456, 694, 366, 128, 268, 30, 666, 428, 44, 282, 428, 666, 128, 366, 268, 30, 310, 72, 44, 282, 86, 324, 338, 100, 484, 722, 470, 708, 652, 414, 338, 100, 16, 254, 394, 156, 366, 128, 526, 764, 72, 310, 142, 380, 512, 750, 366, 128, 498, 736, 30, 268, 512, 750, 44, 282, 498, 736, 100, 338, 708, 470, 58, 296, 156, 394, 72, 310, 72, 310, 708, 470, 394, 156, 792, 554, 778, 540, 540, 778, 540, 778, 736, 498, 470, 708, 268, 30, 666, 428, 792, 554, 30, 268, 72, 310, 708, 470, 268, 30, 114, 352, 512, 750, 442, 680, 540, 778, 296, 58, 44, 282, 526, 764, 652, 414, 324, 86, 666, 428, 394, 156, 652, 414, 282, 44, 268, 30, 72, 310, 44, 282, 778, 540, 296, 58, 512, 750, 666, 428, 268, 30, 708, 470, 778, 540, 526, 764, 442, 680, 114, 352, 254, 16, 526, 764, 142, 380, 512, 750, 324, 86, 680, 442, 750, 512, 296, 58, 512, 750, 16, 254, 254, 16, 470, 708, 128, 366, 512, 750, 554, 792, 296, 58, 792, 554, 296, 58, 484, 722, 498, 736, 778, 540, 792, 554, 442, 680, 366, 128, 428, 666, 156, 394, 554, 792, 142, 380, 736, 498, 540, 778, 30, 268, 72, 310, 268, 30, 666, 428, 456, 694, 526, 764, 100, 338, 268, 30, 366, 128, 58, 296, 736, 498, 86, 324, 254, 16, 268, 30, 484, 722, 128, 366}
Number of labels used: 46
[runlim] end:			Sat Jan 24 21:43:14 2026
[runlim] status:		ok
[runlim] result:		0
[runlim] children:		4
[runlim] real:			0.92 seconds
[runlim] time:			1.55 seconds
[runlim] space:			211.7 MB
[runlim] samples:		7
