[runlim] version:		1.10
[runlim] time limit:		311040000 seconds
[runlim] real time limit:	600 seconds
[runlim] space limit:		14000 MB
[runlim] argv[0]:		python3
[runlim] argv[1]:		cp.py
[runlim] argv[2]:		scen01
[runlim] start:			Sat Jan 24 21:13:14 2026
[runlim] main pid:		100883
[runlim] sample:		10.0 time, 10.2 real, 719.6 MB
[runlim] sample:		20.0 time, 20.2 real, 2599.3 MB
Building CP model...
Solving CP Optimizer...
 ! --------------------------------------------------- CP Optimizer 22.1.1.0 --
 ! Minimization problem - 36248 variables, 786428 constraints
 ! Presolve      : 787346 extractables eliminated
 ! LogVerbosity         = Terse
 ! Initial process time : 6.65s (6.62s extraction + 0.04s propagation)
 !  . Log search space  : 36248.0 (before), 36248.0 (after)
 !  . Memory usage      : 128.6 MB (before), 128.6 MB (after)
 ! Using parallel search with 12 workers.
 ! ----------------------------------------------------------------------------
 !          Best Branches  Non-fixed    W       Branch decision
                        0      36248                 -
 + New bound is 0
[runlim] sample:		110.9 time, 30.2 real, 4282.6 MB
                        0      36248    1            -
 + New bound is 1
 *            46     1827  23.17s      12      (gap is 97.83%)
[runlim] sample:		197.4 time, 40.2 real, 4430.7 MB
[runlim] sample:		273.6 time, 50.2 real, 4453.6 MB
[runlim] sample:		342.3 time, 60.2 real, 4542.5 MB
[runlim] sample:		412.2 time, 70.2 real, 4552.0 MB
 *            40    14290  58.19s       5      (gap is 97.50%)
[runlim] sample:		485.2 time, 80.2 real, 4606.4 MB
[runlim] sample:		557.3 time, 90.2 real, 4633.4 MB
 *            39    14788  80.96s      10      (gap is 97.44%)
[runlim] sample:		623.8 time, 100.2 real, 4726.0 MB
[runlim] sample:		686.2 time, 110.2 real, 4730.2 MB
[runlim] sample:		744.5 time, 120.2 real, 4736.8 MB
[runlim] sample:		815.9 time, 130.2 real, 4744.0 MB
[runlim] sample:		866.3 time, 140.2 real, 4749.1 MB
 *            38    33445  129.19s      8      (gap is 97.37%)
[runlim] sample:		913.8 time, 150.2 real, 4824.9 MB
[runlim] sample:		954.2 time, 160.2 real, 4895.8 MB
[runlim] sample:		1000.4 time, 170.2 real, 4900.3 MB
 *            37    33982  162.67s      6      (gap is 97.30%)
[runlim] sample:		1046.9 time, 180.2 real, 4948.1 MB
[runlim] sample:		1101.4 time, 190.2 real, 4962.5 MB
 *            36    43217  184.55s      6      (gap is 97.22%)
[runlim] sample:		1146.9 time, 200.2 real, 4996.4 MB
[runlim] sample:		1194.0 time, 210.2 real, 5005.3 MB
 *            35    54259  199.09s     12      (gap is 97.14%)
[runlim] sample:		1235.7 time, 220.2 real, 5032.2 MB
[runlim] sample:		1278.4 time, 230.2 real, 5036.6 MB
[runlim] sample:		1338.5 time, 240.2 real, 5041.5 MB
 *            34    61086  230.50s      5      (gap is 97.06%)
[runlim] sample:		1394.1 time, 250.2 real, 5073.2 MB
[runlim] sample:		1441.0 time, 260.2 real, 5076.3 MB
[runlim] sample:		1484.6 time, 270.2 real, 5080.9 MB
[runlim] sample:		1524.9 time, 280.2 real, 5081.9 MB
[runlim] sample:		1566.0 time, 290.2 real, 5089.7 MB
 *            32    83450  277.90s      1      (gap is 96.88%)
[runlim] sample:		1613.0 time, 300.2 real, 5137.2 MB
 *            31    82261  289.55s      5      (gap is 96.77%)
[runlim] sample:		1666.6 time, 310.2 real, 5197.5 MB
 *            30    40336  302.86s     10      (gap is 96.67%)
[runlim] sample:		1718.3 time, 320.2 real, 5281.2 MB
[runlim] sample:		1771.7 time, 330.2 real, 5362.4 MB
 *            29    45997  315.08s     10      (gap is 96.55%)
 *            28    46661  315.21s     10      (gap is 96.43%)
[runlim] sample:		1824.5 time, 340.2 real, 5466.0 MB
[runlim] sample:		1878.9 time, 350.2 real, 5473.4 MB
 *            24    94668  343.27s      4      (gap is 95.83%)
[runlim] sample:		1926.7 time, 360.2 real, 5516.3 MB
[runlim] sample:		1970.6 time, 370.2 real, 5537.5 MB
[runlim] sample:		2013.9 time, 380.2 real, 5537.7 MB
[runlim] sample:		2068.8 time, 390.2 real, 5551.7 MB
[runlim] sample:		2121.6 time, 400.2 real, 5611.0 MB
[runlim] sample:		2178.1 time, 410.2 real, 5612.5 MB
[runlim] sample:		2233.8 time, 420.2 real, 5612.7 MB
[runlim] sample:		2290.0 time, 430.2 real, 5613.7 MB
[runlim] sample:		2350.5 time, 440.2 real, 5613.7 MB
[runlim] sample:		2399.1 time, 450.2 real, 5614.0 MB
[runlim] sample:		2459.6 time, 460.2 real, 5617.2 MB
[runlim] sample:		2522.5 time, 470.2 real, 5663.9 MB
[runlim] sample:		2579.3 time, 480.2 real, 5664.5 MB
[runlim] sample:		2640.8 time, 490.2 real, 5641.4 MB
 *            23     123k  480.37s      4      (gap is 95.65%)
[runlim] sample:		2694.4 time, 500.2 real, 5663.6 MB
 *            22     124k  486.46s      4      (gap is 95.45%)
[runlim] sample:		2739.8 time, 510.2 real, 5671.5 MB
[runlim] sample:		2787.8 time, 520.2 real, 5692.6 MB
[runlim] sample:		2837.5 time, 530.2 real, 5693.5 MB
[runlim] sample:		2883.7 time, 540.2 real, 5720.5 MB
[runlim] sample:		2927.3 time, 550.2 real, 5742.1 MB
 *            19     122k  537.92s      7      (gap is 94.74%)
[runlim] sample:		2970.0 time, 560.2 real, 5751.1 MB
[runlim] sample:		3020.0 time, 570.2 real, 5753.6 MB
[runlim] sample:		3069.9 time, 580.2 real, 5754.6 MB
[runlim] sample:		3110.3 time, 590.2 real, 5754.9 MB
[runlim] end:			Sat Jan 24 21:23:14 2026
[runlim] status:		out of time
[runlim] result:		2
[runlim] children:		5933
[runlim] real:			600.16 seconds
[runlim] time:			3154.55 seconds
[runlim] space:			6117.4 MB
[runlim] samples:		5999
