[runlim] version:		1.10
[runlim] time limit:		311040000 seconds
[runlim] real time limit:	900 seconds
[runlim] space limit:		8000 MB
[runlim] argv[0]:		python3
[runlim] argv[1]:		-u
[runlim] argv[2]:		main.py
[runlim] argv[3]:		graph02
[runlim] argv[4]:		sc_full
[runlim] argv[5]:		incremental
[runlim] argv[6]:		glucose4
[runlim] start:			Thu Jan 15 05:12:15 2026
[runlim] main pid:		166478
Solve first problem:
Solution:
{1: 666, 2: 428, 3: 100, 4: 338, 5: 268, 6: 30, 7: 324, 8: 86, 9: 652, 10: 414, 11: 394, 12: 156, 13: 694, 14: 456, 15: 310, 16: 72, 17: 282, 18: 44, 19: 296, 20: 58, 21: 142, 22: 380, 23: 366, 24: 128, 25: 268, 26: 30, 27: 324, 28: 86, 29: 156, 30: 394, 31: 114, 32: 352, 33: 380, 34: 142, 35: 666, 36: 428, 37: 86, 38: 324, 39: 380, 40: 142, 41: 324, 42: 86, 43: 254, 44: 16, 45: 680, 46: 442, 47: 338, 48: 100, 49: 310, 50: 72, 51: 44, 52: 282, 53: 380, 54: 142, 55: 296, 56: 58, 57: 666, 58: 428, 59: 310, 60: 72, 61: 128, 62: 366, 63: 310, 64: 72, 65: 30, 66: 268, 67: 652, 68: 414, 69: 254, 70: 16, 71: 380, 72: 142, 73: 16, 74: 254, 75: 254, 76: 16, 77: 394, 78: 156, 79: 282, 80: 44, 81: 310, 82: 72, 83: 156, 84: 394, 85: 694, 86: 456, 87: 86, 88: 324, 89: 156, 90: 394, 91: 268, 92: 30, 93: 324, 94: 86, 95: 666, 96: 428, 97: 128, 98: 366, 99: 310, 100: 72, 101: 324, 102: 86, 103: 380, 104: 142, 105: 16, 106: 254, 107: 352, 108: 114, 109: 282, 110: 44, 111: 296, 112: 58, 113: 30, 114: 268, 115: 338, 116: 100, 117: 114, 118: 352, 119: 380, 120: 142, 121: 338, 122: 100, 123: 324, 124: 86, 125: 268, 126: 30, 127: 338, 128: 100, 129: 380, 130: 142, 131: 324, 132: 86, 133: 680, 134: 442, 135: 380, 136: 142, 137: 324, 138: 86, 139: 282, 140: 44, 141: 352, 142: 114, 143: 680, 144: 442, 145: 282, 146: 44, 147: 352, 148: 114, 149: 58, 150: 296, 151: 338, 152: 100, 153: 254, 154: 16, 155: 380, 156: 142, 157: 652, 158: 414, 159: 310, 160: 72, 161: 708, 162: 470, 163: 380, 164: 142, 165: 352, 166: 114, 167: 310, 168: 72, 169: 324, 170: 86, 171: 338, 172: 100, 173: 296, 174: 58, 175: 680, 176: 442, 177: 156, 178: 394, 179: 380, 180: 142, 181: 268, 182: 30, 183: 694, 184: 456, 185: 282, 186: 44, 187: 652, 188: 414, 189: 380, 190: 142, 191: 680, 192: 442, 193: 128, 194: 366, 195: 324, 196: 86, 197: 296, 198: 58, 199: 310, 200: 72, 201: 156, 202: 394, 203: 268, 204: 30, 205: 324, 206: 86, 207: 338, 208: 100, 209: 310, 210: 72, 211: 268, 212: 30, 213: 478, 214: 240, 215: 366, 216: 128, 217: 254, 218: 16, 219: 268, 220: 30, 221: 352, 222: 114, 223: 324, 224: 86, 225: 254, 226: 16, 227: 408, 228: 170, 229: 310, 230: 72, 231: 16, 232: 254, 233: 366, 234: 128, 235: 282, 236: 44, 237: 268, 238: 30, 239: 338, 240: 100, 241: 296, 242: 58, 243: 338, 244: 100, 245: 666, 246: 428, 247: 380, 248: 142, 249: 324, 250: 86, 251: 16, 252: 254, 253: 58, 254: 296, 255: 380, 256: 142, 257: 310, 258: 72, 259: 380, 260: 142, 261: 254, 262: 16, 263: 380, 264: 142, 265: 380, 266: 142, 267: 44, 268: 282, 269: 282, 270: 44, 271: 268, 272: 30, 273: 296, 274: 58, 275: 254, 276: 16, 277: 310, 278: 72, 279: 666, 280: 428, 281: 366, 282: 128, 283: 268, 284: 30, 285: 380, 286: 142, 287: 254, 288: 16, 289: 324, 290: 86, 291: 380, 292: 142, 293: 380, 294: 142, 295: 338, 296: 100, 297: 380, 298: 142, 299: 408, 300: 170, 301: 282, 302: 44, 303: 652, 304: 414, 305: 268, 306: 30, 307: 296, 308: 58, 309: 380, 310: 142, 311: 380, 312: 142, 313: 380, 314: 142, 315: 296, 316: 58, 317: 408, 318: 170, 319: 310, 320: 72, 321: 380, 322: 142, 323: 338, 324: 100, 325: 310, 326: 72, 327: 282, 328: 44, 329: 268, 330: 30, 331: 268, 332: 30, 333: 268, 334: 30, 335: 254, 336: 16, 337: 282, 338: 44, 339: 380, 340: 142, 341: 296, 342: 58, 343: 254, 344: 16, 345: 310, 346: 72, 347: 310, 348: 72, 349: 380, 350: 142, 351: 380, 352: 142, 353: 254, 354: 16, 355: 268, 356: 30, 357: 324, 358: 86, 359: 338, 360: 100, 361: 338, 362: 100, 363: 268, 364: 30, 365: 268, 366: 30, 367: 254, 368: 16, 369: 282, 370: 44, 371: 254, 372: 16, 373: 324, 374: 86, 375: 254, 376: 16, 377: 254, 378: 16, 379: 282, 380: 44, 381: 268, 382: 30, 383: 254, 384: 16, 385: 268, 386: 30, 387: 268, 388: 30, 389: 254, 390: 16, 391: 254, 392: 16, 393: 254, 394: 16, 395: 268, 396: 30, 397: 324, 398: 86, 399: 268, 400: 30}
Correct solution!
Number of lables used:  36
Time taken: 0.33 seconds
Memory used: 38.99 MB
--------------------------------------------------

Trying with at most 35 labels...
Solution:
{1: 16, 2: 254, 3: 16, 4: 254, 5: 338, 6: 100, 7: 254, 8: 16, 9: 44, 10: 282, 11: 394, 12: 156, 13: 338, 14: 100, 15: 72, 16: 310, 17: 254, 18: 16, 19: 310, 20: 72, 21: 16, 22: 254, 23: 156, 24: 394, 25: 72, 26: 310, 27: 394, 28: 156, 29: 156, 30: 394, 31: 366, 32: 128, 33: 324, 34: 86, 35: 366, 36: 128, 37: 16, 38: 254, 39: 366, 40: 128, 41: 100, 42: 338, 43: 86, 44: 324, 45: 44, 46: 282, 47: 254, 48: 16, 49: 72, 50: 310, 51: 44, 52: 282, 53: 408, 54: 170, 55: 254, 56: 16, 57: 338, 58: 100, 59: 282, 60: 44, 61: 394, 62: 156, 63: 128, 64: 366, 65: 44, 66: 282, 67: 44, 68: 282, 69: 128, 70: 366, 71: 170, 72: 408, 73: 44, 74: 282, 75: 72, 76: 310, 77: 394, 78: 156, 79: 282, 80: 44, 81: 86, 82: 324, 83: 394, 84: 156, 85: 338, 86: 100, 87: 100, 88: 338, 89: 156, 90: 394, 91: 86, 92: 324, 93: 100, 94: 338, 95: 366, 96: 128, 97: 128, 98: 366, 99: 324, 100: 86, 101: 254, 102: 16, 103: 100, 104: 338, 105: 338, 106: 100, 107: 44, 108: 282, 109: 310, 110: 72, 111: 86, 112: 324, 113: 86, 114: 324, 115: 16, 116: 254, 117: 394, 118: 156, 119: 170, 120: 408, 121: 100, 122: 338, 123: 324, 124: 86, 125: 310, 126: 72, 127: 310, 128: 72, 129: 408, 130: 170, 131: 16, 132: 254, 133: 72, 134: 310, 135: 408, 136: 170, 137: 394, 138: 156, 139: 44, 140: 282, 141: 338, 142: 100, 143: 128, 144: 366, 145: 282, 146: 44, 147: 394, 148: 156, 149: 282, 150: 44, 151: 128, 152: 366, 153: 310, 154: 72, 155: 408, 156: 170, 157: 282, 158: 44, 159: 310, 160: 72, 161: 254, 162: 16, 163: 170, 164: 408, 165: 16, 166: 254, 167: 128, 168: 366, 169: 72, 170: 310, 171: 44, 172: 282, 173: 324, 174: 86, 175: 16, 176: 254, 177: 394, 178: 156, 179: 478, 180: 240, 181: 282, 182: 44, 183: 100, 184: 338, 185: 324, 186: 86, 187: 44, 188: 282, 189: 170, 190: 408, 191: 310, 192: 72, 193: 394, 194: 156, 195: 366, 196: 128, 197: 254, 198: 16, 199: 310, 200: 72, 201: 100, 202: 338, 203: 44, 204: 282, 205: 86, 206: 324, 207: 338, 208: 100, 209: 254, 210: 16, 211: 72, 212: 310, 213: 170, 214: 408, 215: 310, 216: 72, 217: 156, 218: 394, 219: 310, 220: 72, 221: 72, 222: 310, 223: 100, 224: 338, 225: 310, 226: 72, 227: 408, 228: 170, 229: 44, 230: 282, 231: 366, 232: 128, 233: 366, 234: 128, 235: 338, 236: 100, 237: 338, 238: 100, 239: 86, 240: 324, 241: 100, 242: 338, 243: 100, 244: 338, 245: 86, 246: 324, 247: 478, 248: 240, 249: 366, 250: 128, 251: 128, 252: 366, 253: 282, 254: 44, 255: 408, 256: 170, 257: 72, 258: 310, 259: 240, 260: 478, 261: 282, 262: 44, 263: 170, 264: 408, 265: 408, 266: 170, 267: 72, 268: 310, 269: 338, 270: 100, 271: 156, 272: 394, 273: 72, 274: 310, 275: 366, 276: 128, 277: 44, 278: 282, 279: 366, 280: 128, 281: 128, 282: 366, 283: 156, 284: 394, 285: 408, 286: 170, 287: 338, 288: 100, 289: 366, 290: 128, 291: 408, 292: 170, 293: 170, 294: 408, 295: 44, 296: 282, 297: 408, 298: 170, 299: 478, 300: 240, 301: 282, 302: 44, 303: 128, 304: 366, 305: 310, 306: 72, 307: 324, 308: 86, 309: 170, 310: 408, 311: 478, 312: 240, 313: 408, 314: 170, 315: 394, 316: 156, 317: 170, 318: 408, 319: 366, 320: 128, 321: 16, 322: 254, 323: 156, 324: 394, 325: 44, 326: 282, 327: 156, 328: 394, 329: 44, 330: 282, 331: 156, 332: 394, 333: 156, 334: 394, 335: 254, 336: 16, 337: 310, 338: 72, 339: 170, 340: 408, 341: 324, 342: 86, 343: 310, 344: 72, 345: 394, 346: 156, 347: 86, 348: 324, 349: 170, 350: 408, 351: 170, 352: 408, 353: 16, 354: 254, 355: 394, 356: 156, 357: 100, 358: 338, 359: 44, 360: 282, 361: 16, 362: 254, 363: 310, 364: 72, 365: 128, 366: 366, 367: 16, 368: 254, 369: 44, 370: 282, 371: 254, 372: 16, 373: 282, 374: 44, 375: 254, 376: 16, 377: 254, 378: 16, 379: 324, 380: 86, 381: 86, 382: 324, 383: 254, 384: 16, 385: 282, 386: 44, 387: 282, 388: 44, 389: 254, 390: 16, 391: 282, 392: 44, 393: 254, 394: 16, 395: 282, 396: 44, 397: 156, 398: 394, 399: 338, 400: 100}
Correct solution!
Number of lables used:  18
Time taken: 0.37 seconds
Memory used: 40.24 MB
--------------------------------------------------

Trying with at most 17 labels...
Solution:
{1: 16, 2: 254, 3: 16, 4: 254, 5: 338, 6: 100, 7: 254, 8: 16, 9: 44, 10: 282, 11: 394, 12: 156, 13: 128, 14: 366, 15: 72, 16: 310, 17: 254, 18: 16, 19: 310, 20: 72, 21: 16, 22: 254, 23: 128, 24: 366, 25: 72, 26: 310, 27: 394, 28: 156, 29: 156, 30: 394, 31: 366, 32: 128, 33: 324, 34: 86, 35: 366, 36: 128, 37: 72, 38: 310, 39: 310, 40: 72, 41: 86, 42: 324, 43: 86, 44: 324, 45: 44, 46: 282, 47: 254, 48: 16, 49: 72, 50: 310, 51: 44, 52: 282, 53: 408, 54: 170, 55: 310, 56: 72, 57: 338, 58: 100, 59: 282, 60: 44, 61: 156, 62: 394, 63: 128, 64: 366, 65: 44, 66: 282, 67: 72, 68: 310, 69: 324, 70: 86, 71: 170, 72: 408, 73: 44, 74: 282, 75: 254, 76: 16, 77: 394, 78: 156, 79: 282, 80: 44, 81: 86, 82: 324, 83: 394, 84: 156, 85: 338, 86: 100, 87: 100, 88: 338, 89: 156, 90: 394, 91: 86, 92: 324, 93: 282, 94: 44, 95: 366, 96: 128, 97: 128, 98: 366, 99: 338, 100: 100, 101: 254, 102: 16, 103: 100, 104: 338, 105: 338, 106: 100, 107: 44, 108: 282, 109: 310, 110: 72, 111: 86, 112: 324, 113: 86, 114: 324, 115: 16, 116: 254, 117: 394, 118: 156, 119: 408, 120: 170, 121: 128, 122: 366, 123: 324, 124: 86, 125: 310, 126: 72, 127: 310, 128: 72, 129: 408, 130: 170, 131: 16, 132: 254, 133: 100, 134: 338, 135: 408, 136: 170, 137: 394, 138: 156, 139: 44, 140: 282, 141: 338, 142: 100, 143: 72, 144: 310, 145: 282, 146: 44, 147: 324, 148: 86, 149: 44, 150: 282, 151: 128, 152: 366, 153: 366, 154: 128, 155: 408, 156: 170, 157: 282, 158: 44, 159: 310, 160: 72, 161: 254, 162: 16, 163: 170, 164: 408, 165: 16, 166: 254, 167: 128, 168: 366, 169: 72, 170: 310, 171: 44, 172: 282, 173: 324, 174: 86, 175: 16, 176: 254, 177: 394, 178: 156, 179: 408, 180: 170, 181: 282, 182: 44, 183: 324, 184: 86, 185: 366, 186: 128, 187: 44, 188: 282, 189: 170, 190: 408, 191: 338, 192: 100, 193: 394, 194: 156, 195: 366, 196: 128, 197: 254, 198: 16, 199: 310, 200: 72, 201: 100, 202: 338, 203: 44, 204: 282, 205: 128, 206: 366, 207: 366, 208: 128, 209: 254, 210: 16, 211: 72, 212: 310, 213: 170, 214: 408, 215: 254, 216: 16, 217: 156, 218: 394, 219: 338, 220: 100, 221: 72, 222: 310, 223: 282, 224: 44, 225: 310, 226: 72, 227: 170, 228: 408, 229: 44, 230: 282, 231: 128, 232: 366, 233: 366, 234: 128, 235: 310, 236: 72, 237: 338, 238: 100, 239: 16, 240: 254, 241: 324, 242: 86, 243: 100, 244: 338, 245: 338, 246: 100, 247: 408, 248: 170, 249: 86, 250: 324, 251: 100, 252: 338, 253: 282, 254: 44, 255: 408, 256: 170, 257: 72, 258: 310, 259: 408, 260: 170, 261: 282, 262: 44, 263: 170, 264: 408, 265: 408, 266: 170, 267: 16, 268: 254, 269: 366, 270: 128, 271: 156, 272: 394, 273: 100, 274: 338, 275: 366, 276: 128, 277: 44, 278: 282, 279: 366, 280: 128, 281: 338, 282: 100, 283: 128, 284: 366, 285: 408, 286: 170, 287: 254, 288: 16, 289: 366, 290: 128, 291: 408, 292: 170, 293: 170, 294: 408, 295: 44, 296: 282, 297: 408, 298: 170, 299: 408, 300: 170, 301: 282, 302: 44, 303: 86, 304: 324, 305: 394, 306: 156, 307: 324, 308: 86, 309: 170, 310: 408, 311: 408, 312: 170, 313: 170, 314: 408, 315: 156, 316: 394, 317: 408, 318: 170, 319: 310, 320: 72, 321: 282, 322: 44, 323: 156, 324: 394, 325: 254, 326: 16, 327: 282, 328: 44, 329: 44, 330: 282, 331: 156, 332: 394, 333: 394, 334: 156, 335: 72, 336: 310, 337: 310, 338: 72, 339: 170, 340: 408, 341: 324, 342: 86, 343: 310, 344: 72, 345: 394, 346: 156, 347: 100, 348: 338, 349: 408, 350: 170, 351: 170, 352: 408, 353: 100, 354: 338, 355: 156, 356: 394, 357: 72, 358: 310, 359: 128, 360: 366, 361: 16, 362: 254, 363: 310, 364: 72, 365: 86, 366: 324, 367: 16, 368: 254, 369: 128, 370: 366, 371: 282, 372: 44, 373: 282, 374: 44, 375: 254, 376: 16, 377: 254, 378: 16, 379: 324, 380: 86, 381: 86, 382: 324, 383: 254, 384: 16, 385: 338, 386: 100, 387: 282, 388: 44, 389: 254, 390: 16, 391: 282, 392: 44, 393: 72, 394: 310, 395: 282, 396: 44, 397: 394, 398: 156, 399: 338, 400: 100}
Correct solution!
Number of lables used:  16
Time taken: 0.39 seconds
Memory used: 40.49 MB
--------------------------------------------------

Trying with at most 15 labels...
Solution:
{1: 16, 2: 254, 3: 16, 4: 254, 5: 512, 6: 750, 7: 254, 8: 16, 9: 100, 10: 338, 11: 380, 12: 142, 13: 680, 14: 442, 15: 512, 16: 750, 17: 16, 18: 254, 19: 338, 20: 100, 21: 16, 22: 254, 23: 142, 24: 380, 25: 380, 26: 142, 27: 680, 28: 442, 29: 16, 30: 254, 31: 380, 32: 142, 33: 282, 34: 44, 35: 442, 36: 680, 37: 142, 38: 380, 39: 680, 40: 442, 41: 338, 42: 100, 43: 100, 44: 338, 45: 680, 46: 442, 47: 338, 48: 100, 49: 750, 50: 512, 51: 338, 52: 100, 53: 380, 54: 142, 55: 16, 56: 254, 57: 100, 58: 338, 59: 512, 60: 750, 61: 380, 62: 142, 63: 100, 64: 338, 65: 380, 66: 142, 67: 282, 68: 44, 69: 512, 70: 750, 71: 408, 72: 170, 73: 100, 74: 338, 75: 254, 76: 16, 77: 100, 78: 338, 79: 282, 80: 44, 81: 750, 82: 512, 83: 680, 84: 442, 85: 254, 86: 16, 87: 380, 88: 142, 89: 100, 90: 338, 91: 44, 92: 282, 93: 338, 94: 100, 95: 680, 96: 442, 97: 100, 98: 338, 99: 750, 100: 512, 101: 254, 102: 16, 103: 100, 104: 338, 105: 282, 106: 44, 107: 44, 108: 282, 109: 254, 110: 16, 111: 380, 112: 142, 113: 680, 114: 442, 115: 16, 116: 254, 117: 338, 118: 100, 119: 170, 120: 408, 121: 44, 122: 282, 123: 282, 124: 44, 125: 680, 126: 442, 127: 380, 128: 142, 129: 408, 130: 170, 131: 16, 132: 254, 133: 100, 134: 338, 135: 408, 136: 170, 137: 282, 138: 44, 139: 44, 140: 282, 141: 380, 142: 142, 143: 100, 144: 338, 145: 338, 146: 100, 147: 512, 148: 750, 149: 750, 150: 512, 151: 100, 152: 338, 153: 338, 154: 100, 155: 380, 156: 142, 157: 442, 158: 680, 159: 282, 160: 44, 161: 442, 162: 680, 163: 142, 164: 380, 165: 442, 166: 680, 167: 44, 168: 282, 169: 380, 170: 142, 171: 44, 172: 282, 173: 338, 174: 100, 175: 16, 176: 254, 177: 680, 178: 442, 179: 408, 180: 170, 181: 338, 182: 100, 183: 380, 184: 142, 185: 282, 186: 44, 187: 142, 188: 380, 189: 408, 190: 170, 191: 512, 192: 750, 193: 442, 194: 680, 195: 338, 196: 100, 197: 254, 198: 16, 199: 282, 200: 44, 201: 100, 202: 338, 203: 380, 204: 142, 205: 512, 206: 750, 207: 282, 208: 44, 209: 254, 210: 16, 211: 100, 212: 338, 213: 170, 214: 408, 215: 16, 216: 254, 217: 142, 218: 380, 219: 338, 220: 100, 221: 44, 222: 282, 223: 282, 224: 44, 225: 254, 226: 16, 227: 170, 228: 408, 229: 44, 230: 282, 231: 44, 232: 282, 233: 680, 234: 442, 235: 338, 236: 100, 237: 680, 238: 442, 239: 142, 240: 380, 241: 282, 242: 44, 243: 380, 244: 142, 245: 338, 246: 100, 247: 408, 248: 170, 249: 100, 250: 338, 251: 100, 252: 338, 253: 282, 254: 44, 255: 408, 256: 170, 257: 380, 258: 142, 259: 408, 260: 170, 261: 282, 262: 44, 263: 142, 264: 380, 265: 408, 266: 170, 267: 750, 268: 512, 269: 338, 270: 100, 271: 282, 272: 44, 273: 680, 274: 442, 275: 338, 276: 100, 277: 512, 278: 750, 279: 338, 280: 100, 281: 338, 282: 100, 283: 680, 284: 442, 285: 408, 286: 170, 287: 254, 288: 16, 289: 380, 290: 142, 291: 408, 292: 170, 293: 170, 294: 408, 295: 44, 296: 282, 297: 142, 298: 380, 299: 408, 300: 170, 301: 142, 302: 380, 303: 680, 304: 442, 305: 338, 306: 100, 307: 142, 308: 380, 309: 408, 310: 170, 311: 408, 312: 170, 313: 170, 314: 408, 315: 142, 316: 380, 317: 408, 318: 170, 319: 44, 320: 282, 321: 254, 322: 16, 323: 142, 324: 380, 325: 254, 326: 16, 327: 142, 328: 380, 329: 750, 330: 512, 331: 380, 332: 142, 333: 680, 334: 442, 335: 16, 336: 254, 337: 680, 338: 442, 339: 170, 340: 408, 341: 680, 342: 442, 343: 750, 344: 512, 345: 750, 346: 512, 347: 100, 348: 338, 349: 408, 350: 170, 351: 170, 352: 408, 353: 750, 354: 512, 355: 142, 356: 380, 357: 16, 358: 254, 359: 512, 360: 750, 361: 254, 362: 16, 363: 380, 364: 142, 365: 282, 366: 44, 367: 380, 368: 142, 369: 750, 370: 512, 371: 16, 372: 254, 373: 282, 374: 44, 375: 254, 376: 16, 377: 254, 378: 16, 379: 680, 380: 442, 381: 380, 382: 142, 383: 254, 384: 16, 385: 282, 386: 44, 387: 44, 388: 282, 389: 254, 390: 16, 391: 254, 392: 16, 393: 16, 394: 254, 395: 512, 396: 750, 397: 680, 398: 442, 399: 750, 400: 512}
Correct solution!
Number of lables used:  14
Time taken: 0.47 seconds
Memory used: 40.74 MB
--------------------------------------------------

Trying with at most 13 labels...
[runlim] sample:		10.0 time, 10.9 real, 59.6 MB
[runlim] sample:		20.0 time, 20.9 real, 61.4 MB
[runlim] sample:		30.0 time, 30.9 real, 77.9 MB
Cannot find solution.
No more solutions found.
Optimal number of labels used:  14
Time taken: 37.76 seconds
[runlim] end:			Thu Jan 15 05:12:53 2026
[runlim] status:		ok
[runlim] result:		0
[runlim] children:		0
[runlim] real:			38.70 seconds
[runlim] time:			37.79 seconds
[runlim] space:			77.9 MB
[runlim] samples:		378
