[runlim] version:		1.10
[runlim] time limit:		311040000 seconds
[runlim] real time limit:	900 seconds
[runlim] space limit:		8000 MB
[runlim] argv[0]:		python3
[runlim] argv[1]:		-u
[runlim] argv[2]:		main.py
[runlim] argv[3]:		graph01
[runlim] argv[4]:		sc_full
[runlim] argv[5]:		incremental
[runlim] argv[6]:		glucose4
[runlim] start:			Thu Jan 15 05:09:14 2026
[runlim] main pid:		165334
Solve first problem:
Solution:
{1: 296, 2: 58, 3: 652, 4: 414, 5: 16, 6: 254, 7: 380, 8: 142, 9: 380, 10: 142, 11: 778, 12: 540, 13: 338, 14: 100, 15: 296, 16: 58, 17: 652, 18: 414, 19: 394, 20: 156, 21: 296, 22: 58, 23: 478, 24: 240, 25: 310, 26: 72, 27: 114, 28: 352, 29: 296, 30: 58, 31: 268, 32: 30, 33: 352, 34: 114, 35: 310, 36: 72, 37: 338, 38: 100, 39: 324, 40: 86, 41: 282, 42: 44, 43: 778, 44: 540, 45: 254, 46: 16, 47: 72, 48: 310, 49: 282, 50: 44, 51: 394, 52: 156, 53: 310, 54: 72, 55: 86, 56: 324, 57: 16, 58: 254, 59: 778, 60: 540, 61: 254, 62: 16, 63: 352, 64: 114, 65: 254, 66: 16, 67: 296, 68: 58, 69: 254, 70: 16, 71: 324, 72: 86, 73: 380, 74: 142, 75: 268, 76: 30, 77: 750, 78: 512, 79: 310, 80: 72, 81: 254, 82: 16, 83: 268, 84: 30, 85: 324, 86: 86, 87: 680, 88: 442, 89: 338, 90: 100, 91: 652, 92: 414, 93: 254, 94: 16, 95: 44, 96: 282, 97: 478, 98: 240, 99: 30, 100: 268, 101: 380, 102: 142, 103: 282, 104: 44, 105: 352, 106: 114, 107: 296, 108: 58, 109: 296, 110: 58, 111: 380, 112: 142, 113: 268, 114: 30, 115: 114, 116: 352, 117: 254, 118: 16, 119: 296, 120: 58, 121: 380, 122: 142, 123: 380, 124: 142, 125: 254, 126: 16, 127: 296, 128: 58, 129: 338, 130: 100, 131: 268, 132: 30, 133: 694, 134: 456, 135: 478, 136: 240, 137: 282, 138: 44, 139: 296, 140: 58, 141: 324, 142: 86, 143: 324, 144: 86, 145: 268, 146: 30, 147: 254, 148: 16, 149: 324, 150: 86, 151: 652, 152: 414, 153: 254, 154: 16, 155: 324, 156: 86, 157: 268, 158: 30, 159: 268, 160: 30, 161: 394, 162: 156, 163: 296, 164: 58, 165: 352, 166: 114, 167: 366, 168: 128, 169: 254, 170: 16, 171: 268, 172: 30, 173: 254, 174: 16, 175: 324, 176: 86, 177: 254, 178: 16, 179: 282, 180: 44, 181: 652, 182: 414, 183: 268, 184: 30, 185: 324, 186: 86, 187: 268, 188: 30, 189: 254, 190: 16, 191: 310, 192: 72, 193: 380, 194: 142, 195: 268, 196: 30, 197: 254, 198: 16, 199: 254, 200: 16}
Correct solution!
Number of lables used:  34
Time taken: 0.15 seconds
Memory used: 28.58 MB
--------------------------------------------------

Trying with at most 33 labels...
Solution:
{1: 268, 2: 30, 3: 652, 4: 414, 5: 694, 6: 456, 7: 408, 8: 170, 9: 240, 10: 478, 11: 428, 12: 666, 13: 394, 14: 156, 15: 268, 16: 30, 17: 268, 18: 30, 19: 268, 20: 30, 21: 156, 22: 394, 23: 170, 24: 408, 25: 778, 26: 540, 27: 750, 28: 512, 29: 666, 30: 428, 31: 268, 32: 30, 33: 414, 34: 652, 35: 540, 36: 778, 37: 394, 38: 156, 39: 268, 40: 30, 41: 652, 42: 414, 43: 540, 44: 778, 45: 394, 46: 156, 47: 778, 48: 540, 49: 540, 50: 778, 51: 30, 52: 268, 53: 428, 54: 666, 55: 414, 56: 652, 57: 30, 58: 268, 59: 722, 60: 484, 61: 394, 62: 156, 63: 652, 64: 414, 65: 394, 66: 156, 67: 666, 68: 428, 69: 268, 70: 30, 71: 414, 72: 652, 73: 408, 74: 170, 75: 30, 76: 268, 77: 722, 78: 484, 79: 268, 80: 30, 81: 394, 82: 156, 83: 156, 84: 394, 85: 666, 86: 428, 87: 30, 88: 268, 89: 30, 90: 268, 91: 456, 92: 694, 93: 268, 94: 30, 95: 778, 96: 540, 97: 170, 98: 408, 99: 652, 100: 414, 101: 750, 102: 512, 103: 156, 104: 394, 105: 722, 106: 484, 107: 156, 108: 394, 109: 394, 110: 156, 111: 30, 112: 268, 113: 30, 114: 268, 115: 652, 116: 414, 117: 394, 118: 156, 119: 268, 120: 30, 121: 478, 122: 240, 123: 478, 124: 240, 125: 30, 126: 268, 127: 456, 128: 694, 129: 778, 130: 540, 131: 268, 132: 30, 133: 428, 134: 666, 135: 240, 136: 478, 137: 394, 138: 156, 139: 394, 140: 156, 141: 268, 142: 30, 143: 694, 144: 456, 145: 268, 146: 30, 147: 394, 148: 156, 149: 394, 150: 156, 151: 394, 152: 156, 153: 694, 154: 456, 155: 694, 156: 456, 157: 722, 158: 484, 159: 652, 160: 414, 161: 456, 162: 694, 163: 394, 164: 156, 165: 540, 166: 778, 167: 750, 168: 512, 169: 394, 170: 156, 171: 694, 172: 456, 173: 652, 174: 414, 175: 414, 176: 652, 177: 30, 178: 268, 179: 394, 180: 156, 181: 750, 182: 512, 183: 694, 184: 456, 185: 30, 186: 268, 187: 722, 188: 484, 189: 156, 190: 394, 191: 666, 192: 428, 193: 478, 194: 240, 195: 722, 196: 484, 197: 652, 198: 414, 199: 394, 200: 156}
Correct solution!
Number of lables used:  20
Time taken: 0.17 seconds
Memory used: 29.58 MB
--------------------------------------------------

Trying with at most 19 labels...
Solution:
{1: 268, 2: 30, 3: 652, 4: 414, 5: 694, 6: 456, 7: 408, 8: 170, 9: 380, 10: 142, 11: 512, 12: 750, 13: 142, 14: 380, 15: 268, 16: 30, 17: 268, 18: 30, 19: 268, 20: 30, 21: 694, 22: 456, 23: 408, 24: 170, 25: 778, 26: 540, 27: 652, 28: 414, 29: 512, 30: 750, 31: 268, 32: 30, 33: 414, 34: 652, 35: 540, 36: 778, 37: 380, 38: 142, 39: 268, 40: 30, 41: 652, 42: 414, 43: 540, 44: 778, 45: 380, 46: 142, 47: 778, 48: 540, 49: 778, 50: 540, 51: 30, 52: 268, 53: 428, 54: 666, 55: 652, 56: 414, 57: 30, 58: 268, 59: 666, 60: 428, 61: 142, 62: 380, 63: 30, 64: 268, 65: 380, 66: 142, 67: 666, 68: 428, 69: 268, 70: 30, 71: 142, 72: 380, 73: 408, 74: 170, 75: 694, 76: 456, 77: 722, 78: 484, 79: 268, 80: 30, 81: 30, 82: 268, 83: 414, 84: 652, 85: 652, 86: 414, 87: 30, 88: 268, 89: 30, 90: 268, 91: 456, 92: 694, 93: 380, 94: 142, 95: 540, 96: 778, 97: 170, 98: 408, 99: 30, 100: 268, 101: 750, 102: 512, 103: 694, 104: 456, 105: 722, 106: 484, 107: 652, 108: 414, 109: 380, 110: 142, 111: 30, 112: 268, 113: 30, 114: 268, 115: 652, 116: 414, 117: 380, 118: 142, 119: 268, 120: 30, 121: 142, 122: 380, 123: 408, 124: 170, 125: 30, 126: 268, 127: 722, 128: 484, 129: 778, 130: 540, 131: 268, 132: 30, 133: 428, 134: 666, 135: 170, 136: 408, 137: 722, 138: 484, 139: 380, 140: 142, 141: 268, 142: 30, 143: 722, 144: 484, 145: 268, 146: 30, 147: 666, 148: 428, 149: 380, 150: 142, 151: 778, 152: 540, 153: 750, 154: 512, 155: 694, 156: 456, 157: 694, 158: 456, 159: 652, 160: 414, 161: 456, 162: 694, 163: 380, 164: 142, 165: 142, 166: 380, 167: 722, 168: 484, 169: 268, 170: 30, 171: 694, 172: 456, 173: 652, 174: 414, 175: 30, 176: 268, 177: 30, 178: 268, 179: 380, 180: 142, 181: 512, 182: 750, 183: 694, 184: 456, 185: 380, 186: 142, 187: 666, 188: 428, 189: 142, 190: 380, 191: 512, 192: 750, 193: 408, 194: 170, 195: 456, 196: 694, 197: 652, 198: 414, 199: 428, 200: 666}
Correct solution!
Number of lables used:  18
Time taken: 0.18 seconds
Memory used: 29.71 MB
--------------------------------------------------

Trying with at most 17 labels...
[runlim] sample:		10.0 time, 10.1 real, 47.0 MB
[runlim] sample:		20.0 time, 20.1 real, 51.0 MB
[runlim] sample:		30.0 time, 30.1 real, 56.0 MB
[runlim] sample:		40.0 time, 40.1 real, 57.3 MB
[runlim] sample:		50.0 time, 50.1 real, 58.5 MB
[runlim] sample:		60.0 time, 60.1 real, 70.7 MB
[runlim] sample:		70.0 time, 70.1 real, 71.6 MB
[runlim] sample:		80.0 time, 80.1 real, 71.8 MB
[runlim] sample:		90.0 time, 90.1 real, 72.3 MB
[runlim] sample:		100.0 time, 100.1 real, 72.7 MB
[runlim] sample:		110.0 time, 110.1 real, 73.5 MB
[runlim] sample:		120.0 time, 120.1 real, 83.5 MB
[runlim] sample:		130.0 time, 130.1 real, 91.9 MB
[runlim] sample:		140.0 time, 140.1 real, 91.9 MB
[runlim] sample:		150.0 time, 150.1 real, 91.9 MB
[runlim] sample:		160.0 time, 160.1 real, 91.9 MB
[runlim] sample:		170.0 time, 170.1 real, 91.9 MB
[runlim] sample:		180.0 time, 180.1 real, 92.0 MB
Cannot find solution.
No more solutions found.
Optimal number of labels used:  18
Time taken: 181.70 seconds
[runlim] end:			Thu Jan 15 05:12:15 2026
[runlim] status:		ok
[runlim] result:		0
[runlim] children:		0
[runlim] real:			181.87 seconds
[runlim] time:			181.69 seconds
[runlim] space:			92.2 MB
[runlim] samples:		1817
