[runlim] version:		1.10
[runlim] time limit:		311040000 seconds
[runlim] real time limit:	900 seconds
[runlim] space limit:		8000 MB
[runlim] argv[0]:		python3
[runlim] argv[1]:		-u
[runlim] argv[2]:		main.py
[runlim] argv[3]:		scen02
[runlim] argv[4]:		sc_full
[runlim] argv[5]:		incremental
[runlim] argv[6]:		glucose4
[runlim] start:			Thu Jan 15 05:04:56 2026
[runlim] main pid:		163681
Solve first problem:
Solution:
{13: 268, 14: 30, 15: 268, 16: 30, 53: 268, 54: 30, 79: 254, 80: 16, 81: 268, 82: 30, 83: 680, 84: 442, 85: 352, 86: 114, 127: 352, 128: 114, 129: 254, 130: 16, 143: 254, 144: 16, 145: 254, 146: 16, 205: 254, 206: 16, 233: 666, 234: 428, 235: 338, 236: 100, 237: 352, 238: 114, 261: 254, 262: 16, 263: 352, 264: 114, 265: 338, 266: 100, 267: 254, 268: 16, 269: 352, 270: 114, 271: 352, 272: 114, 273: 44, 274: 282, 275: 44, 276: 282, 277: 352, 278: 114, 281: 268, 282: 30, 283: 282, 284: 44, 289: 254, 290: 16, 291: 324, 292: 86, 303: 666, 304: 428, 305: 338, 306: 100, 321: 156, 322: 394, 323: 254, 324: 16, 325: 666, 326: 428, 327: 338, 328: 100, 329: 254, 330: 16, 341: 30, 342: 268, 343: 30, 344: 268, 349: 338, 350: 100, 351: 30, 352: 268, 435: 296, 436: 58, 475: 282, 476: 44, 481: 268, 482: 30, 517: 268, 518: 30, 519: 338, 520: 100, 555: 128, 556: 366, 557: 666, 558: 428, 559: 58, 560: 296, 561: 366, 562: 128, 565: 100, 566: 338, 577: 324, 578: 86, 579: 352, 580: 114, 583: 666, 584: 428, 585: 324, 586: 86, 587: 254, 588: 16, 589: 366, 590: 128, 591: 352, 592: 114, 593: 114, 594: 352, 595: 296, 596: 58, 597: 268, 598: 30, 599: 142, 600: 380, 601: 282, 602: 44, 603: 268, 604: 30, 605: 268, 606: 30, 607: 338, 608: 100, 613: 100, 614: 338, 615: 282, 616: 44, 617: 268, 618: 30, 621: 338, 622: 100, 625: 268, 626: 30, 629: 282, 630: 44, 631: 268, 632: 30, 633: 282, 634: 44, 635: 268, 636: 30, 645: 296, 646: 58, 651: 254, 652: 16, 661: 254, 662: 16, 663: 394, 664: 156, 665: 366, 666: 128, 667: 254, 668: 16, 713: 352, 714: 114, 717: 44, 718: 282, 719: 394, 720: 156, 721: 324, 722: 86, 723: 254, 724: 16, 743: 44, 744: 282, 745: 268, 746: 30, 747: 324, 748: 86, 763: 268, 764: 30, 765: 254, 766: 16, 767: 296, 768: 58, 785: 254, 786: 16, 787: 268, 788: 30, 789: 338, 790: 100, 791: 268, 792: 30, 793: 338, 794: 100, 795: 268, 796: 30, 797: 352, 798: 114, 799: 282, 800: 44, 801: 268, 802: 30, 879: 268, 880: 30}
Correct solution!
Number of lables used:  24
Time taken: 0.21 seconds
Memory used: 31.17 MB
--------------------------------------------------

Trying with at most 23 labels...
Solution:
{13: 526, 14: 764, 15: 512, 16: 750, 53: 652, 54: 414, 79: 86, 80: 324, 81: 652, 82: 414, 83: 750, 84: 512, 85: 414, 86: 652, 127: 394, 128: 156, 129: 254, 130: 16, 143: 394, 144: 156, 145: 254, 146: 16, 205: 254, 206: 16, 233: 86, 234: 324, 235: 778, 236: 540, 237: 512, 238: 750, 261: 86, 262: 324, 263: 498, 264: 736, 265: 526, 266: 764, 267: 254, 268: 16, 269: 792, 270: 554, 271: 16, 272: 254, 273: 736, 274: 498, 275: 736, 276: 498, 277: 792, 278: 554, 281: 736, 282: 498, 283: 736, 284: 498, 289: 750, 290: 512, 291: 324, 292: 86, 303: 16, 304: 254, 305: 394, 306: 156, 321: 526, 322: 764, 323: 324, 324: 86, 325: 16, 326: 254, 327: 652, 328: 414, 329: 254, 330: 16, 341: 652, 342: 414, 343: 652, 344: 414, 349: 498, 350: 736, 351: 86, 352: 324, 435: 778, 436: 540, 475: 736, 476: 498, 481: 324, 482: 86, 517: 324, 518: 86, 519: 324, 520: 86, 555: 86, 556: 324, 557: 498, 558: 736, 559: 778, 560: 540, 561: 540, 562: 778, 565: 764, 566: 526, 577: 554, 578: 792, 579: 414, 580: 652, 583: 526, 584: 764, 585: 498, 586: 736, 587: 86, 588: 324, 589: 394, 590: 156, 591: 512, 592: 750, 593: 512, 594: 750, 595: 512, 596: 750, 597: 540, 598: 778, 599: 540, 600: 778, 601: 498, 602: 736, 603: 324, 604: 86, 605: 86, 606: 324, 607: 512, 608: 750, 613: 526, 614: 764, 615: 736, 616: 498, 617: 324, 618: 86, 621: 498, 622: 736, 625: 324, 626: 86, 629: 736, 630: 498, 631: 86, 632: 324, 633: 498, 634: 736, 635: 86, 636: 324, 645: 394, 646: 156, 651: 86, 652: 324, 661: 324, 662: 86, 663: 652, 664: 414, 665: 792, 666: 554, 667: 324, 668: 86, 713: 792, 714: 554, 717: 736, 718: 498, 719: 652, 720: 414, 721: 324, 722: 86, 723: 254, 724: 16, 743: 512, 744: 750, 745: 750, 746: 512, 747: 736, 748: 498, 763: 324, 764: 86, 765: 86, 766: 324, 767: 652, 768: 414, 785: 86, 786: 324, 787: 736, 788: 498, 789: 526, 790: 764, 791: 86, 792: 324, 793: 736, 794: 498, 795: 86, 796: 324, 797: 736, 798: 498, 799: 86, 800: 324, 801: 764, 802: 526, 879: 324, 880: 86}
Correct solution!
Number of lables used:  18
Time taken: 0.23 seconds
Memory used: 32.17 MB
--------------------------------------------------

Trying with at most 17 labels...
Solution:
{13: 526, 14: 764, 15: 156, 16: 394, 53: 652, 54: 414, 79: 86, 80: 324, 81: 652, 82: 414, 83: 750, 84: 512, 85: 414, 86: 652, 127: 414, 128: 652, 129: 324, 130: 86, 143: 394, 144: 156, 145: 394, 146: 156, 205: 324, 206: 86, 233: 750, 234: 512, 235: 428, 236: 666, 237: 498, 238: 736, 261: 156, 262: 394, 263: 156, 264: 394, 265: 512, 266: 750, 267: 652, 268: 414, 269: 792, 270: 554, 271: 156, 272: 394, 273: 736, 274: 498, 275: 736, 276: 498, 277: 792, 278: 554, 281: 736, 282: 498, 283: 736, 284: 498, 289: 750, 290: 512, 291: 324, 292: 86, 303: 554, 304: 792, 305: 394, 306: 156, 321: 526, 322: 764, 323: 324, 324: 86, 325: 86, 326: 324, 327: 652, 328: 414, 329: 156, 330: 394, 341: 652, 342: 414, 343: 652, 344: 414, 349: 526, 350: 764, 351: 86, 352: 324, 435: 764, 436: 526, 475: 736, 476: 498, 481: 324, 482: 86, 517: 86, 518: 324, 519: 324, 520: 86, 555: 86, 556: 324, 557: 498, 558: 736, 559: 764, 560: 526, 561: 498, 562: 736, 565: 750, 566: 512, 577: 652, 578: 414, 579: 414, 580: 652, 583: 526, 584: 764, 585: 498, 586: 736, 587: 86, 588: 324, 589: 652, 590: 414, 591: 666, 592: 428, 593: 512, 594: 750, 595: 512, 596: 750, 597: 526, 598: 764, 599: 512, 600: 750, 601: 498, 602: 736, 603: 324, 604: 86, 605: 526, 606: 764, 607: 512, 608: 750, 613: 666, 614: 428, 615: 736, 616: 498, 617: 428, 618: 666, 621: 526, 622: 764, 625: 324, 626: 86, 629: 736, 630: 498, 631: 86, 632: 324, 633: 764, 634: 526, 635: 86, 636: 324, 645: 156, 646: 394, 651: 86, 652: 324, 661: 324, 662: 86, 663: 652, 664: 414, 665: 792, 666: 554, 667: 324, 668: 86, 713: 792, 714: 554, 717: 736, 718: 498, 719: 652, 720: 414, 721: 324, 722: 86, 723: 428, 724: 666, 743: 512, 744: 750, 745: 764, 746: 526, 747: 736, 748: 498, 763: 736, 764: 498, 765: 86, 766: 324, 767: 652, 768: 414, 785: 86, 786: 324, 787: 736, 788: 498, 789: 526, 790: 764, 791: 86, 792: 324, 793: 736, 794: 498, 795: 86, 796: 324, 797: 736, 798: 498, 799: 512, 800: 750, 801: 324, 802: 86, 879: 324, 880: 86}
Correct solution!
Number of lables used:  16
Time taken: 0.24 seconds
Memory used: 32.42 MB
--------------------------------------------------

Trying with at most 15 labels...
Solution:
{13: 512, 14: 750, 15: 512, 16: 750, 53: 156, 54: 394, 79: 86, 80: 324, 81: 128, 82: 366, 83: 666, 84: 428, 85: 792, 86: 554, 127: 792, 128: 554, 129: 324, 130: 86, 143: 394, 144: 156, 145: 394, 146: 156, 205: 324, 206: 86, 233: 666, 234: 428, 235: 128, 236: 366, 237: 428, 238: 666, 261: 156, 262: 394, 263: 156, 264: 394, 265: 554, 266: 792, 267: 666, 268: 428, 269: 750, 270: 512, 271: 156, 272: 394, 273: 792, 274: 554, 275: 792, 276: 554, 277: 750, 278: 512, 281: 366, 282: 128, 283: 366, 284: 128, 289: 750, 290: 512, 291: 324, 292: 86, 303: 554, 304: 792, 305: 394, 306: 156, 321: 394, 322: 156, 323: 324, 324: 86, 325: 666, 326: 428, 327: 324, 328: 86, 329: 156, 330: 394, 341: 554, 342: 792, 343: 554, 344: 792, 349: 750, 350: 512, 351: 86, 352: 324, 435: 750, 436: 512, 475: 736, 476: 498, 481: 324, 482: 86, 517: 86, 518: 324, 519: 324, 520: 86, 555: 428, 556: 666, 557: 498, 558: 736, 559: 736, 560: 498, 561: 128, 562: 366, 565: 750, 566: 512, 577: 792, 578: 554, 579: 792, 580: 554, 583: 324, 584: 86, 585: 156, 586: 394, 587: 86, 588: 324, 589: 156, 590: 394, 591: 736, 592: 498, 593: 512, 594: 750, 595: 498, 596: 736, 597: 128, 598: 366, 599: 366, 600: 128, 601: 86, 602: 324, 603: 324, 604: 86, 605: 86, 606: 324, 607: 736, 608: 498, 613: 86, 614: 324, 615: 736, 616: 498, 617: 428, 618: 666, 621: 750, 622: 512, 625: 366, 626: 128, 629: 736, 630: 498, 631: 86, 632: 324, 633: 750, 634: 512, 635: 128, 636: 366, 645: 156, 646: 394, 651: 86, 652: 324, 661: 324, 662: 86, 663: 666, 664: 428, 665: 792, 666: 554, 667: 324, 668: 86, 713: 736, 714: 498, 717: 792, 718: 554, 719: 128, 720: 366, 721: 324, 722: 86, 723: 428, 724: 666, 743: 512, 744: 750, 745: 736, 746: 498, 747: 736, 748: 498, 763: 736, 764: 498, 765: 128, 766: 366, 767: 428, 768: 666, 785: 156, 786: 394, 787: 512, 788: 750, 789: 366, 790: 128, 791: 86, 792: 324, 793: 736, 794: 498, 795: 86, 796: 324, 797: 736, 798: 498, 799: 366, 800: 128, 801: 324, 802: 86, 879: 324, 880: 86}
Correct solution!
Number of lables used:  14
Time taken: 0.28 seconds
Memory used: 32.54 MB
--------------------------------------------------

Trying with at most 13 labels...
[runlim] sample:		10.0 time, 10.1 real, 52.8 MB
Cannot find solution.
No more solutions found.
Optimal number of labels used:  14
Time taken: 19.50 seconds
[runlim] end:			Thu Jan 15 05:05:15 2026
[runlim] status:		ok
[runlim] result:		0
[runlim] children:		0
[runlim] real:			19.67 seconds
[runlim] time:			19.49 seconds
[runlim] space:			62.5 MB
[runlim] samples:		195
