[runlim] version:		1.10
[runlim] time limit:		311040000 seconds
[runlim] real time limit:	900 seconds
[runlim] space limit:		8000 MB
[runlim] argv[0]:		python3
[runlim] argv[1]:		-u
[runlim] argv[2]:		main.py
[runlim] argv[3]:		graph01
[runlim] argv[4]:		nsc
[runlim] argv[5]:		assumptions
[runlim] argv[6]:		cadical195
[runlim] start:			Thu Jan 15 00:44:25 2026
[runlim] main pid:		66842
Solve first problem:
Solution:
{1: 30, 2: 268, 3: 16, 4: 254, 5: 16, 6: 254, 7: 142, 8: 380, 9: 142, 10: 380, 11: 16, 12: 254, 13: 30, 14: 268, 15: 58, 16: 296, 17: 16, 18: 254, 19: 16, 20: 254, 21: 44, 22: 282, 23: 142, 24: 380, 25: 72, 26: 310, 27: 352, 28: 114, 29: 16, 30: 254, 31: 72, 32: 310, 33: 114, 34: 352, 35: 72, 36: 310, 37: 16, 38: 254, 39: 16, 40: 254, 41: 72, 42: 310, 43: 86, 44: 324, 45: 58, 46: 296, 47: 16, 48: 254, 49: 72, 50: 310, 51: 86, 52: 324, 53: 30, 54: 268, 55: 58, 56: 296, 57: 58, 58: 296, 59: 16, 60: 254, 61: 128, 62: 366, 63: 86, 64: 324, 65: 16, 66: 254, 67: 58, 68: 296, 69: 44, 70: 282, 71: 30, 72: 268, 73: 142, 74: 380, 75: 86, 76: 324, 77: 30, 78: 268, 79: 16, 80: 254, 81: 72, 82: 310, 83: 58, 84: 296, 85: 72, 86: 310, 87: 114, 88: 352, 89: 58, 90: 296, 91: 156, 92: 394, 93: 16, 94: 254, 95: 72, 96: 310, 97: 408, 98: 170, 99: 86, 100: 324, 101: 30, 102: 268, 103: 16, 104: 254, 105: 142, 106: 380, 107: 44, 108: 282, 109: 16, 110: 254, 111: 86, 112: 324, 113: 44, 114: 282, 115: 114, 116: 352, 117: 114, 118: 352, 119: 100, 120: 338, 121: 408, 122: 170, 123: 142, 124: 380, 125: 58, 126: 296, 127: 30, 128: 268, 129: 114, 130: 352, 131: 30, 132: 268, 133: 366, 134: 128, 135: 170, 136: 408, 137: 30, 138: 268, 139: 16, 140: 254, 141: 30, 142: 268, 143: 44, 144: 282, 145: 86, 146: 324, 147: 366, 148: 128, 149: 428, 150: 666, 151: 86, 152: 324, 153: 142, 154: 380, 155: 156, 156: 394, 157: 338, 158: 100, 159: 484, 160: 722, 161: 296, 162: 58, 163: 268, 164: 30, 165: 456, 166: 694, 167: 44, 168: 282, 169: 100, 170: 338, 171: 72, 172: 310, 173: 114, 174: 352, 175: 442, 176: 680, 177: 16, 178: 254, 179: 44, 180: 282, 181: 16, 182: 254, 183: 142, 184: 380, 185: 414, 186: 652, 187: 128, 188: 366, 189: 30, 190: 268, 191: 414, 192: 652, 193: 170, 194: 408, 195: 100, 196: 338, 197: 58, 198: 296, 199: 72, 200: 310}
Correct solution!
Number of lables used:  34
Time taken: 0.16 seconds
Memory used: 35.41 MB
--------------------------------------------------

Trying with at most 33 labels...
Solution:
{1: 58, 2: 296, 3: 30, 4: 268, 5: 58, 6: 296, 7: 240, 8: 478, 9: 240, 10: 478, 11: 72, 12: 310, 13: 100, 14: 338, 15: 58, 16: 296, 17: 268, 18: 30, 19: 86, 20: 324, 21: 310, 22: 72, 23: 408, 24: 170, 25: 352, 26: 114, 27: 156, 28: 394, 29: 100, 30: 338, 31: 142, 32: 380, 33: 352, 34: 114, 35: 100, 36: 338, 37: 86, 38: 324, 39: 72, 40: 310, 41: 142, 42: 380, 43: 338, 44: 100, 45: 156, 46: 394, 47: 380, 48: 142, 49: 100, 50: 338, 51: 30, 52: 268, 53: 72, 54: 310, 55: 380, 56: 142, 57: 16, 58: 254, 59: 310, 60: 72, 61: 156, 62: 394, 63: 142, 64: 380, 65: 72, 66: 310, 67: 142, 68: 380, 69: 142, 70: 380, 71: 86, 72: 324, 73: 240, 74: 478, 75: 142, 76: 380, 77: 282, 78: 44, 79: 100, 80: 338, 81: 142, 82: 380, 83: 156, 84: 394, 85: 86, 86: 324, 87: 254, 88: 16, 89: 100, 90: 338, 91: 16, 92: 254, 93: 156, 94: 394, 95: 352, 96: 114, 97: 170, 98: 408, 99: 86, 100: 324, 101: 114, 102: 352, 103: 16, 104: 254, 105: 30, 106: 268, 107: 100, 108: 338, 109: 72, 110: 310, 111: 142, 112: 380, 113: 156, 114: 394, 115: 142, 116: 380, 117: 156, 118: 394, 119: 114, 120: 352, 121: 240, 122: 478, 123: 240, 124: 478, 125: 114, 126: 352, 127: 338, 128: 100, 129: 86, 130: 324, 131: 100, 132: 338, 133: 366, 134: 128, 135: 408, 136: 170, 137: 128, 138: 366, 139: 16, 140: 254, 141: 86, 142: 324, 143: 128, 144: 366, 145: 282, 146: 44, 147: 30, 148: 268, 149: 58, 150: 296, 151: 268, 152: 30, 153: 156, 154: 394, 155: 114, 156: 352, 157: 156, 158: 394, 159: 156, 160: 394, 161: 394, 162: 156, 163: 296, 164: 58, 165: 58, 166: 296, 167: 366, 168: 128, 169: 296, 170: 58, 171: 156, 172: 394, 173: 58, 174: 296, 175: 86, 176: 324, 177: 156, 178: 394, 179: 156, 180: 394, 181: 30, 182: 268, 183: 324, 184: 86, 185: 86, 186: 324, 187: 142, 188: 380, 189: 156, 190: 394, 191: 100, 192: 338, 193: 240, 194: 478, 195: 142, 196: 380, 197: 156, 198: 394, 199: 156, 200: 394}
Correct solution!
Number of lables used:  26
Time taken: 0.17 seconds
Memory used: 36.66 MB
--------------------------------------------------

Trying with at most 25 labels...
Solution:
{1: 708, 2: 470, 3: 16, 4: 254, 5: 44, 6: 282, 7: 408, 8: 170, 9: 170, 10: 408, 11: 44, 12: 282, 13: 86, 14: 324, 15: 708, 16: 470, 17: 254, 18: 16, 19: 86, 20: 324, 21: 86, 22: 324, 23: 380, 24: 142, 25: 708, 26: 470, 27: 666, 28: 428, 29: 100, 30: 338, 31: 128, 32: 366, 33: 380, 34: 142, 35: 86, 36: 324, 37: 86, 38: 324, 39: 44, 40: 282, 41: 142, 42: 380, 43: 338, 44: 100, 45: 142, 46: 380, 47: 16, 48: 254, 49: 44, 50: 282, 51: 338, 52: 100, 53: 44, 54: 282, 55: 380, 56: 142, 57: 142, 58: 380, 59: 16, 60: 254, 61: 142, 62: 380, 63: 142, 64: 380, 65: 44, 66: 282, 67: 708, 68: 470, 69: 128, 70: 366, 71: 708, 72: 470, 73: 170, 74: 408, 75: 694, 76: 456, 77: 666, 78: 428, 79: 86, 80: 324, 81: 142, 82: 380, 83: 142, 84: 380, 85: 44, 86: 282, 87: 708, 88: 470, 89: 86, 90: 324, 91: 16, 92: 254, 93: 142, 94: 380, 95: 470, 96: 708, 97: 170, 98: 408, 99: 86, 100: 324, 101: 694, 102: 456, 103: 366, 104: 128, 105: 44, 106: 282, 107: 100, 108: 338, 109: 44, 110: 282, 111: 142, 112: 380, 113: 128, 114: 366, 115: 142, 116: 380, 117: 142, 118: 380, 119: 100, 120: 338, 121: 170, 122: 408, 123: 170, 124: 408, 125: 86, 126: 324, 127: 338, 128: 100, 129: 86, 130: 324, 131: 100, 132: 338, 133: 366, 134: 128, 135: 170, 136: 408, 137: 128, 138: 366, 139: 16, 140: 254, 141: 324, 142: 86, 143: 16, 144: 254, 145: 44, 146: 282, 147: 16, 148: 254, 149: 380, 150: 142, 151: 666, 152: 428, 153: 100, 154: 338, 155: 100, 156: 338, 157: 380, 158: 142, 159: 666, 160: 428, 161: 44, 162: 282, 163: 282, 164: 44, 165: 282, 166: 44, 167: 366, 168: 128, 169: 16, 170: 254, 171: 44, 172: 282, 173: 338, 174: 100, 175: 86, 176: 324, 177: 142, 178: 380, 179: 142, 180: 380, 181: 456, 182: 694, 183: 324, 184: 86, 185: 86, 186: 324, 187: 128, 188: 366, 189: 128, 190: 366, 191: 100, 192: 338, 193: 408, 194: 170, 195: 142, 196: 380, 197: 100, 198: 338, 199: 142, 200: 380}
Correct solution!
Number of lables used:  20
Time taken: 0.18 seconds
Memory used: 36.78 MB
--------------------------------------------------

Trying with at most 19 labels...
Solution:
{1: 442, 2: 680, 3: 470, 4: 708, 5: 792, 6: 554, 7: 380, 8: 142, 9: 142, 10: 380, 11: 338, 12: 100, 13: 142, 14: 380, 15: 442, 16: 680, 17: 554, 18: 792, 19: 100, 20: 338, 21: 142, 22: 380, 23: 380, 24: 142, 25: 310, 26: 72, 27: 680, 28: 442, 29: 792, 30: 554, 31: 442, 32: 680, 33: 142, 34: 380, 35: 792, 36: 554, 37: 142, 38: 380, 39: 380, 40: 142, 41: 470, 42: 708, 43: 310, 44: 72, 45: 380, 46: 142, 47: 792, 48: 554, 49: 750, 50: 512, 51: 338, 52: 100, 53: 470, 54: 708, 55: 554, 56: 792, 57: 792, 58: 554, 59: 442, 60: 680, 61: 470, 62: 708, 63: 792, 64: 554, 65: 470, 66: 708, 67: 750, 68: 512, 69: 512, 70: 750, 71: 142, 72: 380, 73: 408, 74: 170, 75: 750, 76: 512, 77: 114, 78: 352, 79: 442, 80: 680, 81: 142, 82: 380, 83: 470, 84: 708, 85: 442, 86: 680, 87: 352, 88: 114, 89: 512, 90: 750, 91: 470, 92: 708, 93: 470, 94: 708, 95: 310, 96: 72, 97: 170, 98: 408, 99: 442, 100: 680, 101: 792, 102: 554, 103: 470, 104: 708, 105: 142, 106: 380, 107: 470, 108: 708, 109: 470, 110: 708, 111: 792, 112: 554, 113: 512, 114: 750, 115: 680, 116: 442, 117: 380, 118: 142, 119: 470, 120: 708, 121: 170, 122: 408, 123: 408, 124: 170, 125: 470, 126: 708, 127: 352, 128: 114, 129: 442, 130: 680, 131: 750, 132: 512, 133: 470, 134: 708, 135: 170, 136: 408, 137: 512, 138: 750, 139: 470, 140: 708, 141: 442, 142: 680, 143: 512, 144: 750, 145: 750, 146: 512, 147: 470, 148: 708, 149: 114, 150: 352, 151: 338, 152: 100, 153: 512, 154: 750, 155: 470, 156: 708, 157: 512, 158: 750, 159: 442, 160: 680, 161: 380, 162: 142, 163: 792, 164: 554, 165: 142, 166: 380, 167: 512, 168: 750, 169: 100, 170: 338, 171: 512, 172: 750, 173: 680, 174: 442, 175: 792, 176: 554, 177: 512, 178: 750, 179: 380, 180: 142, 181: 750, 182: 512, 183: 72, 184: 310, 185: 792, 186: 554, 187: 708, 188: 470, 189: 512, 190: 750, 191: 708, 192: 470, 193: 170, 194: 408, 195: 442, 196: 680, 197: 470, 198: 708, 199: 512, 200: 750}
Correct solution!
Number of lables used:  18
Time taken: 0.42 seconds
Memory used: 41.49 MB
--------------------------------------------------

Trying with at most 17 labels...
[runlim] sample:		10.0 time, 10.2 real, 48.5 MB
[runlim] sample:		20.0 time, 20.2 real, 50.7 MB
[runlim] sample:		30.0 time, 30.2 real, 56.5 MB
[runlim] sample:		40.0 time, 40.2 real, 58.8 MB
[runlim] sample:		50.0 time, 50.2 real, 67.7 MB
[runlim] sample:		60.0 time, 60.2 real, 67.7 MB
Cannot find solution.
No more solutions found.
Optimal number of labels used:  18
Time taken: 65.59 seconds
[runlim] end:			Thu Jan 15 00:45:30 2026
[runlim] status:		ok
[runlim] result:		0
[runlim] children:		0
[runlim] real:			65.81 seconds
[runlim] time:			65.59 seconds
[runlim] space:			67.7 MB
[runlim] samples:		656
