[runlim] version:		1.10
[runlim] time limit:		311040000 seconds
[runlim] real time limit:	900 seconds
[runlim] space limit:		8000 MB
[runlim] argv[0]:		python3
[runlim] argv[1]:		-u
[runlim] argv[2]:		main.py
[runlim] argv[3]:		scen05
[runlim] argv[4]:		nsc
[runlim] argv[5]:		assumptions
[runlim] argv[6]:		cadical195
[runlim] start:			Thu Jan 15 14:03:08 2026
[runlim] main pid:		328203
Solve first problem:
Solution:
{13: 156, 14: 394, 15: 156, 16: 394, 53: 764, 54: 526, 71: 128, 72: 366, 79: 554, 80: 792, 81: 44, 82: 282, 83: 156, 84: 394, 85: 442, 86: 680, 117: 792, 118: 554, 119: 554, 120: 792, 127: 58, 128: 296, 129: 792, 130: 554, 143: 680, 144: 442, 145: 456, 146: 694, 151: 72, 152: 310, 153: 428, 154: 666, 163: 156, 164: 394, 165: 764, 166: 526, 179: 44, 180: 282, 181: 282, 182: 44, 183: 442, 184: 680, 191: 750, 192: 512, 193: 310, 194: 72, 205: 324, 206: 86, 209: 736, 210: 498, 211: 792, 212: 554, 213: 324, 214: 86, 217: 764, 218: 526, 219: 394, 220: 156, 233: 442, 234: 680, 235: 778, 236: 540, 237: 498, 238: 736, 255: 142, 256: 380, 259: 16, 260: 254, 261: 554, 262: 792, 263: 296, 264: 58, 265: 86, 266: 324, 267: 554, 268: 792, 269: 296, 270: 58, 271: 296, 272: 58, 273: 44, 274: 282, 275: 44, 276: 282, 277: 296, 278: 58, 281: 394, 282: 156, 283: 128, 284: 366, 285: 16, 286: 254, 287: 554, 288: 792, 289: 792, 290: 554, 291: 156, 292: 394, 293: 408, 294: 170, 295: 792, 296: 554, 299: 254, 300: 16, 301: 156, 302: 394, 303: 324, 304: 86, 305: 554, 306: 792, 307: 554, 308: 792, 309: 394, 310: 156, 311: 30, 312: 268, 313: 310, 314: 72, 321: 254, 322: 16, 323: 156, 324: 394, 325: 456, 326: 694, 327: 310, 328: 72, 329: 310, 330: 72, 335: 792, 336: 554, 337: 442, 338: 680, 341: 394, 342: 156, 343: 394, 344: 156, 349: 296, 350: 58, 351: 708, 352: 470, 353: 694, 354: 456, 369: 778, 370: 540, 371: 456, 372: 694, 373: 694, 374: 456, 375: 142, 376: 380, 377: 352, 378: 114, 379: 366, 380: 128, 381: 86, 382: 324, 385: 778, 386: 540, 391: 722, 392: 484, 393: 750, 394: 512, 401: 380, 402: 142, 403: 268, 404: 30, 405: 428, 406: 666, 413: 722, 414: 484, 435: 72, 436: 310, 439: 394, 440: 156, 443: 792, 444: 554, 449: 764, 450: 526, 471: 142, 472: 380, 473: 338, 474: 100, 475: 484, 476: 722, 477: 694, 478: 456, 479: 296, 480: 58, 481: 142, 482: 380, 517: 680, 518: 442, 519: 540, 520: 778, 537: 156, 538: 394, 539: 100, 540: 338, 541: 414, 542: 652, 545: 652, 546: 414, 551: 792, 552: 554, 553: 282, 554: 44, 555: 442, 556: 680, 557: 540, 558: 778, 559: 380, 560: 142, 561: 142, 562: 380, 563: 708, 564: 470, 565: 540, 566: 778, 567: 352, 568: 114, 569: 512, 570: 750, 571: 456, 572: 694, 573: 72, 574: 310, 575: 58, 576: 296, 577: 554, 578: 792, 579: 680, 580: 442, 581: 72, 582: 310, 583: 778, 584: 540, 585: 366, 586: 128, 587: 708, 588: 470, 589: 394, 590: 156, 591: 526, 592: 764, 593: 282, 594: 44, 595: 442, 596: 680, 597: 310, 598: 72, 599: 708, 600: 470, 601: 296, 602: 58, 603: 498, 604: 736, 605: 540, 606: 778, 607: 338, 608: 100, 613: 310, 614: 72, 615: 100, 616: 338, 617: 764, 618: 526, 619: 540, 620: 778, 621: 540, 622: 778, 623: 778, 624: 540, 625: 86, 626: 324, 629: 310, 630: 72, 631: 540, 632: 778, 633: 142, 634: 380, 635: 708, 636: 470, 639: 142, 640: 380, 641: 128, 642: 366, 643: 128, 644: 366, 645: 114, 646: 352, 651: 512, 652: 750, 653: 708, 654: 470, 661: 792, 662: 554, 663: 484, 664: 722, 665: 394, 666: 156, 667: 778, 668: 540, 671: 310, 672: 72, 711: 366, 712: 128, 713: 296, 714: 58, 715: 694, 716: 456, 717: 142, 718: 380, 719: 254, 720: 16, 721: 554, 722: 792, 723: 456, 724: 694, 739: 666, 740: 428, 741: 470, 742: 708, 743: 352, 744: 114, 745: 58, 746: 296, 747: 540, 748: 778, 751: 540, 752: 778, 753: 142, 754: 380, 755: 666, 756: 428, 757: 142, 758: 380, 759: 540, 760: 778, 763: 540, 764: 778, 765: 16, 766: 254, 767: 324, 768: 86, 769: 310, 770: 72, 773: 156, 774: 394, 775: 484, 776: 722, 783: 778, 784: 540, 785: 722, 786: 484, 787: 540, 788: 778, 789: 366, 790: 128, 791: 778, 792: 540, 793: 380, 794: 142, 795: 540, 796: 778, 797: 470, 798: 708, 799: 282, 800: 44, 801: 764, 802: 526, 803: 86, 804: 324, 805: 540, 806: 778, 807: 72, 808: 310, 809: 554, 810: 792, 811: 498, 812: 736, 813: 352, 814: 114, 815: 540, 816: 778, 817: 310, 818: 72, 825: 268, 826: 30, 827: 694, 828: 456, 829: 778, 830: 540, 879: 128, 880: 366, 911: 114, 912: 352, 913: 338, 914: 100, 915: 156, 916: 394}
Correct solution!
Number of lables used:  46
Time taken: 0.25 seconds
Memory used: 36.09 MB
--------------------------------------------------

Trying with at most 45 labels...
Solution:
{13: 156, 14: 394, 15: 156, 16: 394, 53: 764, 54: 526, 71: 128, 72: 366, 79: 554, 80: 792, 81: 44, 82: 282, 83: 156, 84: 394, 85: 428, 86: 666, 117: 792, 118: 554, 119: 554, 120: 792, 127: 58, 128: 296, 129: 792, 130: 554, 143: 680, 144: 442, 145: 456, 146: 694, 151: 72, 152: 310, 153: 428, 154: 666, 163: 156, 164: 394, 165: 764, 166: 526, 179: 44, 180: 282, 181: 282, 182: 44, 183: 442, 184: 680, 191: 736, 192: 498, 193: 310, 194: 72, 205: 324, 206: 86, 209: 736, 210: 498, 211: 792, 212: 554, 213: 324, 214: 86, 217: 764, 218: 526, 219: 394, 220: 156, 233: 442, 234: 680, 235: 778, 236: 540, 237: 498, 238: 736, 255: 142, 256: 380, 259: 16, 260: 254, 261: 554, 262: 792, 263: 296, 264: 58, 265: 86, 266: 324, 267: 554, 268: 792, 269: 296, 270: 58, 271: 296, 272: 58, 273: 44, 274: 282, 275: 44, 276: 282, 277: 296, 278: 58, 281: 394, 282: 156, 283: 128, 284: 366, 285: 16, 286: 254, 287: 554, 288: 792, 289: 792, 290: 554, 291: 156, 292: 394, 293: 408, 294: 170, 295: 792, 296: 554, 299: 254, 300: 16, 301: 156, 302: 394, 303: 324, 304: 86, 305: 554, 306: 792, 307: 554, 308: 792, 309: 394, 310: 156, 311: 30, 312: 268, 313: 310, 314: 72, 321: 254, 322: 16, 323: 156, 324: 394, 325: 456, 326: 694, 327: 310, 328: 72, 329: 310, 330: 72, 335: 792, 336: 554, 337: 442, 338: 680, 341: 394, 342: 156, 343: 394, 344: 156, 349: 296, 350: 58, 351: 708, 352: 470, 353: 694, 354: 456, 369: 778, 370: 540, 371: 456, 372: 694, 373: 694, 374: 456, 375: 142, 376: 380, 377: 352, 378: 114, 379: 366, 380: 128, 381: 86, 382: 324, 385: 778, 386: 540, 391: 722, 392: 484, 393: 764, 394: 526, 401: 380, 402: 142, 403: 268, 404: 30, 405: 428, 406: 666, 413: 764, 414: 526, 435: 72, 436: 310, 439: 394, 440: 156, 443: 792, 444: 554, 449: 764, 450: 526, 471: 142, 472: 380, 473: 338, 474: 100, 475: 484, 476: 722, 477: 680, 478: 442, 479: 296, 480: 58, 481: 142, 482: 380, 517: 680, 518: 442, 519: 540, 520: 778, 537: 156, 538: 394, 539: 100, 540: 338, 541: 414, 542: 652, 545: 652, 546: 414, 551: 792, 552: 554, 553: 282, 554: 44, 555: 442, 556: 680, 557: 540, 558: 778, 559: 380, 560: 142, 561: 142, 562: 380, 563: 708, 564: 470, 565: 540, 566: 778, 567: 352, 568: 114, 569: 526, 570: 764, 571: 456, 572: 694, 573: 72, 574: 310, 575: 58, 576: 296, 577: 554, 578: 792, 579: 680, 580: 442, 581: 72, 582: 310, 583: 778, 584: 540, 585: 366, 586: 128, 587: 708, 588: 470, 589: 394, 590: 156, 591: 526, 592: 764, 593: 282, 594: 44, 595: 442, 596: 680, 597: 310, 598: 72, 599: 708, 600: 470, 601: 296, 602: 58, 603: 498, 604: 736, 605: 540, 606: 778, 607: 338, 608: 100, 613: 310, 614: 72, 615: 100, 616: 338, 617: 764, 618: 526, 619: 540, 620: 778, 621: 540, 622: 778, 623: 778, 624: 540, 625: 86, 626: 324, 629: 310, 630: 72, 631: 540, 632: 778, 633: 142, 634: 380, 635: 708, 636: 470, 639: 142, 640: 380, 641: 128, 642: 366, 643: 128, 644: 366, 645: 114, 646: 352, 651: 498, 652: 736, 653: 694, 654: 456, 661: 792, 662: 554, 663: 484, 664: 722, 665: 394, 666: 156, 667: 778, 668: 540, 671: 310, 672: 72, 711: 352, 712: 114, 713: 296, 714: 58, 715: 694, 716: 456, 717: 142, 718: 380, 719: 254, 720: 16, 721: 554, 722: 792, 723: 456, 724: 694, 739: 666, 740: 428, 741: 470, 742: 708, 743: 352, 744: 114, 745: 58, 746: 296, 747: 540, 748: 778, 751: 540, 752: 778, 753: 142, 754: 380, 755: 666, 756: 428, 757: 142, 758: 380, 759: 540, 760: 778, 763: 540, 764: 778, 765: 16, 766: 254, 767: 324, 768: 86, 769: 310, 770: 72, 773: 156, 774: 394, 775: 484, 776: 722, 783: 778, 784: 540, 785: 708, 786: 470, 787: 540, 788: 778, 789: 366, 790: 128, 791: 778, 792: 540, 793: 380, 794: 142, 795: 540, 796: 778, 797: 470, 798: 708, 799: 282, 800: 44, 801: 764, 802: 526, 803: 86, 804: 324, 805: 540, 806: 778, 807: 72, 808: 310, 809: 554, 810: 792, 811: 498, 812: 736, 813: 352, 814: 114, 815: 540, 816: 778, 817: 310, 818: 72, 825: 268, 826: 30, 827: 694, 828: 456, 829: 778, 830: 540, 879: 128, 880: 366, 911: 114, 912: 352, 913: 324, 914: 86, 915: 142, 916: 380}
Correct solution!
Number of lables used:  44
Time taken: 0.26 seconds
Memory used: 39.23 MB
--------------------------------------------------

Trying with at most 43 labels...
Solution:
{13: 156, 14: 394, 15: 156, 16: 394, 53: 764, 54: 526, 71: 128, 72: 366, 79: 554, 80: 792, 81: 44, 82: 282, 83: 156, 84: 394, 85: 428, 86: 666, 117: 792, 118: 554, 119: 554, 120: 792, 127: 58, 128: 296, 129: 792, 130: 554, 143: 680, 144: 442, 145: 456, 146: 694, 151: 72, 152: 310, 153: 428, 154: 666, 163: 156, 164: 394, 165: 764, 166: 526, 179: 44, 180: 282, 181: 282, 182: 44, 183: 442, 184: 680, 191: 736, 192: 498, 193: 310, 194: 72, 205: 324, 206: 86, 209: 736, 210: 498, 211: 792, 212: 554, 213: 324, 214: 86, 217: 764, 218: 526, 219: 394, 220: 156, 233: 442, 234: 680, 235: 778, 236: 540, 237: 498, 238: 736, 255: 142, 256: 380, 259: 16, 260: 254, 261: 554, 262: 792, 263: 296, 264: 58, 265: 86, 266: 324, 267: 554, 268: 792, 269: 296, 270: 58, 271: 296, 272: 58, 273: 30, 274: 268, 275: 30, 276: 268, 277: 296, 278: 58, 281: 394, 282: 156, 283: 128, 284: 366, 285: 16, 286: 254, 287: 554, 288: 792, 289: 792, 290: 554, 291: 156, 292: 394, 293: 380, 294: 142, 295: 792, 296: 554, 299: 254, 300: 16, 301: 156, 302: 394, 303: 324, 304: 86, 305: 554, 306: 792, 307: 554, 308: 792, 309: 394, 310: 156, 311: 30, 312: 268, 313: 310, 314: 72, 321: 254, 322: 16, 323: 156, 324: 394, 325: 456, 326: 694, 327: 310, 328: 72, 329: 296, 330: 58, 335: 792, 336: 554, 337: 442, 338: 680, 341: 394, 342: 156, 343: 394, 344: 156, 349: 282, 350: 44, 351: 708, 352: 470, 353: 694, 354: 456, 369: 778, 370: 540, 371: 456, 372: 694, 373: 694, 374: 456, 375: 142, 376: 380, 377: 352, 378: 114, 379: 366, 380: 128, 381: 86, 382: 324, 385: 778, 386: 540, 391: 722, 392: 484, 393: 764, 394: 526, 401: 380, 402: 142, 403: 268, 404: 30, 405: 428, 406: 666, 413: 764, 414: 526, 435: 72, 436: 310, 439: 394, 440: 156, 443: 792, 444: 554, 449: 764, 450: 526, 471: 142, 472: 380, 473: 338, 474: 100, 475: 484, 476: 722, 477: 680, 478: 442, 479: 296, 480: 58, 481: 142, 482: 380, 517: 680, 518: 442, 519: 540, 520: 778, 537: 156, 538: 394, 539: 100, 540: 338, 541: 414, 542: 652, 545: 652, 546: 414, 551: 792, 552: 554, 553: 282, 554: 44, 555: 442, 556: 680, 557: 540, 558: 778, 559: 380, 560: 142, 561: 128, 562: 366, 563: 708, 564: 470, 565: 540, 566: 778, 567: 352, 568: 114, 569: 526, 570: 764, 571: 456, 572: 694, 573: 58, 574: 296, 575: 58, 576: 296, 577: 554, 578: 792, 579: 680, 580: 442, 581: 58, 582: 296, 583: 778, 584: 540, 585: 366, 586: 128, 587: 708, 588: 470, 589: 394, 590: 156, 591: 526, 592: 764, 593: 282, 594: 44, 595: 442, 596: 680, 597: 310, 598: 72, 599: 708, 600: 470, 601: 296, 602: 58, 603: 498, 604: 736, 605: 540, 606: 778, 607: 324, 608: 86, 613: 310, 614: 72, 615: 100, 616: 338, 617: 764, 618: 526, 619: 540, 620: 778, 621: 540, 622: 778, 623: 778, 624: 540, 625: 86, 626: 324, 629: 310, 630: 72, 631: 540, 632: 778, 633: 128, 634: 366, 635: 708, 636: 470, 639: 128, 640: 366, 641: 128, 642: 366, 643: 128, 644: 366, 645: 114, 646: 352, 651: 498, 652: 736, 653: 694, 654: 456, 661: 792, 662: 554, 663: 484, 664: 722, 665: 394, 666: 156, 667: 778, 668: 540, 671: 310, 672: 72, 711: 338, 712: 100, 713: 296, 714: 58, 715: 694, 716: 456, 717: 128, 718: 366, 719: 254, 720: 16, 721: 554, 722: 792, 723: 456, 724: 694, 739: 666, 740: 428, 741: 470, 742: 708, 743: 352, 744: 114, 745: 58, 746: 296, 747: 540, 748: 778, 751: 540, 752: 778, 753: 128, 754: 366, 755: 666, 756: 428, 757: 128, 758: 366, 759: 540, 760: 778, 763: 540, 764: 778, 765: 16, 766: 254, 767: 324, 768: 86, 769: 310, 770: 72, 773: 156, 774: 394, 775: 484, 776: 722, 783: 778, 784: 540, 785: 708, 786: 470, 787: 540, 788: 778, 789: 366, 790: 128, 791: 778, 792: 540, 793: 366, 794: 128, 795: 540, 796: 778, 797: 470, 798: 708, 799: 282, 800: 44, 801: 764, 802: 526, 803: 86, 804: 324, 805: 540, 806: 778, 807: 72, 808: 310, 809: 554, 810: 792, 811: 498, 812: 736, 813: 352, 814: 114, 815: 540, 816: 778, 817: 310, 818: 72, 825: 268, 826: 30, 827: 694, 828: 456, 829: 778, 830: 540, 879: 128, 880: 366, 911: 114, 912: 352, 913: 324, 914: 86, 915: 128, 916: 366}
Correct solution!
Number of lables used:  42
Time taken: 0.27 seconds
Memory used: 39.23 MB
--------------------------------------------------

Trying with at most 41 labels...
Solution:
{13: 156, 14: 394, 15: 156, 16: 394, 53: 764, 54: 526, 71: 128, 72: 366, 79: 554, 80: 792, 81: 44, 82: 282, 83: 156, 84: 394, 85: 428, 86: 666, 117: 792, 118: 554, 119: 554, 120: 792, 127: 44, 128: 282, 129: 792, 130: 554, 143: 680, 144: 442, 145: 456, 146: 694, 151: 72, 152: 310, 153: 428, 154: 666, 163: 156, 164: 394, 165: 764, 166: 526, 179: 44, 180: 282, 181: 282, 182: 44, 183: 442, 184: 680, 191: 736, 192: 498, 193: 310, 194: 72, 205: 310, 206: 72, 209: 736, 210: 498, 211: 792, 212: 554, 213: 310, 214: 72, 217: 764, 218: 526, 219: 394, 220: 156, 233: 442, 234: 680, 235: 778, 236: 540, 237: 498, 238: 736, 255: 142, 256: 380, 259: 16, 260: 254, 261: 554, 262: 792, 263: 296, 264: 58, 265: 86, 266: 324, 267: 554, 268: 792, 269: 296, 270: 58, 271: 296, 272: 58, 273: 30, 274: 268, 275: 30, 276: 268, 277: 296, 278: 58, 281: 394, 282: 156, 283: 128, 284: 366, 285: 16, 286: 254, 287: 554, 288: 792, 289: 792, 290: 554, 291: 156, 292: 394, 293: 380, 294: 142, 295: 792, 296: 554, 299: 254, 300: 16, 301: 156, 302: 394, 303: 324, 304: 86, 305: 554, 306: 792, 307: 554, 308: 792, 309: 394, 310: 156, 311: 30, 312: 268, 313: 310, 314: 72, 321: 254, 322: 16, 323: 156, 324: 394, 325: 456, 326: 694, 327: 310, 328: 72, 329: 296, 330: 58, 335: 792, 336: 554, 337: 442, 338: 680, 341: 394, 342: 156, 343: 394, 344: 156, 349: 282, 350: 44, 351: 708, 352: 470, 353: 694, 354: 456, 369: 778, 370: 540, 371: 456, 372: 694, 373: 694, 374: 456, 375: 142, 376: 380, 377: 352, 378: 114, 379: 366, 380: 128, 381: 86, 382: 324, 385: 778, 386: 540, 391: 722, 392: 484, 393: 764, 394: 526, 401: 380, 402: 142, 403: 268, 404: 30, 405: 428, 406: 666, 413: 764, 414: 526, 435: 72, 436: 310, 439: 394, 440: 156, 443: 792, 444: 554, 449: 764, 450: 526, 471: 142, 472: 380, 473: 352, 474: 114, 475: 484, 476: 722, 477: 680, 478: 442, 479: 296, 480: 58, 481: 142, 482: 380, 517: 680, 518: 442, 519: 540, 520: 778, 537: 156, 538: 394, 539: 86, 540: 324, 541: 414, 542: 652, 545: 652, 546: 414, 551: 792, 552: 554, 553: 282, 554: 44, 555: 442, 556: 680, 557: 540, 558: 778, 559: 380, 560: 142, 561: 128, 562: 366, 563: 708, 564: 470, 565: 540, 566: 778, 567: 352, 568: 114, 569: 526, 570: 764, 571: 470, 572: 708, 573: 58, 574: 296, 575: 58, 576: 296, 577: 554, 578: 792, 579: 680, 580: 442, 581: 58, 582: 296, 583: 778, 584: 540, 585: 366, 586: 128, 587: 708, 588: 470, 589: 394, 590: 156, 591: 526, 592: 764, 593: 282, 594: 44, 595: 442, 596: 680, 597: 310, 598: 72, 599: 708, 600: 470, 601: 296, 602: 58, 603: 498, 604: 736, 605: 540, 606: 778, 607: 324, 608: 86, 613: 310, 614: 72, 615: 86, 616: 324, 617: 764, 618: 526, 619: 540, 620: 778, 621: 540, 622: 778, 623: 778, 624: 540, 625: 86, 626: 324, 629: 310, 630: 72, 631: 540, 632: 778, 633: 128, 634: 366, 635: 708, 636: 470, 639: 128, 640: 366, 641: 128, 642: 366, 643: 128, 644: 366, 645: 114, 646: 352, 651: 498, 652: 736, 653: 694, 654: 456, 661: 792, 662: 554, 663: 484, 664: 722, 665: 394, 666: 156, 667: 778, 668: 540, 671: 310, 672: 72, 711: 394, 712: 156, 713: 296, 714: 58, 715: 694, 716: 456, 717: 128, 718: 366, 719: 254, 720: 16, 721: 554, 722: 792, 723: 456, 724: 694, 739: 666, 740: 428, 741: 470, 742: 708, 743: 352, 744: 114, 745: 58, 746: 296, 747: 540, 748: 778, 751: 540, 752: 778, 753: 128, 754: 366, 755: 666, 756: 428, 757: 128, 758: 366, 759: 540, 760: 778, 763: 540, 764: 778, 765: 16, 766: 254, 767: 324, 768: 86, 769: 310, 770: 72, 773: 156, 774: 394, 775: 484, 776: 722, 783: 778, 784: 540, 785: 708, 786: 470, 787: 540, 788: 778, 789: 366, 790: 128, 791: 778, 792: 540, 793: 366, 794: 128, 795: 540, 796: 778, 797: 470, 798: 708, 799: 282, 800: 44, 801: 764, 802: 526, 803: 86, 804: 324, 805: 540, 806: 778, 807: 72, 808: 310, 809: 554, 810: 792, 811: 498, 812: 736, 813: 352, 814: 114, 815: 540, 816: 778, 817: 310, 818: 72, 825: 268, 826: 30, 827: 694, 828: 456, 829: 778, 830: 540, 879: 128, 880: 366, 911: 114, 912: 352, 913: 324, 914: 86, 915: 128, 916: 366}
Correct solution!
Number of lables used:  40
Time taken: 0.27 seconds
Memory used: 39.23 MB
--------------------------------------------------

Trying with at most 39 labels...
Cannot find solution.
No more solutions found.
Optimal number of labels used:  40
Time taken: 0.27 seconds
[runlim] end:			Thu Jan 15 14:03:08 2026
[runlim] status:		ok
[runlim] result:		0
[runlim] children:		0
[runlim] real:			0.78 seconds
[runlim] time:			0.29 seconds
[runlim] space:			36.6 MB
[runlim] samples:		3
