[runlim] version:		1.10
[runlim] time limit:		311040000 seconds
[runlim] real time limit:	600 seconds
[runlim] space limit:		14000 MB
[runlim] argv[0]:		python3
[runlim] argv[1]:		-u
[runlim] argv[2]:		main.py
[runlim] argv[3]:		TUD200.1
[runlim] argv[4]:		nsc
[runlim] argv[5]:		assumptions
[runlim] argv[6]:		cadical195
[runlim] start:			Wed Jan 21 16:20:42 2026
[runlim] main pid:		109240
Solve first problem:
Solution:
{1: 366, 2: 128, 3: 652, 4: 414, 5: 366, 6: 128, 7: 442, 8: 680, 9: 128, 10: 366, 11: 44, 12: 282, 13: 792, 14: 554, 15: 414, 16: 652, 17: 156, 18: 394, 19: 498, 20: 736, 21: 470, 22: 708, 23: 792, 24: 554, 25: 484, 26: 722, 27: 128, 28: 366, 29: 142, 30: 380, 31: 156, 32: 394, 33: 554, 34: 792, 35: 456, 36: 694, 37: 128, 38: 366, 39: 268, 40: 30, 41: 526, 42: 764, 43: 142, 44: 380, 45: 442, 46: 680, 47: 792, 48: 554, 49: 470, 50: 708, 51: 58, 52: 296, 53: 142, 54: 380, 55: 86, 56: 324, 57: 72, 58: 310, 59: 540, 60: 778, 61: 512, 62: 750, 63: 414, 64: 652, 65: 16, 66: 254, 67: 414, 68: 652, 69: 680, 70: 442, 71: 268, 72: 30, 73: 456, 74: 694, 75: 512, 76: 750, 77: 540, 78: 778, 79: 792, 80: 554, 81: 554, 82: 792, 83: 428, 84: 666, 85: 736, 86: 498, 87: 778, 88: 540, 89: 44, 90: 282, 91: 540, 92: 778, 93: 16, 94: 254, 95: 352, 96: 114, 97: 540, 98: 778, 99: 142, 100: 380, 101: 380, 102: 142, 103: 540, 104: 778, 105: 156, 106: 394, 107: 380, 108: 142, 109: 694, 110: 456, 111: 722, 112: 484, 113: 414, 114: 652, 115: 470, 116: 708, 117: 526, 118: 764, 119: 100, 120: 338, 121: 456, 122: 694, 123: 156, 124: 394, 125: 310, 126: 72, 127: 72, 128: 310, 129: 408, 130: 170, 131: 380, 132: 142, 133: 554, 134: 792, 135: 554, 136: 792, 137: 456, 138: 694, 139: 442, 140: 680, 141: 380, 142: 142, 143: 540, 144: 778, 145: 554, 146: 792, 147: 254, 148: 16, 149: 554, 150: 792, 151: 72, 152: 310, 153: 498, 154: 736, 155: 554, 156: 792, 157: 554, 158: 792, 159: 498, 160: 736, 161: 554, 162: 792, 163: 526, 164: 764, 165: 100, 166: 338, 167: 526, 168: 764, 169: 554, 170: 792, 171: 498, 172: 736, 173: 540, 174: 778, 175: 526, 176: 764, 177: 666, 178: 428, 179: 498, 180: 736, 181: 554, 182: 792, 183: 526, 184: 764, 185: 156, 186: 394, 187: 156, 188: 394, 189: 484, 190: 722, 191: 428, 192: 666, 193: 484, 194: 722, 195: 554, 196: 792, 197: 484, 198: 722, 199: 540, 200: 778}
Correct solution!
Number of lables used:  46
--------------------------------------------------

Trying with at most 45 labels...
Solution:
{1: 16, 2: 254, 3: 324, 4: 86, 5: 366, 6: 128, 7: 722, 8: 484, 9: 128, 10: 366, 11: 44, 12: 282, 13: 442, 14: 680, 15: 694, 16: 456, 17: 86, 18: 324, 19: 414, 20: 652, 21: 442, 22: 680, 23: 750, 24: 512, 25: 666, 26: 428, 27: 30, 28: 268, 29: 72, 30: 310, 31: 394, 32: 156, 33: 512, 34: 750, 35: 44, 36: 282, 37: 86, 38: 324, 39: 394, 40: 156, 41: 498, 42: 736, 43: 128, 44: 366, 45: 442, 46: 680, 47: 680, 48: 442, 49: 470, 50: 708, 51: 366, 52: 128, 53: 142, 54: 380, 55: 338, 56: 100, 57: 72, 58: 310, 59: 512, 60: 750, 61: 708, 62: 470, 63: 414, 64: 652, 65: 16, 66: 254, 67: 666, 68: 428, 69: 30, 70: 268, 71: 268, 72: 30, 73: 142, 74: 380, 75: 498, 76: 736, 77: 484, 78: 722, 79: 722, 80: 484, 81: 512, 82: 750, 83: 428, 84: 666, 85: 666, 86: 428, 87: 338, 88: 100, 89: 44, 90: 282, 91: 512, 92: 750, 93: 16, 94: 254, 95: 338, 96: 100, 97: 484, 98: 722, 99: 142, 100: 380, 101: 380, 102: 142, 103: 498, 104: 736, 105: 86, 106: 324, 107: 282, 108: 44, 109: 142, 110: 380, 111: 156, 112: 394, 113: 694, 114: 456, 115: 156, 116: 394, 117: 100, 118: 338, 119: 100, 120: 338, 121: 442, 122: 680, 123: 86, 124: 324, 125: 58, 126: 296, 127: 72, 128: 310, 129: 408, 130: 170, 131: 380, 132: 142, 133: 498, 134: 736, 135: 470, 136: 708, 137: 142, 138: 380, 139: 142, 140: 380, 141: 380, 142: 142, 143: 498, 144: 736, 145: 512, 146: 750, 147: 254, 148: 16, 149: 470, 150: 708, 151: 72, 152: 310, 153: 428, 154: 666, 155: 470, 156: 708, 157: 512, 158: 750, 159: 498, 160: 736, 161: 512, 162: 750, 163: 484, 164: 722, 165: 44, 166: 282, 167: 512, 168: 750, 169: 512, 170: 750, 171: 498, 172: 736, 173: 498, 174: 736, 175: 456, 176: 694, 177: 114, 178: 352, 179: 498, 180: 736, 181: 512, 182: 750, 183: 456, 184: 694, 185: 156, 186: 394, 187: 156, 188: 394, 189: 652, 190: 414, 191: 750, 192: 512, 193: 750, 194: 512, 195: 484, 196: 722, 197: 750, 198: 512, 199: 456, 200: 694}
Number of lables used:  40
--------------------------------------------------

Trying with at most 39 labels...
Solution:
{1: 156, 2: 394, 3: 324, 4: 86, 5: 156, 6: 394, 7: 156, 8: 394, 9: 44, 10: 282, 11: 324, 12: 86, 13: 680, 14: 442, 15: 680, 16: 442, 17: 680, 18: 442, 19: 100, 20: 338, 21: 100, 22: 338, 23: 254, 24: 16, 25: 708, 26: 470, 27: 394, 28: 156, 29: 72, 30: 310, 31: 156, 32: 394, 33: 470, 34: 708, 35: 366, 36: 128, 37: 708, 38: 470, 39: 114, 40: 352, 41: 442, 42: 680, 43: 30, 44: 268, 45: 442, 46: 680, 47: 680, 48: 442, 49: 442, 50: 680, 51: 366, 52: 128, 53: 708, 54: 470, 55: 282, 56: 44, 57: 352, 58: 114, 59: 254, 60: 16, 61: 142, 62: 380, 63: 708, 64: 470, 65: 16, 66: 254, 67: 58, 68: 296, 69: 324, 70: 86, 71: 142, 72: 380, 73: 100, 74: 338, 75: 442, 76: 680, 77: 254, 78: 16, 79: 394, 80: 156, 81: 442, 82: 680, 83: 708, 84: 470, 85: 394, 86: 156, 87: 282, 88: 44, 89: 310, 90: 72, 91: 708, 92: 470, 93: 442, 94: 680, 95: 282, 96: 44, 97: 156, 98: 394, 99: 142, 100: 380, 101: 380, 102: 142, 103: 30, 104: 268, 105: 324, 106: 86, 107: 254, 108: 16, 109: 142, 110: 380, 111: 380, 112: 142, 113: 442, 114: 680, 115: 268, 116: 30, 117: 58, 118: 296, 119: 86, 120: 324, 121: 442, 122: 680, 123: 310, 124: 72, 125: 128, 126: 366, 127: 100, 128: 338, 129: 408, 130: 170, 131: 324, 132: 86, 133: 470, 134: 708, 135: 680, 136: 442, 137: 128, 138: 366, 139: 142, 140: 380, 141: 310, 142: 72, 143: 142, 144: 380, 145: 708, 146: 470, 147: 254, 148: 16, 149: 310, 150: 72, 151: 72, 152: 310, 153: 470, 154: 708, 155: 470, 156: 708, 157: 86, 158: 324, 159: 708, 160: 470, 161: 470, 162: 708, 163: 442, 164: 680, 165: 16, 166: 254, 167: 366, 168: 128, 169: 708, 170: 470, 171: 394, 172: 156, 173: 44, 174: 282, 175: 442, 176: 680, 177: 268, 178: 30, 179: 708, 180: 470, 181: 470, 182: 708, 183: 394, 184: 156, 185: 310, 186: 72, 187: 156, 188: 394, 189: 58, 190: 296, 191: 30, 192: 268, 193: 86, 194: 324, 195: 58, 196: 296, 197: 708, 198: 470, 199: 142, 200: 380}
Number of lables used:  28
--------------------------------------------------

Trying with at most 27 labels...
Solution:
{1: 156, 2: 394, 3: 128, 4: 366, 5: 156, 6: 394, 7: 156, 8: 394, 9: 44, 10: 282, 11: 324, 12: 86, 13: 680, 14: 442, 15: 680, 16: 442, 17: 680, 18: 442, 19: 86, 20: 324, 21: 86, 22: 324, 23: 254, 24: 16, 25: 708, 26: 470, 27: 394, 28: 156, 29: 680, 30: 442, 31: 156, 32: 394, 33: 470, 34: 708, 35: 366, 36: 128, 37: 708, 38: 470, 39: 30, 40: 268, 41: 708, 42: 470, 43: 30, 44: 268, 45: 442, 46: 680, 47: 680, 48: 442, 49: 442, 50: 680, 51: 366, 52: 128, 53: 708, 54: 470, 55: 282, 56: 44, 57: 324, 58: 86, 59: 254, 60: 16, 61: 142, 62: 380, 63: 708, 64: 470, 65: 16, 66: 254, 67: 44, 68: 282, 69: 268, 70: 30, 71: 142, 72: 380, 73: 86, 74: 324, 75: 442, 76: 680, 77: 254, 78: 16, 79: 394, 80: 156, 81: 442, 82: 680, 83: 708, 84: 470, 85: 394, 86: 156, 87: 282, 88: 44, 89: 310, 90: 72, 91: 142, 92: 380, 93: 442, 94: 680, 95: 86, 96: 324, 97: 156, 98: 394, 99: 142, 100: 380, 101: 380, 102: 142, 103: 30, 104: 268, 105: 324, 106: 86, 107: 296, 108: 58, 109: 72, 110: 310, 111: 380, 112: 142, 113: 442, 114: 680, 115: 268, 116: 30, 117: 58, 118: 296, 119: 86, 120: 324, 121: 442, 122: 680, 123: 310, 124: 72, 125: 128, 126: 366, 127: 128, 128: 366, 129: 408, 130: 170, 131: 324, 132: 86, 133: 470, 134: 708, 135: 680, 136: 442, 137: 128, 138: 366, 139: 142, 140: 380, 141: 310, 142: 72, 143: 142, 144: 380, 145: 708, 146: 470, 147: 254, 148: 16, 149: 310, 150: 72, 151: 72, 152: 310, 153: 470, 154: 708, 155: 470, 156: 708, 157: 86, 158: 324, 159: 708, 160: 470, 161: 470, 162: 708, 163: 442, 164: 680, 165: 16, 166: 254, 167: 366, 168: 128, 169: 708, 170: 470, 171: 394, 172: 156, 173: 44, 174: 282, 175: 442, 176: 680, 177: 268, 178: 30, 179: 708, 180: 470, 181: 470, 182: 708, 183: 394, 184: 156, 185: 310, 186: 72, 187: 156, 188: 394, 189: 58, 190: 296, 191: 30, 192: 268, 193: 86, 194: 324, 195: 58, 196: 296, 197: 708, 198: 470, 199: 142, 200: 380}
Number of lables used:  24
--------------------------------------------------

Trying with at most 23 labels...
Solution:
{1: 156, 2: 394, 3: 128, 4: 366, 5: 156, 6: 394, 7: 156, 8: 394, 9: 44, 10: 282, 11: 324, 12: 86, 13: 680, 14: 442, 15: 680, 16: 442, 17: 680, 18: 442, 19: 86, 20: 324, 21: 86, 22: 324, 23: 254, 24: 16, 25: 708, 26: 470, 27: 394, 28: 156, 29: 680, 30: 442, 31: 156, 32: 394, 33: 470, 34: 708, 35: 366, 36: 128, 37: 708, 38: 470, 39: 30, 40: 268, 41: 708, 42: 470, 43: 30, 44: 268, 45: 442, 46: 680, 47: 680, 48: 442, 49: 442, 50: 680, 51: 366, 52: 128, 53: 708, 54: 470, 55: 282, 56: 44, 57: 324, 58: 86, 59: 254, 60: 16, 61: 142, 62: 380, 63: 708, 64: 470, 65: 16, 66: 254, 67: 44, 68: 282, 69: 268, 70: 30, 71: 142, 72: 380, 73: 86, 74: 324, 75: 442, 76: 680, 77: 254, 78: 16, 79: 394, 80: 156, 81: 442, 82: 680, 83: 708, 84: 470, 85: 394, 86: 156, 87: 282, 88: 44, 89: 310, 90: 72, 91: 142, 92: 380, 93: 442, 94: 680, 95: 86, 96: 324, 97: 156, 98: 394, 99: 142, 100: 380, 101: 380, 102: 142, 103: 30, 104: 268, 105: 324, 106: 86, 107: 394, 108: 156, 109: 72, 110: 310, 111: 380, 112: 142, 113: 442, 114: 680, 115: 268, 116: 30, 117: 44, 118: 282, 119: 86, 120: 324, 121: 442, 122: 680, 123: 310, 124: 72, 125: 128, 126: 366, 127: 128, 128: 366, 129: 408, 130: 170, 131: 324, 132: 86, 133: 470, 134: 708, 135: 680, 136: 442, 137: 128, 138: 366, 139: 44, 140: 282, 141: 310, 142: 72, 143: 142, 144: 380, 145: 708, 146: 470, 147: 254, 148: 16, 149: 310, 150: 72, 151: 72, 152: 310, 153: 470, 154: 708, 155: 470, 156: 708, 157: 86, 158: 324, 159: 708, 160: 470, 161: 470, 162: 708, 163: 442, 164: 680, 165: 16, 166: 254, 167: 366, 168: 128, 169: 708, 170: 470, 171: 394, 172: 156, 173: 44, 174: 282, 175: 442, 176: 680, 177: 268, 178: 30, 179: 708, 180: 470, 181: 470, 182: 708, 183: 394, 184: 156, 185: 310, 186: 72, 187: 156, 188: 394, 189: 44, 190: 282, 191: 30, 192: 268, 193: 86, 194: 324, 195: 30, 196: 268, 197: 708, 198: 470, 199: 142, 200: 380}
Number of lables used:  22
--------------------------------------------------

Trying with at most 21 labels...
Solution:
{1: 282, 2: 44, 3: 30, 4: 268, 5: 30, 6: 268, 7: 156, 8: 394, 9: 30, 10: 268, 11: 324, 12: 86, 13: 736, 14: 498, 15: 554, 16: 792, 17: 394, 18: 156, 19: 44, 20: 282, 21: 86, 22: 324, 23: 16, 24: 254, 25: 394, 26: 156, 27: 498, 28: 736, 29: 442, 30: 680, 31: 156, 32: 394, 33: 442, 34: 680, 35: 394, 36: 156, 37: 736, 38: 498, 39: 100, 40: 338, 41: 156, 42: 394, 43: 30, 44: 268, 45: 268, 46: 30, 47: 792, 48: 554, 49: 792, 50: 554, 51: 44, 52: 282, 53: 792, 54: 554, 55: 156, 56: 394, 57: 254, 58: 16, 59: 282, 60: 44, 61: 338, 62: 100, 63: 100, 64: 338, 65: 680, 66: 442, 67: 16, 68: 254, 69: 254, 70: 16, 71: 394, 72: 156, 73: 86, 74: 324, 75: 736, 76: 498, 77: 792, 78: 554, 79: 156, 80: 394, 81: 442, 82: 680, 83: 156, 84: 394, 85: 324, 86: 86, 87: 86, 88: 324, 89: 680, 90: 442, 91: 44, 92: 282, 93: 792, 94: 554, 95: 442, 96: 680, 97: 156, 98: 394, 99: 86, 100: 324, 101: 282, 102: 44, 103: 442, 104: 680, 105: 30, 106: 268, 107: 156, 108: 394, 109: 338, 110: 100, 111: 282, 112: 44, 113: 268, 114: 30, 115: 680, 116: 442, 117: 338, 118: 100, 119: 736, 120: 498, 121: 30, 122: 268, 123: 680, 124: 442, 125: 86, 126: 324, 127: 282, 128: 44, 129: 240, 130: 478, 131: 44, 132: 282, 133: 442, 134: 680, 135: 792, 136: 554, 137: 30, 138: 268, 139: 324, 140: 86, 141: 680, 142: 442, 143: 100, 144: 338, 145: 792, 146: 554, 147: 736, 148: 498, 149: 86, 150: 324, 151: 792, 152: 554, 153: 338, 154: 100, 155: 792, 156: 554, 157: 86, 158: 324, 159: 554, 160: 792, 161: 442, 162: 680, 163: 498, 164: 736, 165: 156, 166: 394, 167: 792, 168: 554, 169: 792, 170: 554, 171: 680, 172: 442, 173: 680, 174: 442, 175: 792, 176: 554, 177: 680, 178: 442, 179: 156, 180: 394, 181: 792, 182: 554, 183: 100, 184: 338, 185: 16, 186: 254, 187: 44, 188: 282, 189: 30, 190: 268, 191: 16, 192: 254, 193: 736, 194: 498, 195: 282, 196: 44, 197: 736, 198: 498, 199: 338, 200: 100}
Number of lables used:  20
--------------------------------------------------

Trying with at most 19 labels...
Solution:
{1: 282, 2: 44, 3: 30, 4: 268, 5: 30, 6: 268, 7: 44, 8: 282, 9: 30, 10: 268, 11: 86, 12: 324, 13: 764, 14: 526, 15: 526, 16: 764, 17: 764, 18: 526, 19: 394, 20: 156, 21: 86, 22: 324, 23: 764, 24: 526, 25: 394, 26: 156, 27: 526, 28: 764, 29: 442, 30: 680, 31: 156, 32: 394, 33: 442, 34: 680, 35: 394, 36: 156, 37: 680, 38: 442, 39: 44, 40: 282, 41: 156, 42: 394, 43: 30, 44: 268, 45: 268, 46: 30, 47: 792, 48: 554, 49: 792, 50: 554, 51: 44, 52: 282, 53: 156, 54: 394, 55: 156, 56: 394, 57: 554, 58: 792, 59: 282, 60: 44, 61: 44, 62: 282, 63: 86, 64: 324, 65: 680, 66: 442, 67: 764, 68: 526, 69: 30, 70: 268, 71: 394, 72: 156, 73: 86, 74: 324, 75: 764, 76: 526, 77: 764, 78: 526, 79: 30, 80: 268, 81: 792, 82: 554, 83: 156, 84: 394, 85: 442, 86: 680, 87: 86, 88: 324, 89: 680, 90: 442, 91: 44, 92: 282, 93: 680, 94: 442, 95: 442, 96: 680, 97: 156, 98: 394, 99: 156, 100: 394, 101: 282, 102: 44, 103: 442, 104: 680, 105: 30, 106: 268, 107: 156, 108: 394, 109: 324, 110: 86, 111: 44, 112: 282, 113: 268, 114: 30, 115: 680, 116: 442, 117: 324, 118: 86, 119: 792, 120: 554, 121: 30, 122: 268, 123: 764, 124: 526, 125: 86, 126: 324, 127: 268, 128: 30, 129: 240, 130: 478, 131: 44, 132: 282, 133: 442, 134: 680, 135: 792, 136: 554, 137: 30, 138: 268, 139: 324, 140: 86, 141: 526, 142: 764, 143: 86, 144: 324, 145: 764, 146: 526, 147: 554, 148: 792, 149: 86, 150: 324, 151: 764, 152: 526, 153: 324, 154: 86, 155: 792, 156: 554, 157: 86, 158: 324, 159: 526, 160: 764, 161: 442, 162: 680, 163: 554, 164: 792, 165: 86, 166: 324, 167: 792, 168: 554, 169: 156, 170: 394, 171: 680, 172: 442, 173: 680, 174: 442, 175: 792, 176: 554, 177: 282, 178: 44, 179: 156, 180: 394, 181: 680, 182: 442, 183: 792, 184: 554, 185: 394, 186: 156, 187: 44, 188: 282, 189: 394, 190: 156, 191: 394, 192: 156, 193: 86, 194: 324, 195: 282, 196: 44, 197: 680, 198: 442, 199: 268, 200: 30}
Number of lables used:  16
--------------------------------------------------

Trying with at most 15 labels...
Solution:
{1: 792, 2: 554, 3: 114, 4: 352, 5: 142, 6: 380, 7: 30, 8: 268, 9: 296, 10: 58, 11: 414, 12: 652, 13: 114, 14: 352, 15: 268, 16: 30, 17: 58, 18: 296, 19: 380, 20: 142, 21: 296, 22: 58, 23: 114, 24: 352, 25: 296, 26: 58, 27: 554, 28: 792, 29: 414, 30: 652, 31: 456, 32: 694, 33: 414, 34: 652, 35: 296, 36: 58, 37: 694, 38: 456, 39: 268, 40: 30, 41: 792, 42: 554, 43: 792, 44: 554, 45: 114, 46: 352, 47: 694, 48: 456, 49: 268, 50: 30, 51: 380, 52: 142, 53: 694, 54: 456, 55: 268, 56: 30, 57: 652, 58: 414, 59: 352, 60: 114, 61: 30, 62: 268, 63: 554, 64: 792, 65: 694, 66: 456, 67: 414, 68: 652, 69: 114, 70: 352, 71: 380, 72: 142, 73: 694, 74: 456, 75: 114, 76: 352, 77: 268, 78: 30, 79: 456, 80: 694, 81: 792, 82: 554, 83: 652, 84: 414, 85: 142, 86: 380, 87: 414, 88: 652, 89: 268, 90: 30, 91: 456, 92: 694, 93: 792, 94: 554, 95: 652, 96: 414, 97: 30, 98: 268, 99: 414, 100: 652, 101: 456, 102: 694, 103: 114, 104: 352, 105: 142, 106: 380, 107: 58, 108: 296, 109: 296, 110: 58, 111: 352, 112: 114, 113: 352, 114: 114, 115: 694, 116: 456, 117: 380, 118: 142, 119: 554, 120: 792, 121: 456, 122: 694, 123: 652, 124: 414, 125: 114, 126: 352, 127: 652, 128: 414, 129: 142, 130: 380, 131: 268, 132: 30, 133: 380, 134: 142, 135: 792, 136: 554, 137: 456, 138: 694, 139: 456, 140: 694, 141: 694, 142: 456, 143: 792, 144: 554, 145: 792, 146: 554, 147: 268, 148: 30, 149: 792, 150: 554, 151: 296, 152: 58, 153: 142, 154: 380, 155: 554, 156: 792, 157: 652, 158: 414, 159: 792, 160: 554, 161: 352, 162: 114, 163: 114, 164: 352, 165: 554, 166: 792, 167: 380, 168: 142, 169: 30, 170: 268, 171: 352, 172: 114, 173: 792, 174: 554, 175: 268, 176: 30, 177: 694, 178: 456, 179: 114, 180: 352, 181: 268, 182: 30, 183: 30, 184: 268, 185: 296, 186: 58, 187: 268, 188: 30, 189: 352, 190: 114, 191: 296, 192: 58, 193: 58, 194: 296, 195: 58, 196: 296, 197: 380, 198: 142, 199: 694, 200: 456}
Number of lables used:  14
--------------------------------------------------

Trying with at most 13 labels...
Solution:
{1: 142, 2: 380, 3: 16, 4: 254, 5: 324, 6: 86, 7: 282, 8: 44, 9: 16, 10: 254, 11: 254, 12: 16, 13: 652, 14: 414, 15: 86, 16: 324, 17: 792, 18: 554, 19: 324, 20: 86, 21: 380, 22: 142, 23: 324, 24: 86, 25: 792, 26: 554, 27: 380, 28: 142, 29: 86, 30: 324, 31: 16, 32: 254, 33: 414, 34: 652, 35: 254, 36: 16, 37: 414, 38: 652, 39: 324, 40: 86, 41: 554, 42: 792, 43: 652, 44: 414, 45: 414, 46: 652, 47: 792, 48: 554, 49: 792, 50: 554, 51: 282, 52: 44, 53: 792, 54: 554, 55: 792, 56: 554, 57: 254, 58: 16, 59: 324, 60: 86, 61: 282, 62: 44, 63: 554, 64: 792, 65: 16, 66: 254, 67: 652, 68: 414, 69: 324, 70: 86, 71: 16, 72: 254, 73: 44, 74: 282, 75: 86, 76: 324, 77: 792, 78: 554, 79: 792, 80: 554, 81: 792, 82: 554, 83: 142, 84: 380, 85: 380, 86: 142, 87: 380, 88: 142, 89: 282, 90: 44, 91: 44, 92: 282, 93: 414, 94: 652, 95: 282, 96: 44, 97: 380, 98: 142, 99: 792, 100: 554, 101: 282, 102: 44, 103: 282, 104: 44, 105: 380, 106: 142, 107: 16, 108: 254, 109: 652, 110: 414, 111: 652, 112: 414, 113: 324, 114: 86, 115: 792, 116: 554, 117: 324, 118: 86, 119: 652, 120: 414, 121: 380, 122: 142, 123: 86, 124: 324, 125: 282, 126: 44, 127: 652, 128: 414, 129: 380, 130: 142, 131: 282, 132: 44, 133: 792, 134: 554, 135: 792, 136: 554, 137: 142, 138: 380, 139: 380, 140: 142, 141: 282, 142: 44, 143: 792, 144: 554, 145: 792, 146: 554, 147: 380, 148: 142, 149: 324, 150: 86, 151: 86, 152: 324, 153: 380, 154: 142, 155: 652, 156: 414, 157: 254, 158: 16, 159: 44, 160: 282, 161: 652, 162: 414, 163: 414, 164: 652, 165: 554, 166: 792, 167: 380, 168: 142, 169: 414, 170: 652, 171: 324, 172: 86, 173: 652, 174: 414, 175: 282, 176: 44, 177: 142, 178: 380, 179: 254, 180: 16, 181: 44, 182: 282, 183: 282, 184: 44, 185: 254, 186: 16, 187: 86, 188: 324, 189: 324, 190: 86, 191: 254, 192: 16, 193: 282, 194: 44, 195: 254, 196: 16, 197: 652, 198: 414, 199: 380, 200: 142}
Number of lables used:  12
--------------------------------------------------

Trying with at most 11 labels...
Cannot find solution.
No more solutions found.
Optimal number of labels used:  12
[runlim] end:			Wed Jan 21 16:20:45 2026
[runlim] status:		ok
[runlim] result:		0
[runlim] children:		0
[runlim] real:			3.63 seconds
[runlim] time:			3.39 seconds
[runlim] space:			65.6 MB
[runlim] samples:		34
