[runlim] version:		1.10
[runlim] time limit:		311040000 seconds
[runlim] real time limit:	900 seconds
[runlim] space limit:		8000 MB
[runlim] argv[0]:		python3
[runlim] argv[1]:		-u
[runlim] argv[2]:		main.py
[runlim] argv[3]:		graph01
[runlim] argv[4]:		nsc
[runlim] argv[5]:		incremental
[runlim] argv[6]:		cadical195
[runlim] start:			Tue Jan 20 19:20:23 2026
[runlim] main pid:		188095
Solve first problem:
Solution:
{1: 30, 2: 268, 3: 16, 4: 254, 5: 16, 6: 254, 7: 142, 8: 380, 9: 142, 10: 380, 11: 16, 12: 254, 13: 30, 14: 268, 15: 58, 16: 296, 17: 16, 18: 254, 19: 16, 20: 254, 21: 44, 22: 282, 23: 142, 24: 380, 25: 72, 26: 310, 27: 352, 28: 114, 29: 16, 30: 254, 31: 72, 32: 310, 33: 114, 34: 352, 35: 72, 36: 310, 37: 16, 38: 254, 39: 16, 40: 254, 41: 72, 42: 310, 43: 86, 44: 324, 45: 58, 46: 296, 47: 16, 48: 254, 49: 72, 50: 310, 51: 86, 52: 324, 53: 30, 54: 268, 55: 58, 56: 296, 57: 58, 58: 296, 59: 16, 60: 254, 61: 128, 62: 366, 63: 86, 64: 324, 65: 16, 66: 254, 67: 58, 68: 296, 69: 44, 70: 282, 71: 30, 72: 268, 73: 142, 74: 380, 75: 86, 76: 324, 77: 30, 78: 268, 79: 16, 80: 254, 81: 72, 82: 310, 83: 58, 84: 296, 85: 72, 86: 310, 87: 114, 88: 352, 89: 58, 90: 296, 91: 156, 92: 394, 93: 16, 94: 254, 95: 72, 96: 310, 97: 408, 98: 170, 99: 86, 100: 324, 101: 30, 102: 268, 103: 16, 104: 254, 105: 142, 106: 380, 107: 44, 108: 282, 109: 16, 110: 254, 111: 86, 112: 324, 113: 44, 114: 282, 115: 114, 116: 352, 117: 114, 118: 352, 119: 100, 120: 338, 121: 408, 122: 170, 123: 142, 124: 380, 125: 58, 126: 296, 127: 30, 128: 268, 129: 114, 130: 352, 131: 30, 132: 268, 133: 366, 134: 128, 135: 170, 136: 408, 137: 30, 138: 268, 139: 16, 140: 254, 141: 30, 142: 268, 143: 44, 144: 282, 145: 86, 146: 324, 147: 366, 148: 128, 149: 428, 150: 666, 151: 86, 152: 324, 153: 142, 154: 380, 155: 156, 156: 394, 157: 338, 158: 100, 159: 484, 160: 722, 161: 296, 162: 58, 163: 268, 164: 30, 165: 456, 166: 694, 167: 44, 168: 282, 169: 100, 170: 338, 171: 72, 172: 310, 173: 114, 174: 352, 175: 442, 176: 680, 177: 16, 178: 254, 179: 44, 180: 282, 181: 16, 182: 254, 183: 142, 184: 380, 185: 414, 186: 652, 187: 128, 188: 366, 189: 30, 190: 268, 191: 414, 192: 652, 193: 170, 194: 408, 195: 100, 196: 338, 197: 58, 198: 296, 199: 72, 200: 310}
Correct solution!
Number of lables used:  34
--------------------------------------------------

Trying with at most 33 labels...
Solution:
{1: 58, 2: 296, 3: 30, 4: 268, 5: 58, 6: 296, 7: 240, 8: 478, 9: 240, 10: 478, 11: 72, 12: 310, 13: 100, 14: 338, 15: 58, 16: 296, 17: 268, 18: 30, 19: 86, 20: 324, 21: 310, 22: 72, 23: 408, 24: 170, 25: 352, 26: 114, 27: 156, 28: 394, 29: 100, 30: 338, 31: 142, 32: 380, 33: 352, 34: 114, 35: 100, 36: 338, 37: 86, 38: 324, 39: 72, 40: 310, 41: 142, 42: 380, 43: 338, 44: 100, 45: 156, 46: 394, 47: 380, 48: 142, 49: 100, 50: 338, 51: 30, 52: 268, 53: 72, 54: 310, 55: 380, 56: 142, 57: 16, 58: 254, 59: 310, 60: 72, 61: 156, 62: 394, 63: 142, 64: 380, 65: 72, 66: 310, 67: 142, 68: 380, 69: 142, 70: 380, 71: 86, 72: 324, 73: 240, 74: 478, 75: 142, 76: 380, 77: 282, 78: 44, 79: 100, 80: 338, 81: 142, 82: 380, 83: 156, 84: 394, 85: 86, 86: 324, 87: 254, 88: 16, 89: 100, 90: 338, 91: 16, 92: 254, 93: 156, 94: 394, 95: 352, 96: 114, 97: 170, 98: 408, 99: 86, 100: 324, 101: 114, 102: 352, 103: 16, 104: 254, 105: 30, 106: 268, 107: 100, 108: 338, 109: 72, 110: 310, 111: 142, 112: 380, 113: 156, 114: 394, 115: 142, 116: 380, 117: 156, 118: 394, 119: 114, 120: 352, 121: 240, 122: 478, 123: 240, 124: 478, 125: 114, 126: 352, 127: 338, 128: 100, 129: 86, 130: 324, 131: 100, 132: 338, 133: 366, 134: 128, 135: 408, 136: 170, 137: 128, 138: 366, 139: 16, 140: 254, 141: 86, 142: 324, 143: 128, 144: 366, 145: 282, 146: 44, 147: 30, 148: 268, 149: 58, 150: 296, 151: 268, 152: 30, 153: 156, 154: 394, 155: 114, 156: 352, 157: 156, 158: 394, 159: 156, 160: 394, 161: 394, 162: 156, 163: 296, 164: 58, 165: 58, 166: 296, 167: 366, 168: 128, 169: 296, 170: 58, 171: 156, 172: 394, 173: 58, 174: 296, 175: 86, 176: 324, 177: 156, 178: 394, 179: 156, 180: 394, 181: 30, 182: 268, 183: 324, 184: 86, 185: 86, 186: 324, 187: 142, 188: 380, 189: 156, 190: 394, 191: 100, 192: 338, 193: 240, 194: 478, 195: 142, 196: 380, 197: 156, 198: 394, 199: 156, 200: 394}
Number of lables used:  26
--------------------------------------------------

Trying with at most 25 labels...
Solution:
{1: 58, 2: 296, 3: 30, 4: 268, 5: 394, 6: 156, 7: 240, 8: 478, 9: 240, 10: 478, 11: 100, 12: 338, 13: 86, 14: 324, 15: 30, 16: 268, 17: 268, 18: 30, 19: 86, 20: 324, 21: 296, 22: 58, 23: 408, 24: 170, 25: 296, 26: 58, 27: 156, 28: 394, 29: 58, 30: 296, 31: 128, 32: 366, 33: 652, 34: 414, 35: 86, 36: 324, 37: 72, 38: 310, 39: 72, 40: 310, 41: 128, 42: 366, 43: 338, 44: 100, 45: 100, 46: 338, 47: 366, 48: 128, 49: 58, 50: 296, 51: 30, 52: 268, 53: 72, 54: 310, 55: 268, 56: 30, 57: 16, 58: 254, 59: 310, 60: 72, 61: 156, 62: 394, 63: 30, 64: 268, 65: 72, 66: 310, 67: 366, 68: 128, 69: 128, 70: 366, 71: 86, 72: 324, 73: 240, 74: 478, 75: 30, 76: 268, 77: 282, 78: 44, 79: 86, 80: 324, 81: 100, 82: 338, 83: 156, 84: 394, 85: 72, 86: 310, 87: 414, 88: 652, 89: 100, 90: 338, 91: 16, 92: 254, 93: 86, 94: 324, 95: 414, 96: 652, 97: 240, 98: 478, 99: 86, 100: 324, 101: 414, 102: 652, 103: 16, 104: 254, 105: 30, 106: 268, 107: 100, 108: 338, 109: 72, 110: 310, 111: 394, 112: 156, 113: 156, 114: 394, 115: 338, 116: 100, 117: 156, 118: 394, 119: 100, 120: 338, 121: 478, 122: 240, 123: 240, 124: 478, 125: 86, 126: 324, 127: 310, 128: 72, 129: 86, 130: 324, 131: 100, 132: 338, 133: 128, 134: 366, 135: 478, 136: 240, 137: 128, 138: 366, 139: 16, 140: 254, 141: 58, 142: 296, 143: 128, 144: 366, 145: 128, 146: 366, 147: 366, 148: 128, 149: 58, 150: 296, 151: 394, 152: 156, 153: 128, 154: 366, 155: 100, 156: 338, 157: 156, 158: 394, 159: 156, 160: 394, 161: 156, 162: 394, 163: 296, 164: 58, 165: 296, 166: 58, 167: 282, 168: 44, 169: 296, 170: 58, 171: 156, 172: 394, 173: 58, 174: 296, 175: 86, 176: 324, 177: 156, 178: 394, 179: 156, 180: 394, 181: 30, 182: 268, 183: 128, 184: 366, 185: 86, 186: 324, 187: 128, 188: 366, 189: 156, 190: 394, 191: 100, 192: 338, 193: 240, 194: 478, 195: 366, 196: 128, 197: 100, 198: 338, 199: 156, 200: 394}
Number of lables used:  24
--------------------------------------------------

Trying with at most 23 labels...
Solution:
{1: 58, 2: 296, 3: 16, 4: 254, 5: 338, 6: 100, 7: 240, 8: 478, 9: 170, 10: 408, 11: 792, 12: 554, 13: 30, 14: 268, 15: 58, 16: 296, 17: 268, 18: 30, 19: 86, 20: 324, 21: 58, 22: 296, 23: 478, 24: 240, 25: 652, 26: 414, 27: 268, 28: 30, 29: 58, 30: 296, 31: 128, 32: 366, 33: 652, 34: 414, 35: 338, 36: 100, 37: 30, 38: 268, 39: 30, 40: 268, 41: 100, 42: 338, 43: 338, 44: 100, 45: 100, 46: 338, 47: 16, 48: 254, 49: 58, 50: 296, 51: 338, 52: 100, 53: 338, 54: 100, 55: 324, 56: 86, 57: 324, 58: 86, 59: 554, 60: 792, 61: 58, 62: 296, 63: 324, 64: 86, 65: 30, 66: 268, 67: 366, 68: 128, 69: 100, 70: 338, 71: 58, 72: 296, 73: 240, 74: 478, 75: 338, 76: 100, 77: 30, 78: 268, 79: 58, 80: 296, 81: 100, 82: 338, 83: 128, 84: 366, 85: 30, 86: 268, 87: 652, 88: 414, 89: 58, 90: 296, 91: 16, 92: 254, 93: 86, 94: 324, 95: 414, 96: 652, 97: 240, 98: 478, 99: 58, 100: 296, 101: 652, 102: 414, 103: 16, 104: 254, 105: 30, 106: 268, 107: 100, 108: 338, 109: 58, 110: 296, 111: 366, 112: 128, 113: 128, 114: 366, 115: 338, 116: 100, 117: 128, 118: 366, 119: 58, 120: 296, 121: 170, 122: 408, 123: 240, 124: 478, 125: 86, 126: 324, 127: 296, 128: 58, 129: 58, 130: 296, 131: 100, 132: 338, 133: 128, 134: 366, 135: 478, 136: 240, 137: 128, 138: 366, 139: 16, 140: 254, 141: 58, 142: 296, 143: 128, 144: 366, 145: 30, 146: 268, 147: 366, 148: 128, 149: 58, 150: 296, 151: 338, 152: 100, 153: 128, 154: 366, 155: 86, 156: 324, 157: 128, 158: 366, 159: 680, 160: 442, 161: 680, 162: 442, 163: 268, 164: 30, 165: 58, 166: 296, 167: 268, 168: 30, 169: 296, 170: 58, 171: 128, 172: 366, 173: 58, 174: 296, 175: 86, 176: 324, 177: 128, 178: 366, 179: 128, 180: 366, 181: 254, 182: 16, 183: 128, 184: 366, 185: 86, 186: 324, 187: 86, 188: 324, 189: 100, 190: 338, 191: 680, 192: 442, 193: 478, 194: 240, 195: 366, 196: 128, 197: 86, 198: 324, 199: 128, 200: 366}
Number of lables used:  22
--------------------------------------------------

Trying with at most 21 labels...
Solution:
{1: 58, 2: 296, 3: 58, 4: 296, 5: 254, 6: 16, 7: 240, 8: 478, 9: 240, 10: 478, 11: 254, 12: 16, 13: 16, 14: 254, 15: 58, 16: 296, 17: 296, 18: 58, 19: 114, 20: 352, 21: 254, 22: 16, 23: 478, 24: 240, 25: 338, 26: 100, 27: 708, 28: 470, 29: 58, 30: 296, 31: 114, 32: 352, 33: 652, 34: 414, 35: 338, 36: 100, 37: 16, 38: 254, 39: 58, 40: 296, 41: 100, 42: 338, 43: 380, 44: 142, 45: 100, 46: 338, 47: 254, 48: 16, 49: 58, 50: 296, 51: 324, 52: 86, 53: 296, 54: 58, 55: 708, 56: 470, 57: 380, 58: 142, 59: 254, 60: 16, 61: 16, 62: 254, 63: 324, 64: 86, 65: 380, 66: 142, 67: 680, 68: 442, 69: 100, 70: 338, 71: 58, 72: 296, 73: 142, 74: 380, 75: 324, 76: 86, 77: 142, 78: 380, 79: 58, 80: 296, 81: 100, 82: 338, 83: 114, 84: 352, 85: 142, 86: 380, 87: 652, 88: 414, 89: 16, 90: 254, 91: 86, 92: 324, 93: 352, 94: 114, 95: 414, 96: 652, 97: 240, 98: 478, 99: 380, 100: 142, 101: 652, 102: 414, 103: 16, 104: 254, 105: 58, 106: 296, 107: 86, 108: 324, 109: 58, 110: 296, 111: 352, 112: 114, 113: 114, 114: 352, 115: 708, 116: 470, 117: 100, 118: 338, 119: 58, 120: 296, 121: 142, 122: 380, 123: 240, 124: 478, 125: 86, 126: 324, 127: 352, 128: 114, 129: 296, 130: 58, 131: 100, 132: 338, 133: 324, 134: 86, 135: 240, 136: 478, 137: 114, 138: 352, 139: 16, 140: 254, 141: 58, 142: 296, 143: 114, 144: 352, 145: 142, 146: 380, 147: 296, 148: 58, 149: 16, 150: 254, 151: 680, 152: 442, 153: 114, 154: 352, 155: 58, 156: 296, 157: 100, 158: 338, 159: 708, 160: 470, 161: 352, 162: 114, 163: 380, 164: 142, 165: 142, 166: 380, 167: 296, 168: 58, 169: 58, 170: 296, 171: 114, 172: 352, 173: 58, 174: 296, 175: 652, 176: 414, 177: 114, 178: 352, 179: 114, 180: 352, 181: 254, 182: 16, 183: 86, 184: 324, 185: 442, 186: 680, 187: 86, 188: 324, 189: 86, 190: 324, 191: 352, 192: 114, 193: 478, 194: 240, 195: 16, 196: 254, 197: 86, 198: 324, 199: 114, 200: 352}
Number of lables used:  20
--------------------------------------------------

Trying with at most 19 labels...
Solution:
{1: 58, 2: 296, 3: 114, 4: 352, 5: 324, 6: 86, 7: 240, 8: 478, 9: 240, 10: 478, 11: 296, 12: 58, 13: 380, 14: 142, 15: 58, 16: 296, 17: 324, 18: 86, 19: 296, 20: 58, 21: 58, 22: 296, 23: 478, 24: 240, 25: 540, 26: 778, 27: 708, 28: 470, 29: 324, 30: 86, 31: 58, 32: 296, 33: 652, 34: 414, 35: 324, 36: 86, 37: 652, 38: 414, 39: 86, 40: 324, 41: 86, 42: 324, 43: 380, 44: 142, 45: 86, 46: 324, 47: 652, 48: 414, 49: 86, 50: 324, 51: 352, 52: 114, 53: 296, 54: 58, 55: 470, 56: 708, 57: 380, 58: 142, 59: 352, 60: 114, 61: 380, 62: 142, 63: 352, 64: 114, 65: 296, 66: 58, 67: 86, 68: 324, 69: 86, 70: 324, 71: 652, 72: 414, 73: 142, 74: 380, 75: 680, 76: 442, 77: 352, 78: 114, 79: 380, 80: 142, 81: 86, 82: 324, 83: 114, 84: 352, 85: 380, 86: 142, 87: 652, 88: 414, 89: 380, 90: 142, 91: 442, 92: 680, 93: 352, 94: 114, 95: 442, 96: 680, 97: 240, 98: 478, 99: 380, 100: 142, 101: 114, 102: 352, 103: 58, 104: 296, 105: 708, 106: 470, 107: 58, 108: 296, 109: 58, 110: 296, 111: 324, 112: 86, 113: 114, 114: 352, 115: 296, 116: 58, 117: 86, 118: 324, 119: 58, 120: 296, 121: 380, 122: 142, 123: 478, 124: 240, 125: 86, 126: 324, 127: 324, 128: 86, 129: 680, 130: 442, 131: 324, 132: 86, 133: 540, 134: 778, 135: 240, 136: 478, 137: 114, 138: 352, 139: 296, 140: 58, 141: 380, 142: 142, 143: 114, 144: 352, 145: 380, 146: 142, 147: 414, 148: 652, 149: 652, 150: 414, 151: 86, 152: 324, 153: 86, 154: 324, 155: 58, 156: 296, 157: 86, 158: 324, 159: 778, 160: 540, 161: 142, 162: 380, 163: 380, 164: 142, 165: 142, 166: 380, 167: 540, 168: 778, 169: 86, 170: 324, 171: 58, 172: 296, 173: 58, 174: 296, 175: 114, 176: 352, 177: 86, 178: 324, 179: 114, 180: 352, 181: 470, 182: 708, 183: 680, 184: 442, 185: 414, 186: 652, 187: 86, 188: 324, 189: 352, 190: 114, 191: 296, 192: 58, 193: 240, 194: 478, 195: 380, 196: 142, 197: 58, 198: 296, 199: 114, 200: 352}
Number of lables used:  18
--------------------------------------------------

Trying with at most 17 labels...
[runlim] sample:		10.0 time, 10.6 real, 52.0 MB
[runlim] sample:		20.0 time, 20.6 real, 55.2 MB
[runlim] sample:		30.0 time, 30.6 real, 44.9 MB
[runlim] sample:		40.0 time, 40.6 real, 54.2 MB
[runlim] sample:		50.0 time, 50.6 real, 56.2 MB
Cannot find solution.
No more solutions found.
Optimal number of labels used:  18
[runlim] end:			Tue Jan 20 19:21:17 2026
[runlim] status:		ok
[runlim] result:		0
[runlim] children:		0
[runlim] real:			54.84 seconds
[runlim] time:			54.16 seconds
[runlim] space:			63.2 MB
[runlim] samples:		542
