[runlim] version:		1.10
[runlim] time limit:		311040000 seconds
[runlim] real time limit:	600 seconds
[runlim] space limit:		14000 MB
[runlim] argv[0]:		python3
[runlim] argv[1]:		-u
[runlim] argv[2]:		main.py
[runlim] argv[3]:		TUD200.1
[runlim] argv[4]:		nsc
[runlim] argv[5]:		incremental
[runlim] argv[6]:		cadical195
[runlim] start:			Fri Jan 23 14:29:39 2026
[runlim] main pid:		90131
Solve first problem:
Solution:
{1: 366, 2: 128, 3: 652, 4: 414, 5: 366, 6: 128, 7: 442, 8: 680, 9: 128, 10: 366, 11: 44, 12: 282, 13: 792, 14: 554, 15: 414, 16: 652, 17: 156, 18: 394, 19: 498, 20: 736, 21: 470, 22: 708, 23: 792, 24: 554, 25: 484, 26: 722, 27: 128, 28: 366, 29: 142, 30: 380, 31: 156, 32: 394, 33: 554, 34: 792, 35: 456, 36: 694, 37: 128, 38: 366, 39: 268, 40: 30, 41: 526, 42: 764, 43: 142, 44: 380, 45: 442, 46: 680, 47: 792, 48: 554, 49: 470, 50: 708, 51: 58, 52: 296, 53: 142, 54: 380, 55: 86, 56: 324, 57: 72, 58: 310, 59: 540, 60: 778, 61: 512, 62: 750, 63: 414, 64: 652, 65: 16, 66: 254, 67: 414, 68: 652, 69: 680, 70: 442, 71: 268, 72: 30, 73: 456, 74: 694, 75: 512, 76: 750, 77: 540, 78: 778, 79: 792, 80: 554, 81: 554, 82: 792, 83: 428, 84: 666, 85: 736, 86: 498, 87: 778, 88: 540, 89: 44, 90: 282, 91: 540, 92: 778, 93: 16, 94: 254, 95: 352, 96: 114, 97: 540, 98: 778, 99: 142, 100: 380, 101: 380, 102: 142, 103: 540, 104: 778, 105: 156, 106: 394, 107: 380, 108: 142, 109: 694, 110: 456, 111: 722, 112: 484, 113: 414, 114: 652, 115: 470, 116: 708, 117: 526, 118: 764, 119: 100, 120: 338, 121: 456, 122: 694, 123: 156, 124: 394, 125: 310, 126: 72, 127: 72, 128: 310, 129: 408, 130: 170, 131: 380, 132: 142, 133: 554, 134: 792, 135: 554, 136: 792, 137: 456, 138: 694, 139: 442, 140: 680, 141: 380, 142: 142, 143: 540, 144: 778, 145: 554, 146: 792, 147: 254, 148: 16, 149: 554, 150: 792, 151: 72, 152: 310, 153: 498, 154: 736, 155: 554, 156: 792, 157: 554, 158: 792, 159: 498, 160: 736, 161: 554, 162: 792, 163: 526, 164: 764, 165: 100, 166: 338, 167: 526, 168: 764, 169: 554, 170: 792, 171: 498, 172: 736, 173: 540, 174: 778, 175: 526, 176: 764, 177: 666, 178: 428, 179: 498, 180: 736, 181: 554, 182: 792, 183: 526, 184: 764, 185: 156, 186: 394, 187: 156, 188: 394, 189: 484, 190: 722, 191: 428, 192: 666, 193: 484, 194: 722, 195: 554, 196: 792, 197: 484, 198: 722, 199: 540, 200: 778}
Correct solution!
Number of lables used:  46
Time taken: 0.24 seconds
--------------------------------------------------

Trying with at most 45 labels...
Solution:
{1: 16, 2: 254, 3: 324, 4: 86, 5: 366, 6: 128, 7: 722, 8: 484, 9: 128, 10: 366, 11: 44, 12: 282, 13: 442, 14: 680, 15: 694, 16: 456, 17: 86, 18: 324, 19: 414, 20: 652, 21: 442, 22: 680, 23: 750, 24: 512, 25: 666, 26: 428, 27: 30, 28: 268, 29: 72, 30: 310, 31: 394, 32: 156, 33: 512, 34: 750, 35: 44, 36: 282, 37: 86, 38: 324, 39: 394, 40: 156, 41: 498, 42: 736, 43: 128, 44: 366, 45: 442, 46: 680, 47: 680, 48: 442, 49: 470, 50: 708, 51: 366, 52: 128, 53: 142, 54: 380, 55: 338, 56: 100, 57: 72, 58: 310, 59: 512, 60: 750, 61: 708, 62: 470, 63: 414, 64: 652, 65: 16, 66: 254, 67: 666, 68: 428, 69: 30, 70: 268, 71: 268, 72: 30, 73: 142, 74: 380, 75: 498, 76: 736, 77: 484, 78: 722, 79: 722, 80: 484, 81: 512, 82: 750, 83: 428, 84: 666, 85: 666, 86: 428, 87: 338, 88: 100, 89: 44, 90: 282, 91: 512, 92: 750, 93: 16, 94: 254, 95: 338, 96: 100, 97: 484, 98: 722, 99: 142, 100: 380, 101: 380, 102: 142, 103: 498, 104: 736, 105: 86, 106: 324, 107: 282, 108: 44, 109: 142, 110: 380, 111: 156, 112: 394, 113: 694, 114: 456, 115: 156, 116: 394, 117: 100, 118: 338, 119: 100, 120: 338, 121: 442, 122: 680, 123: 86, 124: 324, 125: 58, 126: 296, 127: 72, 128: 310, 129: 408, 130: 170, 131: 380, 132: 142, 133: 498, 134: 736, 135: 470, 136: 708, 137: 142, 138: 380, 139: 142, 140: 380, 141: 380, 142: 142, 143: 498, 144: 736, 145: 512, 146: 750, 147: 254, 148: 16, 149: 470, 150: 708, 151: 72, 152: 310, 153: 428, 154: 666, 155: 470, 156: 708, 157: 512, 158: 750, 159: 498, 160: 736, 161: 512, 162: 750, 163: 484, 164: 722, 165: 44, 166: 282, 167: 512, 168: 750, 169: 512, 170: 750, 171: 498, 172: 736, 173: 498, 174: 736, 175: 456, 176: 694, 177: 114, 178: 352, 179: 498, 180: 736, 181: 512, 182: 750, 183: 456, 184: 694, 185: 156, 186: 394, 187: 156, 188: 394, 189: 652, 190: 414, 191: 750, 192: 512, 193: 750, 194: 512, 195: 484, 196: 722, 197: 750, 198: 512, 199: 456, 200: 694}
Number of lables used:  40
Time taken: 0.26 seconds
--------------------------------------------------

Trying with at most 39 labels...
Solution:
{1: 156, 2: 394, 3: 324, 4: 86, 5: 156, 6: 394, 7: 156, 8: 394, 9: 44, 10: 282, 11: 324, 12: 86, 13: 680, 14: 442, 15: 680, 16: 442, 17: 680, 18: 442, 19: 100, 20: 338, 21: 100, 22: 338, 23: 254, 24: 16, 25: 708, 26: 470, 27: 394, 28: 156, 29: 72, 30: 310, 31: 156, 32: 394, 33: 470, 34: 708, 35: 366, 36: 128, 37: 708, 38: 470, 39: 114, 40: 352, 41: 442, 42: 680, 43: 30, 44: 268, 45: 442, 46: 680, 47: 680, 48: 442, 49: 442, 50: 680, 51: 366, 52: 128, 53: 708, 54: 470, 55: 282, 56: 44, 57: 352, 58: 114, 59: 254, 60: 16, 61: 142, 62: 380, 63: 708, 64: 470, 65: 16, 66: 254, 67: 58, 68: 296, 69: 324, 70: 86, 71: 142, 72: 380, 73: 100, 74: 338, 75: 442, 76: 680, 77: 254, 78: 16, 79: 394, 80: 156, 81: 442, 82: 680, 83: 708, 84: 470, 85: 394, 86: 156, 87: 282, 88: 44, 89: 310, 90: 72, 91: 708, 92: 470, 93: 442, 94: 680, 95: 282, 96: 44, 97: 156, 98: 394, 99: 142, 100: 380, 101: 380, 102: 142, 103: 30, 104: 268, 105: 324, 106: 86, 107: 254, 108: 16, 109: 142, 110: 380, 111: 380, 112: 142, 113: 442, 114: 680, 115: 268, 116: 30, 117: 58, 118: 296, 119: 86, 120: 324, 121: 442, 122: 680, 123: 310, 124: 72, 125: 128, 126: 366, 127: 100, 128: 338, 129: 408, 130: 170, 131: 324, 132: 86, 133: 470, 134: 708, 135: 680, 136: 442, 137: 128, 138: 366, 139: 142, 140: 380, 141: 310, 142: 72, 143: 142, 144: 380, 145: 708, 146: 470, 147: 254, 148: 16, 149: 310, 150: 72, 151: 72, 152: 310, 153: 470, 154: 708, 155: 470, 156: 708, 157: 86, 158: 324, 159: 708, 160: 470, 161: 470, 162: 708, 163: 442, 164: 680, 165: 16, 166: 254, 167: 366, 168: 128, 169: 708, 170: 470, 171: 394, 172: 156, 173: 44, 174: 282, 175: 442, 176: 680, 177: 268, 178: 30, 179: 708, 180: 470, 181: 470, 182: 708, 183: 394, 184: 156, 185: 310, 186: 72, 187: 156, 188: 394, 189: 58, 190: 296, 191: 30, 192: 268, 193: 86, 194: 324, 195: 58, 196: 296, 197: 708, 198: 470, 199: 142, 200: 380}
Number of lables used:  28
Time taken: 0.27 seconds
--------------------------------------------------

Trying with at most 27 labels...
Solution:
{1: 156, 2: 394, 3: 128, 4: 366, 5: 156, 6: 394, 7: 156, 8: 394, 9: 44, 10: 282, 11: 324, 12: 86, 13: 680, 14: 442, 15: 680, 16: 442, 17: 680, 18: 442, 19: 86, 20: 324, 21: 86, 22: 324, 23: 254, 24: 16, 25: 708, 26: 470, 27: 394, 28: 156, 29: 680, 30: 442, 31: 156, 32: 394, 33: 470, 34: 708, 35: 366, 36: 128, 37: 708, 38: 470, 39: 30, 40: 268, 41: 708, 42: 470, 43: 30, 44: 268, 45: 442, 46: 680, 47: 680, 48: 442, 49: 442, 50: 680, 51: 366, 52: 128, 53: 708, 54: 470, 55: 282, 56: 44, 57: 324, 58: 86, 59: 254, 60: 16, 61: 142, 62: 380, 63: 708, 64: 470, 65: 16, 66: 254, 67: 44, 68: 282, 69: 268, 70: 30, 71: 142, 72: 380, 73: 86, 74: 324, 75: 442, 76: 680, 77: 254, 78: 16, 79: 394, 80: 156, 81: 442, 82: 680, 83: 708, 84: 470, 85: 394, 86: 156, 87: 282, 88: 44, 89: 310, 90: 72, 91: 142, 92: 380, 93: 442, 94: 680, 95: 86, 96: 324, 97: 156, 98: 394, 99: 142, 100: 380, 101: 380, 102: 142, 103: 30, 104: 268, 105: 324, 106: 86, 107: 296, 108: 58, 109: 72, 110: 310, 111: 380, 112: 142, 113: 442, 114: 680, 115: 268, 116: 30, 117: 58, 118: 296, 119: 86, 120: 324, 121: 442, 122: 680, 123: 310, 124: 72, 125: 128, 126: 366, 127: 128, 128: 366, 129: 408, 130: 170, 131: 324, 132: 86, 133: 470, 134: 708, 135: 680, 136: 442, 137: 128, 138: 366, 139: 142, 140: 380, 141: 310, 142: 72, 143: 142, 144: 380, 145: 708, 146: 470, 147: 254, 148: 16, 149: 310, 150: 72, 151: 72, 152: 310, 153: 470, 154: 708, 155: 470, 156: 708, 157: 86, 158: 324, 159: 708, 160: 470, 161: 470, 162: 708, 163: 442, 164: 680, 165: 16, 166: 254, 167: 366, 168: 128, 169: 708, 170: 470, 171: 394, 172: 156, 173: 44, 174: 282, 175: 442, 176: 680, 177: 268, 178: 30, 179: 708, 180: 470, 181: 470, 182: 708, 183: 394, 184: 156, 185: 310, 186: 72, 187: 156, 188: 394, 189: 58, 190: 296, 191: 30, 192: 268, 193: 86, 194: 324, 195: 58, 196: 296, 197: 708, 198: 470, 199: 142, 200: 380}
Number of lables used:  24
Time taken: 0.27 seconds
--------------------------------------------------

Trying with at most 23 labels...
Solution:
{1: 156, 2: 394, 3: 128, 4: 366, 5: 156, 6: 394, 7: 156, 8: 394, 9: 44, 10: 282, 11: 324, 12: 86, 13: 680, 14: 442, 15: 680, 16: 442, 17: 680, 18: 442, 19: 86, 20: 324, 21: 86, 22: 324, 23: 254, 24: 16, 25: 708, 26: 470, 27: 394, 28: 156, 29: 680, 30: 442, 31: 156, 32: 394, 33: 470, 34: 708, 35: 366, 36: 128, 37: 708, 38: 470, 39: 30, 40: 268, 41: 708, 42: 470, 43: 30, 44: 268, 45: 442, 46: 680, 47: 680, 48: 442, 49: 442, 50: 680, 51: 366, 52: 128, 53: 708, 54: 470, 55: 282, 56: 44, 57: 324, 58: 86, 59: 254, 60: 16, 61: 142, 62: 380, 63: 708, 64: 470, 65: 16, 66: 254, 67: 44, 68: 282, 69: 268, 70: 30, 71: 142, 72: 380, 73: 86, 74: 324, 75: 442, 76: 680, 77: 254, 78: 16, 79: 394, 80: 156, 81: 442, 82: 680, 83: 708, 84: 470, 85: 394, 86: 156, 87: 282, 88: 44, 89: 310, 90: 72, 91: 142, 92: 380, 93: 442, 94: 680, 95: 86, 96: 324, 97: 156, 98: 394, 99: 142, 100: 380, 101: 380, 102: 142, 103: 30, 104: 268, 105: 324, 106: 86, 107: 394, 108: 156, 109: 72, 110: 310, 111: 380, 112: 142, 113: 442, 114: 680, 115: 268, 116: 30, 117: 44, 118: 282, 119: 86, 120: 324, 121: 442, 122: 680, 123: 310, 124: 72, 125: 128, 126: 366, 127: 128, 128: 366, 129: 408, 130: 170, 131: 324, 132: 86, 133: 470, 134: 708, 135: 680, 136: 442, 137: 128, 138: 366, 139: 44, 140: 282, 141: 310, 142: 72, 143: 142, 144: 380, 145: 708, 146: 470, 147: 254, 148: 16, 149: 310, 150: 72, 151: 72, 152: 310, 153: 470, 154: 708, 155: 470, 156: 708, 157: 86, 158: 324, 159: 708, 160: 470, 161: 470, 162: 708, 163: 442, 164: 680, 165: 16, 166: 254, 167: 366, 168: 128, 169: 708, 170: 470, 171: 394, 172: 156, 173: 44, 174: 282, 175: 442, 176: 680, 177: 268, 178: 30, 179: 708, 180: 470, 181: 470, 182: 708, 183: 394, 184: 156, 185: 310, 186: 72, 187: 156, 188: 394, 189: 44, 190: 282, 191: 30, 192: 268, 193: 86, 194: 324, 195: 30, 196: 268, 197: 708, 198: 470, 199: 142, 200: 380}
Number of lables used:  22
Time taken: 0.28 seconds
--------------------------------------------------

Trying with at most 21 labels...
Solution:
{1: 282, 2: 44, 3: 30, 4: 268, 5: 30, 6: 268, 7: 156, 8: 394, 9: 30, 10: 268, 11: 324, 12: 86, 13: 736, 14: 498, 15: 554, 16: 792, 17: 394, 18: 156, 19: 44, 20: 282, 21: 86, 22: 324, 23: 16, 24: 254, 25: 394, 26: 156, 27: 498, 28: 736, 29: 442, 30: 680, 31: 156, 32: 394, 33: 442, 34: 680, 35: 394, 36: 156, 37: 736, 38: 498, 39: 100, 40: 338, 41: 156, 42: 394, 43: 30, 44: 268, 45: 268, 46: 30, 47: 792, 48: 554, 49: 792, 50: 554, 51: 44, 52: 282, 53: 792, 54: 554, 55: 156, 56: 394, 57: 254, 58: 16, 59: 282, 60: 44, 61: 338, 62: 100, 63: 100, 64: 338, 65: 680, 66: 442, 67: 16, 68: 254, 69: 254, 70: 16, 71: 394, 72: 156, 73: 86, 74: 324, 75: 736, 76: 498, 77: 792, 78: 554, 79: 156, 80: 394, 81: 442, 82: 680, 83: 156, 84: 394, 85: 324, 86: 86, 87: 86, 88: 324, 89: 680, 90: 442, 91: 44, 92: 282, 93: 792, 94: 554, 95: 442, 96: 680, 97: 156, 98: 394, 99: 86, 100: 324, 101: 282, 102: 44, 103: 442, 104: 680, 105: 30, 106: 268, 107: 156, 108: 394, 109: 338, 110: 100, 111: 282, 112: 44, 113: 268, 114: 30, 115: 680, 116: 442, 117: 338, 118: 100, 119: 736, 120: 498, 121: 30, 122: 268, 123: 680, 124: 442, 125: 86, 126: 324, 127: 282, 128: 44, 129: 240, 130: 478, 131: 44, 132: 282, 133: 442, 134: 680, 135: 792, 136: 554, 137: 30, 138: 268, 139: 324, 140: 86, 141: 680, 142: 442, 143: 100, 144: 338, 145: 792, 146: 554, 147: 736, 148: 498, 149: 86, 150: 324, 151: 792, 152: 554, 153: 338, 154: 100, 155: 792, 156: 554, 157: 86, 158: 324, 159: 554, 160: 792, 161: 442, 162: 680, 163: 498, 164: 736, 165: 156, 166: 394, 167: 792, 168: 554, 169: 792, 170: 554, 171: 680, 172: 442, 173: 680, 174: 442, 175: 792, 176: 554, 177: 680, 178: 442, 179: 156, 180: 394, 181: 792, 182: 554, 183: 100, 184: 338, 185: 16, 186: 254, 187: 44, 188: 282, 189: 30, 190: 268, 191: 16, 192: 254, 193: 736, 194: 498, 195: 282, 196: 44, 197: 736, 198: 498, 199: 338, 200: 100}
Number of lables used:  20
Time taken: 0.29 seconds
--------------------------------------------------

Trying with at most 19 labels...
Solution:
{1: 282, 2: 44, 3: 30, 4: 268, 5: 30, 6: 268, 7: 44, 8: 282, 9: 30, 10: 268, 11: 86, 12: 324, 13: 764, 14: 526, 15: 526, 16: 764, 17: 764, 18: 526, 19: 394, 20: 156, 21: 86, 22: 324, 23: 764, 24: 526, 25: 394, 26: 156, 27: 526, 28: 764, 29: 442, 30: 680, 31: 156, 32: 394, 33: 442, 34: 680, 35: 394, 36: 156, 37: 554, 38: 792, 39: 44, 40: 282, 41: 156, 42: 394, 43: 30, 44: 268, 45: 268, 46: 30, 47: 792, 48: 554, 49: 792, 50: 554, 51: 44, 52: 282, 53: 86, 54: 324, 55: 156, 56: 394, 57: 156, 58: 394, 59: 282, 60: 44, 61: 44, 62: 282, 63: 86, 64: 324, 65: 680, 66: 442, 67: 764, 68: 526, 69: 30, 70: 268, 71: 394, 72: 156, 73: 86, 74: 324, 75: 764, 76: 526, 77: 764, 78: 526, 79: 30, 80: 268, 81: 442, 82: 680, 83: 156, 84: 394, 85: 44, 86: 282, 87: 86, 88: 324, 89: 680, 90: 442, 91: 44, 92: 282, 93: 680, 94: 442, 95: 442, 96: 680, 97: 156, 98: 394, 99: 156, 100: 394, 101: 282, 102: 44, 103: 442, 104: 680, 105: 30, 106: 268, 107: 156, 108: 394, 109: 324, 110: 86, 111: 44, 112: 282, 113: 268, 114: 30, 115: 680, 116: 442, 117: 324, 118: 86, 119: 792, 120: 554, 121: 30, 122: 268, 123: 764, 124: 526, 125: 86, 126: 324, 127: 268, 128: 30, 129: 240, 130: 478, 131: 44, 132: 282, 133: 442, 134: 680, 135: 792, 136: 554, 137: 30, 138: 268, 139: 324, 140: 86, 141: 680, 142: 442, 143: 324, 144: 86, 145: 764, 146: 526, 147: 554, 148: 792, 149: 86, 150: 324, 151: 764, 152: 526, 153: 324, 154: 86, 155: 792, 156: 554, 157: 86, 158: 324, 159: 526, 160: 764, 161: 442, 162: 680, 163: 554, 164: 792, 165: 86, 166: 324, 167: 792, 168: 554, 169: 792, 170: 554, 171: 680, 172: 442, 173: 680, 174: 442, 175: 792, 176: 554, 177: 282, 178: 44, 179: 156, 180: 394, 181: 680, 182: 442, 183: 792, 184: 554, 185: 394, 186: 156, 187: 44, 188: 282, 189: 394, 190: 156, 191: 394, 192: 156, 193: 86, 194: 324, 195: 282, 196: 44, 197: 680, 198: 442, 199: 268, 200: 30}
Number of lables used:  16
Time taken: 0.29 seconds
--------------------------------------------------

Trying with at most 15 labels...
Solution:
{1: 254, 2: 16, 3: 366, 4: 128, 5: 366, 6: 128, 7: 128, 8: 366, 9: 366, 10: 128, 11: 128, 12: 366, 13: 792, 14: 554, 15: 414, 16: 652, 17: 764, 18: 526, 19: 310, 20: 72, 21: 72, 22: 310, 23: 366, 24: 128, 25: 72, 26: 310, 27: 366, 28: 128, 29: 72, 30: 310, 31: 792, 32: 554, 33: 652, 34: 414, 35: 526, 36: 764, 37: 764, 38: 526, 39: 254, 40: 16, 41: 16, 42: 254, 43: 72, 44: 310, 45: 526, 46: 764, 47: 16, 48: 254, 49: 554, 50: 792, 51: 72, 52: 310, 53: 792, 54: 554, 55: 792, 56: 554, 57: 16, 58: 254, 59: 310, 60: 72, 61: 142, 62: 380, 63: 16, 64: 254, 65: 16, 66: 254, 67: 128, 68: 366, 69: 72, 70: 310, 71: 254, 72: 16, 73: 764, 74: 526, 75: 16, 76: 254, 77: 652, 78: 414, 79: 652, 80: 414, 81: 414, 82: 652, 83: 310, 84: 72, 85: 652, 86: 414, 87: 414, 88: 652, 89: 380, 90: 142, 91: 380, 92: 142, 93: 764, 94: 526, 95: 764, 96: 526, 97: 380, 98: 142, 99: 652, 100: 414, 101: 380, 102: 142, 103: 380, 104: 142, 105: 380, 106: 142, 107: 554, 108: 792, 109: 792, 110: 554, 111: 366, 112: 128, 113: 72, 114: 310, 115: 792, 116: 554, 117: 72, 118: 310, 119: 764, 120: 526, 121: 142, 122: 380, 123: 764, 124: 526, 125: 764, 126: 526, 127: 652, 128: 414, 129: 380, 130: 142, 131: 526, 132: 764, 133: 254, 134: 16, 135: 142, 136: 380, 137: 142, 138: 380, 139: 72, 140: 310, 141: 380, 142: 142, 143: 764, 144: 526, 145: 380, 146: 142, 147: 414, 148: 652, 149: 72, 150: 310, 151: 792, 152: 554, 153: 142, 154: 380, 155: 652, 156: 414, 157: 366, 158: 128, 159: 72, 160: 310, 161: 652, 162: 414, 163: 652, 164: 414, 165: 554, 166: 792, 167: 526, 168: 764, 169: 792, 170: 554, 171: 16, 172: 254, 173: 652, 174: 414, 175: 72, 176: 310, 177: 764, 178: 526, 179: 16, 180: 254, 181: 310, 182: 72, 183: 310, 184: 72, 185: 366, 186: 128, 187: 310, 188: 72, 189: 16, 190: 254, 191: 254, 192: 16, 193: 764, 194: 526, 195: 254, 196: 16, 197: 254, 198: 16, 199: 142, 200: 380}
Number of lables used:  14
Time taken: 0.36 seconds
--------------------------------------------------

Trying with at most 13 labels...
Solution:
{1: 750, 2: 512, 3: 142, 4: 380, 5: 428, 6: 666, 7: 72, 8: 310, 9: 72, 10: 310, 11: 142, 12: 380, 13: 254, 14: 16, 15: 72, 16: 310, 17: 666, 18: 428, 19: 16, 20: 254, 21: 380, 22: 142, 23: 254, 24: 16, 25: 142, 26: 380, 27: 512, 28: 750, 29: 666, 30: 428, 31: 72, 32: 310, 33: 72, 34: 310, 35: 16, 36: 254, 37: 666, 38: 428, 39: 16, 40: 254, 41: 750, 42: 512, 43: 72, 44: 310, 45: 310, 46: 72, 47: 750, 48: 512, 49: 72, 50: 310, 51: 428, 52: 666, 53: 666, 54: 428, 55: 512, 56: 750, 57: 750, 58: 512, 59: 310, 60: 72, 61: 72, 62: 310, 63: 428, 64: 666, 65: 750, 66: 512, 67: 44, 68: 282, 69: 16, 70: 254, 71: 254, 72: 16, 73: 750, 74: 512, 75: 142, 76: 380, 77: 750, 78: 512, 79: 44, 80: 282, 81: 750, 82: 512, 83: 16, 84: 254, 85: 16, 86: 254, 87: 750, 88: 512, 89: 44, 90: 282, 91: 72, 92: 310, 93: 750, 94: 512, 95: 72, 96: 310, 97: 666, 98: 428, 99: 428, 100: 666, 101: 666, 102: 428, 103: 44, 104: 282, 105: 282, 106: 44, 107: 282, 108: 44, 109: 282, 110: 44, 111: 72, 112: 310, 113: 142, 114: 380, 115: 666, 116: 428, 117: 142, 118: 380, 119: 428, 120: 666, 121: 72, 122: 310, 123: 750, 124: 512, 125: 142, 126: 380, 127: 16, 128: 254, 129: 380, 130: 142, 131: 282, 132: 44, 133: 380, 134: 142, 135: 142, 136: 380, 137: 72, 138: 310, 139: 142, 140: 380, 141: 428, 142: 666, 143: 282, 144: 44, 145: 750, 146: 512, 147: 254, 148: 16, 149: 142, 150: 380, 151: 44, 152: 282, 153: 380, 154: 142, 155: 44, 156: 282, 157: 16, 158: 254, 159: 16, 160: 254, 161: 44, 162: 282, 163: 428, 164: 666, 165: 750, 166: 512, 167: 512, 168: 750, 169: 310, 170: 72, 171: 16, 172: 254, 173: 44, 174: 282, 175: 428, 176: 666, 177: 428, 178: 666, 179: 16, 180: 254, 181: 310, 182: 72, 183: 380, 184: 142, 185: 282, 186: 44, 187: 142, 188: 380, 189: 16, 190: 254, 191: 16, 192: 254, 193: 72, 194: 310, 195: 72, 196: 310, 197: 428, 198: 666, 199: 750, 200: 512}
Number of lables used:  12
Time taken: 0.41 seconds
--------------------------------------------------

Trying with at most 11 labels...
Cannot find solution.
No more solutions found.
Optimal number of labels used:  12
Time taken: 3.28 seconds
[runlim] end:			Fri Jan 23 14:29:42 2026
[runlim] status:		ok
[runlim] result:		0
[runlim] children:		0
[runlim] real:			3.41 seconds
[runlim] time:			3.29 seconds
[runlim] space:			66.5 MB
[runlim] samples:		33
