[runlim] version:		1.10
[runlim] time limit:		311040000 seconds
[runlim] real time limit:	600 seconds
[runlim] space limit:		14000 MB
[runlim] argv[0]:		python3
[runlim] argv[1]:		-u
[runlim] argv[2]:		main.py
[runlim] argv[3]:		graph01
[runlim] argv[4]:		sc_reduced
[runlim] argv[5]:		assumptions
[runlim] argv[6]:		cadical195
[runlim] start:			Fri Jan 23 14:41:43 2026
[runlim] main pid:		95350
Solve first problem:
Solution:
{1: 30, 2: 268, 3: 16, 4: 254, 5: 16, 6: 254, 7: 142, 8: 380, 9: 142, 10: 380, 11: 16, 12: 254, 13: 30, 14: 268, 15: 58, 16: 296, 17: 16, 18: 254, 19: 16, 20: 254, 21: 44, 22: 282, 23: 142, 24: 380, 25: 72, 26: 310, 27: 352, 28: 114, 29: 16, 30: 254, 31: 72, 32: 310, 33: 114, 34: 352, 35: 72, 36: 310, 37: 16, 38: 254, 39: 16, 40: 254, 41: 72, 42: 310, 43: 86, 44: 324, 45: 58, 46: 296, 47: 16, 48: 254, 49: 72, 50: 310, 51: 86, 52: 324, 53: 30, 54: 268, 55: 58, 56: 296, 57: 58, 58: 296, 59: 16, 60: 254, 61: 128, 62: 366, 63: 86, 64: 324, 65: 16, 66: 254, 67: 58, 68: 296, 69: 44, 70: 282, 71: 30, 72: 268, 73: 142, 74: 380, 75: 86, 76: 324, 77: 30, 78: 268, 79: 16, 80: 254, 81: 72, 82: 310, 83: 58, 84: 296, 85: 72, 86: 310, 87: 114, 88: 352, 89: 58, 90: 296, 91: 156, 92: 394, 93: 16, 94: 254, 95: 72, 96: 310, 97: 408, 98: 170, 99: 86, 100: 324, 101: 30, 102: 268, 103: 16, 104: 254, 105: 142, 106: 380, 107: 44, 108: 282, 109: 16, 110: 254, 111: 86, 112: 324, 113: 44, 114: 282, 115: 114, 116: 352, 117: 114, 118: 352, 119: 100, 120: 338, 121: 408, 122: 170, 123: 142, 124: 380, 125: 58, 126: 296, 127: 30, 128: 268, 129: 114, 130: 352, 131: 30, 132: 268, 133: 366, 134: 128, 135: 170, 136: 408, 137: 30, 138: 268, 139: 16, 140: 254, 141: 30, 142: 268, 143: 44, 144: 282, 145: 86, 146: 324, 147: 366, 148: 128, 149: 428, 150: 666, 151: 86, 152: 324, 153: 142, 154: 380, 155: 156, 156: 394, 157: 338, 158: 100, 159: 484, 160: 722, 161: 296, 162: 58, 163: 268, 164: 30, 165: 456, 166: 694, 167: 44, 168: 282, 169: 100, 170: 338, 171: 72, 172: 310, 173: 114, 174: 352, 175: 442, 176: 680, 177: 16, 178: 254, 179: 44, 180: 282, 181: 16, 182: 254, 183: 142, 184: 380, 185: 414, 186: 652, 187: 128, 188: 366, 189: 30, 190: 268, 191: 414, 192: 652, 193: 170, 194: 408, 195: 100, 196: 338, 197: 58, 198: 296, 199: 72, 200: 310}
Correct solution!
Number of lables used:  34
Time taken: 0.19 seconds
--------------------------------------------------

Trying with at most 33 labels...
Solution:
{1: 30, 2: 268, 3: 680, 4: 442, 5: 254, 6: 16, 7: 380, 8: 142, 9: 170, 10: 408, 11: 442, 12: 680, 13: 114, 14: 352, 15: 30, 16: 268, 17: 324, 18: 86, 19: 254, 20: 16, 21: 44, 22: 282, 23: 170, 24: 408, 25: 310, 26: 72, 27: 282, 28: 44, 29: 16, 30: 254, 31: 16, 32: 254, 33: 442, 34: 680, 35: 310, 36: 72, 37: 58, 38: 296, 39: 86, 40: 324, 41: 114, 42: 352, 43: 142, 44: 380, 45: 86, 46: 324, 47: 324, 48: 86, 49: 58, 50: 296, 51: 394, 52: 156, 53: 30, 54: 268, 55: 296, 56: 58, 57: 380, 58: 142, 59: 352, 60: 114, 61: 44, 62: 282, 63: 86, 64: 324, 65: 44, 66: 282, 67: 86, 68: 324, 69: 296, 70: 58, 71: 58, 72: 296, 73: 408, 74: 170, 75: 324, 76: 86, 77: 310, 78: 72, 79: 16, 80: 254, 81: 72, 82: 310, 83: 394, 84: 156, 85: 380, 86: 142, 87: 254, 88: 16, 89: 58, 90: 296, 91: 268, 92: 30, 93: 16, 94: 254, 95: 680, 96: 442, 97: 170, 98: 408, 99: 30, 100: 268, 101: 442, 102: 680, 103: 58, 104: 296, 105: 666, 106: 428, 107: 114, 108: 352, 109: 114, 110: 352, 111: 394, 112: 156, 113: 86, 114: 324, 115: 30, 116: 268, 117: 114, 118: 352, 119: 58, 120: 296, 121: 380, 122: 142, 123: 380, 124: 142, 125: 30, 126: 268, 127: 352, 128: 114, 129: 58, 130: 296, 131: 44, 132: 282, 133: 666, 134: 428, 135: 380, 136: 142, 137: 30, 138: 268, 139: 44, 140: 282, 141: 58, 142: 296, 143: 86, 144: 324, 145: 666, 146: 428, 147: 254, 148: 16, 149: 58, 150: 296, 151: 268, 152: 30, 153: 114, 154: 352, 155: 72, 156: 310, 157: 114, 158: 352, 159: 114, 160: 352, 161: 394, 162: 156, 163: 394, 164: 156, 165: 324, 166: 86, 167: 310, 168: 72, 169: 44, 170: 282, 171: 114, 172: 352, 173: 86, 174: 324, 175: 30, 176: 268, 177: 114, 178: 352, 179: 114, 180: 352, 181: 114, 182: 352, 183: 666, 184: 428, 185: 254, 186: 16, 187: 86, 188: 324, 189: 72, 190: 310, 191: 394, 192: 156, 193: 380, 194: 142, 195: 114, 196: 352, 197: 72, 198: 310, 199: 72, 200: 310}
Number of lables used:  24
Time taken: 0.21 seconds
--------------------------------------------------

Trying with at most 23 labels...
Solution:
{1: 30, 2: 268, 3: 680, 4: 442, 5: 254, 6: 16, 7: 380, 8: 142, 9: 170, 10: 408, 11: 58, 12: 296, 13: 114, 14: 352, 15: 30, 16: 268, 17: 352, 18: 114, 19: 254, 20: 16, 21: 30, 22: 268, 23: 170, 24: 408, 25: 310, 26: 72, 27: 666, 28: 428, 29: 16, 30: 254, 31: 16, 32: 254, 33: 442, 34: 680, 35: 268, 36: 30, 37: 58, 38: 296, 39: 86, 40: 324, 41: 114, 42: 352, 43: 380, 44: 142, 45: 86, 46: 324, 47: 324, 48: 86, 49: 58, 50: 296, 51: 394, 52: 156, 53: 30, 54: 268, 55: 296, 56: 58, 57: 380, 58: 142, 59: 352, 60: 114, 61: 30, 62: 268, 63: 86, 64: 324, 65: 30, 66: 268, 67: 86, 68: 324, 69: 296, 70: 58, 71: 58, 72: 296, 73: 408, 74: 170, 75: 324, 76: 86, 77: 310, 78: 72, 79: 16, 80: 254, 81: 72, 82: 310, 83: 394, 84: 156, 85: 380, 86: 142, 87: 254, 88: 16, 89: 58, 90: 296, 91: 268, 92: 30, 93: 16, 94: 254, 95: 680, 96: 442, 97: 408, 98: 170, 99: 30, 100: 268, 101: 428, 102: 666, 103: 58, 104: 296, 105: 680, 106: 442, 107: 114, 108: 352, 109: 114, 110: 352, 111: 394, 112: 156, 113: 86, 114: 324, 115: 254, 116: 16, 117: 114, 118: 352, 119: 58, 120: 296, 121: 380, 122: 142, 123: 380, 124: 142, 125: 30, 126: 268, 127: 352, 128: 114, 129: 58, 130: 296, 131: 30, 132: 268, 133: 666, 134: 428, 135: 380, 136: 142, 137: 30, 138: 268, 139: 30, 140: 268, 141: 58, 142: 296, 143: 86, 144: 324, 145: 666, 146: 428, 147: 254, 148: 16, 149: 58, 150: 296, 151: 268, 152: 30, 153: 114, 154: 352, 155: 72, 156: 310, 157: 114, 158: 352, 159: 114, 160: 352, 161: 394, 162: 156, 163: 394, 164: 156, 165: 324, 166: 86, 167: 310, 168: 72, 169: 268, 170: 30, 171: 114, 172: 352, 173: 86, 174: 324, 175: 30, 176: 268, 177: 114, 178: 352, 179: 114, 180: 352, 181: 58, 182: 296, 183: 680, 184: 442, 185: 352, 186: 114, 187: 86, 188: 324, 189: 72, 190: 310, 191: 394, 192: 156, 193: 380, 194: 142, 195: 86, 196: 324, 197: 72, 198: 310, 199: 72, 200: 310}
Number of lables used:  22
Time taken: 0.21 seconds
--------------------------------------------------

Trying with at most 21 labels...
Solution:
{1: 442, 2: 680, 3: 680, 4: 442, 5: 296, 6: 58, 7: 380, 8: 142, 9: 478, 10: 240, 11: 428, 12: 666, 13: 114, 14: 352, 15: 142, 16: 380, 17: 254, 18: 16, 19: 44, 20: 282, 21: 352, 22: 114, 23: 142, 24: 380, 25: 680, 26: 442, 27: 16, 28: 254, 29: 352, 30: 114, 31: 394, 32: 156, 33: 442, 34: 680, 35: 254, 36: 16, 37: 394, 38: 156, 39: 58, 40: 296, 41: 114, 42: 352, 43: 380, 44: 142, 45: 58, 46: 296, 47: 16, 48: 254, 49: 114, 50: 352, 51: 296, 52: 58, 53: 44, 54: 282, 55: 296, 56: 58, 57: 254, 58: 16, 59: 442, 60: 680, 61: 16, 62: 254, 63: 58, 64: 296, 65: 16, 66: 254, 67: 442, 68: 680, 69: 296, 70: 58, 71: 442, 72: 680, 73: 478, 74: 240, 75: 296, 76: 58, 77: 58, 78: 296, 79: 394, 80: 156, 81: 58, 82: 296, 83: 394, 84: 156, 85: 142, 86: 380, 87: 254, 88: 16, 89: 394, 90: 156, 91: 254, 92: 16, 93: 352, 94: 114, 95: 680, 96: 442, 97: 478, 98: 240, 99: 296, 100: 58, 101: 428, 102: 666, 103: 16, 104: 254, 105: 778, 106: 540, 107: 114, 108: 352, 109: 114, 110: 352, 111: 296, 112: 58, 113: 58, 114: 296, 115: 254, 116: 16, 117: 114, 118: 352, 119: 16, 120: 254, 121: 240, 122: 478, 123: 380, 124: 142, 125: 380, 126: 142, 127: 778, 128: 540, 129: 352, 130: 114, 131: 296, 132: 58, 133: 666, 134: 428, 135: 380, 136: 142, 137: 394, 138: 156, 139: 394, 140: 156, 141: 380, 142: 142, 143: 58, 144: 296, 145: 156, 146: 394, 147: 282, 148: 44, 149: 58, 150: 296, 151: 282, 152: 44, 153: 58, 154: 296, 155: 394, 156: 156, 157: 114, 158: 352, 159: 114, 160: 352, 161: 394, 162: 156, 163: 394, 164: 156, 165: 352, 166: 114, 167: 778, 168: 540, 169: 282, 170: 44, 171: 58, 172: 296, 173: 16, 174: 254, 175: 352, 176: 114, 177: 114, 178: 352, 179: 114, 180: 352, 181: 540, 182: 778, 183: 428, 184: 666, 185: 352, 186: 114, 187: 58, 188: 296, 189: 16, 190: 254, 191: 394, 192: 156, 193: 380, 194: 142, 195: 58, 196: 296, 197: 16, 198: 254, 199: 58, 200: 296}
Number of lables used:  20
Time taken: 0.22 seconds
--------------------------------------------------

Trying with at most 19 labels...
Solution:
{1: 86, 2: 324, 3: 680, 4: 442, 5: 114, 6: 352, 7: 408, 8: 170, 9: 170, 10: 408, 11: 736, 12: 498, 13: 114, 14: 352, 15: 86, 16: 324, 17: 268, 18: 30, 19: 16, 20: 254, 21: 16, 22: 254, 23: 380, 24: 142, 25: 680, 26: 442, 27: 254, 28: 16, 29: 296, 30: 58, 31: 352, 32: 114, 33: 352, 34: 114, 35: 254, 36: 16, 37: 380, 38: 142, 39: 58, 40: 296, 41: 114, 42: 352, 43: 296, 44: 58, 45: 58, 46: 296, 47: 324, 48: 86, 49: 86, 50: 324, 51: 254, 52: 16, 53: 30, 54: 268, 55: 268, 56: 30, 57: 324, 58: 86, 59: 736, 60: 498, 61: 380, 62: 142, 63: 58, 64: 296, 65: 324, 66: 86, 67: 268, 68: 30, 69: 296, 70: 58, 71: 736, 72: 498, 73: 408, 74: 170, 75: 268, 76: 30, 77: 442, 78: 680, 79: 380, 80: 142, 81: 58, 82: 296, 83: 324, 84: 86, 85: 380, 86: 142, 87: 680, 88: 442, 89: 380, 90: 142, 91: 680, 92: 442, 93: 352, 94: 114, 95: 254, 96: 16, 97: 408, 98: 170, 99: 380, 100: 142, 101: 86, 102: 324, 103: 16, 104: 254, 105: 114, 106: 352, 107: 114, 108: 352, 109: 114, 110: 352, 111: 296, 112: 58, 113: 58, 114: 296, 115: 352, 116: 114, 117: 86, 118: 324, 119: 16, 120: 254, 121: 170, 122: 408, 123: 408, 124: 170, 125: 352, 126: 114, 127: 324, 128: 86, 129: 380, 130: 142, 131: 268, 132: 30, 133: 268, 134: 30, 135: 408, 136: 170, 137: 380, 138: 142, 139: 254, 140: 16, 141: 380, 142: 142, 143: 58, 144: 296, 145: 86, 146: 324, 147: 58, 148: 296, 149: 142, 150: 380, 151: 296, 152: 58, 153: 58, 154: 296, 155: 352, 156: 114, 157: 114, 158: 352, 159: 498, 160: 736, 161: 86, 162: 324, 163: 680, 164: 442, 165: 86, 166: 324, 167: 352, 168: 114, 169: 58, 170: 296, 171: 58, 172: 296, 173: 380, 174: 142, 175: 352, 176: 114, 177: 114, 178: 352, 179: 114, 180: 352, 181: 736, 182: 498, 183: 380, 184: 142, 185: 142, 186: 380, 187: 58, 188: 296, 189: 380, 190: 142, 191: 16, 192: 254, 193: 170, 194: 408, 195: 58, 196: 296, 197: 16, 198: 254, 199: 58, 200: 296}
Number of lables used:  18
Time taken: 0.23 seconds
--------------------------------------------------

Trying with at most 17 labels...
[runlim] sample:		10.0 time, 10.2 real, 53.5 MB
[runlim] sample:		20.0 time, 20.2 real, 47.0 MB
[runlim] sample:		30.0 time, 30.2 real, 60.0 MB
[runlim] sample:		40.0 time, 40.2 real, 62.6 MB
[runlim] sample:		50.0 time, 50.2 real, 58.0 MB
[runlim] sample:		60.0 time, 60.2 real, 65.0 MB
Cannot find solution.
No more solutions found.
Optimal number of labels used:  18
Time taken: 61.76 seconds
[runlim] end:			Fri Jan 23 14:42:45 2026
[runlim] status:		ok
[runlim] result:		0
[runlim] children:		0
[runlim] real:			62.02 seconds
[runlim] time:			61.65 seconds
[runlim] space:			70.4 MB
[runlim] samples:		617
