[runlim] version:		1.10
[runlim] time limit:		311040000 seconds
[runlim] real time limit:	600 seconds
[runlim] space limit:		14000 MB
[runlim] argv[0]:		python3
[runlim] argv[1]:		-u
[runlim] argv[2]:		main.py
[runlim] argv[3]:		TUD200.3
[runlim] argv[4]:		sc_reduced
[runlim] argv[5]:		assumptions
[runlim] argv[6]:		cadical195
[runlim] start:			Fri Jan 23 14:47:28 2026
[runlim] main pid:		98467
Solve first problem:
Solution:
{1: 296, 2: 58, 3: 380, 4: 142, 5: 652, 6: 414, 7: 442, 8: 680, 9: 352, 10: 114, 11: 380, 12: 142, 13: 652, 14: 414, 15: 380, 16: 142, 17: 170, 18: 408, 19: 142, 20: 380, 21: 282, 22: 44, 23: 652, 24: 414, 25: 540, 26: 778, 27: 694, 28: 456, 29: 792, 30: 554, 31: 442, 32: 680, 33: 268, 34: 30, 35: 114, 36: 352, 37: 652, 38: 414, 39: 652, 40: 414, 41: 114, 42: 352, 43: 268, 44: 30, 45: 338, 46: 100, 47: 512, 48: 750, 49: 414, 50: 652, 51: 310, 52: 72, 53: 338, 54: 100, 55: 414, 56: 652, 57: 352, 58: 114, 59: 694, 60: 456, 61: 254, 62: 16, 63: 778, 64: 540, 65: 156, 66: 394, 67: 352, 68: 114, 69: 296, 70: 58, 71: 296, 72: 58, 73: 652, 74: 414, 75: 366, 76: 128, 77: 338, 78: 100, 79: 680, 80: 442, 81: 254, 82: 16, 83: 310, 84: 72, 85: 282, 86: 44, 87: 736, 88: 498, 89: 764, 90: 526, 91: 254, 92: 16, 93: 750, 94: 512, 95: 792, 96: 554, 97: 170, 98: 408, 99: 478, 100: 240, 101: 380, 102: 142, 103: 352, 104: 114, 105: 72, 106: 310, 107: 310, 108: 72, 109: 414, 110: 652, 111: 282, 112: 44, 113: 722, 114: 484, 115: 652, 116: 414, 117: 708, 118: 470, 119: 310, 120: 72, 121: 380, 122: 142, 123: 296, 124: 58, 125: 666, 126: 428, 127: 750, 128: 512, 129: 324, 130: 86, 131: 380, 132: 142, 133: 310, 134: 72, 135: 254, 136: 16, 137: 652, 138: 414, 139: 268, 140: 30, 141: 310, 142: 72, 143: 296, 144: 58, 145: 456, 146: 694, 147: 428, 148: 666, 149: 254, 150: 16, 151: 352, 152: 114, 153: 652, 154: 414, 155: 414, 156: 652, 157: 268, 158: 30, 159: 296, 160: 58, 161: 268, 162: 30, 163: 254, 164: 16, 165: 254, 166: 16, 167: 380, 168: 142, 169: 310, 170: 72, 171: 254, 172: 16, 173: 366, 174: 128, 175: 338, 176: 100, 177: 366, 178: 128, 179: 380, 180: 142, 181: 254, 182: 16, 183: 310, 184: 72, 185: 324, 186: 86, 187: 254, 188: 16, 189: 310, 190: 72, 191: 268, 192: 30, 193: 324, 194: 86, 195: 736, 196: 498, 197: 282, 198: 44, 199: 254, 200: 16}
Correct solution!
Number of lables used:  48
Time taken: 0.20 seconds
--------------------------------------------------

Trying with at most 47 labels...
Solution:
{1: 86, 2: 324, 3: 324, 4: 86, 5: 652, 6: 414, 7: 708, 8: 470, 9: 142, 10: 380, 11: 478, 12: 240, 13: 708, 14: 470, 15: 414, 16: 652, 17: 478, 18: 240, 19: 694, 20: 456, 21: 58, 22: 296, 23: 114, 24: 352, 25: 414, 26: 652, 27: 708, 28: 470, 29: 142, 30: 380, 31: 394, 32: 156, 33: 114, 34: 352, 35: 114, 36: 352, 37: 708, 38: 470, 39: 142, 40: 380, 41: 16, 42: 254, 43: 44, 44: 282, 45: 30, 46: 268, 47: 708, 48: 470, 49: 86, 50: 324, 51: 428, 52: 666, 53: 142, 54: 380, 55: 86, 56: 324, 57: 380, 58: 142, 59: 142, 60: 380, 61: 324, 62: 86, 63: 86, 64: 324, 65: 142, 66: 380, 67: 30, 68: 268, 69: 86, 70: 324, 71: 708, 72: 470, 73: 652, 74: 414, 75: 324, 76: 86, 77: 44, 78: 282, 79: 666, 80: 428, 81: 652, 82: 414, 83: 58, 84: 296, 85: 268, 86: 30, 87: 156, 88: 394, 89: 708, 90: 470, 91: 666, 92: 428, 93: 694, 94: 456, 95: 324, 96: 86, 97: 142, 98: 380, 99: 142, 100: 380, 101: 282, 102: 44, 103: 296, 104: 58, 105: 16, 106: 254, 107: 16, 108: 254, 109: 414, 110: 652, 111: 44, 112: 282, 113: 694, 114: 456, 115: 16, 116: 254, 117: 296, 118: 58, 119: 114, 120: 352, 121: 240, 122: 478, 123: 44, 124: 282, 125: 30, 126: 268, 127: 708, 128: 470, 129: 414, 130: 652, 131: 142, 132: 380, 133: 44, 134: 282, 135: 666, 136: 428, 137: 30, 138: 268, 139: 114, 140: 352, 141: 666, 142: 428, 143: 16, 144: 254, 145: 470, 146: 708, 147: 30, 148: 268, 149: 86, 150: 324, 151: 666, 152: 428, 153: 694, 154: 456, 155: 142, 156: 380, 157: 86, 158: 324, 159: 708, 160: 470, 161: 296, 162: 58, 163: 324, 164: 86, 165: 16, 166: 254, 167: 142, 168: 380, 169: 352, 170: 114, 171: 58, 172: 296, 173: 352, 174: 114, 175: 694, 176: 456, 177: 652, 178: 414, 179: 380, 180: 142, 181: 156, 182: 394, 183: 296, 184: 58, 185: 86, 186: 324, 187: 156, 188: 394, 189: 114, 190: 352, 191: 58, 192: 296, 193: 114, 194: 352, 195: 394, 196: 156, 197: 470, 198: 708, 199: 114, 200: 352}
Number of lables used:  26
Time taken: 0.22 seconds
--------------------------------------------------

Trying with at most 25 labels...
Solution:
{1: 86, 2: 324, 3: 324, 4: 86, 5: 352, 6: 114, 7: 708, 8: 470, 9: 142, 10: 380, 11: 478, 12: 240, 13: 708, 14: 470, 15: 470, 16: 708, 17: 478, 18: 240, 19: 694, 20: 456, 21: 58, 22: 296, 23: 86, 24: 324, 25: 428, 26: 666, 27: 708, 28: 470, 29: 142, 30: 380, 31: 394, 32: 156, 33: 58, 34: 296, 35: 114, 36: 352, 37: 708, 38: 470, 39: 86, 40: 324, 41: 16, 42: 254, 43: 44, 44: 282, 45: 30, 46: 268, 47: 708, 48: 470, 49: 86, 50: 324, 51: 428, 52: 666, 53: 142, 54: 380, 55: 86, 56: 324, 57: 380, 58: 142, 59: 114, 60: 352, 61: 324, 62: 86, 63: 86, 64: 324, 65: 142, 66: 380, 67: 30, 68: 268, 69: 86, 70: 324, 71: 708, 72: 470, 73: 156, 74: 394, 75: 324, 76: 86, 77: 44, 78: 282, 79: 666, 80: 428, 81: 142, 82: 380, 83: 58, 84: 296, 85: 268, 86: 30, 87: 282, 88: 44, 89: 708, 90: 470, 91: 666, 92: 428, 93: 694, 94: 456, 95: 324, 96: 86, 97: 142, 98: 380, 99: 142, 100: 380, 101: 282, 102: 44, 103: 708, 104: 470, 105: 16, 106: 254, 107: 380, 108: 142, 109: 428, 110: 666, 111: 428, 112: 666, 113: 694, 114: 456, 115: 16, 116: 254, 117: 456, 118: 694, 119: 114, 120: 352, 121: 240, 122: 478, 123: 44, 124: 282, 125: 30, 126: 268, 127: 708, 128: 470, 129: 428, 130: 666, 131: 142, 132: 380, 133: 44, 134: 282, 135: 666, 136: 428, 137: 30, 138: 268, 139: 156, 140: 394, 141: 380, 142: 142, 143: 16, 144: 254, 145: 470, 146: 708, 147: 30, 148: 268, 149: 86, 150: 324, 151: 666, 152: 428, 153: 694, 154: 456, 155: 470, 156: 708, 157: 86, 158: 324, 159: 394, 160: 156, 161: 296, 162: 58, 163: 324, 164: 86, 165: 16, 166: 254, 167: 142, 168: 380, 169: 352, 170: 114, 171: 58, 172: 296, 173: 352, 174: 114, 175: 694, 176: 456, 177: 282, 178: 44, 179: 380, 180: 142, 181: 156, 182: 394, 183: 296, 184: 58, 185: 86, 186: 324, 187: 156, 188: 394, 189: 114, 190: 352, 191: 58, 192: 296, 193: 114, 194: 352, 195: 394, 196: 156, 197: 470, 198: 708, 199: 114, 200: 352}
Number of lables used:  24
Time taken: 0.22 seconds
--------------------------------------------------

Trying with at most 23 labels...
Solution:
{1: 428, 2: 666, 3: 268, 4: 30, 5: 16, 6: 254, 7: 268, 8: 30, 9: 254, 10: 16, 11: 478, 12: 240, 13: 554, 14: 792, 15: 792, 16: 554, 17: 478, 18: 240, 19: 142, 20: 380, 21: 156, 22: 394, 23: 30, 24: 268, 25: 470, 26: 708, 27: 666, 28: 428, 29: 428, 30: 666, 31: 470, 32: 708, 33: 324, 34: 86, 35: 86, 36: 324, 37: 792, 38: 554, 39: 86, 40: 324, 41: 394, 42: 156, 43: 142, 44: 380, 45: 324, 46: 86, 47: 428, 48: 666, 49: 554, 50: 792, 51: 86, 52: 324, 53: 100, 54: 338, 55: 86, 56: 324, 57: 268, 58: 30, 59: 792, 60: 554, 61: 324, 62: 86, 63: 324, 64: 86, 65: 44, 66: 282, 67: 30, 68: 268, 69: 44, 70: 282, 71: 708, 72: 470, 73: 156, 74: 394, 75: 100, 76: 338, 77: 44, 78: 282, 79: 100, 80: 338, 81: 142, 82: 380, 83: 44, 84: 282, 85: 268, 86: 30, 87: 282, 88: 44, 89: 708, 90: 470, 91: 666, 92: 428, 93: 708, 94: 470, 95: 324, 96: 86, 97: 240, 98: 478, 99: 142, 100: 380, 101: 282, 102: 44, 103: 708, 104: 470, 105: 282, 106: 44, 107: 380, 108: 142, 109: 428, 110: 666, 111: 428, 112: 666, 113: 666, 114: 428, 115: 554, 116: 792, 117: 428, 118: 666, 119: 666, 120: 428, 121: 240, 122: 478, 123: 44, 124: 282, 125: 30, 126: 268, 127: 792, 128: 554, 129: 428, 130: 666, 131: 478, 132: 240, 133: 44, 134: 282, 135: 156, 136: 394, 137: 30, 138: 268, 139: 156, 140: 394, 141: 380, 142: 142, 143: 16, 144: 254, 145: 470, 146: 708, 147: 708, 148: 470, 149: 86, 150: 324, 151: 100, 152: 338, 153: 666, 154: 428, 155: 470, 156: 708, 157: 86, 158: 324, 159: 282, 160: 44, 161: 554, 162: 792, 163: 324, 164: 86, 165: 394, 166: 156, 167: 142, 168: 380, 169: 554, 170: 792, 171: 554, 172: 792, 173: 338, 174: 100, 175: 470, 176: 708, 177: 282, 178: 44, 179: 380, 180: 142, 181: 156, 182: 394, 183: 268, 184: 30, 185: 86, 186: 324, 187: 156, 188: 394, 189: 100, 190: 338, 191: 380, 192: 142, 193: 282, 194: 44, 195: 708, 196: 470, 197: 156, 198: 394, 199: 86, 200: 324}
Number of lables used:  22
Time taken: 0.22 seconds
--------------------------------------------------

Trying with at most 21 labels...
Solution:
{1: 428, 2: 666, 3: 268, 4: 30, 5: 86, 6: 324, 7: 268, 8: 30, 9: 324, 10: 86, 11: 380, 12: 142, 13: 554, 14: 792, 15: 792, 16: 554, 17: 478, 18: 240, 19: 142, 20: 380, 21: 156, 22: 394, 23: 30, 24: 268, 25: 470, 26: 708, 27: 666, 28: 428, 29: 428, 30: 666, 31: 470, 32: 708, 33: 324, 34: 86, 35: 86, 36: 324, 37: 792, 38: 554, 39: 86, 40: 324, 41: 338, 42: 100, 43: 142, 44: 380, 45: 268, 46: 30, 47: 428, 48: 666, 49: 554, 50: 792, 51: 86, 52: 324, 53: 100, 54: 338, 55: 86, 56: 324, 57: 268, 58: 30, 59: 792, 60: 554, 61: 324, 62: 86, 63: 470, 64: 708, 65: 44, 66: 282, 67: 30, 68: 268, 69: 44, 70: 282, 71: 708, 72: 470, 73: 156, 74: 394, 75: 100, 76: 338, 77: 44, 78: 282, 79: 100, 80: 338, 81: 142, 82: 380, 83: 44, 84: 282, 85: 268, 86: 30, 87: 282, 88: 44, 89: 708, 90: 470, 91: 666, 92: 428, 93: 708, 94: 470, 95: 324, 96: 86, 97: 478, 98: 240, 99: 142, 100: 380, 101: 282, 102: 44, 103: 708, 104: 470, 105: 282, 106: 44, 107: 380, 108: 142, 109: 394, 110: 156, 111: 428, 112: 666, 113: 666, 114: 428, 115: 554, 116: 792, 117: 428, 118: 666, 119: 666, 120: 428, 121: 240, 122: 478, 123: 44, 124: 282, 125: 30, 126: 268, 127: 792, 128: 554, 129: 428, 130: 666, 131: 478, 132: 240, 133: 44, 134: 282, 135: 100, 136: 338, 137: 30, 138: 268, 139: 156, 140: 394, 141: 380, 142: 142, 143: 44, 144: 282, 145: 470, 146: 708, 147: 708, 148: 470, 149: 86, 150: 324, 151: 100, 152: 338, 153: 666, 154: 428, 155: 470, 156: 708, 157: 666, 158: 428, 159: 282, 160: 44, 161: 554, 162: 792, 163: 324, 164: 86, 165: 394, 166: 156, 167: 142, 168: 380, 169: 554, 170: 792, 171: 554, 172: 792, 173: 338, 174: 100, 175: 470, 176: 708, 177: 282, 178: 44, 179: 380, 180: 142, 181: 156, 182: 394, 183: 268, 184: 30, 185: 86, 186: 324, 187: 156, 188: 394, 189: 100, 190: 338, 191: 380, 192: 142, 193: 282, 194: 44, 195: 708, 196: 470, 197: 156, 198: 394, 199: 86, 200: 324}
Number of lables used:  20
Time taken: 0.23 seconds
--------------------------------------------------

Trying with at most 19 labels...
Solution:
{1: 100, 2: 338, 3: 268, 4: 30, 5: 86, 6: 324, 7: 268, 8: 30, 9: 324, 10: 86, 11: 380, 12: 142, 13: 554, 14: 792, 15: 792, 16: 554, 17: 478, 18: 240, 19: 156, 20: 394, 21: 156, 22: 394, 23: 86, 24: 324, 25: 470, 26: 708, 27: 666, 28: 428, 29: 428, 30: 666, 31: 470, 32: 708, 33: 324, 34: 86, 35: 86, 36: 324, 37: 792, 38: 554, 39: 708, 40: 470, 41: 338, 42: 100, 43: 142, 44: 380, 45: 792, 46: 554, 47: 428, 48: 666, 49: 554, 50: 792, 51: 30, 52: 268, 53: 100, 54: 338, 55: 86, 56: 324, 57: 268, 58: 30, 59: 792, 60: 554, 61: 324, 62: 86, 63: 470, 64: 708, 65: 30, 66: 268, 67: 708, 68: 470, 69: 30, 70: 268, 71: 708, 72: 470, 73: 156, 74: 394, 75: 100, 76: 338, 77: 86, 78: 324, 79: 100, 80: 338, 81: 142, 82: 380, 83: 30, 84: 268, 85: 268, 86: 30, 87: 268, 88: 30, 89: 708, 90: 470, 91: 666, 92: 428, 93: 708, 94: 470, 95: 324, 96: 86, 97: 478, 98: 240, 99: 142, 100: 380, 101: 156, 102: 394, 103: 708, 104: 470, 105: 268, 106: 30, 107: 380, 108: 142, 109: 394, 110: 156, 111: 428, 112: 666, 113: 666, 114: 428, 115: 554, 116: 792, 117: 428, 118: 666, 119: 666, 120: 428, 121: 240, 122: 478, 123: 30, 124: 268, 125: 30, 126: 268, 127: 792, 128: 554, 129: 428, 130: 666, 131: 478, 132: 240, 133: 30, 134: 268, 135: 100, 136: 338, 137: 30, 138: 268, 139: 156, 140: 394, 141: 380, 142: 142, 143: 428, 144: 666, 145: 792, 146: 554, 147: 708, 148: 470, 149: 86, 150: 324, 151: 100, 152: 338, 153: 792, 154: 554, 155: 470, 156: 708, 157: 666, 158: 428, 159: 268, 160: 30, 161: 554, 162: 792, 163: 394, 164: 156, 165: 394, 166: 156, 167: 142, 168: 380, 169: 554, 170: 792, 171: 554, 172: 792, 173: 338, 174: 100, 175: 470, 176: 708, 177: 268, 178: 30, 179: 380, 180: 142, 181: 156, 182: 394, 183: 86, 184: 324, 185: 86, 186: 324, 187: 156, 188: 394, 189: 100, 190: 338, 191: 380, 192: 142, 193: 268, 194: 30, 195: 708, 196: 470, 197: 156, 198: 394, 199: 86, 200: 324}
Number of lables used:  18
Time taken: 0.23 seconds
--------------------------------------------------

Trying with at most 17 labels...
Solution:
{1: 526, 2: 764, 3: 680, 4: 442, 5: 764, 6: 526, 7: 268, 8: 30, 9: 380, 10: 142, 11: 142, 12: 380, 13: 764, 14: 526, 15: 764, 16: 526, 17: 240, 18: 478, 19: 680, 20: 442, 21: 268, 22: 30, 23: 484, 24: 722, 25: 268, 26: 30, 27: 792, 28: 554, 29: 792, 30: 554, 31: 380, 32: 142, 33: 72, 34: 310, 35: 380, 36: 142, 37: 142, 38: 380, 39: 792, 40: 554, 41: 30, 42: 268, 43: 764, 44: 526, 45: 554, 46: 792, 47: 442, 48: 680, 49: 680, 50: 442, 51: 310, 52: 72, 53: 380, 54: 142, 55: 484, 56: 722, 57: 792, 58: 554, 59: 380, 60: 142, 61: 310, 62: 72, 63: 722, 64: 484, 65: 554, 66: 792, 67: 142, 68: 380, 69: 142, 70: 380, 71: 30, 72: 268, 73: 680, 74: 442, 75: 442, 76: 680, 77: 268, 78: 30, 79: 30, 80: 268, 81: 680, 82: 442, 83: 310, 84: 72, 85: 526, 86: 764, 87: 680, 88: 442, 89: 554, 90: 792, 91: 380, 92: 142, 93: 72, 94: 310, 95: 380, 96: 142, 97: 478, 98: 240, 99: 142, 100: 380, 101: 680, 102: 442, 103: 554, 104: 792, 105: 310, 106: 72, 107: 484, 108: 722, 109: 310, 110: 72, 111: 72, 112: 310, 113: 526, 114: 764, 115: 792, 116: 554, 117: 30, 118: 268, 119: 442, 120: 680, 121: 240, 122: 478, 123: 442, 124: 680, 125: 526, 126: 764, 127: 554, 128: 792, 129: 268, 130: 30, 131: 380, 132: 142, 133: 310, 134: 72, 135: 310, 136: 72, 137: 268, 138: 30, 139: 680, 140: 442, 141: 142, 142: 380, 143: 484, 144: 722, 145: 764, 146: 526, 147: 310, 148: 72, 149: 380, 150: 142, 151: 484, 152: 722, 153: 722, 154: 484, 155: 722, 156: 484, 157: 484, 158: 722, 159: 792, 160: 554, 161: 442, 162: 680, 163: 72, 164: 310, 165: 268, 166: 30, 167: 72, 168: 310, 169: 792, 170: 554, 171: 526, 172: 764, 173: 30, 174: 268, 175: 442, 176: 680, 177: 310, 178: 72, 179: 478, 180: 240, 181: 142, 182: 380, 183: 380, 184: 142, 185: 680, 186: 442, 187: 268, 188: 30, 189: 526, 190: 764, 191: 30, 192: 268, 193: 310, 194: 72, 195: 30, 196: 268, 197: 484, 198: 722, 199: 30, 200: 268}
Number of lables used:  16
Time taken: 0.26 seconds
--------------------------------------------------

Trying with at most 15 labels...
Solution:
{1: 540, 2: 778, 3: 764, 4: 526, 5: 778, 6: 540, 7: 268, 8: 30, 9: 380, 10: 142, 11: 478, 12: 240, 13: 30, 14: 268, 15: 526, 16: 764, 17: 240, 18: 478, 19: 72, 20: 310, 21: 268, 22: 30, 23: 442, 24: 680, 25: 268, 26: 30, 27: 72, 28: 310, 29: 680, 30: 442, 31: 778, 32: 540, 33: 380, 34: 142, 35: 442, 36: 680, 37: 142, 38: 380, 39: 680, 40: 442, 41: 30, 42: 268, 43: 764, 44: 526, 45: 526, 46: 764, 47: 540, 48: 778, 49: 526, 50: 764, 51: 310, 52: 72, 53: 680, 54: 442, 55: 680, 56: 442, 57: 268, 58: 30, 59: 380, 60: 142, 61: 310, 62: 72, 63: 442, 64: 680, 65: 764, 66: 526, 67: 540, 68: 778, 69: 764, 70: 526, 71: 30, 72: 268, 73: 142, 74: 380, 75: 442, 76: 680, 77: 268, 78: 30, 79: 764, 80: 526, 81: 764, 82: 526, 83: 310, 84: 72, 85: 380, 86: 142, 87: 268, 88: 30, 89: 526, 90: 764, 91: 380, 92: 142, 93: 72, 94: 310, 95: 540, 96: 778, 97: 478, 98: 240, 99: 142, 100: 380, 101: 778, 102: 540, 103: 526, 104: 764, 105: 442, 106: 680, 107: 680, 108: 442, 109: 310, 110: 72, 111: 778, 112: 540, 113: 72, 114: 310, 115: 680, 116: 442, 117: 30, 118: 268, 119: 380, 120: 142, 121: 240, 122: 478, 123: 764, 124: 526, 125: 526, 126: 764, 127: 442, 128: 680, 129: 268, 130: 30, 131: 240, 132: 478, 133: 142, 134: 380, 135: 778, 136: 540, 137: 764, 138: 526, 139: 680, 140: 442, 141: 778, 142: 540, 143: 526, 144: 764, 145: 764, 146: 526, 147: 778, 148: 540, 149: 72, 150: 310, 151: 72, 152: 310, 153: 30, 154: 268, 155: 72, 156: 310, 157: 680, 158: 442, 159: 764, 160: 526, 161: 380, 162: 142, 163: 680, 164: 442, 165: 268, 166: 30, 167: 72, 168: 310, 169: 380, 170: 142, 171: 380, 172: 142, 173: 30, 174: 268, 175: 442, 176: 680, 177: 72, 178: 310, 179: 478, 180: 240, 181: 142, 182: 380, 183: 380, 184: 142, 185: 142, 186: 380, 187: 310, 188: 72, 189: 526, 190: 764, 191: 778, 192: 540, 193: 310, 194: 72, 195: 526, 196: 764, 197: 30, 198: 268, 199: 380, 200: 142}
Number of lables used:  14
Time taken: 0.27 seconds
--------------------------------------------------

Trying with at most 13 labels...
Cannot find solution.
No more solutions found.
Optimal number of labels used:  14
Time taken: 1.59 seconds
[runlim] end:			Fri Jan 23 14:47:29 2026
[runlim] status:		ok
[runlim] result:		0
[runlim] children:		0
[runlim] real:			1.86 seconds
[runlim] time:			1.59 seconds
[runlim] space:			56.9 MB
[runlim] samples:		16
