[runlim] version:		1.10
[runlim] time limit:		311040000 seconds
[runlim] real time limit:	600 seconds
[runlim] space limit:		14000 MB
[runlim] argv[0]:		python3
[runlim] argv[1]:		-u
[runlim] argv[2]:		main.py
[runlim] argv[3]:		TUD200.1
[runlim] argv[4]:		sc_reduced
[runlim] argv[5]:		assumptions
[runlim] argv[6]:		cadical195
[runlim] start:			Fri Jan 23 14:47:24 2026
[runlim] main pid:		98433
Solve first problem:
Solution:
{1: 366, 2: 128, 3: 652, 4: 414, 5: 366, 6: 128, 7: 442, 8: 680, 9: 128, 10: 366, 11: 44, 12: 282, 13: 792, 14: 554, 15: 414, 16: 652, 17: 156, 18: 394, 19: 498, 20: 736, 21: 470, 22: 708, 23: 792, 24: 554, 25: 484, 26: 722, 27: 128, 28: 366, 29: 142, 30: 380, 31: 156, 32: 394, 33: 554, 34: 792, 35: 456, 36: 694, 37: 128, 38: 366, 39: 268, 40: 30, 41: 526, 42: 764, 43: 142, 44: 380, 45: 442, 46: 680, 47: 792, 48: 554, 49: 470, 50: 708, 51: 58, 52: 296, 53: 142, 54: 380, 55: 86, 56: 324, 57: 72, 58: 310, 59: 540, 60: 778, 61: 512, 62: 750, 63: 414, 64: 652, 65: 16, 66: 254, 67: 414, 68: 652, 69: 680, 70: 442, 71: 268, 72: 30, 73: 456, 74: 694, 75: 512, 76: 750, 77: 540, 78: 778, 79: 792, 80: 554, 81: 554, 82: 792, 83: 428, 84: 666, 85: 736, 86: 498, 87: 778, 88: 540, 89: 44, 90: 282, 91: 540, 92: 778, 93: 16, 94: 254, 95: 352, 96: 114, 97: 540, 98: 778, 99: 142, 100: 380, 101: 380, 102: 142, 103: 540, 104: 778, 105: 156, 106: 394, 107: 380, 108: 142, 109: 694, 110: 456, 111: 722, 112: 484, 113: 414, 114: 652, 115: 470, 116: 708, 117: 526, 118: 764, 119: 100, 120: 338, 121: 456, 122: 694, 123: 156, 124: 394, 125: 310, 126: 72, 127: 72, 128: 310, 129: 408, 130: 170, 131: 380, 132: 142, 133: 554, 134: 792, 135: 554, 136: 792, 137: 456, 138: 694, 139: 442, 140: 680, 141: 380, 142: 142, 143: 540, 144: 778, 145: 554, 146: 792, 147: 254, 148: 16, 149: 554, 150: 792, 151: 72, 152: 310, 153: 498, 154: 736, 155: 554, 156: 792, 157: 554, 158: 792, 159: 498, 160: 736, 161: 554, 162: 792, 163: 526, 164: 764, 165: 100, 166: 338, 167: 526, 168: 764, 169: 554, 170: 792, 171: 498, 172: 736, 173: 540, 174: 778, 175: 526, 176: 764, 177: 666, 178: 428, 179: 498, 180: 736, 181: 554, 182: 792, 183: 526, 184: 764, 185: 156, 186: 394, 187: 156, 188: 394, 189: 484, 190: 722, 191: 428, 192: 666, 193: 484, 194: 722, 195: 554, 196: 792, 197: 484, 198: 722, 199: 540, 200: 778}
Correct solution!
Number of lables used:  46
Time taken: 0.24 seconds
--------------------------------------------------

Trying with at most 45 labels...
Solution:
{1: 666, 2: 428, 3: 86, 4: 324, 5: 380, 6: 142, 7: 736, 8: 498, 9: 352, 10: 114, 11: 736, 12: 498, 13: 16, 14: 254, 15: 156, 16: 394, 17: 156, 18: 394, 19: 764, 20: 526, 21: 16, 22: 254, 23: 16, 24: 254, 25: 324, 26: 86, 27: 282, 28: 44, 29: 352, 30: 114, 31: 736, 32: 498, 33: 414, 34: 652, 35: 268, 36: 30, 37: 44, 38: 282, 39: 156, 40: 394, 41: 652, 42: 414, 43: 254, 44: 16, 45: 156, 46: 394, 47: 736, 48: 498, 49: 414, 50: 652, 51: 282, 52: 44, 53: 428, 54: 666, 55: 652, 56: 414, 57: 352, 58: 114, 59: 30, 60: 268, 61: 114, 62: 352, 63: 652, 64: 414, 65: 652, 66: 414, 67: 750, 68: 512, 69: 86, 70: 324, 71: 156, 72: 394, 73: 86, 74: 324, 75: 498, 76: 736, 77: 254, 78: 16, 79: 30, 80: 268, 81: 156, 82: 394, 83: 764, 84: 526, 85: 254, 86: 16, 87: 394, 88: 156, 89: 142, 90: 380, 91: 666, 92: 428, 93: 736, 94: 498, 95: 324, 96: 86, 97: 142, 98: 380, 99: 114, 100: 352, 101: 324, 102: 86, 103: 30, 104: 268, 105: 44, 106: 282, 107: 414, 108: 652, 109: 268, 110: 30, 111: 666, 112: 428, 113: 666, 114: 428, 115: 352, 116: 114, 117: 156, 118: 394, 119: 512, 120: 750, 121: 750, 122: 512, 123: 114, 124: 352, 125: 86, 126: 324, 127: 30, 128: 268, 129: 142, 130: 380, 131: 282, 132: 44, 133: 414, 134: 652, 135: 142, 136: 380, 137: 142, 138: 380, 139: 142, 140: 380, 141: 498, 142: 736, 143: 30, 144: 268, 145: 44, 146: 282, 147: 16, 148: 254, 149: 736, 150: 498, 151: 44, 152: 282, 153: 324, 154: 86, 155: 394, 156: 156, 157: 44, 158: 282, 159: 666, 160: 428, 161: 666, 162: 428, 163: 254, 164: 16, 165: 86, 166: 324, 167: 44, 168: 282, 169: 394, 170: 156, 171: 268, 172: 30, 173: 652, 174: 414, 175: 394, 176: 156, 177: 352, 178: 114, 179: 44, 180: 282, 181: 512, 182: 750, 183: 526, 184: 764, 185: 254, 186: 16, 187: 324, 188: 86, 189: 414, 190: 652, 191: 414, 192: 652, 193: 44, 194: 282, 195: 142, 196: 380, 197: 414, 198: 652, 199: 114, 200: 352}
Number of lables used:  24
Time taken: 0.26 seconds
--------------------------------------------------

Trying with at most 23 labels...
Solution:
{1: 666, 2: 428, 3: 86, 4: 324, 5: 380, 6: 142, 7: 736, 8: 498, 9: 352, 10: 114, 11: 736, 12: 498, 13: 16, 14: 254, 15: 156, 16: 394, 17: 156, 18: 394, 19: 764, 20: 526, 21: 16, 22: 254, 23: 16, 24: 254, 25: 324, 26: 86, 27: 282, 28: 44, 29: 352, 30: 114, 31: 736, 32: 498, 33: 414, 34: 652, 35: 268, 36: 30, 37: 44, 38: 282, 39: 156, 40: 394, 41: 652, 42: 414, 43: 254, 44: 16, 45: 156, 46: 394, 47: 736, 48: 498, 49: 414, 50: 652, 51: 282, 52: 44, 53: 428, 54: 666, 55: 652, 56: 414, 57: 352, 58: 114, 59: 30, 60: 268, 61: 114, 62: 352, 63: 652, 64: 414, 65: 652, 66: 414, 67: 736, 68: 498, 69: 86, 70: 324, 71: 156, 72: 394, 73: 86, 74: 324, 75: 526, 76: 764, 77: 254, 78: 16, 79: 30, 80: 268, 81: 156, 82: 394, 83: 764, 84: 526, 85: 254, 86: 16, 87: 394, 88: 156, 89: 142, 90: 380, 91: 666, 92: 428, 93: 736, 94: 498, 95: 324, 96: 86, 97: 142, 98: 380, 99: 114, 100: 352, 101: 324, 102: 86, 103: 30, 104: 268, 105: 44, 106: 282, 107: 414, 108: 652, 109: 268, 110: 30, 111: 666, 112: 428, 113: 666, 114: 428, 115: 352, 116: 114, 117: 156, 118: 394, 119: 498, 120: 736, 121: 764, 122: 526, 123: 114, 124: 352, 125: 86, 126: 324, 127: 30, 128: 268, 129: 142, 130: 380, 131: 282, 132: 44, 133: 414, 134: 652, 135: 142, 136: 380, 137: 142, 138: 380, 139: 142, 140: 380, 141: 498, 142: 736, 143: 30, 144: 268, 145: 44, 146: 282, 147: 16, 148: 254, 149: 736, 150: 498, 151: 44, 152: 282, 153: 324, 154: 86, 155: 394, 156: 156, 157: 44, 158: 282, 159: 666, 160: 428, 161: 666, 162: 428, 163: 254, 164: 16, 165: 86, 166: 324, 167: 44, 168: 282, 169: 394, 170: 156, 171: 268, 172: 30, 173: 652, 174: 414, 175: 394, 176: 156, 177: 352, 178: 114, 179: 44, 180: 282, 181: 498, 182: 736, 183: 526, 184: 764, 185: 254, 186: 16, 187: 324, 188: 86, 189: 414, 190: 652, 191: 414, 192: 652, 193: 44, 194: 282, 195: 142, 196: 380, 197: 414, 198: 652, 199: 114, 200: 352}
Number of lables used:  22
Time taken: 0.26 seconds
--------------------------------------------------

Trying with at most 21 labels...
Solution:
{1: 666, 2: 428, 3: 86, 4: 324, 5: 380, 6: 142, 7: 736, 8: 498, 9: 352, 10: 114, 11: 736, 12: 498, 13: 16, 14: 254, 15: 736, 16: 498, 17: 142, 18: 380, 19: 764, 20: 526, 21: 282, 22: 44, 23: 16, 24: 254, 25: 324, 26: 86, 27: 652, 28: 414, 29: 352, 30: 114, 31: 666, 32: 428, 33: 414, 34: 652, 35: 114, 36: 352, 37: 86, 38: 324, 39: 652, 40: 414, 41: 652, 42: 414, 43: 254, 44: 16, 45: 666, 46: 428, 47: 736, 48: 498, 49: 764, 50: 526, 51: 268, 52: 30, 53: 428, 54: 666, 55: 652, 56: 414, 57: 526, 58: 764, 59: 30, 60: 268, 61: 30, 62: 268, 63: 652, 64: 414, 65: 652, 66: 414, 67: 736, 68: 498, 69: 254, 70: 16, 71: 142, 72: 380, 73: 86, 74: 324, 75: 526, 76: 764, 77: 254, 78: 16, 79: 380, 80: 142, 81: 142, 82: 380, 83: 764, 84: 526, 85: 254, 86: 16, 87: 352, 88: 114, 89: 142, 90: 380, 91: 666, 92: 428, 93: 736, 94: 498, 95: 324, 96: 86, 97: 142, 98: 380, 99: 114, 100: 352, 101: 86, 102: 324, 103: 30, 104: 268, 105: 44, 106: 282, 107: 764, 108: 526, 109: 268, 110: 30, 111: 666, 112: 428, 113: 414, 114: 652, 115: 352, 116: 114, 117: 44, 118: 282, 119: 498, 120: 736, 121: 764, 122: 526, 123: 114, 124: 352, 125: 86, 126: 324, 127: 30, 128: 268, 129: 142, 130: 380, 131: 282, 132: 44, 133: 414, 134: 652, 135: 142, 136: 380, 137: 114, 138: 352, 139: 142, 140: 380, 141: 498, 142: 736, 143: 30, 144: 268, 145: 44, 146: 282, 147: 16, 148: 254, 149: 736, 150: 498, 151: 44, 152: 282, 153: 324, 154: 86, 155: 380, 156: 142, 157: 44, 158: 282, 159: 736, 160: 498, 161: 666, 162: 428, 163: 254, 164: 16, 165: 86, 166: 324, 167: 44, 168: 282, 169: 142, 170: 380, 171: 254, 172: 16, 173: 652, 174: 414, 175: 736, 176: 498, 177: 352, 178: 114, 179: 44, 180: 282, 181: 498, 182: 736, 183: 526, 184: 764, 185: 254, 186: 16, 187: 324, 188: 86, 189: 414, 190: 652, 191: 414, 192: 652, 193: 44, 194: 282, 195: 142, 196: 380, 197: 414, 198: 652, 199: 114, 200: 352}
Number of lables used:  20
Time taken: 0.26 seconds
--------------------------------------------------

Trying with at most 19 labels...
Solution:
{1: 652, 2: 414, 3: 16, 4: 254, 5: 380, 6: 142, 7: 30, 8: 268, 9: 114, 10: 352, 11: 736, 12: 498, 13: 16, 14: 254, 15: 142, 16: 380, 17: 142, 18: 380, 19: 764, 20: 526, 21: 282, 22: 44, 23: 16, 24: 254, 25: 324, 26: 86, 27: 142, 28: 380, 29: 498, 30: 736, 31: 268, 32: 30, 33: 414, 34: 652, 35: 736, 36: 498, 37: 86, 38: 324, 39: 652, 40: 414, 41: 652, 42: 414, 43: 254, 44: 16, 45: 254, 46: 16, 47: 736, 48: 498, 49: 764, 50: 526, 51: 268, 52: 30, 53: 764, 54: 526, 55: 652, 56: 414, 57: 652, 58: 414, 59: 30, 60: 268, 61: 30, 62: 268, 63: 736, 64: 498, 65: 764, 66: 526, 67: 736, 68: 498, 69: 324, 70: 86, 71: 142, 72: 380, 73: 86, 74: 324, 75: 526, 76: 764, 77: 254, 78: 16, 79: 380, 80: 142, 81: 142, 82: 380, 83: 764, 84: 526, 85: 254, 86: 16, 87: 352, 88: 114, 89: 86, 90: 324, 91: 526, 92: 764, 93: 736, 94: 498, 95: 324, 96: 86, 97: 142, 98: 380, 99: 114, 100: 352, 101: 86, 102: 324, 103: 30, 104: 268, 105: 44, 106: 282, 107: 764, 108: 526, 109: 352, 110: 114, 111: 44, 112: 282, 113: 352, 114: 114, 115: 736, 116: 498, 117: 44, 118: 282, 119: 498, 120: 736, 121: 764, 122: 526, 123: 114, 124: 352, 125: 86, 126: 324, 127: 30, 128: 268, 129: 380, 130: 142, 131: 282, 132: 44, 133: 414, 134: 652, 135: 142, 136: 380, 137: 114, 138: 352, 139: 142, 140: 380, 141: 498, 142: 736, 143: 30, 144: 268, 145: 44, 146: 282, 147: 86, 148: 324, 149: 736, 150: 498, 151: 44, 152: 282, 153: 324, 154: 86, 155: 380, 156: 142, 157: 44, 158: 282, 159: 736, 160: 498, 161: 652, 162: 414, 163: 254, 164: 16, 165: 86, 166: 324, 167: 30, 168: 268, 169: 142, 170: 380, 171: 254, 172: 16, 173: 652, 174: 414, 175: 736, 176: 498, 177: 380, 178: 142, 179: 44, 180: 282, 181: 498, 182: 736, 183: 652, 184: 414, 185: 254, 186: 16, 187: 142, 188: 380, 189: 414, 190: 652, 191: 414, 192: 652, 193: 30, 194: 268, 195: 142, 196: 380, 197: 764, 198: 526, 199: 86, 200: 324}
Number of lables used:  18
Time taken: 0.27 seconds
--------------------------------------------------

Trying with at most 17 labels...
Solution:
{1: 652, 2: 414, 3: 142, 4: 380, 5: 414, 6: 652, 7: 16, 8: 254, 9: 128, 10: 366, 11: 736, 12: 498, 13: 16, 14: 254, 15: 58, 16: 296, 17: 142, 18: 380, 19: 736, 20: 498, 21: 268, 22: 30, 23: 296, 24: 58, 25: 268, 26: 30, 27: 30, 28: 268, 29: 498, 30: 736, 31: 652, 32: 414, 33: 414, 34: 652, 35: 498, 36: 736, 37: 86, 38: 324, 39: 652, 40: 414, 41: 652, 42: 414, 43: 366, 44: 128, 45: 498, 46: 736, 47: 736, 48: 498, 49: 414, 50: 652, 51: 142, 52: 380, 53: 736, 54: 498, 55: 652, 56: 414, 57: 652, 58: 414, 59: 86, 60: 324, 61: 30, 62: 268, 63: 736, 64: 498, 65: 16, 66: 254, 67: 736, 68: 498, 69: 296, 70: 58, 71: 652, 72: 414, 73: 30, 74: 268, 75: 652, 76: 414, 77: 254, 78: 16, 79: 254, 80: 16, 81: 142, 82: 380, 83: 86, 84: 324, 85: 142, 86: 380, 87: 324, 88: 86, 89: 86, 90: 324, 91: 128, 92: 366, 93: 736, 94: 498, 95: 324, 96: 86, 97: 86, 98: 324, 99: 652, 100: 414, 101: 296, 102: 58, 103: 324, 104: 86, 105: 366, 106: 128, 107: 736, 108: 498, 109: 324, 110: 86, 111: 128, 112: 366, 113: 324, 114: 86, 115: 736, 116: 498, 117: 380, 118: 142, 119: 498, 120: 736, 121: 128, 122: 366, 123: 86, 124: 324, 125: 142, 126: 380, 127: 58, 128: 296, 129: 380, 130: 142, 131: 268, 132: 30, 133: 414, 134: 652, 135: 128, 136: 366, 137: 128, 138: 366, 139: 380, 140: 142, 141: 498, 142: 736, 143: 30, 144: 268, 145: 58, 146: 296, 147: 58, 148: 296, 149: 736, 150: 498, 151: 86, 152: 324, 153: 296, 154: 58, 155: 30, 156: 268, 157: 380, 158: 142, 159: 30, 160: 268, 161: 652, 162: 414, 163: 254, 164: 16, 165: 16, 166: 254, 167: 30, 168: 268, 169: 16, 170: 254, 171: 58, 172: 296, 173: 254, 174: 16, 175: 736, 176: 498, 177: 366, 178: 128, 179: 58, 180: 296, 181: 498, 182: 736, 183: 268, 184: 30, 185: 324, 186: 86, 187: 142, 188: 380, 189: 414, 190: 652, 191: 414, 192: 652, 193: 30, 194: 268, 195: 142, 196: 380, 197: 736, 198: 498, 199: 128, 200: 366}
Number of lables used:  16
Time taken: 0.27 seconds
--------------------------------------------------

Trying with at most 15 labels...
Solution:
{1: 792, 2: 554, 3: 44, 4: 282, 5: 792, 6: 554, 7: 792, 8: 554, 9: 16, 10: 254, 11: 484, 12: 722, 13: 142, 14: 380, 15: 142, 16: 380, 17: 792, 18: 554, 19: 114, 20: 352, 21: 722, 22: 484, 23: 792, 24: 554, 25: 16, 26: 254, 27: 792, 28: 554, 29: 722, 30: 484, 31: 114, 32: 352, 33: 142, 34: 380, 35: 380, 36: 142, 37: 44, 38: 282, 39: 114, 40: 352, 41: 142, 42: 380, 43: 352, 44: 114, 45: 554, 46: 792, 47: 722, 48: 484, 49: 254, 50: 16, 51: 16, 52: 254, 53: 380, 54: 142, 55: 114, 56: 352, 57: 554, 58: 792, 59: 722, 60: 484, 61: 114, 62: 352, 63: 114, 64: 352, 65: 16, 66: 254, 67: 722, 68: 484, 69: 254, 70: 16, 71: 282, 72: 44, 73: 380, 74: 142, 75: 72, 76: 310, 77: 310, 78: 72, 79: 792, 80: 554, 81: 310, 82: 72, 83: 72, 84: 310, 85: 282, 86: 44, 87: 792, 88: 554, 89: 722, 90: 484, 91: 72, 92: 310, 93: 722, 94: 484, 95: 484, 96: 722, 97: 72, 98: 310, 99: 352, 100: 114, 101: 484, 102: 722, 103: 352, 104: 114, 105: 44, 106: 282, 107: 72, 108: 310, 109: 352, 110: 114, 111: 484, 112: 722, 113: 352, 114: 114, 115: 44, 116: 282, 117: 310, 118: 72, 119: 792, 120: 554, 121: 44, 122: 282, 123: 380, 124: 142, 125: 142, 126: 380, 127: 44, 128: 282, 129: 380, 130: 142, 131: 142, 132: 380, 133: 16, 134: 254, 135: 72, 136: 310, 137: 722, 138: 484, 139: 380, 140: 142, 141: 722, 142: 484, 143: 72, 144: 310, 145: 792, 146: 554, 147: 554, 148: 792, 149: 554, 150: 792, 151: 722, 152: 484, 153: 72, 154: 310, 155: 554, 156: 792, 157: 722, 158: 484, 159: 44, 160: 282, 161: 352, 162: 114, 163: 254, 164: 16, 165: 792, 166: 554, 167: 792, 168: 554, 169: 142, 170: 380, 171: 380, 172: 142, 173: 16, 174: 254, 175: 44, 176: 282, 177: 722, 178: 484, 179: 380, 180: 142, 181: 352, 182: 114, 183: 554, 184: 792, 185: 380, 186: 142, 187: 44, 188: 282, 189: 142, 190: 380, 191: 114, 192: 352, 193: 142, 194: 380, 195: 114, 196: 352, 197: 44, 198: 282, 199: 484, 200: 722}
Number of lables used:  14
Time taken: 0.28 seconds
--------------------------------------------------

Trying with at most 13 labels...
Solution:
{1: 792, 2: 554, 3: 16, 4: 254, 5: 792, 6: 554, 7: 254, 8: 16, 9: 16, 10: 254, 11: 484, 12: 722, 13: 142, 14: 380, 15: 16, 16: 254, 17: 792, 18: 554, 19: 114, 20: 352, 21: 352, 22: 114, 23: 792, 24: 554, 25: 380, 26: 142, 27: 352, 28: 114, 29: 722, 30: 484, 31: 114, 32: 352, 33: 142, 34: 380, 35: 282, 36: 44, 37: 44, 38: 282, 39: 114, 40: 352, 41: 142, 42: 380, 43: 352, 44: 114, 45: 554, 46: 792, 47: 722, 48: 484, 49: 254, 50: 16, 51: 16, 52: 254, 53: 254, 54: 16, 55: 114, 56: 352, 57: 554, 58: 792, 59: 722, 60: 484, 61: 114, 62: 352, 63: 114, 64: 352, 65: 16, 66: 254, 67: 792, 68: 554, 69: 254, 70: 16, 71: 282, 72: 44, 73: 380, 74: 142, 75: 44, 76: 282, 77: 352, 78: 114, 79: 142, 80: 380, 81: 722, 82: 484, 83: 44, 84: 282, 85: 282, 86: 44, 87: 792, 88: 554, 89: 722, 90: 484, 91: 44, 92: 282, 93: 722, 94: 484, 95: 484, 96: 722, 97: 44, 98: 282, 99: 352, 100: 114, 101: 484, 102: 722, 103: 282, 104: 44, 105: 114, 106: 352, 107: 44, 108: 282, 109: 352, 110: 114, 111: 254, 112: 16, 113: 254, 114: 16, 115: 380, 116: 142, 117: 554, 118: 792, 119: 792, 120: 554, 121: 44, 122: 282, 123: 792, 124: 554, 125: 142, 126: 380, 127: 16, 128: 254, 129: 380, 130: 142, 131: 142, 132: 380, 133: 16, 134: 254, 135: 722, 136: 484, 137: 722, 138: 484, 139: 380, 140: 142, 141: 722, 142: 484, 143: 114, 144: 352, 145: 792, 146: 554, 147: 554, 148: 792, 149: 554, 150: 792, 151: 722, 152: 484, 153: 282, 154: 44, 155: 554, 156: 792, 157: 722, 158: 484, 159: 44, 160: 282, 161: 380, 162: 142, 163: 254, 164: 16, 165: 792, 166: 554, 167: 792, 168: 554, 169: 142, 170: 380, 171: 380, 172: 142, 173: 16, 174: 254, 175: 484, 176: 722, 177: 722, 178: 484, 179: 380, 180: 142, 181: 352, 182: 114, 183: 554, 184: 792, 185: 380, 186: 142, 187: 44, 188: 282, 189: 142, 190: 380, 191: 114, 192: 352, 193: 142, 194: 380, 195: 380, 196: 142, 197: 44, 198: 282, 199: 484, 200: 722}
Number of lables used:  12
Time taken: 0.29 seconds
--------------------------------------------------

Trying with at most 11 labels...
Cannot find solution.
No more solutions found.
Optimal number of labels used:  12
Time taken: 3.23 seconds
[runlim] end:			Fri Jan 23 14:47:28 2026
[runlim] status:		ok
[runlim] result:		0
[runlim] children:		0
[runlim] real:			4.09 seconds
[runlim] time:			3.19 seconds
[runlim] space:			66.5 MB
[runlim] samples:		32
