[runlim] version:		1.10
[runlim] time limit:		311040000 seconds
[runlim] real time limit:	900 seconds
[runlim] space limit:		8000 MB
[runlim] argv[0]:		python3
[runlim] argv[1]:		-u
[runlim] argv[2]:		main.py
[runlim] argv[3]:		graph03
[runlim] argv[4]:		tot
[runlim] argv[5]:		incremental
[runlim] start:			Mon Jan 12 09:20:45 2026
[runlim] main pid:		203152
Solve first problem:
Solution:
{1: 456, 2: 694, 3: 554, 4: 792, 5: 498, 6: 736, 7: 484, 8: 722, 9: 540, 10: 778, 11: 540, 12: 778, 13: 254, 14: 16, 15: 254, 16: 16, 17: 526, 18: 764, 19: 414, 20: 652, 21: 414, 22: 652, 23: 310, 24: 72, 25: 498, 26: 736, 27: 296, 28: 58, 29: 512, 30: 750, 31: 254, 32: 16, 33: 310, 34: 72, 35: 554, 36: 792, 37: 414, 38: 652, 39: 16, 40: 254, 41: 338, 42: 100, 43: 470, 44: 708, 45: 310, 46: 72, 47: 498, 48: 736, 49: 778, 50: 540, 51: 540, 52: 778, 53: 540, 54: 778, 55: 764, 56: 526, 57: 484, 58: 722, 59: 296, 60: 58, 61: 282, 62: 44, 63: 428, 64: 666, 65: 456, 66: 694, 67: 498, 68: 736, 69: 428, 70: 666, 71: 526, 72: 764, 73: 310, 74: 72, 75: 352, 76: 114, 77: 442, 78: 680, 79: 414, 80: 652, 81: 484, 82: 722, 83: 442, 84: 680, 85: 414, 86: 652, 87: 394, 88: 156, 89: 470, 90: 708, 91: 428, 92: 666, 93: 428, 94: 666, 95: 142, 96: 380, 97: 324, 98: 86, 99: 44, 100: 282, 101: 792, 102: 554, 103: 268, 104: 30, 105: 428, 106: 666, 107: 310, 108: 72, 109: 268, 110: 30, 111: 394, 112: 156, 113: 394, 114: 156, 115: 58, 116: 296, 117: 540, 118: 778, 119: 442, 120: 680, 121: 254, 122: 16, 123: 394, 124: 156, 125: 526, 126: 764, 127: 324, 128: 86, 129: 498, 130: 736, 131: 268, 132: 30, 133: 470, 134: 708, 135: 540, 136: 778, 137: 296, 138: 58, 139: 680, 140: 442, 141: 498, 142: 736, 143: 352, 144: 114, 145: 30, 146: 268, 147: 338, 148: 100, 149: 512, 150: 750, 151: 268, 152: 30, 153: 254, 154: 16, 155: 324, 156: 86, 157: 352, 158: 114, 159: 352, 160: 114, 161: 456, 162: 694, 163: 296, 164: 58, 165: 324, 166: 86, 167: 352, 168: 114, 169: 512, 170: 750, 171: 282, 172: 44, 173: 428, 174: 666, 175: 268, 176: 30, 177: 428, 178: 666, 179: 456, 180: 694, 181: 296, 182: 58, 183: 498, 184: 736, 185: 268, 186: 30, 187: 254, 188: 16, 189: 338, 190: 100, 191: 414, 192: 652, 193: 456, 194: 694, 195: 268, 196: 30, 197: 470, 198: 708, 199: 268, 200: 30}
Correct solution!
Number of lables used:  42
Time taken: 0.15 seconds
Memory used: 30.22 MB
--------------------------------------------------

Trying with at most 41 labels...
Solution:
{1: 456, 2: 694, 3: 554, 4: 792, 5: 498, 6: 736, 7: 484, 8: 722, 9: 540, 10: 778, 11: 554, 12: 792, 13: 254, 14: 16, 15: 254, 16: 16, 17: 526, 18: 764, 19: 414, 20: 652, 21: 414, 22: 652, 23: 310, 24: 72, 25: 498, 26: 736, 27: 296, 28: 58, 29: 526, 30: 764, 31: 254, 32: 16, 33: 310, 34: 72, 35: 554, 36: 792, 37: 414, 38: 652, 39: 16, 40: 254, 41: 338, 42: 100, 43: 470, 44: 708, 45: 310, 46: 72, 47: 498, 48: 736, 49: 778, 50: 540, 51: 540, 52: 778, 53: 540, 54: 778, 55: 764, 56: 526, 57: 484, 58: 722, 59: 296, 60: 58, 61: 282, 62: 44, 63: 428, 64: 666, 65: 456, 66: 694, 67: 498, 68: 736, 69: 428, 70: 666, 71: 540, 72: 778, 73: 310, 74: 72, 75: 352, 76: 114, 77: 442, 78: 680, 79: 380, 80: 142, 81: 484, 82: 722, 83: 442, 84: 680, 85: 414, 86: 652, 87: 394, 88: 156, 89: 470, 90: 708, 91: 428, 92: 666, 93: 428, 94: 666, 95: 142, 96: 380, 97: 324, 98: 86, 99: 44, 100: 282, 101: 792, 102: 554, 103: 268, 104: 30, 105: 428, 106: 666, 107: 310, 108: 72, 109: 268, 110: 30, 111: 414, 112: 652, 113: 394, 114: 156, 115: 58, 116: 296, 117: 540, 118: 778, 119: 442, 120: 680, 121: 254, 122: 16, 123: 394, 124: 156, 125: 540, 126: 778, 127: 324, 128: 86, 129: 498, 130: 736, 131: 268, 132: 30, 133: 470, 134: 708, 135: 540, 136: 778, 137: 296, 138: 58, 139: 680, 140: 442, 141: 498, 142: 736, 143: 442, 144: 680, 145: 30, 146: 268, 147: 338, 148: 100, 149: 526, 150: 764, 151: 268, 152: 30, 153: 254, 154: 16, 155: 324, 156: 86, 157: 352, 158: 114, 159: 352, 160: 114, 161: 456, 162: 694, 163: 296, 164: 58, 165: 324, 166: 86, 167: 352, 168: 114, 169: 526, 170: 764, 171: 282, 172: 44, 173: 442, 174: 680, 175: 268, 176: 30, 177: 428, 178: 666, 179: 456, 180: 694, 181: 296, 182: 58, 183: 498, 184: 736, 185: 268, 186: 30, 187: 254, 188: 16, 189: 338, 190: 100, 191: 414, 192: 652, 193: 456, 194: 694, 195: 268, 196: 30, 197: 470, 198: 708, 199: 268, 200: 30}
Correct solution!
Number of lables used:  40
Time taken: 0.15 seconds
Memory used: 30.72 MB
--------------------------------------------------

Trying with at most 39 labels...
Solution:
{1: 456, 2: 694, 3: 554, 4: 792, 5: 498, 6: 736, 7: 540, 8: 778, 9: 268, 10: 30, 11: 540, 12: 778, 13: 456, 14: 694, 15: 296, 16: 58, 17: 296, 18: 58, 19: 414, 20: 652, 21: 414, 22: 652, 23: 324, 24: 86, 25: 310, 26: 72, 27: 498, 28: 736, 29: 296, 30: 58, 31: 268, 32: 30, 33: 366, 34: 128, 35: 268, 36: 30, 37: 310, 38: 72, 39: 792, 40: 554, 41: 394, 42: 156, 43: 526, 44: 764, 45: 324, 46: 86, 47: 324, 48: 86, 49: 778, 50: 540, 51: 540, 52: 778, 53: 268, 54: 30, 55: 764, 56: 526, 57: 484, 58: 722, 59: 296, 60: 58, 61: 484, 62: 722, 63: 428, 64: 666, 65: 484, 66: 722, 67: 498, 68: 736, 69: 428, 70: 666, 71: 540, 72: 778, 73: 268, 74: 30, 75: 324, 76: 86, 77: 366, 78: 128, 79: 394, 80: 156, 81: 484, 82: 722, 83: 442, 84: 680, 85: 442, 86: 680, 87: 394, 88: 156, 89: 338, 90: 100, 91: 484, 92: 722, 93: 456, 94: 694, 95: 170, 96: 408, 97: 428, 98: 666, 99: 72, 100: 310, 101: 792, 102: 554, 103: 540, 104: 778, 105: 484, 106: 722, 107: 540, 108: 778, 109: 268, 110: 30, 111: 414, 112: 652, 113: 394, 114: 156, 115: 86, 116: 324, 117: 268, 118: 30, 119: 366, 120: 128, 121: 268, 122: 30, 123: 456, 124: 694, 125: 540, 126: 778, 127: 338, 128: 100, 129: 554, 130: 792, 131: 268, 132: 30, 133: 498, 134: 736, 135: 540, 136: 778, 137: 296, 138: 58, 139: 722, 140: 484, 141: 498, 142: 736, 143: 442, 144: 680, 145: 58, 146: 296, 147: 310, 148: 72, 149: 268, 150: 30, 151: 366, 152: 128, 153: 394, 154: 156, 155: 324, 156: 86, 157: 414, 158: 652, 159: 456, 160: 694, 161: 366, 162: 128, 163: 296, 164: 58, 165: 324, 166: 86, 167: 366, 168: 128, 169: 526, 170: 764, 171: 268, 172: 30, 173: 442, 174: 680, 175: 296, 176: 58, 177: 428, 178: 666, 179: 456, 180: 694, 181: 268, 182: 30, 183: 498, 184: 736, 185: 296, 186: 58, 187: 526, 188: 764, 189: 428, 190: 666, 191: 394, 192: 156, 193: 456, 194: 694, 195: 366, 196: 128, 197: 526, 198: 764, 199: 268, 200: 30}
Correct solution!
Number of lables used:  34
Time taken: 0.16 seconds
Memory used: 30.84 MB
--------------------------------------------------

Trying with at most 33 labels...
Solution:
{1: 428, 2: 666, 3: 268, 4: 30, 5: 470, 6: 708, 7: 554, 8: 792, 9: 554, 10: 792, 11: 554, 12: 792, 13: 470, 14: 708, 15: 310, 16: 72, 17: 296, 18: 58, 19: 268, 20: 30, 21: 498, 22: 736, 23: 296, 24: 58, 25: 282, 26: 44, 27: 282, 28: 44, 29: 268, 30: 30, 31: 282, 32: 44, 33: 456, 34: 694, 35: 268, 36: 30, 37: 310, 38: 72, 39: 792, 40: 554, 41: 428, 42: 666, 43: 526, 44: 764, 45: 526, 46: 764, 47: 324, 48: 86, 49: 778, 50: 540, 51: 282, 52: 44, 53: 554, 54: 792, 55: 764, 56: 526, 57: 310, 58: 72, 59: 296, 60: 58, 61: 498, 62: 736, 63: 484, 64: 722, 65: 470, 66: 708, 67: 498, 68: 736, 69: 498, 70: 736, 71: 554, 72: 792, 73: 282, 74: 44, 75: 380, 76: 142, 77: 380, 78: 142, 79: 428, 80: 666, 81: 324, 82: 86, 83: 498, 84: 736, 85: 428, 86: 666, 87: 498, 88: 736, 89: 484, 90: 722, 91: 428, 92: 666, 93: 352, 94: 114, 95: 142, 96: 380, 97: 380, 98: 142, 99: 44, 100: 282, 101: 792, 102: 554, 103: 296, 104: 58, 105: 498, 106: 736, 107: 540, 108: 778, 109: 296, 110: 58, 111: 428, 112: 666, 113: 380, 114: 142, 115: 58, 116: 296, 117: 268, 118: 30, 119: 456, 120: 694, 121: 268, 122: 30, 123: 456, 124: 694, 125: 554, 126: 792, 127: 484, 128: 722, 129: 554, 130: 792, 131: 268, 132: 30, 133: 352, 134: 114, 135: 540, 136: 778, 137: 526, 138: 764, 139: 722, 140: 484, 141: 310, 142: 72, 143: 380, 144: 142, 145: 778, 146: 540, 147: 366, 148: 128, 149: 268, 150: 30, 151: 366, 152: 128, 153: 366, 154: 128, 155: 324, 156: 86, 157: 428, 158: 666, 159: 470, 160: 708, 161: 380, 162: 142, 163: 324, 164: 86, 165: 310, 166: 72, 167: 366, 168: 128, 169: 540, 170: 778, 171: 268, 172: 30, 173: 456, 174: 694, 175: 296, 176: 58, 177: 526, 178: 764, 179: 554, 180: 792, 181: 526, 182: 764, 183: 324, 184: 86, 185: 310, 186: 72, 187: 470, 188: 708, 189: 352, 190: 114, 191: 428, 192: 666, 193: 540, 194: 778, 195: 366, 196: 128, 197: 540, 198: 778, 199: 296, 200: 58}
Correct solution!
Number of lables used:  32
Time taken: 0.18 seconds
Memory used: 30.84 MB
--------------------------------------------------

Trying with at most 31 labels...
Solution:
{1: 470, 2: 708, 3: 268, 4: 30, 5: 268, 6: 30, 7: 268, 8: 30, 9: 554, 10: 792, 11: 554, 12: 792, 13: 470, 14: 708, 15: 324, 16: 86, 17: 296, 18: 58, 19: 428, 20: 666, 21: 498, 22: 736, 23: 296, 24: 58, 25: 540, 26: 778, 27: 282, 28: 44, 29: 268, 30: 30, 31: 282, 32: 44, 33: 456, 34: 694, 35: 268, 36: 30, 37: 456, 38: 694, 39: 792, 40: 554, 41: 428, 42: 666, 43: 366, 44: 128, 45: 526, 46: 764, 47: 324, 48: 86, 49: 778, 50: 540, 51: 282, 52: 44, 53: 268, 54: 30, 55: 764, 56: 526, 57: 310, 58: 72, 59: 296, 60: 58, 61: 324, 62: 86, 63: 484, 64: 722, 65: 498, 66: 736, 67: 484, 68: 722, 69: 526, 70: 764, 71: 554, 72: 792, 73: 296, 74: 58, 75: 380, 76: 142, 77: 540, 78: 778, 79: 366, 80: 128, 81: 324, 82: 86, 83: 498, 84: 736, 85: 428, 86: 666, 87: 366, 88: 128, 89: 484, 90: 722, 91: 428, 92: 666, 93: 380, 94: 142, 95: 142, 96: 380, 97: 380, 98: 142, 99: 44, 100: 282, 101: 792, 102: 554, 103: 296, 104: 58, 105: 498, 106: 736, 107: 540, 108: 778, 109: 526, 110: 764, 111: 428, 112: 666, 113: 380, 114: 142, 115: 58, 116: 296, 117: 268, 118: 30, 119: 484, 120: 722, 121: 498, 122: 736, 123: 456, 124: 694, 125: 554, 126: 792, 127: 484, 128: 722, 129: 554, 130: 792, 131: 268, 132: 30, 133: 366, 134: 128, 135: 526, 136: 764, 137: 526, 138: 764, 139: 722, 140: 484, 141: 310, 142: 72, 143: 324, 144: 86, 145: 778, 146: 540, 147: 484, 148: 722, 149: 282, 150: 44, 151: 366, 152: 128, 153: 456, 154: 694, 155: 324, 156: 86, 157: 428, 158: 666, 159: 456, 160: 694, 161: 380, 162: 142, 163: 268, 164: 30, 165: 310, 166: 72, 167: 296, 168: 58, 169: 540, 170: 778, 171: 268, 172: 30, 173: 366, 174: 128, 175: 310, 176: 72, 177: 428, 178: 666, 179: 310, 180: 72, 181: 526, 182: 764, 183: 324, 184: 86, 185: 310, 186: 72, 187: 470, 188: 708, 189: 282, 190: 44, 191: 428, 192: 666, 193: 540, 194: 778, 195: 366, 196: 128, 197: 540, 198: 778, 199: 380, 200: 142}
Correct solution!
Number of lables used:  30
Time taken: 0.19 seconds
Memory used: 30.97 MB
--------------------------------------------------

Trying with at most 29 labels...
Solution:
{1: 456, 2: 694, 3: 268, 4: 30, 5: 268, 6: 30, 7: 268, 8: 30, 9: 268, 10: 30, 11: 554, 12: 792, 13: 352, 14: 114, 15: 296, 16: 58, 17: 296, 18: 58, 19: 352, 20: 114, 21: 792, 22: 554, 23: 324, 24: 86, 25: 310, 26: 72, 27: 310, 28: 72, 29: 296, 30: 58, 31: 282, 32: 44, 33: 456, 34: 694, 35: 268, 36: 30, 37: 338, 38: 100, 39: 792, 40: 554, 41: 428, 42: 666, 43: 324, 44: 86, 45: 352, 46: 114, 47: 324, 48: 86, 49: 778, 50: 540, 51: 282, 52: 44, 53: 554, 54: 792, 55: 764, 56: 526, 57: 324, 58: 86, 59: 296, 60: 58, 61: 324, 62: 86, 63: 792, 64: 554, 65: 352, 66: 114, 67: 310, 68: 72, 69: 380, 70: 142, 71: 268, 72: 30, 73: 268, 74: 30, 75: 324, 76: 86, 77: 456, 78: 694, 79: 428, 80: 666, 81: 324, 82: 86, 83: 778, 84: 540, 85: 428, 86: 666, 87: 428, 88: 666, 89: 338, 90: 100, 91: 428, 92: 666, 93: 380, 94: 142, 95: 142, 96: 380, 97: 380, 98: 142, 99: 764, 100: 526, 101: 792, 102: 554, 103: 554, 104: 792, 105: 540, 106: 778, 107: 540, 108: 778, 109: 554, 110: 792, 111: 428, 112: 666, 113: 792, 114: 554, 115: 30, 116: 268, 117: 268, 118: 30, 119: 456, 120: 694, 121: 296, 122: 58, 123: 456, 124: 694, 125: 268, 126: 30, 127: 484, 128: 722, 129: 554, 130: 792, 131: 268, 132: 30, 133: 338, 134: 100, 135: 268, 136: 30, 137: 296, 138: 58, 139: 722, 140: 484, 141: 310, 142: 72, 143: 352, 144: 114, 145: 778, 146: 540, 147: 484, 148: 722, 149: 282, 150: 44, 151: 456, 152: 694, 153: 428, 154: 666, 155: 324, 156: 86, 157: 428, 158: 666, 159: 352, 160: 114, 161: 338, 162: 100, 163: 296, 164: 58, 165: 324, 166: 86, 167: 428, 168: 666, 169: 540, 170: 778, 171: 282, 172: 44, 173: 456, 174: 694, 175: 310, 176: 72, 177: 456, 178: 694, 179: 338, 180: 100, 181: 526, 182: 764, 183: 324, 184: 86, 185: 268, 186: 30, 187: 352, 188: 114, 189: 380, 190: 142, 191: 428, 192: 666, 193: 352, 194: 114, 195: 456, 196: 694, 197: 282, 198: 44, 199: 380, 200: 142}
Correct solution!
Number of lables used:  28
Time taken: 0.27 seconds
Memory used: 31.22 MB
--------------------------------------------------

Trying with at most 27 labels...
Solution:
{1: 44, 2: 282, 3: 268, 4: 30, 5: 86, 6: 324, 7: 268, 8: 30, 9: 268, 10: 30, 11: 268, 12: 30, 13: 512, 14: 750, 15: 296, 16: 58, 17: 296, 18: 58, 19: 722, 20: 484, 21: 470, 22: 708, 23: 324, 24: 86, 25: 554, 26: 792, 27: 554, 28: 792, 29: 296, 30: 58, 31: 282, 32: 44, 33: 366, 34: 128, 35: 268, 36: 30, 37: 526, 38: 764, 39: 792, 40: 554, 41: 470, 42: 708, 43: 540, 44: 778, 45: 512, 46: 750, 47: 324, 48: 86, 49: 778, 50: 540, 51: 282, 52: 44, 53: 268, 54: 30, 55: 764, 56: 526, 57: 540, 58: 778, 59: 296, 60: 58, 61: 324, 62: 86, 63: 470, 64: 708, 65: 512, 66: 750, 67: 554, 68: 792, 69: 484, 70: 722, 71: 268, 72: 30, 73: 268, 74: 30, 75: 512, 76: 750, 77: 366, 78: 128, 79: 470, 80: 708, 81: 324, 82: 86, 83: 484, 84: 722, 85: 470, 86: 708, 87: 470, 88: 708, 89: 526, 90: 764, 91: 470, 92: 708, 93: 484, 94: 722, 95: 170, 96: 408, 97: 484, 98: 722, 99: 764, 100: 526, 101: 792, 102: 554, 103: 268, 104: 30, 105: 540, 106: 778, 107: 554, 108: 792, 109: 268, 110: 30, 111: 470, 112: 708, 113: 792, 114: 554, 115: 750, 116: 512, 117: 268, 118: 30, 119: 366, 120: 128, 121: 296, 122: 58, 123: 470, 124: 708, 125: 268, 126: 30, 127: 526, 128: 764, 129: 366, 130: 128, 131: 268, 132: 30, 133: 526, 134: 764, 135: 268, 136: 30, 137: 296, 138: 58, 139: 722, 140: 484, 141: 554, 142: 792, 143: 512, 144: 750, 145: 44, 146: 282, 147: 526, 148: 764, 149: 282, 150: 44, 151: 366, 152: 128, 153: 470, 154: 708, 155: 324, 156: 86, 157: 470, 158: 708, 159: 750, 160: 512, 161: 526, 162: 764, 163: 296, 164: 58, 165: 324, 166: 86, 167: 470, 168: 708, 169: 282, 170: 44, 171: 282, 172: 44, 173: 366, 174: 128, 175: 554, 176: 792, 177: 366, 178: 128, 179: 526, 180: 764, 181: 296, 182: 58, 183: 540, 184: 778, 185: 268, 186: 30, 187: 512, 188: 750, 189: 484, 190: 722, 191: 470, 192: 708, 193: 512, 194: 750, 195: 366, 196: 128, 197: 282, 198: 44, 199: 750, 200: 512}
Correct solution!
Number of lables used:  24
Time taken: 0.32 seconds
Memory used: 31.47 MB
--------------------------------------------------

Trying with at most 23 labels...
Solution:
{1: 680, 2: 442, 3: 142, 4: 380, 5: 142, 6: 380, 7: 142, 8: 380, 9: 142, 10: 380, 11: 142, 12: 380, 13: 58, 14: 296, 15: 100, 16: 338, 17: 680, 18: 442, 19: 58, 20: 296, 21: 16, 22: 254, 23: 86, 24: 324, 25: 58, 26: 296, 27: 100, 28: 338, 29: 680, 30: 442, 31: 128, 32: 366, 33: 750, 34: 512, 35: 142, 36: 380, 37: 722, 38: 484, 39: 16, 40: 254, 41: 16, 42: 254, 43: 86, 44: 324, 45: 58, 46: 296, 47: 86, 48: 324, 49: 764, 50: 526, 51: 128, 52: 366, 53: 100, 54: 338, 55: 750, 56: 512, 57: 86, 58: 324, 59: 680, 60: 442, 61: 86, 62: 324, 63: 764, 64: 526, 65: 16, 66: 254, 67: 100, 68: 338, 69: 764, 70: 526, 71: 142, 72: 380, 73: 128, 74: 366, 75: 58, 76: 296, 77: 750, 78: 512, 79: 16, 80: 254, 81: 86, 82: 324, 83: 750, 84: 512, 85: 778, 86: 540, 87: 778, 88: 540, 89: 722, 90: 484, 91: 778, 92: 540, 93: 764, 94: 526, 95: 142, 96: 380, 97: 764, 98: 526, 99: 764, 100: 526, 101: 16, 102: 254, 103: 142, 104: 380, 105: 86, 106: 324, 107: 100, 108: 338, 109: 142, 110: 380, 111: 16, 112: 254, 113: 778, 114: 540, 115: 58, 116: 296, 117: 142, 118: 380, 119: 750, 120: 512, 121: 680, 122: 442, 123: 16, 124: 254, 125: 142, 126: 380, 127: 722, 128: 484, 129: 680, 130: 442, 131: 142, 132: 380, 133: 722, 134: 484, 135: 142, 136: 380, 137: 680, 138: 442, 139: 86, 140: 324, 141: 680, 142: 442, 143: 58, 144: 296, 145: 778, 146: 540, 147: 722, 148: 484, 149: 128, 150: 366, 151: 750, 152: 512, 153: 778, 154: 540, 155: 86, 156: 324, 157: 16, 158: 254, 159: 58, 160: 296, 161: 722, 162: 484, 163: 680, 164: 442, 165: 86, 166: 324, 167: 778, 168: 540, 169: 128, 170: 366, 171: 128, 172: 366, 173: 750, 174: 512, 175: 100, 176: 338, 177: 750, 178: 512, 179: 722, 180: 484, 181: 680, 182: 442, 183: 86, 184: 324, 185: 142, 186: 380, 187: 58, 188: 296, 189: 764, 190: 526, 191: 16, 192: 254, 193: 722, 194: 484, 195: 750, 196: 512, 197: 128, 198: 366, 199: 750, 200: 512}
Correct solution!
Number of lables used:  22
Time taken: 0.60 seconds
Memory used: 32.22 MB
--------------------------------------------------

Trying with at most 21 labels...
Solution:
{1: 100, 2: 338, 3: 142, 4: 380, 5: 142, 6: 380, 7: 142, 8: 380, 9: 142, 10: 380, 11: 142, 12: 380, 13: 736, 14: 498, 15: 114, 16: 352, 17: 114, 18: 352, 19: 750, 20: 512, 21: 16, 22: 254, 23: 86, 24: 324, 25: 100, 26: 338, 27: 100, 28: 338, 29: 114, 30: 352, 31: 128, 32: 366, 33: 736, 34: 498, 35: 142, 36: 380, 37: 72, 38: 310, 39: 16, 40: 254, 41: 16, 42: 254, 43: 86, 44: 324, 45: 736, 46: 498, 47: 86, 48: 324, 49: 30, 50: 268, 51: 128, 52: 366, 53: 142, 54: 380, 55: 736, 56: 498, 57: 86, 58: 324, 59: 114, 60: 352, 61: 86, 62: 324, 63: 16, 64: 254, 65: 736, 66: 498, 67: 100, 68: 338, 69: 30, 70: 268, 71: 142, 72: 380, 73: 142, 74: 380, 75: 736, 76: 498, 77: 750, 78: 512, 79: 16, 80: 254, 81: 86, 82: 324, 83: 30, 84: 268, 85: 16, 86: 254, 87: 16, 88: 254, 89: 72, 90: 310, 91: 16, 92: 254, 93: 30, 94: 268, 95: 142, 96: 380, 97: 750, 98: 512, 99: 750, 100: 512, 101: 16, 102: 254, 103: 142, 104: 380, 105: 86, 106: 324, 107: 100, 108: 338, 109: 142, 110: 380, 111: 16, 112: 254, 113: 16, 114: 254, 115: 736, 116: 498, 117: 142, 118: 380, 119: 750, 120: 512, 121: 114, 122: 352, 123: 736, 124: 498, 125: 142, 126: 380, 127: 72, 128: 310, 129: 114, 130: 352, 131: 142, 132: 380, 133: 72, 134: 310, 135: 142, 136: 380, 137: 114, 138: 352, 139: 86, 140: 324, 141: 100, 142: 338, 143: 736, 144: 498, 145: 30, 146: 268, 147: 72, 148: 310, 149: 128, 150: 366, 151: 750, 152: 512, 153: 16, 154: 254, 155: 86, 156: 324, 157: 16, 158: 254, 159: 750, 160: 512, 161: 72, 162: 310, 163: 114, 164: 352, 165: 86, 166: 324, 167: 16, 168: 254, 169: 128, 170: 366, 171: 128, 172: 366, 173: 736, 174: 498, 175: 100, 176: 338, 177: 750, 178: 512, 179: 72, 180: 310, 181: 114, 182: 352, 183: 86, 184: 324, 185: 142, 186: 380, 187: 736, 188: 498, 189: 30, 190: 268, 191: 16, 192: 254, 193: 736, 194: 498, 195: 750, 196: 512, 197: 128, 198: 366, 199: 30, 200: 268}
Correct solution!
Number of lables used:  20
Time taken: 0.76 seconds
Memory used: 31.67 MB
--------------------------------------------------

Trying with at most 19 labels...
Cannot find solution.
No more solutions found.
Optimal number of labels used:  20
Time taken: 3.62 seconds
[runlim] end:			Mon Jan 12 09:20:49 2026
[runlim] status:		ok
[runlim] result:		0
[runlim] children:		0
[runlim] real:			4.16 seconds
[runlim] time:			3.59 seconds
[runlim] space:			41.7 MB
[runlim] samples:		36
