[runlim] version:		1.10
[runlim] time limit:		311040000 seconds
[runlim] real time limit:	900 seconds
[runlim] space limit:		8000 MB
[runlim] argv[0]:		python3
[runlim] argv[1]:		-u
[runlim] argv[2]:		main.py
[runlim] argv[3]:		graph08
[runlim] argv[4]:		tot
[runlim] argv[5]:		incremental
[runlim] start:			Mon Jan 12 09:20:59 2026
[runlim] main pid:		203287
Solve first problem:
Solution:
{1: 324, 2: 86, 3: 652, 4: 414, 5: 324, 6: 86, 7: 352, 8: 114, 9: 366, 10: 128, 11: 380, 12: 142, 13: 380, 14: 142, 15: 652, 16: 414, 17: 652, 18: 414, 19: 352, 20: 114, 21: 380, 22: 142, 23: 380, 24: 142, 25: 114, 26: 352, 27: 30, 28: 268, 29: 310, 30: 72, 31: 652, 32: 414, 33: 254, 34: 16, 35: 142, 36: 380, 37: 478, 38: 240, 39: 652, 40: 414, 41: 792, 42: 554, 43: 352, 44: 114, 45: 310, 46: 72, 47: 296, 48: 58, 49: 86, 50: 324, 51: 408, 52: 170, 53: 30, 54: 268, 55: 338, 56: 100, 57: 652, 58: 414, 59: 366, 60: 128, 61: 352, 62: 114, 63: 394, 64: 156, 65: 114, 66: 352, 67: 352, 68: 114, 69: 254, 70: 16, 71: 352, 72: 114, 73: 652, 74: 414, 75: 338, 76: 100, 77: 254, 78: 16, 79: 694, 80: 456, 81: 324, 82: 86, 83: 324, 84: 86, 85: 282, 86: 44, 87: 142, 88: 380, 89: 338, 90: 100, 91: 380, 92: 142, 93: 58, 94: 296, 95: 268, 96: 30, 97: 86, 98: 324, 99: 268, 100: 30, 101: 296, 102: 58, 103: 86, 104: 324, 105: 296, 106: 58, 107: 254, 108: 16, 109: 750, 110: 512, 111: 282, 112: 44, 113: 254, 114: 16, 115: 254, 116: 16, 117: 380, 118: 142, 119: 254, 120: 16, 121: 666, 122: 428, 123: 296, 124: 58, 125: 380, 126: 142, 127: 338, 128: 100, 129: 142, 130: 380, 131: 282, 132: 44, 133: 380, 134: 142, 135: 296, 136: 58, 137: 478, 138: 240, 139: 296, 140: 58, 141: 100, 142: 338, 143: 58, 144: 296, 145: 394, 146: 156, 147: 72, 148: 310, 149: 764, 150: 526, 151: 324, 152: 86, 153: 16, 154: 254, 155: 708, 156: 470, 157: 282, 158: 44, 159: 722, 160: 484, 161: 310, 162: 72, 163: 296, 164: 58, 165: 338, 166: 100, 167: 512, 168: 750, 169: 114, 170: 352, 171: 156, 172: 394, 173: 114, 174: 352, 175: 352, 176: 114, 177: 58, 178: 296, 179: 680, 180: 442, 181: 282, 182: 44, 183: 254, 184: 16, 185: 652, 186: 414, 187: 268, 188: 30, 189: 254, 190: 16, 191: 128, 192: 366, 193: 792, 194: 554, 195: 778, 196: 540, 197: 254, 198: 16, 199: 324, 200: 86, 201: 296, 202: 58, 203: 324, 204: 86, 205: 296, 206: 58, 207: 764, 208: 526, 209: 254, 210: 16, 211: 666, 212: 428, 213: 764, 214: 526, 215: 778, 216: 540, 217: 142, 218: 380, 219: 736, 220: 498, 221: 352, 222: 114, 223: 310, 224: 72, 225: 394, 226: 156, 227: 86, 228: 324, 229: 310, 230: 72, 231: 338, 232: 100, 233: 722, 234: 484, 235: 366, 236: 128, 237: 680, 238: 442, 239: 324, 240: 86, 241: 268, 242: 30, 243: 254, 244: 16, 245: 708, 246: 470, 247: 156, 248: 394, 249: 310, 250: 72, 251: 254, 252: 16, 253: 478, 254: 240, 255: 352, 256: 114, 257: 296, 258: 58, 259: 680, 260: 442, 261: 366, 262: 128, 263: 394, 264: 156, 265: 268, 266: 30, 267: 352, 268: 114, 269: 338, 270: 100, 271: 324, 272: 86, 273: 296, 274: 58, 275: 394, 276: 156, 277: 268, 278: 30, 279: 666, 280: 428, 281: 380, 282: 142, 283: 268, 284: 30, 285: 114, 286: 352, 287: 338, 288: 100, 289: 366, 290: 128, 291: 394, 292: 156, 293: 338, 294: 100, 295: 764, 296: 526, 297: 156, 298: 394, 299: 324, 300: 86, 301: 352, 302: 114, 303: 680, 304: 442, 305: 324, 306: 86, 307: 254, 308: 16, 309: 30, 310: 268, 311: 366, 312: 128, 313: 380, 314: 142, 315: 666, 316: 428, 317: 254, 318: 16, 319: 380, 320: 142, 321: 142, 322: 380, 323: 268, 324: 30, 325: 366, 326: 128, 327: 310, 328: 72, 329: 324, 330: 86, 331: 380, 332: 142, 333: 778, 334: 540, 335: 58, 336: 296, 337: 170, 338: 408, 339: 268, 340: 30, 341: 380, 342: 142, 343: 380, 344: 142, 345: 324, 346: 86, 347: 268, 348: 30, 349: 764, 350: 526, 351: 254, 352: 16, 353: 310, 354: 72, 355: 296, 356: 58, 357: 324, 358: 86, 359: 380, 360: 142, 361: 30, 362: 268, 363: 310, 364: 72, 365: 254, 366: 16, 367: 254, 368: 16, 369: 296, 370: 58, 371: 380, 372: 142, 373: 408, 374: 170, 375: 254, 376: 16, 377: 666, 378: 428, 379: 268, 380: 30, 381: 128, 382: 366, 383: 254, 384: 16, 385: 380, 386: 142, 387: 708, 388: 470, 389: 680, 390: 442, 391: 296, 392: 58, 393: 680, 394: 442, 395: 324, 396: 86, 397: 296, 398: 58, 399: 296, 400: 58, 401: 708, 402: 470, 403: 268, 404: 30, 405: 254, 406: 16, 407: 296, 408: 58, 409: 296, 410: 58, 411: 268, 412: 30, 413: 652, 414: 414, 415: 366, 416: 128, 417: 366, 418: 128, 419: 296, 420: 58, 421: 380, 422: 142, 423: 750, 424: 512, 425: 268, 426: 30, 427: 310, 428: 72, 429: 324, 430: 86, 431: 254, 432: 16, 433: 114, 434: 352, 435: 338, 436: 100, 437: 310, 438: 72, 439: 708, 440: 470, 441: 268, 442: 30, 443: 254, 444: 16, 445: 156, 446: 394, 447: 764, 448: 526, 449: 310, 450: 72, 451: 324, 452: 86, 453: 310, 454: 72, 455: 268, 456: 30, 457: 268, 458: 30, 459: 324, 460: 86, 461: 268, 462: 30, 463: 296, 464: 58, 465: 282, 466: 44, 467: 310, 468: 72, 469: 268, 470: 30, 471: 268, 472: 30, 473: 478, 474: 240, 475: 268, 476: 30, 477: 380, 478: 142, 479: 254, 480: 16, 481: 708, 482: 470, 483: 666, 484: 428, 485: 296, 486: 58, 487: 338, 488: 100, 489: 352, 490: 114, 491: 310, 492: 72, 493: 296, 494: 58, 495: 254, 496: 16, 497: 666, 498: 428, 499: 324, 500: 86, 501: 736, 502: 498, 503: 282, 504: 44, 505: 142, 506: 380, 507: 310, 508: 72, 509: 282, 510: 44, 511: 708, 512: 470, 513: 296, 514: 58, 515: 254, 516: 16, 517: 394, 518: 156, 519: 296, 520: 58, 521: 366, 522: 128, 523: 254, 524: 16, 525: 254, 526: 16, 527: 666, 528: 428, 529: 352, 530: 114, 531: 282, 532: 44, 533: 408, 534: 170, 535: 268, 536: 30, 537: 86, 538: 324, 539: 254, 540: 16, 541: 268, 542: 30, 543: 394, 544: 156, 545: 366, 546: 128, 547: 254, 548: 16, 549: 268, 550: 30, 551: 268, 552: 30, 553: 324, 554: 86, 555: 324, 556: 86, 557: 254, 558: 16, 559: 268, 560: 30, 561: 254, 562: 16, 563: 366, 564: 128, 565: 694, 566: 456, 567: 282, 568: 44, 569: 268, 570: 30, 571: 268, 572: 30, 573: 324, 574: 86, 575: 296, 576: 58, 577: 338, 578: 100, 579: 282, 580: 44, 581: 324, 582: 86, 583: 254, 584: 16, 585: 254, 586: 16, 587: 380, 588: 142, 589: 366, 590: 128, 591: 380, 592: 142, 593: 268, 594: 30, 595: 254, 596: 16, 597: 310, 598: 72, 599: 338, 600: 100, 601: 352, 602: 114, 603: 268, 604: 30, 605: 310, 606: 72, 607: 254, 608: 16, 609: 268, 610: 30, 611: 254, 612: 16, 613: 268, 614: 30, 615: 380, 616: 142, 617: 408, 618: 170, 619: 666, 620: 428, 621: 366, 622: 128, 623: 254, 624: 16, 625: 380, 626: 142, 627: 324, 628: 86, 629: 296, 630: 58, 631: 338, 632: 100, 633: 268, 634: 30, 635: 296, 636: 58, 637: 282, 638: 44, 639: 338, 640: 100, 641: 282, 642: 44, 643: 254, 644: 16, 645: 338, 646: 100, 647: 254, 648: 16, 649: 254, 650: 16, 651: 268, 652: 30, 653: 282, 654: 44, 655: 268, 656: 30, 657: 282, 658: 44, 659: 324, 660: 86, 661: 310, 662: 72, 663: 268, 664: 30, 665: 254, 666: 16, 667: 282, 668: 44, 669: 268, 670: 30, 671: 254, 672: 16, 673: 268, 674: 30, 675: 254, 676: 16, 677: 296, 678: 58, 679: 254, 680: 16}
Correct solution!
Number of lables used:  48
Time taken: 0.48 seconds
Memory used: 53.66 MB
--------------------------------------------------

Trying with at most 47 labels...
Solution:
{1: 310, 2: 72, 3: 750, 4: 512, 5: 428, 6: 666, 7: 310, 8: 72, 9: 72, 10: 310, 11: 408, 12: 170, 13: 170, 14: 408, 15: 484, 16: 722, 17: 428, 18: 666, 19: 792, 20: 554, 21: 778, 22: 540, 23: 254, 24: 16, 25: 100, 26: 338, 27: 338, 28: 100, 29: 428, 30: 666, 31: 736, 32: 498, 33: 100, 34: 338, 35: 722, 36: 484, 37: 240, 38: 478, 39: 736, 40: 498, 41: 736, 42: 498, 43: 428, 44: 666, 45: 254, 46: 16, 47: 736, 48: 498, 49: 100, 50: 338, 51: 408, 52: 170, 53: 310, 54: 72, 55: 72, 56: 310, 57: 722, 58: 484, 59: 338, 60: 100, 61: 16, 62: 254, 63: 666, 64: 428, 65: 736, 66: 498, 67: 254, 68: 16, 69: 254, 70: 16, 71: 338, 72: 100, 73: 540, 74: 778, 75: 484, 76: 722, 77: 254, 78: 16, 79: 554, 80: 792, 81: 310, 82: 72, 83: 16, 84: 254, 85: 338, 86: 100, 87: 512, 88: 750, 89: 310, 90: 72, 91: 310, 92: 72, 93: 540, 94: 778, 95: 310, 96: 72, 97: 554, 98: 792, 99: 310, 100: 72, 101: 666, 102: 428, 103: 428, 104: 666, 105: 338, 106: 100, 107: 254, 108: 16, 109: 72, 110: 310, 111: 666, 112: 428, 113: 254, 114: 16, 115: 792, 116: 554, 117: 170, 118: 408, 119: 310, 120: 72, 121: 778, 122: 540, 123: 338, 124: 100, 125: 338, 126: 100, 127: 666, 128: 428, 129: 170, 130: 408, 131: 254, 132: 16, 133: 792, 134: 554, 135: 666, 136: 428, 137: 240, 138: 478, 139: 100, 140: 338, 141: 254, 142: 16, 143: 736, 144: 498, 145: 792, 146: 554, 147: 428, 148: 666, 149: 498, 150: 736, 151: 72, 152: 310, 153: 16, 154: 254, 155: 428, 156: 666, 157: 254, 158: 16, 159: 554, 160: 792, 161: 540, 162: 778, 163: 310, 164: 72, 165: 72, 166: 310, 167: 722, 168: 484, 169: 750, 170: 512, 171: 72, 172: 310, 173: 428, 174: 666, 175: 100, 176: 338, 177: 778, 178: 540, 179: 554, 180: 792, 181: 338, 182: 100, 183: 666, 184: 428, 185: 736, 186: 498, 187: 100, 188: 338, 189: 254, 190: 16, 191: 484, 192: 722, 193: 554, 194: 792, 195: 750, 196: 512, 197: 254, 198: 16, 199: 72, 200: 310, 201: 554, 202: 792, 203: 666, 204: 428, 205: 736, 206: 498, 207: 512, 208: 750, 209: 310, 210: 72, 211: 512, 212: 750, 213: 736, 214: 498, 215: 72, 216: 310, 217: 722, 218: 484, 219: 554, 220: 792, 221: 666, 222: 428, 223: 310, 224: 72, 225: 100, 226: 338, 227: 722, 228: 484, 229: 100, 230: 338, 231: 666, 232: 428, 233: 722, 234: 484, 235: 16, 236: 254, 237: 750, 238: 512, 239: 736, 240: 498, 241: 338, 242: 100, 243: 736, 244: 498, 245: 778, 246: 540, 247: 484, 248: 722, 249: 666, 250: 428, 251: 254, 252: 16, 253: 408, 254: 170, 255: 428, 256: 666, 257: 72, 258: 310, 259: 736, 260: 498, 261: 750, 262: 512, 263: 722, 264: 484, 265: 666, 266: 428, 267: 310, 268: 72, 269: 498, 270: 736, 271: 100, 272: 338, 273: 428, 274: 666, 275: 338, 276: 100, 277: 666, 278: 428, 279: 310, 280: 72, 281: 736, 282: 498, 283: 722, 284: 484, 285: 666, 286: 428, 287: 540, 288: 778, 289: 666, 290: 428, 291: 338, 292: 100, 293: 72, 294: 310, 295: 792, 296: 554, 297: 100, 298: 338, 299: 310, 300: 72, 301: 554, 302: 792, 303: 666, 304: 428, 305: 338, 306: 100, 307: 310, 308: 72, 309: 484, 310: 722, 311: 72, 312: 310, 313: 478, 314: 240, 315: 778, 316: 540, 317: 254, 318: 16, 319: 170, 320: 408, 321: 498, 322: 736, 323: 722, 324: 484, 325: 722, 326: 484, 327: 736, 328: 498, 329: 338, 330: 100, 331: 408, 332: 170, 333: 540, 334: 778, 335: 100, 336: 338, 337: 408, 338: 170, 339: 338, 340: 100, 341: 16, 342: 254, 343: 240, 344: 478, 345: 428, 346: 666, 347: 72, 348: 310, 349: 792, 350: 554, 351: 254, 352: 16, 353: 722, 354: 484, 355: 310, 356: 72, 357: 338, 358: 100, 359: 408, 360: 170, 361: 100, 362: 338, 363: 666, 364: 428, 365: 254, 366: 16, 367: 338, 368: 100, 369: 310, 370: 72, 371: 408, 372: 170, 373: 408, 374: 170, 375: 254, 376: 16, 377: 778, 378: 540, 379: 750, 380: 512, 381: 722, 382: 484, 383: 254, 384: 16, 385: 722, 386: 484, 387: 722, 388: 484, 389: 554, 390: 792, 391: 666, 392: 428, 393: 100, 394: 338, 395: 254, 396: 16, 397: 310, 398: 72, 399: 484, 400: 722, 401: 254, 402: 16, 403: 338, 404: 100, 405: 254, 406: 16, 407: 310, 408: 72, 409: 310, 410: 72, 411: 338, 412: 100, 413: 666, 414: 428, 415: 484, 416: 722, 417: 666, 418: 428, 419: 310, 420: 72, 421: 408, 422: 170, 423: 484, 424: 722, 425: 750, 426: 512, 427: 254, 428: 16, 429: 666, 430: 428, 431: 254, 432: 16, 433: 778, 434: 540, 435: 722, 436: 484, 437: 310, 438: 72, 439: 736, 440: 498, 441: 666, 442: 428, 443: 254, 444: 16, 445: 72, 446: 310, 447: 498, 448: 736, 449: 338, 450: 100, 451: 722, 452: 484, 453: 792, 454: 554, 455: 666, 456: 428, 457: 666, 458: 428, 459: 722, 460: 484, 461: 428, 462: 666, 463: 100, 464: 338, 465: 310, 466: 72, 467: 310, 468: 72, 469: 310, 470: 72, 471: 666, 472: 428, 473: 478, 474: 240, 475: 310, 476: 72, 477: 408, 478: 170, 479: 254, 480: 16, 481: 792, 482: 554, 483: 778, 484: 540, 485: 554, 486: 792, 487: 778, 488: 540, 489: 666, 490: 428, 491: 338, 492: 100, 493: 338, 494: 100, 495: 254, 496: 16, 497: 736, 498: 498, 499: 666, 500: 428, 501: 310, 502: 72, 503: 338, 504: 100, 505: 666, 506: 428, 507: 666, 508: 428, 509: 338, 510: 100, 511: 778, 512: 540, 513: 428, 514: 666, 515: 254, 516: 16, 517: 554, 518: 792, 519: 666, 520: 428, 521: 254, 522: 16, 523: 254, 524: 16, 525: 254, 526: 16, 527: 750, 528: 512, 529: 722, 530: 484, 531: 310, 532: 72, 533: 478, 534: 240, 535: 338, 536: 100, 537: 792, 538: 554, 539: 254, 540: 16, 541: 338, 542: 100, 543: 750, 544: 512, 545: 72, 546: 310, 547: 254, 548: 16, 549: 310, 550: 72, 551: 338, 552: 100, 553: 338, 554: 100, 555: 722, 556: 484, 557: 254, 558: 16, 559: 722, 560: 484, 561: 666, 562: 428, 563: 736, 564: 498, 565: 428, 566: 666, 567: 72, 568: 310, 569: 338, 570: 100, 571: 666, 572: 428, 573: 338, 574: 100, 575: 310, 576: 72, 577: 16, 578: 254, 579: 100, 580: 338, 581: 722, 582: 484, 583: 72, 584: 310, 585: 254, 586: 16, 587: 408, 588: 170, 589: 722, 590: 484, 591: 722, 592: 484, 593: 338, 594: 100, 595: 254, 596: 16, 597: 310, 598: 72, 599: 666, 600: 428, 601: 100, 602: 338, 603: 540, 604: 778, 605: 666, 606: 428, 607: 254, 608: 16, 609: 666, 610: 428, 611: 254, 612: 16, 613: 338, 614: 100, 615: 408, 616: 170, 617: 408, 618: 170, 619: 736, 620: 498, 621: 666, 622: 428, 623: 254, 624: 16, 625: 408, 626: 170, 627: 16, 628: 254, 629: 338, 630: 100, 631: 338, 632: 100, 633: 666, 634: 428, 635: 338, 636: 100, 637: 338, 638: 100, 639: 666, 640: 428, 641: 310, 642: 72, 643: 254, 644: 16, 645: 554, 646: 792, 647: 722, 648: 484, 649: 254, 650: 16, 651: 666, 652: 428, 653: 722, 654: 484, 655: 310, 656: 72, 657: 338, 658: 100, 659: 338, 660: 100, 661: 310, 662: 72, 663: 338, 664: 100, 665: 310, 666: 72, 667: 310, 668: 72, 669: 310, 670: 72, 671: 254, 672: 16, 673: 666, 674: 428, 675: 666, 676: 428, 677: 338, 678: 100, 679: 254, 680: 16}
Correct solution!
Number of lables used:  22
Time taken: 0.53 seconds
Memory used: 55.03 MB
--------------------------------------------------

Trying with at most 21 labels...
Solution:
{1: 254, 2: 16, 3: 778, 4: 540, 5: 540, 6: 778, 7: 310, 8: 72, 9: 72, 10: 310, 11: 408, 12: 170, 13: 170, 14: 408, 15: 428, 16: 666, 17: 428, 18: 666, 19: 792, 20: 554, 21: 778, 22: 540, 23: 254, 24: 16, 25: 100, 26: 338, 27: 338, 28: 100, 29: 428, 30: 666, 31: 736, 32: 498, 33: 100, 34: 338, 35: 736, 36: 498, 37: 240, 38: 478, 39: 736, 40: 498, 41: 736, 42: 498, 43: 428, 44: 666, 45: 254, 46: 16, 47: 792, 48: 554, 49: 100, 50: 338, 51: 408, 52: 170, 53: 310, 54: 72, 55: 72, 56: 310, 57: 428, 58: 666, 59: 338, 60: 100, 61: 16, 62: 254, 63: 778, 64: 540, 65: 736, 66: 498, 67: 338, 68: 100, 69: 254, 70: 16, 71: 338, 72: 100, 73: 540, 74: 778, 75: 554, 76: 792, 77: 254, 78: 16, 79: 16, 80: 254, 81: 310, 82: 72, 83: 16, 84: 254, 85: 338, 86: 100, 87: 498, 88: 736, 89: 310, 90: 72, 91: 310, 92: 72, 93: 540, 94: 778, 95: 310, 96: 72, 97: 142, 98: 380, 99: 310, 100: 72, 101: 666, 102: 428, 103: 428, 104: 666, 105: 310, 106: 72, 107: 310, 108: 72, 109: 380, 110: 142, 111: 666, 112: 428, 113: 254, 114: 16, 115: 792, 116: 554, 117: 170, 118: 408, 119: 310, 120: 72, 121: 778, 122: 540, 123: 338, 124: 100, 125: 428, 126: 666, 127: 666, 128: 428, 129: 170, 130: 408, 131: 254, 132: 16, 133: 792, 134: 554, 135: 666, 136: 428, 137: 142, 138: 380, 139: 100, 140: 338, 141: 16, 142: 254, 143: 736, 144: 498, 145: 792, 146: 554, 147: 428, 148: 666, 149: 554, 150: 792, 151: 72, 152: 310, 153: 16, 154: 254, 155: 428, 156: 666, 157: 254, 158: 16, 159: 554, 160: 792, 161: 72, 162: 310, 163: 16, 164: 254, 165: 338, 166: 100, 167: 254, 168: 16, 169: 736, 170: 498, 171: 100, 172: 338, 173: 428, 174: 666, 175: 100, 176: 338, 177: 778, 178: 540, 179: 554, 180: 792, 181: 338, 182: 100, 183: 666, 184: 428, 185: 736, 186: 498, 187: 100, 188: 338, 189: 254, 190: 16, 191: 498, 192: 736, 193: 554, 194: 792, 195: 310, 196: 72, 197: 254, 198: 16, 199: 72, 200: 310, 201: 554, 202: 792, 203: 338, 204: 100, 205: 736, 206: 498, 207: 100, 208: 338, 209: 310, 210: 72, 211: 540, 212: 778, 213: 736, 214: 498, 215: 310, 216: 72, 217: 254, 218: 16, 219: 554, 220: 792, 221: 540, 222: 778, 223: 310, 224: 72, 225: 100, 226: 338, 227: 736, 228: 498, 229: 100, 230: 338, 231: 666, 232: 428, 233: 778, 234: 540, 235: 16, 236: 254, 237: 310, 238: 72, 239: 736, 240: 498, 241: 338, 242: 100, 243: 736, 244: 498, 245: 778, 246: 540, 247: 498, 248: 736, 249: 666, 250: 428, 251: 254, 252: 16, 253: 380, 254: 142, 255: 540, 256: 778, 257: 736, 258: 498, 259: 736, 260: 498, 261: 142, 262: 380, 263: 666, 264: 428, 265: 778, 266: 540, 267: 310, 268: 72, 269: 540, 270: 778, 271: 100, 272: 338, 273: 428, 274: 666, 275: 338, 276: 100, 277: 666, 278: 428, 279: 310, 280: 72, 281: 736, 282: 498, 283: 666, 284: 428, 285: 666, 286: 428, 287: 540, 288: 778, 289: 666, 290: 428, 291: 338, 292: 100, 293: 72, 294: 310, 295: 792, 296: 554, 297: 338, 298: 100, 299: 338, 300: 100, 301: 554, 302: 792, 303: 666, 304: 428, 305: 16, 306: 254, 307: 310, 308: 72, 309: 554, 310: 792, 311: 72, 312: 310, 313: 478, 314: 240, 315: 72, 316: 310, 317: 254, 318: 16, 319: 170, 320: 408, 321: 498, 322: 736, 323: 736, 324: 498, 325: 736, 326: 498, 327: 736, 328: 498, 329: 338, 330: 100, 331: 240, 332: 478, 333: 310, 334: 72, 335: 100, 336: 338, 337: 478, 338: 240, 339: 338, 340: 100, 341: 16, 342: 254, 343: 478, 344: 240, 345: 428, 346: 666, 347: 72, 348: 310, 349: 792, 350: 554, 351: 254, 352: 16, 353: 736, 354: 498, 355: 254, 356: 16, 357: 380, 358: 142, 359: 408, 360: 170, 361: 310, 362: 72, 363: 666, 364: 428, 365: 254, 366: 16, 367: 736, 368: 498, 369: 310, 370: 72, 371: 408, 372: 170, 373: 408, 374: 170, 375: 254, 376: 16, 377: 338, 378: 100, 379: 792, 380: 554, 381: 736, 382: 498, 383: 254, 384: 16, 385: 428, 386: 666, 387: 310, 388: 72, 389: 554, 390: 792, 391: 310, 392: 72, 393: 100, 394: 338, 395: 254, 396: 16, 397: 380, 398: 142, 399: 554, 400: 792, 401: 254, 402: 16, 403: 380, 404: 142, 405: 254, 406: 16, 407: 254, 408: 16, 409: 254, 410: 16, 411: 338, 412: 100, 413: 254, 414: 16, 415: 428, 416: 666, 417: 428, 418: 666, 419: 142, 420: 380, 421: 170, 422: 408, 423: 428, 424: 666, 425: 100, 426: 338, 427: 254, 428: 16, 429: 666, 430: 428, 431: 310, 432: 72, 433: 778, 434: 540, 435: 736, 436: 498, 437: 310, 438: 72, 439: 100, 440: 338, 441: 666, 442: 428, 443: 310, 444: 72, 445: 72, 446: 310, 447: 498, 448: 736, 449: 338, 450: 100, 451: 736, 452: 498, 453: 792, 454: 554, 455: 666, 456: 428, 457: 666, 458: 428, 459: 736, 460: 498, 461: 380, 462: 142, 463: 16, 464: 254, 465: 100, 466: 338, 467: 380, 468: 142, 469: 310, 470: 72, 471: 666, 472: 428, 473: 478, 474: 240, 475: 310, 476: 72, 477: 408, 478: 170, 479: 254, 480: 16, 481: 792, 482: 554, 483: 778, 484: 540, 485: 554, 486: 792, 487: 778, 488: 540, 489: 666, 490: 428, 491: 338, 492: 100, 493: 338, 494: 100, 495: 254, 496: 16, 497: 736, 498: 498, 499: 72, 500: 310, 501: 100, 502: 338, 503: 338, 504: 100, 505: 666, 506: 428, 507: 666, 508: 428, 509: 338, 510: 100, 511: 428, 512: 666, 513: 428, 514: 666, 515: 254, 516: 16, 517: 338, 518: 100, 519: 498, 520: 736, 521: 254, 522: 16, 523: 254, 524: 16, 525: 254, 526: 16, 527: 498, 528: 736, 529: 380, 530: 142, 531: 72, 532: 310, 533: 142, 534: 380, 535: 338, 536: 100, 537: 792, 538: 554, 539: 254, 540: 16, 541: 338, 542: 100, 543: 72, 544: 310, 545: 666, 546: 428, 547: 254, 548: 16, 549: 736, 550: 498, 551: 666, 552: 428, 553: 310, 554: 72, 555: 736, 556: 498, 557: 736, 558: 498, 559: 142, 560: 380, 561: 736, 562: 498, 563: 72, 564: 310, 565: 498, 566: 736, 567: 72, 568: 310, 569: 72, 570: 310, 571: 666, 572: 428, 573: 792, 574: 554, 575: 310, 576: 72, 577: 16, 578: 254, 579: 778, 580: 540, 581: 778, 582: 540, 583: 142, 584: 380, 585: 100, 586: 338, 587: 240, 588: 478, 589: 142, 590: 380, 591: 498, 592: 736, 593: 72, 594: 310, 595: 254, 596: 16, 597: 16, 598: 254, 599: 666, 600: 428, 601: 310, 602: 72, 603: 540, 604: 778, 605: 540, 606: 778, 607: 338, 608: 100, 609: 310, 610: 72, 611: 380, 612: 142, 613: 310, 614: 72, 615: 408, 616: 170, 617: 170, 618: 408, 619: 540, 620: 778, 621: 666, 622: 428, 623: 498, 624: 736, 625: 240, 626: 478, 627: 428, 628: 666, 629: 142, 630: 380, 631: 16, 632: 254, 633: 666, 634: 428, 635: 338, 636: 100, 637: 142, 638: 380, 639: 792, 640: 554, 641: 310, 642: 72, 643: 100, 644: 338, 645: 554, 646: 792, 647: 666, 648: 428, 649: 428, 650: 666, 651: 428, 652: 666, 653: 666, 654: 428, 655: 310, 656: 72, 657: 338, 658: 100, 659: 338, 660: 100, 661: 310, 662: 72, 663: 338, 664: 100, 665: 310, 666: 72, 667: 310, 668: 72, 669: 310, 670: 72, 671: 310, 672: 72, 673: 666, 674: 428, 675: 666, 676: 428, 677: 736, 678: 498, 679: 254, 680: 16}
Correct solution!
Number of lables used:  20
Time taken: 0.56 seconds
Memory used: 55.28 MB
--------------------------------------------------

Trying with at most 19 labels...
Solution:
{1: 254, 2: 16, 3: 778, 4: 540, 5: 540, 6: 778, 7: 310, 8: 72, 9: 72, 10: 310, 11: 380, 12: 142, 13: 142, 14: 380, 15: 428, 16: 666, 17: 428, 18: 666, 19: 792, 20: 554, 21: 778, 22: 540, 23: 254, 24: 16, 25: 100, 26: 338, 27: 338, 28: 100, 29: 428, 30: 666, 31: 736, 32: 498, 33: 100, 34: 338, 35: 736, 36: 498, 37: 240, 38: 478, 39: 736, 40: 498, 41: 736, 42: 498, 43: 428, 44: 666, 45: 254, 46: 16, 47: 792, 48: 554, 49: 100, 50: 338, 51: 478, 52: 240, 53: 310, 54: 72, 55: 72, 56: 310, 57: 666, 58: 428, 59: 338, 60: 100, 61: 16, 62: 254, 63: 778, 64: 540, 65: 736, 66: 498, 67: 338, 68: 100, 69: 254, 70: 16, 71: 338, 72: 100, 73: 540, 74: 778, 75: 554, 76: 792, 77: 254, 78: 16, 79: 16, 80: 254, 81: 310, 82: 72, 83: 16, 84: 254, 85: 338, 86: 100, 87: 498, 88: 736, 89: 310, 90: 72, 91: 310, 92: 72, 93: 540, 94: 778, 95: 310, 96: 72, 97: 142, 98: 380, 99: 310, 100: 72, 101: 666, 102: 428, 103: 428, 104: 666, 105: 310, 106: 72, 107: 310, 108: 72, 109: 380, 110: 142, 111: 666, 112: 428, 113: 254, 114: 16, 115: 792, 116: 554, 117: 478, 118: 240, 119: 310, 120: 72, 121: 778, 122: 540, 123: 338, 124: 100, 125: 428, 126: 666, 127: 666, 128: 428, 129: 240, 130: 478, 131: 254, 132: 16, 133: 792, 134: 554, 135: 666, 136: 428, 137: 380, 138: 142, 139: 100, 140: 338, 141: 16, 142: 254, 143: 736, 144: 498, 145: 792, 146: 554, 147: 428, 148: 666, 149: 554, 150: 792, 151: 72, 152: 310, 153: 16, 154: 254, 155: 428, 156: 666, 157: 254, 158: 16, 159: 554, 160: 792, 161: 72, 162: 310, 163: 16, 164: 254, 165: 338, 166: 100, 167: 16, 168: 254, 169: 736, 170: 498, 171: 100, 172: 338, 173: 428, 174: 666, 175: 100, 176: 338, 177: 778, 178: 540, 179: 554, 180: 792, 181: 338, 182: 100, 183: 666, 184: 428, 185: 736, 186: 498, 187: 100, 188: 338, 189: 254, 190: 16, 191: 498, 192: 736, 193: 554, 194: 792, 195: 310, 196: 72, 197: 254, 198: 16, 199: 72, 200: 310, 201: 554, 202: 792, 203: 338, 204: 100, 205: 736, 206: 498, 207: 100, 208: 338, 209: 310, 210: 72, 211: 540, 212: 778, 213: 554, 214: 792, 215: 310, 216: 72, 217: 254, 218: 16, 219: 554, 220: 792, 221: 540, 222: 778, 223: 310, 224: 72, 225: 100, 226: 338, 227: 736, 228: 498, 229: 100, 230: 338, 231: 666, 232: 428, 233: 778, 234: 540, 235: 16, 236: 254, 237: 310, 238: 72, 239: 736, 240: 498, 241: 338, 242: 100, 243: 736, 244: 498, 245: 778, 246: 540, 247: 498, 248: 736, 249: 666, 250: 428, 251: 254, 252: 16, 253: 380, 254: 142, 255: 540, 256: 778, 257: 736, 258: 498, 259: 736, 260: 498, 261: 142, 262: 380, 263: 666, 264: 428, 265: 778, 266: 540, 267: 310, 268: 72, 269: 540, 270: 778, 271: 100, 272: 338, 273: 428, 274: 666, 275: 338, 276: 100, 277: 666, 278: 428, 279: 310, 280: 72, 281: 736, 282: 498, 283: 666, 284: 428, 285: 666, 286: 428, 287: 540, 288: 778, 289: 666, 290: 428, 291: 338, 292: 100, 293: 72, 294: 310, 295: 792, 296: 554, 297: 338, 298: 100, 299: 338, 300: 100, 301: 554, 302: 792, 303: 666, 304: 428, 305: 16, 306: 254, 307: 310, 308: 72, 309: 554, 310: 792, 311: 72, 312: 310, 313: 478, 314: 240, 315: 72, 316: 310, 317: 254, 318: 16, 319: 478, 320: 240, 321: 498, 322: 736, 323: 736, 324: 498, 325: 736, 326: 498, 327: 736, 328: 498, 329: 338, 330: 100, 331: 240, 332: 478, 333: 310, 334: 72, 335: 100, 336: 338, 337: 478, 338: 240, 339: 338, 340: 100, 341: 16, 342: 254, 343: 478, 344: 240, 345: 428, 346: 666, 347: 72, 348: 310, 349: 792, 350: 554, 351: 254, 352: 16, 353: 736, 354: 498, 355: 254, 356: 16, 357: 380, 358: 142, 359: 478, 360: 240, 361: 310, 362: 72, 363: 666, 364: 428, 365: 254, 366: 16, 367: 736, 368: 498, 369: 310, 370: 72, 371: 478, 372: 240, 373: 240, 374: 478, 375: 254, 376: 16, 377: 338, 378: 100, 379: 792, 380: 554, 381: 736, 382: 498, 383: 254, 384: 16, 385: 428, 386: 666, 387: 310, 388: 72, 389: 554, 390: 792, 391: 310, 392: 72, 393: 100, 394: 338, 395: 254, 396: 16, 397: 380, 398: 142, 399: 554, 400: 792, 401: 254, 402: 16, 403: 380, 404: 142, 405: 254, 406: 16, 407: 254, 408: 16, 409: 254, 410: 16, 411: 338, 412: 100, 413: 254, 414: 16, 415: 428, 416: 666, 417: 428, 418: 666, 419: 142, 420: 380, 421: 240, 422: 478, 423: 428, 424: 666, 425: 100, 426: 338, 427: 254, 428: 16, 429: 666, 430: 428, 431: 310, 432: 72, 433: 778, 434: 540, 435: 736, 436: 498, 437: 310, 438: 72, 439: 100, 440: 338, 441: 666, 442: 428, 443: 310, 444: 72, 445: 72, 446: 310, 447: 498, 448: 736, 449: 338, 450: 100, 451: 736, 452: 498, 453: 792, 454: 554, 455: 666, 456: 428, 457: 666, 458: 428, 459: 428, 460: 666, 461: 380, 462: 142, 463: 498, 464: 736, 465: 100, 466: 338, 467: 380, 468: 142, 469: 310, 470: 72, 471: 666, 472: 428, 473: 478, 474: 240, 475: 310, 476: 72, 477: 380, 478: 142, 479: 254, 480: 16, 481: 792, 482: 554, 483: 778, 484: 540, 485: 554, 486: 792, 487: 498, 488: 736, 489: 666, 490: 428, 491: 338, 492: 100, 493: 338, 494: 100, 495: 254, 496: 16, 497: 736, 498: 498, 499: 72, 500: 310, 501: 100, 502: 338, 503: 338, 504: 100, 505: 666, 506: 428, 507: 666, 508: 428, 509: 338, 510: 100, 511: 428, 512: 666, 513: 428, 514: 666, 515: 254, 516: 16, 517: 338, 518: 100, 519: 498, 520: 736, 521: 498, 522: 736, 523: 254, 524: 16, 525: 254, 526: 16, 527: 498, 528: 736, 529: 380, 530: 142, 531: 72, 532: 310, 533: 142, 534: 380, 535: 338, 536: 100, 537: 792, 538: 554, 539: 254, 540: 16, 541: 338, 542: 100, 543: 72, 544: 310, 545: 666, 546: 428, 547: 254, 548: 16, 549: 254, 550: 16, 551: 666, 552: 428, 553: 310, 554: 72, 555: 736, 556: 498, 557: 736, 558: 498, 559: 142, 560: 380, 561: 736, 562: 498, 563: 72, 564: 310, 565: 498, 566: 736, 567: 72, 568: 310, 569: 72, 570: 310, 571: 666, 572: 428, 573: 792, 574: 554, 575: 310, 576: 72, 577: 16, 578: 254, 579: 778, 580: 540, 581: 778, 582: 540, 583: 540, 584: 778, 585: 100, 586: 338, 587: 240, 588: 478, 589: 142, 590: 380, 591: 498, 592: 736, 593: 72, 594: 310, 595: 254, 596: 16, 597: 16, 598: 254, 599: 666, 600: 428, 601: 310, 602: 72, 603: 540, 604: 778, 605: 540, 606: 778, 607: 338, 608: 100, 609: 310, 610: 72, 611: 380, 612: 142, 613: 310, 614: 72, 615: 478, 616: 240, 617: 478, 618: 240, 619: 554, 620: 792, 621: 666, 622: 428, 623: 498, 624: 736, 625: 240, 626: 478, 627: 428, 628: 666, 629: 142, 630: 380, 631: 16, 632: 254, 633: 666, 634: 428, 635: 338, 636: 100, 637: 142, 638: 380, 639: 792, 640: 554, 641: 310, 642: 72, 643: 100, 644: 338, 645: 142, 646: 380, 647: 666, 648: 428, 649: 428, 650: 666, 651: 428, 652: 666, 653: 666, 654: 428, 655: 310, 656: 72, 657: 338, 658: 100, 659: 338, 660: 100, 661: 310, 662: 72, 663: 338, 664: 100, 665: 310, 666: 72, 667: 310, 668: 72, 669: 310, 670: 72, 671: 310, 672: 72, 673: 666, 674: 428, 675: 428, 676: 666, 677: 736, 678: 498, 679: 254, 680: 16}
Correct solution!
Number of lables used:  18
Time taken: 0.57 seconds
Memory used: 55.66 MB
--------------------------------------------------

Trying with at most 17 labels...
[runlim] sample:		10.0 time, 10.5 real, 59.5 MB
[runlim] sample:		20.0 time, 20.5 real, 85.4 MB
[runlim] sample:		30.0 time, 30.5 real, 85.4 MB
[runlim] sample:		40.0 time, 40.5 real, 86.6 MB
[runlim] sample:		50.0 time, 50.5 real, 87.6 MB
[runlim] sample:		60.0 time, 60.5 real, 89.9 MB
[runlim] sample:		70.0 time, 70.5 real, 94.7 MB
[runlim] sample:		80.0 time, 80.5 real, 108.1 MB
[runlim] sample:		90.0 time, 90.5 real, 108.2 MB
[runlim] sample:		100.0 time, 100.5 real, 108.2 MB
[runlim] sample:		110.0 time, 110.5 real, 108.2 MB
[runlim] sample:		120.0 time, 120.5 real, 108.2 MB
[runlim] sample:		130.0 time, 130.5 real, 108.2 MB
[runlim] sample:		140.0 time, 140.5 real, 108.2 MB
[runlim] sample:		150.0 time, 150.5 real, 108.2 MB
[runlim] sample:		160.0 time, 160.5 real, 108.2 MB
[runlim] sample:		170.0 time, 170.5 real, 108.2 MB
[runlim] sample:		180.0 time, 180.5 real, 108.2 MB
[runlim] sample:		190.0 time, 190.5 real, 108.2 MB
[runlim] sample:		200.0 time, 200.5 real, 108.2 MB
[runlim] sample:		210.0 time, 210.5 real, 108.2 MB
[runlim] sample:		220.0 time, 220.5 real, 108.2 MB
[runlim] sample:		230.0 time, 230.5 real, 108.2 MB
[runlim] sample:		240.0 time, 240.5 real, 108.2 MB
[runlim] sample:		250.0 time, 250.5 real, 108.2 MB
[runlim] sample:		260.0 time, 260.5 real, 108.2 MB
[runlim] sample:		270.0 time, 270.5 real, 109.2 MB
[runlim] sample:		280.0 time, 280.5 real, 109.2 MB
[runlim] sample:		290.0 time, 290.5 real, 109.2 MB
[runlim] sample:		300.0 time, 300.5 real, 109.2 MB
[runlim] sample:		310.0 time, 310.5 real, 109.2 MB
[runlim] sample:		320.0 time, 320.5 real, 109.7 MB
[runlim] sample:		330.0 time, 330.5 real, 109.7 MB
[runlim] sample:		340.0 time, 340.5 real, 110.5 MB
[runlim] sample:		350.0 time, 350.5 real, 110.5 MB
[runlim] sample:		360.0 time, 360.5 real, 110.7 MB
[runlim] sample:		370.0 time, 370.5 real, 110.7 MB
[runlim] sample:		380.0 time, 380.5 real, 111.0 MB
[runlim] sample:		390.0 time, 390.5 real, 111.0 MB
[runlim] sample:		400.0 time, 400.5 real, 111.7 MB
[runlim] sample:		410.0 time, 410.5 real, 111.7 MB
[runlim] sample:		420.0 time, 420.5 real, 111.9 MB
[runlim] sample:		430.0 time, 430.5 real, 111.9 MB
[runlim] sample:		440.0 time, 440.5 real, 131.8 MB
[runlim] sample:		450.0 time, 450.5 real, 137.6 MB
[runlim] sample:		460.0 time, 460.5 real, 130.2 MB
[runlim] sample:		470.0 time, 470.5 real, 136.4 MB
[runlim] sample:		480.0 time, 480.5 real, 141.8 MB
[runlim] sample:		490.0 time, 490.5 real, 134.4 MB
[runlim] sample:		500.0 time, 500.5 real, 140.2 MB
[runlim] sample:		510.0 time, 510.5 real, 131.3 MB
[runlim] sample:		520.0 time, 520.5 real, 137.0 MB
[runlim] sample:		530.0 time, 530.5 real, 141.7 MB
[runlim] sample:		540.0 time, 540.5 real, 133.5 MB
[runlim] sample:		550.0 time, 550.5 real, 138.6 MB
[runlim] sample:		560.0 time, 560.5 real, 143.4 MB
[runlim] sample:		570.0 time, 570.5 real, 134.9 MB
[runlim] sample:		580.0 time, 580.5 real, 140.3 MB
[runlim] sample:		590.0 time, 590.5 real, 130.8 MB
[runlim] sample:		600.0 time, 600.5 real, 136.7 MB
[runlim] sample:		610.0 time, 610.5 real, 141.4 MB
[runlim] sample:		620.0 time, 620.5 real, 131.2 MB
[runlim] sample:		630.0 time, 630.5 real, 137.0 MB
[runlim] sample:		640.0 time, 640.5 real, 141.5 MB
[runlim] sample:		650.0 time, 650.5 real, 130.8 MB
[runlim] sample:		660.0 time, 660.5 real, 136.8 MB
[runlim] sample:		670.0 time, 670.5 real, 140.8 MB
[runlim] sample:		680.0 time, 680.5 real, 144.8 MB
[runlim] sample:		689.9 time, 690.5 real, 135.3 MB
[runlim] sample:		699.9 time, 700.5 real, 139.9 MB
[runlim] sample:		710.0 time, 710.5 real, 143.9 MB
[runlim] sample:		719.9 time, 720.5 real, 134.4 MB
[runlim] sample:		729.9 time, 730.5 real, 138.5 MB
[runlim] sample:		739.9 time, 740.5 real, 141.9 MB
Cannot find solution.
No more solutions found.
Optimal number of labels used:  18
Time taken: 748.03 seconds
[runlim] end:			Mon Jan 12 09:33:27 2026
[runlim] status:		ok
[runlim] result:		0
[runlim] children:		0
[runlim] real:			748.59 seconds
[runlim] time:			748.04 seconds
[runlim] space:			153.9 MB
[runlim] samples:		7481
