[runlim] version:		1.10
[runlim] time limit:		311040000 seconds
[runlim] real time limit:	900 seconds
[runlim] space limit:		8000 MB
[runlim] argv[0]:		python3
[runlim] argv[1]:		-u
[runlim] argv[2]:		main.py
[runlim] argv[3]:		graph01
[runlim] argv[4]:		tot
[runlim] argv[5]:		incremental
[runlim] start:			Mon Jan 12 09:06:34 2026
[runlim] main pid:		197995
Solve first problem:
Solution:
{1: 296, 2: 58, 3: 652, 4: 414, 5: 16, 6: 254, 7: 380, 8: 142, 9: 380, 10: 142, 11: 778, 12: 540, 13: 338, 14: 100, 15: 296, 16: 58, 17: 652, 18: 414, 19: 394, 20: 156, 21: 296, 22: 58, 23: 478, 24: 240, 25: 310, 26: 72, 27: 114, 28: 352, 29: 296, 30: 58, 31: 268, 32: 30, 33: 352, 34: 114, 35: 310, 36: 72, 37: 338, 38: 100, 39: 324, 40: 86, 41: 282, 42: 44, 43: 778, 44: 540, 45: 254, 46: 16, 47: 72, 48: 310, 49: 282, 50: 44, 51: 394, 52: 156, 53: 310, 54: 72, 55: 86, 56: 324, 57: 16, 58: 254, 59: 778, 60: 540, 61: 254, 62: 16, 63: 352, 64: 114, 65: 254, 66: 16, 67: 296, 68: 58, 69: 254, 70: 16, 71: 324, 72: 86, 73: 380, 74: 142, 75: 268, 76: 30, 77: 750, 78: 512, 79: 310, 80: 72, 81: 254, 82: 16, 83: 268, 84: 30, 85: 324, 86: 86, 87: 680, 88: 442, 89: 338, 90: 100, 91: 652, 92: 414, 93: 254, 94: 16, 95: 44, 96: 282, 97: 478, 98: 240, 99: 30, 100: 268, 101: 380, 102: 142, 103: 282, 104: 44, 105: 352, 106: 114, 107: 296, 108: 58, 109: 296, 110: 58, 111: 380, 112: 142, 113: 268, 114: 30, 115: 114, 116: 352, 117: 254, 118: 16, 119: 296, 120: 58, 121: 380, 122: 142, 123: 380, 124: 142, 125: 254, 126: 16, 127: 296, 128: 58, 129: 338, 130: 100, 131: 268, 132: 30, 133: 694, 134: 456, 135: 478, 136: 240, 137: 282, 138: 44, 139: 296, 140: 58, 141: 324, 142: 86, 143: 324, 144: 86, 145: 268, 146: 30, 147: 254, 148: 16, 149: 324, 150: 86, 151: 652, 152: 414, 153: 254, 154: 16, 155: 324, 156: 86, 157: 268, 158: 30, 159: 268, 160: 30, 161: 394, 162: 156, 163: 296, 164: 58, 165: 352, 166: 114, 167: 366, 168: 128, 169: 254, 170: 16, 171: 268, 172: 30, 173: 254, 174: 16, 175: 324, 176: 86, 177: 254, 178: 16, 179: 282, 180: 44, 181: 652, 182: 414, 183: 268, 184: 30, 185: 324, 186: 86, 187: 268, 188: 30, 189: 254, 190: 16, 191: 310, 192: 72, 193: 380, 194: 142, 195: 268, 196: 30, 197: 254, 198: 16, 199: 254, 200: 16}
Correct solution!
Number of lables used:  34
Time taken: 0.12 seconds
Memory used: 28.99 MB
--------------------------------------------------

Trying with at most 33 labels...
Solution:
{1: 470, 2: 708, 3: 708, 4: 470, 5: 282, 6: 44, 7: 478, 8: 240, 9: 408, 10: 170, 11: 540, 12: 778, 13: 694, 14: 456, 15: 470, 16: 708, 17: 470, 18: 708, 19: 44, 20: 282, 21: 778, 22: 540, 23: 240, 24: 478, 25: 764, 26: 526, 27: 282, 28: 44, 29: 310, 30: 72, 31: 456, 32: 694, 33: 764, 34: 526, 35: 778, 36: 540, 37: 338, 38: 100, 39: 44, 40: 282, 41: 86, 42: 324, 43: 540, 44: 778, 45: 44, 46: 282, 47: 750, 48: 512, 49: 72, 50: 310, 51: 72, 52: 310, 53: 764, 54: 526, 55: 764, 56: 526, 57: 470, 58: 708, 59: 310, 60: 72, 61: 708, 62: 470, 63: 526, 64: 764, 65: 310, 66: 72, 67: 526, 68: 764, 69: 282, 70: 44, 71: 708, 72: 470, 73: 478, 74: 240, 75: 750, 76: 512, 77: 44, 78: 282, 79: 694, 80: 456, 81: 44, 82: 282, 83: 44, 84: 282, 85: 708, 86: 470, 87: 708, 88: 470, 89: 282, 90: 44, 91: 338, 92: 100, 93: 338, 94: 100, 95: 86, 96: 324, 97: 170, 98: 408, 99: 470, 100: 708, 101: 470, 102: 708, 103: 72, 104: 310, 105: 694, 106: 456, 107: 694, 108: 456, 109: 44, 110: 282, 111: 86, 112: 324, 113: 44, 114: 282, 115: 456, 116: 694, 117: 338, 118: 100, 119: 86, 120: 324, 121: 408, 122: 170, 123: 408, 124: 170, 125: 708, 126: 470, 127: 694, 128: 456, 129: 750, 130: 512, 131: 338, 132: 100, 133: 100, 134: 338, 135: 170, 136: 408, 137: 750, 138: 512, 139: 694, 140: 456, 141: 708, 142: 470, 143: 100, 144: 338, 145: 338, 146: 100, 147: 72, 148: 310, 149: 72, 150: 310, 151: 694, 152: 456, 153: 338, 154: 100, 155: 282, 156: 44, 157: 324, 158: 86, 159: 512, 160: 750, 161: 540, 162: 778, 163: 778, 164: 540, 165: 778, 166: 540, 167: 750, 168: 512, 169: 72, 170: 310, 171: 44, 172: 282, 173: 72, 174: 310, 175: 470, 176: 708, 177: 338, 178: 100, 179: 338, 180: 100, 181: 750, 182: 512, 183: 324, 184: 86, 185: 708, 186: 470, 187: 310, 188: 72, 189: 694, 190: 456, 191: 100, 192: 338, 193: 408, 194: 170, 195: 44, 196: 282, 197: 310, 198: 72, 199: 282, 200: 44}
Correct solution!
Number of lables used:  22
Time taken: 0.15 seconds
Memory used: 29.74 MB
--------------------------------------------------

Trying with at most 21 labels...
Solution:
{1: 470, 2: 708, 3: 708, 4: 470, 5: 282, 6: 44, 7: 408, 8: 170, 9: 408, 10: 170, 11: 540, 12: 778, 13: 694, 14: 456, 15: 470, 16: 708, 17: 470, 18: 708, 19: 44, 20: 282, 21: 778, 22: 540, 23: 408, 24: 170, 25: 764, 26: 526, 27: 282, 28: 44, 29: 310, 30: 72, 31: 456, 32: 694, 33: 764, 34: 526, 35: 778, 36: 540, 37: 338, 38: 100, 39: 44, 40: 282, 41: 72, 42: 310, 43: 540, 44: 778, 45: 44, 46: 282, 47: 750, 48: 512, 49: 72, 50: 310, 51: 72, 52: 310, 53: 764, 54: 526, 55: 764, 56: 526, 57: 470, 58: 708, 59: 310, 60: 72, 61: 708, 62: 470, 63: 526, 64: 764, 65: 310, 66: 72, 67: 526, 68: 764, 69: 282, 70: 44, 71: 708, 72: 470, 73: 478, 74: 240, 75: 750, 76: 512, 77: 44, 78: 282, 79: 694, 80: 456, 81: 44, 82: 282, 83: 44, 84: 282, 85: 708, 86: 470, 87: 708, 88: 470, 89: 282, 90: 44, 91: 338, 92: 100, 93: 338, 94: 100, 95: 764, 96: 526, 97: 170, 98: 408, 99: 470, 100: 708, 101: 470, 102: 708, 103: 72, 104: 310, 105: 694, 106: 456, 107: 694, 108: 456, 109: 44, 110: 282, 111: 100, 112: 338, 113: 44, 114: 282, 115: 456, 116: 694, 117: 338, 118: 100, 119: 72, 120: 310, 121: 478, 122: 240, 123: 408, 124: 170, 125: 526, 126: 764, 127: 456, 128: 694, 129: 750, 130: 512, 131: 338, 132: 100, 133: 100, 134: 338, 135: 408, 136: 170, 137: 100, 138: 338, 139: 694, 140: 456, 141: 708, 142: 470, 143: 100, 144: 338, 145: 338, 146: 100, 147: 72, 148: 310, 149: 72, 150: 310, 151: 694, 152: 456, 153: 338, 154: 100, 155: 282, 156: 44, 157: 282, 158: 44, 159: 512, 160: 750, 161: 540, 162: 778, 163: 778, 164: 540, 165: 282, 166: 44, 167: 750, 168: 512, 169: 72, 170: 310, 171: 44, 172: 282, 173: 72, 174: 310, 175: 708, 176: 470, 177: 338, 178: 100, 179: 338, 180: 100, 181: 750, 182: 512, 183: 338, 184: 100, 185: 708, 186: 470, 187: 310, 188: 72, 189: 694, 190: 456, 191: 540, 192: 778, 193: 170, 194: 408, 195: 44, 196: 282, 197: 310, 198: 72, 199: 282, 200: 44}
Correct solution!
Number of lables used:  20
Time taken: 0.15 seconds
Memory used: 29.86 MB
--------------------------------------------------

Trying with at most 19 labels...
Solution:
{1: 708, 2: 470, 3: 498, 4: 736, 5: 338, 6: 100, 7: 170, 8: 408, 9: 408, 10: 170, 11: 540, 12: 778, 13: 142, 14: 380, 15: 708, 16: 470, 17: 268, 18: 30, 19: 100, 20: 338, 21: 778, 22: 540, 23: 408, 24: 170, 25: 750, 26: 512, 27: 100, 28: 338, 29: 310, 30: 72, 31: 778, 32: 540, 33: 380, 34: 142, 35: 778, 36: 540, 37: 338, 38: 100, 39: 268, 40: 30, 41: 72, 42: 310, 43: 540, 44: 778, 45: 72, 46: 310, 47: 750, 48: 512, 49: 30, 50: 268, 51: 72, 52: 310, 53: 750, 54: 512, 55: 736, 56: 498, 57: 30, 58: 268, 59: 338, 60: 100, 61: 708, 62: 470, 63: 30, 64: 268, 65: 310, 66: 72, 67: 498, 68: 736, 69: 268, 70: 30, 71: 268, 72: 30, 73: 142, 74: 380, 75: 736, 76: 498, 77: 268, 78: 30, 79: 380, 80: 142, 81: 30, 82: 268, 83: 100, 84: 338, 85: 708, 86: 470, 87: 268, 88: 30, 89: 338, 90: 100, 91: 708, 92: 470, 93: 338, 94: 100, 95: 498, 96: 736, 97: 170, 98: 408, 99: 30, 100: 268, 101: 380, 102: 142, 103: 72, 104: 310, 105: 30, 106: 268, 107: 142, 108: 380, 109: 30, 110: 268, 111: 100, 112: 338, 113: 470, 114: 708, 115: 142, 116: 380, 117: 30, 118: 268, 119: 72, 120: 310, 121: 142, 122: 380, 123: 408, 124: 170, 125: 30, 126: 268, 127: 72, 128: 310, 129: 750, 130: 512, 131: 268, 132: 30, 133: 512, 134: 750, 135: 408, 136: 170, 137: 100, 138: 338, 139: 708, 140: 470, 141: 268, 142: 30, 143: 100, 144: 338, 145: 30, 146: 268, 147: 708, 148: 470, 149: 72, 150: 310, 151: 750, 152: 512, 153: 338, 154: 100, 155: 338, 156: 100, 157: 310, 158: 72, 159: 512, 160: 750, 161: 540, 162: 778, 163: 310, 164: 72, 165: 540, 166: 778, 167: 310, 168: 72, 169: 100, 170: 338, 171: 72, 172: 310, 173: 268, 174: 30, 175: 268, 176: 30, 177: 338, 178: 100, 179: 470, 180: 708, 181: 72, 182: 310, 183: 470, 184: 708, 185: 470, 186: 708, 187: 100, 188: 338, 189: 750, 190: 512, 191: 142, 192: 380, 193: 408, 194: 170, 195: 338, 196: 100, 197: 310, 198: 72, 199: 268, 200: 30}
Correct solution!
Number of lables used:  18
Time taken: 0.19 seconds
Memory used: 30.24 MB
--------------------------------------------------

Trying with at most 17 labels...
[runlim] sample:		10.0 time, 10.1 real, 45.4 MB
[runlim] sample:		20.0 time, 20.1 real, 54.9 MB
[runlim] sample:		30.0 time, 30.1 real, 62.8 MB
[runlim] sample:		40.0 time, 40.1 real, 62.8 MB
[runlim] sample:		50.0 time, 50.1 real, 62.8 MB
[runlim] sample:		60.0 time, 60.1 real, 65.1 MB
[runlim] sample:		70.0 time, 70.1 real, 67.1 MB
[runlim] sample:		80.0 time, 80.1 real, 68.0 MB
[runlim] sample:		90.0 time, 90.1 real, 68.3 MB
[runlim] sample:		100.0 time, 100.1 real, 75.1 MB
[runlim] sample:		110.0 time, 110.1 real, 75.3 MB
[runlim] sample:		120.0 time, 120.1 real, 76.4 MB
[runlim] sample:		130.0 time, 130.1 real, 76.5 MB
[runlim] sample:		140.0 time, 140.1 real, 77.3 MB
[runlim] sample:		150.0 time, 150.1 real, 78.3 MB
[runlim] sample:		160.0 time, 160.1 real, 78.3 MB
[runlim] sample:		170.0 time, 170.1 real, 78.9 MB
[runlim] sample:		180.0 time, 180.1 real, 79.3 MB
[runlim] sample:		190.0 time, 190.1 real, 79.5 MB
[runlim] sample:		200.0 time, 200.1 real, 79.5 MB
[runlim] sample:		210.0 time, 210.1 real, 80.3 MB
[runlim] sample:		220.0 time, 220.1 real, 80.9 MB
[runlim] sample:		230.0 time, 230.1 real, 81.8 MB
[runlim] sample:		240.0 time, 240.1 real, 81.8 MB
[runlim] sample:		250.0 time, 250.1 real, 100.2 MB
[runlim] sample:		260.0 time, 260.1 real, 100.4 MB
[runlim] sample:		270.0 time, 270.1 real, 100.4 MB
[runlim] sample:		280.0 time, 280.1 real, 101.4 MB
[runlim] sample:		290.0 time, 290.1 real, 101.5 MB
[runlim] sample:		300.0 time, 300.1 real, 101.5 MB
[runlim] sample:		310.0 time, 310.1 real, 101.5 MB
[runlim] sample:		320.0 time, 320.1 real, 102.4 MB
[runlim] sample:		330.0 time, 330.1 real, 102.4 MB
[runlim] sample:		340.0 time, 340.1 real, 102.9 MB
[runlim] sample:		350.0 time, 350.1 real, 103.0 MB
[runlim] sample:		360.0 time, 360.1 real, 103.3 MB
[runlim] sample:		370.0 time, 370.1 real, 103.8 MB
[runlim] sample:		380.0 time, 380.1 real, 103.8 MB
[runlim] sample:		390.0 time, 390.1 real, 104.3 MB
[runlim] sample:		400.0 time, 400.1 real, 104.3 MB
[runlim] sample:		410.0 time, 410.1 real, 104.7 MB
[runlim] sample:		420.0 time, 420.1 real, 104.7 MB
[runlim] sample:		430.0 time, 430.1 real, 104.8 MB
[runlim] sample:		440.0 time, 440.1 real, 104.8 MB
[runlim] sample:		450.0 time, 450.1 real, 134.5 MB
[runlim] sample:		460.0 time, 460.1 real, 105.0 MB
[runlim] sample:		470.0 time, 470.1 real, 105.0 MB
[runlim] sample:		480.0 time, 480.1 real, 105.0 MB
[runlim] sample:		490.0 time, 490.1 real, 105.0 MB
[runlim] sample:		500.0 time, 500.1 real, 105.0 MB
[runlim] sample:		510.0 time, 510.1 real, 105.0 MB
[runlim] sample:		520.0 time, 520.1 real, 136.5 MB
[runlim] sample:		530.0 time, 530.1 real, 105.0 MB
[runlim] sample:		540.0 time, 540.1 real, 105.0 MB
[runlim] sample:		550.0 time, 550.1 real, 105.1 MB
[runlim] sample:		560.0 time, 560.1 real, 105.1 MB
[runlim] sample:		570.0 time, 570.1 real, 137.3 MB
[runlim] sample:		580.0 time, 580.1 real, 105.1 MB
[runlim] sample:		590.0 time, 590.1 real, 105.1 MB
[runlim] sample:		600.0 time, 600.1 real, 105.1 MB
[runlim] sample:		610.0 time, 610.1 real, 105.1 MB
[runlim] sample:		620.0 time, 620.1 real, 134.7 MB
[runlim] sample:		630.0 time, 630.1 real, 105.1 MB
[runlim] sample:		640.0 time, 640.1 real, 105.1 MB
[runlim] sample:		650.0 time, 650.1 real, 136.0 MB
[runlim] sample:		660.0 time, 660.1 real, 105.1 MB
[runlim] sample:		670.0 time, 670.1 real, 105.1 MB
[runlim] sample:		680.0 time, 680.1 real, 136.9 MB
[runlim] sample:		690.0 time, 690.1 real, 108.0 MB
[runlim] sample:		700.0 time, 700.1 real, 114.4 MB
[runlim] sample:		710.0 time, 710.1 real, 149.0 MB
[runlim] sample:		720.0 time, 720.1 real, 117.2 MB
[runlim] sample:		730.0 time, 730.1 real, 117.2 MB
[runlim] sample:		740.0 time, 740.1 real, 147.8 MB
[runlim] sample:		750.0 time, 750.1 real, 117.2 MB
[runlim] sample:		760.0 time, 760.1 real, 117.2 MB
[runlim] sample:		770.0 time, 770.1 real, 117.2 MB
[runlim] sample:		780.0 time, 780.1 real, 148.9 MB
[runlim] sample:		790.0 time, 790.1 real, 117.2 MB
[runlim] sample:		800.0 time, 800.1 real, 117.2 MB
Cannot find solution.
No more solutions found.
Optimal number of labels used:  18
Time taken: 804.57 seconds
[runlim] end:			Mon Jan 12 09:19:58 2026
[runlim] status:		ok
[runlim] result:		0
[runlim] children:		0
[runlim] real:			804.72 seconds
[runlim] time:			804.57 seconds
[runlim] space:			151.6 MB
[runlim] samples:		8046
