[runlim] version:		1.10
[runlim] time limit:		311040000 seconds
[runlim] real time limit:	900 seconds
[runlim] space limit:		8000 MB
[runlim] argv[0]:		python3
[runlim] argv[1]:		-u
[runlim] argv[2]:		main.py
[runlim] argv[3]:		scen02
[runlim] argv[4]:		tot
[runlim] argv[5]:		incremental
[runlim] start:			Mon Jan 12 09:00:34 2026
[runlim] main pid:		195725
Solve first problem:
Solution:
{13: 268, 14: 30, 15: 268, 16: 30, 53: 268, 54: 30, 79: 254, 80: 16, 81: 268, 82: 30, 83: 680, 84: 442, 85: 352, 86: 114, 127: 352, 128: 114, 129: 254, 130: 16, 143: 254, 144: 16, 145: 254, 146: 16, 205: 254, 206: 16, 233: 666, 234: 428, 235: 338, 236: 100, 237: 352, 238: 114, 261: 254, 262: 16, 263: 352, 264: 114, 265: 338, 266: 100, 267: 254, 268: 16, 269: 352, 270: 114, 271: 352, 272: 114, 273: 44, 274: 282, 275: 44, 276: 282, 277: 352, 278: 114, 281: 268, 282: 30, 283: 282, 284: 44, 289: 254, 290: 16, 291: 324, 292: 86, 303: 666, 304: 428, 305: 338, 306: 100, 321: 156, 322: 394, 323: 254, 324: 16, 325: 666, 326: 428, 327: 338, 328: 100, 329: 254, 330: 16, 341: 30, 342: 268, 343: 30, 344: 268, 349: 338, 350: 100, 351: 30, 352: 268, 435: 296, 436: 58, 475: 282, 476: 44, 481: 268, 482: 30, 517: 268, 518: 30, 519: 338, 520: 100, 555: 128, 556: 366, 557: 666, 558: 428, 559: 58, 560: 296, 561: 366, 562: 128, 565: 100, 566: 338, 577: 324, 578: 86, 579: 352, 580: 114, 583: 666, 584: 428, 585: 324, 586: 86, 587: 254, 588: 16, 589: 366, 590: 128, 591: 352, 592: 114, 593: 114, 594: 352, 595: 296, 596: 58, 597: 268, 598: 30, 599: 142, 600: 380, 601: 282, 602: 44, 603: 268, 604: 30, 605: 268, 606: 30, 607: 338, 608: 100, 613: 100, 614: 338, 615: 282, 616: 44, 617: 268, 618: 30, 621: 338, 622: 100, 625: 268, 626: 30, 629: 282, 630: 44, 631: 268, 632: 30, 633: 282, 634: 44, 635: 268, 636: 30, 645: 296, 646: 58, 651: 254, 652: 16, 661: 254, 662: 16, 663: 394, 664: 156, 665: 366, 666: 128, 667: 254, 668: 16, 713: 352, 714: 114, 717: 44, 718: 282, 719: 394, 720: 156, 721: 324, 722: 86, 723: 254, 724: 16, 743: 44, 744: 282, 745: 268, 746: 30, 747: 324, 748: 86, 763: 268, 764: 30, 765: 254, 766: 16, 767: 296, 768: 58, 785: 254, 786: 16, 787: 268, 788: 30, 789: 338, 790: 100, 791: 268, 792: 30, 793: 338, 794: 100, 795: 268, 796: 30, 797: 352, 798: 114, 799: 282, 800: 44, 801: 268, 802: 30, 879: 268, 880: 30}
Correct solution!
Number of lables used:  24
Time taken: 0.17 seconds
Memory used: 31.04 MB
--------------------------------------------------

Trying with at most 23 labels...
Solution:
{13: 680, 14: 442, 15: 736, 16: 498, 53: 680, 54: 442, 79: 394, 80: 156, 81: 722, 82: 484, 83: 554, 84: 792, 85: 156, 86: 394, 127: 652, 128: 414, 129: 338, 130: 100, 143: 470, 144: 708, 145: 470, 146: 708, 205: 394, 206: 156, 233: 540, 234: 778, 235: 526, 236: 764, 237: 736, 238: 498, 261: 680, 262: 442, 263: 484, 264: 722, 265: 414, 266: 652, 267: 750, 268: 512, 269: 554, 270: 792, 271: 554, 272: 792, 273: 680, 274: 442, 275: 652, 276: 414, 277: 554, 278: 792, 281: 484, 282: 722, 283: 156, 284: 394, 289: 484, 290: 722, 291: 652, 292: 414, 303: 394, 304: 156, 305: 722, 306: 484, 321: 680, 322: 442, 323: 778, 324: 540, 325: 470, 326: 708, 327: 540, 328: 778, 329: 394, 330: 156, 341: 722, 342: 484, 343: 722, 344: 484, 349: 764, 350: 526, 351: 498, 352: 736, 435: 512, 436: 750, 475: 526, 476: 764, 481: 540, 482: 778, 517: 540, 518: 778, 519: 442, 520: 680, 555: 778, 556: 540, 557: 708, 558: 470, 559: 484, 560: 722, 561: 736, 562: 498, 565: 442, 566: 680, 577: 394, 578: 156, 579: 156, 580: 394, 583: 470, 584: 708, 585: 708, 586: 470, 587: 394, 588: 156, 589: 394, 590: 156, 591: 750, 592: 512, 593: 736, 594: 498, 595: 750, 596: 512, 597: 750, 598: 512, 599: 750, 600: 512, 601: 736, 602: 498, 603: 764, 604: 526, 605: 778, 606: 540, 607: 498, 608: 736, 613: 722, 614: 484, 615: 750, 616: 512, 617: 764, 618: 526, 621: 764, 622: 526, 625: 498, 626: 736, 629: 484, 630: 722, 631: 442, 632: 680, 633: 764, 634: 526, 635: 778, 636: 540, 645: 394, 646: 156, 651: 394, 652: 156, 661: 750, 662: 512, 663: 394, 664: 156, 665: 526, 666: 764, 667: 394, 668: 156, 713: 554, 714: 792, 717: 652, 718: 414, 719: 100, 720: 338, 721: 540, 722: 778, 723: 470, 724: 708, 743: 442, 744: 680, 745: 484, 746: 722, 747: 512, 748: 750, 763: 764, 764: 526, 765: 708, 766: 470, 767: 156, 768: 394, 785: 778, 786: 540, 787: 750, 788: 512, 789: 540, 790: 778, 791: 470, 792: 708, 793: 764, 794: 526, 795: 498, 796: 736, 797: 778, 798: 540, 799: 498, 800: 736, 801: 484, 802: 722, 879: 764, 880: 526}
Correct solution!
Number of lables used:  22
Time taken: 0.19 seconds
Memory used: 31.91 MB
--------------------------------------------------

Trying with at most 21 labels...
Solution:
{13: 680, 14: 442, 15: 736, 16: 498, 53: 680, 54: 442, 79: 394, 80: 156, 81: 722, 82: 484, 83: 554, 84: 792, 85: 156, 86: 394, 127: 680, 128: 442, 129: 338, 130: 100, 143: 470, 144: 708, 145: 470, 146: 708, 205: 394, 206: 156, 233: 540, 234: 778, 235: 526, 236: 764, 237: 736, 238: 498, 261: 680, 262: 442, 263: 484, 264: 722, 265: 338, 266: 100, 267: 750, 268: 512, 269: 554, 270: 792, 271: 554, 272: 792, 273: 680, 274: 442, 275: 680, 276: 442, 277: 554, 278: 792, 281: 484, 282: 722, 283: 156, 284: 394, 289: 512, 290: 750, 291: 680, 292: 442, 303: 394, 304: 156, 305: 722, 306: 484, 321: 680, 322: 442, 323: 778, 324: 540, 325: 470, 326: 708, 327: 540, 328: 778, 329: 394, 330: 156, 341: 722, 342: 484, 343: 722, 344: 484, 349: 764, 350: 526, 351: 498, 352: 736, 435: 512, 436: 750, 475: 526, 476: 764, 481: 540, 482: 778, 517: 540, 518: 778, 519: 442, 520: 680, 555: 778, 556: 540, 557: 708, 558: 470, 559: 484, 560: 722, 561: 736, 562: 498, 565: 442, 566: 680, 577: 394, 578: 156, 579: 156, 580: 394, 583: 470, 584: 708, 585: 708, 586: 470, 587: 394, 588: 156, 589: 394, 590: 156, 591: 750, 592: 512, 593: 736, 594: 498, 595: 750, 596: 512, 597: 750, 598: 512, 599: 750, 600: 512, 601: 736, 602: 498, 603: 764, 604: 526, 605: 778, 606: 540, 607: 498, 608: 736, 613: 722, 614: 484, 615: 750, 616: 512, 617: 764, 618: 526, 621: 764, 622: 526, 625: 498, 626: 736, 629: 484, 630: 722, 631: 442, 632: 680, 633: 764, 634: 526, 635: 778, 636: 540, 645: 394, 646: 156, 651: 394, 652: 156, 661: 750, 662: 512, 663: 394, 664: 156, 665: 526, 666: 764, 667: 394, 668: 156, 713: 554, 714: 792, 717: 680, 718: 442, 719: 100, 720: 338, 721: 540, 722: 778, 723: 470, 724: 708, 743: 442, 744: 680, 745: 484, 746: 722, 747: 512, 748: 750, 763: 764, 764: 526, 765: 708, 766: 470, 767: 156, 768: 394, 785: 778, 786: 540, 787: 750, 788: 512, 789: 540, 790: 778, 791: 470, 792: 708, 793: 764, 794: 526, 795: 498, 796: 736, 797: 778, 798: 540, 799: 498, 800: 736, 801: 484, 802: 722, 879: 764, 880: 526}
Correct solution!
Number of lables used:  20
Time taken: 0.19 seconds
Memory used: 32.04 MB
--------------------------------------------------

Trying with at most 19 labels...
Solution:
{13: 680, 14: 442, 15: 100, 16: 338, 53: 680, 54: 442, 79: 394, 80: 156, 81: 708, 82: 470, 83: 526, 84: 764, 85: 156, 86: 394, 127: 680, 128: 442, 129: 338, 130: 100, 143: 540, 144: 778, 145: 540, 146: 778, 205: 394, 206: 156, 233: 680, 234: 442, 235: 526, 236: 764, 237: 708, 238: 470, 261: 680, 262: 442, 263: 456, 264: 694, 265: 338, 266: 100, 267: 750, 268: 512, 269: 708, 270: 470, 271: 708, 272: 470, 273: 680, 274: 442, 275: 680, 276: 442, 277: 708, 278: 470, 281: 380, 282: 142, 283: 338, 284: 100, 289: 512, 290: 750, 291: 680, 292: 442, 303: 394, 304: 156, 305: 750, 306: 512, 321: 680, 322: 442, 323: 778, 324: 540, 325: 470, 326: 708, 327: 540, 328: 778, 329: 394, 330: 156, 341: 142, 342: 380, 343: 142, 344: 380, 349: 750, 350: 512, 351: 512, 352: 750, 435: 512, 436: 750, 475: 526, 476: 764, 481: 540, 482: 778, 517: 540, 518: 778, 519: 442, 520: 680, 555: 778, 556: 540, 557: 708, 558: 470, 559: 456, 560: 694, 561: 778, 562: 540, 565: 442, 566: 680, 577: 394, 578: 156, 579: 156, 580: 394, 583: 380, 584: 142, 585: 708, 586: 470, 587: 394, 588: 156, 589: 394, 590: 156, 591: 380, 592: 142, 593: 750, 594: 512, 595: 750, 596: 512, 597: 142, 598: 380, 599: 750, 600: 512, 601: 708, 602: 470, 603: 764, 604: 526, 605: 764, 606: 526, 607: 456, 608: 694, 613: 778, 614: 540, 615: 750, 616: 512, 617: 764, 618: 526, 621: 764, 622: 526, 625: 470, 626: 708, 629: 456, 630: 694, 631: 442, 632: 680, 633: 764, 634: 526, 635: 778, 636: 540, 645: 394, 646: 156, 651: 394, 652: 156, 661: 750, 662: 512, 663: 394, 664: 156, 665: 526, 666: 764, 667: 394, 668: 156, 713: 708, 714: 470, 717: 680, 718: 442, 719: 100, 720: 338, 721: 394, 722: 156, 723: 540, 724: 778, 743: 442, 744: 680, 745: 338, 746: 100, 747: 512, 748: 750, 763: 764, 764: 526, 765: 708, 766: 470, 767: 156, 768: 394, 785: 694, 786: 456, 787: 750, 788: 512, 789: 540, 790: 778, 791: 470, 792: 708, 793: 764, 794: 526, 795: 470, 796: 708, 797: 778, 798: 540, 799: 512, 800: 750, 801: 100, 802: 338, 879: 764, 880: 526}
Correct solution!
Number of lables used:  18
Time taken: 0.20 seconds
Memory used: 32.04 MB
--------------------------------------------------

Trying with at most 17 labels...
Solution:
{13: 750, 14: 512, 15: 750, 16: 512, 53: 680, 54: 442, 79: 394, 80: 156, 81: 708, 82: 470, 83: 456, 84: 694, 85: 394, 86: 156, 127: 680, 128: 442, 129: 338, 130: 100, 143: 540, 144: 778, 145: 540, 146: 778, 205: 394, 206: 156, 233: 680, 234: 442, 235: 512, 236: 750, 237: 708, 238: 470, 261: 680, 262: 442, 263: 456, 264: 694, 265: 338, 266: 100, 267: 750, 268: 512, 269: 708, 270: 470, 271: 708, 272: 470, 273: 680, 274: 442, 275: 680, 276: 442, 277: 708, 278: 470, 281: 380, 282: 142, 283: 338, 284: 100, 289: 512, 290: 750, 291: 680, 292: 442, 303: 394, 304: 156, 305: 750, 306: 512, 321: 778, 322: 540, 323: 708, 324: 470, 325: 470, 326: 708, 327: 540, 328: 778, 329: 394, 330: 156, 341: 142, 342: 380, 343: 142, 344: 380, 349: 750, 350: 512, 351: 540, 352: 778, 435: 512, 436: 750, 475: 680, 476: 442, 481: 540, 482: 778, 517: 540, 518: 778, 519: 442, 520: 680, 555: 778, 556: 540, 557: 100, 558: 338, 559: 456, 560: 694, 561: 778, 562: 540, 565: 442, 566: 680, 577: 394, 578: 156, 579: 156, 580: 394, 583: 380, 584: 142, 585: 708, 586: 470, 587: 394, 588: 156, 589: 394, 590: 156, 591: 380, 592: 142, 593: 750, 594: 512, 595: 750, 596: 512, 597: 142, 598: 380, 599: 694, 600: 456, 601: 708, 602: 470, 603: 778, 604: 540, 605: 708, 606: 470, 607: 456, 608: 694, 613: 778, 614: 540, 615: 750, 616: 512, 617: 778, 618: 540, 621: 750, 622: 512, 625: 470, 626: 708, 629: 456, 630: 694, 631: 442, 632: 680, 633: 750, 634: 512, 635: 778, 636: 540, 645: 394, 646: 156, 651: 394, 652: 156, 661: 750, 662: 512, 663: 394, 664: 156, 665: 442, 666: 680, 667: 394, 668: 156, 713: 708, 714: 470, 717: 680, 718: 442, 719: 100, 720: 338, 721: 394, 722: 156, 723: 540, 724: 778, 743: 442, 744: 680, 745: 338, 746: 100, 747: 512, 748: 750, 763: 750, 764: 512, 765: 708, 766: 470, 767: 156, 768: 394, 785: 708, 786: 470, 787: 750, 788: 512, 789: 540, 790: 778, 791: 470, 792: 708, 793: 750, 794: 512, 795: 470, 796: 708, 797: 778, 798: 540, 799: 512, 800: 750, 801: 100, 802: 338, 879: 512, 880: 750}
Correct solution!
Number of lables used:  16
Time taken: 0.20 seconds
Memory used: 32.16 MB
--------------------------------------------------

Trying with at most 15 labels...
Solution:
{13: 750, 14: 512, 15: 750, 16: 512, 53: 680, 54: 442, 79: 394, 80: 156, 81: 708, 82: 470, 83: 456, 84: 694, 85: 394, 86: 156, 127: 680, 128: 442, 129: 338, 130: 100, 143: 540, 144: 778, 145: 540, 146: 778, 205: 394, 206: 156, 233: 470, 234: 708, 235: 512, 236: 750, 237: 708, 238: 470, 261: 680, 262: 442, 263: 456, 264: 694, 265: 338, 266: 100, 267: 750, 268: 512, 269: 156, 270: 394, 271: 156, 272: 394, 273: 680, 274: 442, 275: 680, 276: 442, 277: 708, 278: 470, 281: 338, 282: 100, 283: 694, 284: 456, 289: 512, 290: 750, 291: 680, 292: 442, 303: 394, 304: 156, 305: 750, 306: 512, 321: 778, 322: 540, 323: 708, 324: 470, 325: 470, 326: 708, 327: 540, 328: 778, 329: 394, 330: 156, 341: 100, 342: 338, 343: 100, 344: 338, 349: 750, 350: 512, 351: 540, 352: 778, 435: 512, 436: 750, 475: 680, 476: 442, 481: 540, 482: 778, 517: 540, 518: 778, 519: 442, 520: 680, 555: 540, 556: 778, 557: 100, 558: 338, 559: 456, 560: 694, 561: 778, 562: 540, 565: 442, 566: 680, 577: 394, 578: 156, 579: 156, 580: 394, 583: 512, 584: 750, 585: 708, 586: 470, 587: 394, 588: 156, 589: 394, 590: 156, 591: 338, 592: 100, 593: 750, 594: 512, 595: 750, 596: 512, 597: 694, 598: 456, 599: 694, 600: 456, 601: 708, 602: 470, 603: 778, 604: 540, 605: 708, 606: 470, 607: 456, 608: 694, 613: 778, 614: 540, 615: 750, 616: 512, 617: 778, 618: 540, 621: 750, 622: 512, 625: 470, 626: 708, 629: 456, 630: 694, 631: 442, 632: 680, 633: 750, 634: 512, 635: 778, 636: 540, 645: 394, 646: 156, 651: 394, 652: 156, 661: 750, 662: 512, 663: 394, 664: 156, 665: 442, 666: 680, 667: 394, 668: 156, 713: 708, 714: 470, 717: 680, 718: 442, 719: 100, 720: 338, 721: 394, 722: 156, 723: 540, 724: 778, 743: 442, 744: 680, 745: 338, 746: 100, 747: 512, 748: 750, 763: 750, 764: 512, 765: 708, 766: 470, 767: 156, 768: 394, 785: 708, 786: 470, 787: 708, 788: 470, 789: 540, 790: 778, 791: 470, 792: 708, 793: 750, 794: 512, 795: 470, 796: 708, 797: 778, 798: 540, 799: 512, 800: 750, 801: 442, 802: 680, 879: 512, 880: 750}
Correct solution!
Number of lables used:  14
Time taken: 0.21 seconds
Memory used: 32.16 MB
--------------------------------------------------

Trying with at most 13 labels...
[runlim] sample:		10.0 time, 10.0 real, 52.5 MB
[runlim] sample:		20.0 time, 20.0 real, 52.5 MB
Cannot find solution.
No more solutions found.
Optimal number of labels used:  14
Time taken: 24.13 seconds
[runlim] end:			Mon Jan 12 09:00:58 2026
[runlim] status:		ok
[runlim] result:		0
[runlim] children:		0
[runlim] real:			24.23 seconds
[runlim] time:			24.09 seconds
[runlim] space:			52.6 MB
[runlim] samples:		241
