[runlim] version:		1.10
[runlim] time limit:		311040000 seconds
[runlim] real time limit:	900 seconds
[runlim] space limit:		8000 MB
[runlim] argv[0]:		python3
[runlim] argv[1]:		-u
[runlim] argv[2]:		main.py
[runlim] argv[3]:		scen03
[runlim] argv[4]:		tot
[runlim] argv[5]:		incremental
[runlim] start:			Mon Jan 12 09:00:58 2026
[runlim] main pid:		195911
Solve first problem:
Solution:
{13: 254, 14: 16, 15: 254, 16: 16, 23: 142, 24: 380, 49: 310, 50: 72, 51: 16, 52: 254, 53: 338, 54: 100, 67: 156, 68: 394, 69: 254, 70: 16, 79: 254, 80: 16, 81: 268, 82: 30, 83: 680, 84: 442, 85: 352, 86: 114, 103: 268, 104: 30, 105: 254, 106: 16, 117: 750, 118: 512, 119: 708, 120: 470, 127: 142, 128: 380, 129: 310, 130: 72, 143: 666, 144: 428, 145: 254, 146: 16, 151: 764, 152: 526, 153: 694, 154: 456, 155: 652, 156: 414, 157: 30, 158: 268, 179: 156, 180: 394, 181: 380, 182: 142, 183: 736, 184: 498, 191: 366, 192: 128, 193: 296, 194: 58, 205: 254, 206: 16, 209: 142, 210: 380, 211: 58, 212: 296, 213: 254, 214: 16, 215: 296, 216: 58, 217: 296, 218: 58, 233: 750, 234: 512, 235: 338, 236: 100, 237: 380, 238: 142, 261: 254, 262: 16, 263: 352, 264: 114, 265: 324, 266: 86, 267: 254, 268: 16, 269: 254, 270: 16, 271: 254, 272: 16, 273: 324, 274: 86, 275: 324, 276: 86, 277: 268, 278: 30, 281: 366, 282: 128, 283: 296, 284: 58, 285: 366, 286: 128, 287: 254, 288: 16, 289: 254, 290: 16, 291: 324, 292: 86, 293: 380, 294: 142, 295: 324, 296: 86, 299: 366, 300: 128, 301: 282, 302: 44, 303: 680, 304: 442, 305: 352, 306: 114, 307: 30, 308: 268, 309: 338, 310: 100, 311: 254, 312: 16, 313: 254, 314: 16, 321: 254, 322: 16, 323: 254, 324: 16, 325: 666, 326: 428, 327: 338, 328: 100, 329: 254, 330: 16, 339: 352, 340: 114, 341: 44, 342: 282, 343: 44, 344: 282, 345: 394, 346: 156, 347: 324, 348: 86, 349: 680, 350: 442, 351: 30, 352: 268, 355: 44, 356: 282, 357: 268, 358: 30, 359: 666, 360: 428, 361: 338, 362: 100, 363: 268, 364: 30, 365: 380, 366: 142, 367: 310, 368: 72, 369: 128, 370: 366, 371: 254, 372: 16, 375: 282, 376: 44, 377: 666, 378: 428, 383: 338, 384: 100, 387: 366, 388: 128, 397: 394, 398: 156, 401: 114, 402: 352, 405: 114, 406: 352, 435: 366, 436: 128, 439: 310, 440: 72, 449: 100, 450: 338, 471: 254, 472: 16, 475: 338, 476: 100, 477: 268, 478: 30, 481: 352, 482: 114, 491: 310, 492: 72, 493: 268, 494: 30, 495: 254, 496: 16, 517: 268, 518: 30, 519: 338, 520: 100, 525: 282, 526: 44, 533: 282, 534: 44, 535: 254, 536: 16, 547: 324, 548: 86, 555: 128, 556: 366, 557: 666, 558: 428, 559: 58, 560: 296, 561: 380, 562: 142, 563: 666, 564: 428, 565: 114, 566: 352, 573: 268, 574: 30, 575: 114, 576: 352, 577: 366, 578: 128, 579: 352, 580: 114, 581: 352, 582: 114, 583: 666, 584: 428, 585: 338, 586: 100, 587: 254, 588: 16, 589: 366, 590: 128, 591: 352, 592: 114, 593: 100, 594: 338, 595: 296, 596: 58, 597: 268, 598: 30, 599: 142, 600: 380, 601: 282, 602: 44, 603: 268, 604: 30, 605: 268, 606: 30, 607: 352, 608: 114, 613: 100, 614: 338, 615: 282, 616: 44, 617: 268, 618: 30, 619: 352, 620: 114, 621: 338, 622: 100, 623: 338, 624: 100, 625: 268, 626: 30, 629: 282, 630: 44, 631: 268, 632: 30, 633: 282, 634: 44, 635: 268, 636: 30, 637: 254, 638: 16, 639: 268, 640: 30, 641: 380, 642: 142, 643: 338, 644: 100, 645: 296, 646: 58, 651: 352, 652: 114, 653: 254, 654: 16, 661: 254, 662: 16, 663: 394, 664: 156, 665: 366, 666: 128, 667: 268, 668: 30, 671: 254, 672: 16, 713: 268, 714: 30, 715: 254, 716: 16, 717: 394, 718: 156, 719: 324, 720: 86, 721: 254, 722: 16, 723: 254, 724: 16, 725: 254, 726: 16, 727: 254, 728: 16, 733: 268, 734: 30, 741: 268, 742: 30, 743: 44, 744: 282, 745: 268, 746: 30, 747: 324, 748: 86, 757: 338, 758: 100, 759: 268, 760: 30, 763: 268, 764: 30, 765: 254, 766: 16, 767: 296, 768: 58, 769: 268, 770: 30, 771: 338, 772: 100, 773: 254, 774: 16, 783: 268, 784: 30, 785: 254, 786: 16, 787: 268, 788: 30, 789: 338, 790: 100, 791: 268, 792: 30, 793: 338, 794: 100, 795: 268, 796: 30, 797: 352, 798: 114, 799: 282, 800: 44, 801: 268, 802: 30, 815: 338, 816: 100, 817: 268, 818: 30, 825: 282, 826: 44, 827: 324, 828: 86, 829: 254, 830: 16, 835: 44, 836: 282, 837: 268, 838: 30, 867: 352, 868: 114, 875: 310, 876: 72, 877: 282, 878: 44, 879: 324, 880: 86, 881: 268, 882: 30, 893: 268, 894: 30, 903: 254, 904: 16, 911: 254, 912: 16}
Correct solution!
Number of lables used:  38
Time taken: 0.37 seconds
Memory used: 43.17 MB
--------------------------------------------------

Trying with at most 37 labels...
Solution:
{13: 254, 14: 16, 15: 254, 16: 16, 23: 750, 24: 512, 49: 498, 50: 736, 51: 16, 52: 254, 53: 470, 54: 708, 67: 736, 68: 498, 69: 282, 70: 44, 79: 254, 80: 16, 81: 282, 82: 44, 83: 694, 84: 456, 85: 554, 86: 792, 103: 708, 104: 470, 105: 16, 106: 254, 117: 792, 118: 554, 119: 764, 120: 526, 127: 694, 128: 456, 129: 792, 130: 554, 143: 792, 144: 554, 145: 722, 146: 484, 151: 554, 152: 792, 153: 470, 154: 708, 155: 554, 156: 792, 157: 484, 158: 722, 179: 254, 180: 16, 181: 282, 182: 44, 183: 722, 184: 484, 191: 282, 192: 44, 193: 694, 194: 456, 205: 498, 206: 736, 209: 44, 210: 282, 211: 778, 212: 540, 213: 498, 214: 736, 215: 254, 216: 16, 217: 736, 218: 498, 233: 470, 234: 708, 235: 44, 236: 282, 237: 456, 238: 694, 261: 282, 262: 44, 263: 554, 264: 792, 265: 540, 266: 778, 267: 456, 268: 694, 269: 764, 270: 526, 271: 764, 272: 526, 273: 456, 274: 694, 275: 456, 276: 694, 277: 764, 278: 526, 281: 778, 282: 540, 283: 708, 284: 470, 285: 484, 286: 722, 287: 282, 288: 44, 289: 44, 290: 282, 291: 16, 292: 254, 293: 240, 294: 478, 295: 470, 296: 708, 299: 456, 300: 694, 301: 526, 302: 764, 303: 540, 304: 778, 305: 470, 306: 708, 307: 254, 308: 16, 309: 44, 310: 282, 311: 792, 312: 554, 313: 764, 314: 526, 321: 254, 322: 16, 323: 254, 324: 16, 325: 540, 326: 778, 327: 470, 328: 708, 329: 254, 330: 16, 339: 44, 340: 282, 341: 456, 342: 694, 343: 456, 344: 694, 345: 708, 346: 470, 347: 778, 348: 540, 349: 778, 350: 540, 351: 456, 352: 694, 355: 456, 356: 694, 357: 736, 358: 498, 359: 750, 360: 512, 361: 512, 362: 750, 363: 708, 364: 470, 365: 44, 366: 282, 367: 736, 368: 498, 369: 526, 370: 764, 371: 254, 372: 16, 375: 540, 376: 778, 377: 512, 378: 750, 383: 44, 384: 282, 387: 470, 388: 708, 397: 554, 398: 792, 401: 736, 402: 498, 405: 540, 406: 778, 435: 470, 436: 708, 439: 526, 440: 764, 449: 694, 450: 456, 471: 282, 472: 44, 475: 456, 476: 694, 477: 708, 478: 470, 481: 282, 482: 44, 491: 722, 492: 484, 493: 778, 494: 540, 495: 44, 496: 282, 517: 694, 518: 456, 519: 44, 520: 282, 525: 736, 526: 498, 533: 694, 534: 456, 535: 282, 536: 44, 547: 16, 548: 254, 555: 540, 556: 778, 557: 750, 558: 512, 559: 750, 560: 512, 561: 708, 562: 470, 563: 694, 564: 456, 565: 736, 566: 498, 573: 708, 574: 470, 575: 722, 576: 484, 577: 694, 578: 456, 579: 282, 580: 44, 581: 16, 582: 254, 583: 44, 584: 282, 585: 254, 586: 16, 587: 694, 588: 456, 589: 16, 590: 254, 591: 736, 592: 498, 593: 778, 594: 540, 595: 764, 596: 526, 597: 736, 598: 498, 599: 778, 600: 540, 601: 456, 602: 694, 603: 44, 604: 282, 605: 750, 606: 512, 607: 722, 608: 484, 613: 778, 614: 540, 615: 282, 616: 44, 617: 750, 618: 512, 619: 498, 620: 736, 621: 764, 622: 526, 623: 526, 624: 764, 625: 694, 626: 456, 629: 750, 630: 512, 631: 708, 632: 470, 633: 750, 634: 512, 635: 44, 636: 282, 637: 282, 638: 44, 639: 750, 640: 512, 641: 498, 642: 736, 643: 456, 644: 694, 645: 16, 646: 254, 651: 16, 652: 254, 653: 708, 654: 470, 661: 750, 662: 512, 663: 16, 664: 254, 665: 456, 666: 694, 667: 750, 668: 512, 671: 282, 672: 44, 713: 764, 714: 526, 715: 282, 716: 44, 717: 254, 718: 16, 719: 456, 720: 694, 721: 722, 722: 484, 723: 44, 724: 282, 725: 282, 726: 44, 727: 282, 728: 44, 733: 750, 734: 512, 741: 554, 742: 792, 743: 44, 744: 282, 745: 708, 746: 470, 747: 708, 748: 470, 757: 44, 758: 282, 759: 750, 760: 512, 763: 750, 764: 512, 765: 282, 766: 44, 767: 722, 768: 484, 769: 778, 770: 540, 771: 456, 772: 694, 773: 708, 774: 470, 783: 750, 784: 512, 785: 282, 786: 44, 787: 470, 788: 708, 789: 44, 790: 282, 791: 750, 792: 512, 793: 44, 794: 282, 795: 750, 796: 512, 797: 456, 798: 694, 799: 750, 800: 512, 801: 44, 802: 282, 815: 44, 816: 282, 817: 694, 818: 456, 825: 282, 826: 44, 827: 540, 828: 778, 829: 778, 830: 540, 835: 470, 836: 708, 837: 750, 838: 512, 867: 540, 868: 778, 875: 708, 876: 470, 877: 722, 878: 484, 879: 750, 880: 512, 881: 750, 882: 512, 893: 708, 894: 470, 903: 254, 904: 16, 911: 750, 912: 512}
Correct solution!
Number of lables used:  22
Time taken: 0.40 seconds
Memory used: 44.17 MB
--------------------------------------------------

Trying with at most 21 labels...
Solution:
{13: 254, 14: 16, 15: 254, 16: 16, 23: 722, 24: 484, 49: 498, 50: 736, 51: 16, 52: 254, 53: 470, 54: 708, 67: 736, 68: 498, 69: 282, 70: 44, 79: 254, 80: 16, 81: 282, 82: 44, 83: 694, 84: 456, 85: 554, 86: 792, 103: 708, 104: 470, 105: 16, 106: 254, 117: 792, 118: 554, 119: 764, 120: 526, 127: 694, 128: 456, 129: 792, 130: 554, 143: 792, 144: 554, 145: 722, 146: 484, 151: 554, 152: 792, 153: 470, 154: 708, 155: 554, 156: 792, 157: 484, 158: 722, 179: 254, 180: 16, 181: 380, 182: 142, 183: 722, 184: 484, 191: 282, 192: 44, 193: 142, 194: 380, 205: 498, 206: 736, 209: 44, 210: 282, 211: 778, 212: 540, 213: 498, 214: 736, 215: 254, 216: 16, 217: 456, 218: 694, 233: 470, 234: 708, 235: 44, 236: 282, 237: 456, 238: 694, 261: 282, 262: 44, 263: 554, 264: 792, 265: 540, 266: 778, 267: 456, 268: 694, 269: 764, 270: 526, 271: 764, 272: 526, 273: 456, 274: 694, 275: 456, 276: 694, 277: 764, 278: 526, 281: 778, 282: 540, 283: 708, 284: 470, 285: 484, 286: 722, 287: 282, 288: 44, 289: 44, 290: 282, 291: 16, 292: 254, 293: 142, 294: 380, 295: 470, 296: 708, 299: 456, 300: 694, 301: 526, 302: 764, 303: 540, 304: 778, 305: 470, 306: 708, 307: 254, 308: 16, 309: 44, 310: 282, 311: 792, 312: 554, 313: 764, 314: 526, 321: 254, 322: 16, 323: 254, 324: 16, 325: 540, 326: 778, 327: 470, 328: 708, 329: 254, 330: 16, 339: 44, 340: 282, 341: 456, 342: 694, 343: 456, 344: 694, 345: 708, 346: 470, 347: 778, 348: 540, 349: 778, 350: 540, 351: 456, 352: 694, 355: 456, 356: 694, 357: 722, 358: 484, 359: 764, 360: 526, 361: 498, 362: 736, 363: 708, 364: 470, 365: 44, 366: 282, 367: 778, 368: 540, 369: 526, 370: 764, 371: 254, 372: 16, 375: 540, 376: 778, 377: 540, 378: 778, 383: 44, 384: 282, 387: 540, 388: 778, 397: 554, 398: 792, 401: 736, 402: 498, 405: 44, 406: 282, 435: 470, 436: 708, 439: 526, 440: 764, 449: 694, 450: 456, 471: 282, 472: 44, 475: 456, 476: 694, 477: 694, 478: 456, 481: 282, 482: 44, 491: 694, 492: 456, 493: 778, 494: 540, 495: 44, 496: 282, 517: 694, 518: 456, 519: 44, 520: 282, 525: 736, 526: 498, 533: 694, 534: 456, 535: 282, 536: 44, 547: 16, 548: 254, 555: 540, 556: 778, 557: 736, 558: 498, 559: 736, 560: 498, 561: 708, 562: 470, 563: 694, 564: 456, 565: 764, 566: 526, 573: 708, 574: 470, 575: 722, 576: 484, 577: 694, 578: 456, 579: 282, 580: 44, 581: 16, 582: 254, 583: 44, 584: 282, 585: 254, 586: 16, 587: 736, 588: 498, 589: 16, 590: 254, 591: 736, 592: 498, 593: 778, 594: 540, 595: 764, 596: 526, 597: 708, 598: 470, 599: 778, 600: 540, 601: 456, 602: 694, 603: 44, 604: 282, 605: 694, 606: 456, 607: 722, 608: 484, 613: 778, 614: 540, 615: 44, 616: 282, 617: 722, 618: 484, 619: 498, 620: 736, 621: 764, 622: 526, 623: 540, 624: 778, 625: 694, 626: 456, 629: 736, 630: 498, 631: 708, 632: 470, 633: 764, 634: 526, 635: 44, 636: 282, 637: 282, 638: 44, 639: 764, 640: 526, 641: 498, 642: 736, 643: 456, 644: 694, 645: 16, 646: 254, 651: 16, 652: 254, 653: 764, 654: 526, 661: 736, 662: 498, 663: 16, 664: 254, 665: 554, 666: 792, 667: 380, 668: 142, 671: 282, 672: 44, 713: 764, 714: 526, 715: 282, 716: 44, 717: 254, 718: 16, 719: 456, 720: 694, 721: 722, 722: 484, 723: 44, 724: 282, 725: 282, 726: 44, 727: 282, 728: 44, 733: 708, 734: 470, 741: 470, 742: 708, 743: 44, 744: 282, 745: 708, 746: 470, 747: 708, 748: 470, 757: 44, 758: 282, 759: 764, 760: 526, 763: 736, 764: 498, 765: 282, 766: 44, 767: 694, 768: 456, 769: 778, 770: 540, 771: 456, 772: 694, 773: 764, 774: 526, 783: 736, 784: 498, 785: 282, 786: 44, 787: 470, 788: 708, 789: 44, 790: 282, 791: 722, 792: 484, 793: 44, 794: 282, 795: 736, 796: 498, 797: 456, 798: 694, 799: 736, 800: 498, 801: 44, 802: 282, 815: 44, 816: 282, 817: 694, 818: 456, 825: 44, 826: 282, 827: 540, 828: 778, 829: 778, 830: 540, 835: 380, 836: 142, 837: 456, 838: 694, 867: 540, 868: 778, 875: 708, 876: 470, 877: 722, 878: 484, 879: 778, 880: 540, 881: 764, 882: 526, 893: 708, 894: 470, 903: 254, 904: 16, 911: 736, 912: 498}
Correct solution!
Number of lables used:  20
Time taken: 0.41 seconds
Memory used: 44.42 MB
--------------------------------------------------

Trying with at most 19 labels...
Solution:
{13: 254, 14: 16, 15: 254, 16: 16, 23: 694, 24: 456, 49: 498, 50: 736, 51: 16, 52: 254, 53: 470, 54: 708, 67: 736, 68: 498, 69: 282, 70: 44, 79: 254, 80: 16, 81: 282, 82: 44, 83: 470, 84: 708, 85: 540, 86: 778, 103: 708, 104: 470, 105: 16, 106: 254, 117: 792, 118: 554, 119: 764, 120: 526, 127: 694, 128: 456, 129: 792, 130: 554, 143: 792, 144: 554, 145: 142, 146: 380, 151: 554, 152: 792, 153: 470, 154: 708, 155: 526, 156: 764, 157: 456, 158: 694, 179: 254, 180: 16, 181: 254, 182: 16, 183: 142, 184: 380, 191: 282, 192: 44, 193: 142, 194: 380, 205: 470, 206: 708, 209: 44, 210: 282, 211: 778, 212: 540, 213: 498, 214: 736, 215: 254, 216: 16, 217: 456, 218: 694, 233: 470, 234: 708, 235: 44, 236: 282, 237: 456, 238: 694, 261: 282, 262: 44, 263: 554, 264: 792, 265: 540, 266: 778, 267: 456, 268: 694, 269: 764, 270: 526, 271: 764, 272: 526, 273: 456, 274: 694, 275: 456, 276: 694, 277: 764, 278: 526, 281: 778, 282: 540, 283: 708, 284: 470, 285: 498, 286: 736, 287: 282, 288: 44, 289: 44, 290: 282, 291: 16, 292: 254, 293: 142, 294: 380, 295: 470, 296: 708, 299: 456, 300: 694, 301: 526, 302: 764, 303: 540, 304: 778, 305: 470, 306: 708, 307: 254, 308: 16, 309: 44, 310: 282, 311: 792, 312: 554, 313: 764, 314: 526, 321: 254, 322: 16, 323: 254, 324: 16, 325: 540, 326: 778, 327: 470, 328: 708, 329: 254, 330: 16, 339: 44, 340: 282, 341: 540, 342: 778, 343: 498, 344: 736, 345: 708, 346: 470, 347: 792, 348: 554, 349: 778, 350: 540, 351: 456, 352: 694, 355: 456, 356: 694, 357: 694, 358: 456, 359: 764, 360: 526, 361: 498, 362: 736, 363: 708, 364: 470, 365: 44, 366: 282, 367: 778, 368: 540, 369: 526, 370: 764, 371: 254, 372: 16, 375: 540, 376: 778, 377: 540, 378: 778, 383: 44, 384: 282, 387: 540, 388: 778, 397: 554, 398: 792, 401: 736, 402: 498, 405: 44, 406: 282, 435: 470, 436: 708, 439: 526, 440: 764, 449: 694, 450: 456, 471: 282, 472: 44, 475: 456, 476: 694, 477: 694, 478: 456, 481: 282, 482: 44, 491: 708, 492: 470, 493: 778, 494: 540, 495: 44, 496: 282, 517: 694, 518: 456, 519: 44, 520: 282, 525: 736, 526: 498, 533: 694, 534: 456, 535: 282, 536: 44, 547: 16, 548: 254, 555: 540, 556: 778, 557: 142, 558: 380, 559: 736, 560: 498, 561: 708, 562: 470, 563: 694, 564: 456, 565: 764, 566: 526, 573: 708, 574: 470, 575: 44, 576: 282, 577: 694, 578: 456, 579: 282, 580: 44, 581: 16, 582: 254, 583: 44, 584: 282, 585: 254, 586: 16, 587: 736, 588: 498, 589: 16, 590: 254, 591: 736, 592: 498, 593: 764, 594: 526, 595: 764, 596: 526, 597: 708, 598: 470, 599: 708, 600: 470, 601: 456, 602: 694, 603: 44, 604: 282, 605: 694, 606: 456, 607: 708, 608: 470, 613: 736, 614: 498, 615: 44, 616: 282, 617: 736, 618: 498, 619: 498, 620: 736, 621: 764, 622: 526, 623: 540, 624: 778, 625: 694, 626: 456, 629: 736, 630: 498, 631: 694, 632: 456, 633: 764, 634: 526, 635: 44, 636: 282, 637: 282, 638: 44, 639: 764, 640: 526, 641: 498, 642: 736, 643: 456, 644: 694, 645: 16, 646: 254, 651: 16, 652: 254, 653: 764, 654: 526, 661: 736, 662: 498, 663: 16, 664: 254, 665: 456, 666: 694, 667: 16, 668: 254, 671: 282, 672: 44, 713: 764, 714: 526, 715: 282, 716: 44, 717: 254, 718: 16, 719: 456, 720: 694, 721: 44, 722: 282, 723: 44, 724: 282, 725: 282, 726: 44, 727: 282, 728: 44, 733: 708, 734: 470, 741: 470, 742: 708, 743: 44, 744: 282, 745: 142, 746: 380, 747: 456, 748: 694, 757: 44, 758: 282, 759: 764, 760: 526, 763: 736, 764: 498, 765: 282, 766: 44, 767: 778, 768: 540, 769: 778, 770: 540, 771: 456, 772: 694, 773: 764, 774: 526, 783: 736, 784: 498, 785: 282, 786: 44, 787: 456, 788: 694, 789: 44, 790: 282, 791: 456, 792: 694, 793: 44, 794: 282, 795: 736, 796: 498, 797: 456, 798: 694, 799: 736, 800: 498, 801: 44, 802: 282, 815: 44, 816: 282, 817: 694, 818: 456, 825: 44, 826: 282, 827: 540, 828: 778, 829: 778, 830: 540, 835: 380, 836: 142, 837: 456, 838: 694, 867: 540, 868: 778, 875: 708, 876: 470, 877: 736, 878: 498, 879: 778, 880: 540, 881: 764, 882: 526, 893: 708, 894: 470, 903: 254, 904: 16, 911: 736, 912: 498}
Correct solution!
Number of lables used:  18
Time taken: 0.42 seconds
Memory used: 44.42 MB
--------------------------------------------------

Trying with at most 17 labels...
Solution:
{13: 254, 14: 16, 15: 254, 16: 16, 23: 694, 24: 456, 49: 498, 50: 736, 51: 16, 52: 254, 53: 470, 54: 708, 67: 736, 68: 498, 69: 282, 70: 44, 79: 254, 80: 16, 81: 282, 82: 44, 83: 470, 84: 708, 85: 540, 86: 778, 103: 708, 104: 470, 105: 16, 106: 254, 117: 708, 118: 470, 119: 736, 120: 498, 127: 254, 128: 16, 129: 778, 130: 540, 143: 708, 144: 470, 145: 142, 146: 380, 151: 526, 152: 764, 153: 282, 154: 44, 155: 526, 156: 764, 157: 456, 158: 694, 179: 254, 180: 16, 181: 254, 182: 16, 183: 694, 184: 456, 191: 142, 192: 380, 193: 44, 194: 282, 205: 498, 206: 736, 209: 708, 210: 470, 211: 380, 212: 142, 213: 498, 214: 736, 215: 254, 216: 16, 217: 142, 218: 380, 233: 470, 234: 708, 235: 44, 236: 282, 237: 456, 238: 694, 261: 282, 262: 44, 263: 380, 264: 142, 265: 540, 266: 778, 267: 456, 268: 694, 269: 764, 270: 526, 271: 764, 272: 526, 273: 456, 274: 694, 275: 456, 276: 694, 277: 764, 278: 526, 281: 778, 282: 540, 283: 694, 284: 456, 285: 498, 286: 736, 287: 282, 288: 44, 289: 44, 290: 282, 291: 16, 292: 254, 293: 142, 294: 380, 295: 470, 296: 708, 299: 282, 300: 44, 301: 526, 302: 764, 303: 540, 304: 778, 305: 470, 306: 708, 307: 254, 308: 16, 309: 44, 310: 282, 311: 764, 312: 526, 313: 764, 314: 526, 321: 254, 322: 16, 323: 254, 324: 16, 325: 540, 326: 778, 327: 470, 328: 708, 329: 254, 330: 16, 339: 44, 340: 282, 341: 498, 342: 736, 343: 498, 344: 736, 345: 708, 346: 470, 347: 778, 348: 540, 349: 778, 350: 540, 351: 456, 352: 694, 355: 456, 356: 694, 357: 694, 358: 456, 359: 764, 360: 526, 361: 498, 362: 736, 363: 708, 364: 470, 365: 44, 366: 282, 367: 778, 368: 540, 369: 540, 370: 778, 371: 282, 372: 44, 375: 694, 376: 456, 377: 526, 378: 764, 383: 44, 384: 282, 387: 526, 388: 764, 397: 540, 398: 778, 401: 380, 402: 142, 405: 380, 406: 142, 435: 470, 436: 708, 439: 764, 440: 526, 449: 282, 450: 44, 471: 282, 472: 44, 475: 456, 476: 694, 477: 736, 478: 498, 481: 282, 482: 44, 491: 708, 492: 470, 493: 778, 494: 540, 495: 44, 496: 282, 517: 694, 518: 456, 519: 44, 520: 282, 525: 736, 526: 498, 533: 694, 534: 456, 535: 282, 536: 44, 547: 16, 548: 254, 555: 540, 556: 778, 557: 142, 558: 380, 559: 736, 560: 498, 561: 708, 562: 470, 563: 778, 564: 540, 565: 764, 566: 526, 573: 708, 574: 470, 575: 380, 576: 142, 577: 694, 578: 456, 579: 282, 580: 44, 581: 16, 582: 254, 583: 44, 584: 282, 585: 254, 586: 16, 587: 736, 588: 498, 589: 16, 590: 254, 591: 736, 592: 498, 593: 764, 594: 526, 595: 764, 596: 526, 597: 708, 598: 470, 599: 708, 600: 470, 601: 456, 602: 694, 603: 44, 604: 282, 605: 694, 606: 456, 607: 708, 608: 470, 613: 736, 614: 498, 615: 526, 616: 764, 617: 694, 618: 456, 619: 142, 620: 380, 621: 764, 622: 526, 623: 540, 624: 778, 625: 694, 626: 456, 629: 736, 630: 498, 631: 694, 632: 456, 633: 764, 634: 526, 635: 44, 636: 282, 637: 282, 638: 44, 639: 764, 640: 526, 641: 540, 642: 778, 643: 498, 644: 736, 645: 16, 646: 254, 651: 16, 652: 254, 653: 778, 654: 540, 661: 736, 662: 498, 663: 16, 664: 254, 665: 456, 666: 694, 667: 16, 668: 254, 671: 254, 672: 16, 713: 764, 714: 526, 715: 282, 716: 44, 717: 254, 718: 16, 719: 456, 720: 694, 721: 44, 722: 282, 723: 44, 724: 282, 725: 282, 726: 44, 727: 282, 728: 44, 733: 708, 734: 470, 741: 470, 742: 708, 743: 44, 744: 282, 745: 142, 746: 380, 747: 456, 748: 694, 757: 44, 758: 282, 759: 764, 760: 526, 763: 736, 764: 498, 765: 282, 766: 44, 767: 778, 768: 540, 769: 470, 770: 708, 771: 456, 772: 694, 773: 764, 774: 526, 783: 736, 784: 498, 785: 282, 786: 44, 787: 456, 788: 694, 789: 44, 790: 282, 791: 456, 792: 694, 793: 44, 794: 282, 795: 736, 796: 498, 797: 456, 798: 694, 799: 736, 800: 498, 801: 44, 802: 282, 815: 44, 816: 282, 817: 708, 818: 470, 825: 44, 826: 282, 827: 736, 828: 498, 829: 142, 830: 380, 835: 380, 836: 142, 837: 456, 838: 694, 867: 540, 868: 778, 875: 708, 876: 470, 877: 736, 878: 498, 879: 778, 880: 540, 881: 764, 882: 526, 893: 708, 894: 470, 903: 254, 904: 16, 911: 540, 912: 778}
Correct solution!
Number of lables used:  16
Time taken: 0.43 seconds
Memory used: 44.67 MB
--------------------------------------------------

Trying with at most 15 labels...
Solution:
{13: 380, 14: 142, 15: 380, 16: 142, 23: 72, 24: 310, 49: 72, 50: 310, 51: 380, 52: 142, 53: 470, 54: 708, 67: 708, 68: 470, 69: 282, 70: 44, 79: 268, 80: 30, 81: 282, 82: 44, 83: 540, 84: 778, 85: 470, 86: 708, 103: 708, 104: 470, 105: 380, 106: 142, 117: 708, 118: 470, 119: 778, 120: 540, 127: 44, 128: 282, 129: 778, 130: 540, 143: 778, 144: 540, 145: 44, 146: 282, 151: 72, 152: 310, 153: 708, 154: 470, 155: 540, 156: 778, 157: 470, 158: 708, 179: 44, 180: 282, 181: 268, 182: 30, 183: 352, 184: 114, 191: 142, 192: 380, 193: 44, 194: 282, 205: 310, 206: 72, 209: 540, 210: 778, 211: 380, 212: 142, 213: 310, 214: 72, 215: 72, 216: 310, 217: 30, 218: 268, 233: 310, 234: 72, 235: 380, 236: 142, 237: 470, 238: 708, 261: 282, 262: 44, 263: 114, 264: 352, 265: 142, 266: 380, 267: 778, 268: 540, 269: 380, 270: 142, 271: 380, 272: 142, 273: 470, 274: 708, 275: 470, 276: 708, 277: 380, 278: 142, 281: 708, 282: 470, 283: 72, 284: 310, 285: 380, 286: 142, 287: 282, 288: 44, 289: 44, 290: 282, 291: 352, 292: 114, 293: 142, 294: 380, 295: 470, 296: 708, 299: 708, 300: 470, 301: 268, 302: 30, 303: 540, 304: 778, 305: 310, 306: 72, 307: 30, 308: 268, 309: 352, 310: 114, 311: 380, 312: 142, 313: 310, 314: 72, 321: 380, 322: 142, 323: 380, 324: 142, 325: 142, 326: 380, 327: 470, 328: 708, 329: 268, 330: 30, 339: 44, 340: 282, 341: 268, 342: 30, 343: 268, 344: 30, 345: 72, 346: 310, 347: 142, 348: 380, 349: 778, 350: 540, 351: 778, 352: 540, 355: 30, 356: 268, 357: 142, 358: 380, 359: 142, 360: 380, 361: 778, 362: 540, 363: 708, 364: 470, 365: 44, 366: 282, 367: 778, 368: 540, 369: 72, 370: 310, 371: 380, 372: 142, 375: 540, 376: 778, 377: 540, 378: 778, 383: 44, 384: 282, 387: 778, 388: 540, 397: 470, 398: 708, 401: 380, 402: 142, 405: 44, 406: 282, 435: 470, 436: 708, 439: 470, 440: 708, 449: 72, 450: 310, 471: 282, 472: 44, 475: 778, 476: 540, 477: 470, 478: 708, 481: 282, 482: 44, 491: 708, 492: 470, 493: 778, 494: 540, 495: 44, 496: 282, 517: 142, 518: 380, 519: 44, 520: 282, 525: 142, 526: 380, 533: 142, 534: 380, 535: 282, 536: 44, 547: 352, 548: 114, 555: 114, 556: 352, 557: 44, 558: 282, 559: 708, 560: 470, 561: 72, 562: 310, 563: 310, 564: 72, 565: 114, 566: 352, 573: 708, 574: 470, 575: 380, 576: 142, 577: 114, 578: 352, 579: 282, 580: 44, 581: 380, 582: 142, 583: 44, 584: 282, 585: 282, 586: 44, 587: 708, 588: 470, 589: 352, 590: 114, 591: 142, 592: 380, 593: 72, 594: 310, 595: 708, 596: 470, 597: 114, 598: 352, 599: 72, 600: 310, 601: 778, 602: 540, 603: 44, 604: 282, 605: 142, 606: 380, 607: 778, 608: 540, 613: 142, 614: 380, 615: 708, 616: 470, 617: 142, 618: 380, 619: 142, 620: 380, 621: 708, 622: 470, 623: 778, 624: 540, 625: 142, 626: 380, 629: 708, 630: 470, 631: 142, 632: 380, 633: 708, 634: 470, 635: 44, 636: 282, 637: 282, 638: 44, 639: 708, 640: 470, 641: 30, 642: 268, 643: 778, 644: 540, 645: 72, 646: 310, 651: 380, 652: 142, 653: 708, 654: 470, 661: 708, 662: 470, 663: 282, 664: 44, 665: 708, 666: 470, 667: 282, 668: 44, 671: 352, 672: 114, 713: 380, 714: 142, 715: 380, 716: 142, 717: 310, 718: 72, 719: 380, 720: 142, 721: 44, 722: 282, 723: 44, 724: 282, 725: 282, 726: 44, 727: 282, 728: 44, 733: 708, 734: 470, 741: 380, 742: 142, 743: 268, 744: 30, 745: 142, 746: 380, 747: 352, 748: 114, 757: 30, 758: 268, 759: 310, 760: 72, 763: 44, 764: 282, 765: 282, 766: 44, 767: 778, 768: 540, 769: 708, 770: 470, 771: 352, 772: 114, 773: 708, 774: 470, 783: 142, 784: 380, 785: 30, 786: 268, 787: 470, 788: 708, 789: 44, 790: 282, 791: 470, 792: 708, 793: 44, 794: 282, 795: 380, 796: 142, 797: 470, 798: 708, 799: 352, 800: 114, 801: 268, 802: 30, 815: 44, 816: 282, 817: 708, 818: 470, 825: 268, 826: 30, 827: 778, 828: 540, 829: 142, 830: 380, 835: 352, 836: 114, 837: 470, 838: 708, 867: 540, 868: 778, 875: 778, 876: 540, 877: 708, 878: 470, 879: 142, 880: 380, 881: 268, 882: 30, 893: 708, 894: 470, 903: 268, 904: 30, 911: 380, 912: 142}
Correct solution!
Number of lables used:  14
Time taken: 0.46 seconds
Memory used: 44.67 MB
--------------------------------------------------

Trying with at most 13 labels...
[runlim] sample:		10.0 time, 10.2 real, 68.8 MB
[runlim] sample:		20.0 time, 20.2 real, 78.5 MB
[runlim] sample:		30.0 time, 30.2 real, 60.2 MB
[runlim] sample:		40.0 time, 40.2 real, 74.6 MB
[runlim] sample:		50.0 time, 50.2 real, 75.4 MB
[runlim] sample:		60.0 time, 60.2 real, 76.3 MB
[runlim] sample:		70.0 time, 70.2 real, 76.6 MB
[runlim] sample:		80.0 time, 80.2 real, 76.8 MB
[runlim] sample:		90.0 time, 90.2 real, 78.3 MB
[runlim] sample:		100.0 time, 100.2 real, 78.6 MB
[runlim] sample:		110.0 time, 110.2 real, 91.8 MB
[runlim] sample:		120.0 time, 120.2 real, 96.7 MB
[runlim] sample:		130.0 time, 130.2 real, 96.7 MB
[runlim] sample:		140.0 time, 140.2 real, 96.7 MB
[runlim] sample:		150.0 time, 150.2 real, 96.8 MB
[runlim] sample:		160.0 time, 160.2 real, 97.2 MB
[runlim] sample:		170.0 time, 170.2 real, 97.2 MB
[runlim] sample:		180.0 time, 180.2 real, 97.7 MB
[runlim] sample:		190.0 time, 190.2 real, 97.7 MB
[runlim] sample:		200.0 time, 200.2 real, 98.1 MB
[runlim] sample:		210.0 time, 210.2 real, 98.2 MB
[runlim] sample:		220.0 time, 220.2 real, 98.6 MB
[runlim] sample:		230.0 time, 230.2 real, 98.7 MB
[runlim] sample:		240.0 time, 240.2 real, 99.8 MB
[runlim] sample:		250.0 time, 250.2 real, 100.3 MB
[runlim] sample:		260.0 time, 260.2 real, 100.4 MB
[runlim] sample:		270.0 time, 270.2 real, 100.4 MB
[runlim] sample:		280.0 time, 280.2 real, 100.7 MB
[runlim] sample:		290.0 time, 290.2 real, 100.7 MB
[runlim] sample:		300.0 time, 300.2 real, 101.1 MB
Cannot find solution.
No more solutions found.
Optimal number of labels used:  14
Time taken: 301.42 seconds
[runlim] end:			Mon Jan 12 09:05:59 2026
[runlim] status:		ok
[runlim] result:		0
[runlim] children:		0
[runlim] real:			301.71 seconds
[runlim] time:			301.39 seconds
[runlim] space:			101.1 MB
[runlim] samples:		3014
