[runlim] version:		1.10
[runlim] time limit:		311040000 seconds
[runlim] real time limit:	900 seconds
[runlim] space limit:		8000 MB
[runlim] argv[0]:		python3
[runlim] argv[1]:		-u
[runlim] argv[2]:		main.py
[runlim] argv[3]:		graph01
[runlim] argv[4]:		sc
[runlim] argv[5]:		incremental
[runlim] start:			Mon Jan 12 00:12:58 2026
[runlim] main pid:		147000
Solve first problem:
Solution:
{1: 296, 2: 58, 3: 652, 4: 414, 5: 16, 6: 254, 7: 380, 8: 142, 9: 380, 10: 142, 11: 778, 12: 540, 13: 338, 14: 100, 15: 296, 16: 58, 17: 652, 18: 414, 19: 394, 20: 156, 21: 296, 22: 58, 23: 478, 24: 240, 25: 310, 26: 72, 27: 114, 28: 352, 29: 296, 30: 58, 31: 268, 32: 30, 33: 352, 34: 114, 35: 310, 36: 72, 37: 338, 38: 100, 39: 324, 40: 86, 41: 282, 42: 44, 43: 778, 44: 540, 45: 254, 46: 16, 47: 72, 48: 310, 49: 282, 50: 44, 51: 394, 52: 156, 53: 310, 54: 72, 55: 86, 56: 324, 57: 16, 58: 254, 59: 778, 60: 540, 61: 254, 62: 16, 63: 352, 64: 114, 65: 254, 66: 16, 67: 296, 68: 58, 69: 254, 70: 16, 71: 324, 72: 86, 73: 380, 74: 142, 75: 268, 76: 30, 77: 750, 78: 512, 79: 310, 80: 72, 81: 254, 82: 16, 83: 268, 84: 30, 85: 324, 86: 86, 87: 680, 88: 442, 89: 338, 90: 100, 91: 652, 92: 414, 93: 254, 94: 16, 95: 44, 96: 282, 97: 478, 98: 240, 99: 30, 100: 268, 101: 380, 102: 142, 103: 282, 104: 44, 105: 352, 106: 114, 107: 296, 108: 58, 109: 296, 110: 58, 111: 380, 112: 142, 113: 268, 114: 30, 115: 114, 116: 352, 117: 254, 118: 16, 119: 296, 120: 58, 121: 380, 122: 142, 123: 380, 124: 142, 125: 254, 126: 16, 127: 296, 128: 58, 129: 338, 130: 100, 131: 268, 132: 30, 133: 694, 134: 456, 135: 478, 136: 240, 137: 282, 138: 44, 139: 296, 140: 58, 141: 324, 142: 86, 143: 324, 144: 86, 145: 268, 146: 30, 147: 254, 148: 16, 149: 324, 150: 86, 151: 652, 152: 414, 153: 254, 154: 16, 155: 324, 156: 86, 157: 268, 158: 30, 159: 268, 160: 30, 161: 394, 162: 156, 163: 296, 164: 58, 165: 352, 166: 114, 167: 366, 168: 128, 169: 254, 170: 16, 171: 268, 172: 30, 173: 254, 174: 16, 175: 324, 176: 86, 177: 254, 178: 16, 179: 282, 180: 44, 181: 652, 182: 414, 183: 268, 184: 30, 185: 324, 186: 86, 187: 268, 188: 30, 189: 254, 190: 16, 191: 310, 192: 72, 193: 380, 194: 142, 195: 268, 196: 30, 197: 254, 198: 16, 199: 254, 200: 16}
Correct solution!
Number of lables used:  34
Time taken: 0.13 seconds
Memory used: 28.83 MB
--------------------------------------------------

Trying with at most 33 labels...
Solution:
{1: 268, 2: 30, 3: 652, 4: 414, 5: 30, 6: 268, 7: 408, 8: 170, 9: 240, 10: 478, 11: 750, 12: 512, 13: 394, 14: 156, 15: 268, 16: 30, 17: 268, 18: 30, 19: 268, 20: 30, 21: 512, 22: 750, 23: 170, 24: 408, 25: 540, 26: 778, 27: 694, 28: 456, 29: 156, 30: 394, 31: 268, 32: 30, 33: 414, 34: 652, 35: 722, 36: 484, 37: 722, 38: 484, 39: 394, 40: 156, 41: 652, 42: 414, 43: 540, 44: 778, 45: 394, 46: 156, 47: 722, 48: 484, 49: 778, 50: 540, 51: 394, 52: 156, 53: 666, 54: 428, 55: 414, 56: 652, 57: 30, 58: 268, 59: 722, 60: 484, 61: 652, 62: 414, 63: 652, 64: 414, 65: 268, 66: 30, 67: 666, 68: 428, 69: 268, 70: 30, 71: 30, 72: 268, 73: 408, 74: 170, 75: 30, 76: 268, 77: 722, 78: 484, 79: 268, 80: 30, 81: 394, 82: 156, 83: 30, 84: 268, 85: 778, 86: 540, 87: 30, 88: 268, 89: 694, 90: 456, 91: 456, 92: 694, 93: 268, 94: 30, 95: 778, 96: 540, 97: 170, 98: 408, 99: 652, 100: 414, 101: 750, 102: 512, 103: 268, 104: 30, 105: 722, 106: 484, 107: 268, 108: 30, 109: 30, 110: 268, 111: 156, 112: 394, 113: 394, 114: 156, 115: 666, 116: 428, 117: 394, 118: 156, 119: 394, 120: 156, 121: 478, 122: 240, 123: 408, 124: 170, 125: 30, 126: 268, 127: 666, 128: 428, 129: 778, 130: 540, 131: 666, 132: 428, 133: 268, 134: 30, 135: 240, 136: 478, 137: 394, 138: 156, 139: 30, 140: 268, 141: 30, 142: 268, 143: 722, 144: 484, 145: 694, 146: 456, 147: 394, 148: 156, 149: 394, 150: 156, 151: 456, 152: 694, 153: 694, 154: 456, 155: 30, 156: 268, 157: 394, 158: 156, 159: 652, 160: 414, 161: 456, 162: 694, 163: 156, 164: 394, 165: 394, 166: 156, 167: 750, 168: 512, 169: 156, 170: 394, 171: 394, 172: 156, 173: 394, 174: 156, 175: 414, 176: 652, 177: 268, 178: 30, 179: 268, 180: 30, 181: 750, 182: 512, 183: 540, 184: 778, 185: 414, 186: 652, 187: 694, 188: 456, 189: 652, 190: 414, 191: 666, 192: 428, 193: 478, 194: 240, 195: 394, 196: 156, 197: 652, 198: 414, 199: 394, 200: 156}
Correct solution!
Number of lables used:  20
Time taken: 0.14 seconds
Memory used: 29.71 MB
--------------------------------------------------

Trying with at most 19 labels...
Solution:
{1: 142, 2: 380, 3: 324, 4: 86, 5: 30, 6: 268, 7: 170, 8: 408, 9: 170, 10: 408, 11: 324, 12: 86, 13: 142, 14: 380, 15: 414, 16: 652, 17: 268, 18: 30, 19: 268, 20: 30, 21: 456, 22: 694, 23: 142, 24: 380, 25: 540, 26: 778, 27: 694, 28: 456, 29: 142, 30: 380, 31: 268, 32: 30, 33: 470, 34: 708, 35: 708, 36: 470, 37: 708, 38: 470, 39: 324, 40: 86, 41: 86, 42: 324, 43: 456, 44: 694, 45: 30, 46: 268, 47: 652, 48: 414, 49: 778, 50: 540, 51: 380, 52: 142, 53: 764, 54: 526, 55: 652, 56: 414, 57: 30, 58: 268, 59: 708, 60: 470, 61: 652, 62: 414, 63: 652, 64: 414, 65: 324, 66: 86, 67: 380, 68: 142, 69: 268, 70: 30, 71: 30, 72: 268, 73: 170, 74: 408, 75: 526, 76: 764, 77: 708, 78: 470, 79: 268, 80: 30, 81: 380, 82: 142, 83: 30, 84: 268, 85: 778, 86: 540, 87: 30, 88: 268, 89: 694, 90: 456, 91: 526, 92: 764, 93: 268, 94: 30, 95: 540, 96: 778, 97: 408, 98: 170, 99: 86, 100: 324, 101: 708, 102: 470, 103: 380, 104: 142, 105: 540, 106: 778, 107: 268, 108: 30, 109: 30, 110: 268, 111: 86, 112: 324, 113: 380, 114: 142, 115: 380, 116: 142, 117: 380, 118: 142, 119: 380, 120: 142, 121: 408, 122: 170, 123: 170, 124: 408, 125: 708, 126: 470, 127: 268, 128: 30, 129: 778, 130: 540, 131: 142, 132: 380, 133: 86, 134: 324, 135: 170, 136: 408, 137: 324, 138: 86, 139: 30, 140: 268, 141: 30, 142: 268, 143: 708, 144: 470, 145: 86, 146: 324, 147: 708, 148: 470, 149: 652, 150: 414, 151: 142, 152: 380, 153: 142, 154: 380, 155: 30, 156: 268, 157: 380, 158: 142, 159: 324, 160: 86, 161: 764, 162: 526, 163: 30, 164: 268, 165: 456, 166: 694, 167: 86, 168: 324, 169: 30, 170: 268, 171: 764, 172: 526, 173: 324, 174: 86, 175: 652, 176: 414, 177: 268, 178: 30, 179: 268, 180: 30, 181: 456, 182: 694, 183: 526, 184: 764, 185: 414, 186: 652, 187: 764, 188: 526, 189: 652, 190: 414, 191: 778, 192: 540, 193: 170, 194: 408, 195: 380, 196: 142, 197: 652, 198: 414, 199: 470, 200: 708}
Correct solution!
Number of lables used:  18
Time taken: 0.20 seconds
Memory used: 30.08 MB
--------------------------------------------------

Trying with at most 17 labels...
[runlim] sample:		10.0 time, 10.3 real, 48.2 MB
[runlim] sample:		20.0 time, 20.3 real, 51.5 MB
[runlim] sample:		30.0 time, 30.3 real, 57.5 MB
[runlim] sample:		40.0 time, 40.3 real, 59.0 MB
[runlim] sample:		50.0 time, 50.3 real, 59.9 MB
[runlim] sample:		60.0 time, 60.3 real, 60.9 MB
[runlim] sample:		70.0 time, 70.3 real, 73.2 MB
[runlim] sample:		80.0 time, 80.3 real, 73.9 MB
[runlim] sample:		90.0 time, 90.3 real, 74.2 MB
[runlim] sample:		100.0 time, 100.3 real, 75.2 MB
[runlim] sample:		110.0 time, 110.3 real, 89.3 MB
[runlim] sample:		120.0 time, 120.3 real, 93.3 MB
[runlim] sample:		130.0 time, 130.3 real, 93.3 MB
[runlim] sample:		140.0 time, 140.3 real, 93.3 MB
[runlim] sample:		150.0 time, 150.3 real, 93.3 MB
[runlim] sample:		160.0 time, 160.3 real, 93.3 MB
[runlim] sample:		170.0 time, 170.3 real, 93.3 MB
[runlim] sample:		180.0 time, 180.3 real, 93.3 MB
[runlim] sample:		190.0 time, 190.3 real, 93.3 MB
[runlim] sample:		200.0 time, 200.3 real, 93.3 MB
[runlim] sample:		210.0 time, 210.3 real, 93.3 MB
[runlim] sample:		220.0 time, 220.3 real, 93.3 MB
[runlim] sample:		230.0 time, 230.3 real, 93.3 MB
[runlim] sample:		240.0 time, 240.3 real, 93.3 MB
[runlim] sample:		250.0 time, 250.3 real, 93.3 MB
Cannot find solution.
No more solutions found.
Optimal number of labels used:  18
Time taken: 252.81 seconds
[runlim] end:			Mon Jan 12 00:17:11 2026
[runlim] status:		ok
[runlim] result:		0
[runlim] children:		0
[runlim] real:			253.13 seconds
[runlim] time:			252.78 seconds
[runlim] space:			93.4 MB
[runlim] samples:		2528
