[runlim] version:		1.10
[runlim] time limit:		311040000 seconds
[runlim] real time limit:	900 seconds
[runlim] space limit:		8000 MB
[runlim] argv[0]:		python3
[runlim] argv[1]:		-u
[runlim] argv[2]:		main.py
[runlim] argv[3]:		graph03
[runlim] argv[4]:		sc
[runlim] argv[5]:		incremental
[runlim] start:			Mon Jan 12 00:17:38 2026
[runlim] main pid:		148801
Solve first problem:
Solution:
{1: 456, 2: 694, 3: 554, 4: 792, 5: 498, 6: 736, 7: 484, 8: 722, 9: 540, 10: 778, 11: 540, 12: 778, 13: 254, 14: 16, 15: 254, 16: 16, 17: 526, 18: 764, 19: 414, 20: 652, 21: 414, 22: 652, 23: 310, 24: 72, 25: 498, 26: 736, 27: 296, 28: 58, 29: 512, 30: 750, 31: 254, 32: 16, 33: 310, 34: 72, 35: 554, 36: 792, 37: 414, 38: 652, 39: 16, 40: 254, 41: 338, 42: 100, 43: 470, 44: 708, 45: 310, 46: 72, 47: 498, 48: 736, 49: 778, 50: 540, 51: 540, 52: 778, 53: 540, 54: 778, 55: 764, 56: 526, 57: 484, 58: 722, 59: 296, 60: 58, 61: 282, 62: 44, 63: 428, 64: 666, 65: 456, 66: 694, 67: 498, 68: 736, 69: 428, 70: 666, 71: 526, 72: 764, 73: 310, 74: 72, 75: 352, 76: 114, 77: 442, 78: 680, 79: 414, 80: 652, 81: 484, 82: 722, 83: 442, 84: 680, 85: 414, 86: 652, 87: 394, 88: 156, 89: 470, 90: 708, 91: 428, 92: 666, 93: 428, 94: 666, 95: 142, 96: 380, 97: 324, 98: 86, 99: 44, 100: 282, 101: 792, 102: 554, 103: 268, 104: 30, 105: 428, 106: 666, 107: 310, 108: 72, 109: 268, 110: 30, 111: 394, 112: 156, 113: 394, 114: 156, 115: 58, 116: 296, 117: 540, 118: 778, 119: 442, 120: 680, 121: 254, 122: 16, 123: 394, 124: 156, 125: 526, 126: 764, 127: 324, 128: 86, 129: 498, 130: 736, 131: 268, 132: 30, 133: 470, 134: 708, 135: 540, 136: 778, 137: 296, 138: 58, 139: 680, 140: 442, 141: 498, 142: 736, 143: 352, 144: 114, 145: 30, 146: 268, 147: 338, 148: 100, 149: 512, 150: 750, 151: 268, 152: 30, 153: 254, 154: 16, 155: 324, 156: 86, 157: 352, 158: 114, 159: 352, 160: 114, 161: 456, 162: 694, 163: 296, 164: 58, 165: 324, 166: 86, 167: 352, 168: 114, 169: 512, 170: 750, 171: 282, 172: 44, 173: 428, 174: 666, 175: 268, 176: 30, 177: 428, 178: 666, 179: 456, 180: 694, 181: 296, 182: 58, 183: 498, 184: 736, 185: 268, 186: 30, 187: 254, 188: 16, 189: 338, 190: 100, 191: 414, 192: 652, 193: 456, 194: 694, 195: 268, 196: 30, 197: 470, 198: 708, 199: 268, 200: 30}
Correct solution!
Number of lables used:  42
Time taken: 0.15 seconds
Memory used: 30.31 MB
--------------------------------------------------

Trying with at most 41 labels...
Solution:
{1: 456, 2: 694, 3: 554, 4: 792, 5: 498, 6: 736, 7: 484, 8: 722, 9: 540, 10: 778, 11: 554, 12: 792, 13: 254, 14: 16, 15: 254, 16: 16, 17: 526, 18: 764, 19: 414, 20: 652, 21: 414, 22: 652, 23: 310, 24: 72, 25: 498, 26: 736, 27: 296, 28: 58, 29: 526, 30: 764, 31: 254, 32: 16, 33: 324, 34: 86, 35: 554, 36: 792, 37: 414, 38: 652, 39: 16, 40: 254, 41: 352, 42: 114, 43: 470, 44: 708, 45: 470, 46: 708, 47: 498, 48: 736, 49: 778, 50: 540, 51: 540, 52: 778, 53: 540, 54: 778, 55: 764, 56: 526, 57: 484, 58: 722, 59: 296, 60: 58, 61: 324, 62: 86, 63: 428, 64: 666, 65: 456, 66: 694, 67: 498, 68: 736, 69: 428, 70: 666, 71: 540, 72: 778, 73: 310, 74: 72, 75: 352, 76: 114, 77: 442, 78: 680, 79: 380, 80: 142, 81: 484, 82: 722, 83: 442, 84: 680, 85: 414, 86: 652, 87: 394, 88: 156, 89: 470, 90: 708, 91: 428, 92: 666, 93: 428, 94: 666, 95: 142, 96: 380, 97: 338, 98: 100, 99: 44, 100: 282, 101: 792, 102: 554, 103: 268, 104: 30, 105: 428, 106: 666, 107: 310, 108: 72, 109: 268, 110: 30, 111: 414, 112: 652, 113: 394, 114: 156, 115: 58, 116: 296, 117: 540, 118: 778, 119: 442, 120: 680, 121: 254, 122: 16, 123: 394, 124: 156, 125: 540, 126: 778, 127: 324, 128: 86, 129: 498, 130: 736, 131: 268, 132: 30, 133: 470, 134: 708, 135: 540, 136: 778, 137: 296, 138: 58, 139: 680, 140: 442, 141: 498, 142: 736, 143: 442, 144: 680, 145: 30, 146: 268, 147: 338, 148: 100, 149: 282, 150: 44, 151: 268, 152: 30, 153: 254, 154: 16, 155: 324, 156: 86, 157: 394, 158: 156, 159: 352, 160: 114, 161: 456, 162: 694, 163: 296, 164: 58, 165: 324, 166: 86, 167: 352, 168: 114, 169: 526, 170: 764, 171: 282, 172: 44, 173: 442, 174: 680, 175: 310, 176: 72, 177: 428, 178: 666, 179: 456, 180: 694, 181: 296, 182: 58, 183: 498, 184: 736, 185: 268, 186: 30, 187: 254, 188: 16, 189: 338, 190: 100, 191: 414, 192: 652, 193: 456, 194: 694, 195: 268, 196: 30, 197: 470, 198: 708, 199: 268, 200: 30}
Correct solution!
Number of lables used:  40
Time taken: 0.16 seconds
Memory used: 31.31 MB
--------------------------------------------------

Trying with at most 39 labels...
Solution:
{1: 456, 2: 694, 3: 554, 4: 792, 5: 498, 6: 736, 7: 540, 8: 778, 9: 554, 10: 792, 11: 554, 12: 792, 13: 338, 14: 100, 15: 296, 16: 58, 17: 498, 18: 736, 19: 414, 20: 652, 21: 414, 22: 652, 23: 324, 24: 86, 25: 310, 26: 72, 27: 310, 28: 72, 29: 526, 30: 764, 31: 282, 32: 44, 33: 324, 34: 86, 35: 526, 36: 764, 37: 310, 38: 72, 39: 16, 40: 254, 41: 414, 42: 652, 43: 324, 44: 86, 45: 352, 46: 114, 47: 324, 48: 86, 49: 778, 50: 540, 51: 540, 52: 778, 53: 268, 54: 30, 55: 764, 56: 526, 57: 310, 58: 72, 59: 296, 60: 58, 61: 324, 62: 86, 63: 394, 64: 156, 65: 554, 66: 792, 67: 498, 68: 736, 69: 442, 70: 680, 71: 540, 72: 778, 73: 268, 74: 30, 75: 352, 76: 114, 77: 456, 78: 694, 79: 394, 80: 156, 81: 484, 82: 722, 83: 442, 84: 680, 85: 414, 86: 652, 87: 394, 88: 156, 89: 484, 90: 722, 91: 394, 92: 156, 93: 526, 94: 764, 95: 142, 96: 380, 97: 338, 98: 100, 99: 44, 100: 282, 101: 792, 102: 554, 103: 268, 104: 30, 105: 484, 106: 722, 107: 310, 108: 72, 109: 268, 110: 30, 111: 414, 112: 652, 113: 394, 114: 156, 115: 58, 116: 296, 117: 540, 118: 778, 119: 540, 120: 778, 121: 268, 122: 30, 123: 394, 124: 156, 125: 540, 126: 778, 127: 338, 128: 100, 129: 498, 130: 736, 131: 268, 132: 30, 133: 338, 134: 100, 135: 540, 136: 778, 137: 296, 138: 58, 139: 722, 140: 484, 141: 498, 142: 736, 143: 352, 144: 114, 145: 778, 146: 540, 147: 338, 148: 100, 149: 282, 150: 44, 151: 268, 152: 30, 153: 394, 154: 156, 155: 324, 156: 86, 157: 394, 158: 156, 159: 352, 160: 114, 161: 456, 162: 694, 163: 296, 164: 58, 165: 324, 166: 86, 167: 414, 168: 652, 169: 526, 170: 764, 171: 282, 172: 44, 173: 442, 174: 680, 175: 310, 176: 72, 177: 498, 178: 736, 179: 526, 180: 764, 181: 296, 182: 58, 183: 324, 184: 86, 185: 268, 186: 30, 187: 442, 188: 680, 189: 352, 190: 114, 191: 380, 192: 142, 193: 456, 194: 694, 195: 352, 196: 114, 197: 526, 198: 764, 199: 268, 200: 30}
Correct solution!
Number of lables used:  36
Time taken: 0.17 seconds
Memory used: 31.31 MB
--------------------------------------------------

Trying with at most 35 labels...
Solution:
{1: 750, 2: 512, 3: 142, 4: 380, 5: 708, 6: 470, 7: 722, 8: 484, 9: 526, 10: 764, 11: 652, 12: 414, 13: 44, 14: 282, 15: 72, 16: 310, 17: 58, 18: 296, 19: 792, 20: 554, 21: 792, 22: 554, 23: 44, 24: 282, 25: 694, 26: 456, 27: 694, 28: 456, 29: 680, 30: 442, 31: 128, 32: 366, 33: 44, 34: 282, 35: 142, 36: 380, 37: 792, 38: 554, 39: 792, 40: 554, 41: 16, 42: 254, 43: 708, 44: 470, 45: 750, 46: 512, 47: 722, 48: 484, 49: 764, 50: 526, 51: 680, 52: 442, 53: 652, 54: 414, 55: 750, 56: 512, 57: 72, 58: 310, 59: 254, 60: 16, 61: 30, 62: 268, 63: 16, 64: 254, 65: 736, 66: 498, 67: 764, 68: 526, 69: 764, 70: 526, 71: 722, 72: 484, 73: 44, 74: 282, 75: 72, 76: 310, 77: 750, 78: 512, 79: 778, 80: 540, 81: 722, 82: 484, 83: 778, 84: 540, 85: 778, 86: 540, 87: 30, 88: 268, 89: 58, 90: 296, 91: 792, 92: 554, 93: 58, 94: 296, 95: 142, 96: 380, 97: 30, 98: 268, 99: 44, 100: 282, 101: 778, 102: 540, 103: 652, 104: 414, 105: 778, 106: 540, 107: 694, 108: 456, 109: 652, 110: 414, 111: 30, 112: 268, 113: 16, 114: 254, 115: 58, 116: 296, 117: 142, 118: 380, 119: 750, 120: 512, 121: 750, 122: 512, 123: 778, 124: 540, 125: 652, 126: 414, 127: 30, 128: 268, 129: 680, 130: 442, 131: 282, 132: 44, 133: 722, 134: 484, 135: 722, 136: 484, 137: 750, 138: 512, 139: 722, 140: 484, 141: 708, 142: 470, 143: 736, 144: 498, 145: 778, 146: 540, 147: 722, 148: 484, 149: 72, 150: 310, 151: 764, 152: 526, 153: 778, 154: 540, 155: 708, 156: 470, 157: 778, 158: 540, 159: 58, 160: 296, 161: 72, 162: 310, 163: 128, 164: 366, 165: 778, 166: 540, 167: 16, 168: 254, 169: 142, 170: 380, 171: 128, 172: 366, 173: 750, 174: 512, 175: 44, 176: 282, 177: 58, 178: 296, 179: 722, 180: 484, 181: 128, 182: 366, 183: 722, 184: 484, 185: 142, 186: 380, 187: 750, 188: 512, 189: 30, 190: 268, 191: 652, 192: 414, 193: 58, 194: 296, 195: 30, 196: 268, 197: 736, 198: 498, 199: 72, 200: 310}
Correct solution!
Number of lables used:  34
Time taken: 0.19 seconds
Memory used: 31.43 MB
--------------------------------------------------

Trying with at most 33 labels...
Solution:
{1: 722, 2: 484, 3: 128, 4: 366, 5: 680, 6: 442, 7: 142, 8: 380, 9: 652, 10: 414, 11: 652, 12: 414, 13: 44, 14: 282, 15: 72, 16: 310, 17: 58, 18: 296, 19: 764, 20: 526, 21: 16, 22: 254, 23: 44, 24: 282, 25: 722, 26: 484, 27: 58, 28: 296, 29: 680, 30: 442, 31: 128, 32: 366, 33: 44, 34: 282, 35: 142, 36: 380, 37: 72, 38: 310, 39: 792, 40: 554, 41: 16, 42: 254, 43: 680, 44: 442, 45: 750, 46: 512, 47: 722, 48: 484, 49: 778, 50: 540, 51: 680, 52: 442, 53: 142, 54: 380, 55: 764, 56: 526, 57: 72, 58: 310, 59: 72, 60: 310, 61: 30, 62: 268, 63: 792, 64: 554, 65: 764, 66: 526, 67: 694, 68: 456, 69: 764, 70: 526, 71: 722, 72: 484, 73: 44, 74: 282, 75: 72, 76: 310, 77: 750, 78: 512, 79: 778, 80: 540, 81: 694, 82: 456, 83: 778, 84: 540, 85: 778, 86: 540, 87: 16, 88: 254, 89: 58, 90: 296, 91: 792, 92: 554, 93: 30, 94: 268, 95: 142, 96: 380, 97: 30, 98: 268, 99: 44, 100: 282, 101: 792, 102: 554, 103: 680, 104: 442, 105: 764, 106: 526, 107: 30, 108: 268, 109: 722, 110: 484, 111: 30, 112: 268, 113: 30, 114: 268, 115: 58, 116: 296, 117: 142, 118: 380, 119: 778, 120: 540, 121: 680, 122: 442, 123: 750, 124: 512, 125: 652, 126: 414, 127: 30, 128: 268, 129: 652, 130: 414, 131: 30, 132: 268, 133: 722, 134: 484, 135: 652, 136: 414, 137: 750, 138: 512, 139: 722, 140: 484, 141: 680, 142: 442, 143: 58, 144: 296, 145: 778, 146: 540, 147: 750, 148: 512, 149: 72, 150: 310, 151: 764, 152: 526, 153: 16, 154: 254, 155: 722, 156: 484, 157: 778, 158: 540, 159: 72, 160: 310, 161: 694, 162: 456, 163: 750, 164: 512, 165: 778, 166: 540, 167: 16, 168: 254, 169: 142, 170: 380, 171: 142, 172: 380, 173: 750, 174: 512, 175: 44, 176: 282, 177: 44, 178: 282, 179: 72, 180: 310, 181: 128, 182: 366, 183: 72, 184: 310, 185: 72, 186: 310, 187: 750, 188: 512, 189: 30, 190: 268, 191: 778, 192: 540, 193: 722, 194: 484, 195: 30, 196: 268, 197: 722, 198: 484, 199: 72, 200: 310}
Correct solution!
Number of lables used:  30
Time taken: 0.20 seconds
Memory used: 31.68 MB
--------------------------------------------------

Trying with at most 29 labels...
Solution:
{1: 708, 2: 470, 3: 142, 4: 380, 5: 142, 6: 380, 7: 142, 8: 380, 9: 142, 10: 380, 11: 142, 12: 380, 13: 708, 14: 470, 15: 100, 16: 338, 17: 86, 18: 324, 19: 750, 20: 512, 21: 16, 22: 254, 23: 86, 24: 324, 25: 100, 26: 338, 27: 100, 28: 338, 29: 114, 30: 352, 31: 128, 32: 366, 33: 750, 34: 512, 35: 128, 36: 366, 37: 750, 38: 512, 39: 736, 40: 498, 41: 778, 42: 540, 43: 86, 44: 324, 45: 708, 46: 470, 47: 708, 48: 470, 49: 30, 50: 268, 51: 128, 52: 366, 53: 142, 54: 380, 55: 750, 56: 512, 57: 86, 58: 324, 59: 114, 60: 352, 61: 86, 62: 324, 63: 16, 64: 254, 65: 736, 66: 498, 67: 778, 68: 540, 69: 736, 70: 498, 71: 142, 72: 380, 73: 128, 74: 366, 75: 708, 76: 470, 77: 30, 78: 268, 79: 750, 80: 512, 81: 750, 82: 512, 83: 736, 84: 498, 85: 750, 86: 512, 87: 750, 88: 512, 89: 694, 90: 456, 91: 778, 92: 540, 93: 30, 94: 268, 95: 142, 96: 380, 97: 30, 98: 268, 99: 44, 100: 282, 101: 778, 102: 540, 103: 142, 104: 380, 105: 708, 106: 470, 107: 750, 108: 512, 109: 142, 110: 380, 111: 750, 112: 512, 113: 750, 114: 512, 115: 694, 116: 456, 117: 142, 118: 380, 119: 750, 120: 512, 121: 114, 122: 352, 123: 16, 124: 254, 125: 142, 126: 380, 127: 694, 128: 456, 129: 114, 130: 352, 131: 142, 132: 380, 133: 694, 134: 456, 135: 142, 136: 380, 137: 114, 138: 352, 139: 86, 140: 324, 141: 100, 142: 338, 143: 708, 144: 470, 145: 30, 146: 268, 147: 694, 148: 456, 149: 128, 150: 366, 151: 750, 152: 512, 153: 778, 154: 540, 155: 86, 156: 324, 157: 750, 158: 512, 159: 708, 160: 470, 161: 778, 162: 540, 163: 114, 164: 352, 165: 86, 166: 324, 167: 16, 168: 254, 169: 128, 170: 366, 171: 128, 172: 366, 173: 44, 174: 282, 175: 100, 176: 338, 177: 44, 178: 282, 179: 694, 180: 456, 181: 114, 182: 352, 183: 86, 184: 324, 185: 142, 186: 380, 187: 736, 188: 498, 189: 30, 190: 268, 191: 16, 192: 254, 193: 778, 194: 540, 195: 44, 196: 282, 197: 128, 198: 366, 199: 30, 200: 268}
Correct solution!
Number of lables used:  26
Time taken: 0.29 seconds
Memory used: 32.06 MB
--------------------------------------------------

Trying with at most 25 labels...
Solution:
{1: 100, 2: 338, 3: 142, 4: 380, 5: 142, 6: 380, 7: 142, 8: 380, 9: 142, 10: 380, 11: 142, 12: 380, 13: 58, 14: 296, 15: 100, 16: 338, 17: 114, 18: 352, 19: 58, 20: 296, 21: 16, 22: 254, 23: 86, 24: 324, 25: 100, 26: 338, 27: 100, 28: 338, 29: 114, 30: 352, 31: 128, 32: 366, 33: 750, 34: 512, 35: 142, 36: 380, 37: 750, 38: 512, 39: 16, 40: 254, 41: 778, 42: 540, 43: 86, 44: 324, 45: 750, 46: 512, 47: 86, 48: 324, 49: 764, 50: 526, 51: 128, 52: 366, 53: 142, 54: 380, 55: 750, 56: 512, 57: 86, 58: 324, 59: 114, 60: 352, 61: 86, 62: 324, 63: 16, 64: 254, 65: 764, 66: 526, 67: 100, 68: 338, 69: 764, 70: 526, 71: 142, 72: 380, 73: 128, 74: 366, 75: 58, 76: 296, 77: 750, 78: 512, 79: 16, 80: 254, 81: 86, 82: 324, 83: 778, 84: 540, 85: 778, 86: 540, 87: 16, 88: 254, 89: 750, 90: 512, 91: 16, 92: 254, 93: 30, 94: 268, 95: 142, 96: 380, 97: 764, 98: 526, 99: 750, 100: 512, 101: 778, 102: 540, 103: 142, 104: 380, 105: 86, 106: 324, 107: 750, 108: 512, 109: 142, 110: 380, 111: 16, 112: 254, 113: 764, 114: 526, 115: 58, 116: 296, 117: 142, 118: 380, 119: 778, 120: 540, 121: 114, 122: 352, 123: 16, 124: 254, 125: 142, 126: 380, 127: 750, 128: 512, 129: 114, 130: 352, 131: 142, 132: 380, 133: 58, 134: 296, 135: 142, 136: 380, 137: 114, 138: 352, 139: 86, 140: 324, 141: 100, 142: 338, 143: 764, 144: 526, 145: 764, 146: 526, 147: 750, 148: 512, 149: 128, 150: 366, 151: 778, 152: 540, 153: 16, 154: 254, 155: 86, 156: 324, 157: 778, 158: 540, 159: 58, 160: 296, 161: 778, 162: 540, 163: 114, 164: 352, 165: 86, 166: 324, 167: 16, 168: 254, 169: 128, 170: 366, 171: 128, 172: 366, 173: 750, 174: 512, 175: 100, 176: 338, 177: 778, 178: 540, 179: 750, 180: 512, 181: 114, 182: 352, 183: 86, 184: 324, 185: 142, 186: 380, 187: 764, 188: 526, 189: 30, 190: 268, 191: 16, 192: 254, 193: 764, 194: 526, 195: 778, 196: 540, 197: 128, 198: 366, 199: 764, 200: 526}
Correct solution!
Number of lables used:  22
Time taken: 0.30 seconds
Memory used: 32.06 MB
--------------------------------------------------

Trying with at most 21 labels...
Solution:
{1: 100, 2: 338, 3: 142, 4: 380, 5: 142, 6: 380, 7: 142, 8: 380, 9: 142, 10: 380, 11: 142, 12: 380, 13: 58, 14: 296, 15: 114, 16: 352, 17: 114, 18: 352, 19: 750, 20: 512, 21: 16, 22: 254, 23: 86, 24: 324, 25: 100, 26: 338, 27: 750, 28: 512, 29: 114, 30: 352, 31: 128, 32: 366, 33: 750, 34: 512, 35: 142, 36: 380, 37: 750, 38: 512, 39: 16, 40: 254, 41: 16, 42: 254, 43: 86, 44: 324, 45: 750, 46: 512, 47: 86, 48: 324, 49: 750, 50: 512, 51: 128, 52: 366, 53: 142, 54: 380, 55: 778, 56: 540, 57: 86, 58: 324, 59: 114, 60: 352, 61: 86, 62: 324, 63: 16, 64: 254, 65: 58, 66: 296, 67: 778, 68: 540, 69: 30, 70: 268, 71: 142, 72: 380, 73: 142, 74: 380, 75: 58, 76: 296, 77: 778, 78: 540, 79: 16, 80: 254, 81: 86, 82: 324, 83: 778, 84: 540, 85: 16, 86: 254, 87: 16, 88: 254, 89: 750, 90: 512, 91: 16, 92: 254, 93: 30, 94: 268, 95: 142, 96: 380, 97: 30, 98: 268, 99: 778, 100: 540, 101: 16, 102: 254, 103: 142, 104: 380, 105: 86, 106: 324, 107: 100, 108: 338, 109: 142, 110: 380, 111: 16, 112: 254, 113: 16, 114: 254, 115: 58, 116: 296, 117: 142, 118: 380, 119: 778, 120: 540, 121: 114, 122: 352, 123: 16, 124: 254, 125: 142, 126: 380, 127: 778, 128: 540, 129: 114, 130: 352, 131: 142, 132: 380, 133: 750, 134: 512, 135: 142, 136: 380, 137: 114, 138: 352, 139: 86, 140: 324, 141: 778, 142: 540, 143: 58, 144: 296, 145: 30, 146: 268, 147: 750, 148: 512, 149: 128, 150: 366, 151: 750, 152: 512, 153: 16, 154: 254, 155: 86, 156: 324, 157: 16, 158: 254, 159: 58, 160: 296, 161: 750, 162: 512, 163: 114, 164: 352, 165: 86, 166: 324, 167: 16, 168: 254, 169: 128, 170: 366, 171: 128, 172: 366, 173: 778, 174: 540, 175: 100, 176: 338, 177: 778, 178: 540, 179: 750, 180: 512, 181: 114, 182: 352, 183: 86, 184: 324, 185: 142, 186: 380, 187: 58, 188: 296, 189: 30, 190: 268, 191: 16, 192: 254, 193: 58, 194: 296, 195: 778, 196: 540, 197: 128, 198: 366, 199: 778, 200: 540}
Correct solution!
Number of lables used:  20
Time taken: 0.33 seconds
Memory used: 32.31 MB
--------------------------------------------------

Trying with at most 19 labels...
Cannot find solution.
No more solutions found.
Optimal number of labels used:  20
Time taken: 5.20 seconds
[runlim] end:			Mon Jan 12 00:17:43 2026
[runlim] status:		ok
[runlim] result:		0
[runlim] children:		0
[runlim] real:			5.50 seconds
[runlim] time:			5.18 seconds
[runlim] space:			43.6 MB
[runlim] samples:		52
