[runlim] version:		1.10
[runlim] time limit:		311040000 seconds
[runlim] real time limit:	900 seconds
[runlim] space limit:		8000 MB
[runlim] argv[0]:		python3
[runlim] argv[1]:		-u
[runlim] argv[2]:		main.py
[runlim] argv[3]:		scen03
[runlim] argv[4]:		sc
[runlim] argv[5]:		incremental
[runlim] start:			Mon Jan 12 00:10:54 2026
[runlim] main pid:		146177
Solve first problem:
Solution:
{13: 254, 14: 16, 15: 254, 16: 16, 23: 142, 24: 380, 49: 310, 50: 72, 51: 16, 52: 254, 53: 338, 54: 100, 67: 156, 68: 394, 69: 254, 70: 16, 79: 254, 80: 16, 81: 268, 82: 30, 83: 680, 84: 442, 85: 352, 86: 114, 103: 268, 104: 30, 105: 254, 106: 16, 117: 750, 118: 512, 119: 708, 120: 470, 127: 142, 128: 380, 129: 310, 130: 72, 143: 666, 144: 428, 145: 254, 146: 16, 151: 764, 152: 526, 153: 694, 154: 456, 155: 652, 156: 414, 157: 30, 158: 268, 179: 156, 180: 394, 181: 380, 182: 142, 183: 736, 184: 498, 191: 366, 192: 128, 193: 296, 194: 58, 205: 254, 206: 16, 209: 142, 210: 380, 211: 58, 212: 296, 213: 254, 214: 16, 215: 296, 216: 58, 217: 296, 218: 58, 233: 750, 234: 512, 235: 338, 236: 100, 237: 380, 238: 142, 261: 254, 262: 16, 263: 352, 264: 114, 265: 324, 266: 86, 267: 254, 268: 16, 269: 254, 270: 16, 271: 254, 272: 16, 273: 324, 274: 86, 275: 324, 276: 86, 277: 268, 278: 30, 281: 366, 282: 128, 283: 296, 284: 58, 285: 366, 286: 128, 287: 254, 288: 16, 289: 254, 290: 16, 291: 324, 292: 86, 293: 380, 294: 142, 295: 324, 296: 86, 299: 366, 300: 128, 301: 282, 302: 44, 303: 680, 304: 442, 305: 352, 306: 114, 307: 30, 308: 268, 309: 338, 310: 100, 311: 254, 312: 16, 313: 254, 314: 16, 321: 254, 322: 16, 323: 254, 324: 16, 325: 666, 326: 428, 327: 338, 328: 100, 329: 254, 330: 16, 339: 352, 340: 114, 341: 44, 342: 282, 343: 44, 344: 282, 345: 394, 346: 156, 347: 324, 348: 86, 349: 680, 350: 442, 351: 30, 352: 268, 355: 44, 356: 282, 357: 268, 358: 30, 359: 666, 360: 428, 361: 338, 362: 100, 363: 268, 364: 30, 365: 380, 366: 142, 367: 310, 368: 72, 369: 128, 370: 366, 371: 254, 372: 16, 375: 282, 376: 44, 377: 666, 378: 428, 383: 338, 384: 100, 387: 366, 388: 128, 397: 394, 398: 156, 401: 114, 402: 352, 405: 114, 406: 352, 435: 366, 436: 128, 439: 310, 440: 72, 449: 100, 450: 338, 471: 254, 472: 16, 475: 338, 476: 100, 477: 268, 478: 30, 481: 352, 482: 114, 491: 310, 492: 72, 493: 268, 494: 30, 495: 254, 496: 16, 517: 268, 518: 30, 519: 338, 520: 100, 525: 282, 526: 44, 533: 282, 534: 44, 535: 254, 536: 16, 547: 324, 548: 86, 555: 128, 556: 366, 557: 666, 558: 428, 559: 58, 560: 296, 561: 380, 562: 142, 563: 666, 564: 428, 565: 114, 566: 352, 573: 268, 574: 30, 575: 114, 576: 352, 577: 366, 578: 128, 579: 352, 580: 114, 581: 352, 582: 114, 583: 666, 584: 428, 585: 338, 586: 100, 587: 254, 588: 16, 589: 366, 590: 128, 591: 352, 592: 114, 593: 100, 594: 338, 595: 296, 596: 58, 597: 268, 598: 30, 599: 142, 600: 380, 601: 282, 602: 44, 603: 268, 604: 30, 605: 268, 606: 30, 607: 352, 608: 114, 613: 100, 614: 338, 615: 282, 616: 44, 617: 268, 618: 30, 619: 352, 620: 114, 621: 338, 622: 100, 623: 338, 624: 100, 625: 268, 626: 30, 629: 282, 630: 44, 631: 268, 632: 30, 633: 282, 634: 44, 635: 268, 636: 30, 637: 254, 638: 16, 639: 268, 640: 30, 641: 380, 642: 142, 643: 338, 644: 100, 645: 296, 646: 58, 651: 352, 652: 114, 653: 254, 654: 16, 661: 254, 662: 16, 663: 394, 664: 156, 665: 366, 666: 128, 667: 268, 668: 30, 671: 254, 672: 16, 713: 268, 714: 30, 715: 254, 716: 16, 717: 394, 718: 156, 719: 324, 720: 86, 721: 254, 722: 16, 723: 254, 724: 16, 725: 254, 726: 16, 727: 254, 728: 16, 733: 268, 734: 30, 741: 268, 742: 30, 743: 44, 744: 282, 745: 268, 746: 30, 747: 324, 748: 86, 757: 338, 758: 100, 759: 268, 760: 30, 763: 268, 764: 30, 765: 254, 766: 16, 767: 296, 768: 58, 769: 268, 770: 30, 771: 338, 772: 100, 773: 254, 774: 16, 783: 268, 784: 30, 785: 254, 786: 16, 787: 268, 788: 30, 789: 338, 790: 100, 791: 268, 792: 30, 793: 338, 794: 100, 795: 268, 796: 30, 797: 352, 798: 114, 799: 282, 800: 44, 801: 268, 802: 30, 815: 338, 816: 100, 817: 268, 818: 30, 825: 282, 826: 44, 827: 324, 828: 86, 829: 254, 830: 16, 835: 44, 836: 282, 837: 268, 838: 30, 867: 352, 868: 114, 875: 310, 876: 72, 877: 282, 878: 44, 879: 324, 880: 86, 881: 268, 882: 30, 893: 268, 894: 30, 903: 254, 904: 16, 911: 254, 912: 16}
Correct solution!
Number of lables used:  38
Time taken: 0.37 seconds
Memory used: 42.95 MB
--------------------------------------------------

Trying with at most 37 labels...
Solution:
{13: 254, 14: 16, 15: 254, 16: 16, 23: 324, 24: 86, 49: 16, 50: 254, 51: 414, 52: 652, 53: 498, 54: 736, 67: 652, 68: 414, 69: 254, 70: 16, 79: 394, 80: 156, 81: 16, 82: 254, 83: 764, 84: 526, 85: 394, 86: 156, 103: 414, 104: 652, 105: 324, 106: 86, 117: 394, 118: 156, 119: 414, 120: 652, 127: 156, 128: 394, 129: 778, 130: 540, 143: 750, 144: 512, 145: 254, 146: 16, 151: 156, 152: 394, 153: 764, 154: 526, 155: 414, 156: 652, 157: 526, 158: 764, 179: 254, 180: 16, 181: 16, 182: 254, 183: 554, 184: 792, 191: 156, 192: 394, 193: 498, 194: 736, 205: 498, 206: 736, 209: 778, 210: 540, 211: 324, 212: 86, 213: 16, 214: 254, 215: 414, 216: 652, 217: 498, 218: 736, 233: 86, 234: 324, 235: 736, 236: 498, 237: 512, 238: 750, 261: 324, 262: 86, 263: 394, 264: 156, 265: 156, 266: 394, 267: 498, 268: 736, 269: 254, 270: 16, 271: 254, 272: 16, 273: 414, 274: 652, 275: 414, 276: 652, 277: 394, 278: 156, 281: 414, 282: 652, 283: 764, 284: 526, 285: 652, 286: 414, 287: 324, 288: 86, 289: 254, 290: 16, 291: 324, 292: 86, 293: 408, 294: 170, 295: 750, 296: 512, 299: 512, 300: 750, 301: 652, 302: 414, 303: 254, 304: 16, 305: 156, 306: 394, 307: 16, 308: 254, 309: 324, 310: 86, 311: 156, 312: 394, 313: 156, 314: 394, 321: 254, 322: 16, 323: 254, 324: 16, 325: 540, 326: 778, 327: 16, 328: 254, 329: 652, 330: 414, 339: 16, 340: 254, 341: 498, 342: 736, 343: 498, 344: 736, 345: 156, 346: 394, 347: 750, 348: 512, 349: 526, 350: 764, 351: 750, 352: 512, 355: 526, 356: 764, 357: 86, 358: 324, 359: 736, 360: 498, 361: 736, 362: 498, 363: 324, 364: 86, 365: 512, 366: 750, 367: 778, 368: 540, 369: 736, 370: 498, 371: 254, 372: 16, 375: 324, 376: 86, 377: 750, 378: 512, 383: 324, 384: 86, 387: 526, 388: 764, 397: 414, 398: 652, 401: 498, 402: 736, 405: 86, 406: 324, 435: 526, 436: 764, 439: 324, 440: 86, 449: 498, 450: 736, 471: 324, 472: 86, 475: 512, 476: 750, 477: 540, 478: 778, 481: 498, 482: 736, 491: 778, 492: 540, 493: 736, 494: 498, 495: 324, 496: 86, 517: 750, 518: 512, 519: 86, 520: 324, 525: 736, 526: 498, 533: 736, 534: 498, 535: 324, 536: 86, 547: 254, 548: 16, 555: 764, 556: 526, 557: 86, 558: 324, 559: 86, 560: 324, 561: 324, 562: 86, 563: 540, 564: 778, 565: 778, 566: 540, 573: 324, 574: 86, 575: 540, 576: 778, 577: 414, 578: 652, 579: 394, 580: 156, 581: 16, 582: 254, 583: 736, 584: 498, 585: 86, 586: 324, 587: 156, 588: 394, 589: 652, 590: 414, 591: 498, 592: 736, 593: 512, 594: 750, 595: 526, 596: 764, 597: 498, 598: 736, 599: 512, 600: 750, 601: 512, 602: 750, 603: 512, 604: 750, 605: 736, 606: 498, 607: 86, 608: 324, 613: 512, 614: 750, 615: 86, 616: 324, 617: 498, 618: 736, 619: 736, 620: 498, 621: 540, 622: 778, 623: 750, 624: 512, 625: 736, 626: 498, 629: 736, 630: 498, 631: 324, 632: 86, 633: 324, 634: 86, 635: 498, 636: 736, 637: 254, 638: 16, 639: 324, 640: 86, 641: 86, 642: 324, 643: 736, 644: 498, 645: 324, 646: 86, 651: 394, 652: 156, 653: 86, 654: 324, 661: 736, 662: 498, 663: 394, 664: 156, 665: 394, 666: 156, 667: 512, 668: 750, 671: 324, 672: 86, 713: 394, 714: 156, 715: 254, 716: 16, 717: 554, 718: 792, 719: 394, 720: 156, 721: 324, 722: 86, 723: 324, 724: 86, 725: 324, 726: 86, 727: 324, 728: 86, 733: 736, 734: 498, 741: 414, 742: 652, 743: 512, 744: 750, 745: 736, 746: 498, 747: 736, 748: 498, 757: 736, 758: 498, 759: 86, 760: 324, 763: 324, 764: 86, 765: 324, 766: 86, 767: 652, 768: 414, 769: 736, 770: 498, 771: 394, 772: 156, 773: 394, 774: 156, 783: 324, 784: 86, 785: 254, 786: 16, 787: 736, 788: 498, 789: 86, 790: 324, 791: 736, 792: 498, 793: 86, 794: 324, 795: 736, 796: 498, 797: 86, 798: 324, 799: 736, 800: 498, 801: 750, 802: 512, 815: 86, 816: 324, 817: 778, 818: 540, 825: 86, 826: 324, 827: 750, 828: 512, 829: 16, 830: 254, 835: 540, 836: 778, 837: 324, 838: 86, 867: 540, 868: 778, 875: 778, 876: 540, 877: 736, 878: 498, 879: 736, 880: 498, 881: 324, 882: 86, 893: 324, 894: 86, 903: 324, 904: 86, 911: 526, 912: 764}
Correct solution!
Number of lables used:  20
Time taken: 0.40 seconds
Memory used: 44.20 MB
--------------------------------------------------

Trying with at most 19 labels...
Solution:
{13: 254, 14: 16, 15: 254, 16: 16, 23: 324, 24: 86, 49: 16, 50: 254, 51: 414, 52: 652, 53: 498, 54: 736, 67: 652, 68: 414, 69: 254, 70: 16, 79: 394, 80: 156, 81: 16, 82: 254, 83: 764, 84: 526, 85: 394, 86: 156, 103: 414, 104: 652, 105: 324, 106: 86, 117: 526, 118: 764, 119: 414, 120: 652, 127: 156, 128: 394, 129: 736, 130: 498, 143: 750, 144: 512, 145: 254, 146: 16, 151: 156, 152: 394, 153: 764, 154: 526, 155: 414, 156: 652, 157: 526, 158: 764, 179: 254, 180: 16, 181: 16, 182: 254, 183: 540, 184: 778, 191: 156, 192: 394, 193: 498, 194: 736, 205: 540, 206: 778, 209: 736, 210: 498, 211: 324, 212: 86, 213: 16, 214: 254, 215: 414, 216: 652, 217: 498, 218: 736, 233: 86, 234: 324, 235: 736, 236: 498, 237: 512, 238: 750, 261: 324, 262: 86, 263: 394, 264: 156, 265: 156, 266: 394, 267: 498, 268: 736, 269: 254, 270: 16, 271: 254, 272: 16, 273: 414, 274: 652, 275: 414, 276: 652, 277: 394, 278: 156, 281: 414, 282: 652, 283: 764, 284: 526, 285: 652, 286: 414, 287: 324, 288: 86, 289: 254, 290: 16, 291: 324, 292: 86, 293: 380, 294: 142, 295: 750, 296: 512, 299: 512, 300: 750, 301: 652, 302: 414, 303: 254, 304: 16, 305: 156, 306: 394, 307: 16, 308: 254, 309: 324, 310: 86, 311: 156, 312: 394, 313: 156, 314: 394, 321: 254, 322: 16, 323: 254, 324: 16, 325: 540, 326: 778, 327: 16, 328: 254, 329: 652, 330: 414, 339: 16, 340: 254, 341: 498, 342: 736, 343: 498, 344: 736, 345: 156, 346: 394, 347: 750, 348: 512, 349: 526, 350: 764, 351: 750, 352: 512, 355: 526, 356: 764, 357: 86, 358: 324, 359: 736, 360: 498, 361: 736, 362: 498, 363: 324, 364: 86, 365: 512, 366: 750, 367: 778, 368: 540, 369: 736, 370: 498, 371: 254, 372: 16, 375: 324, 376: 86, 377: 750, 378: 512, 383: 324, 384: 86, 387: 526, 388: 764, 397: 414, 398: 652, 401: 324, 402: 86, 405: 86, 406: 324, 435: 526, 436: 764, 439: 380, 440: 142, 449: 498, 450: 736, 471: 324, 472: 86, 475: 512, 476: 750, 477: 526, 478: 764, 481: 498, 482: 736, 491: 778, 492: 540, 493: 736, 494: 498, 495: 324, 496: 86, 517: 750, 518: 512, 519: 86, 520: 324, 525: 736, 526: 498, 533: 736, 534: 498, 535: 324, 536: 86, 547: 254, 548: 16, 555: 324, 556: 86, 557: 86, 558: 324, 559: 86, 560: 324, 561: 324, 562: 86, 563: 380, 564: 142, 565: 778, 566: 540, 573: 324, 574: 86, 575: 540, 576: 778, 577: 414, 578: 652, 579: 394, 580: 156, 581: 16, 582: 254, 583: 736, 584: 498, 585: 86, 586: 324, 587: 156, 588: 394, 589: 652, 590: 414, 591: 498, 592: 736, 593: 512, 594: 750, 595: 526, 596: 764, 597: 498, 598: 736, 599: 512, 600: 750, 601: 512, 602: 750, 603: 512, 604: 750, 605: 736, 606: 498, 607: 142, 608: 380, 613: 512, 614: 750, 615: 142, 616: 380, 617: 498, 618: 736, 619: 86, 620: 324, 621: 540, 622: 778, 623: 750, 624: 512, 625: 736, 626: 498, 629: 736, 630: 498, 631: 324, 632: 86, 633: 324, 634: 86, 635: 498, 636: 736, 637: 254, 638: 16, 639: 324, 640: 86, 641: 86, 642: 324, 643: 736, 644: 498, 645: 324, 646: 86, 651: 394, 652: 156, 653: 86, 654: 324, 661: 736, 662: 498, 663: 394, 664: 156, 665: 394, 666: 156, 667: 512, 668: 750, 671: 324, 672: 86, 713: 394, 714: 156, 715: 254, 716: 16, 717: 526, 718: 764, 719: 394, 720: 156, 721: 324, 722: 86, 723: 324, 724: 86, 725: 324, 726: 86, 727: 324, 728: 86, 733: 736, 734: 498, 741: 414, 742: 652, 743: 512, 744: 750, 745: 736, 746: 498, 747: 736, 748: 498, 757: 736, 758: 498, 759: 86, 760: 324, 763: 324, 764: 86, 765: 324, 766: 86, 767: 652, 768: 414, 769: 736, 770: 498, 771: 394, 772: 156, 773: 394, 774: 156, 783: 324, 784: 86, 785: 254, 786: 16, 787: 736, 788: 498, 789: 86, 790: 324, 791: 736, 792: 498, 793: 86, 794: 324, 795: 736, 796: 498, 797: 86, 798: 324, 799: 736, 800: 498, 801: 750, 802: 512, 815: 86, 816: 324, 817: 764, 818: 526, 825: 498, 826: 736, 827: 750, 828: 512, 829: 16, 830: 254, 835: 540, 836: 778, 837: 324, 838: 86, 867: 540, 868: 778, 875: 778, 876: 540, 877: 736, 878: 498, 879: 736, 880: 498, 881: 324, 882: 86, 893: 324, 894: 86, 903: 324, 904: 86, 911: 324, 912: 86}
Correct solution!
Number of lables used:  18
Time taken: 0.41 seconds
Memory used: 44.45 MB
--------------------------------------------------

Trying with at most 17 labels...
Solution:
{13: 254, 14: 16, 15: 254, 16: 16, 23: 324, 24: 86, 49: 16, 50: 254, 51: 414, 52: 652, 53: 498, 54: 736, 67: 652, 68: 414, 69: 254, 70: 16, 79: 394, 80: 156, 81: 16, 82: 254, 83: 778, 84: 540, 85: 394, 86: 156, 103: 414, 104: 652, 105: 324, 106: 86, 117: 414, 118: 652, 119: 16, 120: 254, 127: 254, 128: 16, 129: 736, 130: 498, 143: 736, 144: 498, 145: 254, 146: 16, 151: 156, 152: 394, 153: 414, 154: 652, 155: 414, 156: 652, 157: 512, 158: 750, 179: 86, 180: 324, 181: 16, 182: 254, 183: 540, 184: 778, 191: 254, 192: 16, 193: 540, 194: 778, 205: 540, 206: 778, 209: 254, 210: 16, 211: 380, 212: 142, 213: 156, 214: 394, 215: 414, 216: 652, 217: 498, 218: 736, 233: 142, 234: 380, 235: 736, 236: 498, 237: 512, 238: 750, 261: 324, 262: 86, 263: 394, 264: 156, 265: 156, 266: 394, 267: 498, 268: 736, 269: 254, 270: 16, 271: 254, 272: 16, 273: 414, 274: 652, 275: 414, 276: 652, 277: 394, 278: 156, 281: 414, 282: 652, 283: 750, 284: 512, 285: 652, 286: 414, 287: 324, 288: 86, 289: 254, 290: 16, 291: 324, 292: 86, 293: 380, 294: 142, 295: 750, 296: 512, 299: 512, 300: 750, 301: 652, 302: 414, 303: 254, 304: 16, 305: 156, 306: 394, 307: 16, 308: 254, 309: 324, 310: 86, 311: 156, 312: 394, 313: 156, 314: 394, 321: 254, 322: 16, 323: 254, 324: 16, 325: 540, 326: 778, 327: 16, 328: 254, 329: 652, 330: 414, 339: 16, 340: 254, 341: 540, 342: 778, 343: 540, 344: 778, 345: 156, 346: 394, 347: 736, 348: 498, 349: 540, 350: 778, 351: 750, 352: 512, 355: 498, 356: 736, 357: 86, 358: 324, 359: 380, 360: 142, 361: 736, 362: 498, 363: 324, 364: 86, 365: 512, 366: 750, 367: 778, 368: 540, 369: 142, 370: 380, 371: 254, 372: 16, 375: 86, 376: 324, 377: 750, 378: 512, 383: 324, 384: 86, 387: 540, 388: 778, 397: 414, 398: 652, 401: 512, 402: 750, 405: 86, 406: 324, 435: 512, 436: 750, 439: 736, 440: 498, 449: 142, 450: 380, 471: 324, 472: 86, 475: 540, 476: 778, 477: 498, 478: 736, 481: 498, 482: 736, 491: 778, 492: 540, 493: 736, 494: 498, 495: 324, 496: 86, 517: 750, 518: 512, 519: 86, 520: 324, 525: 736, 526: 498, 533: 736, 534: 498, 535: 324, 536: 86, 547: 254, 548: 16, 555: 324, 556: 86, 557: 86, 558: 324, 559: 86, 560: 324, 561: 380, 562: 142, 563: 324, 564: 86, 565: 778, 566: 540, 573: 324, 574: 86, 575: 540, 576: 778, 577: 414, 578: 652, 579: 394, 580: 156, 581: 16, 582: 254, 583: 778, 584: 540, 585: 86, 586: 324, 587: 156, 588: 394, 589: 652, 590: 414, 591: 498, 592: 736, 593: 512, 594: 750, 595: 540, 596: 778, 597: 498, 598: 736, 599: 512, 600: 750, 601: 512, 602: 750, 603: 512, 604: 750, 605: 736, 606: 498, 607: 142, 608: 380, 613: 512, 614: 750, 615: 380, 616: 142, 617: 498, 618: 736, 619: 750, 620: 512, 621: 324, 622: 86, 623: 750, 624: 512, 625: 736, 626: 498, 629: 736, 630: 498, 631: 324, 632: 86, 633: 324, 634: 86, 635: 498, 636: 736, 637: 254, 638: 16, 639: 324, 640: 86, 641: 86, 642: 324, 643: 736, 644: 498, 645: 324, 646: 86, 651: 394, 652: 156, 653: 394, 654: 156, 661: 736, 662: 498, 663: 394, 664: 156, 665: 394, 666: 156, 667: 512, 668: 750, 671: 324, 672: 86, 713: 394, 714: 156, 715: 254, 716: 16, 717: 512, 718: 750, 719: 394, 720: 156, 721: 324, 722: 86, 723: 324, 724: 86, 725: 324, 726: 86, 727: 324, 728: 86, 733: 736, 734: 498, 741: 156, 742: 394, 743: 512, 744: 750, 745: 736, 746: 498, 747: 736, 748: 498, 757: 736, 758: 498, 759: 86, 760: 324, 763: 324, 764: 86, 765: 324, 766: 86, 767: 652, 768: 414, 769: 540, 770: 778, 771: 394, 772: 156, 773: 324, 774: 86, 783: 324, 784: 86, 785: 254, 786: 16, 787: 736, 788: 498, 789: 86, 790: 324, 791: 736, 792: 498, 793: 86, 794: 324, 795: 736, 796: 498, 797: 86, 798: 324, 799: 736, 800: 498, 801: 750, 802: 512, 815: 86, 816: 324, 817: 750, 818: 512, 825: 380, 826: 142, 827: 16, 828: 254, 829: 736, 830: 498, 835: 540, 836: 778, 837: 324, 838: 86, 867: 540, 868: 778, 875: 778, 876: 540, 877: 736, 878: 498, 879: 736, 880: 498, 881: 324, 882: 86, 893: 324, 894: 86, 903: 324, 904: 86, 911: 512, 912: 750}
Correct solution!
Number of lables used:  16
Time taken: 0.42 seconds
Memory used: 44.45 MB
--------------------------------------------------

Trying with at most 15 labels...
Solution:
{13: 254, 14: 16, 15: 254, 16: 16, 23: 324, 24: 86, 49: 16, 50: 254, 51: 414, 52: 652, 53: 512, 54: 750, 67: 750, 68: 512, 69: 254, 70: 16, 79: 380, 80: 142, 81: 16, 82: 254, 83: 736, 84: 498, 85: 254, 86: 16, 103: 736, 104: 498, 105: 324, 106: 86, 117: 414, 118: 652, 119: 16, 120: 254, 127: 254, 128: 16, 129: 142, 130: 380, 143: 750, 144: 512, 145: 142, 146: 380, 151: 540, 152: 778, 153: 652, 154: 414, 155: 414, 156: 652, 157: 512, 158: 750, 179: 86, 180: 324, 181: 16, 182: 254, 183: 498, 184: 736, 191: 414, 192: 652, 193: 540, 194: 778, 205: 498, 206: 736, 209: 142, 210: 380, 211: 254, 212: 16, 213: 324, 214: 86, 215: 16, 216: 254, 217: 380, 218: 142, 233: 142, 234: 380, 235: 736, 236: 498, 237: 540, 238: 778, 261: 324, 262: 86, 263: 498, 264: 736, 265: 254, 266: 16, 267: 414, 268: 652, 269: 254, 270: 16, 271: 254, 272: 16, 273: 324, 274: 86, 275: 324, 276: 86, 277: 254, 278: 16, 281: 778, 282: 540, 283: 652, 284: 414, 285: 652, 286: 414, 287: 324, 288: 86, 289: 254, 290: 16, 291: 324, 292: 86, 293: 380, 294: 142, 295: 652, 296: 414, 299: 414, 300: 652, 301: 540, 302: 778, 303: 254, 304: 16, 305: 512, 306: 750, 307: 16, 308: 254, 309: 324, 310: 86, 311: 540, 312: 778, 313: 540, 314: 778, 321: 254, 322: 16, 323: 254, 324: 16, 325: 652, 326: 414, 327: 86, 328: 324, 329: 652, 330: 414, 339: 16, 340: 254, 341: 540, 342: 778, 343: 540, 344: 778, 345: 142, 346: 380, 347: 736, 348: 498, 349: 498, 350: 736, 351: 750, 352: 512, 355: 498, 356: 736, 357: 86, 358: 324, 359: 380, 360: 142, 361: 736, 362: 498, 363: 324, 364: 86, 365: 512, 366: 750, 367: 778, 368: 540, 369: 142, 370: 380, 371: 254, 372: 16, 375: 86, 376: 324, 377: 778, 378: 540, 383: 324, 384: 86, 387: 498, 388: 736, 397: 414, 398: 652, 401: 512, 402: 750, 405: 86, 406: 324, 435: 540, 436: 778, 439: 778, 440: 540, 449: 142, 450: 380, 471: 324, 472: 86, 475: 498, 476: 736, 477: 512, 478: 750, 481: 512, 482: 750, 491: 778, 492: 540, 493: 736, 494: 498, 495: 324, 496: 86, 517: 778, 518: 540, 519: 86, 520: 324, 525: 750, 526: 512, 533: 414, 534: 652, 535: 324, 536: 86, 547: 254, 548: 16, 555: 750, 556: 512, 557: 86, 558: 324, 559: 86, 560: 324, 561: 380, 562: 142, 563: 324, 564: 86, 565: 778, 566: 540, 573: 324, 574: 86, 575: 498, 576: 736, 577: 414, 578: 652, 579: 380, 580: 142, 581: 16, 582: 254, 583: 736, 584: 498, 585: 86, 586: 324, 587: 142, 588: 380, 589: 652, 590: 414, 591: 540, 592: 778, 593: 512, 594: 750, 595: 498, 596: 736, 597: 498, 598: 736, 599: 512, 600: 750, 601: 512, 602: 750, 603: 512, 604: 750, 605: 736, 606: 498, 607: 142, 608: 380, 613: 512, 614: 750, 615: 380, 616: 142, 617: 512, 618: 750, 619: 750, 620: 512, 621: 324, 622: 86, 623: 750, 624: 512, 625: 736, 626: 498, 629: 380, 630: 142, 631: 324, 632: 86, 633: 324, 634: 86, 635: 498, 636: 736, 637: 254, 638: 16, 639: 324, 640: 86, 641: 142, 642: 380, 643: 86, 644: 324, 645: 324, 646: 86, 651: 142, 652: 380, 653: 254, 654: 16, 661: 750, 662: 512, 663: 380, 664: 142, 665: 380, 666: 142, 667: 512, 668: 750, 671: 324, 672: 86, 713: 254, 714: 16, 715: 16, 716: 254, 717: 414, 718: 652, 719: 254, 720: 16, 721: 142, 722: 380, 723: 142, 724: 380, 725: 324, 726: 86, 727: 324, 728: 86, 733: 778, 734: 540, 741: 652, 742: 414, 743: 512, 744: 750, 745: 736, 746: 498, 747: 778, 748: 540, 757: 736, 758: 498, 759: 380, 760: 142, 763: 380, 764: 142, 765: 380, 766: 142, 767: 652, 768: 414, 769: 512, 770: 750, 771: 540, 772: 778, 773: 324, 774: 86, 783: 142, 784: 380, 785: 254, 786: 16, 787: 778, 788: 540, 789: 86, 790: 324, 791: 750, 792: 512, 793: 86, 794: 324, 795: 736, 796: 498, 797: 86, 798: 324, 799: 736, 800: 498, 801: 750, 802: 512, 815: 86, 816: 324, 817: 750, 818: 512, 825: 380, 826: 142, 827: 16, 828: 254, 829: 750, 830: 512, 835: 540, 836: 778, 837: 324, 838: 86, 867: 498, 868: 736, 875: 778, 876: 540, 877: 750, 878: 512, 879: 736, 880: 498, 881: 324, 882: 86, 893: 324, 894: 86, 903: 324, 904: 86, 911: 512, 912: 750}
Correct solution!
Number of lables used:  14
Time taken: 0.45 seconds
Memory used: 44.58 MB
--------------------------------------------------

Trying with at most 13 labels...
[runlim] sample:		10.0 time, 10.8 real, 68.2 MB
[runlim] sample:		20.0 time, 20.8 real, 78.4 MB
[runlim] sample:		30.0 time, 30.8 real, 78.4 MB
[runlim] sample:		40.0 time, 40.8 real, 78.4 MB
[runlim] sample:		50.0 time, 50.8 real, 78.4 MB
[runlim] sample:		60.0 time, 60.8 real, 78.4 MB
[runlim] sample:		70.0 time, 70.8 real, 78.4 MB
[runlim] sample:		80.0 time, 80.8 real, 78.4 MB
[runlim] sample:		90.0 time, 90.8 real, 65.5 MB
Cannot find solution.
No more solutions found.
Optimal number of labels used:  14
Time taken: 95.88 seconds
[runlim] end:			Mon Jan 12 00:12:30 2026
[runlim] status:		ok
[runlim] result:		0
[runlim] children:		0
[runlim] real:			96.70 seconds
[runlim] time:			95.88 seconds
[runlim] space:			81.1 MB
[runlim] samples:		959
