[runlim] version:		1.10
[runlim] time limit:		311040000 seconds
[runlim] real time limit:	900 seconds
[runlim] space limit:		8000 MB
[runlim] argv[0]:		python3
[runlim] argv[1]:		-u
[runlim] argv[2]:		main.py
[runlim] argv[3]:		graph01
[runlim] argv[4]:		tot
[runlim] argv[5]:		assumptions
[runlim] argv[6]:		cadical195
[runlim] start:			Thu Jan 15 02:25:10 2026
[runlim] main pid:		104404
Solve first problem:
Solution:
{1: 30, 2: 268, 3: 16, 4: 254, 5: 16, 6: 254, 7: 142, 8: 380, 9: 142, 10: 380, 11: 16, 12: 254, 13: 30, 14: 268, 15: 58, 16: 296, 17: 16, 18: 254, 19: 16, 20: 254, 21: 44, 22: 282, 23: 142, 24: 380, 25: 72, 26: 310, 27: 352, 28: 114, 29: 16, 30: 254, 31: 72, 32: 310, 33: 114, 34: 352, 35: 72, 36: 310, 37: 16, 38: 254, 39: 16, 40: 254, 41: 72, 42: 310, 43: 86, 44: 324, 45: 58, 46: 296, 47: 16, 48: 254, 49: 72, 50: 310, 51: 86, 52: 324, 53: 30, 54: 268, 55: 58, 56: 296, 57: 58, 58: 296, 59: 16, 60: 254, 61: 128, 62: 366, 63: 86, 64: 324, 65: 16, 66: 254, 67: 58, 68: 296, 69: 44, 70: 282, 71: 30, 72: 268, 73: 142, 74: 380, 75: 86, 76: 324, 77: 30, 78: 268, 79: 16, 80: 254, 81: 72, 82: 310, 83: 58, 84: 296, 85: 72, 86: 310, 87: 114, 88: 352, 89: 58, 90: 296, 91: 156, 92: 394, 93: 16, 94: 254, 95: 72, 96: 310, 97: 408, 98: 170, 99: 86, 100: 324, 101: 30, 102: 268, 103: 16, 104: 254, 105: 142, 106: 380, 107: 44, 108: 282, 109: 16, 110: 254, 111: 86, 112: 324, 113: 44, 114: 282, 115: 114, 116: 352, 117: 114, 118: 352, 119: 100, 120: 338, 121: 408, 122: 170, 123: 142, 124: 380, 125: 58, 126: 296, 127: 30, 128: 268, 129: 114, 130: 352, 131: 30, 132: 268, 133: 366, 134: 128, 135: 170, 136: 408, 137: 30, 138: 268, 139: 16, 140: 254, 141: 30, 142: 268, 143: 44, 144: 282, 145: 86, 146: 324, 147: 366, 148: 128, 149: 428, 150: 666, 151: 86, 152: 324, 153: 142, 154: 380, 155: 156, 156: 394, 157: 338, 158: 100, 159: 484, 160: 722, 161: 296, 162: 58, 163: 268, 164: 30, 165: 456, 166: 694, 167: 44, 168: 282, 169: 100, 170: 338, 171: 72, 172: 310, 173: 114, 174: 352, 175: 442, 176: 680, 177: 16, 178: 254, 179: 44, 180: 282, 181: 16, 182: 254, 183: 142, 184: 380, 185: 414, 186: 652, 187: 128, 188: 366, 189: 30, 190: 268, 191: 414, 192: 652, 193: 170, 194: 408, 195: 100, 196: 338, 197: 58, 198: 296, 199: 72, 200: 310}
Correct solution!
Number of lables used:  34
Time taken: 0.16 seconds
Memory used: 35.41 MB
--------------------------------------------------

Trying with at most 33 labels...
Solution:
{1: 58, 2: 296, 3: 30, 4: 268, 5: 58, 6: 296, 7: 240, 8: 478, 9: 240, 10: 478, 11: 72, 12: 310, 13: 100, 14: 338, 15: 58, 16: 296, 17: 268, 18: 30, 19: 86, 20: 324, 21: 310, 22: 72, 23: 408, 24: 170, 25: 352, 26: 114, 27: 156, 28: 394, 29: 100, 30: 338, 31: 142, 32: 380, 33: 352, 34: 114, 35: 100, 36: 338, 37: 86, 38: 324, 39: 72, 40: 310, 41: 142, 42: 380, 43: 338, 44: 100, 45: 156, 46: 394, 47: 380, 48: 142, 49: 100, 50: 338, 51: 30, 52: 268, 53: 72, 54: 310, 55: 380, 56: 142, 57: 16, 58: 254, 59: 310, 60: 72, 61: 156, 62: 394, 63: 142, 64: 380, 65: 72, 66: 310, 67: 142, 68: 380, 69: 142, 70: 380, 71: 86, 72: 324, 73: 240, 74: 478, 75: 142, 76: 380, 77: 282, 78: 44, 79: 100, 80: 338, 81: 142, 82: 380, 83: 156, 84: 394, 85: 86, 86: 324, 87: 254, 88: 16, 89: 100, 90: 338, 91: 16, 92: 254, 93: 156, 94: 394, 95: 352, 96: 114, 97: 170, 98: 408, 99: 86, 100: 324, 101: 114, 102: 352, 103: 16, 104: 254, 105: 30, 106: 268, 107: 100, 108: 338, 109: 72, 110: 310, 111: 142, 112: 380, 113: 156, 114: 394, 115: 142, 116: 380, 117: 156, 118: 394, 119: 114, 120: 352, 121: 240, 122: 478, 123: 240, 124: 478, 125: 114, 126: 352, 127: 338, 128: 100, 129: 86, 130: 324, 131: 100, 132: 338, 133: 366, 134: 128, 135: 408, 136: 170, 137: 128, 138: 366, 139: 16, 140: 254, 141: 86, 142: 324, 143: 128, 144: 366, 145: 282, 146: 44, 147: 30, 148: 268, 149: 58, 150: 296, 151: 268, 152: 30, 153: 156, 154: 394, 155: 114, 156: 352, 157: 156, 158: 394, 159: 156, 160: 394, 161: 394, 162: 156, 163: 296, 164: 58, 165: 58, 166: 296, 167: 366, 168: 128, 169: 296, 170: 58, 171: 156, 172: 394, 173: 58, 174: 296, 175: 86, 176: 324, 177: 156, 178: 394, 179: 156, 180: 394, 181: 30, 182: 268, 183: 324, 184: 86, 185: 86, 186: 324, 187: 142, 188: 380, 189: 156, 190: 394, 191: 100, 192: 338, 193: 240, 194: 478, 195: 142, 196: 380, 197: 156, 198: 394, 199: 156, 200: 394}
Correct solution!
Number of lables used:  26
Time taken: 0.17 seconds
Memory used: 36.54 MB
--------------------------------------------------

Trying with at most 25 labels...
Solution:
{1: 268, 2: 30, 3: 680, 4: 442, 5: 44, 6: 282, 7: 240, 8: 478, 9: 240, 10: 478, 11: 428, 12: 666, 13: 86, 14: 324, 15: 268, 16: 30, 17: 268, 18: 30, 19: 86, 20: 324, 21: 666, 22: 428, 23: 170, 24: 408, 25: 722, 26: 484, 27: 44, 28: 282, 29: 44, 30: 282, 31: 142, 32: 380, 33: 380, 34: 142, 35: 44, 36: 282, 37: 44, 38: 282, 39: 44, 40: 282, 41: 100, 42: 338, 43: 338, 44: 100, 45: 142, 46: 380, 47: 666, 48: 428, 49: 44, 50: 282, 51: 338, 52: 100, 53: 44, 54: 282, 55: 736, 56: 498, 57: 254, 58: 16, 59: 30, 60: 268, 61: 100, 62: 338, 63: 142, 64: 380, 65: 44, 66: 282, 67: 680, 68: 442, 69: 100, 70: 338, 71: 30, 72: 268, 73: 240, 74: 478, 75: 142, 76: 380, 77: 282, 78: 44, 79: 86, 80: 324, 81: 142, 82: 380, 83: 142, 84: 380, 85: 44, 86: 282, 87: 680, 88: 442, 89: 86, 90: 324, 91: 16, 92: 254, 93: 142, 94: 380, 95: 680, 96: 442, 97: 170, 98: 408, 99: 30, 100: 268, 101: 722, 102: 484, 103: 16, 104: 254, 105: 30, 106: 268, 107: 100, 108: 338, 109: 44, 110: 282, 111: 142, 112: 380, 113: 142, 114: 380, 115: 338, 116: 100, 117: 142, 118: 380, 119: 100, 120: 338, 121: 240, 122: 478, 123: 240, 124: 478, 125: 86, 126: 324, 127: 338, 128: 100, 129: 44, 130: 282, 131: 100, 132: 338, 133: 666, 134: 428, 135: 170, 136: 408, 137: 100, 138: 338, 139: 282, 140: 44, 141: 324, 142: 86, 143: 100, 144: 338, 145: 324, 146: 86, 147: 30, 148: 268, 149: 380, 150: 142, 151: 666, 152: 428, 153: 100, 154: 338, 155: 44, 156: 282, 157: 380, 158: 142, 159: 666, 160: 428, 161: 498, 162: 736, 163: 282, 164: 44, 165: 142, 166: 380, 167: 722, 168: 484, 169: 142, 170: 380, 171: 44, 172: 282, 173: 44, 174: 282, 175: 86, 176: 324, 177: 142, 178: 380, 179: 100, 180: 338, 181: 30, 182: 268, 183: 324, 184: 86, 185: 86, 186: 324, 187: 142, 188: 380, 189: 142, 190: 380, 191: 100, 192: 338, 193: 240, 194: 478, 195: 666, 196: 428, 197: 142, 198: 380, 199: 142, 200: 380}
Correct solution!
Number of lables used:  24
Time taken: 0.18 seconds
Memory used: 36.66 MB
--------------------------------------------------

Trying with at most 23 labels...
Solution:
{1: 268, 2: 30, 3: 680, 4: 442, 5: 44, 6: 282, 7: 240, 8: 478, 9: 240, 10: 478, 11: 428, 12: 666, 13: 86, 14: 324, 15: 268, 16: 30, 17: 268, 18: 30, 19: 86, 20: 324, 21: 666, 22: 428, 23: 170, 24: 408, 25: 722, 26: 484, 27: 44, 28: 282, 29: 338, 30: 100, 31: 142, 32: 380, 33: 380, 34: 142, 35: 44, 36: 282, 37: 44, 38: 282, 39: 44, 40: 282, 41: 100, 42: 338, 43: 338, 44: 100, 45: 142, 46: 380, 47: 666, 48: 428, 49: 44, 50: 282, 51: 338, 52: 100, 53: 44, 54: 282, 55: 736, 56: 498, 57: 142, 58: 380, 59: 30, 60: 268, 61: 100, 62: 338, 63: 142, 64: 380, 65: 44, 66: 282, 67: 680, 68: 442, 69: 100, 70: 338, 71: 30, 72: 268, 73: 240, 74: 478, 75: 142, 76: 380, 77: 44, 78: 282, 79: 86, 80: 324, 81: 142, 82: 380, 83: 142, 84: 380, 85: 44, 86: 282, 87: 680, 88: 442, 89: 86, 90: 324, 91: 44, 92: 282, 93: 142, 94: 380, 95: 680, 96: 442, 97: 170, 98: 408, 99: 30, 100: 268, 101: 722, 102: 484, 103: 268, 104: 30, 105: 30, 106: 268, 107: 100, 108: 338, 109: 44, 110: 282, 111: 142, 112: 380, 113: 142, 114: 380, 115: 338, 116: 100, 117: 142, 118: 380, 119: 100, 120: 338, 121: 240, 122: 478, 123: 240, 124: 478, 125: 86, 126: 324, 127: 338, 128: 100, 129: 44, 130: 282, 131: 100, 132: 338, 133: 666, 134: 428, 135: 170, 136: 408, 137: 100, 138: 338, 139: 282, 140: 44, 141: 324, 142: 86, 143: 100, 144: 338, 145: 324, 146: 86, 147: 30, 148: 268, 149: 380, 150: 142, 151: 666, 152: 428, 153: 100, 154: 338, 155: 44, 156: 282, 157: 380, 158: 142, 159: 666, 160: 428, 161: 498, 162: 736, 163: 282, 164: 44, 165: 142, 166: 380, 167: 722, 168: 484, 169: 142, 170: 380, 171: 44, 172: 282, 173: 44, 174: 282, 175: 86, 176: 324, 177: 142, 178: 380, 179: 100, 180: 338, 181: 30, 182: 268, 183: 324, 184: 86, 185: 86, 186: 324, 187: 142, 188: 380, 189: 142, 190: 380, 191: 100, 192: 338, 193: 240, 194: 478, 195: 666, 196: 428, 197: 142, 198: 380, 199: 142, 200: 380}
Correct solution!
Number of lables used:  22
Time taken: 0.19 seconds
Memory used: 36.79 MB
--------------------------------------------------

Trying with at most 21 labels...
Solution:
{1: 268, 2: 30, 3: 680, 4: 442, 5: 44, 6: 282, 7: 240, 8: 478, 9: 240, 10: 478, 11: 428, 12: 666, 13: 86, 14: 324, 15: 268, 16: 30, 17: 268, 18: 30, 19: 86, 20: 324, 21: 666, 22: 428, 23: 170, 24: 408, 25: 736, 26: 498, 27: 44, 28: 282, 29: 338, 30: 100, 31: 142, 32: 380, 33: 380, 34: 142, 35: 44, 36: 282, 37: 44, 38: 282, 39: 44, 40: 282, 41: 100, 42: 338, 43: 338, 44: 100, 45: 142, 46: 380, 47: 666, 48: 428, 49: 44, 50: 282, 51: 338, 52: 100, 53: 44, 54: 282, 55: 680, 56: 442, 57: 142, 58: 380, 59: 142, 60: 380, 61: 100, 62: 338, 63: 142, 64: 380, 65: 44, 66: 282, 67: 680, 68: 442, 69: 100, 70: 338, 71: 30, 72: 268, 73: 240, 74: 478, 75: 142, 76: 380, 77: 44, 78: 282, 79: 86, 80: 324, 81: 142, 82: 380, 83: 142, 84: 380, 85: 44, 86: 282, 87: 736, 88: 498, 89: 86, 90: 324, 91: 44, 92: 282, 93: 142, 94: 380, 95: 680, 96: 442, 97: 170, 98: 408, 99: 30, 100: 268, 101: 736, 102: 498, 103: 268, 104: 30, 105: 30, 106: 268, 107: 100, 108: 338, 109: 44, 110: 282, 111: 142, 112: 380, 113: 142, 114: 380, 115: 338, 116: 100, 117: 142, 118: 380, 119: 100, 120: 338, 121: 240, 122: 478, 123: 240, 124: 478, 125: 86, 126: 324, 127: 338, 128: 100, 129: 44, 130: 282, 131: 100, 132: 338, 133: 666, 134: 428, 135: 170, 136: 408, 137: 100, 138: 338, 139: 282, 140: 44, 141: 324, 142: 86, 143: 100, 144: 338, 145: 324, 146: 86, 147: 30, 148: 268, 149: 380, 150: 142, 151: 666, 152: 428, 153: 100, 154: 338, 155: 44, 156: 282, 157: 380, 158: 142, 159: 666, 160: 428, 161: 498, 162: 736, 163: 282, 164: 44, 165: 30, 166: 268, 167: 44, 168: 282, 169: 142, 170: 380, 171: 44, 172: 282, 173: 44, 174: 282, 175: 86, 176: 324, 177: 142, 178: 380, 179: 100, 180: 338, 181: 30, 182: 268, 183: 324, 184: 86, 185: 86, 186: 324, 187: 142, 188: 380, 189: 142, 190: 380, 191: 100, 192: 338, 193: 240, 194: 478, 195: 666, 196: 428, 197: 142, 198: 380, 199: 142, 200: 380}
Correct solution!
Number of lables used:  20
Time taken: 0.19 seconds
Memory used: 36.79 MB
--------------------------------------------------

Trying with at most 19 labels...
Solution:
{1: 142, 2: 380, 3: 58, 4: 296, 5: 338, 6: 100, 7: 408, 8: 170, 9: 408, 10: 170, 11: 764, 12: 526, 13: 142, 14: 380, 15: 296, 16: 58, 17: 414, 18: 652, 19: 254, 20: 16, 21: 128, 22: 366, 23: 380, 24: 142, 25: 16, 26: 254, 27: 296, 28: 58, 29: 254, 30: 16, 31: 764, 32: 526, 33: 142, 34: 380, 35: 142, 36: 380, 37: 142, 38: 380, 39: 58, 40: 296, 41: 764, 42: 526, 43: 30, 44: 268, 45: 268, 46: 30, 47: 764, 48: 526, 49: 100, 50: 338, 51: 30, 52: 268, 53: 764, 54: 526, 55: 526, 56: 764, 57: 764, 58: 526, 59: 128, 60: 366, 61: 414, 62: 652, 63: 414, 64: 652, 65: 764, 66: 526, 67: 296, 68: 58, 69: 764, 70: 526, 71: 142, 72: 380, 73: 170, 74: 408, 75: 30, 76: 268, 77: 414, 78: 652, 79: 764, 80: 526, 81: 296, 82: 58, 83: 414, 84: 652, 85: 296, 86: 58, 87: 254, 88: 16, 89: 414, 90: 652, 91: 100, 92: 338, 93: 414, 94: 652, 95: 16, 96: 254, 97: 408, 98: 170, 99: 30, 100: 268, 101: 142, 102: 380, 103: 142, 104: 380, 105: 366, 106: 128, 107: 764, 108: 526, 109: 652, 110: 414, 111: 652, 112: 414, 113: 414, 114: 652, 115: 366, 116: 128, 117: 296, 118: 58, 119: 142, 120: 380, 121: 170, 122: 408, 123: 170, 124: 408, 125: 652, 126: 414, 127: 338, 128: 100, 129: 338, 130: 100, 131: 764, 132: 526, 133: 30, 134: 268, 135: 170, 136: 408, 137: 764, 138: 526, 139: 764, 140: 526, 141: 414, 142: 652, 143: 652, 144: 414, 145: 652, 146: 414, 147: 128, 148: 366, 149: 652, 150: 414, 151: 338, 152: 100, 153: 764, 154: 526, 155: 764, 156: 526, 157: 30, 158: 268, 159: 764, 160: 526, 161: 526, 162: 764, 163: 414, 164: 652, 165: 142, 166: 380, 167: 296, 168: 58, 169: 58, 170: 296, 171: 764, 172: 526, 173: 142, 174: 380, 175: 652, 176: 414, 177: 414, 178: 652, 179: 414, 180: 652, 181: 100, 182: 338, 183: 268, 184: 30, 185: 142, 186: 380, 187: 764, 188: 526, 189: 414, 190: 652, 191: 414, 192: 652, 193: 170, 194: 408, 195: 764, 196: 526, 197: 414, 198: 652, 199: 414, 200: 652}
Correct solution!
Number of lables used:  18
Time taken: 0.42 seconds
Memory used: 41.22 MB
--------------------------------------------------

Trying with at most 17 labels...
[runlim] sample:		10.0 time, 10.2 real, 54.2 MB
[runlim] sample:		20.0 time, 20.2 real, 57.5 MB
[runlim] sample:		30.0 time, 30.2 real, 58.5 MB
[runlim] sample:		40.0 time, 40.2 real, 48.3 MB
[runlim] sample:		50.0 time, 50.2 real, 52.2 MB
[runlim] sample:		60.0 time, 60.2 real, 52.4 MB
[runlim] sample:		70.0 time, 70.2 real, 53.7 MB
[runlim] sample:		80.0 time, 80.2 real, 55.5 MB
[runlim] sample:		90.0 time, 90.2 real, 56.1 MB
[runlim] sample:		100.0 time, 100.2 real, 63.1 MB
[runlim] sample:		110.0 time, 110.2 real, 68.7 MB
[runlim] sample:		120.0 time, 120.2 real, 69.6 MB
[runlim] sample:		130.0 time, 130.2 real, 69.8 MB
Cannot find solution.
No more solutions found.
Optimal number of labels used:  18
Time taken: 132.30 seconds
[runlim] end:			Thu Jan 15 02:27:22 2026
[runlim] status:		ok
[runlim] result:		0
[runlim] children:		0
[runlim] real:			132.56 seconds
[runlim] time:			132.28 seconds
[runlim] space:			70.9 MB
[runlim] samples:		1323
