[runlim] version:		1.10
[runlim] time limit:		311040000 seconds
[runlim] real time limit:	900 seconds
[runlim] space limit:		8000 MB
[runlim] argv[0]:		python3
[runlim] argv[1]:		-u
[runlim] argv[2]:		main.py
[runlim] argv[3]:		scen02
[runlim] argv[4]:		tot
[runlim] argv[5]:		assumptions
[runlim] argv[6]:		cadical195
[runlim] start:			Fri Jan 23 10:35:08 2026
[runlim] main pid:		6162
Solve first problem:
Solution:
{13: 16, 14: 254, 15: 16, 16: 254, 53: 16, 54: 254, 79: 30, 80: 268, 81: 16, 82: 254, 83: 16, 84: 254, 85: 86, 86: 324, 127: 16, 128: 254, 129: 114, 130: 352, 143: 16, 144: 254, 145: 16, 146: 254, 205: 44, 206: 282, 233: 30, 234: 268, 235: 44, 236: 282, 237: 30, 238: 268, 261: 16, 262: 254, 263: 16, 264: 254, 265: 16, 266: 254, 267: 86, 268: 324, 269: 16, 270: 254, 271: 16, 272: 254, 273: 86, 274: 324, 275: 86, 276: 324, 277: 30, 278: 268, 281: 44, 282: 282, 283: 44, 284: 282, 289: 30, 290: 268, 291: 44, 292: 282, 303: 16, 304: 254, 305: 86, 306: 324, 321: 30, 322: 268, 323: 100, 324: 338, 325: 30, 326: 268, 327: 100, 328: 338, 329: 16, 330: 254, 341: 114, 342: 352, 343: 114, 344: 352, 349: 100, 350: 338, 351: 86, 352: 324, 435: 30, 436: 268, 475: 44, 476: 282, 481: 58, 482: 296, 517: 310, 518: 72, 519: 30, 520: 268, 555: 282, 556: 44, 557: 44, 558: 282, 559: 268, 560: 30, 561: 128, 562: 366, 565: 100, 566: 338, 577: 114, 578: 352, 579: 16, 580: 254, 583: 296, 584: 58, 585: 30, 586: 268, 587: 86, 588: 324, 589: 16, 590: 254, 591: 428, 592: 666, 593: 30, 594: 268, 595: 86, 596: 324, 597: 100, 598: 338, 599: 58, 600: 296, 601: 428, 602: 666, 603: 44, 604: 282, 605: 30, 606: 268, 607: 128, 608: 366, 613: 428, 614: 666, 615: 30, 616: 268, 617: 72, 618: 310, 621: 100, 622: 338, 625: 268, 626: 30, 629: 86, 630: 324, 631: 114, 632: 352, 633: 338, 634: 100, 635: 380, 636: 142, 645: 30, 646: 268, 651: 16, 652: 254, 661: 72, 662: 310, 663: 16, 664: 254, 665: 352, 666: 114, 667: 16, 668: 254, 713: 30, 714: 268, 717: 86, 718: 324, 719: 156, 720: 394, 721: 366, 722: 128, 723: 16, 724: 254, 743: 44, 744: 282, 745: 128, 746: 366, 747: 114, 748: 352, 763: 296, 764: 58, 765: 268, 766: 30, 767: 156, 768: 394, 785: 16, 786: 254, 787: 310, 788: 72, 789: 44, 790: 282, 791: 114, 792: 352, 793: 30, 794: 268, 795: 100, 796: 338, 797: 30, 798: 268, 799: 100, 800: 338, 801: 498, 802: 736, 879: 44, 880: 282}
Correct solution!
Number of lables used:  26
--------------------------------------------------

Trying with at most 25 labels...
Solution:
{13: 142, 14: 380, 15: 142, 16: 380, 53: 142, 54: 380, 79: 156, 80: 394, 81: 142, 82: 380, 83: 282, 84: 44, 85: 352, 86: 114, 127: 16, 128: 254, 129: 114, 130: 352, 143: 114, 144: 352, 145: 114, 146: 352, 205: 156, 206: 394, 233: 366, 234: 128, 235: 352, 236: 114, 237: 128, 238: 366, 261: 156, 262: 394, 263: 310, 264: 72, 265: 254, 266: 16, 267: 156, 268: 394, 269: 414, 270: 652, 271: 414, 272: 652, 273: 442, 274: 680, 275: 394, 276: 156, 277: 414, 278: 652, 281: 86, 282: 324, 283: 72, 284: 310, 289: 156, 290: 394, 291: 86, 292: 324, 303: 156, 304: 394, 305: 86, 306: 324, 321: 86, 322: 324, 323: 156, 324: 394, 325: 324, 326: 86, 327: 394, 328: 156, 329: 72, 330: 310, 341: 324, 342: 86, 343: 324, 344: 86, 349: 142, 350: 380, 351: 380, 352: 142, 435: 114, 436: 352, 475: 128, 476: 366, 481: 142, 482: 380, 517: 282, 518: 44, 519: 44, 520: 282, 555: 72, 556: 310, 557: 128, 558: 366, 559: 44, 560: 282, 561: 86, 562: 324, 565: 680, 566: 442, 577: 156, 578: 394, 579: 114, 580: 352, 583: 44, 584: 282, 585: 380, 586: 142, 587: 156, 588: 394, 589: 72, 590: 310, 591: 114, 592: 352, 593: 114, 594: 352, 595: 142, 596: 380, 597: 142, 598: 380, 599: 114, 600: 352, 601: 128, 602: 366, 603: 142, 604: 380, 605: 114, 606: 352, 607: 666, 608: 428, 613: 86, 614: 324, 615: 142, 616: 380, 617: 128, 618: 366, 621: 142, 622: 380, 625: 366, 626: 128, 629: 142, 630: 380, 631: 44, 632: 282, 633: 86, 634: 324, 635: 142, 636: 380, 645: 114, 646: 352, 651: 156, 652: 394, 661: 156, 662: 394, 663: 156, 664: 394, 665: 282, 666: 44, 667: 156, 668: 394, 713: 414, 714: 652, 717: 442, 718: 680, 719: 254, 720: 16, 721: 44, 722: 282, 723: 114, 724: 352, 743: 282, 744: 44, 745: 44, 746: 282, 747: 366, 748: 128, 763: 142, 764: 380, 765: 142, 766: 380, 767: 16, 768: 254, 785: 156, 786: 394, 787: 44, 788: 282, 789: 142, 790: 380, 791: 44, 792: 282, 793: 142, 794: 380, 795: 44, 796: 282, 797: 128, 798: 366, 799: 380, 800: 142, 801: 282, 802: 44, 879: 142, 880: 380}
Number of lables used:  22
Time taken: 0.28 seconds
--------------------------------------------------

Trying with at most 21 labels...
Solution:
{13: 86, 14: 324, 15: 72, 16: 310, 53: 142, 54: 380, 79: 156, 80: 394, 81: 142, 82: 380, 83: 282, 84: 44, 85: 352, 86: 114, 127: 254, 128: 16, 129: 86, 130: 324, 143: 114, 144: 352, 145: 114, 146: 352, 205: 156, 206: 394, 233: 352, 234: 114, 235: 324, 236: 86, 237: 114, 238: 352, 261: 156, 262: 394, 263: 72, 264: 310, 265: 254, 266: 16, 267: 156, 268: 394, 269: 414, 270: 652, 271: 414, 272: 652, 273: 442, 274: 680, 275: 394, 276: 156, 277: 414, 278: 652, 281: 86, 282: 324, 283: 72, 284: 310, 289: 156, 290: 394, 291: 86, 292: 324, 303: 156, 304: 394, 305: 86, 306: 324, 321: 86, 322: 324, 323: 156, 324: 394, 325: 16, 326: 254, 327: 394, 328: 156, 329: 44, 330: 282, 341: 324, 342: 86, 343: 324, 344: 86, 349: 142, 350: 380, 351: 380, 352: 142, 435: 86, 436: 324, 475: 114, 476: 352, 481: 142, 482: 380, 517: 282, 518: 44, 519: 44, 520: 282, 555: 72, 556: 310, 557: 142, 558: 380, 559: 44, 560: 282, 561: 72, 562: 310, 565: 680, 566: 442, 577: 156, 578: 394, 579: 86, 580: 324, 583: 44, 584: 282, 585: 380, 586: 142, 587: 156, 588: 394, 589: 44, 590: 282, 591: 86, 592: 324, 593: 666, 594: 428, 595: 142, 596: 380, 597: 114, 598: 352, 599: 114, 600: 352, 601: 114, 602: 352, 603: 142, 604: 380, 605: 114, 606: 352, 607: 666, 608: 428, 613: 86, 614: 324, 615: 142, 616: 380, 617: 114, 618: 352, 621: 142, 622: 380, 625: 352, 626: 114, 629: 142, 630: 380, 631: 44, 632: 282, 633: 72, 634: 310, 635: 142, 636: 380, 645: 114, 646: 352, 651: 156, 652: 394, 661: 156, 662: 394, 663: 156, 664: 394, 665: 282, 666: 44, 667: 156, 668: 394, 713: 414, 714: 652, 717: 442, 718: 680, 719: 254, 720: 16, 721: 44, 722: 282, 723: 114, 724: 352, 743: 44, 744: 282, 745: 44, 746: 282, 747: 310, 748: 72, 763: 142, 764: 380, 765: 142, 766: 380, 767: 16, 768: 254, 785: 156, 786: 394, 787: 44, 788: 282, 789: 142, 790: 380, 791: 44, 792: 282, 793: 142, 794: 380, 795: 44, 796: 282, 797: 114, 798: 352, 799: 380, 800: 142, 801: 282, 802: 44, 879: 142, 880: 380}
Number of lables used:  20
Time taken: 0.28 seconds
--------------------------------------------------

Trying with at most 19 labels...
Solution:
{13: 156, 14: 394, 15: 86, 16: 324, 53: 142, 54: 380, 79: 156, 80: 394, 81: 142, 82: 380, 83: 380, 84: 142, 85: 282, 86: 44, 127: 254, 128: 16, 129: 86, 130: 324, 143: 86, 144: 324, 145: 86, 146: 324, 205: 156, 206: 394, 233: 352, 234: 114, 235: 324, 236: 86, 237: 114, 238: 352, 261: 156, 262: 394, 263: 722, 264: 484, 265: 254, 266: 16, 267: 156, 268: 394, 269: 394, 270: 156, 271: 394, 272: 156, 273: 442, 274: 680, 275: 442, 276: 680, 277: 394, 278: 156, 281: 44, 282: 282, 283: 428, 284: 666, 289: 156, 290: 394, 291: 86, 292: 324, 303: 156, 304: 394, 305: 44, 306: 282, 321: 156, 322: 394, 323: 442, 324: 680, 325: 16, 326: 254, 327: 394, 328: 156, 329: 16, 330: 254, 341: 282, 342: 44, 343: 282, 344: 44, 349: 142, 350: 380, 351: 380, 352: 142, 435: 86, 436: 324, 475: 114, 476: 352, 481: 142, 482: 380, 517: 428, 518: 666, 519: 380, 520: 142, 555: 114, 556: 352, 557: 142, 558: 380, 559: 44, 560: 282, 561: 86, 562: 324, 565: 680, 566: 442, 577: 156, 578: 394, 579: 86, 580: 324, 583: 722, 584: 484, 585: 380, 586: 142, 587: 156, 588: 394, 589: 44, 590: 282, 591: 44, 592: 282, 593: 666, 594: 428, 595: 142, 596: 380, 597: 86, 598: 324, 599: 114, 600: 352, 601: 114, 602: 352, 603: 142, 604: 380, 605: 114, 606: 352, 607: 666, 608: 428, 613: 114, 614: 352, 615: 142, 616: 380, 617: 114, 618: 352, 621: 142, 622: 380, 625: 352, 626: 114, 629: 142, 630: 380, 631: 44, 632: 282, 633: 86, 634: 324, 635: 142, 636: 380, 645: 114, 646: 352, 651: 156, 652: 394, 661: 156, 662: 394, 663: 156, 664: 394, 665: 16, 666: 254, 667: 156, 668: 394, 713: 394, 714: 156, 717: 442, 718: 680, 719: 282, 720: 44, 721: 16, 722: 254, 723: 86, 724: 324, 743: 44, 744: 282, 745: 44, 746: 282, 747: 324, 748: 86, 763: 142, 764: 380, 765: 16, 766: 254, 767: 484, 768: 722, 785: 156, 786: 394, 787: 282, 788: 44, 789: 142, 790: 380, 791: 44, 792: 282, 793: 142, 794: 380, 795: 44, 796: 282, 797: 114, 798: 352, 799: 380, 800: 142, 801: 680, 802: 442, 879: 142, 880: 380}
Number of lables used:  18
Time taken: 0.28 seconds
--------------------------------------------------

Trying with at most 17 labels...
Solution:
{13: 156, 14: 394, 15: 86, 16: 324, 53: 142, 54: 380, 79: 156, 80: 394, 81: 142, 82: 380, 83: 380, 84: 142, 85: 282, 86: 44, 127: 254, 128: 16, 129: 86, 130: 324, 143: 86, 144: 324, 145: 86, 146: 324, 205: 156, 206: 394, 233: 352, 234: 114, 235: 324, 236: 86, 237: 114, 238: 352, 261: 156, 262: 394, 263: 722, 264: 484, 265: 254, 266: 16, 267: 156, 268: 394, 269: 394, 270: 156, 271: 394, 272: 156, 273: 442, 274: 680, 275: 442, 276: 680, 277: 394, 278: 156, 281: 44, 282: 282, 283: 722, 284: 484, 289: 156, 290: 394, 291: 86, 292: 324, 303: 156, 304: 394, 305: 44, 306: 282, 321: 156, 322: 394, 323: 442, 324: 680, 325: 16, 326: 254, 327: 394, 328: 156, 329: 16, 330: 254, 341: 282, 342: 44, 343: 282, 344: 44, 349: 142, 350: 380, 351: 380, 352: 142, 435: 86, 436: 324, 475: 114, 476: 352, 481: 142, 482: 380, 517: 722, 518: 484, 519: 380, 520: 142, 555: 114, 556: 352, 557: 142, 558: 380, 559: 44, 560: 282, 561: 86, 562: 324, 565: 680, 566: 442, 577: 156, 578: 394, 579: 86, 580: 324, 583: 86, 584: 324, 585: 380, 586: 142, 587: 156, 588: 394, 589: 44, 590: 282, 591: 44, 592: 282, 593: 442, 594: 680, 595: 142, 596: 380, 597: 86, 598: 324, 599: 114, 600: 352, 601: 114, 602: 352, 603: 142, 604: 380, 605: 114, 606: 352, 607: 722, 608: 484, 613: 114, 614: 352, 615: 142, 616: 380, 617: 114, 618: 352, 621: 142, 622: 380, 625: 352, 626: 114, 629: 142, 630: 380, 631: 44, 632: 282, 633: 86, 634: 324, 635: 142, 636: 380, 645: 114, 646: 352, 651: 156, 652: 394, 661: 156, 662: 394, 663: 156, 664: 394, 665: 16, 666: 254, 667: 156, 668: 394, 713: 394, 714: 156, 717: 442, 718: 680, 719: 282, 720: 44, 721: 16, 722: 254, 723: 86, 724: 324, 743: 44, 744: 282, 745: 44, 746: 282, 747: 324, 748: 86, 763: 142, 764: 380, 765: 16, 766: 254, 767: 484, 768: 722, 785: 156, 786: 394, 787: 282, 788: 44, 789: 142, 790: 380, 791: 44, 792: 282, 793: 142, 794: 380, 795: 44, 796: 282, 797: 114, 798: 352, 799: 380, 800: 142, 801: 680, 802: 442, 879: 142, 880: 380}
Number of lables used:  16
Time taken: 0.28 seconds
--------------------------------------------------

Trying with at most 15 labels...
Solution:
{13: 114, 14: 352, 15: 666, 16: 428, 53: 142, 54: 380, 79: 114, 80: 352, 81: 128, 82: 366, 83: 268, 84: 30, 85: 366, 86: 128, 127: 666, 128: 428, 129: 30, 130: 268, 143: 708, 144: 470, 145: 708, 146: 470, 205: 142, 206: 380, 233: 352, 234: 114, 235: 268, 236: 30, 237: 128, 238: 366, 261: 128, 262: 366, 263: 792, 264: 554, 265: 666, 266: 428, 267: 128, 268: 366, 269: 352, 270: 114, 271: 352, 272: 114, 273: 428, 274: 666, 275: 428, 276: 666, 277: 380, 278: 142, 281: 366, 282: 128, 283: 352, 284: 114, 289: 142, 290: 380, 291: 30, 292: 268, 303: 142, 304: 380, 305: 30, 306: 268, 321: 114, 322: 352, 323: 708, 324: 470, 325: 708, 326: 470, 327: 366, 328: 128, 329: 114, 330: 352, 341: 128, 342: 366, 343: 128, 344: 366, 349: 30, 350: 268, 351: 366, 352: 128, 435: 30, 436: 268, 475: 114, 476: 352, 481: 142, 482: 380, 517: 708, 518: 470, 519: 380, 520: 142, 555: 128, 556: 366, 557: 142, 558: 380, 559: 30, 560: 268, 561: 128, 562: 366, 565: 708, 566: 470, 577: 268, 578: 30, 579: 114, 580: 352, 583: 268, 584: 30, 585: 366, 586: 128, 587: 142, 588: 380, 589: 30, 590: 268, 591: 428, 592: 666, 593: 114, 594: 352, 595: 142, 596: 380, 597: 128, 598: 366, 599: 128, 600: 366, 601: 114, 602: 352, 603: 142, 604: 380, 605: 114, 606: 352, 607: 708, 608: 470, 613: 708, 614: 470, 615: 128, 616: 366, 617: 114, 618: 352, 621: 30, 622: 268, 625: 366, 626: 128, 629: 142, 630: 380, 631: 30, 632: 268, 633: 30, 634: 268, 635: 142, 636: 380, 645: 30, 646: 268, 651: 142, 652: 380, 661: 142, 662: 380, 663: 128, 664: 366, 665: 30, 666: 268, 667: 142, 668: 380, 713: 380, 714: 142, 717: 428, 718: 666, 719: 792, 720: 554, 721: 30, 722: 268, 723: 708, 724: 470, 743: 30, 744: 268, 745: 30, 746: 268, 747: 380, 748: 142, 763: 142, 764: 380, 765: 666, 766: 428, 767: 554, 768: 792, 785: 666, 786: 428, 787: 30, 788: 268, 789: 142, 790: 380, 791: 30, 792: 268, 793: 142, 794: 380, 795: 30, 796: 268, 797: 114, 798: 352, 799: 380, 800: 142, 801: 708, 802: 470, 879: 142, 880: 380}
Number of lables used:  14
Time taken: 0.29 seconds
--------------------------------------------------

Trying with at most 13 labels...
[runlim] sample:		10.0 time, 10.1 real, 57.3 MB
[runlim] sample:		20.0 time, 20.1 real, 60.5 MB
Cannot find solution.
No more solutions found.
Optimal number of labels used:  14
[runlim] end:			Fri Jan 23 10:35:30 2026
[runlim] status:		ok
[runlim] result:		0
[runlim] children:		0
[runlim] real:			22.54 seconds
[runlim] time:			22.37 seconds
[runlim] space:			60.5 MB
[runlim] samples:		224
