[runlim] version:		1.10
[runlim] time limit:		311040000 seconds
[runlim] real time limit:	600 seconds
[runlim] space limit:		14000 MB
[runlim] argv[0]:		python3
[runlim] argv[1]:		-u
[runlim] argv[2]:		mip.py
[runlim] argv[3]:		graph04
[runlim] start:			Tue Jan 20 13:38:28 2026
[runlim] main pid:		36913
Building MIP model...
[runlim] sample:		10.0 time, 10.0 real, 32.6 MB
[runlim] sample:		20.0 time, 20.0 real, 35.0 MB
[runlim] sample:		30.0 time, 30.0 real, 38.0 MB
[runlim] sample:		40.0 time, 40.0 real, 38.2 MB
[runlim] sample:		50.0 time, 50.0 real, 39.8 MB
[runlim] sample:		60.0 time, 60.0 real, 42.0 MB
[runlim] sample:		69.9 time, 70.0 real, 44.2 MB
[runlim] sample:		79.9 time, 80.0 real, 44.6 MB
[runlim] sample:		89.9 time, 90.0 real, 47.2 MB
[runlim] sample:		99.9 time, 100.0 real, 47.7 MB
[runlim] sample:		109.9 time, 110.0 real, 50.0 MB
[runlim] sample:		119.9 time, 120.0 real, 51.1 MB
[runlim] sample:		129.9 time, 130.0 real, 51.3 MB
[runlim] sample:		139.8 time, 140.0 real, 51.6 MB
[runlim] sample:		149.8 time, 150.0 real, 55.0 MB
[runlim] sample:		159.8 time, 160.0 real, 55.6 MB
[runlim] sample:		169.8 time, 170.0 real, 55.8 MB
[runlim] sample:		179.8 time, 180.0 real, 56.0 MB
[runlim] sample:		189.8 time, 190.0 real, 59.5 MB
[runlim] sample:		199.8 time, 200.0 real, 60.5 MB
[runlim] sample:		209.8 time, 210.0 real, 60.7 MB
[runlim] sample:		219.8 time, 220.0 real, 61.0 MB
[runlim] sample:		229.7 time, 230.0 real, 61.1 MB
[runlim] sample:		239.7 time, 240.0 real, 61.2 MB
[runlim] sample:		249.7 time, 250.0 real, 65.3 MB
[runlim] sample:		259.7 time, 260.0 real, 66.3 MB
[runlim] sample:		269.7 time, 270.0 real, 66.8 MB
[runlim] sample:		279.7 time, 280.0 real, 67.2 MB
[runlim] sample:		289.7 time, 290.0 real, 67.5 MB
[runlim] sample:		299.7 time, 300.0 real, 67.6 MB
[runlim] sample:		309.7 time, 310.0 real, 67.6 MB
[runlim] sample:		319.7 time, 320.0 real, 67.7 MB
[runlim] sample:		329.7 time, 330.0 real, 73.2 MB
Build time: 333.25s
Solving MIP (minimizing number of labels)...
Version identifier: 22.1.1.0 | 2022-11-28 | 9160aff4d
CPXPARAM_Read_DataCheck                          1
Legacy callback                                  i
Tried aggregator 2 times.
[runlim] sample:		346.2 time, 340.0 real, 423.9 MB
Aggregator has done 7796 substitutions...
MIP Presolve eliminated 972033 rows and 183 columns.
MIP Presolve modified 45120 coefficients.
Aggregator did 7796 substitutions.
Reduced MIP has 24013 rows, 7657 columns, and 621395 nonzeros.
Reduced MIP has 7657 binaries, 0 generals, 0 SOSs, and 0 indicators.
Presolve time = 6.90 sec. (11929.66 ticks)
Probing fixed 351 vars, tightened 0 bounds.
Probing changed sense of 6 constraints.
Probing time = 0.04 sec. (19.42 ticks)
Tried aggregator 1 time.
Detecting symmetries...
MIP Presolve eliminated 518 rows and 371 columns.
MIP Presolve modified 4431 coefficients.
Reduced MIP has 23336 rows, 7286 columns, and 570890 nonzeros.
Reduced MIP has 7286 binaries, 0 generals, 0 SOSs, and 0 indicators.
Presolve time = 0.60 sec. (1001.06 ticks)
Probing fixed 72 vars, tightened 0 bounds.
Probing time = 0.04 sec. (19.74 ticks)
Clique table members: 31107.
MIP emphasis: balance optimality and feasibility.
MIP search method: dynamic search.
Parallel mode: deterministic, using up to 12 threads.
[runlim] sample:		391.6 time, 350.0 real, 873.0 MB
[runlim] sample:		490.6 time, 360.0 real, 873.2 MB
[runlim] sample:		549.9 time, 370.0 real, 626.7 MB
Root relaxation solution time = 30.03 sec. (14902.35 ticks)

        Nodes                                         Cuts/
   Node  Left     Objective  IInf  Best Integer    Best Bound    ItCnt     Gap

*     0+    0                           44.0000        0.0000           100.00%
*     0+    0                           42.0000        0.0000           100.00%
*     0+    0                           40.0000        0.0000           100.00%
*     0+    0                           38.0000        0.0000           100.00%
*     0+    0                           36.0000        0.0000           100.00%
*     0+    0                           34.0000        0.0000           100.00%
*     0+    0                           32.0000        0.0000           100.00%
      0     0       14.0000  2066       32.0000       14.0000    21263   56.25%

========== NEW INCUMBENT SOLUTION ==========
{1: 792, 2: 554, 3: 792, 4: 554, 5: 114, 6: 352, 7: 764, 8: 526, 9: 156, 10: 394, 11: 652, 12: 414, 13: 128, 14: 366, 15: 114, 16: 352, 17: 16, 18: 254, 19: 792, 20: 554, 21: 16, 22: 254, 23: 72, 24: 310, 25: 142, 26: 380, 27: 86, 28: 324, 29: 680, 30: 442, 31: 58, 32: 296, 33: 142, 34: 380, 35: 128, 36: 366, 37: 778, 38: 540, 39: 100, 40: 338, 41: 114, 42: 352, 43: 764, 44: 526, 45: 16, 46: 254, 47: 764, 48: 526, 49: 86, 50: 324, 51: 414, 52: 652, 53: 114, 54: 352, 55: 142, 56: 380, 57: 16, 58: 254, 59: 72, 60: 310, 61: 680, 62: 442, 63: 778, 64: 540, 65: 30, 66: 268, 67: 58, 68: 296, 69: 680, 70: 442, 71: 156, 72: 394, 73: 86, 74: 324, 75: 156, 76: 394, 77: 156, 78: 394, 79: 58, 80: 296, 81: 114, 82: 352, 83: 58, 84: 296, 85: 764, 86: 526, 87: 30, 88: 268, 89: 792, 90: 554, 91: 792, 92: 554, 93: 694, 94: 456, 95: 254, 96: 16, 97: 142, 98: 380, 99: 142, 100: 380, 101: 792, 102: 554, 103: 16, 104: 254, 105: 86, 106: 324, 107: 652, 108: 414, 109: 680, 110: 442, 111: 156, 112: 394, 113: 114, 114: 352, 115: 142, 116: 380, 117: 16, 118: 254, 119: 764, 120: 526, 121: 100, 122: 338, 123: 680, 124: 442, 125: 652, 126: 414, 127: 16, 128: 254, 129: 778, 130: 540, 131: 58, 132: 296, 133: 72, 134: 310, 135: 694, 136: 456, 137: 100, 138: 338, 139: 652, 140: 414, 141: 156, 142: 394, 143: 72, 144: 310, 145: 764, 146: 526, 147: 16, 148: 254, 149: 778, 150: 540, 151: 58, 152: 296, 153: 792, 154: 554, 155: 694, 156: 456, 157: 652, 158: 414, 159: 86, 160: 324, 161: 86, 162: 324, 163: 16, 164: 254, 165: 58, 166: 296, 167: 764, 168: 526, 169: 156, 170: 394, 171: 694, 172: 456, 173: 694, 174: 456, 175: 778, 176: 540, 177: 792, 178: 554, 179: 100, 180: 338, 181: 72, 182: 310, 183: 16, 184: 254, 185: 86, 186: 324, 187: 30, 188: 268, 189: 792, 190: 554, 191: 128, 192: 366, 193: 680, 194: 442, 195: 58, 196: 296, 197: 30, 198: 268, 199: 142, 200: 380, 201: 100, 202: 338, 203: 778, 204: 540, 205: 58, 206: 296, 207: 86, 208: 324, 209: 680, 210: 442, 211: 156, 212: 394, 213: 114, 214: 352, 215: 694, 216: 456, 217: 114, 218: 352, 219: 652, 220: 414, 221: 58, 222: 296, 223: 128, 224: 366, 225: 128, 226: 366, 227: 680, 228: 442, 229: 58, 230: 296, 231: 778, 232: 540, 233: 694, 234: 456, 235: 680, 236: 442, 237: 764, 238: 526, 239: 100, 240: 338, 241: 16, 242: 254, 243: 58, 244: 296, 245: 680, 246: 442, 247: 72, 248: 310, 249: 778, 250: 540, 251: 652, 252: 414, 253: 58, 254: 296, 255: 156, 256: 394, 257: 86, 258: 324, 259: 114, 260: 352, 261: 792, 262: 554, 263: 30, 264: 268, 265: 114, 266: 352, 267: 652, 268: 414, 269: 652, 270: 414, 271: 58, 272: 296, 273: 86, 274: 324, 275: 792, 276: 554, 277: 86, 278: 324, 279: 16, 280: 254, 281: 156, 282: 394, 283: 100, 284: 338, 285: 58, 286: 296, 287: 156, 288: 394, 289: 72, 290: 310, 291: 652, 292: 414, 293: 142, 294: 380, 295: 16, 296: 254, 297: 694, 298: 456, 299: 778, 300: 540, 301: 114, 302: 352, 303: 86, 304: 324, 305: 72, 306: 310, 307: 142, 308: 380, 309: 764, 310: 526, 311: 58, 312: 296, 313: 128, 314: 366, 315: 128, 316: 366, 317: 792, 318: 554, 319: 16, 320: 254, 321: 86, 322: 324, 323: 652, 324: 414, 325: 86, 326: 324, 327: 156, 328: 394, 329: 100, 330: 338, 331: 30, 332: 268, 333: 142, 334: 380, 335: 142, 336: 380, 337: 58, 338: 296, 339: 100, 340: 338, 341: 128, 342: 366, 343: 128, 344: 366, 345: 792, 346: 554, 347: 30, 348: 268, 349: 156, 350: 394, 351: 30, 352: 268, 353: 58, 354: 296, 355: 30, 356: 268, 357: 16, 358: 254, 359: 72, 360: 310, 361: 764, 362: 526, 363: 86, 364: 324, 365: 72, 366: 310, 367: 72, 368: 310, 369: 16, 370: 254, 371: 30, 372: 268, 373: 30, 374: 268, 375: 764, 376: 526, 377: 680, 378: 442, 379: 72, 380: 310, 381: 764, 382: 526, 383: 72, 384: 310, 385: 142, 386: 380, 387: 100, 388: 338, 389: 30, 390: 268, 391: 792, 392: 554, 393: 652, 394: 414, 395: 652, 396: 414, 397: 792, 398: 554, 399: 778, 400: 540}
Number of labels used: 32
Total time: 371.92 sec
Memory: 624.79 MB
=============================================

========== NEW INCUMBENT SOLUTION ==========
{1: 792, 2: 554, 3: 792, 4: 554, 5: 114, 6: 352, 7: 764, 8: 526, 9: 156, 10: 394, 11: 652, 12: 414, 13: 128, 14: 366, 15: 114, 16: 352, 17: 16, 18: 254, 19: 792, 20: 554, 21: 16, 22: 254, 23: 72, 24: 310, 25: 142, 26: 380, 27: 86, 28: 324, 29: 680, 30: 442, 31: 58, 32: 296, 33: 142, 34: 380, 35: 128, 36: 366, 37: 778, 38: 540, 39: 100, 40: 338, 41: 114, 42: 352, 43: 764, 44: 526, 45: 16, 46: 254, 47: 764, 48: 526, 49: 86, 50: 324, 51: 414, 52: 652, 53: 114, 54: 352, 55: 142, 56: 380, 57: 16, 58: 254, 59: 72, 60: 310, 61: 680, 62: 442, 63: 778, 64: 540, 65: 30, 66: 268, 67: 58, 68: 296, 69: 680, 70: 442, 71: 156, 72: 394, 73: 86, 74: 324, 75: 156, 76: 394, 77: 156, 78: 394, 79: 58, 80: 296, 81: 114, 82: 352, 83: 58, 84: 296, 85: 764, 86: 526, 87: 30, 88: 268, 89: 792, 90: 554, 91: 792, 92: 554, 93: 694, 94: 456, 95: 254, 96: 16, 97: 142, 98: 380, 99: 142, 100: 380, 101: 792, 102: 554, 103: 16, 104: 254, 105: 86, 106: 324, 107: 652, 108: 414, 109: 680, 110: 442, 111: 156, 112: 394, 113: 114, 114: 352, 115: 142, 116: 380, 117: 16, 118: 254, 119: 764, 120: 526, 121: 100, 122: 338, 123: 680, 124: 442, 125: 652, 126: 414, 127: 16, 128: 254, 129: 778, 130: 540, 131: 58, 132: 296, 133: 72, 134: 310, 135: 694, 136: 456, 137: 100, 138: 338, 139: 652, 140: 414, 141: 156, 142: 394, 143: 72, 144: 310, 145: 764, 146: 526, 147: 16, 148: 254, 149: 778, 150: 540, 151: 58, 152: 296, 153: 792, 154: 554, 155: 694, 156: 456, 157: 652, 158: 414, 159: 86, 160: 324, 161: 86, 162: 324, 163: 16, 164: 254, 165: 58, 166: 296, 167: 764, 168: 526, 169: 156, 170: 394, 171: 694, 172: 456, 173: 694, 174: 456, 175: 778, 176: 540, 177: 792, 178: 554, 179: 100, 180: 338, 181: 72, 182: 310, 183: 16, 184: 254, 185: 86, 186: 324, 187: 30, 188: 268, 189: 792, 190: 554, 191: 128, 192: 366, 193: 680, 194: 442, 195: 58, 196: 296, 197: 30, 198: 268, 199: 142, 200: 380, 201: 100, 202: 338, 203: 778, 204: 540, 205: 58, 206: 296, 207: 86, 208: 324, 209: 680, 210: 442, 211: 156, 212: 394, 213: 114, 214: 352, 215: 694, 216: 456, 217: 114, 218: 352, 219: 652, 220: 414, 221: 58, 222: 296, 223: 128, 224: 366, 225: 128, 226: 366, 227: 680, 228: 442, 229: 58, 230: 296, 231: 778, 232: 540, 233: 694, 234: 456, 235: 680, 236: 442, 237: 764, 238: 526, 239: 100, 240: 338, 241: 16, 242: 254, 243: 58, 244: 296, 245: 680, 246: 442, 247: 72, 248: 310, 249: 778, 250: 540, 251: 652, 252: 414, 253: 58, 254: 296, 255: 156, 256: 394, 257: 86, 258: 324, 259: 114, 260: 352, 261: 792, 262: 554, 263: 30, 264: 268, 265: 114, 266: 352, 267: 652, 268: 414, 269: 652, 270: 414, 271: 58, 272: 296, 273: 86, 274: 324, 275: 792, 276: 554, 277: 86, 278: 324, 279: 16, 280: 254, 281: 156, 282: 394, 283: 100, 284: 338, 285: 58, 286: 296, 287: 156, 288: 394, 289: 72, 290: 310, 291: 652, 292: 414, 293: 142, 294: 380, 295: 16, 296: 254, 297: 694, 298: 456, 299: 778, 300: 540, 301: 114, 302: 352, 303: 86, 304: 324, 305: 72, 306: 310, 307: 142, 308: 380, 309: 764, 310: 526, 311: 58, 312: 296, 313: 128, 314: 366, 315: 128, 316: 366, 317: 792, 318: 554, 319: 16, 320: 254, 321: 86, 322: 324, 323: 652, 324: 414, 325: 86, 326: 324, 327: 156, 328: 394, 329: 100, 330: 338, 331: 30, 332: 268, 333: 142, 334: 380, 335: 142, 336: 380, 337: 58, 338: 296, 339: 100, 340: 338, 341: 128, 342: 366, 343: 128, 344: 366, 345: 792, 346: 554, 347: 30, 348: 268, 349: 156, 350: 394, 351: 30, 352: 268, 353: 58, 354: 296, 355: 30, 356: 268, 357: 16, 358: 254, 359: 72, 360: 310, 361: 764, 362: 526, 363: 86, 364: 324, 365: 72, 366: 310, 367: 72, 368: 310, 369: 16, 370: 254, 371: 30, 372: 268, 373: 30, 374: 268, 375: 764, 376: 526, 377: 680, 378: 442, 379: 72, 380: 310, 381: 764, 382: 526, 383: 72, 384: 310, 385: 142, 386: 380, 387: 100, 388: 338, 389: 30, 390: 268, 391: 792, 392: 554, 393: 652, 394: 414, 395: 652, 396: 414, 397: 792, 398: 554, 399: 778, 400: 540}
Number of labels used: 32
Total time: 371.92 sec
Memory: 625.03 MB
=============================================
[runlim] sample:		567.9 time, 380.0 real, 704.3 MB
[runlim] sample:		587.9 time, 390.0 real, 731.0 MB
[runlim] sample:		607.9 time, 400.0 real, 733.4 MB
[runlim] sample:		627.9 time, 410.0 real, 759.8 MB
[runlim] sample:		647.9 time, 420.0 real, 759.8 MB
[runlim] sample:		667.9 time, 430.0 real, 760.5 MB
[runlim] sample:		687.9 time, 440.0 real, 762.2 MB
[runlim] sample:		707.9 time, 450.0 real, 762.2 MB
[runlim] sample:		727.9 time, 460.0 real, 762.2 MB
[runlim] sample:		747.9 time, 470.0 real, 762.2 MB
[runlim] sample:		767.9 time, 480.0 real, 762.2 MB
[runlim] sample:		787.8 time, 490.0 real, 762.2 MB
[runlim] sample:		807.8 time, 500.0 real, 766.3 MB
[runlim] sample:		827.8 time, 510.0 real, 766.3 MB
[runlim] sample:		847.8 time, 520.0 real, 773.9 MB
[runlim] sample:		867.8 time, 530.0 real, 800.2 MB
[runlim] sample:		887.8 time, 540.0 real, 809.2 MB
[runlim] sample:		907.8 time, 550.0 real, 811.4 MB
[runlim] sample:		927.8 time, 560.0 real, 811.8 MB
[runlim] sample:		947.8 time, 570.0 real, 814.0 MB
[runlim] sample:		967.8 time, 580.0 real, 814.2 MB
[runlim] sample:		987.8 time, 590.0 real, 814.2 MB
[runlim] sample:		1007.8 time, 600.0 real, 814.2 MB
[runlim] end:			Tue Jan 20 13:48:28 2026
[runlim] status:		out of time
[runlim] result:		2
[runlim] children:		0
[runlim] real:			600.08 seconds
[runlim] time:			1007.76 seconds
[runlim] space:			873.2 MB
[runlim] samples:		6000
