[runlim] version:		1.10
[runlim] time limit:		311040000 seconds
[runlim] real time limit:	900 seconds
[runlim] space limit:		8000 MB
[runlim] argv[0]:		python3
[runlim] argv[1]:		-u
[runlim] argv[2]:		mip.py
[runlim] argv[3]:		scen05
[runlim] start:			Sat Jan 17 03:14:41 2026
[runlim] main pid:		82369
Building MIP model...
[runlim] sample:		9.9 time, 10.0 real, 32.2 MB
[runlim] sample:		19.9 time, 20.0 real, 35.0 MB
[runlim] sample:		30.0 time, 30.0 real, 36.2 MB
[runlim] sample:		40.0 time, 40.0 real, 38.0 MB
[runlim] sample:		49.9 time, 50.0 real, 38.8 MB
[runlim] sample:		59.9 time, 60.0 real, 40.7 MB
[runlim] sample:		70.0 time, 70.0 real, 42.7 MB
[runlim] sample:		79.9 time, 80.0 real, 43.3 MB
[runlim] sample:		89.9 time, 90.0 real, 45.3 MB
[runlim] sample:		100.0 time, 100.0 real, 46.2 MB
[runlim] sample:		109.9 time, 110.0 real, 46.5 MB
[runlim] sample:		119.9 time, 120.0 real, 49.0 MB
[runlim] sample:		130.0 time, 130.0 real, 49.8 MB
[runlim] sample:		139.9 time, 140.0 real, 50.2 MB
[runlim] sample:		149.9 time, 150.0 real, 50.4 MB
[runlim] sample:		160.0 time, 160.0 real, 53.3 MB
[runlim] sample:		169.9 time, 170.0 real, 54.2 MB
[runlim] sample:		179.9 time, 180.0 real, 54.5 MB
[runlim] sample:		189.9 time, 190.0 real, 54.8 MB
[runlim] sample:		200.0 time, 200.0 real, 54.9 MB
[runlim] sample:		209.9 time, 210.0 real, 55.2 MB
[runlim] sample:		219.9 time, 220.0 real, 59.2 MB
[runlim] sample:		230.0 time, 230.0 real, 59.7 MB
[runlim] sample:		239.9 time, 240.0 real, 60.0 MB
[runlim] sample:		249.9 time, 250.0 real, 60.3 MB
[runlim] sample:		260.0 time, 260.0 real, 60.4 MB
[runlim] sample:		269.9 time, 270.0 real, 60.5 MB
[runlim] sample:		279.9 time, 280.0 real, 60.7 MB
[runlim] sample:		290.0 time, 290.0 real, 65.3 MB
[runlim] sample:		299.9 time, 300.0 real, 66.0 MB
[runlim] sample:		309.9 time, 310.0 real, 66.4 MB
[runlim] sample:		319.9 time, 320.0 real, 66.7 MB
[runlim] sample:		330.0 time, 330.0 real, 67.7 MB
[runlim] sample:		339.9 time, 340.0 real, 67.8 MB
[runlim] sample:		349.9 time, 350.0 real, 67.9 MB
[runlim] sample:		360.0 time, 360.0 real, 68.0 MB
[runlim] sample:		369.9 time, 370.0 real, 68.2 MB
[runlim] sample:		379.9 time, 380.0 real, 73.7 MB
[runlim] sample:		390.0 time, 390.0 real, 74.4 MB
[runlim] sample:		399.9 time, 400.0 real, 74.8 MB
[runlim] sample:		409.9 time, 410.0 real, 75.2 MB
[runlim] sample:		420.0 time, 420.0 real, 75.4 MB
[runlim] sample:		429.9 time, 430.0 real, 75.5 MB
[runlim] sample:		439.9 time, 440.0 real, 75.7 MB
[runlim] sample:		449.9 time, 450.0 real, 75.8 MB
[runlim] sample:		460.0 time, 460.0 real, 75.8 MB
[runlim] sample:		469.9 time, 470.0 real, 75.9 MB
[runlim] sample:		479.9 time, 480.0 real, 76.0 MB
[runlim] sample:		490.0 time, 490.0 real, 82.4 MB
[runlim] sample:		499.9 time, 500.0 real, 83.3 MB
[runlim] sample:		509.9 time, 510.0 real, 83.9 MB
[runlim] sample:		520.0 time, 520.0 real, 84.3 MB
[runlim] sample:		529.9 time, 530.0 real, 84.5 MB
[runlim] sample:		539.9 time, 540.0 real, 84.8 MB
[runlim] sample:		550.0 time, 550.0 real, 84.9 MB
[runlim] sample:		559.9 time, 560.0 real, 85.0 MB
[runlim] sample:		569.9 time, 570.0 real, 85.2 MB
[runlim] sample:		579.9 time, 580.0 real, 85.3 MB
[runlim] sample:		590.0 time, 590.0 real, 85.3 MB
[runlim] sample:		599.9 time, 600.0 real, 85.4 MB
[runlim] sample:		609.9 time, 610.0 real, 85.4 MB
[runlim] sample:		620.0 time, 620.0 real, 85.5 MB
[runlim] sample:		629.9 time, 630.0 real, 93.0 MB
[runlim] sample:		639.9 time, 640.0 real, 94.2 MB
[runlim] sample:		650.0 time, 650.0 real, 94.8 MB
[runlim] sample:		659.9 time, 660.0 real, 95.2 MB
[runlim] sample:		669.9 time, 670.0 real, 95.5 MB
[runlim] sample:		679.9 time, 680.0 real, 95.8 MB
[runlim] sample:		689.9 time, 690.0 real, 95.9 MB
[runlim] sample:		699.9 time, 700.0 real, 96.2 MB
[runlim] sample:		709.9 time, 710.0 real, 96.3 MB
[runlim] sample:		720.0 time, 720.0 real, 96.4 MB
[runlim] sample:		729.9 time, 730.0 real, 96.5 MB
[runlim] sample:		739.9 time, 740.0 real, 96.5 MB
[runlim] sample:		750.0 time, 750.0 real, 96.7 MB
[runlim] sample:		760.0 time, 760.0 real, 96.7 MB
[runlim] sample:		770.1 time, 770.0 real, 96.8 MB
[runlim] sample:		779.9 time, 780.0 real, 96.9 MB
[runlim] sample:		790.0 time, 790.0 real, 96.9 MB
[runlim] sample:		799.9 time, 800.0 real, 104.9 MB
Build time: 801.72s
Solving MIP (minimizing number of labels)...
Version identifier: 22.1.1.0 | 2022-11-28 | 9160aff4d
CPXPARAM_Read_DataCheck                          1
Legacy callback                                  i
Tried aggregator 2 times.
[runlim] sample:		820.0 time, 810.0 real, 544.8 MB
[runlim] sample:		844.5 time, 820.0 real, 510.9 MB
Aggregator has done 7884 substitutions...
MIP Presolve eliminated 1437956 rows and 2433 columns.
MIP Presolve modified 528253 coefficients.
Aggregator did 7884 substitutions.
Reduced MIP has 191880 rows, 5499 columns, and 857123 nonzeros.
Reduced MIP has 5499 binaries, 0 generals, 0 SOSs, and 0 indicators.
Presolve time = 18.22 sec. (28448.22 ticks)
Found incumbent of value 48.000000 after 21.81 sec. (35268.82 ticks)
Probing fixed 2165 vars, tightened 0 bounds.
Probing changed sense of 2207 constraints.
Probing time = 0.08 sec. (28.89 ticks)
Tried aggregator 3 times.
MIP Presolve eliminated 185525 rows and 4062 columns.
MIP Presolve modified 16309 coefficients.
Aggregator did 8 substitutions.
Reduced MIP has 5274 rows, 1427 columns, and 52879 nonzeros.
Reduced MIP has 1427 binaries, 0 generals, 0 SOSs, and 0 indicators.
Presolve time = 0.61 sec. (1047.33 ticks)
Probing fixed 511 vars, tightened 0 bounds.
Probing changed sense of 532 constraints.
Probing time = 0.01 sec. (3.25 ticks)
Cover probing fixed 288 vars, tightened 109 bounds.
Tried aggregator 4 times.
MIP Presolve eliminated 5029 rows and 1252 columns.
MIP Presolve modified 116 coefficients.
Aggregator did 42 substitutions.
Reduced MIP has 199 rows, 133 columns, and 738 nonzeros.
Reduced MIP has 133 binaries, 0 generals, 0 SOSs, and 0 indicators.
Presolve time = 0.01 sec. (12.78 ticks)
Probing fixed 1 vars, tightened 0 bounds.
Probing changed sense of 20 constraints.
Probing time = 0.00 sec. (0.14 ticks)
Tried aggregator 3 times.
MIP Presolve eliminated 144 rows and 77 columns.
MIP Presolve modified 3 coefficients.
Aggregator did 9 substitutions.
Reduced MIP has 46 rows, 47 columns, and 184 nonzeros.
Reduced MIP has 47 binaries, 0 generals, 0 SOSs, and 0 indicators.
Presolve time = 0.00 sec. (0.38 ticks)
Probing time = 0.00 sec. (0.04 ticks)
Tried aggregator 1 time.
Detecting symmetries...
MIP Presolve eliminated 13 rows and 13 columns.
Reduced MIP has 33 rows, 33 columns, and 150 nonzeros.
Reduced MIP has 33 binaries, 0 generals, 0 SOSs, and 0 indicators.
Presolve time = 0.00 sec. (0.12 ticks)
Probing time = 0.00 sec. (0.03 ticks)
Clique table members: 47.
MIP emphasis: balance optimality and feasibility.
MIP search method: dynamic search.
Parallel mode: deterministic, using up to 12 threads.
Root relaxation solution time = 0.00 sec. (0.04 ticks)

        Nodes                                         Cuts/
   Node  Left     Objective  IInf  Best Integer    Best Bound    ItCnt     Gap

*     0+    0                           44.0000       38.0000            13.64%
*     0     0      integral     0       40.0000       40.0000        4    0.00%
Elapsed time = 22.55 sec. (36421.16 ticks, tree = 0.00 MB, solutions = 3)

Root node processing (before b&c):
  Real time             =   22.55 sec. (36421.80 ticks)
Parallel b&c, 12 threads:
  Real time             =    0.00 sec. (0.00 ticks)
  Sync time (average)   =    0.00 sec.
  Wait time (average)   =    0.00 sec.
                          ------------
Total (root+branch&cut) =   22.55 sec. (36421.80 ticks)
Solve time: 22.56s
Solution :
{156, 394, 156, 394, 16, 254, 72, 310, 554, 792, 254, 16, 128, 366, 414, 652, 792, 554, 554, 792, 30, 268, 722, 484, 666, 428, 442, 680, 72, 310, 428, 666, 128, 366, 764, 526, 44, 282, 254, 16, 442, 680, 736, 498, 268, 30, 310, 72, 736, 498, 792, 554, 310, 72, 764, 526, 324, 86, 428, 666, 30, 268, 498, 736, 128, 366, 16, 254, 554, 792, 296, 58, 72, 310, 554, 792, 296, 58, 296, 58, 30, 268, 30, 268, 296, 58, 394, 156, 128, 366, 16, 254, 470, 708, 792, 554, 156, 394, 408, 170, 792, 554, 254, 16, 156, 394, 324, 86, 554, 792, 540, 778, 394, 156, 30, 268, 296, 58, 254, 16, 156, 394, 456, 694, 310, 72, 268, 30, 792, 554, 526, 764, 394, 156, 394, 156, 268, 30, 708, 470, 680, 442, 778, 540, 442, 680, 680, 442, 128, 366, 352, 114, 352, 114, 44, 282, 778, 540, 722, 484, 778, 540, 366, 128, 268, 30, 428, 666, 764, 526, 30, 268, 394, 156, 16, 254, 764, 526, 16, 254, 366, 128, 456, 694, 680, 442, 268, 30, 114, 352, 666, 428, 540, 778, 156, 394, 86, 324, 428, 666, 652, 414, 792, 554, 254, 16, 442, 680, 540, 778, 366, 128, 128, 366, 708, 470, 526, 764, 268, 30, 540, 778, 484, 722, 30, 268, 58, 296, 554, 792, 666, 428, 16, 254, 778, 540, 366, 128, 666, 428, 254, 16, 526, 764, 282, 44, 428, 666, 310, 72, 680, 442, 268, 30, 498, 736, 498, 736, 324, 86, 310, 72, 86, 324, 764, 526, 540, 778, 540, 778, 764, 526, 44, 282, 282, 44, 498, 736, 114, 352, 680, 442, 86, 324, 128, 366, 128, 366, 16, 254, 16, 254, 694, 456, 792, 554, 442, 680, 394, 156, 778, 540, 296, 58, 44, 282, 296, 58, 694, 456, 128, 366, 254, 16, 554, 792, 442, 680, 666, 428, 442, 680, 352, 114, 58, 296, 526, 764, 540, 778, 58, 296, 708, 470, 114, 352, 540, 778, 540, 778, 16, 254, 324, 86, 268, 30, 114, 352, 540, 778, 778, 540, 722, 484, 498, 736, 282, 44, 736, 498, 282, 44, 540, 778, 470, 708, 282, 44, 764, 526, 268, 30, 778, 540, 114, 352, 554, 792, 470, 708, 282, 44, 540, 778, 268, 30, 268, 30, 694, 456, 764, 526, 310, 72, 114, 352, 268, 30, 254, 16}
Number of labels used: 40
Total time: 824.34s
Memory used: 431.50 MB
[runlim] end:			Sat Jan 17 03:28:25 2026
[runlim] status:		ok
[runlim] result:		0
[runlim] children:		0
[runlim] real:			824.46 seconds
[runlim] time:			850.26 seconds
[runlim] space:			584.5 MB
[runlim] samples:		8244
