[runlim] version:		1.10
[runlim] time limit:		311040000 seconds
[runlim] real time limit:	600 seconds
[runlim] space limit:		8000 MB
[runlim] argv[0]:		python3
[runlim] argv[1]:		-u
[runlim] argv[2]:		mip.py
[runlim] argv[3]:		scen02
[runlim] start:			Fri Dec 12 00:13:08 2025
[runlim] main pid:		168256
Building MIP model...
[runlim] sample:		9.8 time, 10.1 real, 31.2 MB
[runlim] sample:		19.5 time, 19.4 real, 34.4 MB
Build time: 21.64s
Solving MIP (minimizing number of labels)...
Version identifier: 22.1.1.0 | 2022-11-28 | 9160aff4d
CPXPARAM_Read_DataCheck                          1
Legacy callback                                  i
Tried aggregator 2 times.
MIP Presolve eliminated 189061 rows and 37 columns.
MIP Presolve modified 10296 coefficients.
Aggregator did 4002 substitutions.
Reduced MIP has 10396 rows, 4009 columns, and 111743 nonzeros.
Reduced MIP has 4009 binaries, 0 generals, 0 SOSs, and 0 indicators.
Presolve time = 0.66 sec. (646.22 ticks)
Found incumbent of value 44.000000 after 0.79 sec. (811.97 ticks)
Probing time = 0.01 sec. (2.13 ticks)
Tried aggregator 1 time.
Detecting symmetries...
Reduced MIP has 10396 rows, 4009 columns, and 111743 nonzeros.
Reduced MIP has 4009 binaries, 0 generals, 0 SOSs, and 0 indicators.
Presolve time = 0.10 sec. (113.30 ticks)
Probing time = 0.01 sec. (2.50 ticks)
Clique table members: 10396.
MIP emphasis: balance optimality and feasibility.
MIP search method: dynamic search.
Parallel mode: deterministic, using up to 12 threads.
Root relaxation solution time = 0.53 sec. (388.35 ticks)

        Nodes                                         Cuts/
   Node  Left     Objective  IInf  Best Integer    Best Bound    ItCnt     Gap

*     0+    0                           44.0000        0.0000           100.00%
*     0+    0                           30.0000        0.0000           100.00%
*     0+    0                           20.0000        0.0000           100.00%
*     0+    0                           18.0000        0.0000           100.00%
*     0+    0                           16.0000        0.0000           100.00%
      0     0       14.0000    11       16.0000       14.0000     3424   12.50%

========== NEW INCUMBENT SOLUTION ==========
{13: 694, 14: 456, 15: 142, 16: 380, 53: 156, 54: 394, 79: 694, 80: 456, 81: 554, 82: 792, 83: 694, 84: 456, 85: 792, 86: 554, 127: 394, 128: 156, 129: 694, 130: 456, 143: 268, 144: 30, 145: 694, 146: 456, 205: 792, 206: 554, 233: 778, 234: 540, 235: 30, 236: 268, 237: 694, 238: 456, 261: 156, 262: 394, 263: 554, 264: 792, 265: 792, 266: 554, 267: 268, 268: 30, 269: 142, 270: 380, 271: 142, 272: 380, 273: 512, 274: 750, 275: 512, 276: 750, 277: 142, 278: 380, 281: 156, 282: 394, 283: 156, 284: 394, 289: 456, 290: 694, 291: 156, 292: 394, 303: 554, 304: 792, 305: 156, 306: 394, 321: 694, 322: 456, 323: 156, 324: 394, 325: 30, 326: 268, 327: 394, 328: 156, 329: 792, 330: 554, 341: 512, 342: 750, 343: 540, 344: 778, 349: 380, 350: 142, 351: 456, 352: 694, 435: 268, 436: 30, 475: 540, 476: 778, 481: 694, 482: 456, 517: 268, 518: 30, 519: 694, 520: 456, 555: 428, 556: 666, 557: 750, 558: 512, 559: 456, 560: 694, 561: 512, 562: 750, 565: 30, 566: 268, 577: 456, 578: 694, 579: 694, 580: 456, 583: 778, 584: 540, 585: 156, 586: 394, 587: 694, 588: 456, 589: 156, 590: 394, 591: 268, 592: 30, 593: 142, 594: 380, 595: 694, 596: 456, 597: 778, 598: 540, 599: 268, 600: 30, 601: 750, 602: 512, 603: 750, 604: 512, 605: 456, 606: 694, 607: 30, 608: 268, 613: 268, 614: 30, 615: 456, 616: 694, 617: 30, 618: 268, 621: 380, 622: 142, 625: 512, 626: 750, 629: 512, 630: 750, 631: 456, 632: 694, 633: 750, 634: 512, 635: 778, 636: 540, 645: 394, 646: 156, 651: 694, 652: 456, 661: 694, 662: 456, 663: 456, 664: 694, 665: 428, 666: 666, 667: 750, 668: 512, 713: 142, 714: 380, 717: 512, 718: 750, 719: 156, 720: 394, 721: 792, 722: 554, 723: 268, 724: 30, 743: 540, 744: 778, 745: 750, 746: 512, 747: 750, 748: 512, 763: 456, 764: 694, 765: 156, 766: 394, 767: 792, 768: 554, 785: 694, 786: 456, 787: 778, 788: 540, 789: 456, 790: 694, 791: 778, 792: 540, 793: 268, 794: 30, 795: 694, 796: 456, 797: 30, 798: 268, 799: 694, 800: 456, 801: 666, 802: 428, 879: 512, 880: 750}
Number of labels used: 16
Total time: 23.16 sec
Memory: 193.93 MB
=============================================

========== NEW INCUMBENT SOLUTION ==========
{13: 694, 14: 456, 15: 142, 16: 380, 53: 156, 54: 394, 79: 694, 80: 456, 81: 554, 82: 792, 83: 694, 84: 456, 85: 792, 86: 554, 127: 394, 128: 156, 129: 694, 130: 456, 143: 268, 144: 30, 145: 694, 146: 456, 205: 792, 206: 554, 233: 778, 234: 540, 235: 30, 236: 268, 237: 694, 238: 456, 261: 156, 262: 394, 263: 554, 264: 792, 265: 792, 266: 554, 267: 268, 268: 30, 269: 142, 270: 380, 271: 142, 272: 380, 273: 512, 274: 750, 275: 512, 276: 750, 277: 142, 278: 380, 281: 156, 282: 394, 283: 156, 284: 394, 289: 456, 290: 694, 291: 156, 292: 394, 303: 554, 304: 792, 305: 156, 306: 394, 321: 694, 322: 456, 323: 156, 324: 394, 325: 30, 326: 268, 327: 394, 328: 156, 329: 792, 330: 554, 341: 512, 342: 750, 343: 540, 344: 778, 349: 380, 350: 142, 351: 456, 352: 694, 435: 268, 436: 30, 475: 540, 476: 778, 481: 694, 482: 456, 517: 268, 518: 30, 519: 694, 520: 456, 555: 428, 556: 666, 557: 750, 558: 512, 559: 456, 560: 694, 561: 512, 562: 750, 565: 30, 566: 268, 577: 456, 578: 694, 579: 694, 580: 456, 583: 778, 584: 540, 585: 156, 586: 394, 587: 694, 588: 456, 589: 156, 590: 394, 591: 268, 592: 30, 593: 142, 594: 380, 595: 694, 596: 456, 597: 778, 598: 540, 599: 268, 600: 30, 601: 750, 602: 512, 603: 750, 604: 512, 605: 456, 606: 694, 607: 30, 608: 268, 613: 268, 614: 30, 615: 456, 616: 694, 617: 30, 618: 268, 621: 380, 622: 142, 625: 512, 626: 750, 629: 512, 630: 750, 631: 456, 632: 694, 633: 750, 634: 512, 635: 778, 636: 540, 645: 394, 646: 156, 651: 694, 652: 456, 661: 694, 662: 456, 663: 456, 664: 694, 665: 428, 666: 666, 667: 750, 668: 512, 713: 142, 714: 380, 717: 512, 718: 750, 719: 156, 720: 394, 721: 792, 722: 554, 723: 268, 724: 30, 743: 540, 744: 778, 745: 750, 746: 512, 747: 750, 748: 512, 763: 456, 764: 694, 765: 156, 766: 394, 767: 792, 768: 554, 785: 694, 786: 456, 787: 778, 788: 540, 789: 456, 790: 694, 791: 778, 792: 540, 793: 268, 794: 30, 795: 694, 796: 456, 797: 30, 798: 268, 799: 694, 800: 456, 801: 666, 802: 428, 879: 512, 880: 750}
Number of labels used: 16
Total time: 23.17 sec
Memory: 194.05 MB
=============================================
*     0+    0                           14.0000       14.0000             0.00%
      0     0        cutoff             14.0000       14.0000     3424    0.00%
Elapsed time = 1.52 sec. (1370.41 ticks, tree = 0.01 MB, solutions = 6)

Root node processing (before b&c):
  Real time             =    1.52 sec. (1370.95 ticks)
Parallel b&c, 12 threads:
  Real time             =    0.00 sec. (0.00 ticks)
  Sync time (average)   =    0.00 sec.
  Wait time (average)   =    0.00 sec.
                          ------------
Total (root+branch&cut) =    1.52 sec. (1370.95 ticks)
Solve time: 1.53s
Solution :
{44, 282, 44, 282, 16, 254, 792, 554, 282, 44, 30, 268, 792, 554, 792, 554, 380, 142, 30, 268, 30, 268, 254, 16, 142, 380, 30, 268, 666, 428, 254, 16, 366, 128, 380, 142, 554, 792, 16, 254, 16, 254, 428, 666, 554, 792, 16, 254, 44, 282, 44, 282, 428, 666, 366, 128, 554, 792, 30, 268, 16, 254, 428, 666, 268, 30, 792, 554, 16, 254, 792, 554, 792, 554, 366, 128, 366, 128, 380, 142, 366, 128, 30, 268, 282, 44, 268, 30, 268, 30, 30, 268, 282, 44, 428, 666, 366, 128, 792, 554, 554, 792, 282, 44, 254, 16, 554, 792, 16, 254, 44, 282, 380, 142, 380, 142, 44, 282, 380, 142, 30, 268, 366, 128, 30, 268, 142, 380, 428, 666, 282, 44, 428, 666, 366, 128, 30, 268, 44, 282, 30, 268, 30, 268, 428, 666, 16, 254, 16, 254, 666, 428, 554, 792, 128, 366, 554, 792, 16, 254, 428, 666, 366, 128, 142, 380, 30, 268, 428, 666, 30, 268, 44, 282, 44, 282, 380, 142, 792, 554, 16, 254, 428, 666, 282, 44, 380, 142, 30, 268, 128, 366, 282, 44, 428, 666, 268, 30, 282, 44}
Number of labels used: 14
Total time: 23.21s
Memory used: 173.11 MB
[runlim] end:			Fri Dec 12 00:13:31 2025
[runlim] status:		ok
[runlim] result:		0
[runlim] children:		0
[runlim] real:			23.40 seconds
[runlim] time:			25.85 seconds
[runlim] space:			198.1 MB
[runlim] samples:		240
