[runlim] version:		1.10
[runlim] time limit:		311040000 seconds
[runlim] real time limit:	600 seconds
[runlim] space limit:		14000 MB
[runlim] argv[0]:		python3
[runlim] argv[1]:		-u
[runlim] argv[2]:		mip.py
[runlim] argv[3]:		scen01
[runlim] start:			Tue Jan 20 12:56:12 2026
[runlim] main pid:		17955
Building MIP model...
[runlim] sample:		9.9 time, 10.0 real, 38.1 MB
[runlim] sample:		19.9 time, 20.0 real, 39.3 MB
[runlim] sample:		29.9 time, 30.0 real, 41.2 MB
[runlim] sample:		39.9 time, 40.0 real, 42.8 MB
[runlim] sample:		49.9 time, 50.0 real, 45.1 MB
[runlim] sample:		59.9 time, 60.0 real, 46.1 MB
[runlim] sample:		69.9 time, 70.0 real, 46.3 MB
[runlim] sample:		79.9 time, 80.1 real, 49.9 MB
[runlim] sample:		89.9 time, 90.0 real, 50.4 MB
[runlim] sample:		99.9 time, 100.1 real, 50.4 MB
[runlim] sample:		109.8 time, 110.1 real, 50.9 MB
[runlim] sample:		119.9 time, 120.1 real, 51.1 MB
[runlim] sample:		129.8 time, 130.1 real, 52.1 MB
[runlim] sample:		139.8 time, 140.1 real, 52.6 MB
[runlim] sample:		149.8 time, 150.1 real, 52.9 MB
[runlim] sample:		159.8 time, 160.1 real, 53.2 MB
[runlim] sample:		169.8 time, 170.1 real, 55.2 MB
[runlim] sample:		179.8 time, 180.1 real, 56.0 MB
[runlim] sample:		189.8 time, 190.1 real, 56.2 MB
[runlim] sample:		199.8 time, 200.1 real, 56.6 MB
[runlim] sample:		209.8 time, 210.1 real, 56.7 MB
[runlim] sample:		219.8 time, 220.1 real, 57.0 MB
[runlim] sample:		229.8 time, 230.1 real, 60.0 MB
[runlim] sample:		239.8 time, 240.1 real, 60.6 MB
[runlim] sample:		249.8 time, 250.1 real, 60.9 MB
[runlim] sample:		259.8 time, 260.1 real, 61.0 MB
[runlim] sample:		269.8 time, 270.1 real, 61.2 MB
[runlim] sample:		279.7 time, 280.1 real, 61.6 MB
[runlim] sample:		289.7 time, 290.1 real, 61.7 MB
[runlim] sample:		299.7 time, 300.1 real, 65.2 MB
[runlim] sample:		309.7 time, 310.1 real, 65.7 MB
[runlim] sample:		319.7 time, 320.1 real, 66.2 MB
[runlim] sample:		329.7 time, 330.1 real, 66.4 MB
[runlim] sample:		339.7 time, 340.1 real, 66.4 MB
[runlim] sample:		349.7 time, 350.1 real, 66.4 MB
[runlim] sample:		359.7 time, 360.1 real, 66.7 MB
[runlim] sample:		369.7 time, 370.1 real, 66.9 MB
[runlim] sample:		379.7 time, 380.1 real, 67.0 MB
Build time: 386.76s
Solving MIP (minimizing number of labels)...
Version identifier: 22.1.1.0 | 2022-11-28 | 9160aff4d
CPXPARAM_Read_DataCheck                          1
Legacy callback                                  i
Tried aggregator 2 times.
MIP Presolve eliminated 725117 rows and 164 columns.
MIP Presolve modified 42753 coefficients.
Aggregator did 18100 substitutions.
Reduced MIP has 43211 rows, 17984 columns, and 433276 nonzeros.
Reduced MIP has 17984 binaries, 0 generals, 0 SOSs, and 0 indicators.
Presolve time = 2.80 sec. (2503.26 ticks)
[runlim] sample:		391.3 time, 390.1 real, 239.3 MB
Found incumbent of value 48.000000 after 3.27 sec. (3153.22 ticks)
Probing time = 0.03 sec. (6.66 ticks)
Tried aggregator 1 time.
Detecting symmetries...
Reduced MIP has 43211 rows, 17984 columns, and 433276 nonzeros.
Reduced MIP has 17984 binaries, 0 generals, 0 SOSs, and 0 indicators.
Presolve time = 0.65 sec. (526.82 ticks)
Probing time = 0.04 sec. (6.62 ticks)
Clique table members: 43211.
MIP emphasis: balance optimality and feasibility.
MIP search method: dynamic search.
Parallel mode: deterministic, using up to 12 threads.
[runlim] sample:		458.9 time, 400.1 real, 829.0 MB
[runlim] sample:		505.8 time, 410.1 real, 679.2 MB
[runlim] sample:		535.8 time, 420.1 real, 679.2 MB
Root relaxation solution time = 32.96 sec. (15641.12 ticks)

        Nodes                                         Cuts/
   Node  Left     Objective  IInf  Best Integer    Best Bound    ItCnt     Gap

*     0+    0                           48.0000        0.0000           100.00%
*     0+    0                           44.0000        0.0000           100.00%
*     0+    0                           24.0000        0.0000           100.00%
      0     0       14.0000  2254       24.0000       14.0000       17   41.67%

========== NEW INCUMBENT SOLUTION ==========
{1: 86, 2: 324, 3: 142, 4: 380, 5: 324, 6: 86, 7: 666, 8: 428, 9: 86, 10: 324, 11: 652, 12: 414, 13: 652, 14: 414, 15: 652, 16: 414, 17: 86, 18: 324, 19: 324, 20: 86, 21: 324, 22: 86, 23: 324, 24: 86, 25: 324, 26: 86, 27: 72, 28: 310, 29: 526, 30: 764, 31: 86, 32: 324, 33: 792, 34: 554, 35: 380, 36: 142, 37: 414, 38: 652, 39: 296, 40: 58, 41: 652, 42: 414, 43: 764, 44: 526, 45: 380, 46: 142, 47: 554, 48: 792, 49: 72, 50: 310, 51: 652, 52: 414, 53: 156, 54: 394, 55: 764, 56: 526, 57: 310, 58: 72, 59: 324, 60: 86, 61: 456, 62: 694, 63: 554, 64: 792, 65: 414, 66: 652, 67: 324, 68: 86, 69: 414, 70: 652, 71: 296, 72: 58, 73: 652, 74: 414, 75: 86, 76: 324, 77: 72, 78: 310, 79: 694, 80: 456, 81: 310, 82: 72, 83: 456, 84: 694, 85: 310, 86: 72, 87: 526, 88: 764, 89: 694, 90: 456, 91: 764, 92: 526, 93: 666, 94: 428, 95: 324, 96: 86, 97: 652, 98: 414, 99: 310, 100: 72, 101: 324, 102: 86, 103: 652, 104: 414, 105: 86, 106: 324, 107: 694, 108: 456, 109: 414, 110: 652, 111: 414, 112: 652, 113: 652, 114: 414, 115: 456, 116: 694, 117: 792, 118: 554, 119: 652, 120: 414, 121: 86, 122: 324, 123: 72, 124: 310, 125: 456, 126: 694, 127: 86, 128: 324, 129: 652, 130: 414, 131: 652, 132: 414, 133: 72, 134: 310, 135: 694, 136: 456, 137: 414, 138: 652, 139: 324, 140: 86, 141: 142, 142: 380, 143: 456, 144: 694, 145: 58, 146: 296, 147: 456, 148: 694, 149: 526, 150: 764, 151: 554, 152: 792, 153: 296, 154: 58, 155: 456, 156: 694, 157: 324, 158: 86, 159: 86, 160: 324, 161: 652, 162: 414, 163: 414, 164: 652, 165: 414, 166: 652, 167: 526, 168: 764, 169: 310, 170: 72, 171: 414, 172: 652, 173: 694, 174: 456, 175: 72, 176: 310, 177: 792, 178: 554, 179: 86, 180: 324, 181: 394, 182: 156, 183: 764, 184: 526, 185: 652, 186: 414, 187: 526, 188: 764, 189: 86, 190: 324, 191: 694, 192: 456, 193: 72, 194: 310, 195: 86, 196: 324, 197: 72, 198: 310, 199: 792, 200: 554, 201: 694, 202: 456, 203: 694, 204: 456, 205: 792, 206: 554, 207: 652, 208: 414, 209: 456, 210: 694, 211: 456, 212: 694, 213: 652, 214: 414, 215: 86, 216: 324, 217: 72, 218: 310, 219: 652, 220: 414, 221: 324, 222: 86, 223: 694, 224: 456, 225: 86, 226: 324, 227: 652, 228: 414, 229: 652, 230: 414, 231: 414, 232: 652, 233: 324, 234: 86, 235: 526, 236: 764, 237: 72, 238: 310, 239: 72, 240: 310, 241: 652, 242: 414, 243: 652, 244: 414, 245: 324, 246: 86, 247: 414, 248: 652, 249: 58, 250: 296, 251: 478, 252: 240, 253: 310, 254: 72, 255: 652, 256: 414, 257: 156, 258: 394, 259: 652, 260: 414, 261: 652, 262: 414, 263: 694, 264: 456, 265: 652, 266: 414, 267: 324, 268: 86, 269: 526, 270: 764, 271: 156, 272: 394, 273: 652, 274: 414, 275: 666, 276: 428, 277: 526, 278: 764, 279: 324, 280: 86, 281: 414, 282: 652, 283: 414, 284: 652, 285: 764, 286: 526, 287: 652, 288: 414, 289: 86, 290: 324, 291: 652, 292: 414, 293: 240, 294: 478, 295: 652, 296: 414, 297: 652, 298: 414, 299: 72, 300: 310, 301: 764, 302: 526, 303: 414, 304: 652, 305: 792, 306: 554, 307: 414, 308: 652, 309: 86, 310: 324, 311: 792, 312: 554, 313: 792, 314: 554, 315: 652, 316: 414, 317: 652, 318: 414, 319: 72, 320: 310, 321: 652, 322: 414, 323: 652, 324: 414, 325: 792, 326: 554, 327: 652, 328: 414, 329: 652, 330: 414, 331: 554, 332: 792, 333: 694, 334: 456, 335: 324, 336: 86, 337: 58, 338: 296, 339: 310, 340: 72, 341: 310, 342: 72, 343: 310, 344: 72, 345: 652, 346: 414, 347: 764, 348: 526, 349: 750, 350: 512, 351: 324, 352: 86, 353: 72, 354: 310, 355: 310, 356: 72, 357: 324, 358: 86, 359: 666, 360: 428, 361: 72, 362: 310, 363: 694, 364: 456, 365: 764, 366: 526, 367: 58, 368: 296, 369: 324, 370: 86, 371: 394, 372: 156, 373: 58, 374: 296, 375: 764, 376: 526, 377: 456, 378: 694, 379: 72, 380: 310, 381: 324, 382: 86, 383: 764, 384: 526, 385: 456, 386: 694, 387: 456, 388: 694, 389: 414, 390: 652, 391: 526, 392: 764, 393: 324, 394: 86, 395: 324, 396: 86, 397: 414, 398: 652, 399: 86, 400: 324, 401: 72, 402: 310, 403: 666, 404: 428, 405: 310, 406: 72, 407: 652, 408: 414, 409: 86, 410: 324, 411: 526, 412: 764, 413: 310, 414: 72, 415: 456, 416: 694, 417: 526, 418: 764, 419: 310, 420: 72, 421: 72, 422: 310, 423: 694, 424: 456, 425: 764, 426: 526, 427: 456, 428: 694, 429: 156, 430: 394, 431: 72, 432: 310, 433: 414, 434: 652, 435: 72, 436: 310, 437: 310, 438: 72, 439: 666, 440: 428, 441: 324, 442: 86, 443: 652, 444: 414, 445: 72, 446: 310, 447: 414, 448: 652, 449: 456, 450: 694, 451: 652, 452: 414, 453: 526, 454: 764, 455: 414, 456: 652, 457: 456, 458: 694, 459: 86, 460: 324, 461: 764, 462: 526, 463: 666, 464: 428, 465: 310, 466: 72, 467: 694, 468: 456, 469: 72, 470: 310, 471: 428, 472: 666, 473: 456, 474: 694, 475: 456, 476: 694, 477: 58, 478: 296, 479: 764, 480: 526, 481: 86, 482: 324, 483: 792, 484: 554, 485: 652, 486: 414, 487: 310, 488: 72, 489: 764, 490: 526, 491: 310, 492: 72, 493: 694, 494: 456, 495: 86, 496: 324, 497: 792, 498: 554, 499: 456, 500: 694, 501: 666, 502: 428, 503: 72, 504: 310, 505: 58, 506: 296, 507: 456, 508: 694, 509: 666, 510: 428, 511: 750, 512: 512, 513: 526, 514: 764, 515: 764, 516: 526, 517: 666, 518: 428, 519: 324, 520: 86, 521: 456, 522: 694, 523: 526, 524: 764, 525: 324, 526: 86, 527: 310, 528: 72, 529: 652, 530: 414, 531: 652, 532: 414, 533: 414, 534: 652, 535: 310, 536: 72, 537: 652, 538: 414, 539: 456, 540: 694, 541: 86, 542: 324, 543: 652, 544: 414, 545: 652, 546: 414, 547: 414, 548: 652, 549: 456, 550: 694, 551: 414, 552: 652, 553: 764, 554: 526, 555: 456, 556: 694, 557: 526, 558: 764, 559: 456, 560: 694, 561: 72, 562: 310, 563: 694, 564: 456, 565: 310, 566: 72, 567: 456, 568: 694, 569: 526, 570: 764, 571: 72, 572: 310, 573: 694, 574: 456, 575: 764, 576: 526, 577: 652, 578: 414, 579: 456, 580: 694, 581: 86, 582: 324, 583: 72, 584: 310, 585: 86, 586: 324, 587: 652, 588: 414, 589: 414, 590: 652, 591: 58, 592: 296, 593: 666, 594: 428, 595: 694, 596: 456, 597: 72, 598: 310, 599: 72, 600: 310, 601: 86, 602: 324, 603: 310, 604: 72, 605: 456, 606: 694, 607: 86, 608: 324, 609: 652, 610: 414, 611: 694, 612: 456, 613: 86, 614: 324, 615: 72, 616: 310, 617: 526, 618: 764, 619: 380, 620: 142, 621: 764, 622: 526, 623: 694, 624: 456, 625: 310, 626: 72, 627: 86, 628: 324, 629: 72, 630: 310, 631: 86, 632: 324, 633: 72, 634: 310, 635: 764, 636: 526, 637: 456, 638: 694, 639: 310, 640: 72, 641: 694, 642: 456, 643: 310, 644: 72, 645: 310, 646: 72, 647: 554, 648: 792, 649: 652, 650: 414, 651: 694, 652: 456, 653: 652, 654: 414, 655: 58, 656: 296, 657: 72, 658: 310, 659: 414, 660: 652, 661: 652, 662: 414, 663: 456, 664: 694, 665: 296, 666: 58, 667: 86, 668: 324, 669: 72, 670: 310, 671: 86, 672: 324, 673: 694, 674: 456, 675: 156, 676: 394, 677: 310, 678: 72, 679: 86, 680: 324, 681: 456, 682: 694, 683: 764, 684: 526, 685: 456, 686: 694, 687: 324, 688: 86, 689: 526, 690: 764, 691: 72, 692: 310, 693: 456, 694: 694, 695: 652, 696: 414, 697: 86, 698: 324, 699: 414, 700: 652, 701: 652, 702: 414, 703: 764, 704: 526, 705: 652, 706: 414, 707: 652, 708: 414, 709: 72, 710: 310, 711: 652, 712: 414, 713: 526, 714: 764, 715: 652, 716: 414, 717: 652, 718: 414, 719: 554, 720: 792, 721: 456, 722: 694, 723: 394, 724: 156, 725: 72, 726: 310, 727: 72, 728: 310, 729: 666, 730: 428, 731: 72, 732: 310, 733: 72, 734: 310, 735: 86, 736: 324, 737: 526, 738: 764, 739: 526, 740: 764, 741: 554, 742: 792, 743: 310, 744: 72, 745: 526, 746: 764, 747: 764, 748: 526, 749: 72, 750: 310, 751: 456, 752: 694, 753: 310, 754: 72, 755: 72, 756: 310, 757: 324, 758: 86, 759: 456, 760: 694, 761: 526, 762: 764, 763: 526, 764: 764, 765: 652, 766: 414, 767: 694, 768: 456, 769: 310, 770: 72, 771: 72, 772: 310, 773: 652, 774: 414, 775: 456, 776: 694, 777: 764, 778: 526, 779: 72, 780: 310, 781: 72, 782: 310, 783: 764, 784: 526, 785: 652, 786: 414, 787: 310, 788: 72, 789: 86, 790: 324, 791: 310, 792: 72, 793: 428, 794: 666, 795: 764, 796: 526, 797: 72, 798: 310, 799: 324, 800: 86, 801: 428, 802: 666, 803: 694, 804: 456, 805: 310, 806: 72, 807: 456, 808: 694, 809: 764, 810: 526, 811: 86, 812: 324, 813: 694, 814: 456, 815: 72, 816: 310, 817: 296, 818: 58, 819: 72, 820: 310, 821: 456, 822: 694, 823: 526, 824: 764, 825: 750, 826: 512, 827: 652, 828: 414, 829: 72, 830: 310, 831: 764, 832: 526, 833: 310, 834: 72, 835: 58, 836: 296, 837: 764, 838: 526, 839: 652, 840: 414, 841: 526, 842: 764, 843: 456, 844: 694, 845: 324, 846: 86, 847: 72, 848: 310, 849: 652, 850: 414, 851: 764, 852: 526, 853: 72, 854: 310, 855: 428, 856: 666, 857: 456, 858: 694, 859: 324, 860: 86, 861: 694, 862: 456, 863: 652, 864: 414, 865: 694, 866: 456, 867: 456, 868: 694, 869: 394, 870: 156, 871: 526, 872: 764, 873: 310, 874: 72, 875: 324, 876: 86, 877: 526, 878: 764, 879: 310, 880: 72, 881: 86, 882: 324, 883: 310, 884: 72, 885: 512, 886: 750, 887: 86, 888: 324, 889: 764, 890: 526, 891: 694, 892: 456, 893: 72, 894: 310, 895: 310, 896: 72, 897: 694, 898: 456, 899: 666, 900: 428, 901: 324, 902: 86, 903: 652, 904: 414, 905: 310, 906: 72, 907: 750, 908: 512, 909: 764, 910: 526, 911: 58, 912: 296, 913: 86, 914: 324, 915: 72, 916: 310}
Number of labels used: 24
Total time: 423.93 sec
Memory: 685.49 MB
=============================================

========== NEW INCUMBENT SOLUTION ==========
{1: 86, 2: 324, 3: 142, 4: 380, 5: 324, 6: 86, 7: 666, 8: 428, 9: 86, 10: 324, 11: 652, 12: 414, 13: 652, 14: 414, 15: 652, 16: 414, 17: 86, 18: 324, 19: 324, 20: 86, 21: 324, 22: 86, 23: 324, 24: 86, 25: 324, 26: 86, 27: 72, 28: 310, 29: 526, 30: 764, 31: 86, 32: 324, 33: 792, 34: 554, 35: 380, 36: 142, 37: 414, 38: 652, 39: 296, 40: 58, 41: 652, 42: 414, 43: 764, 44: 526, 45: 380, 46: 142, 47: 554, 48: 792, 49: 72, 50: 310, 51: 652, 52: 414, 53: 156, 54: 394, 55: 764, 56: 526, 57: 310, 58: 72, 59: 324, 60: 86, 61: 456, 62: 694, 63: 554, 64: 792, 65: 414, 66: 652, 67: 324, 68: 86, 69: 414, 70: 652, 71: 296, 72: 58, 73: 652, 74: 414, 75: 86, 76: 324, 77: 72, 78: 310, 79: 694, 80: 456, 81: 310, 82: 72, 83: 456, 84: 694, 85: 310, 86: 72, 87: 526, 88: 764, 89: 694, 90: 456, 91: 764, 92: 526, 93: 666, 94: 428, 95: 324, 96: 86, 97: 652, 98: 414, 99: 310, 100: 72, 101: 324, 102: 86, 103: 652, 104: 414, 105: 86, 106: 324, 107: 694, 108: 456, 109: 414, 110: 652, 111: 414, 112: 652, 113: 652, 114: 414, 115: 456, 116: 694, 117: 792, 118: 554, 119: 652, 120: 414, 121: 86, 122: 324, 123: 72, 124: 310, 125: 456, 126: 694, 127: 86, 128: 324, 129: 652, 130: 414, 131: 652, 132: 414, 133: 72, 134: 310, 135: 694, 136: 456, 137: 414, 138: 652, 139: 324, 140: 86, 141: 142, 142: 380, 143: 456, 144: 694, 145: 58, 146: 296, 147: 456, 148: 694, 149: 526, 150: 764, 151: 554, 152: 792, 153: 296, 154: 58, 155: 456, 156: 694, 157: 324, 158: 86, 159: 86, 160: 324, 161: 652, 162: 414, 163: 414, 164: 652, 165: 414, 166: 652, 167: 526, 168: 764, 169: 310, 170: 72, 171: 414, 172: 652, 173: 694, 174: 456, 175: 72, 176: 310, 177: 792, 178: 554, 179: 86, 180: 324, 181: 394, 182: 156, 183: 764, 184: 526, 185: 652, 186: 414, 187: 526, 188: 764, 189: 86, 190: 324, 191: 694, 192: 456, 193: 72, 194: 310, 195: 86, 196: 324, 197: 72, 198: 310, 199: 792, 200: 554, 201: 694, 202: 456, 203: 694, 204: 456, 205: 792, 206: 554, 207: 652, 208: 414, 209: 456, 210: 694, 211: 456, 212: 694, 213: 652, 214: 414, 215: 86, 216: 324, 217: 72, 218: 310, 219: 652, 220: 414, 221: 324, 222: 86, 223: 694, 224: 456, 225: 86, 226: 324, 227: 652, 228: 414, 229: 652, 230: 414, 231: 414, 232: 652, 233: 324, 234: 86, 235: 526, 236: 764, 237: 72, 238: 310, 239: 72, 240: 310, 241: 652, 242: 414, 243: 652, 244: 414, 245: 324, 246: 86, 247: 414, 248: 652, 249: 58, 250: 296, 251: 478, 252: 240, 253: 310, 254: 72, 255: 652, 256: 414, 257: 156, 258: 394, 259: 652, 260: 414, 261: 652, 262: 414, 263: 694, 264: 456, 265: 652, 266: 414, 267: 324, 268: 86, 269: 526, 270: 764, 271: 156, 272: 394, 273: 652, 274: 414, 275: 666, 276: 428, 277: 526, 278: 764, 279: 324, 280: 86, 281: 414, 282: 652, 283: 414, 284: 652, 285: 764, 286: 526, 287: 652, 288: 414, 289: 86, 290: 324, 291: 652, 292: 414, 293: 240, 294: 478, 295: 652, 296: 414, 297: 652, 298: 414, 299: 72, 300: 310, 301: 764, 302: 526, 303: 414, 304: 652, 305: 792, 306: 554, 307: 414, 308: 652, 309: 86, 310: 324, 311: 792, 312: 554, 313: 792, 314: 554, 315: 652, 316: 414, 317: 652, 318: 414, 319: 72, 320: 310, 321: 652, 322: 414, 323: 652, 324: 414, 325: 792, 326: 554, 327: 652, 328: 414, 329: 652, 330: 414, 331: 554, 332: 792, 333: 694, 334: 456, 335: 324, 336: 86, 337: 58, 338: 296, 339: 310, 340: 72, 341: 310, 342: 72, 343: 310, 344: 72, 345: 652, 346: 414, 347: 764, 348: 526, 349: 750, 350: 512, 351: 324, 352: 86, 353: 72, 354: 310, 355: 310, 356: 72, 357: 324, 358: 86, 359: 666, 360: 428, 361: 72, 362: 310, 363: 694, 364: 456, 365: 764, 366: 526, 367: 58, 368: 296, 369: 324, 370: 86, 371: 394, 372: 156, 373: 58, 374: 296, 375: 764, 376: 526, 377: 456, 378: 694, 379: 72, 380: 310, 381: 324, 382: 86, 383: 764, 384: 526, 385: 456, 386: 694, 387: 456, 388: 694, 389: 414, 390: 652, 391: 526, 392: 764, 393: 324, 394: 86, 395: 324, 396: 86, 397: 414, 398: 652, 399: 86, 400: 324, 401: 72, 402: 310, 403: 666, 404: 428, 405: 310, 406: 72, 407: 652, 408: 414, 409: 86, 410: 324, 411: 526, 412: 764, 413: 310, 414: 72, 415: 456, 416: 694, 417: 526, 418: 764, 419: 310, 420: 72, 421: 72, 422: 310, 423: 694, 424: 456, 425: 764, 426: 526, 427: 456, 428: 694, 429: 156, 430: 394, 431: 72, 432: 310, 433: 414, 434: 652, 435: 72, 436: 310, 437: 310, 438: 72, 439: 666, 440: 428, 441: 324, 442: 86, 443: 652, 444: 414, 445: 72, 446: 310, 447: 414, 448: 652, 449: 456, 450: 694, 451: 652, 452: 414, 453: 526, 454: 764, 455: 414, 456: 652, 457: 456, 458: 694, 459: 86, 460: 324, 461: 764, 462: 526, 463: 666, 464: 428, 465: 310, 466: 72, 467: 694, 468: 456, 469: 72, 470: 310, 471: 428, 472: 666, 473: 456, 474: 694, 475: 456, 476: 694, 477: 58, 478: 296, 479: 764, 480: 526, 481: 86, 482: 324, 483: 792, 484: 554, 485: 652, 486: 414, 487: 310, 488: 72, 489: 764, 490: 526, 491: 310, 492: 72, 493: 694, 494: 456, 495: 86, 496: 324, 497: 792, 498: 554, 499: 456, 500: 694, 501: 666, 502: 428, 503: 72, 504: 310, 505: 58, 506: 296, 507: 456, 508: 694, 509: 666, 510: 428, 511: 750, 512: 512, 513: 526, 514: 764, 515: 764, 516: 526, 517: 666, 518: 428, 519: 324, 520: 86, 521: 456, 522: 694, 523: 526, 524: 764, 525: 324, 526: 86, 527: 310, 528: 72, 529: 652, 530: 414, 531: 652, 532: 414, 533: 414, 534: 652, 535: 310, 536: 72, 537: 652, 538: 414, 539: 456, 540: 694, 541: 86, 542: 324, 543: 652, 544: 414, 545: 652, 546: 414, 547: 414, 548: 652, 549: 456, 550: 694, 551: 414, 552: 652, 553: 764, 554: 526, 555: 456, 556: 694, 557: 526, 558: 764, 559: 456, 560: 694, 561: 72, 562: 310, 563: 694, 564: 456, 565: 310, 566: 72, 567: 456, 568: 694, 569: 526, 570: 764, 571: 72, 572: 310, 573: 694, 574: 456, 575: 764, 576: 526, 577: 652, 578: 414, 579: 456, 580: 694, 581: 86, 582: 324, 583: 72, 584: 310, 585: 86, 586: 324, 587: 652, 588: 414, 589: 414, 590: 652, 591: 58, 592: 296, 593: 666, 594: 428, 595: 694, 596: 456, 597: 72, 598: 310, 599: 72, 600: 310, 601: 86, 602: 324, 603: 310, 604: 72, 605: 456, 606: 694, 607: 86, 608: 324, 609: 652, 610: 414, 611: 694, 612: 456, 613: 86, 614: 324, 615: 72, 616: 310, 617: 526, 618: 764, 619: 380, 620: 142, 621: 764, 622: 526, 623: 694, 624: 456, 625: 310, 626: 72, 627: 86, 628: 324, 629: 72, 630: 310, 631: 86, 632: 324, 633: 72, 634: 310, 635: 764, 636: 526, 637: 456, 638: 694, 639: 310, 640: 72, 641: 694, 642: 456, 643: 310, 644: 72, 645: 310, 646: 72, 647: 554, 648: 792, 649: 652, 650: 414, 651: 694, 652: 456, 653: 652, 654: 414, 655: 58, 656: 296, 657: 72, 658: 310, 659: 414, 660: 652, 661: 652, 662: 414, 663: 456, 664: 694, 665: 296, 666: 58, 667: 86, 668: 324, 669: 72, 670: 310, 671: 86, 672: 324, 673: 694, 674: 456, 675: 156, 676: 394, 677: 310, 678: 72, 679: 86, 680: 324, 681: 456, 682: 694, 683: 764, 684: 526, 685: 456, 686: 694, 687: 324, 688: 86, 689: 526, 690: 764, 691: 72, 692: 310, 693: 456, 694: 694, 695: 652, 696: 414, 697: 86, 698: 324, 699: 414, 700: 652, 701: 652, 702: 414, 703: 764, 704: 526, 705: 652, 706: 414, 707: 652, 708: 414, 709: 72, 710: 310, 711: 652, 712: 414, 713: 526, 714: 764, 715: 652, 716: 414, 717: 652, 718: 414, 719: 554, 720: 792, 721: 456, 722: 694, 723: 394, 724: 156, 725: 72, 726: 310, 727: 72, 728: 310, 729: 666, 730: 428, 731: 72, 732: 310, 733: 72, 734: 310, 735: 86, 736: 324, 737: 526, 738: 764, 739: 526, 740: 764, 741: 554, 742: 792, 743: 310, 744: 72, 745: 526, 746: 764, 747: 764, 748: 526, 749: 72, 750: 310, 751: 456, 752: 694, 753: 310, 754: 72, 755: 72, 756: 310, 757: 324, 758: 86, 759: 456, 760: 694, 761: 526, 762: 764, 763: 526, 764: 764, 765: 652, 766: 414, 767: 694, 768: 456, 769: 310, 770: 72, 771: 72, 772: 310, 773: 652, 774: 414, 775: 456, 776: 694, 777: 764, 778: 526, 779: 72, 780: 310, 781: 72, 782: 310, 783: 764, 784: 526, 785: 652, 786: 414, 787: 310, 788: 72, 789: 86, 790: 324, 791: 310, 792: 72, 793: 428, 794: 666, 795: 764, 796: 526, 797: 72, 798: 310, 799: 324, 800: 86, 801: 428, 802: 666, 803: 694, 804: 456, 805: 310, 806: 72, 807: 456, 808: 694, 809: 764, 810: 526, 811: 86, 812: 324, 813: 694, 814: 456, 815: 72, 816: 310, 817: 296, 818: 58, 819: 72, 820: 310, 821: 456, 822: 694, 823: 526, 824: 764, 825: 750, 826: 512, 827: 652, 828: 414, 829: 72, 830: 310, 831: 764, 832: 526, 833: 310, 834: 72, 835: 58, 836: 296, 837: 764, 838: 526, 839: 652, 840: 414, 841: 526, 842: 764, 843: 456, 844: 694, 845: 324, 846: 86, 847: 72, 848: 310, 849: 652, 850: 414, 851: 764, 852: 526, 853: 72, 854: 310, 855: 428, 856: 666, 857: 456, 858: 694, 859: 324, 860: 86, 861: 694, 862: 456, 863: 652, 864: 414, 865: 694, 866: 456, 867: 456, 868: 694, 869: 394, 870: 156, 871: 526, 872: 764, 873: 310, 874: 72, 875: 324, 876: 86, 877: 526, 878: 764, 879: 310, 880: 72, 881: 86, 882: 324, 883: 310, 884: 72, 885: 512, 886: 750, 887: 86, 888: 324, 889: 764, 890: 526, 891: 694, 892: 456, 893: 72, 894: 310, 895: 310, 896: 72, 897: 694, 898: 456, 899: 666, 900: 428, 901: 324, 902: 86, 903: 652, 904: 414, 905: 310, 906: 72, 907: 750, 908: 512, 909: 764, 910: 526, 911: 58, 912: 296, 913: 86, 914: 324, 915: 72, 916: 310}
Number of labels used: 24
Total time: 423.94 sec
Memory: 685.49 MB
=============================================
[runlim] sample:		557.8 time, 430.1 real, 724.7 MB
[runlim] sample:		577.8 time, 440.1 real, 732.7 MB
[runlim] sample:		597.8 time, 450.1 real, 732.7 MB
[runlim] sample:		617.8 time, 460.1 real, 732.7 MB
[runlim] sample:		637.8 time, 470.1 real, 732.7 MB
[runlim] sample:		657.8 time, 480.1 real, 732.7 MB
[runlim] sample:		677.8 time, 490.1 real, 732.7 MB
[runlim] sample:		697.8 time, 500.1 real, 732.7 MB
[runlim] sample:		717.8 time, 510.1 real, 732.7 MB
[runlim] sample:		737.8 time, 520.1 real, 732.7 MB
[runlim] sample:		757.8 time, 530.1 real, 732.7 MB
[runlim] sample:		777.8 time, 540.1 real, 732.7 MB
[runlim] sample:		797.7 time, 550.1 real, 732.7 MB
[runlim] sample:		817.7 time, 560.1 real, 732.7 MB
[runlim] sample:		837.7 time, 570.1 real, 732.7 MB
[runlim] sample:		857.7 time, 580.1 real, 732.7 MB
[runlim] sample:		877.7 time, 590.1 real, 732.7 MB
[runlim] sample:		897.7 time, 600.1 real, 732.7 MB
[runlim] end:			Tue Jan 20 13:06:12 2026
[runlim] status:		out of time
[runlim] result:		2
[runlim] children:		0
[runlim] real:			600.09 seconds
[runlim] time:			897.70 seconds
[runlim] space:			829.0 MB
[runlim] samples:		6000
