[runlim] version:		1.10
[runlim] time limit:		311040000 seconds
[runlim] real time limit:	600 seconds
[runlim] space limit:		14000 MB
[runlim] argv[0]:		python3
[runlim] argv[1]:		-u
[runlim] argv[2]:		mip.py
[runlim] argv[3]:		scen04
[runlim] start:			Tue Jan 20 13:16:34 2026
[runlim] main pid:		27117
Building MIP model...
[runlim] sample:		10.0 time, 10.0 real, 32.5 MB
[runlim] sample:		20.0 time, 20.0 real, 35.1 MB
[runlim] sample:		30.0 time, 30.0 real, 36.5 MB
[runlim] sample:		40.0 time, 40.0 real, 38.0 MB
[runlim] sample:		50.0 time, 50.0 real, 40.3 MB
[runlim] sample:		59.9 time, 60.0 real, 42.5 MB
[runlim] sample:		69.9 time, 70.0 real, 44.5 MB
[runlim] sample:		79.9 time, 80.0 real, 45.1 MB
[runlim] sample:		89.9 time, 90.0 real, 47.3 MB
[runlim] sample:		99.9 time, 100.0 real, 48.0 MB
[runlim] sample:		109.9 time, 110.0 real, 48.3 MB
[runlim] sample:		119.9 time, 120.0 real, 51.2 MB
[runlim] sample:		129.9 time, 130.0 real, 51.7 MB
[runlim] sample:		139.9 time, 140.0 real, 52.0 MB
[runlim] sample:		149.9 time, 150.0 real, 54.7 MB
[runlim] sample:		159.9 time, 160.0 real, 55.6 MB
[runlim] sample:		169.9 time, 170.0 real, 56.0 MB
[runlim] sample:		179.8 time, 180.0 real, 56.1 MB
[runlim] sample:		189.8 time, 190.0 real, 56.1 MB
[runlim] sample:		199.8 time, 200.0 real, 59.7 MB
[runlim] sample:		209.8 time, 210.0 real, 60.3 MB
[runlim] sample:		219.8 time, 220.0 real, 60.8 MB
[runlim] sample:		229.8 time, 230.0 real, 61.1 MB
[runlim] sample:		239.8 time, 240.0 real, 61.2 MB
Build time: 247.83s
Solving MIP (minimizing number of labels)...
Version identifier: 22.1.1.0 | 2022-11-28 | 9160aff4d
CPXPARAM_Read_DataCheck                          1
Legacy callback                                  i
Tried aggregator 3 times.
MIP Presolve eliminated 739736 rows and 13318 columns.
MIP Presolve modified 152600 coefficients.
Aggregator did 2303 substitutions.
Reduced MIP has 785 rows, 255 columns, and 2555 nonzeros.
Reduced MIP has 255 binaries, 0 generals, 0 SOSs, and 0 indicators.
Presolve time = 1.91 sec. (4650.58 ticks)
Found incumbent of value 46.000000 after 1.95 sec. (4689.38 ticks)

Root node processing (before b&c):
  Real time             =    1.95 sec. (4689.88 ticks)
Parallel b&c, 12 threads:
  Real time             =    0.00 sec. (0.00 ticks)
  Sync time (average)   =    0.00 sec.
  Wait time (average)   =    0.00 sec.
                          ------------
Total (root+branch&cut) =    1.95 sec. (4689.88 ticks)
Solution :
{708, 470, 268, 30, 750, 512, 16, 254, 16, 254, 268, 30, 128, 366, 750, 512, 44, 282, 366, 128, 778, 540, 442, 680, 16, 254, 652, 414, 526, 764, 296, 58, 470, 708, 128, 366, 16, 254, 30, 268, 708, 470, 156, 394, 652, 414, 86, 324, 380, 142, 30, 268, 778, 540, 72, 310, 156, 394, 142, 380, 540, 778, 142, 380, 394, 156, 722, 484, 554, 792, 296, 58, 652, 414, 554, 792, 554, 792, 142, 380, 114, 352, 142, 380, 44, 282, 652, 414, 498, 736, 296, 58, 156, 394, 86, 324, 470, 708, 282, 44, 512, 750, 652, 414, 254, 16, 526, 764, 470, 708, 86, 324, 324, 86, 792, 554, 268, 30, 142, 380, 764, 526, 30, 268, 72, 310, 708, 470, 414, 652, 764, 526, 652, 414, 30, 268, 310, 72, 792, 554, 72, 310, 72, 310, 498, 736, 792, 554, 554, 792, 394, 156, 736, 498, 414, 652, 512, 750, 170, 408, 554, 792, 30, 268, 540, 778, 380, 142, 44, 282, 456, 694, 792, 554, 394, 156, 708, 470, 470, 708, 666, 428, 254, 16, 394, 156, 254, 16, 156, 394, 156, 394, 380, 142, 352, 114, 750, 512, 792, 554, 512, 750, 764, 526, 526, 764, 540, 778, 394, 156, 128, 366, 456, 694, 44, 282, 30, 268, 58, 296, 512, 750, 282, 44, 268, 30, 498, 736, 366, 128, 428, 666, 764, 526, 282, 44, 750, 512, 680, 442, 778, 540, 540, 778, 30, 268, 366, 128, 338, 100, 428, 666, 268, 30, 694, 456, 128, 366, 778, 540, 366, 128, 694, 456, 442, 680, 282, 44, 456, 694, 268, 30, 526, 764, 352, 114, 540, 778, 680, 442, 338, 100, 114, 352, 442, 680, 750, 512, 666, 428, 778, 540, 156, 394, 652, 414, 750, 512, 44, 282, 352, 114, 540, 778, 268, 30, 142, 380, 456, 694, 254, 16, 778, 540, 456, 694, 540, 778, 484, 722, 540, 778, 694, 456, 540, 778, 540, 778, 680, 442, 30, 268, 380, 142, 128, 366, 268, 30, 352, 114, 722, 484, 296, 58, 366, 128, 254, 16, 428, 666, 708, 470, 778, 540, 338, 100, 414, 652, 338, 100, 310, 72, 16, 254, 156, 394, 666, 428, 380, 142, 456, 694, 268, 30, 366, 128, 142, 380, 694, 456, 338, 100, 750, 512, 30, 268, 428, 666, 722, 484, 792, 554, 428, 666, 554, 792, 680, 442, 764, 526, 394, 156, 680, 442, 764, 526, 128, 366, 352, 114, 526, 764, 540, 778, 778, 540, 114, 352, 680, 442, 526, 764, 526, 764, 128, 366, 540, 778, 470, 708, 30, 268, 142, 380, 778, 540, 484, 722, 366, 128, 268, 30, 666, 428, 30, 268, 428, 666, 128, 366, 268, 30, 310, 72, 44, 282, 86, 324, 254, 16, 498, 736, 456, 694, 540, 778, 338, 100, 16, 254, 394, 156, 366, 128, 526, 764, 72, 310, 142, 380, 512, 750, 142, 380, 498, 736, 44, 282, 708, 470, 114, 352, 498, 736, 100, 338, 722, 484, 72, 310, 156, 394, 72, 310, 72, 310, 708, 470, 394, 156, 792, 554, 750, 512, 540, 778, 540, 778, 750, 512, 540, 778, 268, 30, 666, 428, 792, 554, 30, 268, 30, 268, 708, 470, 268, 30, 128, 366, 512, 750, 428, 666, 512, 750, 282, 44, 30, 268, 540, 778, 652, 414, 324, 86, 666, 428, 394, 156, 652, 414, 268, 30, 268, 30, 72, 310, 30, 268, 764, 526, 268, 30, 526, 764, 666, 428, 268, 30, 708, 470, 778, 540, 540, 778, 456, 694, 114, 352, 254, 16, 540, 778, 142, 380, 470, 708, 324, 86, 666, 428, 750, 512, 282, 44, 512, 750, 16, 254, 254, 16, 484, 722, 114, 352, 540, 778, 554, 792, 254, 16, 750, 512, 254, 16, 414, 652, 456, 694, 778, 540, 792, 554, 442, 680, 338, 100, 428, 666, 114, 352, 554, 792, 128, 366, 764, 526, 540, 778, 44, 282, 44, 282, 268, 30, 666, 428, 470, 708, 540, 778, 44, 282, 268, 30, 380, 142, 58, 296, 722, 484, 16, 254, 254, 16, 268, 30, 456, 694, 16, 254}
Number of labels used: 46
[runlim] end:			Tue Jan 20 13:20:43 2026
[runlim] status:		ok
[runlim] result:		0
[runlim] children:		0
[runlim] real:			249.93 seconds
[runlim] time:			249.59 seconds
[runlim] space:			220.7 MB
[runlim] samples:		2498
