[runlim] version:		1.10
[runlim] time limit:		311040000 seconds
[runlim] real time limit:	600 seconds
[runlim] space limit:		14000 MB
[runlim] argv[0]:		python3
[runlim] argv[1]:		-u
[runlim] argv[2]:		mip.py
[runlim] argv[3]:		TUD200.4
[runlim] start:			Tue Jan 20 15:03:01 2026
[runlim] main pid:		75027
Building MIP model...
[runlim] sample:		9.9 time, 10.2 real, 30.6 MB
[runlim] sample:		19.9 time, 20.2 real, 34.3 MB
[runlim] sample:		29.9 time, 30.2 real, 36.4 MB
[runlim] sample:		39.9 time, 40.2 real, 40.6 MB
[runlim] sample:		49.9 time, 50.2 real, 43.4 MB
[runlim] sample:		59.9 time, 60.2 real, 44.3 MB
Build time: 63.37s
Solving MIP (minimizing number of labels)...
Version identifier: 22.1.1.0 | 2022-11-28 | 9160aff4d
CPXPARAM_Read_DataCheck                          1
Legacy callback                                  i
Tried aggregator 2 times.
MIP Presolve eliminated 390679 rows and 986 columns.
MIP Presolve modified 315506 coefficients.
Aggregator did 3456 substitutions.
Reduced MIP has 54466 rows, 2518 columns, and 336379 nonzeros.
Reduced MIP has 2518 binaries, 0 generals, 0 SOSs, and 0 indicators.
Presolve time = 5.31 sec. (9929.52 ticks)
Found incumbent of value 48.000000 after 5.51 sec. (10284.02 ticks)
Probing fixed 2061 vars, tightened 0 bounds.
Probing changed sense of 1716 constraints.
Probing time = 0.03 sec. (9.92 ticks)
Cover probing fixed 3 vars, tightened 3 bounds.
Tried aggregator 2 times.
MIP Presolve eliminated 53971 rows and 2282 columns.
MIP Presolve modified 5369 coefficients.
Aggregator did 1 substitutions.
Reduced MIP has 457 rows, 231 columns, and 4755 nonzeros.
Reduced MIP has 231 binaries, 0 generals, 0 SOSs, and 0 indicators.
Presolve time = 0.03 sec. (71.51 ticks)
Probing fixed 3 vars, tightened 0 bounds.
Probing time = 0.00 sec. (0.92 ticks)
Tried aggregator 1 time.
Detecting symmetries...
MIP Presolve eliminated 3 rows and 4 columns.
MIP Presolve modified 91 coefficients.
Reduced MIP has 446 rows, 227 columns, and 4440 nonzeros.
Reduced MIP has 227 binaries, 0 generals, 0 SOSs, and 0 indicators.
Presolve time = 0.00 sec. (5.33 ticks)
Probing time = 0.00 sec. (0.79 ticks)
Clique table members: 581.
MIP emphasis: balance optimality and feasibility.
MIP search method: dynamic search.
Parallel mode: deterministic, using up to 12 threads.
Root relaxation solution time = 0.00 sec. (1.05 ticks)

        Nodes                                         Cuts/
   Node  Left     Objective  IInf  Best Integer    Best Bound    ItCnt     Gap

*     0+    0                           48.0000       18.0000            62.50%
*     0+    0                           22.0000       18.0000            18.18%
*     0     0      integral     0       20.0000       20.0000       65    0.00%
Elapsed time = 5.59 sec. (10384.60 ticks, tree = 0.00 MB, solutions = 3)

Root node processing (before b&c):
  Real time             =    5.59 sec. (10384.88 ticks)
Parallel b&c, 12 threads:
  Real time             =    0.00 sec. (0.00 ticks)
  Sync time (average)   =    0.00 sec.
  Wait time (average)   =    0.00 sec.
                          ------------
Total (root+branch&cut) =    5.59 sec. (10384.88 ticks)
Solution :
{86, 324, 86, 324, 86, 324, 156, 394, 128, 366, 792, 554, 86, 324, 114, 352, 156, 394, 100, 338, 156, 394, 86, 324, 100, 338, 792, 554, 170, 408, 128, 366, 72, 310, 156, 394, 128, 366, 100, 338, 114, 352, 792, 554, 170, 408, 72, 310, 792, 554, 100, 338, 142, 380, 86, 324, 156, 394, 170, 408, 114, 352, 792, 554, 240, 478, 100, 338, 128, 366, 792, 554, 142, 380, 72, 310, 128, 366, 72, 310, 128, 366, 72, 310, 170, 408, 128, 366, 792, 554, 170, 408, 240, 478, 156, 394, 792, 554, 114, 352, 72, 310, 792, 554, 72, 310, 156, 394, 792, 554, 170, 408, 72, 310, 100, 338, 72, 310, 100, 338, 72, 310, 86, 324, 72, 310, 128, 366, 72, 310, 792, 554, 792, 554, 170, 408, 86, 324, 128, 366, 156, 394, 792, 554, 240, 478, 72, 310, 114, 352, 792, 554, 86, 324, 114, 352, 114, 352, 86, 324, 72, 310, 86, 324, 792, 554, 792, 554, 240, 478, 240, 478, 100, 338, 72, 310, 86, 324, 86, 324, 142, 380, 142, 380, 72, 310, 240, 478, 240, 478, 156, 394, 170, 408, 170, 408, 156, 394, 72, 310}
Number of labels used: 20
[runlim] end:			Tue Jan 20 15:04:10 2026
[runlim] status:		ok
[runlim] result:		0
[runlim] children:		0
[runlim] real:			69.28 seconds
[runlim] time:			76.11 seconds
[runlim] space:			227.3 MB
[runlim] samples:		690
