[runlim] version:		1.10
[runlim] time limit:		311040000 seconds
[runlim] real time limit:	600 seconds
[runlim] space limit:		8000 MB
[runlim] argv[0]:		python3
[runlim] argv[1]:		-u
[runlim] argv[2]:		sequencial_incremental.py
[runlim] argv[3]:		graph01
[runlim] start:			Sun Dec 28 09:00:52 2025
[runlim] main pid:		1302
Solve first problem:
Solution:
{1: 296, 2: 58, 3: 652, 4: 414, 5: 16, 6: 254, 7: 380, 8: 142, 9: 380, 10: 142, 11: 778, 12: 540, 13: 338, 14: 100, 15: 296, 16: 58, 17: 652, 18: 414, 19: 394, 20: 156, 21: 296, 22: 58, 23: 478, 24: 240, 25: 310, 26: 72, 27: 114, 28: 352, 29: 296, 30: 58, 31: 268, 32: 30, 33: 352, 34: 114, 35: 310, 36: 72, 37: 338, 38: 100, 39: 324, 40: 86, 41: 282, 42: 44, 43: 778, 44: 540, 45: 254, 46: 16, 47: 72, 48: 310, 49: 282, 50: 44, 51: 394, 52: 156, 53: 310, 54: 72, 55: 86, 56: 324, 57: 16, 58: 254, 59: 778, 60: 540, 61: 254, 62: 16, 63: 352, 64: 114, 65: 254, 66: 16, 67: 296, 68: 58, 69: 254, 70: 16, 71: 324, 72: 86, 73: 380, 74: 142, 75: 268, 76: 30, 77: 750, 78: 512, 79: 310, 80: 72, 81: 254, 82: 16, 83: 268, 84: 30, 85: 324, 86: 86, 87: 680, 88: 442, 89: 338, 90: 100, 91: 652, 92: 414, 93: 254, 94: 16, 95: 44, 96: 282, 97: 478, 98: 240, 99: 30, 100: 268, 101: 380, 102: 142, 103: 282, 104: 44, 105: 352, 106: 114, 107: 296, 108: 58, 109: 296, 110: 58, 111: 380, 112: 142, 113: 268, 114: 30, 115: 114, 116: 352, 117: 254, 118: 16, 119: 296, 120: 58, 121: 380, 122: 142, 123: 380, 124: 142, 125: 254, 126: 16, 127: 296, 128: 58, 129: 338, 130: 100, 131: 268, 132: 30, 133: 694, 134: 456, 135: 478, 136: 240, 137: 282, 138: 44, 139: 296, 140: 58, 141: 324, 142: 86, 143: 324, 144: 86, 145: 268, 146: 30, 147: 254, 148: 16, 149: 324, 150: 86, 151: 652, 152: 414, 153: 254, 154: 16, 155: 324, 156: 86, 157: 268, 158: 30, 159: 268, 160: 30, 161: 394, 162: 156, 163: 296, 164: 58, 165: 352, 166: 114, 167: 366, 168: 128, 169: 254, 170: 16, 171: 268, 172: 30, 173: 254, 174: 16, 175: 324, 176: 86, 177: 254, 178: 16, 179: 282, 180: 44, 181: 652, 182: 414, 183: 268, 184: 30, 185: 324, 186: 86, 187: 268, 188: 30, 189: 254, 190: 16, 191: 310, 192: 72, 193: 380, 194: 142, 195: 268, 196: 30, 197: 254, 198: 16, 199: 254, 200: 16}
Correct solution!
Number of lables used:  34
Time taken: 0.17 seconds
Memory used: 28.80 MB
--------------------------------------------------

Trying with at most 33 labels...
Solution:
{1: 268, 2: 30, 3: 142, 4: 380, 5: 30, 6: 268, 7: 408, 8: 170, 9: 240, 10: 478, 11: 540, 12: 778, 13: 394, 14: 156, 15: 268, 16: 30, 17: 268, 18: 30, 19: 100, 20: 338, 21: 484, 22: 722, 23: 170, 24: 408, 25: 512, 26: 750, 27: 694, 28: 456, 29: 156, 30: 394, 31: 268, 32: 30, 33: 414, 34: 652, 35: 338, 36: 100, 37: 652, 38: 414, 39: 156, 40: 394, 41: 142, 42: 380, 43: 540, 44: 778, 45: 394, 46: 156, 47: 456, 48: 694, 49: 778, 50: 540, 51: 100, 52: 338, 53: 666, 54: 428, 55: 414, 56: 652, 57: 142, 58: 380, 59: 722, 60: 484, 61: 652, 62: 414, 63: 268, 64: 30, 65: 380, 66: 142, 67: 512, 68: 750, 69: 268, 70: 30, 71: 414, 72: 652, 73: 408, 74: 170, 75: 30, 76: 268, 77: 722, 78: 484, 79: 268, 80: 30, 81: 394, 82: 156, 83: 338, 84: 100, 85: 778, 86: 540, 87: 30, 88: 268, 89: 338, 90: 100, 91: 456, 92: 694, 93: 338, 94: 100, 95: 778, 96: 540, 97: 142, 98: 380, 99: 414, 100: 652, 101: 428, 102: 666, 103: 100, 104: 338, 105: 30, 106: 268, 107: 100, 108: 338, 109: 338, 110: 100, 111: 30, 112: 268, 113: 394, 114: 156, 115: 666, 116: 428, 117: 268, 118: 30, 119: 394, 120: 156, 121: 478, 122: 240, 123: 408, 124: 170, 125: 30, 126: 268, 127: 666, 128: 428, 129: 778, 130: 540, 131: 268, 132: 30, 133: 268, 134: 30, 135: 240, 136: 478, 137: 394, 138: 156, 139: 268, 140: 30, 141: 380, 142: 142, 143: 652, 144: 414, 145: 268, 146: 30, 147: 394, 148: 156, 149: 722, 150: 484, 151: 456, 152: 694, 153: 268, 154: 30, 155: 338, 156: 100, 157: 338, 158: 100, 159: 156, 160: 394, 161: 456, 162: 694, 163: 100, 164: 338, 165: 394, 166: 156, 167: 750, 168: 512, 169: 142, 170: 380, 171: 268, 172: 30, 173: 338, 174: 100, 175: 414, 176: 652, 177: 268, 178: 30, 179: 394, 180: 156, 181: 750, 182: 512, 183: 778, 184: 540, 185: 414, 186: 652, 187: 268, 188: 30, 189: 694, 190: 456, 191: 666, 192: 428, 193: 478, 194: 240, 195: 394, 196: 156, 197: 652, 198: 414, 199: 394, 200: 156}
Correct solution!
Number of lables used:  24
Time taken: 0.19 seconds
Memory used: 29.68 MB
--------------------------------------------------

Trying with at most 23 labels...
Solution:
{1: 268, 2: 30, 3: 380, 4: 142, 5: 30, 6: 268, 7: 142, 8: 380, 9: 240, 10: 478, 11: 540, 12: 778, 13: 394, 14: 156, 15: 268, 16: 30, 17: 268, 18: 30, 19: 100, 20: 338, 21: 484, 22: 722, 23: 142, 24: 380, 25: 512, 26: 750, 27: 694, 28: 456, 29: 156, 30: 394, 31: 268, 32: 30, 33: 414, 34: 652, 35: 30, 36: 268, 37: 652, 38: 414, 39: 156, 40: 394, 41: 142, 42: 380, 43: 540, 44: 778, 45: 394, 46: 156, 47: 456, 48: 694, 49: 778, 50: 540, 51: 100, 52: 338, 53: 666, 54: 428, 55: 414, 56: 652, 57: 142, 58: 380, 59: 722, 60: 484, 61: 652, 62: 414, 63: 268, 64: 30, 65: 380, 66: 142, 67: 512, 68: 750, 69: 268, 70: 30, 71: 414, 72: 652, 73: 478, 74: 240, 75: 30, 76: 268, 77: 722, 78: 484, 79: 268, 80: 30, 81: 394, 82: 156, 83: 338, 84: 100, 85: 778, 86: 540, 87: 30, 88: 268, 89: 338, 90: 100, 91: 456, 92: 694, 93: 338, 94: 100, 95: 778, 96: 540, 97: 142, 98: 380, 99: 414, 100: 652, 101: 428, 102: 666, 103: 100, 104: 338, 105: 30, 106: 268, 107: 100, 108: 338, 109: 338, 110: 100, 111: 30, 112: 268, 113: 394, 114: 156, 115: 666, 116: 428, 117: 268, 118: 30, 119: 394, 120: 156, 121: 478, 122: 240, 123: 478, 124: 240, 125: 30, 126: 268, 127: 666, 128: 428, 129: 778, 130: 540, 131: 268, 132: 30, 133: 268, 134: 30, 135: 240, 136: 478, 137: 394, 138: 156, 139: 268, 140: 30, 141: 380, 142: 142, 143: 652, 144: 414, 145: 268, 146: 30, 147: 394, 148: 156, 149: 722, 150: 484, 151: 456, 152: 694, 153: 268, 154: 30, 155: 338, 156: 100, 157: 338, 158: 100, 159: 156, 160: 394, 161: 456, 162: 694, 163: 100, 164: 338, 165: 394, 166: 156, 167: 750, 168: 512, 169: 142, 170: 380, 171: 268, 172: 30, 173: 338, 174: 100, 175: 414, 176: 652, 177: 268, 178: 30, 179: 394, 180: 156, 181: 750, 182: 512, 183: 778, 184: 540, 185: 414, 186: 652, 187: 268, 188: 30, 189: 694, 190: 456, 191: 666, 192: 428, 193: 478, 194: 240, 195: 394, 196: 156, 197: 652, 198: 414, 199: 394, 200: 156}
Correct solution!
Number of lables used:  22
Time taken: 0.19 seconds
Memory used: 29.68 MB
--------------------------------------------------

Trying with at most 21 labels...
Solution:
{1: 380, 2: 142, 3: 526, 4: 764, 5: 72, 6: 310, 7: 142, 8: 380, 9: 408, 10: 170, 11: 540, 12: 778, 13: 428, 14: 666, 15: 764, 16: 526, 17: 254, 18: 16, 19: 16, 20: 254, 21: 484, 22: 722, 23: 408, 24: 170, 25: 254, 26: 16, 27: 694, 28: 456, 29: 428, 30: 666, 31: 142, 32: 380, 33: 380, 34: 142, 35: 380, 36: 142, 37: 694, 38: 456, 39: 254, 40: 16, 41: 72, 42: 310, 43: 540, 44: 778, 45: 254, 46: 16, 47: 540, 48: 778, 49: 778, 50: 540, 51: 16, 52: 254, 53: 666, 54: 428, 55: 380, 56: 142, 57: 142, 58: 380, 59: 722, 60: 484, 61: 694, 62: 456, 63: 254, 64: 16, 65: 380, 66: 142, 67: 526, 68: 764, 69: 254, 70: 16, 71: 380, 72: 142, 73: 408, 74: 170, 75: 722, 76: 484, 77: 722, 78: 484, 79: 142, 80: 380, 81: 380, 82: 142, 83: 456, 84: 694, 85: 778, 86: 540, 87: 16, 88: 254, 89: 694, 90: 456, 91: 456, 92: 694, 93: 666, 94: 428, 95: 764, 96: 526, 97: 142, 98: 380, 99: 380, 100: 142, 101: 428, 102: 666, 103: 666, 104: 428, 105: 366, 106: 128, 107: 142, 108: 380, 109: 310, 110: 72, 111: 694, 112: 456, 113: 310, 114: 72, 115: 366, 116: 128, 117: 380, 118: 142, 119: 380, 120: 142, 121: 142, 122: 380, 123: 142, 124: 380, 125: 764, 126: 526, 127: 310, 128: 72, 129: 778, 130: 540, 131: 428, 132: 666, 133: 428, 134: 666, 135: 408, 136: 170, 137: 484, 138: 722, 139: 142, 140: 380, 141: 764, 142: 526, 143: 694, 144: 456, 145: 310, 146: 72, 147: 666, 148: 428, 149: 722, 150: 484, 151: 456, 152: 694, 153: 254, 154: 16, 155: 666, 156: 428, 157: 456, 158: 694, 159: 310, 160: 72, 161: 456, 162: 694, 163: 540, 164: 778, 165: 366, 166: 128, 167: 310, 168: 72, 169: 16, 170: 254, 171: 666, 172: 428, 173: 380, 174: 142, 175: 526, 176: 764, 177: 254, 178: 16, 179: 722, 180: 484, 181: 778, 182: 540, 183: 764, 184: 526, 185: 142, 186: 380, 187: 428, 188: 666, 189: 694, 190: 456, 191: 666, 192: 428, 193: 170, 194: 408, 195: 72, 196: 310, 197: 666, 198: 428, 199: 666, 200: 428}
Correct solution!
Number of lables used:  20
Time taken: 0.20 seconds
Memory used: 29.93 MB
--------------------------------------------------

Trying with at most 19 labels...
Solution:
{1: 736, 2: 498, 3: 498, 4: 736, 5: 72, 6: 310, 7: 240, 8: 478, 9: 380, 10: 142, 11: 324, 12: 86, 13: 428, 14: 666, 15: 498, 16: 736, 17: 254, 18: 16, 19: 142, 20: 380, 21: 456, 22: 694, 23: 240, 24: 478, 25: 666, 26: 428, 27: 694, 28: 456, 29: 428, 30: 666, 31: 380, 32: 142, 33: 380, 34: 142, 35: 380, 36: 142, 37: 694, 38: 456, 39: 254, 40: 16, 41: 380, 42: 142, 43: 72, 44: 310, 45: 310, 46: 72, 47: 86, 48: 324, 49: 750, 50: 512, 51: 16, 52: 254, 53: 324, 54: 86, 55: 736, 56: 498, 57: 142, 58: 380, 59: 254, 60: 16, 61: 694, 62: 456, 63: 254, 64: 16, 65: 380, 66: 142, 67: 428, 68: 666, 69: 254, 70: 16, 71: 380, 72: 142, 73: 142, 74: 380, 75: 736, 76: 498, 77: 324, 78: 86, 79: 16, 80: 254, 81: 380, 82: 142, 83: 456, 84: 694, 85: 750, 86: 512, 87: 142, 88: 380, 89: 666, 90: 428, 91: 750, 92: 512, 93: 666, 94: 428, 95: 750, 96: 512, 97: 478, 98: 240, 99: 498, 100: 736, 101: 324, 102: 86, 103: 666, 104: 428, 105: 736, 106: 498, 107: 142, 108: 380, 109: 310, 110: 72, 111: 694, 112: 456, 113: 310, 114: 72, 115: 666, 116: 428, 117: 380, 118: 142, 119: 380, 120: 142, 121: 142, 122: 380, 123: 478, 124: 240, 125: 86, 126: 324, 127: 310, 128: 72, 129: 750, 130: 512, 131: 428, 132: 666, 133: 456, 134: 694, 135: 240, 136: 478, 137: 456, 138: 694, 139: 142, 140: 380, 141: 86, 142: 324, 143: 694, 144: 456, 145: 310, 146: 72, 147: 512, 148: 750, 149: 694, 150: 456, 151: 694, 152: 456, 153: 310, 154: 72, 155: 666, 156: 428, 157: 456, 158: 694, 159: 16, 160: 254, 161: 498, 162: 736, 163: 142, 164: 380, 165: 324, 166: 86, 167: 310, 168: 72, 169: 142, 170: 380, 171: 666, 172: 428, 173: 380, 174: 142, 175: 254, 176: 16, 177: 254, 178: 16, 179: 310, 180: 72, 181: 310, 182: 72, 183: 428, 184: 666, 185: 16, 186: 254, 187: 428, 188: 666, 189: 324, 190: 86, 191: 512, 192: 750, 193: 240, 194: 478, 195: 72, 196: 310, 197: 666, 198: 428, 199: 666, 200: 428}
Correct solution!
Number of lables used:  18
Time taken: 0.22 seconds
Memory used: 29.93 MB
--------------------------------------------------

Trying with at most 17 labels...
[runlim] sample:		9.9 time, 10.4 real, 48.0 MB
[runlim] sample:		20.0 time, 20.4 real, 51.5 MB
[runlim] sample:		30.0 time, 30.4 real, 57.5 MB
[runlim] sample:		40.0 time, 40.4 real, 59.0 MB
[runlim] sample:		50.0 time, 50.4 real, 59.8 MB
[runlim] sample:		60.0 time, 60.4 real, 72.1 MB
[runlim] sample:		70.0 time, 70.4 real, 72.9 MB
[runlim] sample:		80.0 time, 80.4 real, 73.4 MB
[runlim] sample:		90.0 time, 90.4 real, 74.1 MB
[runlim] sample:		100.0 time, 100.4 real, 74.5 MB
[runlim] sample:		110.0 time, 110.4 real, 91.4 MB
[runlim] sample:		120.0 time, 120.4 real, 92.6 MB
[runlim] sample:		130.0 time, 130.4 real, 92.6 MB
[runlim] sample:		139.9 time, 140.4 real, 92.6 MB
[runlim] sample:		149.9 time, 150.4 real, 92.6 MB
Cannot find solution.
No more solutions found.
Optimal number of labels used:  18
Time taken: 151.54 seconds
[runlim] end:			Sun Dec 28 09:03:24 2025
[runlim] status:		ok
[runlim] result:		0
[runlim] children:		0
[runlim] real:			152.05 seconds
[runlim] time:			151.55 seconds
[runlim] space:			92.6 MB
[runlim] samples:		1516
