[runlim] version:		1.10
[runlim] time limit:		311040000 seconds
[runlim] real time limit:	600 seconds
[runlim] space limit:		8000 MB
[runlim] argv[0]:		python3
[runlim] argv[1]:		-u
[runlim] argv[2]:		sequencial_incremental.py
[runlim] argv[3]:		scen03
[runlim] start:			Sun Dec 28 09:22:03 2025
[runlim] main pid:		8697
Solve first problem:
Solution:
{13: 254, 14: 16, 15: 254, 16: 16, 23: 142, 24: 380, 49: 310, 50: 72, 51: 16, 52: 254, 53: 338, 54: 100, 67: 156, 68: 394, 69: 254, 70: 16, 79: 254, 80: 16, 81: 268, 82: 30, 83: 680, 84: 442, 85: 352, 86: 114, 103: 268, 104: 30, 105: 254, 106: 16, 117: 750, 118: 512, 119: 708, 120: 470, 127: 142, 128: 380, 129: 310, 130: 72, 143: 666, 144: 428, 145: 254, 146: 16, 151: 764, 152: 526, 153: 694, 154: 456, 155: 652, 156: 414, 157: 30, 158: 268, 179: 156, 180: 394, 181: 380, 182: 142, 183: 736, 184: 498, 191: 366, 192: 128, 193: 296, 194: 58, 205: 254, 206: 16, 209: 142, 210: 380, 211: 58, 212: 296, 213: 254, 214: 16, 215: 296, 216: 58, 217: 296, 218: 58, 233: 750, 234: 512, 235: 338, 236: 100, 237: 380, 238: 142, 261: 254, 262: 16, 263: 352, 264: 114, 265: 324, 266: 86, 267: 254, 268: 16, 269: 254, 270: 16, 271: 254, 272: 16, 273: 324, 274: 86, 275: 324, 276: 86, 277: 268, 278: 30, 281: 366, 282: 128, 283: 296, 284: 58, 285: 366, 286: 128, 287: 254, 288: 16, 289: 254, 290: 16, 291: 324, 292: 86, 293: 380, 294: 142, 295: 324, 296: 86, 299: 366, 300: 128, 301: 282, 302: 44, 303: 680, 304: 442, 305: 352, 306: 114, 307: 30, 308: 268, 309: 338, 310: 100, 311: 254, 312: 16, 313: 254, 314: 16, 321: 254, 322: 16, 323: 254, 324: 16, 325: 666, 326: 428, 327: 338, 328: 100, 329: 254, 330: 16, 339: 352, 340: 114, 341: 44, 342: 282, 343: 44, 344: 282, 345: 394, 346: 156, 347: 324, 348: 86, 349: 680, 350: 442, 351: 30, 352: 268, 355: 44, 356: 282, 357: 268, 358: 30, 359: 666, 360: 428, 361: 338, 362: 100, 363: 268, 364: 30, 365: 380, 366: 142, 367: 310, 368: 72, 369: 128, 370: 366, 371: 254, 372: 16, 375: 282, 376: 44, 377: 666, 378: 428, 383: 338, 384: 100, 387: 366, 388: 128, 397: 394, 398: 156, 401: 114, 402: 352, 405: 114, 406: 352, 435: 366, 436: 128, 439: 310, 440: 72, 449: 100, 450: 338, 471: 254, 472: 16, 475: 338, 476: 100, 477: 268, 478: 30, 481: 352, 482: 114, 491: 310, 492: 72, 493: 268, 494: 30, 495: 254, 496: 16, 517: 268, 518: 30, 519: 338, 520: 100, 525: 282, 526: 44, 533: 282, 534: 44, 535: 254, 536: 16, 547: 324, 548: 86, 555: 128, 556: 366, 557: 666, 558: 428, 559: 58, 560: 296, 561: 380, 562: 142, 563: 666, 564: 428, 565: 114, 566: 352, 573: 268, 574: 30, 575: 114, 576: 352, 577: 366, 578: 128, 579: 352, 580: 114, 581: 352, 582: 114, 583: 666, 584: 428, 585: 338, 586: 100, 587: 254, 588: 16, 589: 366, 590: 128, 591: 352, 592: 114, 593: 100, 594: 338, 595: 296, 596: 58, 597: 268, 598: 30, 599: 142, 600: 380, 601: 282, 602: 44, 603: 268, 604: 30, 605: 268, 606: 30, 607: 352, 608: 114, 613: 100, 614: 338, 615: 282, 616: 44, 617: 268, 618: 30, 619: 352, 620: 114, 621: 338, 622: 100, 623: 338, 624: 100, 625: 268, 626: 30, 629: 282, 630: 44, 631: 268, 632: 30, 633: 282, 634: 44, 635: 268, 636: 30, 637: 254, 638: 16, 639: 268, 640: 30, 641: 380, 642: 142, 643: 338, 644: 100, 645: 296, 646: 58, 651: 352, 652: 114, 653: 254, 654: 16, 661: 254, 662: 16, 663: 394, 664: 156, 665: 366, 666: 128, 667: 268, 668: 30, 671: 254, 672: 16, 713: 268, 714: 30, 715: 254, 716: 16, 717: 394, 718: 156, 719: 324, 720: 86, 721: 254, 722: 16, 723: 254, 724: 16, 725: 254, 726: 16, 727: 254, 728: 16, 733: 268, 734: 30, 741: 268, 742: 30, 743: 44, 744: 282, 745: 268, 746: 30, 747: 324, 748: 86, 757: 338, 758: 100, 759: 268, 760: 30, 763: 268, 764: 30, 765: 254, 766: 16, 767: 296, 768: 58, 769: 268, 770: 30, 771: 338, 772: 100, 773: 254, 774: 16, 783: 268, 784: 30, 785: 254, 786: 16, 787: 268, 788: 30, 789: 338, 790: 100, 791: 268, 792: 30, 793: 338, 794: 100, 795: 268, 796: 30, 797: 352, 798: 114, 799: 282, 800: 44, 801: 268, 802: 30, 815: 338, 816: 100, 817: 268, 818: 30, 825: 282, 826: 44, 827: 324, 828: 86, 829: 254, 830: 16, 835: 44, 836: 282, 837: 268, 838: 30, 867: 352, 868: 114, 875: 310, 876: 72, 877: 282, 878: 44, 879: 324, 880: 86, 881: 268, 882: 30, 893: 268, 894: 30, 903: 254, 904: 16, 911: 254, 912: 16}
Correct solution!
Number of lables used:  38
Time taken: 0.45 seconds
Memory used: 43.51 MB
--------------------------------------------------

Trying with at most 37 labels...
Solution:
{13: 254, 14: 16, 15: 254, 16: 16, 23: 324, 24: 86, 49: 394, 50: 156, 51: 414, 52: 652, 53: 16, 54: 254, 67: 652, 68: 414, 69: 254, 70: 16, 79: 156, 80: 394, 81: 324, 82: 86, 83: 764, 84: 526, 85: 414, 86: 652, 103: 254, 104: 16, 105: 324, 106: 86, 117: 16, 118: 254, 119: 414, 120: 652, 127: 394, 128: 156, 129: 86, 130: 324, 143: 736, 144: 498, 145: 254, 146: 16, 151: 254, 152: 16, 153: 778, 154: 540, 155: 498, 156: 736, 157: 156, 158: 394, 179: 394, 180: 156, 181: 394, 182: 156, 183: 792, 184: 554, 191: 652, 192: 414, 193: 254, 194: 16, 205: 554, 206: 792, 209: 764, 210: 526, 211: 324, 212: 86, 213: 16, 214: 254, 215: 254, 216: 16, 217: 526, 218: 764, 233: 324, 234: 86, 235: 736, 236: 498, 237: 512, 238: 750, 261: 254, 262: 16, 263: 394, 264: 156, 265: 394, 266: 156, 267: 512, 268: 750, 269: 254, 270: 16, 271: 254, 272: 16, 273: 414, 274: 652, 275: 414, 276: 652, 277: 394, 278: 156, 281: 414, 282: 652, 283: 778, 284: 540, 285: 554, 286: 792, 287: 324, 288: 86, 289: 254, 290: 16, 291: 324, 292: 86, 293: 408, 294: 170, 295: 736, 296: 498, 299: 512, 300: 750, 301: 652, 302: 414, 303: 86, 304: 324, 305: 156, 306: 394, 307: 86, 308: 324, 309: 254, 310: 16, 311: 498, 312: 736, 313: 512, 314: 750, 321: 254, 322: 16, 323: 254, 324: 16, 325: 414, 326: 652, 327: 498, 328: 736, 329: 652, 330: 414, 339: 16, 340: 254, 341: 526, 342: 764, 343: 526, 344: 764, 345: 750, 346: 512, 347: 414, 348: 652, 349: 526, 350: 764, 351: 86, 352: 324, 355: 540, 356: 778, 357: 86, 358: 324, 359: 750, 360: 512, 361: 736, 362: 498, 363: 324, 364: 86, 365: 526, 366: 764, 367: 736, 368: 498, 369: 526, 370: 764, 371: 254, 372: 16, 375: 86, 376: 324, 377: 86, 378: 324, 383: 324, 384: 86, 387: 526, 388: 764, 397: 414, 398: 652, 401: 324, 402: 86, 405: 512, 406: 750, 435: 512, 436: 750, 439: 736, 440: 498, 449: 540, 450: 778, 471: 324, 472: 86, 475: 526, 476: 764, 477: 778, 478: 540, 481: 498, 482: 736, 491: 778, 492: 540, 493: 736, 494: 498, 495: 324, 496: 86, 517: 750, 518: 512, 519: 86, 520: 324, 525: 736, 526: 498, 533: 652, 534: 414, 535: 324, 536: 86, 547: 254, 548: 16, 555: 764, 556: 526, 557: 86, 558: 324, 559: 736, 560: 498, 561: 86, 562: 324, 563: 498, 564: 736, 565: 764, 566: 526, 573: 324, 574: 86, 575: 498, 576: 736, 577: 414, 578: 652, 579: 394, 580: 156, 581: 16, 582: 254, 583: 750, 584: 512, 585: 156, 586: 394, 587: 750, 588: 512, 589: 526, 590: 764, 591: 498, 592: 736, 593: 512, 594: 750, 595: 86, 596: 324, 597: 498, 598: 736, 599: 512, 600: 750, 601: 512, 602: 750, 603: 324, 604: 86, 605: 736, 606: 498, 607: 86, 608: 324, 613: 512, 614: 750, 615: 736, 616: 498, 617: 750, 618: 512, 619: 86, 620: 324, 621: 540, 622: 778, 623: 750, 624: 512, 625: 736, 626: 498, 629: 736, 630: 498, 631: 324, 632: 86, 633: 512, 634: 750, 635: 86, 636: 324, 637: 254, 638: 16, 639: 324, 640: 86, 641: 764, 642: 526, 643: 86, 644: 324, 645: 324, 646: 86, 651: 394, 652: 156, 653: 156, 654: 394, 661: 736, 662: 498, 663: 394, 664: 156, 665: 394, 666: 156, 667: 394, 668: 156, 671: 16, 672: 254, 713: 394, 714: 156, 715: 394, 716: 156, 717: 554, 718: 792, 719: 394, 720: 156, 721: 324, 722: 86, 723: 324, 724: 86, 725: 324, 726: 86, 727: 324, 728: 86, 733: 736, 734: 498, 741: 498, 742: 736, 743: 512, 744: 750, 745: 736, 746: 498, 747: 736, 748: 498, 757: 736, 758: 498, 759: 86, 760: 324, 763: 324, 764: 86, 765: 324, 766: 86, 767: 652, 768: 414, 769: 778, 770: 540, 771: 394, 772: 156, 773: 324, 774: 86, 783: 324, 784: 86, 785: 254, 786: 16, 787: 736, 788: 498, 789: 86, 790: 324, 791: 736, 792: 498, 793: 86, 794: 324, 795: 736, 796: 498, 797: 86, 798: 324, 799: 736, 800: 498, 801: 750, 802: 512, 815: 736, 816: 498, 817: 512, 818: 750, 825: 540, 826: 778, 827: 86, 828: 324, 829: 86, 830: 324, 835: 540, 836: 778, 837: 324, 838: 86, 867: 540, 868: 778, 875: 778, 876: 540, 877: 736, 878: 498, 879: 736, 880: 498, 881: 324, 882: 86, 893: 324, 894: 86, 903: 324, 904: 86, 911: 512, 912: 750}
Correct solution!
Number of lables used:  20
Time taken: 0.48 seconds
Memory used: 44.89 MB
--------------------------------------------------

Trying with at most 19 labels...
Solution:
{13: 254, 14: 16, 15: 254, 16: 16, 23: 324, 24: 86, 49: 394, 50: 156, 51: 414, 52: 652, 53: 16, 54: 254, 67: 652, 68: 414, 69: 254, 70: 16, 79: 156, 80: 394, 81: 324, 82: 86, 83: 778, 84: 540, 85: 414, 86: 652, 103: 254, 104: 16, 105: 324, 106: 86, 117: 414, 118: 652, 119: 394, 120: 156, 127: 156, 128: 394, 129: 324, 130: 86, 143: 736, 144: 498, 145: 254, 146: 16, 151: 512, 152: 750, 153: 414, 154: 652, 155: 498, 156: 736, 157: 156, 158: 394, 179: 16, 180: 254, 181: 394, 182: 156, 183: 722, 184: 484, 191: 778, 192: 540, 193: 254, 194: 16, 205: 498, 206: 736, 209: 778, 210: 540, 211: 324, 212: 86, 213: 498, 214: 736, 215: 254, 216: 16, 217: 540, 218: 778, 233: 540, 234: 778, 235: 512, 236: 750, 237: 86, 238: 324, 261: 254, 262: 16, 263: 394, 264: 156, 265: 394, 266: 156, 267: 512, 268: 750, 269: 254, 270: 16, 271: 254, 272: 16, 273: 414, 274: 652, 275: 414, 276: 652, 277: 394, 278: 156, 281: 414, 282: 652, 283: 778, 284: 540, 285: 540, 286: 778, 287: 324, 288: 86, 289: 254, 290: 16, 291: 324, 292: 86, 293: 478, 294: 240, 295: 394, 296: 156, 299: 512, 300: 750, 301: 652, 302: 414, 303: 498, 304: 736, 305: 156, 306: 394, 307: 86, 308: 324, 309: 254, 310: 16, 311: 750, 312: 512, 313: 750, 314: 512, 321: 254, 322: 16, 323: 254, 324: 16, 325: 512, 326: 750, 327: 414, 328: 652, 329: 652, 330: 414, 339: 16, 340: 254, 341: 512, 342: 750, 343: 512, 344: 750, 345: 778, 346: 540, 347: 414, 348: 652, 349: 736, 350: 498, 351: 86, 352: 324, 355: 498, 356: 736, 357: 86, 358: 324, 359: 778, 360: 540, 361: 736, 362: 498, 363: 324, 364: 86, 365: 484, 366: 722, 367: 750, 368: 512, 369: 512, 370: 750, 371: 254, 372: 16, 375: 86, 376: 324, 377: 86, 378: 324, 383: 324, 384: 86, 387: 540, 388: 778, 397: 414, 398: 652, 401: 778, 402: 540, 405: 540, 406: 778, 435: 540, 436: 778, 439: 778, 440: 540, 449: 324, 450: 86, 471: 324, 472: 86, 475: 512, 476: 750, 477: 736, 478: 498, 481: 498, 482: 736, 491: 778, 492: 540, 493: 736, 494: 498, 495: 324, 496: 86, 517: 324, 518: 86, 519: 86, 520: 324, 525: 736, 526: 498, 533: 652, 534: 414, 535: 324, 536: 86, 547: 254, 548: 16, 555: 750, 556: 512, 557: 86, 558: 324, 559: 736, 560: 498, 561: 778, 562: 540, 563: 736, 564: 498, 565: 778, 566: 540, 573: 324, 574: 86, 575: 324, 576: 86, 577: 414, 578: 652, 579: 394, 580: 156, 581: 16, 582: 254, 583: 736, 584: 498, 585: 156, 586: 394, 587: 750, 588: 512, 589: 414, 590: 652, 591: 722, 592: 484, 593: 512, 594: 750, 595: 86, 596: 324, 597: 498, 598: 736, 599: 512, 600: 750, 601: 512, 602: 750, 603: 324, 604: 86, 605: 736, 606: 498, 607: 324, 608: 86, 613: 512, 614: 750, 615: 512, 616: 750, 617: 498, 618: 736, 619: 540, 620: 778, 621: 750, 622: 512, 623: 750, 624: 512, 625: 324, 626: 86, 629: 736, 630: 498, 631: 324, 632: 86, 633: 778, 634: 540, 635: 86, 636: 324, 637: 254, 638: 16, 639: 324, 640: 86, 641: 498, 642: 736, 643: 540, 644: 778, 645: 324, 646: 86, 651: 394, 652: 156, 653: 652, 654: 414, 661: 736, 662: 498, 663: 394, 664: 156, 665: 394, 666: 156, 667: 16, 668: 254, 671: 86, 672: 324, 713: 394, 714: 156, 715: 16, 716: 254, 717: 540, 718: 778, 719: 394, 720: 156, 721: 324, 722: 86, 723: 324, 724: 86, 725: 324, 726: 86, 727: 324, 728: 86, 733: 736, 734: 498, 741: 16, 742: 254, 743: 540, 744: 778, 745: 736, 746: 498, 747: 736, 748: 498, 757: 750, 758: 512, 759: 498, 760: 736, 763: 324, 764: 86, 765: 324, 766: 86, 767: 652, 768: 414, 769: 324, 770: 86, 771: 394, 772: 156, 773: 324, 774: 86, 783: 324, 784: 86, 785: 254, 786: 16, 787: 722, 788: 484, 789: 86, 790: 324, 791: 736, 792: 498, 793: 86, 794: 324, 795: 736, 796: 498, 797: 86, 798: 324, 799: 736, 800: 498, 801: 324, 802: 86, 815: 736, 816: 498, 817: 540, 818: 778, 825: 324, 826: 86, 827: 394, 828: 156, 829: 254, 830: 16, 835: 540, 836: 778, 837: 324, 838: 86, 867: 540, 868: 778, 875: 778, 876: 540, 877: 736, 878: 498, 879: 736, 880: 498, 881: 324, 882: 86, 893: 324, 894: 86, 903: 324, 904: 86, 911: 498, 912: 736}
Correct solution!
Number of lables used:  18
Time taken: 0.51 seconds
Memory used: 45.14 MB
--------------------------------------------------

Trying with at most 17 labels...
Solution:
{13: 254, 14: 16, 15: 254, 16: 16, 23: 324, 24: 86, 49: 394, 50: 156, 51: 414, 52: 652, 53: 16, 54: 254, 67: 652, 68: 414, 69: 254, 70: 16, 79: 156, 80: 394, 81: 324, 82: 86, 83: 778, 84: 540, 85: 414, 86: 652, 103: 254, 104: 16, 105: 324, 106: 86, 117: 414, 118: 652, 119: 394, 120: 156, 127: 156, 128: 394, 129: 324, 130: 86, 143: 736, 144: 498, 145: 254, 146: 16, 151: 512, 152: 750, 153: 414, 154: 652, 155: 498, 156: 736, 157: 156, 158: 394, 179: 16, 180: 254, 181: 394, 182: 156, 183: 380, 184: 142, 191: 778, 192: 540, 193: 254, 194: 16, 205: 498, 206: 736, 209: 778, 210: 540, 211: 324, 212: 86, 213: 498, 214: 736, 215: 254, 216: 16, 217: 540, 218: 778, 233: 540, 234: 778, 235: 512, 236: 750, 237: 86, 238: 324, 261: 254, 262: 16, 263: 394, 264: 156, 265: 394, 266: 156, 267: 512, 268: 750, 269: 254, 270: 16, 271: 254, 272: 16, 273: 414, 274: 652, 275: 414, 276: 652, 277: 394, 278: 156, 281: 414, 282: 652, 283: 778, 284: 540, 285: 540, 286: 778, 287: 324, 288: 86, 289: 254, 290: 16, 291: 324, 292: 86, 293: 380, 294: 142, 295: 394, 296: 156, 299: 512, 300: 750, 301: 652, 302: 414, 303: 498, 304: 736, 305: 156, 306: 394, 307: 86, 308: 324, 309: 254, 310: 16, 311: 750, 312: 512, 313: 750, 314: 512, 321: 254, 322: 16, 323: 254, 324: 16, 325: 512, 326: 750, 327: 414, 328: 652, 329: 652, 330: 414, 339: 16, 340: 254, 341: 512, 342: 750, 343: 512, 344: 750, 345: 778, 346: 540, 347: 414, 348: 652, 349: 736, 350: 498, 351: 498, 352: 736, 355: 498, 356: 736, 357: 86, 358: 324, 359: 778, 360: 540, 361: 736, 362: 498, 363: 324, 364: 86, 365: 142, 366: 380, 367: 750, 368: 512, 369: 512, 370: 750, 371: 254, 372: 16, 375: 86, 376: 324, 377: 86, 378: 324, 383: 324, 384: 86, 387: 540, 388: 778, 397: 414, 398: 652, 401: 778, 402: 540, 405: 540, 406: 778, 435: 540, 436: 778, 439: 778, 440: 540, 449: 324, 450: 86, 471: 324, 472: 86, 475: 512, 476: 750, 477: 736, 478: 498, 481: 498, 482: 736, 491: 778, 492: 540, 493: 736, 494: 498, 495: 324, 496: 86, 517: 324, 518: 86, 519: 86, 520: 324, 525: 736, 526: 498, 533: 652, 534: 414, 535: 324, 536: 86, 547: 254, 548: 16, 555: 750, 556: 512, 557: 86, 558: 324, 559: 736, 560: 498, 561: 778, 562: 540, 563: 736, 564: 498, 565: 778, 566: 540, 573: 324, 574: 86, 575: 324, 576: 86, 577: 156, 578: 394, 579: 394, 580: 156, 581: 16, 582: 254, 583: 736, 584: 498, 585: 156, 586: 394, 587: 750, 588: 512, 589: 414, 590: 652, 591: 142, 592: 380, 593: 512, 594: 750, 595: 86, 596: 324, 597: 498, 598: 736, 599: 512, 600: 750, 601: 512, 602: 750, 603: 324, 604: 86, 605: 736, 606: 498, 607: 324, 608: 86, 613: 512, 614: 750, 615: 512, 616: 750, 617: 498, 618: 736, 619: 540, 620: 778, 621: 750, 622: 512, 623: 750, 624: 512, 625: 324, 626: 86, 629: 736, 630: 498, 631: 324, 632: 86, 633: 778, 634: 540, 635: 86, 636: 324, 637: 254, 638: 16, 639: 324, 640: 86, 641: 498, 642: 736, 643: 540, 644: 778, 645: 324, 646: 86, 651: 394, 652: 156, 653: 652, 654: 414, 661: 736, 662: 498, 663: 394, 664: 156, 665: 394, 666: 156, 667: 16, 668: 254, 671: 86, 672: 324, 713: 394, 714: 156, 715: 16, 716: 254, 717: 540, 718: 778, 719: 394, 720: 156, 721: 324, 722: 86, 723: 324, 724: 86, 725: 324, 726: 86, 727: 324, 728: 86, 733: 736, 734: 498, 741: 16, 742: 254, 743: 540, 744: 778, 745: 736, 746: 498, 747: 736, 748: 498, 757: 750, 758: 512, 759: 498, 760: 736, 763: 324, 764: 86, 765: 324, 766: 86, 767: 652, 768: 414, 769: 324, 770: 86, 771: 394, 772: 156, 773: 324, 774: 86, 783: 324, 784: 86, 785: 254, 786: 16, 787: 142, 788: 380, 789: 512, 790: 750, 791: 736, 792: 498, 793: 86, 794: 324, 795: 736, 796: 498, 797: 86, 798: 324, 799: 736, 800: 498, 801: 324, 802: 86, 815: 736, 816: 498, 817: 540, 818: 778, 825: 324, 826: 86, 827: 394, 828: 156, 829: 254, 830: 16, 835: 540, 836: 778, 837: 324, 838: 86, 867: 540, 868: 778, 875: 778, 876: 540, 877: 736, 878: 498, 879: 736, 880: 498, 881: 324, 882: 86, 893: 324, 894: 86, 903: 324, 904: 86, 911: 498, 912: 736}
Correct solution!
Number of lables used:  16
Time taken: 0.52 seconds
Memory used: 45.14 MB
--------------------------------------------------

Trying with at most 15 labels...
Solution:
{13: 254, 14: 16, 15: 254, 16: 16, 23: 680, 24: 442, 49: 380, 50: 142, 51: 666, 52: 428, 53: 764, 54: 526, 67: 324, 68: 86, 69: 254, 70: 16, 79: 254, 80: 16, 81: 324, 82: 86, 83: 380, 84: 142, 85: 16, 86: 254, 103: 254, 104: 16, 105: 324, 106: 86, 117: 428, 118: 666, 119: 526, 120: 764, 127: 736, 128: 498, 129: 380, 130: 142, 143: 680, 144: 442, 145: 324, 146: 86, 151: 254, 152: 16, 153: 666, 154: 428, 155: 380, 156: 142, 157: 736, 158: 498, 179: 86, 180: 324, 181: 324, 182: 86, 183: 442, 184: 680, 191: 254, 192: 16, 193: 324, 194: 86, 205: 324, 206: 86, 209: 142, 210: 380, 211: 764, 212: 526, 213: 324, 214: 86, 215: 736, 216: 498, 217: 380, 218: 142, 233: 324, 234: 86, 235: 380, 236: 142, 237: 680, 238: 442, 261: 254, 262: 16, 263: 16, 264: 254, 265: 442, 266: 680, 267: 380, 268: 142, 269: 666, 270: 428, 271: 666, 272: 428, 273: 254, 274: 16, 275: 254, 276: 16, 277: 666, 278: 428, 281: 16, 282: 254, 283: 736, 284: 498, 285: 86, 286: 324, 287: 324, 288: 86, 289: 254, 290: 16, 291: 324, 292: 86, 293: 380, 294: 142, 295: 86, 296: 324, 299: 442, 300: 680, 301: 254, 302: 16, 303: 764, 304: 526, 305: 142, 306: 380, 307: 86, 308: 324, 309: 666, 310: 428, 311: 16, 312: 254, 313: 16, 314: 254, 321: 442, 322: 680, 323: 254, 324: 16, 325: 142, 326: 380, 327: 680, 328: 442, 329: 86, 330: 324, 339: 16, 340: 254, 341: 254, 342: 16, 343: 254, 344: 16, 345: 666, 346: 428, 347: 86, 348: 324, 349: 142, 350: 380, 351: 764, 352: 526, 355: 526, 356: 764, 357: 86, 358: 324, 359: 428, 360: 666, 361: 380, 362: 142, 363: 442, 364: 680, 365: 86, 366: 324, 367: 380, 368: 142, 369: 666, 370: 428, 371: 254, 372: 16, 375: 680, 376: 442, 377: 764, 378: 526, 383: 86, 384: 324, 387: 142, 388: 380, 397: 16, 398: 254, 401: 498, 402: 736, 405: 736, 406: 498, 435: 666, 436: 428, 439: 16, 440: 254, 449: 142, 450: 380, 471: 254, 472: 16, 475: 142, 476: 380, 477: 380, 478: 142, 481: 86, 482: 324, 491: 380, 492: 142, 493: 324, 494: 86, 495: 324, 496: 86, 517: 324, 518: 86, 519: 324, 520: 86, 525: 86, 526: 324, 533: 680, 534: 442, 535: 324, 536: 86, 547: 254, 548: 16, 555: 442, 556: 680, 557: 86, 558: 324, 559: 764, 560: 526, 561: 86, 562: 324, 563: 324, 564: 86, 565: 680, 566: 442, 573: 324, 574: 86, 575: 324, 576: 86, 577: 16, 578: 254, 579: 254, 580: 16, 581: 16, 582: 254, 583: 380, 584: 142, 585: 16, 586: 254, 587: 86, 588: 324, 589: 16, 590: 254, 591: 680, 592: 442, 593: 666, 594: 428, 595: 86, 596: 324, 597: 142, 598: 380, 599: 142, 600: 380, 601: 142, 602: 380, 603: 324, 604: 86, 605: 142, 606: 380, 607: 324, 608: 86, 613: 666, 614: 428, 615: 666, 616: 428, 617: 142, 618: 380, 619: 736, 620: 498, 621: 666, 622: 428, 623: 380, 624: 142, 625: 324, 626: 86, 629: 380, 630: 142, 631: 324, 632: 86, 633: 142, 634: 380, 635: 86, 636: 324, 637: 254, 638: 16, 639: 666, 640: 428, 641: 764, 642: 526, 643: 142, 644: 380, 645: 16, 646: 254, 651: 142, 652: 380, 653: 680, 654: 442, 661: 324, 662: 86, 663: 142, 664: 380, 665: 764, 666: 526, 667: 498, 668: 736, 671: 86, 672: 324, 713: 666, 714: 428, 715: 736, 716: 498, 717: 764, 718: 526, 719: 254, 720: 16, 721: 324, 722: 86, 723: 324, 724: 86, 725: 442, 726: 680, 727: 442, 728: 680, 733: 428, 734: 666, 741: 16, 742: 254, 743: 86, 744: 324, 745: 764, 746: 526, 747: 442, 748: 680, 757: 680, 758: 442, 759: 428, 760: 666, 763: 526, 764: 764, 765: 86, 766: 324, 767: 498, 768: 736, 769: 442, 770: 680, 771: 442, 772: 680, 773: 666, 774: 428, 783: 736, 784: 498, 785: 16, 786: 254, 787: 142, 788: 380, 789: 680, 790: 442, 791: 380, 792: 142, 793: 86, 794: 324, 795: 380, 796: 142, 797: 86, 798: 324, 799: 380, 800: 142, 801: 764, 802: 526, 815: 680, 816: 442, 817: 142, 818: 380, 825: 380, 826: 142, 827: 526, 828: 764, 829: 16, 830: 254, 835: 666, 836: 428, 837: 324, 838: 86, 867: 498, 868: 736, 875: 680, 876: 442, 877: 380, 878: 142, 879: 764, 880: 526, 881: 324, 882: 86, 893: 324, 894: 86, 903: 324, 904: 86, 911: 736, 912: 498}
Correct solution!
Number of lables used:  14
Time taken: 0.59 seconds
Memory used: 45.51 MB
--------------------------------------------------

Trying with at most 13 labels...
[runlim] sample:		10.0 time, 10.8 real, 69.2 MB
[runlim] sample:		20.0 time, 20.8 real, 59.4 MB
[runlim] sample:		29.9 time, 30.8 real, 74.3 MB
[runlim] sample:		39.9 time, 40.8 real, 75.7 MB
[runlim] sample:		50.0 time, 50.8 real, 76.9 MB
[runlim] sample:		60.0 time, 60.8 real, 77.9 MB
[runlim] sample:		70.0 time, 70.8 real, 78.1 MB
[runlim] sample:		80.0 time, 80.8 real, 79.3 MB
[runlim] sample:		90.0 time, 90.8 real, 94.5 MB
[runlim] sample:		100.0 time, 100.8 real, 97.5 MB
[runlim] sample:		110.0 time, 110.8 real, 97.5 MB
[runlim] sample:		120.0 time, 120.8 real, 97.5 MB
[runlim] sample:		130.0 time, 130.8 real, 97.5 MB
[runlim] sample:		140.0 time, 140.8 real, 97.6 MB
[runlim] sample:		149.9 time, 150.8 real, 97.7 MB
[runlim] sample:		159.9 time, 160.8 real, 98.2 MB
[runlim] sample:		169.9 time, 170.8 real, 98.5 MB
[runlim] sample:		180.0 time, 180.8 real, 98.8 MB
[runlim] sample:		190.0 time, 190.8 real, 99.2 MB
[runlim] sample:		200.0 time, 200.8 real, 99.2 MB
[runlim] sample:		210.0 time, 210.8 real, 99.8 MB
Cannot find solution.
No more solutions found.
Optimal number of labels used:  14
Time taken: 218.16 seconds
[runlim] end:			Sun Dec 28 09:25:41 2025
[runlim] status:		ok
[runlim] result:		0
[runlim] children:		0
[runlim] real:			218.98 seconds
[runlim] time:			218.19 seconds
[runlim] space:			100.7 MB
[runlim] samples:		2182
