[runlim] version:		1.10
[runlim] time limit:		311040000 seconds
[runlim] real time limit:	600 seconds
[runlim] space limit:		8000 MB
[runlim] argv[0]:		python3
[runlim] argv[1]:		-u
[runlim] argv[2]:		sequencial_incremental.py
[runlim] argv[3]:		scen02
[runlim] start:			Sun Dec 28 09:21:45 2025
[runlim] main pid:		8559
Solve first problem:
Solution:
{13: 268, 14: 30, 15: 268, 16: 30, 53: 268, 54: 30, 79: 254, 80: 16, 81: 268, 82: 30, 83: 680, 84: 442, 85: 352, 86: 114, 127: 352, 128: 114, 129: 254, 130: 16, 143: 254, 144: 16, 145: 254, 146: 16, 205: 254, 206: 16, 233: 666, 234: 428, 235: 338, 236: 100, 237: 352, 238: 114, 261: 254, 262: 16, 263: 352, 264: 114, 265: 338, 266: 100, 267: 254, 268: 16, 269: 352, 270: 114, 271: 352, 272: 114, 273: 44, 274: 282, 275: 44, 276: 282, 277: 352, 278: 114, 281: 268, 282: 30, 283: 282, 284: 44, 289: 254, 290: 16, 291: 324, 292: 86, 303: 666, 304: 428, 305: 338, 306: 100, 321: 156, 322: 394, 323: 254, 324: 16, 325: 666, 326: 428, 327: 338, 328: 100, 329: 254, 330: 16, 341: 30, 342: 268, 343: 30, 344: 268, 349: 338, 350: 100, 351: 30, 352: 268, 435: 296, 436: 58, 475: 282, 476: 44, 481: 268, 482: 30, 517: 268, 518: 30, 519: 338, 520: 100, 555: 128, 556: 366, 557: 666, 558: 428, 559: 58, 560: 296, 561: 366, 562: 128, 565: 100, 566: 338, 577: 324, 578: 86, 579: 352, 580: 114, 583: 666, 584: 428, 585: 324, 586: 86, 587: 254, 588: 16, 589: 366, 590: 128, 591: 352, 592: 114, 593: 114, 594: 352, 595: 296, 596: 58, 597: 268, 598: 30, 599: 142, 600: 380, 601: 282, 602: 44, 603: 268, 604: 30, 605: 268, 606: 30, 607: 338, 608: 100, 613: 100, 614: 338, 615: 282, 616: 44, 617: 268, 618: 30, 621: 338, 622: 100, 625: 268, 626: 30, 629: 282, 630: 44, 631: 268, 632: 30, 633: 282, 634: 44, 635: 268, 636: 30, 645: 296, 646: 58, 651: 254, 652: 16, 661: 254, 662: 16, 663: 394, 664: 156, 665: 366, 666: 128, 667: 254, 668: 16, 713: 352, 714: 114, 717: 44, 718: 282, 719: 394, 720: 156, 721: 324, 722: 86, 723: 254, 724: 16, 743: 44, 744: 282, 745: 268, 746: 30, 747: 324, 748: 86, 763: 268, 764: 30, 765: 254, 766: 16, 767: 296, 768: 58, 785: 254, 786: 16, 787: 268, 788: 30, 789: 338, 790: 100, 791: 268, 792: 30, 793: 338, 794: 100, 795: 268, 796: 30, 797: 352, 798: 114, 799: 282, 800: 44, 801: 268, 802: 30, 879: 268, 880: 30}
Correct solution!
Number of lables used:  24
Time taken: 0.21 seconds
Memory used: 30.90 MB
--------------------------------------------------

Trying with at most 23 labels...
Solution:
{13: 652, 14: 414, 15: 652, 16: 414, 53: 86, 54: 324, 79: 652, 80: 414, 81: 324, 82: 86, 83: 652, 84: 414, 85: 254, 86: 16, 127: 16, 128: 254, 129: 324, 130: 86, 143: 324, 144: 86, 145: 324, 146: 86, 205: 324, 206: 86, 233: 86, 234: 324, 235: 778, 236: 540, 237: 324, 238: 86, 261: 86, 262: 324, 263: 512, 264: 750, 265: 540, 266: 778, 267: 652, 268: 414, 269: 540, 270: 778, 271: 540, 272: 778, 273: 554, 274: 792, 275: 554, 276: 792, 277: 254, 278: 16, 281: 750, 282: 512, 283: 414, 284: 652, 289: 414, 290: 652, 291: 254, 292: 16, 303: 652, 304: 414, 305: 254, 306: 16, 321: 324, 322: 86, 323: 554, 324: 792, 325: 16, 326: 254, 327: 652, 328: 414, 329: 254, 330: 16, 341: 512, 342: 750, 343: 512, 344: 750, 349: 498, 350: 736, 351: 86, 352: 324, 435: 778, 436: 540, 475: 736, 476: 498, 481: 324, 482: 86, 517: 750, 518: 512, 519: 86, 520: 324, 555: 736, 556: 498, 557: 526, 558: 764, 559: 764, 560: 526, 561: 540, 562: 778, 565: 778, 566: 540, 577: 554, 578: 792, 579: 16, 580: 254, 583: 750, 584: 512, 585: 254, 586: 16, 587: 86, 588: 324, 589: 16, 590: 254, 591: 512, 592: 750, 593: 324, 594: 86, 595: 324, 596: 86, 597: 512, 598: 750, 599: 540, 600: 778, 601: 498, 602: 736, 603: 324, 604: 86, 605: 86, 606: 324, 607: 324, 608: 86, 613: 540, 614: 778, 615: 750, 616: 512, 617: 736, 618: 498, 621: 498, 622: 736, 625: 324, 626: 86, 629: 324, 630: 86, 631: 764, 632: 526, 633: 526, 634: 764, 635: 86, 636: 324, 645: 16, 646: 254, 651: 324, 652: 86, 661: 324, 662: 86, 663: 16, 664: 254, 665: 254, 666: 16, 667: 324, 668: 86, 713: 254, 714: 16, 717: 554, 718: 792, 719: 414, 720: 652, 721: 736, 722: 498, 723: 324, 724: 86, 743: 498, 744: 736, 745: 750, 746: 512, 747: 750, 748: 512, 763: 324, 764: 86, 765: 86, 766: 324, 767: 498, 768: 736, 785: 652, 786: 414, 787: 778, 788: 540, 789: 86, 790: 324, 791: 750, 792: 512, 793: 86, 794: 324, 795: 736, 796: 498, 797: 86, 798: 324, 799: 750, 800: 512, 801: 764, 802: 526, 879: 324, 880: 86}
Correct solution!
Number of lables used:  16
Time taken: 0.23 seconds
Memory used: 31.78 MB
--------------------------------------------------

Trying with at most 15 labels...
Solution:
{13: 324, 14: 86, 15: 666, 16: 428, 53: 86, 54: 324, 79: 764, 80: 526, 81: 324, 82: 86, 83: 736, 84: 498, 85: 254, 86: 16, 127: 16, 128: 254, 129: 324, 130: 86, 143: 254, 144: 16, 145: 254, 146: 16, 205: 324, 206: 86, 233: 736, 234: 498, 235: 666, 236: 428, 237: 778, 238: 540, 261: 526, 262: 764, 263: 540, 264: 778, 265: 498, 266: 736, 267: 16, 268: 254, 269: 254, 270: 16, 271: 254, 272: 16, 273: 554, 274: 792, 275: 554, 276: 792, 277: 428, 278: 666, 281: 764, 282: 526, 283: 778, 284: 540, 289: 764, 290: 526, 291: 324, 292: 86, 303: 324, 304: 86, 305: 254, 306: 16, 321: 324, 322: 86, 323: 554, 324: 792, 325: 16, 326: 254, 327: 526, 328: 764, 329: 254, 330: 16, 341: 526, 342: 764, 343: 554, 344: 792, 349: 86, 350: 324, 351: 736, 352: 498, 435: 778, 436: 540, 475: 736, 476: 498, 481: 324, 482: 86, 517: 498, 518: 736, 519: 86, 520: 324, 555: 736, 556: 498, 557: 526, 558: 764, 559: 764, 560: 526, 561: 666, 562: 428, 565: 778, 566: 540, 577: 554, 578: 792, 579: 254, 580: 16, 583: 764, 584: 526, 585: 254, 586: 16, 587: 86, 588: 324, 589: 16, 590: 254, 591: 540, 592: 778, 593: 324, 594: 86, 595: 324, 596: 86, 597: 540, 598: 778, 599: 540, 600: 778, 601: 498, 602: 736, 603: 86, 604: 324, 605: 86, 606: 324, 607: 428, 608: 666, 613: 428, 614: 666, 615: 764, 616: 526, 617: 736, 618: 498, 621: 86, 622: 324, 625: 778, 626: 540, 629: 778, 630: 540, 631: 764, 632: 526, 633: 526, 634: 764, 635: 86, 636: 324, 645: 86, 646: 324, 651: 324, 652: 86, 661: 254, 662: 16, 663: 16, 664: 254, 665: 254, 666: 16, 667: 324, 668: 86, 713: 428, 714: 666, 717: 554, 718: 792, 719: 324, 720: 86, 721: 736, 722: 498, 723: 254, 724: 16, 743: 498, 744: 736, 745: 764, 746: 526, 747: 764, 748: 526, 763: 324, 764: 86, 765: 86, 766: 324, 767: 498, 768: 736, 785: 554, 786: 792, 787: 778, 788: 540, 789: 86, 790: 324, 791: 778, 792: 540, 793: 86, 794: 324, 795: 736, 796: 498, 797: 86, 798: 324, 799: 778, 800: 540, 801: 764, 802: 526, 879: 324, 880: 86}
Correct solution!
Number of lables used:  14
Time taken: 0.24 seconds
Memory used: 31.90 MB
--------------------------------------------------

Trying with at most 13 labels...
[runlim] sample:		10.0 time, 10.1 real, 48.9 MB
Cannot find solution.
No more solutions found.
Optimal number of labels used:  14
Time taken: 18.61 seconds
[runlim] end:			Sun Dec 28 09:22:03 2025
[runlim] status:		ok
[runlim] result:		0
[runlim] children:		0
[runlim] real:			18.75 seconds
[runlim] time:			18.58 seconds
[runlim] space:			51.2 MB
[runlim] samples:		186
